[2025-01-07 14:36:28,583][flwr][INFO] - Starting Flower simulation, config: num_rounds=5, no round_timeout
[2025-01-07 14:36:31,993][flwr][INFO] - Flower VCE: Ray initialized with resources: {'CPU': 12.0, 'node:192.168.1.11': 1.0, 'node:__internal_head__': 1.0, 'object_store_memory': 3115675238.0, 'memory': 6231350478.0}
[2025-01-07 14:36:31,993][flwr][INFO] - Optimize your simulation with Flower VCE: https://flower.ai/docs/framework/how-to-run-simulations.html
[2025-01-07 14:36:31,993][flwr][INFO] - Flower VCE: Resources for each Virtual Client: {'num_cpus': 2, 'num_gpus': 0}
[2025-01-07 14:36:32,002][flwr][INFO] - Flower VCE: Creating VirtualClientEngineActorPool with 6 actors
[2025-01-07 14:36:32,003][flwr][INFO] - [INIT]
[2025-01-07 14:36:32,004][flwr][INFO] - Requesting initial parameters from one random client
[2025-01-07 14:36:34,869][flwr][INFO] - Received initial parameters from one random client
[2025-01-07 14:36:34,869][flwr][INFO] - Starting evaluation of initial global parameters
[2025-01-07 14:36:36,337][flwr][INFO] - initial parameters (loss, other metrics): 182.6657452583313, {'accuracy': 0.1319}
[2025-01-07 14:36:36,337][flwr][INFO] - 
[2025-01-07 14:36:36,337][flwr][INFO] - [ROUND 1]
[2025-01-07 14:36:36,338][flwr][INFO] - configure_fit: strategy sampled 2 clients (out of 20)
[2025-01-07 14:36:44,995][flwr][INFO] - aggregate_fit: received 2 results and 0 failures
[2025-01-07 14:36:45,002][flwr][WARNING] - No fit_metrics_aggregation_fn provided
[2025-01-07 14:36:46,349][flwr][INFO] - fit progress: (1, 178.16559672355652, {'accuracy': 0.1637}, 10.011421150997194)
[2025-01-07 14:36:46,349][flwr][INFO] - configure_evaluate: strategy sampled 3 clients (out of 20)
[2025-01-07 14:36:48,531][flwr][INFO] - aggregate_evaluate: received 3 results and 0 failures
[2025-01-07 14:36:48,531][flwr][WARNING] - No evaluate_metrics_aggregation_fn provided
[2025-01-07 14:36:48,531][flwr][INFO] - 
[2025-01-07 14:36:48,531][flwr][INFO] - [ROUND 2]
[2025-01-07 14:36:48,531][flwr][INFO] - configure_fit: strategy sampled 2 clients (out of 20)
[2025-01-07 14:36:54,879][flwr][INFO] - aggregate_fit: received 2 results and 0 failures
[2025-01-07 14:36:56,444][flwr][INFO] - fit progress: (2, 173.94013500213623, {'accuracy': 0.1875}, 20.106824429996777)
[2025-01-07 14:36:56,444][flwr][INFO] - configure_evaluate: strategy sampled 3 clients (out of 20)
[2025-01-07 14:36:56,894][flwr][INFO] - aggregate_evaluate: received 3 results and 0 failures
[2025-01-07 14:36:56,894][flwr][INFO] - 
[2025-01-07 14:36:56,894][flwr][INFO] - [ROUND 3]
[2025-01-07 14:36:56,894][flwr][INFO] - configure_fit: strategy sampled 2 clients (out of 20)
[2025-01-07 14:37:03,338][flwr][INFO] - aggregate_fit: received 2 results and 0 failures
[2025-01-07 14:37:04,846][flwr][INFO] - fit progress: (3, 168.14051973819733, {'accuracy': 0.1136}, 28.508928080998885)
[2025-01-07 14:37:04,846][flwr][INFO] - configure_evaluate: strategy sampled 3 clients (out of 20)
[2025-01-07 14:37:05,275][flwr][INFO] - aggregate_evaluate: received 3 results and 0 failures
[2025-01-07 14:37:05,275][flwr][INFO] - 
[2025-01-07 14:37:05,275][flwr][INFO] - [ROUND 4]
[2025-01-07 14:37:05,276][flwr][INFO] - configure_fit: strategy sampled 2 clients (out of 20)
[2025-01-07 14:37:11,476][flwr][INFO] - aggregate_fit: received 2 results and 0 failures
[2025-01-07 14:37:13,010][flwr][INFO] - fit progress: (4, 182.10002875328064, {'accuracy': 0.1135}, 36.67286905399669)
[2025-01-07 14:37:13,010][flwr][INFO] - configure_evaluate: strategy sampled 3 clients (out of 20)
[2025-01-07 14:37:13,414][flwr][INFO] - aggregate_evaluate: received 3 results and 0 failures
[2025-01-07 14:37:13,415][flwr][INFO] - 
[2025-01-07 14:37:13,415][flwr][INFO] - [ROUND 5]
[2025-01-07 14:37:13,415][flwr][INFO] - configure_fit: strategy sampled 2 clients (out of 20)
[2025-01-07 14:37:19,574][flwr][INFO] - aggregate_fit: received 2 results and 0 failures
[2025-01-07 14:37:21,106][flwr][INFO] - fit progress: (5, 181.97735738754272, {'accuracy': 0.1009}, 44.76899022399812)
[2025-01-07 14:37:21,106][flwr][INFO] - configure_evaluate: strategy sampled 3 clients (out of 20)
[2025-01-07 14:37:21,546][flwr][INFO] - aggregate_evaluate: received 3 results and 0 failures
[2025-01-07 14:37:21,546][flwr][INFO] - 
[2025-01-07 14:37:21,546][flwr][INFO] - [SUMMARY]
[2025-01-07 14:37:21,546][flwr][INFO] - Run finished 5 round(s) in 45.21s
[2025-01-07 14:37:21,546][flwr][INFO] - 	History (loss, distributed):
[2025-01-07 14:37:21,547][flwr][INFO] - 		round 1: 42.87174371878306
[2025-01-07 14:37:21,547][flwr][INFO] - 		round 2: 41.764478047688804
[2025-01-07 14:37:21,547][flwr][INFO] - 		round 3: 39.6741509437561
[2025-01-07 14:37:21,547][flwr][INFO] - 		round 4: 43.839535315831505
[2025-01-07 14:37:21,547][flwr][INFO] - 		round 5: 43.79737957318624
[2025-01-07 14:37:21,547][flwr][INFO] - 	History (loss, centralized):
[2025-01-07 14:37:21,547][flwr][INFO] - 		round 0: 182.6657452583313
[2025-01-07 14:37:21,547][flwr][INFO] - 		round 1: 178.16559672355652
[2025-01-07 14:37:21,547][flwr][INFO] - 		round 2: 173.94013500213623
[2025-01-07 14:37:21,547][flwr][INFO] - 		round 3: 168.14051973819733
[2025-01-07 14:37:21,547][flwr][INFO] - 		round 4: 182.10002875328064
[2025-01-07 14:37:21,547][flwr][INFO] - 		round 5: 181.97735738754272
[2025-01-07 14:37:21,547][flwr][INFO] - 	History (metrics, centralized):
[2025-01-07 14:37:21,547][flwr][INFO] - 	{'accuracy': [(0, 0.1319),
[2025-01-07 14:37:21,547][flwr][INFO] - 	              (1, 0.1637),
[2025-01-07 14:37:21,547][flwr][INFO] - 	              (2, 0.1875),
[2025-01-07 14:37:21,547][flwr][INFO] - 	              (3, 0.1136),
[2025-01-07 14:37:21,547][flwr][INFO] - 	              (4, 0.1135),
[2025-01-07 14:37:21,547][flwr][INFO] - 	              (5, 0.1009)]}
[2025-01-07 14:37:21,547][flwr][INFO] - 
