[2025-01-07 13:50:16,156][flwr][INFO] - Starting Flower simulation, config: num_rounds=5, no round_timeout
[2025-01-07 13:50:19,813][flwr][INFO] - Flower VCE: Ray initialized with resources: {'CPU': 12.0, 'node:192.168.1.11': 1.0, 'memory': 6297831015.0, 'object_store_memory': 3148915507.0, 'node:__internal_head__': 1.0}
[2025-01-07 13:50:19,813][flwr][INFO] - Optimize your simulation with Flower VCE: https://flower.ai/docs/framework/how-to-run-simulations.html
[2025-01-07 13:50:19,814][flwr][INFO] - Flower VCE: Resources for each Virtual Client: {'num_cpus': 2, 'num_gpus': 0}
[2025-01-07 13:50:19,820][flwr][INFO] - Flower VCE: Creating VirtualClientEngineActorPool with 6 actors
[2025-01-07 13:50:19,821][flwr][INFO] - [INIT]
[2025-01-07 13:50:19,821][flwr][INFO] - Requesting initial parameters from one random client
[2025-01-07 13:50:22,622][flwr][INFO] - Received initial parameters from one random client
[2025-01-07 13:50:22,623][flwr][INFO] - Starting evaluation of initial global parameters
[2025-01-07 13:50:24,125][flwr][INFO] - initial parameters (loss, other metrics): 181.9758312702179, {'accuracy': 0.1032}
[2025-01-07 13:50:24,126][flwr][INFO] - 
[2025-01-07 13:50:24,126][flwr][INFO] - [ROUND 1]
[2025-01-07 13:50:24,126][flwr][INFO] - configure_fit: strategy sampled 2 clients (out of 10)
[2025-01-07 13:50:33,621][flwr][INFO] - aggregate_fit: received 2 results and 0 failures
[2025-01-07 13:50:33,625][flwr][WARNING] - No fit_metrics_aggregation_fn provided
[2025-01-07 13:50:35,239][flwr][INFO] - fit progress: (1, 8.929573749192059, {'accuracy': 0.9657}, 11.11345437500131)
[2025-01-07 13:50:35,240][flwr][INFO] - configure_evaluate: strategy sampled 2 clients (out of 10)
[2025-01-07 13:50:35,626][flwr][INFO] - aggregate_evaluate: received 2 results and 0 failures
[2025-01-07 13:50:35,626][flwr][WARNING] - No evaluate_metrics_aggregation_fn provided
[2025-01-07 13:50:35,626][flwr][INFO] - 
[2025-01-07 13:50:35,626][flwr][INFO] - [ROUND 2]
[2025-01-07 13:50:35,626][flwr][INFO] - configure_fit: strategy sampled 2 clients (out of 10)
[2025-01-07 13:50:43,113][flwr][INFO] - aggregate_fit: received 2 results and 0 failures
[2025-01-07 13:50:44,745][flwr][INFO] - fit progress: (2, 5.320417066992377, {'accuracy': 0.9799}, 20.618805063000764)
[2025-01-07 13:50:44,745][flwr][INFO] - configure_evaluate: strategy sampled 2 clients (out of 10)
[2025-01-07 13:50:45,144][flwr][INFO] - aggregate_evaluate: received 2 results and 0 failures
[2025-01-07 13:50:45,145][flwr][INFO] - 
[2025-01-07 13:50:45,145][flwr][INFO] - [ROUND 3]
[2025-01-07 13:50:45,145][flwr][INFO] - configure_fit: strategy sampled 2 clients (out of 10)
[2025-01-07 13:50:52,555][flwr][INFO] - aggregate_fit: received 2 results and 0 failures
[2025-01-07 13:50:54,372][flwr][INFO] - fit progress: (3, 3.9494207585994445, {'accuracy': 0.9847}, 30.246141543000704)
[2025-01-07 13:50:54,372][flwr][INFO] - configure_evaluate: strategy sampled 2 clients (out of 10)
[2025-01-07 13:50:54,783][flwr][INFO] - aggregate_evaluate: received 2 results and 0 failures
[2025-01-07 13:50:54,783][flwr][INFO] - 
[2025-01-07 13:50:54,783][flwr][INFO] - [ROUND 4]
[2025-01-07 13:50:54,783][flwr][INFO] - configure_fit: strategy sampled 2 clients (out of 10)
[2025-01-07 13:51:02,360][flwr][INFO] - aggregate_fit: received 2 results and 0 failures
[2025-01-07 13:51:03,688][flwr][INFO] - fit progress: (4, 3.643444702218403, {'accuracy': 0.9866}, 39.56272379700022)
[2025-01-07 13:51:03,689][flwr][INFO] - configure_evaluate: strategy sampled 2 clients (out of 10)
[2025-01-07 13:51:04,146][flwr][INFO] - aggregate_evaluate: received 2 results and 0 failures
[2025-01-07 13:51:04,146][flwr][INFO] - 
[2025-01-07 13:51:04,146][flwr][INFO] - [ROUND 5]
[2025-01-07 13:51:04,147][flwr][INFO] - configure_fit: strategy sampled 2 clients (out of 10)
[2025-01-07 13:51:11,813][flwr][INFO] - aggregate_fit: received 2 results and 0 failures
[2025-01-07 13:51:13,114][flwr][INFO] - fit progress: (5, 3.9545120755647076, {'accuracy': 0.986}, 48.98783524600003)
[2025-01-07 13:51:13,114][flwr][INFO] - configure_evaluate: strategy sampled 2 clients (out of 10)
[2025-01-07 13:51:13,519][flwr][INFO] - aggregate_evaluate: received 2 results and 0 failures
[2025-01-07 13:51:13,519][flwr][INFO] - 
[2025-01-07 13:51:13,520][flwr][INFO] - [SUMMARY]
[2025-01-07 13:51:13,520][flwr][INFO] - Run finished 5 round(s) in 49.39s
[2025-01-07 13:51:13,520][flwr][INFO] - 	History (loss, distributed):
[2025-01-07 13:51:13,520][flwr][INFO] - 		round 1: 4.605999867198989
[2025-01-07 13:51:13,520][flwr][INFO] - 		round 2: 3.8841930047419737
[2025-01-07 13:51:13,520][flwr][INFO] - 		round 3: 2.1870968131861446
[2025-01-07 13:51:13,520][flwr][INFO] - 		round 4: 3.0307692667465744
[2025-01-07 13:51:13,520][flwr][INFO] - 		round 5: 3.2460537812755774
[2025-01-07 13:51:13,520][flwr][INFO] - 	History (loss, centralized):
[2025-01-07 13:51:13,520][flwr][INFO] - 		round 0: 181.9758312702179
[2025-01-07 13:51:13,520][flwr][INFO] - 		round 1: 8.929573749192059
[2025-01-07 13:51:13,520][flwr][INFO] - 		round 2: 5.320417066992377
[2025-01-07 13:51:13,520][flwr][INFO] - 		round 3: 3.9494207585994445
[2025-01-07 13:51:13,520][flwr][INFO] - 		round 4: 3.643444702218403
[2025-01-07 13:51:13,520][flwr][INFO] - 		round 5: 3.9545120755647076
[2025-01-07 13:51:13,520][flwr][INFO] - 	History (metrics, centralized):
[2025-01-07 13:51:13,520][flwr][INFO] - 	{'accuracy': [(0, 0.1032),
[2025-01-07 13:51:13,521][flwr][INFO] - 	              (1, 0.9657),
[2025-01-07 13:51:13,521][flwr][INFO] - 	              (2, 0.9799),
[2025-01-07 13:51:13,521][flwr][INFO] - 	              (3, 0.9847),
[2025-01-07 13:51:13,521][flwr][INFO] - 	              (4, 0.9866),
[2025-01-07 13:51:13,521][flwr][INFO] - 	              (5, 0.986)]}
[2025-01-07 13:51:13,521][flwr][INFO] - 
