[2025-01-07 14:44:04,111][flwr][INFO] - Starting Flower simulation, config: num_rounds=5, no round_timeout
[2025-01-07 14:44:07,586][flwr][INFO] - Flower VCE: Ray initialized with resources: {'node:__internal_head__': 1.0, 'memory': 6355078350.0, 'object_store_memory': 3177539174.0, 'CPU': 12.0, 'node:192.168.1.11': 1.0}
[2025-01-07 14:44:07,587][flwr][INFO] - Optimize your simulation with Flower VCE: https://flower.ai/docs/framework/how-to-run-simulations.html
[2025-01-07 14:44:07,587][flwr][INFO] - Flower VCE: Resources for each Virtual Client: {'num_cpus': 2, 'num_gpus': 0}
[2025-01-07 14:44:07,597][flwr][INFO] - Flower VCE: Creating VirtualClientEngineActorPool with 6 actors
[2025-01-07 14:44:07,597][flwr][INFO] - [INIT]
[2025-01-07 14:44:07,597][flwr][INFO] - Requesting initial parameters from one random client
[2025-01-07 14:44:10,339][flwr][INFO] - Received initial parameters from one random client
[2025-01-07 14:44:10,340][flwr][INFO] - Starting evaluation of initial global parameters
[2025-01-07 14:44:11,687][flwr][INFO] - initial parameters (loss, other metrics): 182.19314765930176, {'accuracy': 0.0785}
[2025-01-07 14:44:11,688][flwr][INFO] - 
[2025-01-07 14:44:11,688][flwr][INFO] - [ROUND 1]
[2025-01-07 14:44:11,688][flwr][INFO] - configure_fit: strategy sampled 2 clients (out of 20)
[2025-01-07 14:44:18,801][flwr][INFO] - aggregate_fit: received 2 results and 0 failures
[2025-01-07 14:44:18,805][flwr][WARNING] - No fit_metrics_aggregation_fn provided
[2025-01-07 14:44:20,014][flwr][INFO] - fit progress: (1, 34.54902541637421, {'accuracy': 0.9072}, 8.326246139000432)
[2025-01-07 14:44:20,014][flwr][INFO] - configure_evaluate: strategy sampled 2 clients (out of 20)
[2025-01-07 14:44:20,343][flwr][INFO] - aggregate_evaluate: received 2 results and 0 failures
[2025-01-07 14:44:20,343][flwr][WARNING] - No evaluate_metrics_aggregation_fn provided
[2025-01-07 14:44:20,344][flwr][INFO] - 
[2025-01-07 14:44:20,344][flwr][INFO] - [ROUND 2]
[2025-01-07 14:44:20,344][flwr][INFO] - configure_fit: strategy sampled 2 clients (out of 20)
[2025-01-07 14:44:25,131][flwr][INFO] - aggregate_fit: received 2 results and 0 failures
[2025-01-07 14:44:26,406][flwr][INFO] - fit progress: (2, 15.085532306227833, {'accuracy': 0.9553}, 14.718496928002423)
[2025-01-07 14:44:26,406][flwr][INFO] - configure_evaluate: strategy sampled 2 clients (out of 20)
[2025-01-07 14:44:26,752][flwr][INFO] - aggregate_evaluate: received 2 results and 0 failures
[2025-01-07 14:44:26,753][flwr][INFO] - 
[2025-01-07 14:44:26,753][flwr][INFO] - [ROUND 3]
[2025-01-07 14:44:26,753][flwr][INFO] - configure_fit: strategy sampled 2 clients (out of 20)
[2025-01-07 14:44:31,284][flwr][INFO] - aggregate_fit: received 2 results and 0 failures
[2025-01-07 14:44:32,812][flwr][INFO] - fit progress: (3, 11.695298814447597, {'accuracy': 0.968}, 21.124871575000725)
[2025-01-07 14:44:32,813][flwr][INFO] - configure_evaluate: strategy sampled 2 clients (out of 20)
[2025-01-07 14:44:33,155][flwr][INFO] - aggregate_evaluate: received 2 results and 0 failures
[2025-01-07 14:44:33,155][flwr][INFO] - 
[2025-01-07 14:44:33,155][flwr][INFO] - [ROUND 4]
[2025-01-07 14:44:33,155][flwr][INFO] - configure_fit: strategy sampled 2 clients (out of 20)
[2025-01-07 14:44:37,770][flwr][INFO] - aggregate_fit: received 2 results and 0 failures
[2025-01-07 14:44:38,971][flwr][INFO] - fit progress: (4, 10.90073497639969, {'accuracy': 0.9715}, 27.283012718002283)
[2025-01-07 14:44:38,971][flwr][INFO] - configure_evaluate: strategy sampled 2 clients (out of 20)
[2025-01-07 14:44:39,316][flwr][INFO] - aggregate_evaluate: received 2 results and 0 failures
[2025-01-07 14:44:39,316][flwr][INFO] - 
[2025-01-07 14:44:39,316][flwr][INFO] - [ROUND 5]
[2025-01-07 14:44:39,316][flwr][INFO] - configure_fit: strategy sampled 2 clients (out of 20)
[2025-01-07 14:44:44,282][flwr][INFO] - aggregate_fit: received 2 results and 0 failures
[2025-01-07 14:44:45,631][flwr][INFO] - fit progress: (5, 30.032171718776226, {'accuracy': 0.8798}, 33.94352086700019)
[2025-01-07 14:44:45,631][flwr][INFO] - configure_evaluate: strategy sampled 2 clients (out of 20)
[2025-01-07 14:44:45,938][flwr][INFO] - aggregate_evaluate: received 2 results and 0 failures
[2025-01-07 14:44:45,939][flwr][INFO] - 
[2025-01-07 14:44:45,939][flwr][INFO] - [SUMMARY]
[2025-01-07 14:44:45,939][flwr][INFO] - Run finished 5 round(s) in 34.25s
[2025-01-07 14:44:45,939][flwr][INFO] - 	History (loss, distributed):
[2025-01-07 14:44:45,939][flwr][INFO] - 		round 1: 4.086313348263502
[2025-01-07 14:44:45,939][flwr][INFO] - 		round 2: 2.52787387475837
[2025-01-07 14:44:45,939][flwr][INFO] - 		round 3: 2.1755892047367524
[2025-01-07 14:44:45,939][flwr][INFO] - 		round 4: 1.38061193539761
[2025-01-07 14:44:45,939][flwr][INFO] - 		round 5: 4.328421093523502
[2025-01-07 14:44:45,939][flwr][INFO] - 	History (loss, centralized):
[2025-01-07 14:44:45,939][flwr][INFO] - 		round 0: 182.19314765930176
[2025-01-07 14:44:45,939][flwr][INFO] - 		round 1: 34.54902541637421
[2025-01-07 14:44:45,939][flwr][INFO] - 		round 2: 15.085532306227833
[2025-01-07 14:44:45,939][flwr][INFO] - 		round 3: 11.695298814447597
[2025-01-07 14:44:45,939][flwr][INFO] - 		round 4: 10.90073497639969
[2025-01-07 14:44:45,939][flwr][INFO] - 		round 5: 30.032171718776226
[2025-01-07 14:44:45,940][flwr][INFO] - 	History (metrics, centralized):
[2025-01-07 14:44:45,940][flwr][INFO] - 	{'accuracy': [(0, 0.0785),
[2025-01-07 14:44:45,940][flwr][INFO] - 	              (1, 0.9072),
[2025-01-07 14:44:45,940][flwr][INFO] - 	              (2, 0.9553),
[2025-01-07 14:44:45,940][flwr][INFO] - 	              (3, 0.968),
[2025-01-07 14:44:45,940][flwr][INFO] - 	              (4, 0.9715),
[2025-01-07 14:44:45,940][flwr][INFO] - 	              (5, 0.8798)]}
[2025-01-07 14:44:45,940][flwr][INFO] - 
