[2025-01-07 15:08:48,313][flwr][INFO] - Starting Flower simulation, config: num_rounds=10, no round_timeout
[2025-01-07 15:08:51,711][flwr][INFO] - Flower VCE: Ray initialized with resources: {'node:__internal_head__': 1.0, 'CPU': 12.0, 'node:192.168.1.11': 1.0, 'memory': 6312441447.0, 'object_store_memory': 3156220723.0}
[2025-01-07 15:08:51,712][flwr][INFO] - Optimize your simulation with Flower VCE: https://flower.ai/docs/framework/how-to-run-simulations.html
[2025-01-07 15:08:51,712][flwr][INFO] - Flower VCE: Resources for each Virtual Client: {'num_cpus': 2, 'num_gpus': 0}
[2025-01-07 15:08:51,722][flwr][INFO] - Flower VCE: Creating VirtualClientEngineActorPool with 6 actors
[2025-01-07 15:08:51,722][flwr][INFO] - [INIT]
[2025-01-07 15:08:51,722][flwr][INFO] - Requesting initial parameters from one random client
[2025-01-07 15:08:54,502][flwr][INFO] - Received initial parameters from one random client
[2025-01-07 15:08:54,502][flwr][INFO] - Starting evaluation of initial global parameters
[2025-01-07 15:08:56,414][flwr][INFO] - initial parameters (loss, other metrics): 181.98165678977966, {'accuracy': 0.0982}
[2025-01-07 15:08:56,414][flwr][INFO] - 
[2025-01-07 15:08:56,414][flwr][INFO] - [ROUND 1]
[2025-01-07 15:08:56,414][flwr][INFO] - configure_fit: strategy sampled 2 clients (out of 5)
[2025-01-07 15:09:16,234][flwr][INFO] - aggregate_fit: received 2 results and 0 failures
[2025-01-07 15:09:16,237][flwr][WARNING] - No fit_metrics_aggregation_fn provided
[2025-01-07 15:09:17,921][flwr][INFO] - fit progress: (1, 182.4690523147583, {'accuracy': 0.098}, 21.507185534999735)
[2025-01-07 15:09:17,921][flwr][INFO] - configure_evaluate: strategy sampled 2 clients (out of 5)
[2025-01-07 15:09:18,424][flwr][INFO] - aggregate_evaluate: received 2 results and 0 failures
[2025-01-07 15:09:18,424][flwr][WARNING] - No evaluate_metrics_aggregation_fn provided
[2025-01-07 15:09:18,424][flwr][INFO] - 
[2025-01-07 15:09:18,424][flwr][INFO] - [ROUND 2]
[2025-01-07 15:09:18,424][flwr][INFO] - configure_fit: strategy sampled 2 clients (out of 5)
[2025-01-07 15:09:32,200][flwr][INFO] - aggregate_fit: received 2 results and 0 failures
[2025-01-07 15:09:34,219][flwr][INFO] - fit progress: (2, 182.14096117019653, {'accuracy': 0.0958}, 37.80551265399845)
[2025-01-07 15:09:34,220][flwr][INFO] - configure_evaluate: strategy sampled 2 clients (out of 5)
[2025-01-07 15:09:34,676][flwr][INFO] - aggregate_evaluate: received 2 results and 0 failures
[2025-01-07 15:09:34,677][flwr][INFO] - 
[2025-01-07 15:09:34,677][flwr][INFO] - [ROUND 3]
[2025-01-07 15:09:34,677][flwr][INFO] - configure_fit: strategy sampled 2 clients (out of 5)
[2025-01-07 15:09:48,655][flwr][INFO] - aggregate_fit: received 2 results and 0 failures
[2025-01-07 15:09:50,682][flwr][INFO] - fit progress: (3, 182.27144241333008, {'accuracy': 0.098}, 54.26847664399975)
[2025-01-07 15:09:50,683][flwr][INFO] - configure_evaluate: strategy sampled 2 clients (out of 5)
[2025-01-07 15:09:51,262][flwr][INFO] - aggregate_evaluate: received 2 results and 0 failures
[2025-01-07 15:09:51,262][flwr][INFO] - 
[2025-01-07 15:09:51,262][flwr][INFO] - [ROUND 4]
[2025-01-07 15:09:51,263][flwr][INFO] - configure_fit: strategy sampled 2 clients (out of 5)
[2025-01-07 15:10:05,398][flwr][INFO] - aggregate_fit: received 2 results and 0 failures
[2025-01-07 15:10:07,196][flwr][INFO] - fit progress: (4, 182.4092333316803, {'accuracy': 0.1135}, 70.78196380699956)
[2025-01-07 15:10:07,196][flwr][INFO] - configure_evaluate: strategy sampled 2 clients (out of 5)
[2025-01-07 15:10:07,676][flwr][INFO] - aggregate_evaluate: received 2 results and 0 failures
[2025-01-07 15:10:07,676][flwr][INFO] - 
[2025-01-07 15:10:07,676][flwr][INFO] - [ROUND 5]
[2025-01-07 15:10:07,676][flwr][INFO] - configure_fit: strategy sampled 2 clients (out of 5)
[2025-01-07 15:10:21,283][flwr][INFO] - aggregate_fit: received 2 results and 0 failures
[2025-01-07 15:10:22,595][flwr][INFO] - fit progress: (5, 182.51921033859253, {'accuracy': 0.101}, 86.18136614299874)
[2025-01-07 15:10:22,596][flwr][INFO] - configure_evaluate: strategy sampled 2 clients (out of 5)
[2025-01-07 15:10:23,117][flwr][INFO] - aggregate_evaluate: received 2 results and 0 failures
[2025-01-07 15:10:23,117][flwr][INFO] - 
[2025-01-07 15:10:23,117][flwr][INFO] - [ROUND 6]
[2025-01-07 15:10:23,117][flwr][INFO] - configure_fit: strategy sampled 2 clients (out of 5)
[2025-01-07 15:10:36,857][flwr][INFO] - aggregate_fit: received 2 results and 0 failures
[2025-01-07 15:10:38,050][flwr][INFO] - fit progress: (6, 182.67976880073547, {'accuracy': 0.1028}, 101.63633156799915)
[2025-01-07 15:10:38,051][flwr][INFO] - configure_evaluate: strategy sampled 2 clients (out of 5)
[2025-01-07 15:10:38,585][flwr][INFO] - aggregate_evaluate: received 2 results and 0 failures
[2025-01-07 15:10:38,585][flwr][INFO] - 
[2025-01-07 15:10:38,585][flwr][INFO] - [ROUND 7]
[2025-01-07 15:10:38,586][flwr][INFO] - configure_fit: strategy sampled 2 clients (out of 5)
[2025-01-07 15:10:52,303][flwr][INFO] - aggregate_fit: received 2 results and 0 failures
[2025-01-07 15:10:54,028][flwr][INFO] - fit progress: (7, 182.46613883972168, {'accuracy': 0.101}, 117.61411924999993)
[2025-01-07 15:10:54,028][flwr][INFO] - configure_evaluate: strategy sampled 2 clients (out of 5)
[2025-01-07 15:10:54,552][flwr][INFO] - aggregate_evaluate: received 2 results and 0 failures
[2025-01-07 15:10:54,552][flwr][INFO] - 
[2025-01-07 15:10:54,552][flwr][INFO] - [ROUND 8]
[2025-01-07 15:10:54,552][flwr][INFO] - configure_fit: strategy sampled 2 clients (out of 5)
[2025-01-07 15:11:08,072][flwr][INFO] - aggregate_fit: received 2 results and 0 failures
[2025-01-07 15:11:09,448][flwr][INFO] - fit progress: (8, 182.26077938079834, {'accuracy': 0.1135}, 133.0337986400009)
[2025-01-07 15:11:09,448][flwr][INFO] - configure_evaluate: strategy sampled 2 clients (out of 5)
[2025-01-07 15:11:09,993][flwr][INFO] - aggregate_evaluate: received 2 results and 0 failures
[2025-01-07 15:11:09,993][flwr][INFO] - 
[2025-01-07 15:11:09,993][flwr][INFO] - [ROUND 9]
[2025-01-07 15:11:09,993][flwr][INFO] - configure_fit: strategy sampled 2 clients (out of 5)
[2025-01-07 15:11:23,754][flwr][INFO] - aggregate_fit: received 2 results and 0 failures
[2025-01-07 15:11:25,703][flwr][INFO] - fit progress: (9, 181.90885710716248, {'accuracy': 0.1032}, 149.28887488100008)
[2025-01-07 15:11:25,703][flwr][INFO] - configure_evaluate: strategy sampled 2 clients (out of 5)
[2025-01-07 15:11:26,237][flwr][INFO] - aggregate_evaluate: received 2 results and 0 failures
[2025-01-07 15:11:26,237][flwr][INFO] - 
[2025-01-07 15:11:26,237][flwr][INFO] - [ROUND 10]
[2025-01-07 15:11:26,237][flwr][INFO] - configure_fit: strategy sampled 2 clients (out of 5)
[2025-01-07 15:11:40,309][flwr][INFO] - aggregate_fit: received 2 results and 0 failures
[2025-01-07 15:11:42,119][flwr][INFO] - fit progress: (10, 182.21570324897766, {'accuracy': 0.101}, 165.7050870710009)
[2025-01-07 15:11:42,119][flwr][INFO] - configure_evaluate: strategy sampled 2 clients (out of 5)
[2025-01-07 15:11:42,646][flwr][INFO] - aggregate_evaluate: received 2 results and 0 failures
[2025-01-07 15:11:42,647][flwr][INFO] - 
[2025-01-07 15:11:42,647][flwr][INFO] - [SUMMARY]
[2025-01-07 15:11:42,647][flwr][INFO] - Run finished 10 round(s) in 166.23s
[2025-01-07 15:11:42,647][flwr][INFO] - 	History (loss, distributed):
[2025-01-07 15:11:42,647][flwr][INFO] - 		round 1: 173.18710160255432
[2025-01-07 15:11:42,648][flwr][INFO] - 		round 2: 172.94865131378174
[2025-01-07 15:11:42,648][flwr][INFO] - 		round 3: 173.0582391023636
[2025-01-07 15:11:42,648][flwr][INFO] - 		round 4: 173.16675174236298
[2025-01-07 15:11:42,648][flwr][INFO] - 		round 5: 173.4776418209076
[2025-01-07 15:11:42,648][flwr][INFO] - 		round 6: 173.72056078910828
[2025-01-07 15:11:42,648][flwr][INFO] - 		round 7: 173.18832671642303
[2025-01-07 15:11:42,648][flwr][INFO] - 		round 8: 172.95422685146332
[2025-01-07 15:11:42,648][flwr][INFO] - 		round 9: 172.68919467926025
[2025-01-07 15:11:42,648][flwr][INFO] - 		round 10: 173.34964883327484
[2025-01-07 15:11:42,648][flwr][INFO] - 	History (loss, centralized):
[2025-01-07 15:11:42,648][flwr][INFO] - 		round 0: 181.98165678977966
[2025-01-07 15:11:42,648][flwr][INFO] - 		round 1: 182.4690523147583
[2025-01-07 15:11:42,648][flwr][INFO] - 		round 2: 182.14096117019653
[2025-01-07 15:11:42,648][flwr][INFO] - 		round 3: 182.27144241333008
[2025-01-07 15:11:42,648][flwr][INFO] - 		round 4: 182.4092333316803
[2025-01-07 15:11:42,648][flwr][INFO] - 		round 5: 182.51921033859253
[2025-01-07 15:11:42,648][flwr][INFO] - 		round 6: 182.67976880073547
[2025-01-07 15:11:42,648][flwr][INFO] - 		round 7: 182.46613883972168
[2025-01-07 15:11:42,648][flwr][INFO] - 		round 8: 182.26077938079834
[2025-01-07 15:11:42,648][flwr][INFO] - 		round 9: 181.90885710716248
[2025-01-07 15:11:42,648][flwr][INFO] - 		round 10: 182.21570324897766
[2025-01-07 15:11:42,648][flwr][INFO] - 	History (metrics, centralized):
[2025-01-07 15:11:42,649][flwr][INFO] - 	{'accuracy': [(0, 0.0982),
[2025-01-07 15:11:42,649][flwr][INFO] - 	              (1, 0.098),
[2025-01-07 15:11:42,649][flwr][INFO] - 	              (2, 0.0958),
[2025-01-07 15:11:42,649][flwr][INFO] - 	              (3, 0.098),
[2025-01-07 15:11:42,649][flwr][INFO] - 	              (4, 0.1135),
[2025-01-07 15:11:42,649][flwr][INFO] - 	              (5, 0.101),
[2025-01-07 15:11:42,649][flwr][INFO] - 	              (6, 0.1028),
[2025-01-07 15:11:42,649][flwr][INFO] - 	              (7, 0.101),
[2025-01-07 15:11:42,649][flwr][INFO] - 	              (8, 0.1135),
[2025-01-07 15:11:42,649][flwr][INFO] - 	              (9, 0.1032),
[2025-01-07 15:11:42,649][flwr][INFO] - 	              (10, 0.101)]}
[2025-01-07 15:11:42,649][flwr][INFO] - 
