[2025-01-07 14:34:14,188][flwr][INFO] - Starting Flower simulation, config: num_rounds=5, no round_timeout
[2025-01-07 14:34:17,696][flwr][INFO] - Flower VCE: Ray initialized with resources: {'node:__internal_head__': 1.0, 'memory': 6299789723.0, 'object_store_memory': 3149894860.0, 'CPU': 12.0, 'node:192.168.1.11': 1.0}
[2025-01-07 14:34:17,696][flwr][INFO] - Optimize your simulation with Flower VCE: https://flower.ai/docs/framework/how-to-run-simulations.html
[2025-01-07 14:34:17,696][flwr][INFO] - Flower VCE: Resources for each Virtual Client: {'num_cpus': 2, 'num_gpus': 0}
[2025-01-07 14:34:17,702][flwr][INFO] - Flower VCE: Creating VirtualClientEngineActorPool with 6 actors
[2025-01-07 14:34:17,703][flwr][INFO] - [INIT]
[2025-01-07 14:34:17,703][flwr][INFO] - Requesting initial parameters from one random client
[2025-01-07 14:34:20,436][flwr][INFO] - Received initial parameters from one random client
[2025-01-07 14:34:20,436][flwr][INFO] - Starting evaluation of initial global parameters
[2025-01-07 14:34:21,962][flwr][INFO] - initial parameters (loss, other metrics): 182.1798095703125, {'accuracy': 0.0872}
[2025-01-07 14:34:21,962][flwr][INFO] - 
[2025-01-07 14:34:21,962][flwr][INFO] - [ROUND 1]
[2025-01-07 14:34:21,963][flwr][INFO] - configure_fit: strategy sampled 2 clients (out of 20)
[2025-01-07 14:34:28,091][flwr][INFO] - aggregate_fit: received 2 results and 0 failures
[2025-01-07 14:34:28,097][flwr][WARNING] - No fit_metrics_aggregation_fn provided
[2025-01-07 14:34:29,419][flwr][INFO] - fit progress: (1, 163.78067910671234, {'accuracy': 0.2485}, 7.456892267000512)
[2025-01-07 14:34:29,420][flwr][INFO] - configure_evaluate: strategy sampled 3 clients (out of 20)
[2025-01-07 14:34:31,570][flwr][INFO] - aggregate_evaluate: received 3 results and 0 failures
[2025-01-07 14:34:31,570][flwr][WARNING] - No evaluate_metrics_aggregation_fn provided
[2025-01-07 14:34:31,570][flwr][INFO] - 
[2025-01-07 14:34:31,570][flwr][INFO] - [ROUND 2]
[2025-01-07 14:34:31,570][flwr][INFO] - configure_fit: strategy sampled 2 clients (out of 20)
[2025-01-07 14:34:35,440][flwr][INFO] - aggregate_fit: received 2 results and 0 failures
[2025-01-07 14:34:36,713][flwr][INFO] - fit progress: (2, 68.82269683480263, {'accuracy': 0.8222}, 14.750630746002571)
[2025-01-07 14:34:36,713][flwr][INFO] - configure_evaluate: strategy sampled 3 clients (out of 20)
[2025-01-07 14:34:37,164][flwr][INFO] - aggregate_evaluate: received 3 results and 0 failures
[2025-01-07 14:34:37,164][flwr][INFO] - 
[2025-01-07 14:34:37,164][flwr][INFO] - [ROUND 3]
[2025-01-07 14:34:37,164][flwr][INFO] - configure_fit: strategy sampled 2 clients (out of 20)
[2025-01-07 14:34:41,132][flwr][INFO] - aggregate_fit: received 2 results and 0 failures
[2025-01-07 14:34:42,402][flwr][INFO] - fit progress: (3, 80.4494748711586, {'accuracy': 0.7521}, 20.439726011001767)
[2025-01-07 14:34:42,402][flwr][INFO] - configure_evaluate: strategy sampled 3 clients (out of 20)
[2025-01-07 14:34:42,828][flwr][INFO] - aggregate_evaluate: received 3 results and 0 failures
[2025-01-07 14:34:42,828][flwr][INFO] - 
[2025-01-07 14:34:42,828][flwr][INFO] - [ROUND 4]
[2025-01-07 14:34:42,829][flwr][INFO] - configure_fit: strategy sampled 2 clients (out of 20)
[2025-01-07 14:34:46,588][flwr][INFO] - aggregate_fit: received 2 results and 0 failures
[2025-01-07 14:34:47,808][flwr][INFO] - fit progress: (4, 48.58829705417156, {'accuracy': 0.8743}, 25.845302137000544)
[2025-01-07 14:34:47,808][flwr][INFO] - configure_evaluate: strategy sampled 3 clients (out of 20)
[2025-01-07 14:34:48,260][flwr][INFO] - aggregate_evaluate: received 3 results and 0 failures
[2025-01-07 14:34:48,260][flwr][INFO] - 
[2025-01-07 14:34:48,260][flwr][INFO] - [ROUND 5]
[2025-01-07 14:34:48,260][flwr][INFO] - configure_fit: strategy sampled 2 clients (out of 20)
[2025-01-07 14:34:52,069][flwr][INFO] - aggregate_fit: received 2 results and 0 failures
[2025-01-07 14:34:53,650][flwr][INFO] - fit progress: (5, 69.84958386421204, {'accuracy': 0.7672}, 31.68739054300022)
[2025-01-07 14:34:53,650][flwr][INFO] - configure_evaluate: strategy sampled 3 clients (out of 20)
[2025-01-07 14:34:54,067][flwr][INFO] - aggregate_evaluate: received 3 results and 0 failures
[2025-01-07 14:34:54,067][flwr][INFO] - 
[2025-01-07 14:34:54,068][flwr][INFO] - [SUMMARY]
[2025-01-07 14:34:54,068][flwr][INFO] - Run finished 5 round(s) in 32.11s
[2025-01-07 14:34:54,068][flwr][INFO] - 	History (loss, distributed):
[2025-01-07 14:34:54,068][flwr][INFO] - 		round 1: 40.86038347085317
[2025-01-07 14:34:54,068][flwr][INFO] - 		round 2: 16.90091982483864
[2025-01-07 14:34:54,069][flwr][INFO] - 		round 3: 19.713364958763123
[2025-01-07 14:34:54,069][flwr][INFO] - 		round 4: 11.875563402970633
[2025-01-07 14:34:54,069][flwr][INFO] - 		round 5: 17.507598280906677
[2025-01-07 14:34:54,069][flwr][INFO] - 	History (loss, centralized):
[2025-01-07 14:34:54,069][flwr][INFO] - 		round 0: 182.1798095703125
[2025-01-07 14:34:54,069][flwr][INFO] - 		round 1: 163.78067910671234
[2025-01-07 14:34:54,069][flwr][INFO] - 		round 2: 68.82269683480263
[2025-01-07 14:34:54,069][flwr][INFO] - 		round 3: 80.4494748711586
[2025-01-07 14:34:54,069][flwr][INFO] - 		round 4: 48.58829705417156
[2025-01-07 14:34:54,070][flwr][INFO] - 		round 5: 69.84958386421204
[2025-01-07 14:34:54,070][flwr][INFO] - 	History (metrics, centralized):
[2025-01-07 14:34:54,070][flwr][INFO] - 	{'accuracy': [(0, 0.0872),
[2025-01-07 14:34:54,070][flwr][INFO] - 	              (1, 0.2485),
[2025-01-07 14:34:54,070][flwr][INFO] - 	              (2, 0.8222),
[2025-01-07 14:34:54,070][flwr][INFO] - 	              (3, 0.7521),
[2025-01-07 14:34:54,070][flwr][INFO] - 	              (4, 0.8743),
[2025-01-07 14:34:54,070][flwr][INFO] - 	              (5, 0.7672)]}
[2025-01-07 14:34:54,070][flwr][INFO] - 
