[2024-12-31 14:10:39,687][flwr][INFO] - Starting Flower simulation, config: num_rounds=10, no round_timeout
[2024-12-31 14:10:43,245][flwr][INFO] - Flower VCE: Ray initialized with resources: {'node:__internal_head__': 1.0, 'object_store_memory': 3180359270.0, 'memory': 6360718542.0, 'node:192.168.1.11': 1.0, 'CPU': 12.0}
[2024-12-31 14:10:43,245][flwr][INFO] - Optimize your simulation with Flower VCE: https://flower.ai/docs/framework/how-to-run-simulations.html
[2024-12-31 14:10:43,245][flwr][INFO] - Flower VCE: Resources for each Virtual Client: {'num_cpus': 2, 'num_gpus': 0}
[2024-12-31 14:10:43,252][flwr][INFO] - Flower VCE: Creating VirtualClientEngineActorPool with 6 actors
[2024-12-31 14:10:43,253][flwr][INFO] - [INIT]
[2024-12-31 14:10:43,253][flwr][INFO] - Using initial global parameters provided by strategy
[2024-12-31 14:10:43,253][flwr][INFO] - Starting evaluation of initial global parameters
[2024-12-31 14:10:45,867][flwr][INFO] - initial parameters (loss, other metrics): 182.39080500602722, {'accuracy': 0.0746}
[2024-12-31 14:10:45,868][flwr][INFO] - 
[2024-12-31 14:10:45,868][flwr][INFO] - [ROUND 1]
[2024-12-31 14:10:45,868][flwr][INFO] - configure_fit: strategy sampled 2 clients (out of 10)
[2024-12-31 14:10:55,847][flwr][INFO] - aggregate_fit: received 2 results and 0 failures
[2024-12-31 14:10:55,852][flwr][WARNING] - No fit_metrics_aggregation_fn provided
[2024-12-31 14:10:57,130][flwr][INFO] - fit progress: (1, 177.50229239463806, {'accuracy': 0.1231}, 11.262908494994917)
[2024-12-31 14:10:57,131][flwr][INFO] - configure_evaluate: strategy sampled 5 clients (out of 10)
[2024-12-31 14:11:00,624][flwr][INFO] - aggregate_evaluate: received 5 results and 0 failures
[2024-12-31 14:11:00,624][flwr][WARNING] - No evaluate_metrics_aggregation_fn provided
[2024-12-31 14:11:00,624][flwr][INFO] - 
[2024-12-31 14:11:00,624][flwr][INFO] - [ROUND 2]
[2024-12-31 14:11:00,624][flwr][INFO] - configure_fit: strategy sampled 2 clients (out of 10)
[2024-12-31 14:11:08,384][flwr][INFO] - aggregate_fit: received 2 results and 0 failures
[2024-12-31 14:11:09,535][flwr][INFO] - fit progress: (2, 154.44548499584198, {'accuracy': 0.4929}, 23.66743485099869)
[2024-12-31 14:11:09,535][flwr][INFO] - configure_evaluate: strategy sampled 5 clients (out of 10)
[2024-12-31 14:11:10,223][flwr][INFO] - aggregate_evaluate: received 5 results and 0 failures
[2024-12-31 14:11:10,224][flwr][INFO] - 
[2024-12-31 14:11:10,224][flwr][INFO] - [ROUND 3]
[2024-12-31 14:11:10,224][flwr][INFO] - configure_fit: strategy sampled 2 clients (out of 10)
[2024-12-31 14:11:18,169][flwr][INFO] - aggregate_fit: received 2 results and 0 failures
[2024-12-31 14:11:19,422][flwr][INFO] - fit progress: (3, 108.83149027824402, {'accuracy': 0.8376}, 33.55418384499353)
[2024-12-31 14:11:19,422][flwr][INFO] - configure_evaluate: strategy sampled 5 clients (out of 10)
[2024-12-31 14:11:20,111][flwr][INFO] - aggregate_evaluate: received 5 results and 0 failures
[2024-12-31 14:11:20,112][flwr][INFO] - 
[2024-12-31 14:11:20,112][flwr][INFO] - [ROUND 4]
[2024-12-31 14:11:20,112][flwr][INFO] - configure_fit: strategy sampled 2 clients (out of 10)
[2024-12-31 14:11:28,342][flwr][INFO] - aggregate_fit: received 2 results and 0 failures
[2024-12-31 14:11:30,030][flwr][INFO] - fit progress: (4, 69.24563330411911, {'accuracy': 0.9144}, 44.16204369899788)
[2024-12-31 14:11:30,030][flwr][INFO] - configure_evaluate: strategy sampled 5 clients (out of 10)
[2024-12-31 14:11:30,648][flwr][INFO] - aggregate_evaluate: received 5 results and 0 failures
[2024-12-31 14:11:30,648][flwr][INFO] - 
[2024-12-31 14:11:30,648][flwr][INFO] - [ROUND 5]
[2024-12-31 14:11:30,648][flwr][INFO] - configure_fit: strategy sampled 2 clients (out of 10)
[2024-12-31 14:11:38,661][flwr][INFO] - aggregate_fit: received 2 results and 0 failures
[2024-12-31 14:11:40,315][flwr][INFO] - fit progress: (5, 37.744108751416206, {'accuracy': 0.9419}, 54.44756919399515)
[2024-12-31 14:11:40,315][flwr][INFO] - configure_evaluate: strategy sampled 5 clients (out of 10)
[2024-12-31 14:11:40,946][flwr][INFO] - aggregate_evaluate: received 5 results and 0 failures
[2024-12-31 14:11:40,946][flwr][INFO] - 
[2024-12-31 14:11:40,946][flwr][INFO] - [ROUND 6]
[2024-12-31 14:11:40,947][flwr][INFO] - configure_fit: strategy sampled 2 clients (out of 10)
[2024-12-31 14:11:49,041][flwr][INFO] - aggregate_fit: received 2 results and 0 failures
[2024-12-31 14:11:50,311][flwr][INFO] - fit progress: (6, 24.399611115455627, {'accuracy': 0.9488}, 64.44341645599343)
[2024-12-31 14:11:50,311][flwr][INFO] - configure_evaluate: strategy sampled 5 clients (out of 10)
[2024-12-31 14:11:51,027][flwr][INFO] - aggregate_evaluate: received 5 results and 0 failures
[2024-12-31 14:11:51,028][flwr][INFO] - 
[2024-12-31 14:11:51,028][flwr][INFO] - [ROUND 7]
[2024-12-31 14:11:51,028][flwr][INFO] - configure_fit: strategy sampled 2 clients (out of 10)
[2024-12-31 14:11:59,296][flwr][INFO] - aggregate_fit: received 2 results and 0 failures
[2024-12-31 14:12:00,513][flwr][INFO] - fit progress: (7, 16.316141292452812, {'accuracy': 0.9592}, 74.64563863499643)
[2024-12-31 14:12:00,513][flwr][INFO] - configure_evaluate: strategy sampled 5 clients (out of 10)
[2024-12-31 14:12:01,188][flwr][INFO] - aggregate_evaluate: received 5 results and 0 failures
[2024-12-31 14:12:01,189][flwr][INFO] - 
[2024-12-31 14:12:01,189][flwr][INFO] - [ROUND 8]
[2024-12-31 14:12:01,189][flwr][INFO] - configure_fit: strategy sampled 2 clients (out of 10)
[2024-12-31 14:12:09,386][flwr][INFO] - aggregate_fit: received 2 results and 0 failures
[2024-12-31 14:12:10,539][flwr][INFO] - fit progress: (8, 16.315539913251996, {'accuracy': 0.9562}, 84.6718075509998)
[2024-12-31 14:12:10,540][flwr][INFO] - configure_evaluate: strategy sampled 5 clients (out of 10)
[2024-12-31 14:12:11,231][flwr][INFO] - aggregate_evaluate: received 5 results and 0 failures
[2024-12-31 14:12:11,231][flwr][INFO] - 
[2024-12-31 14:12:11,231][flwr][INFO] - [ROUND 9]
[2024-12-31 14:12:11,232][flwr][INFO] - configure_fit: strategy sampled 2 clients (out of 10)
[2024-12-31 14:12:19,451][flwr][INFO] - aggregate_fit: received 2 results and 0 failures
[2024-12-31 14:12:20,529][flwr][INFO] - fit progress: (9, 12.233406314626336, {'accuracy': 0.9665}, 94.66097691399773)
[2024-12-31 14:12:20,529][flwr][INFO] - configure_evaluate: strategy sampled 5 clients (out of 10)
[2024-12-31 14:12:21,198][flwr][INFO] - aggregate_evaluate: received 5 results and 0 failures
[2024-12-31 14:12:21,198][flwr][INFO] - 
[2024-12-31 14:12:21,198][flwr][INFO] - [ROUND 10]
[2024-12-31 14:12:21,198][flwr][INFO] - configure_fit: strategy sampled 2 clients (out of 10)
[2024-12-31 14:12:29,539][flwr][INFO] - aggregate_fit: received 2 results and 0 failures
[2024-12-31 14:12:30,724][flwr][INFO] - fit progress: (10, 11.816001419909298, {'accuracy': 0.9648}, 104.85639155799436)
[2024-12-31 14:12:30,724][flwr][INFO] - configure_evaluate: strategy sampled 5 clients (out of 10)
[2024-12-31 14:12:31,426][flwr][INFO] - aggregate_evaluate: received 5 results and 0 failures
[2024-12-31 14:12:31,426][flwr][INFO] - 
[2024-12-31 14:12:31,427][flwr][INFO] - [SUMMARY]
[2024-12-31 14:12:31,427][flwr][INFO] - Run finished 10 round(s) in 105.56s
[2024-12-31 14:12:31,427][flwr][INFO] - 	History (loss, distributed):
[2024-12-31 14:12:31,427][flwr][INFO] - 		round 1: 42.74806280136109
[2024-12-31 14:12:31,427][flwr][INFO] - 		round 2: 37.33835146427155
[2024-12-31 14:12:31,427][flwr][INFO] - 		round 3: 26.519707131385804
[2024-12-31 14:12:31,427][flwr][INFO] - 		round 4: 16.987895679473876
[2024-12-31 14:12:31,427][flwr][INFO] - 		round 5: 9.693800675868989
[2024-12-31 14:12:31,427][flwr][INFO] - 		round 6: 6.382206904888153
[2024-12-31 14:12:31,428][flwr][INFO] - 		round 7: 4.197673012316227
[2024-12-31 14:12:31,428][flwr][INFO] - 		round 8: 4.14239269644022
[2024-12-31 14:12:31,428][flwr][INFO] - 		round 9: 3.323373545333743
[2024-12-31 14:12:31,428][flwr][INFO] - 		round 10: 2.936645118612796
[2024-12-31 14:12:31,428][flwr][INFO] - 	History (loss, centralized):
[2024-12-31 14:12:31,428][flwr][INFO] - 		round 0: 182.39080500602722
[2024-12-31 14:12:31,428][flwr][INFO] - 		round 1: 177.50229239463806
[2024-12-31 14:12:31,428][flwr][INFO] - 		round 2: 154.44548499584198
[2024-12-31 14:12:31,428][flwr][INFO] - 		round 3: 108.83149027824402
[2024-12-31 14:12:31,428][flwr][INFO] - 		round 4: 69.24563330411911
[2024-12-31 14:12:31,428][flwr][INFO] - 		round 5: 37.744108751416206
[2024-12-31 14:12:31,428][flwr][INFO] - 		round 6: 24.399611115455627
[2024-12-31 14:12:31,428][flwr][INFO] - 		round 7: 16.316141292452812
[2024-12-31 14:12:31,428][flwr][INFO] - 		round 8: 16.315539913251996
[2024-12-31 14:12:31,428][flwr][INFO] - 		round 9: 12.233406314626336
[2024-12-31 14:12:31,428][flwr][INFO] - 		round 10: 11.816001419909298
[2024-12-31 14:12:31,428][flwr][INFO] - 	History (metrics, centralized):
[2024-12-31 14:12:31,429][flwr][INFO] - 	{'accuracy': [(0, 0.0746),
[2024-12-31 14:12:31,429][flwr][INFO] - 	              (1, 0.1231),
[2024-12-31 14:12:31,429][flwr][INFO] - 	              (2, 0.4929),
[2024-12-31 14:12:31,429][flwr][INFO] - 	              (3, 0.8376),
[2024-12-31 14:12:31,429][flwr][INFO] - 	              (4, 0.9144),
[2024-12-31 14:12:31,429][flwr][INFO] - 	              (5, 0.9419),
[2024-12-31 14:12:31,429][flwr][INFO] - 	              (6, 0.9488),
[2024-12-31 14:12:31,429][flwr][INFO] - 	              (7, 0.9592),
[2024-12-31 14:12:31,429][flwr][INFO] - 	              (8, 0.9562),
[2024-12-31 14:12:31,429][flwr][INFO] - 	              (9, 0.9665),
[2024-12-31 14:12:31,429][flwr][INFO] - 	              (10, 0.9648)]}
[2024-12-31 14:12:31,429][flwr][INFO] - 
