[2025-01-10 11:17:56,468][flwr][INFO] - Starting Flower simulation, config: num_rounds=10, no round_timeout
[2025-01-10 11:18:00,063][flwr][INFO] - Flower VCE: Ray initialized with resources: {'node:__internal_head__': 1.0, 'object_store_memory': 2316004147.0, 'memory': 4632008295.0, 'node:192.168.1.11': 1.0, 'CPU': 12.0}
[2025-01-10 11:18:00,063][flwr][INFO] - Optimize your simulation with Flower VCE: https://flower.ai/docs/framework/how-to-run-simulations.html
[2025-01-10 11:18:00,063][flwr][INFO] - Flower VCE: Resources for each Virtual Client: {'num_cpus': 2, 'num_gpus': 0}
[2025-01-10 11:18:00,074][flwr][INFO] - Flower VCE: Creating VirtualClientEngineActorPool with 6 actors
[2025-01-10 11:18:00,074][flwr][INFO] - [INIT]
[2025-01-10 11:18:00,075][flwr][INFO] - Using initial global parameters provided by strategy
[2025-01-10 11:18:00,075][flwr][INFO] - Starting evaluation of initial global parameters
[2025-01-10 11:18:11,874][flwr][INFO] - initial parameters (loss, other metrics): 3954.6110157370567, {'accuracy': 0.49996482774387563}
[2025-01-10 11:18:11,875][flwr][INFO] - 
[2025-01-10 11:18:11,875][flwr][INFO] - [ROUND 1]
[2025-01-10 11:18:11,875][flwr][INFO] - configure_fit: strategy sampled 5 clients (out of 10)
[2025-01-10 11:19:39,865][flwr][INFO] - aggregate_fit: received 5 results and 0 failures
[2025-01-10 11:19:39,870][flwr][WARNING] - No fit_metrics_aggregation_fn provided
[2025-01-10 11:19:50,146][flwr][INFO] - fit progress: (1, 3138.3484182953835, {'accuracy': 0.9269384309656543}, 98.27125709800748)
[2025-01-10 11:19:50,147][flwr][INFO] - configure_evaluate: strategy sampled 5 clients (out of 10)
[2025-01-10 11:19:51,172][flwr][INFO] - aggregate_evaluate: received 5 results and 0 failures
[2025-01-10 11:19:51,172][flwr][WARNING] - No evaluate_metrics_aggregation_fn provided
[2025-01-10 11:19:51,172][flwr][INFO] - 
[2025-01-10 11:19:51,173][flwr][INFO] - [ROUND 2]
[2025-01-10 11:19:51,173][flwr][INFO] - configure_fit: strategy sampled 5 clients (out of 10)
[2025-01-10 11:20:36,649][flwr][INFO] - aggregate_fit: received 5 results and 0 failures
[2025-01-10 11:20:46,989][flwr][INFO] - fit progress: (2, 958.3867149800062, {'accuracy': 0.9789669908376273}, 155.11378143100592)
[2025-01-10 11:20:46,989][flwr][INFO] - configure_evaluate: strategy sampled 5 clients (out of 10)
[2025-01-10 11:20:48,804][flwr][INFO] - aggregate_evaluate: received 5 results and 0 failures
[2025-01-10 11:20:48,805][flwr][INFO] - 
[2025-01-10 11:20:48,805][flwr][INFO] - [ROUND 3]
[2025-01-10 11:20:48,805][flwr][INFO] - configure_fit: strategy sampled 5 clients (out of 10)
[2025-01-10 11:21:29,420][flwr][INFO] - aggregate_fit: received 5 results and 0 failures
[2025-01-10 11:21:40,682][flwr][INFO] - fit progress: (3, 119.21662728150841, {'accuracy': 0.9962541547227547}, 208.80746341100894)
[2025-01-10 11:21:40,683][flwr][INFO] - configure_evaluate: strategy sampled 5 clients (out of 10)
[2025-01-10 11:21:42,739][flwr][INFO] - aggregate_evaluate: received 5 results and 0 failures
[2025-01-10 11:21:42,739][flwr][INFO] - 
[2025-01-10 11:21:42,739][flwr][INFO] - [ROUND 4]
[2025-01-10 11:21:42,740][flwr][INFO] - configure_fit: strategy sampled 5 clients (out of 10)
[2025-01-10 11:23:36,083][flwr][INFO] - aggregate_fit: received 5 results and 0 failures
[2025-01-10 11:23:48,170][flwr][INFO] - fit progress: (4, 83.15079970253456, {'accuracy': 0.9988041432917715}, 336.2950463110028)
[2025-01-10 11:23:48,170][flwr][INFO] - configure_evaluate: strategy sampled 5 clients (out of 10)
[2025-01-10 11:23:49,798][flwr][INFO] - aggregate_evaluate: received 5 results and 0 failures
[2025-01-10 11:23:49,798][flwr][INFO] - 
[2025-01-10 11:23:49,798][flwr][INFO] - [ROUND 5]
[2025-01-10 11:23:49,799][flwr][INFO] - configure_fit: strategy sampled 5 clients (out of 10)
[2025-01-10 11:24:38,714][flwr][INFO] - aggregate_fit: received 5 results and 0 failures
[2025-01-10 11:24:54,692][flwr][INFO] - fit progress: (5, 124.28073497589118, {'accuracy': 0.9977401825440093}, 402.81758880001144)
[2025-01-10 11:24:54,693][flwr][INFO] - configure_evaluate: strategy sampled 5 clients (out of 10)
[2025-01-10 11:24:56,921][flwr][INFO] - aggregate_evaluate: received 5 results and 0 failures
[2025-01-10 11:24:56,921][flwr][INFO] - 
[2025-01-10 11:24:56,921][flwr][INFO] - [ROUND 6]
[2025-01-10 11:24:56,921][flwr][INFO] - configure_fit: strategy sampled 5 clients (out of 10)
[2025-01-10 11:26:39,765][flwr][INFO] - aggregate_fit: received 5 results and 0 failures
[2025-01-10 11:26:50,711][flwr][INFO] - fit progress: (6, 193.8383368564409, {'accuracy': 0.9964124298753143}, 518.8360909290059)
[2025-01-10 11:26:50,711][flwr][INFO] - configure_evaluate: strategy sampled 5 clients (out of 10)
[2025-01-10 11:26:51,961][flwr][INFO] - aggregate_evaluate: received 5 results and 0 failures
[2025-01-10 11:26:51,961][flwr][INFO] - 
[2025-01-10 11:26:51,962][flwr][INFO] - [ROUND 7]
[2025-01-10 11:26:51,962][flwr][INFO] - configure_fit: strategy sampled 5 clients (out of 10)
[2025-01-10 11:27:41,654][flwr][INFO] - aggregate_fit: received 5 results and 0 failures
[2025-01-10 11:27:52,137][flwr][INFO] - fit progress: (7, 211.09909431958198, {'accuracy': 0.9962365685946926}, 580.2625123739999)
[2025-01-10 11:27:52,138][flwr][INFO] - configure_evaluate: strategy sampled 5 clients (out of 10)
[2025-01-10 11:27:53,898][flwr][INFO] - aggregate_evaluate: received 5 results and 0 failures
[2025-01-10 11:27:53,898][flwr][INFO] - 
[2025-01-10 11:27:53,898][flwr][INFO] - [ROUND 8]
[2025-01-10 11:27:53,898][flwr][INFO] - configure_fit: strategy sampled 5 clients (out of 10)
[2025-01-10 11:29:32,675][flwr][INFO] - aggregate_fit: received 5 results and 0 failures
[2025-01-10 11:29:45,553][flwr][INFO] - fit progress: (8, 155.69624599280542, {'accuracy': 0.9981534565534707}, 693.6785597130074)
[2025-01-10 11:29:45,554][flwr][INFO] - configure_evaluate: strategy sampled 5 clients (out of 10)
[2025-01-10 11:29:47,502][flwr][INFO] - aggregate_evaluate: received 5 results and 0 failures
[2025-01-10 11:29:47,502][flwr][INFO] - 
[2025-01-10 11:29:47,502][flwr][INFO] - [ROUND 9]
[2025-01-10 11:29:47,502][flwr][INFO] - configure_fit: strategy sampled 5 clients (out of 10)
[2025-01-10 11:31:28,785][flwr][INFO] - aggregate_fit: received 5 results and 0 failures
[2025-01-10 11:31:40,384][flwr][INFO] - fit progress: (9, 122.02329375800895, {'accuracy': 0.9994724161581344}, 808.5087777750014)
[2025-01-10 11:31:40,384][flwr][INFO] - configure_evaluate: strategy sampled 5 clients (out of 10)
[2025-01-10 11:31:42,366][flwr][INFO] - aggregate_evaluate: received 5 results and 0 failures
[2025-01-10 11:31:42,367][flwr][INFO] - 
[2025-01-10 11:31:42,367][flwr][INFO] - [ROUND 10]
[2025-01-10 11:31:42,367][flwr][INFO] - configure_fit: strategy sampled 5 clients (out of 10)
[2025-01-10 11:32:41,424][flwr][INFO] - aggregate_fit: received 5 results and 0 failures
[2025-01-10 11:32:54,004][flwr][INFO] - fit progress: (10, 69.0808775344631, {'accuracy': 0.9993932785818547}, 882.1293925220089)
[2025-01-10 11:32:54,005][flwr][INFO] - configure_evaluate: strategy sampled 5 clients (out of 10)
[2025-01-10 11:32:55,029][flwr][INFO] - aggregate_evaluate: received 5 results and 0 failures
[2025-01-10 11:32:55,030][flwr][INFO] - 
[2025-01-10 11:32:55,030][flwr][INFO] - [SUMMARY]
[2025-01-10 11:32:55,031][flwr][INFO] - Run finished 10 round(s) in 883.16s
[2025-01-10 11:32:55,032][flwr][INFO] - 	History (loss, distributed):
[2025-01-10 11:32:55,032][flwr][INFO] - 		round 1: 128.3862300402514
[2025-01-10 11:32:55,032][flwr][INFO] - 		round 2: 79.64932480387499
[2025-01-10 11:32:55,032][flwr][INFO] - 		round 3: 10.066781770314714
[2025-01-10 11:32:55,032][flwr][INFO] - 		round 4: 7.942876422283788
[2025-01-10 11:32:55,033][flwr][INFO] - 		round 5: 10.052161908274613
[2025-01-10 11:32:55,033][flwr][INFO] - 		round 6: 9.983267661352455
[2025-01-10 11:32:55,033][flwr][INFO] - 		round 7: 12.475912644466545
[2025-01-10 11:32:55,033][flwr][INFO] - 		round 8: 10.626618882707035
[2025-01-10 11:32:55,033][flwr][INFO] - 		round 9: 7.78564309806944
[2025-01-10 11:32:55,034][flwr][INFO] - 		round 10: 0.5666944305252117
[2025-01-10 11:32:55,034][flwr][INFO] - 	History (loss, centralized):
[2025-01-10 11:32:55,034][flwr][INFO] - 		round 0: 3954.6110157370567
[2025-01-10 11:32:55,034][flwr][INFO] - 		round 1: 3138.3484182953835
[2025-01-10 11:32:55,034][flwr][INFO] - 		round 2: 958.3867149800062
[2025-01-10 11:32:55,035][flwr][INFO] - 		round 3: 119.21662728150841
[2025-01-10 11:32:55,035][flwr][INFO] - 		round 4: 83.15079970253456
[2025-01-10 11:32:55,035][flwr][INFO] - 		round 5: 124.28073497589118
[2025-01-10 11:32:55,035][flwr][INFO] - 		round 6: 193.8383368564409
[2025-01-10 11:32:55,035][flwr][INFO] - 		round 7: 211.09909431958198
[2025-01-10 11:32:55,035][flwr][INFO] - 		round 8: 155.69624599280542
[2025-01-10 11:32:55,035][flwr][INFO] - 		round 9: 122.02329375800895
[2025-01-10 11:32:55,036][flwr][INFO] - 		round 10: 69.0808775344631
[2025-01-10 11:32:55,036][flwr][INFO] - 	History (metrics, centralized):
[2025-01-10 11:32:55,036][flwr][INFO] - 	{'accuracy': [(0, 0.49996482774387563),
[2025-01-10 11:32:55,036][flwr][INFO] - 	              (1, 0.9269384309656543),
[2025-01-10 11:32:55,036][flwr][INFO] - 	              (2, 0.9789669908376273),
[2025-01-10 11:32:55,036][flwr][INFO] - 	              (3, 0.9962541547227547),
[2025-01-10 11:32:55,037][flwr][INFO] - 	              (4, 0.9988041432917715),
[2025-01-10 11:32:55,037][flwr][INFO] - 	              (5, 0.9977401825440093),
[2025-01-10 11:32:55,037][flwr][INFO] - 	              (6, 0.9964124298753143),
[2025-01-10 11:32:55,037][flwr][INFO] - 	              (7, 0.9962365685946926),
[2025-01-10 11:32:55,037][flwr][INFO] - 	              (8, 0.9981534565534707),
[2025-01-10 11:32:55,037][flwr][INFO] - 	              (9, 0.9994724161581344),
[2025-01-10 11:32:55,037][flwr][INFO] - 	              (10, 0.9993932785818547)]}
[2025-01-10 11:32:55,038][flwr][INFO] - 
