[2025-01-08 10:18:55,233][flwr][INFO] - Starting Flower simulation, config: num_rounds=15, no round_timeout
[2025-01-08 10:18:58,857][flwr][INFO] - Flower VCE: Ray initialized with resources: {'node:__internal_head__': 1.0, 'object_store_memory': 2865957273.0, 'memory': 5731914548.0, 'CPU': 12.0, 'node:192.168.1.11': 1.0}
[2025-01-08 10:18:58,857][flwr][INFO] - Optimize your simulation with Flower VCE: https://flower.ai/docs/framework/how-to-run-simulations.html
[2025-01-08 10:18:58,857][flwr][INFO] - Flower VCE: Resources for each Virtual Client: {'num_cpus': 2, 'num_gpus': 0}
[2025-01-08 10:18:58,869][flwr][INFO] - Flower VCE: Creating VirtualClientEngineActorPool with 6 actors
[2025-01-08 10:18:58,870][flwr][INFO] - [INIT]
[2025-01-08 10:18:58,870][flwr][INFO] - Requesting initial parameters from one random client
[2025-01-08 10:19:01,218][flwr][INFO] - Received initial parameters from one random client
[2025-01-08 10:19:01,218][flwr][INFO] - Starting evaluation of initial global parameters
[2025-01-08 10:19:03,194][flwr][INFO] - initial parameters (loss, other metrics): 181.73720908164978, {'accuracy': 0.1022}
[2025-01-08 10:19:03,194][flwr][INFO] - 
[2025-01-08 10:19:03,194][flwr][INFO] - [ROUND 1]
[2025-01-08 10:19:03,194][flwr][INFO] - configure_fit: strategy sampled 2 clients (out of 20)
[2025-01-08 10:19:11,481][flwr][INFO] - aggregate_fit: received 2 results and 0 failures
[2025-01-08 10:19:11,484][flwr][WARNING] - No fit_metrics_aggregation_fn provided
[2025-01-08 10:19:12,912][flwr][INFO] - fit progress: (1, 276.0316550731659, {'accuracy': 0.1028}, 9.718115742005466)
[2025-01-08 10:19:12,912][flwr][INFO] - configure_evaluate: strategy sampled 3 clients (out of 20)
[2025-01-08 10:19:14,928][flwr][INFO] - aggregate_evaluate: received 3 results and 0 failures
[2025-01-08 10:19:14,928][flwr][WARNING] - No evaluate_metrics_aggregation_fn provided
[2025-01-08 10:19:14,928][flwr][INFO] - 
[2025-01-08 10:19:14,928][flwr][INFO] - [ROUND 2]
[2025-01-08 10:19:14,929][flwr][INFO] - configure_fit: strategy sampled 2 clients (out of 20)
[2025-01-08 10:19:21,334][flwr][INFO] - aggregate_fit: received 2 results and 0 failures
[2025-01-08 10:19:23,101][flwr][INFO] - fit progress: (2, 211.26247692108154, {'accuracy': 0.1073}, 19.906774020004377)
[2025-01-08 10:19:23,101][flwr][INFO] - configure_evaluate: strategy sampled 3 clients (out of 20)
[2025-01-08 10:19:23,488][flwr][INFO] - aggregate_evaluate: received 3 results and 0 failures
[2025-01-08 10:19:23,488][flwr][INFO] - 
[2025-01-08 10:19:23,488][flwr][INFO] - [ROUND 3]
[2025-01-08 10:19:23,488][flwr][INFO] - configure_fit: strategy sampled 2 clients (out of 20)
[2025-01-08 10:19:29,261][flwr][INFO] - aggregate_fit: received 2 results and 0 failures
[2025-01-08 10:19:30,592][flwr][INFO] - fit progress: (3, 169.28884625434875, {'accuracy': 0.1189}, 27.397982943002717)
[2025-01-08 10:19:30,592][flwr][INFO] - configure_evaluate: strategy sampled 3 clients (out of 20)
[2025-01-08 10:19:30,992][flwr][INFO] - aggregate_evaluate: received 3 results and 0 failures
[2025-01-08 10:19:30,993][flwr][INFO] - 
[2025-01-08 10:19:30,993][flwr][INFO] - [ROUND 4]
[2025-01-08 10:19:30,993][flwr][INFO] - configure_fit: strategy sampled 2 clients (out of 20)
[2025-01-08 10:19:36,723][flwr][INFO] - aggregate_fit: received 2 results and 0 failures
[2025-01-08 10:19:38,371][flwr][INFO] - fit progress: (4, 182.80744457244873, {'accuracy': 0.0958}, 35.1773408500012)
[2025-01-08 10:19:38,371][flwr][INFO] - configure_evaluate: strategy sampled 3 clients (out of 20)
[2025-01-08 10:19:38,747][flwr][INFO] - aggregate_evaluate: received 3 results and 0 failures
[2025-01-08 10:19:38,747][flwr][INFO] - 
[2025-01-08 10:19:38,747][flwr][INFO] - [ROUND 5]
[2025-01-08 10:19:38,747][flwr][INFO] - configure_fit: strategy sampled 2 clients (out of 20)
[2025-01-08 10:19:44,534][flwr][INFO] - aggregate_fit: received 2 results and 0 failures
[2025-01-08 10:19:45,644][flwr][INFO] - fit progress: (5, 182.36412954330444, {'accuracy': 0.1135}, 42.45000531700498)
[2025-01-08 10:19:45,644][flwr][INFO] - configure_evaluate: strategy sampled 3 clients (out of 20)
[2025-01-08 10:19:46,101][flwr][INFO] - aggregate_evaluate: received 3 results and 0 failures
[2025-01-08 10:19:46,101][flwr][INFO] - 
[2025-01-08 10:19:46,101][flwr][INFO] - [ROUND 6]
[2025-01-08 10:19:46,101][flwr][INFO] - configure_fit: strategy sampled 2 clients (out of 20)
[2025-01-08 10:19:51,836][flwr][INFO] - aggregate_fit: received 2 results and 0 failures
[2025-01-08 10:19:52,965][flwr][INFO] - fit progress: (6, 182.18555092811584, {'accuracy': 0.1135}, 49.77148650000163)
[2025-01-08 10:19:52,966][flwr][INFO] - configure_evaluate: strategy sampled 3 clients (out of 20)
[2025-01-08 10:19:53,385][flwr][INFO] - aggregate_evaluate: received 3 results and 0 failures
[2025-01-08 10:19:53,385][flwr][INFO] - 
[2025-01-08 10:19:53,386][flwr][INFO] - [ROUND 7]
[2025-01-08 10:19:53,386][flwr][INFO] - configure_fit: strategy sampled 2 clients (out of 20)
[2025-01-08 10:19:59,163][flwr][INFO] - aggregate_fit: received 2 results and 0 failures
[2025-01-08 10:20:01,015][flwr][INFO] - fit progress: (7, 181.9687192440033, {'accuracy': 0.1135}, 57.82100792200072)
[2025-01-08 10:20:01,015][flwr][INFO] - configure_evaluate: strategy sampled 3 clients (out of 20)
[2025-01-08 10:20:01,382][flwr][INFO] - aggregate_evaluate: received 3 results and 0 failures
[2025-01-08 10:20:01,383][flwr][INFO] - 
[2025-01-08 10:20:01,383][flwr][INFO] - [ROUND 8]
[2025-01-08 10:20:01,383][flwr][INFO] - configure_fit: strategy sampled 2 clients (out of 20)
[2025-01-08 10:20:07,197][flwr][INFO] - aggregate_fit: received 2 results and 0 failures
[2025-01-08 10:20:08,695][flwr][INFO] - fit progress: (8, 182.4583945274353, {'accuracy': 0.1028}, 65.50146209500235)
[2025-01-08 10:20:08,696][flwr][INFO] - configure_evaluate: strategy sampled 3 clients (out of 20)
[2025-01-08 10:20:09,124][flwr][INFO] - aggregate_evaluate: received 3 results and 0 failures
[2025-01-08 10:20:09,124][flwr][INFO] - 
[2025-01-08 10:20:09,124][flwr][INFO] - [ROUND 9]
[2025-01-08 10:20:09,124][flwr][INFO] - configure_fit: strategy sampled 2 clients (out of 20)
[2025-01-08 10:20:14,910][flwr][INFO] - aggregate_fit: received 2 results and 0 failures
[2025-01-08 10:20:16,574][flwr][INFO] - fit progress: (9, 181.96382403373718, {'accuracy': 0.1135}, 73.37971252600255)
[2025-01-08 10:20:16,574][flwr][INFO] - configure_evaluate: strategy sampled 3 clients (out of 20)
[2025-01-08 10:20:16,943][flwr][INFO] - aggregate_evaluate: received 3 results and 0 failures
[2025-01-08 10:20:16,943][flwr][INFO] - 
[2025-01-08 10:20:16,943][flwr][INFO] - [ROUND 10]
[2025-01-08 10:20:16,944][flwr][INFO] - configure_fit: strategy sampled 2 clients (out of 20)
[2025-01-08 10:20:23,288][flwr][INFO] - aggregate_fit: received 2 results and 0 failures
[2025-01-08 10:20:24,519][flwr][INFO] - fit progress: (10, 182.81767439842224, {'accuracy': 0.0958}, 81.32562328800122)
[2025-01-08 10:20:24,520][flwr][INFO] - configure_evaluate: strategy sampled 3 clients (out of 20)
[2025-01-08 10:20:24,945][flwr][INFO] - aggregate_evaluate: received 3 results and 0 failures
[2025-01-08 10:20:24,945][flwr][INFO] - 
[2025-01-08 10:20:24,945][flwr][INFO] - [ROUND 11]
[2025-01-08 10:20:24,945][flwr][INFO] - configure_fit: strategy sampled 2 clients (out of 20)
[2025-01-08 10:20:30,620][flwr][INFO] - aggregate_fit: received 2 results and 0 failures
[2025-01-08 10:20:31,701][flwr][INFO] - fit progress: (11, 182.38024592399597, {'accuracy': 0.1135}, 88.50671393600351)
[2025-01-08 10:20:31,701][flwr][INFO] - configure_evaluate: strategy sampled 3 clients (out of 20)
[2025-01-08 10:20:32,137][flwr][INFO] - aggregate_evaluate: received 3 results and 0 failures
[2025-01-08 10:20:32,138][flwr][INFO] - 
[2025-01-08 10:20:32,138][flwr][INFO] - [ROUND 12]
[2025-01-08 10:20:32,138][flwr][INFO] - configure_fit: strategy sampled 2 clients (out of 20)
[2025-01-08 10:20:37,832][flwr][INFO] - aggregate_fit: received 2 results and 0 failures
[2025-01-08 10:20:38,917][flwr][INFO] - fit progress: (12, 182.59245038032532, {'accuracy': 0.0958}, 95.7227662610021)
[2025-01-08 10:20:38,917][flwr][INFO] - configure_evaluate: strategy sampled 3 clients (out of 20)
[2025-01-08 10:20:39,347][flwr][INFO] - aggregate_evaluate: received 3 results and 0 failures
[2025-01-08 10:20:39,347][flwr][INFO] - 
[2025-01-08 10:20:39,347][flwr][INFO] - [ROUND 13]
[2025-01-08 10:20:39,348][flwr][INFO] - configure_fit: strategy sampled 2 clients (out of 20)
[2025-01-08 10:20:45,128][flwr][INFO] - aggregate_fit: received 2 results and 0 failures
[2025-01-08 10:20:46,759][flwr][INFO] - fit progress: (13, 181.9707477092743, {'accuracy': 0.1135}, 103.56527126900619)
[2025-01-08 10:20:46,759][flwr][INFO] - configure_evaluate: strategy sampled 3 clients (out of 20)
[2025-01-08 10:20:47,111][flwr][INFO] - aggregate_evaluate: received 3 results and 0 failures
[2025-01-08 10:20:47,111][flwr][INFO] - 
[2025-01-08 10:20:47,111][flwr][INFO] - [ROUND 14]
[2025-01-08 10:20:47,111][flwr][INFO] - configure_fit: strategy sampled 2 clients (out of 20)
[2025-01-08 10:20:52,820][flwr][INFO] - aggregate_fit: received 2 results and 0 failures
[2025-01-08 10:20:53,908][flwr][INFO] - fit progress: (14, 182.18143796920776, {'accuracy': 0.1032}, 110.71393855900533)
[2025-01-08 10:20:53,908][flwr][INFO] - configure_evaluate: strategy sampled 3 clients (out of 20)
[2025-01-08 10:20:54,332][flwr][INFO] - aggregate_evaluate: received 3 results and 0 failures
[2025-01-08 10:20:54,332][flwr][INFO] - 
[2025-01-08 10:20:54,332][flwr][INFO] - [ROUND 15]
[2025-01-08 10:20:54,333][flwr][INFO] - configure_fit: strategy sampled 2 clients (out of 20)
[2025-01-08 10:21:00,136][flwr][INFO] - aggregate_fit: received 2 results and 0 failures
[2025-01-08 10:21:01,746][flwr][INFO] - fit progress: (15, 182.49898743629456, {'accuracy': 0.1009}, 118.55213407300471)
[2025-01-08 10:21:01,746][flwr][INFO] - configure_evaluate: strategy sampled 3 clients (out of 20)
[2025-01-08 10:21:02,105][flwr][INFO] - aggregate_evaluate: received 3 results and 0 failures
[2025-01-08 10:21:02,105][flwr][INFO] - 
[2025-01-08 10:21:02,105][flwr][INFO] - [SUMMARY]
[2025-01-08 10:21:02,105][flwr][INFO] - Run finished 15 round(s) in 118.91s
[2025-01-08 10:21:02,106][flwr][INFO] - 	History (loss, distributed):
[2025-01-08 10:21:02,106][flwr][INFO] - 		round 1: 68.8007709980011
[2025-01-08 10:21:02,106][flwr][INFO] - 		round 2: 49.05965272585551
[2025-01-08 10:21:02,106][flwr][INFO] - 		round 3: 41.16526714960734
[2025-01-08 10:21:02,106][flwr][INFO] - 		round 4: 43.860557317733765
[2025-01-08 10:21:02,106][flwr][INFO] - 		round 5: 43.66772572199503
[2025-01-08 10:21:02,106][flwr][INFO] - 		round 6: 43.779546896616615
[2025-01-08 10:21:02,106][flwr][INFO] - 		round 7: 43.73024074236552
[2025-01-08 10:21:02,106][flwr][INFO] - 		round 8: 43.912940899531044
[2025-01-08 10:21:02,107][flwr][INFO] - 		round 9: 43.843128522237144
[2025-01-08 10:21:02,107][flwr][INFO] - 		round 10: 43.98813303311666
[2025-01-08 10:21:02,107][flwr][INFO] - 		round 11: 43.83480588595072
[2025-01-08 10:21:02,107][flwr][INFO] - 		round 12: 43.887111028035484
[2025-01-08 10:21:02,107][flwr][INFO] - 		round 13: 43.731549183527626
[2025-01-08 10:21:02,107][flwr][INFO] - 		round 14: 43.78176522254944
[2025-01-08 10:21:02,107][flwr][INFO] - 		round 15: 43.89072767893473
[2025-01-08 10:21:02,107][flwr][INFO] - 	History (loss, centralized):
[2025-01-08 10:21:02,107][flwr][INFO] - 		round 0: 181.73720908164978
[2025-01-08 10:21:02,107][flwr][INFO] - 		round 1: 276.0316550731659
[2025-01-08 10:21:02,107][flwr][INFO] - 		round 2: 211.26247692108154
[2025-01-08 10:21:02,107][flwr][INFO] - 		round 3: 169.28884625434875
[2025-01-08 10:21:02,108][flwr][INFO] - 		round 4: 182.80744457244873
[2025-01-08 10:21:02,108][flwr][INFO] - 		round 5: 182.36412954330444
[2025-01-08 10:21:02,108][flwr][INFO] - 		round 6: 182.18555092811584
[2025-01-08 10:21:02,108][flwr][INFO] - 		round 7: 181.9687192440033
[2025-01-08 10:21:02,108][flwr][INFO] - 		round 8: 182.4583945274353
[2025-01-08 10:21:02,108][flwr][INFO] - 		round 9: 181.96382403373718
[2025-01-08 10:21:02,108][flwr][INFO] - 		round 10: 182.81767439842224
[2025-01-08 10:21:02,108][flwr][INFO] - 		round 11: 182.38024592399597
[2025-01-08 10:21:02,108][flwr][INFO] - 		round 12: 182.59245038032532
[2025-01-08 10:21:02,108][flwr][INFO] - 		round 13: 181.9707477092743
[2025-01-08 10:21:02,108][flwr][INFO] - 		round 14: 182.18143796920776
[2025-01-08 10:21:02,109][flwr][INFO] - 		round 15: 182.49898743629456
[2025-01-08 10:21:02,109][flwr][INFO] - 	History (metrics, centralized):
[2025-01-08 10:21:02,109][flwr][INFO] - 	{'accuracy': [(0, 0.1022),
[2025-01-08 10:21:02,109][flwr][INFO] - 	              (1, 0.1028),
[2025-01-08 10:21:02,109][flwr][INFO] - 	              (2, 0.1073),
[2025-01-08 10:21:02,109][flwr][INFO] - 	              (3, 0.1189),
[2025-01-08 10:21:02,109][flwr][INFO] - 	              (4, 0.0958),
[2025-01-08 10:21:02,109][flwr][INFO] - 	              (5, 0.1135),
[2025-01-08 10:21:02,109][flwr][INFO] - 	              (6, 0.1135),
[2025-01-08 10:21:02,109][flwr][INFO] - 	              (7, 0.1135),
[2025-01-08 10:21:02,109][flwr][INFO] - 	              (8, 0.1028),
[2025-01-08 10:21:02,110][flwr][INFO] - 	              (9, 0.1135),
[2025-01-08 10:21:02,110][flwr][INFO] - 	              (10, 0.0958),
[2025-01-08 10:21:02,110][flwr][INFO] - 	              (11, 0.1135),
[2025-01-08 10:21:02,110][flwr][INFO] - 	              (12, 0.0958),
[2025-01-08 10:21:02,110][flwr][INFO] - 	              (13, 0.1135),
[2025-01-08 10:21:02,110][flwr][INFO] - 	              (14, 0.1032),
[2025-01-08 10:21:02,110][flwr][INFO] - 	              (15, 0.1009)]}
[2025-01-08 10:21:02,110][flwr][INFO] - 
