[2024-12-31 17:09:16,945][flwr][INFO] - Starting Flower simulation, config: num_rounds=10, no round_timeout
[2024-12-31 17:09:21,113][flwr][INFO] - Flower VCE: Ray initialized with resources: {'node:192.168.1.11': 1.0, 'CPU': 12.0, 'node:__internal_head__': 1.0, 'memory': 3502787790.0, 'object_store_memory': 1751393894.0}
[2024-12-31 17:09:21,114][flwr][INFO] - Optimize your simulation with Flower VCE: https://flower.ai/docs/framework/how-to-run-simulations.html
[2024-12-31 17:09:21,114][flwr][INFO] - Flower VCE: Resources for each Virtual Client: {'num_cpus': 2, 'num_gpus': 0}
[2024-12-31 17:09:21,138][flwr][INFO] - Flower VCE: Creating VirtualClientEngineActorPool with 6 actors
[2024-12-31 17:09:21,139][flwr][INFO] - [INIT]
[2024-12-31 17:09:21,139][flwr][INFO] - Using initial global parameters provided by strategy
[2024-12-31 17:09:21,139][flwr][INFO] - Starting evaluation of initial global parameters
[2024-12-31 17:09:25,599][flwr][INFO] - initial parameters (loss, other metrics): 182.31653213500977, {'accuracy': 0.0892}
[2024-12-31 17:09:25,600][flwr][INFO] - 
[2024-12-31 17:09:25,600][flwr][INFO] - [ROUND 1]
[2024-12-31 17:09:25,600][flwr][INFO] - configure_fit: strategy sampled 2 clients (out of 10)
[2024-12-31 17:09:53,954][flwr][INFO] - aggregate_fit: received 2 results and 0 failures
[2024-12-31 17:09:53,964][flwr][WARNING] - No fit_metrics_aggregation_fn provided
[2024-12-31 17:09:58,320][flwr][INFO] - fit progress: (1, 182.11495566368103, {'accuracy': 0.0982}, 32.720354347002285)
[2024-12-31 17:09:58,320][flwr][INFO] - configure_evaluate: strategy sampled 2 clients (out of 10)
[2024-12-31 17:09:58,935][flwr][INFO] - aggregate_evaluate: received 2 results and 0 failures
[2024-12-31 17:09:58,935][flwr][WARNING] - No evaluate_metrics_aggregation_fn provided
[2024-12-31 17:09:58,935][flwr][INFO] - 
[2024-12-31 17:09:58,935][flwr][INFO] - [ROUND 2]
[2024-12-31 17:09:58,936][flwr][INFO] - configure_fit: strategy sampled 2 clients (out of 10)
[2024-12-31 17:10:14,821][flwr][INFO] - aggregate_fit: received 2 results and 0 failures
[2024-12-31 17:10:17,161][flwr][INFO] - fit progress: (2, 182.13080430030823, {'accuracy': 0.1135}, 51.56170969900268)
[2024-12-31 17:10:17,162][flwr][INFO] - configure_evaluate: strategy sampled 2 clients (out of 10)
[2024-12-31 17:10:17,652][flwr][INFO] - aggregate_evaluate: received 2 results and 0 failures
[2024-12-31 17:10:17,653][flwr][INFO] - 
[2024-12-31 17:10:17,653][flwr][INFO] - [ROUND 3]
[2024-12-31 17:10:17,653][flwr][INFO] - configure_fit: strategy sampled 2 clients (out of 10)
[2024-12-31 17:10:32,891][flwr][INFO] - aggregate_fit: received 2 results and 0 failures
[2024-12-31 17:10:35,193][flwr][INFO] - fit progress: (3, 182.06683802604675, {'accuracy': 0.1135}, 69.5930431730012)
[2024-12-31 17:10:35,193][flwr][INFO] - configure_evaluate: strategy sampled 2 clients (out of 10)
[2024-12-31 17:10:35,653][flwr][INFO] - aggregate_evaluate: received 2 results and 0 failures
[2024-12-31 17:10:35,654][flwr][INFO] - 
[2024-12-31 17:10:35,654][flwr][INFO] - [ROUND 4]
[2024-12-31 17:10:35,654][flwr][INFO] - configure_fit: strategy sampled 2 clients (out of 10)
[2024-12-31 17:10:51,189][flwr][INFO] - aggregate_fit: received 2 results and 0 failures
[2024-12-31 17:10:53,348][flwr][INFO] - fit progress: (4, 182.14356136322021, {'accuracy': 0.0982}, 87.74839070999587)
[2024-12-31 17:10:53,348][flwr][INFO] - configure_evaluate: strategy sampled 2 clients (out of 10)
[2024-12-31 17:10:53,802][flwr][INFO] - aggregate_evaluate: received 2 results and 0 failures
[2024-12-31 17:10:53,802][flwr][INFO] - 
[2024-12-31 17:10:53,802][flwr][INFO] - [ROUND 5]
[2024-12-31 17:10:53,802][flwr][INFO] - configure_fit: strategy sampled 2 clients (out of 10)
[2024-12-31 17:11:09,644][flwr][INFO] - aggregate_fit: received 2 results and 0 failures
[2024-12-31 17:11:12,551][flwr][INFO] - fit progress: (5, 181.97192883491516, {'accuracy': 0.0982}, 106.95089888700022)
[2024-12-31 17:11:12,551][flwr][INFO] - configure_evaluate: strategy sampled 2 clients (out of 10)
[2024-12-31 17:11:12,993][flwr][INFO] - aggregate_evaluate: received 2 results and 0 failures
[2024-12-31 17:11:12,994][flwr][INFO] - 
[2024-12-31 17:11:12,994][flwr][INFO] - [ROUND 6]
[2024-12-31 17:11:12,994][flwr][INFO] - configure_fit: strategy sampled 2 clients (out of 10)
[2024-12-31 17:11:29,193][flwr][INFO] - aggregate_fit: received 2 results and 0 failures
[2024-12-31 17:11:33,060][flwr][INFO] - fit progress: (6, 181.98272824287415, {'accuracy': 0.1135}, 127.46044619700115)
[2024-12-31 17:11:33,061][flwr][INFO] - configure_evaluate: strategy sampled 2 clients (out of 10)
[2024-12-31 17:11:33,888][flwr][INFO] - aggregate_evaluate: received 2 results and 0 failures
[2024-12-31 17:11:33,889][flwr][INFO] - 
[2024-12-31 17:11:33,889][flwr][INFO] - [ROUND 7]
[2024-12-31 17:11:33,889][flwr][INFO] - configure_fit: strategy sampled 2 clients (out of 10)
[2024-12-31 22:45:06,584][flwr][INFO] - aggregate_fit: received 2 results and 0 failures
[2024-12-31 22:45:07,853][flwr][INFO] - fit progress: (7, 182.04653239250183, {'accuracy': 0.0982}, 160.4083402019969)
[2024-12-31 22:45:07,853][flwr][INFO] - configure_evaluate: strategy sampled 2 clients (out of 10)
[2024-12-31 22:45:08,184][flwr][INFO] - aggregate_evaluate: received 2 results and 0 failures
[2024-12-31 22:45:08,184][flwr][INFO] - 
[2024-12-31 22:45:08,184][flwr][INFO] - [ROUND 8]
[2024-12-31 22:45:08,185][flwr][INFO] - configure_fit: strategy sampled 2 clients (out of 10)
[2024-12-31 22:45:17,408][flwr][INFO] - aggregate_fit: received 2 results and 0 failures
[2024-12-31 22:45:18,373][flwr][INFO] - fit progress: (8, 182.06681537628174, {'accuracy': 0.0982}, 170.9286076779972)
[2024-12-31 22:45:18,374][flwr][INFO] - configure_evaluate: strategy sampled 2 clients (out of 10)
[2024-12-31 22:45:18,686][flwr][INFO] - aggregate_evaluate: received 2 results and 0 failures
[2024-12-31 22:45:18,686][flwr][INFO] - 
[2024-12-31 22:45:18,686][flwr][INFO] - [ROUND 9]
[2024-12-31 22:45:18,687][flwr][INFO] - configure_fit: strategy sampled 2 clients (out of 10)
[2024-12-31 22:45:28,547][flwr][INFO] - aggregate_fit: received 2 results and 0 failures
[2024-12-31 22:45:29,607][flwr][INFO] - fit progress: (9, 182.11246585845947, {'accuracy': 0.0982}, 181.60989313299797)
[2024-12-31 22:45:29,607][flwr][INFO] - configure_evaluate: strategy sampled 2 clients (out of 10)
[2024-12-31 22:45:29,920][flwr][INFO] - aggregate_evaluate: received 2 results and 0 failures
[2024-12-31 22:45:29,920][flwr][INFO] - 
[2024-12-31 22:45:29,920][flwr][INFO] - [ROUND 10]
[2024-12-31 22:45:29,920][flwr][INFO] - configure_fit: strategy sampled 2 clients (out of 10)
[2024-12-31 22:45:39,433][flwr][INFO] - aggregate_fit: received 2 results and 0 failures
[2024-12-31 22:45:40,375][flwr][INFO] - fit progress: (10, 182.06123971939087, {'accuracy': 0.0982}, 192.37823346500227)
[2024-12-31 22:45:40,375][flwr][INFO] - configure_evaluate: strategy sampled 2 clients (out of 10)
[2024-12-31 22:45:40,716][flwr][INFO] - aggregate_evaluate: received 2 results and 0 failures
[2024-12-31 22:45:40,717][flwr][INFO] - 
[2024-12-31 22:45:40,717][flwr][INFO] - [SUMMARY]
[2024-12-31 22:45:40,717][flwr][INFO] - Run finished 10 round(s) in 192.72s
[2024-12-31 22:45:40,717][flwr][INFO] - 	History (loss, distributed):
[2024-12-31 22:45:40,717][flwr][INFO] - 		round 1: 87.68879508972168
[2024-12-31 22:45:40,717][flwr][INFO] - 		round 2: 87.55920493602753
[2024-12-31 22:45:40,717][flwr][INFO] - 		round 3: 87.59906005859375
[2024-12-31 22:45:40,717][flwr][INFO] - 		round 4: 87.43982088565826
[2024-12-31 22:45:40,717][flwr][INFO] - 		round 5: 87.62821185588837
[2024-12-31 22:45:40,717][flwr][INFO] - 		round 6: 87.68503642082214
[2024-12-31 22:45:40,717][flwr][INFO] - 		round 7: 87.65371417999268
[2024-12-31 22:45:40,717][flwr][INFO] - 		round 8: 87.62681341171265
[2024-12-31 22:45:40,717][flwr][INFO] - 		round 9: 87.52577424049377
[2024-12-31 22:45:40,717][flwr][INFO] - 		round 10: 87.45859372615814
[2024-12-31 22:45:40,717][flwr][INFO] - 	History (loss, centralized):
[2024-12-31 22:45:40,717][flwr][INFO] - 		round 0: 182.31653213500977
[2024-12-31 22:45:40,717][flwr][INFO] - 		round 1: 182.11495566368103
[2024-12-31 22:45:40,717][flwr][INFO] - 		round 2: 182.13080430030823
[2024-12-31 22:45:40,718][flwr][INFO] - 		round 3: 182.06683802604675
[2024-12-31 22:45:40,718][flwr][INFO] - 		round 4: 182.14356136322021
[2024-12-31 22:45:40,718][flwr][INFO] - 		round 5: 181.97192883491516
[2024-12-31 22:45:40,718][flwr][INFO] - 		round 6: 181.98272824287415
[2024-12-31 22:45:40,718][flwr][INFO] - 		round 7: 182.04653239250183
[2024-12-31 22:45:40,718][flwr][INFO] - 		round 8: 182.06681537628174
[2024-12-31 22:45:40,718][flwr][INFO] - 		round 9: 182.11246585845947
[2024-12-31 22:45:40,718][flwr][INFO] - 		round 10: 182.06123971939087
[2024-12-31 22:45:40,718][flwr][INFO] - 	History (metrics, centralized):
[2024-12-31 22:45:40,718][flwr][INFO] - 	{'accuracy': [(0, 0.0892),
[2024-12-31 22:45:40,718][flwr][INFO] - 	              (1, 0.0982),
[2024-12-31 22:45:40,718][flwr][INFO] - 	              (2, 0.1135),
[2024-12-31 22:45:40,718][flwr][INFO] - 	              (3, 0.1135),
[2024-12-31 22:45:40,718][flwr][INFO] - 	              (4, 0.0982),
[2024-12-31 22:45:40,718][flwr][INFO] - 	              (5, 0.0982),
[2024-12-31 22:45:40,718][flwr][INFO] - 	              (6, 0.1135),
[2024-12-31 22:45:40,718][flwr][INFO] - 	              (7, 0.0982),
[2024-12-31 22:45:40,718][flwr][INFO] - 	              (8, 0.0982),
[2024-12-31 22:45:40,718][flwr][INFO] - 	              (9, 0.0982),
[2024-12-31 22:45:40,718][flwr][INFO] - 	              (10, 0.0982)]}
[2024-12-31 22:45:40,718][flwr][INFO] - 
