[2025-01-07 13:13:40,234][flwr][INFO] - Starting Flower simulation, config: num_rounds=5, no round_timeout
[2025-01-07 13:13:46,115][flwr][INFO] - Flower VCE: Ray initialized with resources: {'node:__internal_head__': 1.0, 'object_store_memory': 1745270784.0, 'memory': 3490541568.0, 'CPU': 12.0, 'node:192.168.1.11': 1.0}
[2025-01-07 13:13:46,116][flwr][INFO] - Optimize your simulation with Flower VCE: https://flower.ai/docs/framework/how-to-run-simulations.html
[2025-01-07 13:13:46,116][flwr][INFO] - Flower VCE: Resources for each Virtual Client: {'num_cpus': 2, 'num_gpus': 0}
[2025-01-07 13:13:46,157][flwr][INFO] - Flower VCE: Creating VirtualClientEngineActorPool with 6 actors
[2025-01-07 13:13:46,157][flwr][INFO] - [INIT]
[2025-01-07 13:13:46,158][flwr][INFO] - Requesting initial parameters from one random client
[2025-01-07 13:13:52,250][flwr][INFO] - Received initial parameters from one random client
[2025-01-07 13:13:52,250][flwr][INFO] - Starting evaluation of initial global parameters
[2025-01-07 13:13:54,680][flwr][INFO] - initial parameters (loss, other metrics): 182.31561017036438, {'accuracy': 0.0964}
[2025-01-07 13:13:54,680][flwr][INFO] - 
[2025-01-07 13:13:54,680][flwr][INFO] - [ROUND 1]
[2025-01-07 13:13:54,681][flwr][INFO] - configure_fit: strategy sampled 2 clients (out of 5)
[2025-01-07 13:14:20,424][flwr][INFO] - aggregate_fit: received 2 results and 0 failures
[2025-01-07 13:14:20,433][flwr][WARNING] - No fit_metrics_aggregation_fn provided
[2025-01-07 13:14:26,259][flwr][INFO] - fit progress: (1, 189.32466650009155, {'accuracy': 0.1284}, 31.57844220900006)
[2025-01-07 13:14:26,259][flwr][INFO] - configure_evaluate: strategy sampled 5 clients (out of 5)
[2025-01-07 13:14:33,233][flwr][INFO] - aggregate_evaluate: received 5 results and 0 failures
[2025-01-07 13:14:33,234][flwr][WARNING] - No evaluate_metrics_aggregation_fn provided
[2025-01-07 13:14:33,234][flwr][INFO] - 
[2025-01-07 13:14:33,234][flwr][INFO] - [ROUND 2]
[2025-01-07 13:14:33,234][flwr][INFO] - configure_fit: strategy sampled 2 clients (out of 5)
[2025-01-07 13:14:53,945][flwr][INFO] - aggregate_fit: received 2 results and 0 failures
[2025-01-07 13:14:56,100][flwr][INFO] - fit progress: (2, 84.54559314250946, {'accuracy': 0.6701}, 61.41968963999898)
[2025-01-07 13:14:56,100][flwr][INFO] - configure_evaluate: strategy sampled 5 clients (out of 5)
[2025-01-07 13:14:57,727][flwr][INFO] - aggregate_evaluate: received 5 results and 0 failures
[2025-01-07 13:14:57,727][flwr][INFO] - 
[2025-01-07 13:14:57,728][flwr][INFO] - [ROUND 3]
[2025-01-07 13:14:57,728][flwr][INFO] - configure_fit: strategy sampled 2 clients (out of 5)
[2025-01-07 13:15:18,329][flwr][INFO] - aggregate_fit: received 2 results and 0 failures
[2025-01-07 13:15:21,019][flwr][INFO] - fit progress: (3, 182.02576661109924, {'accuracy': 0.1135}, 86.33840267499909)
[2025-01-07 13:15:21,019][flwr][INFO] - configure_evaluate: strategy sampled 5 clients (out of 5)
[2025-01-07 13:15:22,573][flwr][INFO] - aggregate_evaluate: received 5 results and 0 failures
[2025-01-07 13:15:22,574][flwr][INFO] - 
[2025-01-07 13:15:22,574][flwr][INFO] - [ROUND 4]
[2025-01-07 13:15:22,574][flwr][INFO] - configure_fit: strategy sampled 2 clients (out of 5)
[2025-01-07 13:15:43,170][flwr][INFO] - aggregate_fit: received 2 results and 0 failures
[2025-01-07 13:15:46,601][flwr][INFO] - fit progress: (4, 181.86954855918884, {'accuracy': 0.1135}, 111.92121969100117)
[2025-01-07 13:15:46,602][flwr][INFO] - configure_evaluate: strategy sampled 5 clients (out of 5)
[2025-01-07 13:15:48,548][flwr][INFO] - aggregate_evaluate: received 5 results and 0 failures
[2025-01-07 13:15:48,548][flwr][INFO] - 
[2025-01-07 13:15:48,548][flwr][INFO] - [ROUND 5]
[2025-01-07 13:15:48,549][flwr][INFO] - configure_fit: strategy sampled 2 clients (out of 5)
[2025-01-07 13:16:10,184][flwr][INFO] - aggregate_fit: received 2 results and 0 failures
[2025-01-07 13:16:13,215][flwr][INFO] - fit progress: (5, 182.21805024147034, {'accuracy': 0.0958}, 138.53457065999828)
[2025-01-07 13:16:13,215][flwr][INFO] - configure_evaluate: strategy sampled 5 clients (out of 5)
[2025-01-07 13:16:14,913][flwr][INFO] - aggregate_evaluate: received 5 results and 0 failures
[2025-01-07 13:16:14,914][flwr][INFO] - 
[2025-01-07 13:16:14,914][flwr][INFO] - [SUMMARY]
[2025-01-07 13:16:14,914][flwr][INFO] - Run finished 5 round(s) in 140.23s
[2025-01-07 13:16:14,915][flwr][INFO] - 	History (loss, distributed):
[2025-01-07 13:16:14,915][flwr][INFO] - 		round 1: 179.67376937866212
[2025-01-07 13:16:14,915][flwr][INFO] - 		round 2: 81.32270411550999
[2025-01-07 13:16:14,915][flwr][INFO] - 		round 3: 172.89711995124816
[2025-01-07 13:16:14,915][flwr][INFO] - 		round 4: 172.7321729183197
[2025-01-07 13:16:14,915][flwr][INFO] - 		round 5: 173.0103394985199
[2025-01-07 13:16:14,915][flwr][INFO] - 	History (loss, centralized):
[2025-01-07 13:16:14,915][flwr][INFO] - 		round 0: 182.31561017036438
[2025-01-07 13:16:14,916][flwr][INFO] - 		round 1: 189.32466650009155
[2025-01-07 13:16:14,916][flwr][INFO] - 		round 2: 84.54559314250946
[2025-01-07 13:16:14,916][flwr][INFO] - 		round 3: 182.02576661109924
[2025-01-07 13:16:14,916][flwr][INFO] - 		round 4: 181.86954855918884
[2025-01-07 13:16:14,916][flwr][INFO] - 		round 5: 182.21805024147034
[2025-01-07 13:16:14,916][flwr][INFO] - 	History (metrics, centralized):
[2025-01-07 13:16:14,916][flwr][INFO] - 	{'accuracy': [(0, 0.0964),
[2025-01-07 13:16:14,916][flwr][INFO] - 	              (1, 0.1284),
[2025-01-07 13:16:14,916][flwr][INFO] - 	              (2, 0.6701),
[2025-01-07 13:16:14,917][flwr][INFO] - 	              (3, 0.1135),
[2025-01-07 13:16:14,917][flwr][INFO] - 	              (4, 0.1135),
[2025-01-07 13:16:14,917][flwr][INFO] - 	              (5, 0.0958)]}
[2025-01-07 13:16:14,917][flwr][INFO] - 
