[2025-01-07 17:59:18,563][flwr][INFO] - Starting Flower simulation, config: num_rounds=10, no round_timeout
[2025-01-07 17:59:22,155][flwr][INFO] - Flower VCE: Ray initialized with resources: {'CPU': 12.0, 'node:192.168.1.11': 1.0, 'memory': 6377558016.0, 'object_store_memory': 3188779008.0, 'node:__internal_head__': 1.0}
[2025-01-07 17:59:22,156][flwr][INFO] - Optimize your simulation with Flower VCE: https://flower.ai/docs/framework/how-to-run-simulations.html
[2025-01-07 17:59:22,156][flwr][INFO] - Flower VCE: Resources for each Virtual Client: {'num_cpus': 2, 'num_gpus': 0}
[2025-01-07 17:59:22,163][flwr][INFO] - Flower VCE: Creating VirtualClientEngineActorPool with 6 actors
[2025-01-07 17:59:22,164][flwr][INFO] - [INIT]
[2025-01-07 17:59:22,164][flwr][INFO] - Requesting initial parameters from one random client
[2025-01-07 17:59:24,795][flwr][INFO] - Received initial parameters from one random client
[2025-01-07 17:59:24,796][flwr][INFO] - Starting evaluation of initial global parameters
[2025-01-07 17:59:26,197][flwr][INFO] - initial parameters (loss, other metrics): 182.0468771457672, {'accuracy': 0.0964}
[2025-01-07 17:59:26,197][flwr][INFO] - 
[2025-01-07 17:59:26,197][flwr][INFO] - [ROUND 1]
[2025-01-07 17:59:26,197][flwr][INFO] - configure_fit: strategy sampled 2 clients (out of 20)
[2025-01-07 17:59:32,610][flwr][INFO] - aggregate_fit: received 2 results and 0 failures
[2025-01-07 17:59:32,617][flwr][WARNING] - No fit_metrics_aggregation_fn provided
[2025-01-07 17:59:33,775][flwr][INFO] - fit progress: (1, 14.086310398764908, {'accuracy': 0.9439}, 7.5779723309969995)
[2025-01-07 17:59:33,775][flwr][INFO] - configure_evaluate: strategy sampled 2 clients (out of 20)
[2025-01-07 17:59:34,144][flwr][INFO] - aggregate_evaluate: received 2 results and 0 failures
[2025-01-07 17:59:34,144][flwr][WARNING] - No evaluate_metrics_aggregation_fn provided
[2025-01-07 17:59:34,144][flwr][INFO] - 
[2025-01-07 17:59:34,144][flwr][INFO] - [ROUND 2]
[2025-01-07 17:59:34,144][flwr][INFO] - configure_fit: strategy sampled 2 clients (out of 20)
[2025-01-07 17:59:38,131][flwr][INFO] - aggregate_fit: received 2 results and 0 failures
[2025-01-07 17:59:39,587][flwr][INFO] - fit progress: (2, 10.124727692513261, {'accuracy': 0.9619}, 13.389965377995395)
[2025-01-07 17:59:39,587][flwr][INFO] - configure_evaluate: strategy sampled 2 clients (out of 20)
[2025-01-07 17:59:39,907][flwr][INFO] - aggregate_evaluate: received 2 results and 0 failures
[2025-01-07 17:59:39,907][flwr][INFO] - 
[2025-01-07 17:59:39,907][flwr][INFO] - [ROUND 3]
[2025-01-07 17:59:39,907][flwr][INFO] - configure_fit: strategy sampled 2 clients (out of 20)
[2025-01-07 17:59:43,765][flwr][INFO] - aggregate_fit: received 2 results and 0 failures
[2025-01-07 17:59:45,139][flwr][INFO] - fit progress: (3, 6.937940301751951, {'accuracy': 0.9738}, 18.942111414995452)
[2025-01-07 17:59:45,139][flwr][INFO] - configure_evaluate: strategy sampled 2 clients (out of 20)
[2025-01-07 17:59:45,474][flwr][INFO] - aggregate_evaluate: received 2 results and 0 failures
[2025-01-07 17:59:45,474][flwr][INFO] - 
[2025-01-07 17:59:45,475][flwr][INFO] - [ROUND 4]
[2025-01-07 17:59:45,475][flwr][INFO] - configure_fit: strategy sampled 2 clients (out of 20)
[2025-01-07 17:59:49,248][flwr][INFO] - aggregate_fit: received 2 results and 0 failures
[2025-01-07 17:59:50,877][flwr][INFO] - fit progress: (4, 5.596511546636975, {'accuracy': 0.9796}, 24.679931332997512)
[2025-01-07 17:59:50,877][flwr][INFO] - configure_evaluate: strategy sampled 2 clients (out of 20)
[2025-01-07 17:59:51,193][flwr][INFO] - aggregate_evaluate: received 2 results and 0 failures
[2025-01-07 17:59:51,193][flwr][INFO] - 
[2025-01-07 17:59:51,193][flwr][INFO] - [ROUND 5]
[2025-01-07 17:59:51,193][flwr][INFO] - configure_fit: strategy sampled 2 clients (out of 20)
[2025-01-07 17:59:55,106][flwr][INFO] - aggregate_fit: received 2 results and 0 failures
[2025-01-07 17:59:56,279][flwr][INFO] - fit progress: (5, 5.314613006364198, {'accuracy': 0.9817}, 30.081940694995865)
[2025-01-07 17:59:56,279][flwr][INFO] - configure_evaluate: strategy sampled 2 clients (out of 20)
[2025-01-07 17:59:56,629][flwr][INFO] - aggregate_evaluate: received 2 results and 0 failures
[2025-01-07 17:59:56,630][flwr][INFO] - 
[2025-01-07 17:59:56,630][flwr][INFO] - [ROUND 6]
[2025-01-07 17:59:56,630][flwr][INFO] - configure_fit: strategy sampled 2 clients (out of 20)
[2025-01-07 18:00:00,521][flwr][INFO] - aggregate_fit: received 2 results and 0 failures
[2025-01-07 18:00:01,976][flwr][INFO] - fit progress: (6, 5.9686119736179535, {'accuracy': 0.9807}, 35.779197289994045)
[2025-01-07 18:00:01,977][flwr][INFO] - configure_evaluate: strategy sampled 2 clients (out of 20)
[2025-01-07 18:00:02,305][flwr][INFO] - aggregate_evaluate: received 2 results and 0 failures
[2025-01-07 18:00:02,305][flwr][INFO] - 
[2025-01-07 18:00:02,305][flwr][INFO] - [ROUND 7]
[2025-01-07 18:00:02,305][flwr][INFO] - configure_fit: strategy sampled 2 clients (out of 20)
[2025-01-07 18:00:06,086][flwr][INFO] - aggregate_fit: received 2 results and 0 failures
[2025-01-07 18:00:07,474][flwr][INFO] - fit progress: (7, 4.693999006944068, {'accuracy': 0.9838}, 41.27652921799745)
[2025-01-07 18:00:07,474][flwr][INFO] - configure_evaluate: strategy sampled 2 clients (out of 20)
[2025-01-07 18:00:07,851][flwr][INFO] - aggregate_evaluate: received 2 results and 0 failures
[2025-01-07 18:00:07,851][flwr][INFO] - 
[2025-01-07 18:00:07,851][flwr][INFO] - [ROUND 8]
[2025-01-07 18:00:07,851][flwr][INFO] - configure_fit: strategy sampled 2 clients (out of 20)
[2025-01-07 18:00:11,727][flwr][INFO] - aggregate_fit: received 2 results and 0 failures
[2025-01-07 18:00:13,129][flwr][INFO] - fit progress: (8, 5.981784855924843, {'accuracy': 0.9807}, 46.9314507589952)
[2025-01-07 18:00:13,129][flwr][INFO] - configure_evaluate: strategy sampled 2 clients (out of 20)
[2025-01-07 18:00:13,466][flwr][INFO] - aggregate_evaluate: received 2 results and 0 failures
[2025-01-07 18:00:13,466][flwr][INFO] - 
[2025-01-07 18:00:13,466][flwr][INFO] - [ROUND 9]
[2025-01-07 18:00:13,466][flwr][INFO] - configure_fit: strategy sampled 2 clients (out of 20)
[2025-01-07 18:00:17,367][flwr][INFO] - aggregate_fit: received 2 results and 0 failures
[2025-01-07 18:00:19,096][flwr][INFO] - fit progress: (9, 4.38101190968996, {'accuracy': 0.9852}, 52.89895047000027)
[2025-01-07 18:00:19,096][flwr][INFO] - configure_evaluate: strategy sampled 2 clients (out of 20)
[2025-01-07 18:00:19,416][flwr][INFO] - aggregate_evaluate: received 2 results and 0 failures
[2025-01-07 18:00:19,416][flwr][INFO] - 
[2025-01-07 18:00:19,417][flwr][INFO] - [ROUND 10]
[2025-01-07 18:00:19,417][flwr][INFO] - configure_fit: strategy sampled 2 clients (out of 20)
[2025-01-07 18:00:23,214][flwr][INFO] - aggregate_fit: received 2 results and 0 failures
[2025-01-07 18:00:24,714][flwr][INFO] - fit progress: (10, 4.458264523941693, {'accuracy': 0.9868}, 58.516596371999185)
[2025-01-07 18:00:24,714][flwr][INFO] - configure_evaluate: strategy sampled 2 clients (out of 20)
[2025-01-07 18:00:25,062][flwr][INFO] - aggregate_evaluate: received 2 results and 0 failures
[2025-01-07 18:00:25,062][flwr][INFO] - 
[2025-01-07 18:00:25,062][flwr][INFO] - [SUMMARY]
[2025-01-07 18:00:25,062][flwr][INFO] - Run finished 10 round(s) in 58.86s
[2025-01-07 18:00:25,063][flwr][INFO] - 	History (loss, distributed):
[2025-01-07 18:00:25,063][flwr][INFO] - 		round 1: 3.2771721594035625
[2025-01-07 18:00:25,063][flwr][INFO] - 		round 2: 1.7691127981670434
[2025-01-07 18:00:25,063][flwr][INFO] - 		round 3: 1.5839882760010369
[2025-01-07 18:00:25,063][flwr][INFO] - 		round 4: 2.34939425894936
[2025-01-07 18:00:25,063][flwr][INFO] - 		round 5: 1.092719113070416
[2025-01-07 18:00:25,063][flwr][INFO] - 		round 6: 2.9344333129884035
[2025-01-07 18:00:25,063][flwr][INFO] - 		round 7: 1.4254336532794696
[2025-01-07 18:00:25,063][flwr][INFO] - 		round 8: 1.3758097977047328
[2025-01-07 18:00:25,063][flwr][INFO] - 		round 9: 1.4909112069864818
[2025-01-07 18:00:25,063][flwr][INFO] - 		round 10: 1.719933832692476
[2025-01-07 18:00:25,064][flwr][INFO] - 	History (loss, centralized):
[2025-01-07 18:00:25,064][flwr][INFO] - 		round 0: 182.0468771457672
[2025-01-07 18:00:25,064][flwr][INFO] - 		round 1: 14.086310398764908
[2025-01-07 18:00:25,064][flwr][INFO] - 		round 2: 10.124727692513261
[2025-01-07 18:00:25,064][flwr][INFO] - 		round 3: 6.937940301751951
[2025-01-07 18:00:25,064][flwr][INFO] - 		round 4: 5.596511546636975
[2025-01-07 18:00:25,064][flwr][INFO] - 		round 5: 5.314613006364198
[2025-01-07 18:00:25,064][flwr][INFO] - 		round 6: 5.9686119736179535
[2025-01-07 18:00:25,064][flwr][INFO] - 		round 7: 4.693999006944068
[2025-01-07 18:00:25,064][flwr][INFO] - 		round 8: 5.981784855924843
[2025-01-07 18:00:25,064][flwr][INFO] - 		round 9: 4.38101190968996
[2025-01-07 18:00:25,064][flwr][INFO] - 		round 10: 4.458264523941693
[2025-01-07 18:00:25,065][flwr][INFO] - 	History (metrics, centralized):
[2025-01-07 18:00:25,065][flwr][INFO] - 	{'accuracy': [(0, 0.0964),
[2025-01-07 18:00:25,065][flwr][INFO] - 	              (1, 0.9439),
[2025-01-07 18:00:25,065][flwr][INFO] - 	              (2, 0.9619),
[2025-01-07 18:00:25,065][flwr][INFO] - 	              (3, 0.9738),
[2025-01-07 18:00:25,065][flwr][INFO] - 	              (4, 0.9796),
[2025-01-07 18:00:25,065][flwr][INFO] - 	              (5, 0.9817),
[2025-01-07 18:00:25,065][flwr][INFO] - 	              (6, 0.9807),
[2025-01-07 18:00:25,065][flwr][INFO] - 	              (7, 0.9838),
[2025-01-07 18:00:25,065][flwr][INFO] - 	              (8, 0.9807),
[2025-01-07 18:00:25,065][flwr][INFO] - 	              (9, 0.9852),
[2025-01-07 18:00:25,065][flwr][INFO] - 	              (10, 0.9868)]}
[2025-01-07 18:00:25,065][flwr][INFO] - 
