[2024-12-31 23:26:25,686][flwr][INFO] - Starting Flower simulation, config: num_rounds=10, no round_timeout
[2024-12-31 23:26:29,267][flwr][INFO] - Flower VCE: Ray initialized with resources: {'node:192.168.1.11': 1.0, 'CPU': 12.0, 'object_store_memory': 3266552217.0, 'memory': 6533104436.0, 'node:__internal_head__': 1.0}
[2024-12-31 23:26:29,267][flwr][INFO] - Optimize your simulation with Flower VCE: https://flower.ai/docs/framework/how-to-run-simulations.html
[2024-12-31 23:26:29,267][flwr][INFO] - Flower VCE: Resources for each Virtual Client: {'num_cpus': 2, 'num_gpus': 0}
[2024-12-31 23:26:29,278][flwr][INFO] - Flower VCE: Creating VirtualClientEngineActorPool with 6 actors
[2024-12-31 23:26:29,278][flwr][INFO] - [INIT]
[2024-12-31 23:26:29,278][flwr][INFO] - Using initial global parameters provided by strategy
[2024-12-31 23:26:29,278][flwr][INFO] - Starting evaluation of initial global parameters
[2024-12-31 23:26:32,194][flwr][INFO] - initial parameters (loss, other metrics): 182.0084366798401, {'accuracy': 0.1018}
[2024-12-31 23:26:32,194][flwr][INFO] - 
[2024-12-31 23:26:32,194][flwr][INFO] - [ROUND 1]
[2024-12-31 23:26:32,195][flwr][INFO] - configure_fit: strategy sampled 2 clients (out of 10)
[2024-12-31 23:26:44,021][flwr][INFO] - aggregate_fit: received 2 results and 0 failures
[2024-12-31 23:26:44,026][flwr][WARNING] - No fit_metrics_aggregation_fn provided
[2024-12-31 23:26:46,020][flwr][INFO] - fit progress: (1, 182.45703887939453, {'accuracy': 0.0958}, 13.8256666199959)
[2024-12-31 23:26:46,020][flwr][INFO] - configure_evaluate: strategy sampled 2 clients (out of 10)
[2024-12-31 23:26:46,358][flwr][INFO] - aggregate_evaluate: received 2 results and 0 failures
[2024-12-31 23:26:46,358][flwr][WARNING] - No evaluate_metrics_aggregation_fn provided
[2024-12-31 23:26:46,358][flwr][INFO] - 
[2024-12-31 23:26:46,358][flwr][INFO] - [ROUND 2]
[2024-12-31 23:26:46,358][flwr][INFO] - configure_fit: strategy sampled 2 clients (out of 10)
[2024-12-31 23:26:55,531][flwr][INFO] - aggregate_fit: received 2 results and 0 failures
[2024-12-31 23:26:57,274][flwr][INFO] - fit progress: (2, 182.14530491828918, {'accuracy': 0.0958}, 25.08012388899806)
[2024-12-31 23:26:57,275][flwr][INFO] - configure_evaluate: strategy sampled 2 clients (out of 10)
[2024-12-31 23:26:57,660][flwr][INFO] - aggregate_evaluate: received 2 results and 0 failures
[2024-12-31 23:26:57,660][flwr][INFO] - 
[2024-12-31 23:26:57,660][flwr][INFO] - [ROUND 3]
[2024-12-31 23:26:57,661][flwr][INFO] - configure_fit: strategy sampled 2 clients (out of 10)
[2024-12-31 23:27:06,786][flwr][INFO] - aggregate_fit: received 2 results and 0 failures
[2024-12-31 23:27:08,868][flwr][INFO] - fit progress: (3, 181.90487909317017, {'accuracy': 0.1028}, 36.67418466399977)
[2024-12-31 23:27:08,869][flwr][INFO] - configure_evaluate: strategy sampled 2 clients (out of 10)
[2024-12-31 23:27:09,205][flwr][INFO] - aggregate_evaluate: received 2 results and 0 failures
[2024-12-31 23:27:09,206][flwr][INFO] - 
[2024-12-31 23:27:09,206][flwr][INFO] - [ROUND 4]
[2024-12-31 23:27:09,206][flwr][INFO] - configure_fit: strategy sampled 2 clients (out of 10)
[2024-12-31 23:27:18,027][flwr][INFO] - aggregate_fit: received 2 results and 0 failures
[2024-12-31 23:27:19,982][flwr][INFO] - fit progress: (4, 181.9521005153656, {'accuracy': 0.1028}, 47.78807126799802)
[2024-12-31 23:27:19,983][flwr][INFO] - configure_evaluate: strategy sampled 2 clients (out of 10)
[2024-12-31 23:27:20,341][flwr][INFO] - aggregate_evaluate: received 2 results and 0 failures
[2024-12-31 23:27:20,341][flwr][INFO] - 
[2024-12-31 23:27:20,341][flwr][INFO] - [ROUND 5]
[2024-12-31 23:27:20,341][flwr][INFO] - configure_fit: strategy sampled 2 clients (out of 10)
[2024-12-31 23:27:29,319][flwr][INFO] - aggregate_fit: received 2 results and 0 failures
[2024-12-31 23:27:31,112][flwr][INFO] - fit progress: (5, 181.86973881721497, {'accuracy': 0.1135}, 58.917701220998424)
[2024-12-31 23:27:31,112][flwr][INFO] - configure_evaluate: strategy sampled 2 clients (out of 10)
[2024-12-31 23:27:31,489][flwr][INFO] - aggregate_evaluate: received 2 results and 0 failures
[2024-12-31 23:27:31,490][flwr][INFO] - 
[2024-12-31 23:27:31,490][flwr][INFO] - [ROUND 6]
[2024-12-31 23:27:31,490][flwr][INFO] - configure_fit: strategy sampled 2 clients (out of 10)
[2024-12-31 23:27:40,317][flwr][INFO] - aggregate_fit: received 2 results and 0 failures
[2024-12-31 23:27:42,440][flwr][INFO] - fit progress: (6, 181.86927556991577, {'accuracy': 0.1135}, 70.24575670900231)
[2024-12-31 23:27:42,440][flwr][INFO] - configure_evaluate: strategy sampled 2 clients (out of 10)
[2024-12-31 23:27:42,805][flwr][INFO] - aggregate_evaluate: received 2 results and 0 failures
[2024-12-31 23:27:42,806][flwr][INFO] - 
[2024-12-31 23:27:42,806][flwr][INFO] - [ROUND 7]
[2024-12-31 23:27:42,806][flwr][INFO] - configure_fit: strategy sampled 2 clients (out of 10)
[2024-12-31 23:27:51,697][flwr][INFO] - aggregate_fit: received 2 results and 0 failures
[2024-12-31 23:27:53,282][flwr][INFO] - fit progress: (7, 181.851815700531, {'accuracy': 0.1135}, 81.08806408099917)
[2024-12-31 23:27:53,283][flwr][INFO] - configure_evaluate: strategy sampled 2 clients (out of 10)
[2024-12-31 23:27:53,649][flwr][INFO] - aggregate_evaluate: received 2 results and 0 failures
[2024-12-31 23:27:53,649][flwr][INFO] - 
[2024-12-31 23:27:53,649][flwr][INFO] - [ROUND 8]
[2024-12-31 23:27:53,650][flwr][INFO] - configure_fit: strategy sampled 2 clients (out of 10)
[2024-12-31 23:28:02,761][flwr][INFO] - aggregate_fit: received 2 results and 0 failures
[2024-12-31 23:28:04,486][flwr][INFO] - fit progress: (8, 181.83268547058105, {'accuracy': 0.1135}, 92.29151765899587)
[2024-12-31 23:28:04,486][flwr][INFO] - configure_evaluate: strategy sampled 2 clients (out of 10)
[2024-12-31 23:28:04,853][flwr][INFO] - aggregate_evaluate: received 2 results and 0 failures
[2024-12-31 23:28:04,853][flwr][INFO] - 
[2024-12-31 23:28:04,853][flwr][INFO] - [ROUND 9]
[2024-12-31 23:28:04,853][flwr][INFO] - configure_fit: strategy sampled 2 clients (out of 10)
[2024-12-31 23:28:13,899][flwr][INFO] - aggregate_fit: received 2 results and 0 failures
[2024-12-31 23:28:15,657][flwr][INFO] - fit progress: (9, 181.93515849113464, {'accuracy': 0.1009}, 103.463137945997)
[2024-12-31 23:28:15,658][flwr][INFO] - configure_evaluate: strategy sampled 2 clients (out of 10)
[2024-12-31 23:28:16,066][flwr][INFO] - aggregate_evaluate: received 2 results and 0 failures
[2024-12-31 23:28:16,066][flwr][INFO] - 
[2024-12-31 23:28:16,066][flwr][INFO] - [ROUND 10]
[2024-12-31 23:28:16,067][flwr][INFO] - configure_fit: strategy sampled 2 clients (out of 10)
[2024-12-31 23:28:25,096][flwr][INFO] - aggregate_fit: received 2 results and 0 failures
[2024-12-31 23:28:27,141][flwr][INFO] - fit progress: (10, 181.91051363945007, {'accuracy': 0.1009}, 114.94622420200176)
[2024-12-31 23:28:27,141][flwr][INFO] - configure_evaluate: strategy sampled 2 clients (out of 10)
[2024-12-31 23:28:27,520][flwr][INFO] - aggregate_evaluate: received 2 results and 0 failures
[2024-12-31 23:28:27,520][flwr][INFO] - 
[2024-12-31 23:28:27,520][flwr][INFO] - [SUMMARY]
[2024-12-31 23:28:27,520][flwr][INFO] - Run finished 10 round(s) in 115.33s
[2024-12-31 23:28:27,521][flwr][INFO] - 	History (loss, distributed):
[2024-12-31 23:28:27,521][flwr][INFO] - 		round 1: 43.950868010520935
[2024-12-31 23:28:27,521][flwr][INFO] - 		round 2: 43.838316202163696
[2024-12-31 23:28:27,521][flwr][INFO] - 		round 3: 43.733020186424255
[2024-12-31 23:28:27,521][flwr][INFO] - 		round 4: 43.75168979167938
[2024-12-31 23:28:27,521][flwr][INFO] - 		round 5: 43.72813606262207
[2024-12-31 23:28:27,521][flwr][INFO] - 		round 6: 43.76914095878601
[2024-12-31 23:28:27,521][flwr][INFO] - 		round 7: 43.774508118629456
[2024-12-31 23:28:27,521][flwr][INFO] - 		round 8: 43.7984344959259
[2024-12-31 23:28:27,521][flwr][INFO] - 		round 9: 43.769997358322144
[2024-12-31 23:28:27,522][flwr][INFO] - 		round 10: 43.74999117851257
[2024-12-31 23:28:27,522][flwr][INFO] - 	History (loss, centralized):
[2024-12-31 23:28:27,522][flwr][INFO] - 		round 0: 182.0084366798401
[2024-12-31 23:28:27,522][flwr][INFO] - 		round 1: 182.45703887939453
[2024-12-31 23:28:27,522][flwr][INFO] - 		round 2: 182.14530491828918
[2024-12-31 23:28:27,522][flwr][INFO] - 		round 3: 181.90487909317017
[2024-12-31 23:28:27,522][flwr][INFO] - 		round 4: 181.9521005153656
[2024-12-31 23:28:27,522][flwr][INFO] - 		round 5: 181.86973881721497
[2024-12-31 23:28:27,522][flwr][INFO] - 		round 6: 181.86927556991577
[2024-12-31 23:28:27,522][flwr][INFO] - 		round 7: 181.851815700531
[2024-12-31 23:28:27,522][flwr][INFO] - 		round 8: 181.83268547058105
[2024-12-31 23:28:27,522][flwr][INFO] - 		round 9: 181.93515849113464
[2024-12-31 23:28:27,522][flwr][INFO] - 		round 10: 181.91051363945007
[2024-12-31 23:28:27,522][flwr][INFO] - 	History (metrics, centralized):
[2024-12-31 23:28:27,522][flwr][INFO] - 	{'accuracy': [(0, 0.1018),
[2024-12-31 23:28:27,522][flwr][INFO] - 	              (1, 0.0958),
[2024-12-31 23:28:27,522][flwr][INFO] - 	              (2, 0.0958),
[2024-12-31 23:28:27,522][flwr][INFO] - 	              (3, 0.1028),
[2024-12-31 23:28:27,522][flwr][INFO] - 	              (4, 0.1028),
[2024-12-31 23:28:27,522][flwr][INFO] - 	              (5, 0.1135),
[2024-12-31 23:28:27,522][flwr][INFO] - 	              (6, 0.1135),
[2024-12-31 23:28:27,523][flwr][INFO] - 	              (7, 0.1135),
[2024-12-31 23:28:27,523][flwr][INFO] - 	              (8, 0.1135),
[2024-12-31 23:28:27,523][flwr][INFO] - 	              (9, 0.1009),
[2024-12-31 23:28:27,523][flwr][INFO] - 	              (10, 0.1009)]}
[2024-12-31 23:28:27,523][flwr][INFO] - 
