[2025-01-07 14:09:04,390][flwr][INFO] - Starting Flower simulation, config: num_rounds=5, no round_timeout
[2025-01-07 14:09:07,901][flwr][INFO] - Flower VCE: Ray initialized with resources: {'node:__internal_head__': 1.0, 'object_store_memory': 3175655424.0, 'memory': 6351310848.0, 'CPU': 12.0, 'node:192.168.1.11': 1.0}
[2025-01-07 14:09:07,902][flwr][INFO] - Optimize your simulation with Flower VCE: https://flower.ai/docs/framework/how-to-run-simulations.html
[2025-01-07 14:09:07,902][flwr][INFO] - Flower VCE: Resources for each Virtual Client: {'num_cpus': 2, 'num_gpus': 0}
[2025-01-07 14:09:07,908][flwr][INFO] - Flower VCE: Creating VirtualClientEngineActorPool with 6 actors
[2025-01-07 14:09:07,909][flwr][INFO] - [INIT]
[2025-01-07 14:09:07,909][flwr][INFO] - Requesting initial parameters from one random client
[2025-01-07 14:09:10,676][flwr][INFO] - Received initial parameters from one random client
[2025-01-07 14:09:10,676][flwr][INFO] - Starting evaluation of initial global parameters
[2025-01-07 14:09:12,101][flwr][INFO] - initial parameters (loss, other metrics): 182.1779911518097, {'accuracy': 0.0896}
[2025-01-07 14:09:12,101][flwr][INFO] - 
[2025-01-07 14:09:12,101][flwr][INFO] - [ROUND 1]
[2025-01-07 14:09:12,101][flwr][INFO] - configure_fit: strategy sampled 2 clients (out of 10)
[2025-01-07 14:09:22,662][flwr][INFO] - aggregate_fit: received 2 results and 0 failures
[2025-01-07 14:09:22,669][flwr][WARNING] - No fit_metrics_aggregation_fn provided
[2025-01-07 14:09:23,833][flwr][INFO] - fit progress: (1, 182.1028151512146, {'accuracy': 0.1139}, 11.731544284000847)
[2025-01-07 14:09:23,833][flwr][INFO] - configure_evaluate: strategy sampled 5 clients (out of 10)
[2025-01-07 14:09:27,463][flwr][INFO] - aggregate_evaluate: received 5 results and 0 failures
[2025-01-07 14:09:27,463][flwr][WARNING] - No evaluate_metrics_aggregation_fn provided
[2025-01-07 14:09:27,463][flwr][INFO] - 
[2025-01-07 14:09:27,463][flwr][INFO] - [ROUND 2]
[2025-01-07 14:09:27,464][flwr][INFO] - configure_fit: strategy sampled 2 clients (out of 10)
[2025-01-07 14:09:34,816][flwr][INFO] - aggregate_fit: received 2 results and 0 failures
[2025-01-07 14:09:36,096][flwr][INFO] - fit progress: (2, 182.24882292747498, {'accuracy': 0.098}, 23.994676195001375)
[2025-01-07 14:09:36,096][flwr][INFO] - configure_evaluate: strategy sampled 5 clients (out of 10)
[2025-01-07 14:09:36,916][flwr][INFO] - aggregate_evaluate: received 5 results and 0 failures
[2025-01-07 14:09:36,916][flwr][INFO] - 
[2025-01-07 14:09:36,916][flwr][INFO] - [ROUND 3]
[2025-01-07 14:09:36,917][flwr][INFO] - configure_fit: strategy sampled 2 clients (out of 10)
[2025-01-07 14:09:44,109][flwr][INFO] - aggregate_fit: received 2 results and 0 failures
[2025-01-07 14:09:45,286][flwr][INFO] - fit progress: (3, 182.25559735298157, {'accuracy': 0.1032}, 33.184555160001764)
[2025-01-07 14:09:45,286][flwr][INFO] - configure_evaluate: strategy sampled 5 clients (out of 10)
[2025-01-07 14:09:46,100][flwr][INFO] - aggregate_evaluate: received 5 results and 0 failures
[2025-01-07 14:09:46,100][flwr][INFO] - 
[2025-01-07 14:09:46,100][flwr][INFO] - [ROUND 4]
[2025-01-07 14:09:46,101][flwr][INFO] - configure_fit: strategy sampled 2 clients (out of 10)
[2025-01-07 14:09:53,331][flwr][INFO] - aggregate_fit: received 2 results and 0 failures
[2025-01-07 14:09:54,570][flwr][INFO] - fit progress: (4, 182.18265914916992, {'accuracy': 0.0974}, 42.469209797000076)
[2025-01-07 14:09:54,571][flwr][INFO] - configure_evaluate: strategy sampled 5 clients (out of 10)
[2025-01-07 14:09:55,350][flwr][INFO] - aggregate_evaluate: received 5 results and 0 failures
[2025-01-07 14:09:55,350][flwr][INFO] - 
[2025-01-07 14:09:55,350][flwr][INFO] - [ROUND 5]
[2025-01-07 14:09:55,350][flwr][INFO] - configure_fit: strategy sampled 2 clients (out of 10)
[2025-01-07 14:10:02,462][flwr][INFO] - aggregate_fit: received 2 results and 0 failures
[2025-01-07 14:10:03,751][flwr][INFO] - fit progress: (5, 182.37134408950806, {'accuracy': 0.0974}, 51.65013508700213)
[2025-01-07 14:10:03,752][flwr][INFO] - configure_evaluate: strategy sampled 5 clients (out of 10)
[2025-01-07 14:10:04,525][flwr][INFO] - aggregate_evaluate: received 5 results and 0 failures
[2025-01-07 14:10:04,525][flwr][INFO] - 
[2025-01-07 14:10:04,526][flwr][INFO] - [SUMMARY]
[2025-01-07 14:10:04,526][flwr][INFO] - Run finished 5 round(s) in 52.42s
[2025-01-07 14:10:04,526][flwr][INFO] - 	History (loss, distributed):
[2025-01-07 14:10:04,526][flwr][INFO] - 		round 1: 87.73756194114685
[2025-01-07 14:10:04,526][flwr][INFO] - 		round 2: 87.75953097343445
[2025-01-07 14:10:04,527][flwr][INFO] - 		round 3: 87.71394548416137
[2025-01-07 14:10:04,527][flwr][INFO] - 		round 4: 87.71747350692749
[2025-01-07 14:10:04,527][flwr][INFO] - 		round 5: 87.84573116302491
[2025-01-07 14:10:04,527][flwr][INFO] - 	History (loss, centralized):
[2025-01-07 14:10:04,527][flwr][INFO] - 		round 0: 182.1779911518097
[2025-01-07 14:10:04,527][flwr][INFO] - 		round 1: 182.1028151512146
[2025-01-07 14:10:04,527][flwr][INFO] - 		round 2: 182.24882292747498
[2025-01-07 14:10:04,527][flwr][INFO] - 		round 3: 182.25559735298157
[2025-01-07 14:10:04,527][flwr][INFO] - 		round 4: 182.18265914916992
[2025-01-07 14:10:04,527][flwr][INFO] - 		round 5: 182.37134408950806
[2025-01-07 14:10:04,528][flwr][INFO] - 	History (metrics, centralized):
[2025-01-07 14:10:04,528][flwr][INFO] - 	{'accuracy': [(0, 0.0896),
[2025-01-07 14:10:04,528][flwr][INFO] - 	              (1, 0.1139),
[2025-01-07 14:10:04,528][flwr][INFO] - 	              (2, 0.098),
[2025-01-07 14:10:04,528][flwr][INFO] - 	              (3, 0.1032),
[2025-01-07 14:10:04,528][flwr][INFO] - 	              (4, 0.0974),
[2025-01-07 14:10:04,528][flwr][INFO] - 	              (5, 0.0974)]}
[2025-01-07 14:10:04,528][flwr][INFO] - 
