[2024-12-30 23:08:49,559][flwr][INFO] - Starting Flower simulation, config: num_rounds=10, no round_timeout
[2024-12-30 23:08:53,104][flwr][INFO] - Flower VCE: Ray initialized with resources: {'node:__internal_head__': 1.0, 'object_store_memory': 2980679270.0, 'memory': 5961358542.0, 'node:192.168.1.11': 1.0, 'CPU': 12.0}
[2024-12-30 23:08:53,104][flwr][INFO] - Optimize your simulation with Flower VCE: https://flower.ai/docs/framework/how-to-run-simulations.html
[2024-12-30 23:08:53,104][flwr][INFO] - Flower VCE: Resources for each Virtual Client: {'num_cpus': 2, 'num_gpus': 0}
[2024-12-30 23:08:53,116][flwr][INFO] - Flower VCE: Creating VirtualClientEngineActorPool with 6 actors
[2024-12-30 23:08:53,116][flwr][INFO] - [INIT]
[2024-12-30 23:08:53,116][flwr][INFO] - Using initial global parameters provided by strategy
[2024-12-30 23:08:53,116][flwr][INFO] - Starting evaluation of initial global parameters
[2024-12-30 23:08:55,876][flwr][INFO] - initial parameters (loss, other metrics): 182.22582244873047, {'accuracy': 0.0801}
[2024-12-30 23:08:55,876][flwr][INFO] - 
[2024-12-30 23:08:55,876][flwr][INFO] - [ROUND 1]
[2024-12-30 23:08:55,876][flwr][INFO] - configure_fit: strategy sampled 2 clients (out of 10)
[2024-12-30 23:09:11,267][flwr][INFO] - aggregate_fit: received 2 results and 0 failures
[2024-12-30 23:09:11,273][flwr][WARNING] - No fit_metrics_aggregation_fn provided
[2024-12-30 23:09:12,916][flwr][INFO] - fit progress: (1, 25.791198004037142, {'accuracy': 0.9049}, 17.040378981000686)
[2024-12-30 23:09:12,917][flwr][INFO] - configure_evaluate: strategy sampled 5 clients (out of 10)
[2024-12-30 23:09:16,727][flwr][INFO] - aggregate_evaluate: received 5 results and 0 failures
[2024-12-30 23:09:16,727][flwr][WARNING] - No evaluate_metrics_aggregation_fn provided
[2024-12-30 23:09:16,727][flwr][INFO] - 
[2024-12-30 23:09:16,728][flwr][INFO] - [ROUND 2]
[2024-12-30 23:09:16,728][flwr][INFO] - configure_fit: strategy sampled 2 clients (out of 10)
[2024-12-30 23:09:29,818][flwr][INFO] - aggregate_fit: received 2 results and 0 failures
[2024-12-30 23:09:31,487][flwr][INFO] - fit progress: (2, 26.51621801406145, {'accuracy': 0.8914}, 35.6107156500002)
[2024-12-30 23:09:31,487][flwr][INFO] - configure_evaluate: strategy sampled 5 clients (out of 10)
[2024-12-30 23:09:32,281][flwr][INFO] - aggregate_evaluate: received 5 results and 0 failures
[2024-12-30 23:09:32,281][flwr][INFO] - 
[2024-12-30 23:09:32,282][flwr][INFO] - [ROUND 3]
[2024-12-30 23:09:32,282][flwr][INFO] - configure_fit: strategy sampled 2 clients (out of 10)
[2024-12-30 23:09:45,413][flwr][INFO] - aggregate_fit: received 2 results and 0 failures
[2024-12-30 23:09:47,067][flwr][INFO] - fit progress: (3, 10.934139179065824, {'accuracy': 0.9695}, 51.190662646997225)
[2024-12-30 23:09:47,067][flwr][INFO] - configure_evaluate: strategy sampled 5 clients (out of 10)
[2024-12-30 23:09:47,879][flwr][INFO] - aggregate_evaluate: received 5 results and 0 failures
[2024-12-30 23:09:47,879][flwr][INFO] - 
[2024-12-30 23:09:47,879][flwr][INFO] - [ROUND 4]
[2024-12-30 23:09:47,880][flwr][INFO] - configure_fit: strategy sampled 2 clients (out of 10)
[2024-12-30 23:10:00,468][flwr][INFO] - aggregate_fit: received 2 results and 0 failures
[2024-12-30 23:10:02,046][flwr][INFO] - fit progress: (4, 8.911295727826655, {'accuracy': 0.9719}, 66.17052996499842)
[2024-12-30 23:10:02,047][flwr][INFO] - configure_evaluate: strategy sampled 5 clients (out of 10)
[2024-12-30 23:10:02,776][flwr][INFO] - aggregate_evaluate: received 5 results and 0 failures
[2024-12-30 23:10:02,776][flwr][INFO] - 
[2024-12-30 23:10:02,776][flwr][INFO] - [ROUND 5]
[2024-12-30 23:10:02,777][flwr][INFO] - configure_fit: strategy sampled 2 clients (out of 10)
[2024-12-30 23:10:15,338][flwr][INFO] - aggregate_fit: received 2 results and 0 failures
[2024-12-30 23:10:16,697][flwr][INFO] - fit progress: (5, 7.0123108745769756, {'accuracy': 0.9825}, 80.82075856899974)
[2024-12-30 23:10:16,697][flwr][INFO] - configure_evaluate: strategy sampled 5 clients (out of 10)
[2024-12-30 23:10:17,511][flwr][INFO] - aggregate_evaluate: received 5 results and 0 failures
[2024-12-30 23:10:17,511][flwr][INFO] - 
[2024-12-30 23:10:17,511][flwr][INFO] - [ROUND 6]
[2024-12-30 23:10:17,511][flwr][INFO] - configure_fit: strategy sampled 2 clients (out of 10)
[2024-12-30 23:10:30,046][flwr][INFO] - aggregate_fit: received 2 results and 0 failures
[2024-12-30 23:10:31,697][flwr][INFO] - fit progress: (6, 7.078965273448631, {'accuracy': 0.98}, 95.82072689699999)
[2024-12-30 23:10:31,697][flwr][INFO] - configure_evaluate: strategy sampled 5 clients (out of 10)
[2024-12-30 23:10:32,461][flwr][INFO] - aggregate_evaluate: received 5 results and 0 failures
[2024-12-30 23:10:32,462][flwr][INFO] - 
[2024-12-30 23:10:32,462][flwr][INFO] - [ROUND 7]
[2024-12-30 23:10:32,462][flwr][INFO] - configure_fit: strategy sampled 2 clients (out of 10)
[2024-12-30 23:10:44,808][flwr][INFO] - aggregate_fit: received 2 results and 0 failures
[2024-12-30 23:10:46,190][flwr][INFO] - fit progress: (7, 5.961002050009078, {'accuracy': 0.9838}, 110.31445898399761)
[2024-12-30 23:10:46,191][flwr][INFO] - configure_evaluate: strategy sampled 5 clients (out of 10)
[2024-12-30 23:10:46,972][flwr][INFO] - aggregate_evaluate: received 5 results and 0 failures
[2024-12-30 23:10:46,972][flwr][INFO] - 
[2024-12-30 23:10:46,973][flwr][INFO] - [ROUND 8]
[2024-12-30 23:10:46,973][flwr][INFO] - configure_fit: strategy sampled 2 clients (out of 10)
[2024-12-30 23:10:59,565][flwr][INFO] - aggregate_fit: received 2 results and 0 failures
[2024-12-30 23:11:01,084][flwr][INFO] - fit progress: (8, 6.609640700640611, {'accuracy': 0.9835}, 125.20765560699874)
[2024-12-30 23:11:01,084][flwr][INFO] - configure_evaluate: strategy sampled 5 clients (out of 10)
[2024-12-30 23:11:01,933][flwr][INFO] - aggregate_evaluate: received 5 results and 0 failures
[2024-12-30 23:11:01,933][flwr][INFO] - 
[2024-12-30 23:11:01,933][flwr][INFO] - [ROUND 9]
[2024-12-30 23:11:01,933][flwr][INFO] - configure_fit: strategy sampled 2 clients (out of 10)
[2024-12-30 23:11:15,599][flwr][INFO] - aggregate_fit: received 2 results and 0 failures
[2024-12-30 23:11:17,148][flwr][INFO] - fit progress: (9, 6.1254868186321225, {'accuracy': 0.9845}, 141.27245880699775)
[2024-12-30 23:11:17,149][flwr][INFO] - configure_evaluate: strategy sampled 5 clients (out of 10)
[2024-12-30 23:11:17,917][flwr][INFO] - aggregate_evaluate: received 5 results and 0 failures
[2024-12-30 23:11:17,917][flwr][INFO] - 
[2024-12-30 23:11:17,917][flwr][INFO] - [ROUND 10]
[2024-12-30 23:11:17,918][flwr][INFO] - configure_fit: strategy sampled 2 clients (out of 10)
[2024-12-30 23:11:30,867][flwr][INFO] - aggregate_fit: received 2 results and 0 failures
[2024-12-30 23:11:32,738][flwr][INFO] - fit progress: (10, 6.232822908923499, {'accuracy': 0.986}, 156.86187810499905)
[2024-12-30 23:11:32,738][flwr][INFO] - configure_evaluate: strategy sampled 5 clients (out of 10)
[2024-12-30 23:11:33,565][flwr][INFO] - aggregate_evaluate: received 5 results and 0 failures
[2024-12-30 23:11:33,566][flwr][INFO] - 
[2024-12-30 23:11:33,566][flwr][INFO] - [SUMMARY]
[2024-12-30 23:11:33,566][flwr][INFO] - Run finished 10 round(s) in 157.69s
[2024-12-30 23:11:33,566][flwr][INFO] - 	History (loss, distributed):
[2024-12-30 23:11:33,567][flwr][INFO] - 		round 1: 13.512219438795
[2024-12-30 23:11:33,567][flwr][INFO] - 		round 2: 13.036034785350784
[2024-12-30 23:11:33,567][flwr][INFO] - 		round 3: 5.601129542237095
[2024-12-30 23:11:33,567][flwr][INFO] - 		round 4: 4.416458149607206
[2024-12-30 23:11:33,567][flwr][INFO] - 		round 5: 4.53492167524156
[2024-12-30 23:11:33,567][flwr][INFO] - 		round 6: 4.36621236863844
[2024-12-30 23:11:33,567][flwr][INFO] - 		round 7: 4.5955863227070255
[2024-12-30 23:11:33,567][flwr][INFO] - 		round 8: 3.8996938144816125
[2024-12-30 23:11:33,568][flwr][INFO] - 		round 9: 4.337035920389997
[2024-12-30 23:11:33,568][flwr][INFO] - 		round 10: 4.823362885594807
[2024-12-30 23:11:33,568][flwr][INFO] - 	History (loss, centralized):
[2024-12-30 23:11:33,568][flwr][INFO] - 		round 0: 182.22582244873047
[2024-12-30 23:11:33,568][flwr][INFO] - 		round 1: 25.791198004037142
[2024-12-30 23:11:33,568][flwr][INFO] - 		round 2: 26.51621801406145
[2024-12-30 23:11:33,568][flwr][INFO] - 		round 3: 10.934139179065824
[2024-12-30 23:11:33,568][flwr][INFO] - 		round 4: 8.911295727826655
[2024-12-30 23:11:33,568][flwr][INFO] - 		round 5: 7.0123108745769756
[2024-12-30 23:11:33,569][flwr][INFO] - 		round 6: 7.078965273448631
[2024-12-30 23:11:33,569][flwr][INFO] - 		round 7: 5.961002050009078
[2024-12-30 23:11:33,569][flwr][INFO] - 		round 8: 6.609640700640611
[2024-12-30 23:11:33,569][flwr][INFO] - 		round 9: 6.1254868186321225
[2024-12-30 23:11:33,569][flwr][INFO] - 		round 10: 6.232822908923499
[2024-12-30 23:11:33,569][flwr][INFO] - 	History (metrics, centralized):
[2024-12-30 23:11:33,569][flwr][INFO] - 	{'accuracy': [(0, 0.0801),
[2024-12-30 23:11:33,569][flwr][INFO] - 	              (1, 0.9049),
[2024-12-30 23:11:33,569][flwr][INFO] - 	              (2, 0.8914),
[2024-12-30 23:11:33,569][flwr][INFO] - 	              (3, 0.9695),
[2024-12-30 23:11:33,570][flwr][INFO] - 	              (4, 0.9719),
[2024-12-30 23:11:33,570][flwr][INFO] - 	              (5, 0.9825),
[2024-12-30 23:11:33,570][flwr][INFO] - 	              (6, 0.98),
[2024-12-30 23:11:33,570][flwr][INFO] - 	              (7, 0.9838),
[2024-12-30 23:11:33,570][flwr][INFO] - 	              (8, 0.9835),
[2024-12-30 23:11:33,570][flwr][INFO] - 	              (9, 0.9845),
[2024-12-30 23:11:33,570][flwr][INFO] - 	              (10, 0.986)]}
[2024-12-30 23:11:33,570][flwr][INFO] - 
