[2024-12-31 17:00:36,349][flwr][INFO] - Starting Flower simulation, config: num_rounds=10, no round_timeout
[2024-12-31 17:00:40,406][flwr][INFO] - Flower VCE: Ray initialized with resources: {'node:__internal_head__': 1.0, 'memory': 3476410368.0, 'object_store_memory': 1738205184.0, 'CPU': 12.0, 'node:192.168.1.11': 1.0}
[2024-12-31 17:00:40,406][flwr][INFO] - Optimize your simulation with Flower VCE: https://flower.ai/docs/framework/how-to-run-simulations.html
[2024-12-31 17:00:40,406][flwr][INFO] - Flower VCE: Resources for each Virtual Client: {'num_cpus': 2, 'num_gpus': 0}
[2024-12-31 17:00:40,423][flwr][INFO] - Flower VCE: Creating VirtualClientEngineActorPool with 6 actors
[2024-12-31 17:00:40,424][flwr][INFO] - [INIT]
[2024-12-31 17:00:40,424][flwr][INFO] - Using initial global parameters provided by strategy
[2024-12-31 17:00:40,424][flwr][INFO] - Starting evaluation of initial global parameters
[2024-12-31 17:00:44,965][flwr][INFO] - initial parameters (loss, other metrics): 182.2205684185028, {'accuracy': 0.1278}
[2024-12-31 17:00:44,966][flwr][INFO] - 
[2024-12-31 17:00:44,966][flwr][INFO] - [ROUND 1]
[2024-12-31 17:00:44,966][flwr][INFO] - configure_fit: strategy sampled 2 clients (out of 10)
[2024-12-31 17:00:58,561][flwr][INFO] - aggregate_fit: received 2 results and 0 failures
[2024-12-31 17:00:58,570][flwr][WARNING] - No fit_metrics_aggregation_fn provided
[2024-12-31 17:01:01,186][flwr][INFO] - fit progress: (1, 187.79776048660278, {'accuracy': 0.1009}, 16.220026175004023)
[2024-12-31 17:01:01,186][flwr][INFO] - configure_evaluate: strategy sampled 5 clients (out of 10)
[2024-12-31 17:01:06,198][flwr][INFO] - aggregate_evaluate: received 5 results and 0 failures
[2024-12-31 17:01:06,199][flwr][WARNING] - No evaluate_metrics_aggregation_fn provided
[2024-12-31 17:01:06,199][flwr][INFO] - 
[2024-12-31 17:01:06,199][flwr][INFO] - [ROUND 2]
[2024-12-31 17:01:06,199][flwr][INFO] - configure_fit: strategy sampled 2 clients (out of 10)
[2024-12-31 17:01:15,350][flwr][INFO] - aggregate_fit: received 2 results and 0 failures
[2024-12-31 17:01:17,875][flwr][INFO] - fit progress: (2, 189.78776454925537, {'accuracy': 0.1032}, 32.90975702799915)
[2024-12-31 17:01:17,876][flwr][INFO] - configure_evaluate: strategy sampled 5 clients (out of 10)
[2024-12-31 17:01:18,767][flwr][INFO] - aggregate_evaluate: received 5 results and 0 failures
[2024-12-31 17:01:18,768][flwr][INFO] - 
[2024-12-31 17:01:18,768][flwr][INFO] - [ROUND 3]
[2024-12-31 17:01:18,768][flwr][INFO] - configure_fit: strategy sampled 2 clients (out of 10)
[2024-12-31 17:01:27,951][flwr][INFO] - aggregate_fit: received 2 results and 0 failures
[2024-12-31 17:01:29,845][flwr][INFO] - fit progress: (3, 183.99687957763672, {'accuracy': 0.101}, 44.87980003499979)
[2024-12-31 17:01:29,846][flwr][INFO] - configure_evaluate: strategy sampled 5 clients (out of 10)
[2024-12-31 17:01:30,916][flwr][INFO] - aggregate_evaluate: received 5 results and 0 failures
[2024-12-31 17:01:30,917][flwr][INFO] - 
[2024-12-31 17:01:30,917][flwr][INFO] - [ROUND 4]
[2024-12-31 17:01:30,917][flwr][INFO] - configure_fit: strategy sampled 2 clients (out of 10)
[2024-12-31 17:01:40,000][flwr][INFO] - aggregate_fit: received 2 results and 0 failures
[2024-12-31 17:01:42,416][flwr][INFO] - fit progress: (4, 188.61558437347412, {'accuracy': 0.1135}, 57.4502494499975)
[2024-12-31 17:01:42,416][flwr][INFO] - configure_evaluate: strategy sampled 5 clients (out of 10)
[2024-12-31 17:01:43,286][flwr][INFO] - aggregate_evaluate: received 5 results and 0 failures
[2024-12-31 17:01:43,287][flwr][INFO] - 
[2024-12-31 17:01:43,287][flwr][INFO] - [ROUND 5]
[2024-12-31 17:01:43,287][flwr][INFO] - configure_fit: strategy sampled 2 clients (out of 10)
[2024-12-31 17:01:52,515][flwr][INFO] - aggregate_fit: received 2 results and 0 failures
[2024-12-31 17:01:55,373][flwr][INFO] - fit progress: (5, 188.70975017547607, {'accuracy': 0.0982}, 70.40778305399726)
[2024-12-31 17:01:55,374][flwr][INFO] - configure_evaluate: strategy sampled 5 clients (out of 10)
[2024-12-31 17:01:56,236][flwr][INFO] - aggregate_evaluate: received 5 results and 0 failures
[2024-12-31 17:01:56,237][flwr][INFO] - 
[2024-12-31 17:01:56,237][flwr][INFO] - [ROUND 6]
[2024-12-31 17:01:56,237][flwr][INFO] - configure_fit: strategy sampled 2 clients (out of 10)
[2024-12-31 17:02:05,026][flwr][INFO] - aggregate_fit: received 2 results and 0 failures
[2024-12-31 17:02:07,339][flwr][INFO] - fit progress: (6, 187.08725023269653, {'accuracy': 0.098}, 82.37359994000144)
[2024-12-31 17:02:07,340][flwr][INFO] - configure_evaluate: strategy sampled 5 clients (out of 10)
[2024-12-31 17:02:08,330][flwr][INFO] - aggregate_evaluate: received 5 results and 0 failures
[2024-12-31 17:02:08,331][flwr][INFO] - 
[2024-12-31 17:02:08,331][flwr][INFO] - [ROUND 7]
[2024-12-31 17:02:08,331][flwr][INFO] - configure_fit: strategy sampled 2 clients (out of 10)
[2024-12-31 17:02:17,569][flwr][INFO] - aggregate_fit: received 2 results and 0 failures
[2024-12-31 17:02:19,934][flwr][INFO] - fit progress: (7, 189.3453028202057, {'accuracy': 0.1028}, 94.96852323399798)
[2024-12-31 17:02:19,935][flwr][INFO] - configure_evaluate: strategy sampled 5 clients (out of 10)
[2024-12-31 17:02:20,798][flwr][INFO] - aggregate_evaluate: received 5 results and 0 failures
[2024-12-31 17:02:20,798][flwr][INFO] - 
[2024-12-31 17:02:20,799][flwr][INFO] - [ROUND 8]
[2024-12-31 17:02:20,799][flwr][INFO] - configure_fit: strategy sampled 2 clients (out of 10)
[2024-12-31 17:02:30,050][flwr][INFO] - aggregate_fit: received 2 results and 0 failures
[2024-12-31 17:02:32,457][flwr][INFO] - fit progress: (8, 184.01466846466064, {'accuracy': 0.1032}, 107.49119123499986)
[2024-12-31 17:02:32,457][flwr][INFO] - configure_evaluate: strategy sampled 5 clients (out of 10)
[2024-12-31 17:02:33,363][flwr][INFO] - aggregate_evaluate: received 5 results and 0 failures
[2024-12-31 17:02:33,364][flwr][INFO] - 
[2024-12-31 17:02:33,364][flwr][INFO] - [ROUND 9]
[2024-12-31 17:02:33,364][flwr][INFO] - configure_fit: strategy sampled 2 clients (out of 10)
[2024-12-31 17:02:43,106][flwr][INFO] - aggregate_fit: received 2 results and 0 failures
[2024-12-31 17:02:45,960][flwr][INFO] - fit progress: (9, 190.06904768943787, {'accuracy': 0.1135}, 120.9947958720004)
[2024-12-31 17:02:45,961][flwr][INFO] - configure_evaluate: strategy sampled 5 clients (out of 10)
[2024-12-31 17:02:47,026][flwr][INFO] - aggregate_evaluate: received 5 results and 0 failures
[2024-12-31 17:02:47,026][flwr][INFO] - 
[2024-12-31 17:02:47,026][flwr][INFO] - [ROUND 10]
[2024-12-31 17:02:47,027][flwr][INFO] - configure_fit: strategy sampled 2 clients (out of 10)
[2024-12-31 17:02:56,719][flwr][INFO] - aggregate_fit: received 2 results and 0 failures
[2024-12-31 17:02:59,225][flwr][INFO] - fit progress: (10, 183.7582666873932, {'accuracy': 0.0958}, 134.25899182099965)
[2024-12-31 17:02:59,225][flwr][INFO] - configure_evaluate: strategy sampled 5 clients (out of 10)
[2024-12-31 17:03:00,125][flwr][INFO] - aggregate_evaluate: received 5 results and 0 failures
[2024-12-31 17:03:00,126][flwr][INFO] - 
[2024-12-31 17:03:00,126][flwr][INFO] - [SUMMARY]
[2024-12-31 17:03:00,126][flwr][INFO] - Run finished 10 round(s) in 135.16s
[2024-12-31 17:03:00,127][flwr][INFO] - 	History (loss, distributed):
[2024-12-31 17:03:00,127][flwr][INFO] - 		round 1: 90.29791526794433
[2024-12-31 17:03:00,127][flwr][INFO] - 		round 2: 91.11333470344543
[2024-12-31 17:03:00,127][flwr][INFO] - 		round 3: 88.38924984931946
[2024-12-31 17:03:00,127][flwr][INFO] - 		round 4: 90.69917221069336
[2024-12-31 17:03:00,127][flwr][INFO] - 		round 5: 90.95272536277771
[2024-12-31 17:03:00,128][flwr][INFO] - 		round 6: 90.03883032798767
[2024-12-31 17:03:00,128][flwr][INFO] - 		round 7: 90.9951088666916
[2024-12-31 17:03:00,128][flwr][INFO] - 		round 8: 88.47167820930481
[2024-12-31 17:03:00,128][flwr][INFO] - 		round 9: 91.25652642250061
[2024-12-31 17:03:00,128][flwr][INFO] - 		round 10: 88.37257089614869
[2024-12-31 17:03:00,128][flwr][INFO] - 	History (loss, centralized):
[2024-12-31 17:03:00,128][flwr][INFO] - 		round 0: 182.2205684185028
[2024-12-31 17:03:00,128][flwr][INFO] - 		round 1: 187.79776048660278
[2024-12-31 17:03:00,129][flwr][INFO] - 		round 2: 189.78776454925537
[2024-12-31 17:03:00,129][flwr][INFO] - 		round 3: 183.99687957763672
[2024-12-31 17:03:00,129][flwr][INFO] - 		round 4: 188.61558437347412
[2024-12-31 17:03:00,129][flwr][INFO] - 		round 5: 188.70975017547607
[2024-12-31 17:03:00,129][flwr][INFO] - 		round 6: 187.08725023269653
[2024-12-31 17:03:00,129][flwr][INFO] - 		round 7: 189.3453028202057
[2024-12-31 17:03:00,129][flwr][INFO] - 		round 8: 184.01466846466064
[2024-12-31 17:03:00,129][flwr][INFO] - 		round 9: 190.06904768943787
[2024-12-31 17:03:00,130][flwr][INFO] - 		round 10: 183.7582666873932
[2024-12-31 17:03:00,130][flwr][INFO] - 	History (metrics, centralized):
[2024-12-31 17:03:00,130][flwr][INFO] - 	{'accuracy': [(0, 0.1278),
[2024-12-31 17:03:00,130][flwr][INFO] - 	              (1, 0.1009),
[2024-12-31 17:03:00,130][flwr][INFO] - 	              (2, 0.1032),
[2024-12-31 17:03:00,130][flwr][INFO] - 	              (3, 0.101),
[2024-12-31 17:03:00,130][flwr][INFO] - 	              (4, 0.1135),
[2024-12-31 17:03:00,131][flwr][INFO] - 	              (5, 0.0982),
[2024-12-31 17:03:00,131][flwr][INFO] - 	              (6, 0.098),
[2024-12-31 17:03:00,131][flwr][INFO] - 	              (7, 0.1028),
[2024-12-31 17:03:00,131][flwr][INFO] - 	              (8, 0.1032),
[2024-12-31 17:03:00,131][flwr][INFO] - 	              (9, 0.1135),
[2024-12-31 17:03:00,131][flwr][INFO] - 	              (10, 0.0958)]}
[2024-12-31 17:03:00,131][flwr][INFO] - 
