[2024-12-31 15:17:40,192][flwr][INFO] - Starting Flower simulation, config: num_rounds=10, no round_timeout
[2024-12-31 15:17:44,255][flwr][INFO] - Flower VCE: Ray initialized with resources: {'object_store_memory': 2811677491.0, 'memory': 5623354983.0, 'node:__internal_head__': 1.0, 'node:192.168.1.11': 1.0, 'CPU': 12.0}
[2024-12-31 15:17:44,256][flwr][INFO] - Optimize your simulation with Flower VCE: https://flower.ai/docs/framework/how-to-run-simulations.html
[2024-12-31 15:17:44,256][flwr][INFO] - Flower VCE: Resources for each Virtual Client: {'num_cpus': 2, 'num_gpus': 0}
[2024-12-31 15:17:44,274][flwr][INFO] - Flower VCE: Creating VirtualClientEngineActorPool with 6 actors
[2024-12-31 15:17:44,275][flwr][INFO] - [INIT]
[2024-12-31 15:17:44,275][flwr][INFO] - Using initial global parameters provided by strategy
[2024-12-31 15:17:44,276][flwr][INFO] - Starting evaluation of initial global parameters
[2024-12-31 15:17:48,435][flwr][INFO] - initial parameters (loss, other metrics): 181.7512285709381, {'accuracy': 0.1532}
[2024-12-31 15:17:48,435][flwr][INFO] - 
[2024-12-31 15:17:48,435][flwr][INFO] - [ROUND 1]
[2024-12-31 15:17:48,436][flwr][INFO] - configure_fit: strategy sampled 2 clients (out of 10)
[2024-12-31 15:17:56,765][flwr][INFO] - aggregate_fit: received 2 results and 0 failures
[2024-12-31 15:17:56,772][flwr][WARNING] - No fit_metrics_aggregation_fn provided
[2024-12-31 15:17:59,145][flwr][INFO] - fit progress: (1, 64.95178371667862, {'accuracy': 0.7663}, 10.709162605999154)
[2024-12-31 15:17:59,145][flwr][INFO] - configure_evaluate: strategy sampled 2 clients (out of 10)
[2024-12-31 15:17:59,526][flwr][INFO] - aggregate_evaluate: received 2 results and 0 failures
[2024-12-31 15:17:59,526][flwr][WARNING] - No evaluate_metrics_aggregation_fn provided
[2024-12-31 15:17:59,527][flwr][INFO] - 
[2024-12-31 15:17:59,527][flwr][INFO] - [ROUND 2]
[2024-12-31 15:17:59,527][flwr][INFO] - configure_fit: strategy sampled 2 clients (out of 10)
[2024-12-31 15:18:05,048][flwr][INFO] - aggregate_fit: received 2 results and 0 failures
[2024-12-31 15:18:07,534][flwr][INFO] - fit progress: (2, 125.55456721782684, {'accuracy': 0.4678}, 19.09847655899648)
[2024-12-31 15:18:07,534][flwr][INFO] - configure_evaluate: strategy sampled 2 clients (out of 10)
[2024-12-31 15:18:07,979][flwr][INFO] - aggregate_evaluate: received 2 results and 0 failures
[2024-12-31 15:18:07,979][flwr][INFO] - 
[2024-12-31 15:18:07,979][flwr][INFO] - [ROUND 3]
[2024-12-31 15:18:07,980][flwr][INFO] - configure_fit: strategy sampled 2 clients (out of 10)
[2024-12-31 15:18:13,950][flwr][INFO] - aggregate_fit: received 2 results and 0 failures
[2024-12-31 15:18:15,919][flwr][INFO] - fit progress: (3, 182.45818281173706, {'accuracy': 0.1135}, 27.484037344998796)
[2024-12-31 15:18:15,920][flwr][INFO] - configure_evaluate: strategy sampled 2 clients (out of 10)
[2024-12-31 15:18:16,390][flwr][INFO] - aggregate_evaluate: received 2 results and 0 failures
[2024-12-31 15:18:16,390][flwr][INFO] - 
[2024-12-31 15:18:16,390][flwr][INFO] - [ROUND 4]
[2024-12-31 15:18:16,390][flwr][INFO] - configure_fit: strategy sampled 2 clients (out of 10)
[2024-12-31 15:18:22,263][flwr][INFO] - aggregate_fit: received 2 results and 0 failures
[2024-12-31 15:18:24,809][flwr][INFO] - fit progress: (4, 182.53388690948486, {'accuracy': 0.101}, 36.373267225993914)
[2024-12-31 15:18:24,809][flwr][INFO] - configure_evaluate: strategy sampled 2 clients (out of 10)
[2024-12-31 15:18:25,224][flwr][INFO] - aggregate_evaluate: received 2 results and 0 failures
[2024-12-31 15:18:25,225][flwr][INFO] - 
[2024-12-31 15:18:25,225][flwr][INFO] - [ROUND 5]
[2024-12-31 15:18:25,225][flwr][INFO] - configure_fit: strategy sampled 2 clients (out of 10)
[2024-12-31 15:18:31,118][flwr][INFO] - aggregate_fit: received 2 results and 0 failures
[2024-12-31 15:18:33,780][flwr][INFO] - fit progress: (5, 182.62959742546082, {'accuracy': 0.101}, 45.34467282099649)
[2024-12-31 15:18:33,780][flwr][INFO] - configure_evaluate: strategy sampled 2 clients (out of 10)
[2024-12-31 15:18:34,158][flwr][INFO] - aggregate_evaluate: received 2 results and 0 failures
[2024-12-31 15:18:34,159][flwr][INFO] - 
[2024-12-31 15:18:34,159][flwr][INFO] - [ROUND 6]
[2024-12-31 15:18:34,159][flwr][INFO] - configure_fit: strategy sampled 2 clients (out of 10)
[2024-12-31 15:18:40,028][flwr][INFO] - aggregate_fit: received 2 results and 0 failures
[2024-12-31 15:18:41,965][flwr][INFO] - fit progress: (6, 182.46080136299133, {'accuracy': 0.1028}, 53.53009843899781)
[2024-12-31 15:18:41,966][flwr][INFO] - configure_evaluate: strategy sampled 2 clients (out of 10)
[2024-12-31 15:18:42,394][flwr][INFO] - aggregate_evaluate: received 2 results and 0 failures
[2024-12-31 15:18:42,394][flwr][INFO] - 
[2024-12-31 15:18:42,394][flwr][INFO] - [ROUND 7]
[2024-12-31 15:18:42,394][flwr][INFO] - configure_fit: strategy sampled 2 clients (out of 10)
[2024-12-31 15:18:48,124][flwr][INFO] - aggregate_fit: received 2 results and 0 failures
[2024-12-31 15:18:50,449][flwr][INFO] - fit progress: (7, 182.21287894248962, {'accuracy': 0.1032}, 62.01361517299665)
[2024-12-31 15:18:50,449][flwr][INFO] - configure_evaluate: strategy sampled 2 clients (out of 10)
[2024-12-31 15:18:50,870][flwr][INFO] - aggregate_evaluate: received 2 results and 0 failures
[2024-12-31 15:18:50,870][flwr][INFO] - 
[2024-12-31 15:18:50,870][flwr][INFO] - [ROUND 8]
[2024-12-31 15:18:50,870][flwr][INFO] - configure_fit: strategy sampled 2 clients (out of 10)
[2024-12-31 15:18:56,765][flwr][INFO] - aggregate_fit: received 2 results and 0 failures
[2024-12-31 15:18:59,274][flwr][INFO] - fit progress: (8, 182.14078187942505, {'accuracy': 0.1135}, 70.83865162999427)
[2024-12-31 15:18:59,274][flwr][INFO] - configure_evaluate: strategy sampled 2 clients (out of 10)
[2024-12-31 15:18:59,707][flwr][INFO] - aggregate_evaluate: received 2 results and 0 failures
[2024-12-31 15:18:59,707][flwr][INFO] - 
[2024-12-31 15:18:59,707][flwr][INFO] - [ROUND 9]
[2024-12-31 15:18:59,708][flwr][INFO] - configure_fit: strategy sampled 2 clients (out of 10)
[2024-12-31 15:19:05,565][flwr][INFO] - aggregate_fit: received 2 results and 0 failures
[2024-12-31 15:19:07,796][flwr][INFO] - fit progress: (9, 182.31908297538757, {'accuracy': 0.0974}, 79.36068223199982)
[2024-12-31 15:19:07,796][flwr][INFO] - configure_evaluate: strategy sampled 2 clients (out of 10)
[2024-12-31 15:19:08,198][flwr][INFO] - aggregate_evaluate: received 2 results and 0 failures
[2024-12-31 15:19:08,198][flwr][INFO] - 
[2024-12-31 15:19:08,198][flwr][INFO] - [ROUND 10]
[2024-12-31 15:19:08,199][flwr][INFO] - configure_fit: strategy sampled 2 clients (out of 10)
[2024-12-31 15:19:13,420][flwr][INFO] - aggregate_fit: received 2 results and 0 failures
[2024-12-31 15:19:14,856][flwr][INFO] - fit progress: (10, 182.64094281196594, {'accuracy': 0.1135}, 86.42050861499592)
[2024-12-31 15:19:14,856][flwr][INFO] - configure_evaluate: strategy sampled 2 clients (out of 10)
[2024-12-31 15:19:15,214][flwr][INFO] - aggregate_evaluate: received 2 results and 0 failures
[2024-12-31 15:19:15,215][flwr][INFO] - 
[2024-12-31 15:19:15,215][flwr][INFO] - [SUMMARY]
[2024-12-31 15:19:15,215][flwr][INFO] - Run finished 10 round(s) in 86.78s
[2024-12-31 15:19:15,215][flwr][INFO] - 	History (loss, distributed):
[2024-12-31 15:19:15,215][flwr][INFO] - 		round 1: 16.723004639148712
[2024-12-31 15:19:15,215][flwr][INFO] - 		round 2: 30.56681376695633
[2024-12-31 15:19:15,215][flwr][INFO] - 		round 3: 43.81160545349121
[2024-12-31 15:19:15,216][flwr][INFO] - 		round 4: 43.825427651405334
[2024-12-31 15:19:15,216][flwr][INFO] - 		round 5: 43.94855284690857
[2024-12-31 15:19:15,216][flwr][INFO] - 		round 6: 44.0314484834671
[2024-12-31 15:19:15,216][flwr][INFO] - 		round 7: 43.88285946846008
[2024-12-31 15:19:15,216][flwr][INFO] - 		round 8: 43.84369492530823
[2024-12-31 15:19:15,216][flwr][INFO] - 		round 9: 43.854013323783875
[2024-12-31 15:19:15,216][flwr][INFO] - 		round 10: 43.861303091049194
[2024-12-31 15:19:15,216][flwr][INFO] - 	History (loss, centralized):
[2024-12-31 15:19:15,216][flwr][INFO] - 		round 0: 181.7512285709381
[2024-12-31 15:19:15,216][flwr][INFO] - 		round 1: 64.95178371667862
[2024-12-31 15:19:15,216][flwr][INFO] - 		round 2: 125.55456721782684
[2024-12-31 15:19:15,216][flwr][INFO] - 		round 3: 182.45818281173706
[2024-12-31 15:19:15,217][flwr][INFO] - 		round 4: 182.53388690948486
[2024-12-31 15:19:15,217][flwr][INFO] - 		round 5: 182.62959742546082
[2024-12-31 15:19:15,217][flwr][INFO] - 		round 6: 182.46080136299133
[2024-12-31 15:19:15,217][flwr][INFO] - 		round 7: 182.21287894248962
[2024-12-31 15:19:15,217][flwr][INFO] - 		round 8: 182.14078187942505
[2024-12-31 15:19:15,217][flwr][INFO] - 		round 9: 182.31908297538757
[2024-12-31 15:19:15,217][flwr][INFO] - 		round 10: 182.64094281196594
[2024-12-31 15:19:15,217][flwr][INFO] - 	History (metrics, centralized):
[2024-12-31 15:19:15,217][flwr][INFO] - 	{'accuracy': [(0, 0.1532),
[2024-12-31 15:19:15,217][flwr][INFO] - 	              (1, 0.7663),
[2024-12-31 15:19:15,217][flwr][INFO] - 	              (2, 0.4678),
[2024-12-31 15:19:15,217][flwr][INFO] - 	              (3, 0.1135),
[2024-12-31 15:19:15,218][flwr][INFO] - 	              (4, 0.101),
[2024-12-31 15:19:15,218][flwr][INFO] - 	              (5, 0.101),
[2024-12-31 15:19:15,218][flwr][INFO] - 	              (6, 0.1028),
[2024-12-31 15:19:15,218][flwr][INFO] - 	              (7, 0.1032),
[2024-12-31 15:19:15,218][flwr][INFO] - 	              (8, 0.1135),
[2024-12-31 15:19:15,218][flwr][INFO] - 	              (9, 0.0974),
[2024-12-31 15:19:15,218][flwr][INFO] - 	              (10, 0.1135)]}
[2024-12-31 15:19:15,218][flwr][INFO] - 
