[2025-01-07 14:20:31,449][flwr][INFO] - Starting Flower simulation, config: num_rounds=5, no round_timeout
[2025-01-07 14:20:34,806][flwr][INFO] - Flower VCE: Ray initialized with resources: {'node:__internal_head__': 1.0, 'object_store_memory': 3194401996.0, 'memory': 6388803995.0, 'node:192.168.1.11': 1.0, 'CPU': 12.0}
[2025-01-07 14:20:34,806][flwr][INFO] - Optimize your simulation with Flower VCE: https://flower.ai/docs/framework/how-to-run-simulations.html
[2025-01-07 14:20:34,807][flwr][INFO] - Flower VCE: Resources for each Virtual Client: {'num_cpus': 2, 'num_gpus': 0}
[2025-01-07 14:20:34,816][flwr][INFO] - Flower VCE: Creating VirtualClientEngineActorPool with 6 actors
[2025-01-07 14:20:34,817][flwr][INFO] - [INIT]
[2025-01-07 14:20:34,817][flwr][INFO] - Requesting initial parameters from one random client
[2025-01-07 14:20:37,614][flwr][INFO] - Received initial parameters from one random client
[2025-01-07 14:20:37,614][flwr][INFO] - Starting evaluation of initial global parameters
[2025-01-07 14:20:39,048][flwr][INFO] - initial parameters (loss, other metrics): 181.93655514717102, {'accuracy': 0.1035}
[2025-01-07 14:20:39,048][flwr][INFO] - 
[2025-01-07 14:20:39,049][flwr][INFO] - [ROUND 1]
[2025-01-07 14:20:39,049][flwr][INFO] - configure_fit: strategy sampled 2 clients (out of 10)
[2025-01-07 14:20:46,462][flwr][INFO] - aggregate_fit: received 2 results and 0 failures
[2025-01-07 14:20:46,466][flwr][WARNING] - No fit_metrics_aggregation_fn provided
[2025-01-07 14:20:47,877][flwr][INFO] - fit progress: (1, 181.89192628860474, {'accuracy': 0.1135}, 8.82844211200063)
[2025-01-07 14:20:47,877][flwr][INFO] - configure_evaluate: strategy sampled 3 clients (out of 10)
[2025-01-07 14:20:50,141][flwr][INFO] - aggregate_evaluate: received 3 results and 0 failures
[2025-01-07 14:20:50,141][flwr][WARNING] - No evaluate_metrics_aggregation_fn provided
[2025-01-07 14:20:50,141][flwr][INFO] - 
[2025-01-07 14:20:50,141][flwr][INFO] - [ROUND 2]
[2025-01-07 14:20:50,141][flwr][INFO] - configure_fit: strategy sampled 2 clients (out of 10)
[2025-01-07 14:20:55,191][flwr][INFO] - aggregate_fit: received 2 results and 0 failures
[2025-01-07 14:20:56,598][flwr][INFO] - fit progress: (2, 181.9136393070221, {'accuracy': 0.1135}, 17.54939881500104)
[2025-01-07 14:20:56,598][flwr][INFO] - configure_evaluate: strategy sampled 3 clients (out of 10)
[2025-01-07 14:20:57,061][flwr][INFO] - aggregate_evaluate: received 3 results and 0 failures
[2025-01-07 14:20:57,061][flwr][INFO] - 
[2025-01-07 14:20:57,061][flwr][INFO] - [ROUND 3]
[2025-01-07 14:20:57,061][flwr][INFO] - configure_fit: strategy sampled 2 clients (out of 10)
[2025-01-07 14:21:02,204][flwr][INFO] - aggregate_fit: received 2 results and 0 failures
[2025-01-07 14:21:03,442][flwr][INFO] - fit progress: (3, 170.72095656394958, {'accuracy': 0.2115}, 24.393448704002367)
[2025-01-07 14:21:03,442][flwr][INFO] - configure_evaluate: strategy sampled 3 clients (out of 10)
[2025-01-07 14:21:03,960][flwr][INFO] - aggregate_evaluate: received 3 results and 0 failures
[2025-01-07 14:21:03,960][flwr][INFO] - 
[2025-01-07 14:21:03,960][flwr][INFO] - [ROUND 4]
[2025-01-07 14:21:03,960][flwr][INFO] - configure_fit: strategy sampled 2 clients (out of 10)
[2025-01-07 14:21:09,005][flwr][INFO] - aggregate_fit: received 2 results and 0 failures
[2025-01-07 14:21:10,416][flwr][INFO] - fit progress: (4, 166.06334602832794, {'accuracy': 0.236}, 31.367235413003073)
[2025-01-07 14:21:10,416][flwr][INFO] - configure_evaluate: strategy sampled 3 clients (out of 10)
[2025-01-07 14:21:10,882][flwr][INFO] - aggregate_evaluate: received 3 results and 0 failures
[2025-01-07 14:21:10,883][flwr][INFO] - 
[2025-01-07 14:21:10,883][flwr][INFO] - [ROUND 5]
[2025-01-07 14:21:10,883][flwr][INFO] - configure_fit: strategy sampled 2 clients (out of 10)
[2025-01-07 14:21:15,907][flwr][INFO] - aggregate_fit: received 2 results and 0 failures
[2025-01-07 14:21:17,343][flwr][INFO] - fit progress: (5, 169.3977153301239, {'accuracy': 0.1591}, 38.29425349400117)
[2025-01-07 14:21:17,343][flwr][INFO] - configure_evaluate: strategy sampled 3 clients (out of 10)
[2025-01-07 14:21:17,802][flwr][INFO] - aggregate_evaluate: received 3 results and 0 failures
[2025-01-07 14:21:17,802][flwr][INFO] - 
[2025-01-07 14:21:17,802][flwr][INFO] - [SUMMARY]
[2025-01-07 14:21:17,802][flwr][INFO] - Run finished 5 round(s) in 38.75s
[2025-01-07 14:21:17,802][flwr][INFO] - 	History (loss, distributed):
[2025-01-07 14:21:17,803][flwr][INFO] - 		round 1: 43.7204217116038
[2025-01-07 14:21:17,803][flwr][INFO] - 		round 2: 43.707213481267296
[2025-01-07 14:21:17,803][flwr][INFO] - 		round 3: 41.282591899236046
[2025-01-07 14:21:17,803][flwr][INFO] - 		round 4: 40.36380938688914
[2025-01-07 14:21:17,803][flwr][INFO] - 		round 5: 41.10018026828766
[2025-01-07 14:21:17,803][flwr][INFO] - 	History (loss, centralized):
[2025-01-07 14:21:17,803][flwr][INFO] - 		round 0: 181.93655514717102
[2025-01-07 14:21:17,803][flwr][INFO] - 		round 1: 181.89192628860474
[2025-01-07 14:21:17,803][flwr][INFO] - 		round 2: 181.9136393070221
[2025-01-07 14:21:17,803][flwr][INFO] - 		round 3: 170.72095656394958
[2025-01-07 14:21:17,803][flwr][INFO] - 		round 4: 166.06334602832794
[2025-01-07 14:21:17,803][flwr][INFO] - 		round 5: 169.3977153301239
[2025-01-07 14:21:17,803][flwr][INFO] - 	History (metrics, centralized):
[2025-01-07 14:21:17,803][flwr][INFO] - 	{'accuracy': [(0, 0.1035),
[2025-01-07 14:21:17,803][flwr][INFO] - 	              (1, 0.1135),
[2025-01-07 14:21:17,803][flwr][INFO] - 	              (2, 0.1135),
[2025-01-07 14:21:17,803][flwr][INFO] - 	              (3, 0.2115),
[2025-01-07 14:21:17,803][flwr][INFO] - 	              (4, 0.236),
[2025-01-07 14:21:17,803][flwr][INFO] - 	              (5, 0.1591)]}
[2025-01-07 14:21:17,803][flwr][INFO] - 
