[2024-12-31 15:39:52,473][flwr][INFO] - Starting Flower simulation, config: num_rounds=10, no round_timeout
[2024-12-31 15:39:55,850][flwr][INFO] - Flower VCE: Ray initialized with resources: {'node:__internal_head__': 1.0, 'node:192.168.1.11': 1.0, 'CPU': 12.0, 'memory': 5775441102.0, 'object_store_memory': 2887720550.0}
[2024-12-31 15:39:55,850][flwr][INFO] - Optimize your simulation with Flower VCE: https://flower.ai/docs/framework/how-to-run-simulations.html
[2024-12-31 15:39:55,850][flwr][INFO] - Flower VCE: Resources for each Virtual Client: {'num_cpus': 2, 'num_gpus': 0}
[2024-12-31 15:39:55,857][flwr][INFO] - Flower VCE: Creating VirtualClientEngineActorPool with 6 actors
[2024-12-31 15:39:55,857][flwr][INFO] - [INIT]
[2024-12-31 15:39:55,857][flwr][INFO] - Using initial global parameters provided by strategy
[2024-12-31 15:39:55,857][flwr][INFO] - Starting evaluation of initial global parameters
[2024-12-31 15:39:58,697][flwr][INFO] - initial parameters (loss, other metrics): 182.43802857398987, {'accuracy': 0.1079}
[2024-12-31 15:39:58,698][flwr][INFO] - 
[2024-12-31 15:39:58,698][flwr][INFO] - [ROUND 1]
[2024-12-31 15:39:58,698][flwr][INFO] - configure_fit: strategy sampled 2 clients (out of 10)
[2024-12-31 15:40:10,805][flwr][INFO] - aggregate_fit: received 2 results and 0 failures
[2024-12-31 15:40:10,810][flwr][WARNING] - No fit_metrics_aggregation_fn provided
[2024-12-31 15:40:12,548][flwr][INFO] - fit progress: (1, 157.7195954322815, {'accuracy': 0.381}, 13.850316782998561)
[2024-12-31 15:40:12,548][flwr][INFO] - configure_evaluate: strategy sampled 5 clients (out of 10)
[2024-12-31 15:40:16,668][flwr][INFO] - aggregate_evaluate: received 5 results and 0 failures
[2024-12-31 15:40:16,668][flwr][WARNING] - No evaluate_metrics_aggregation_fn provided
[2024-12-31 15:40:16,668][flwr][INFO] - 
[2024-12-31 15:40:16,668][flwr][INFO] - [ROUND 2]
[2024-12-31 15:40:16,669][flwr][INFO] - configure_fit: strategy sampled 2 clients (out of 10)
[2024-12-31 15:40:26,177][flwr][INFO] - aggregate_fit: received 2 results and 0 failures
[2024-12-31 15:40:28,228][flwr][INFO] - fit progress: (2, 195.08397912979126, {'accuracy': 0.0892}, 29.530012807001185)
[2024-12-31 15:40:28,228][flwr][INFO] - configure_evaluate: strategy sampled 5 clients (out of 10)
[2024-12-31 15:40:28,961][flwr][INFO] - aggregate_evaluate: received 5 results and 0 failures
[2024-12-31 15:40:28,961][flwr][INFO] - 
[2024-12-31 15:40:28,962][flwr][INFO] - [ROUND 3]
[2024-12-31 15:40:28,962][flwr][INFO] - configure_fit: strategy sampled 2 clients (out of 10)
[2024-12-31 15:40:38,291][flwr][INFO] - aggregate_fit: received 2 results and 0 failures
[2024-12-31 15:40:40,084][flwr][INFO] - fit progress: (3, 173.51538407802582, {'accuracy': 0.2104}, 41.386201489003724)
[2024-12-31 15:40:40,084][flwr][INFO] - configure_evaluate: strategy sampled 5 clients (out of 10)
[2024-12-31 15:40:40,827][flwr][INFO] - aggregate_evaluate: received 5 results and 0 failures
[2024-12-31 15:40:40,827][flwr][INFO] - 
[2024-12-31 15:40:40,827][flwr][INFO] - [ROUND 4]
[2024-12-31 15:40:40,827][flwr][INFO] - configure_fit: strategy sampled 2 clients (out of 10)
[2024-12-31 15:40:50,280][flwr][INFO] - aggregate_fit: received 2 results and 0 failures
[2024-12-31 15:40:52,202][flwr][INFO] - fit progress: (4, 195.55679965019226, {'accuracy': 0.077}, 53.504271912999684)
[2024-12-31 15:40:52,202][flwr][INFO] - configure_evaluate: strategy sampled 5 clients (out of 10)
[2024-12-31 15:40:52,921][flwr][INFO] - aggregate_evaluate: received 5 results and 0 failures
[2024-12-31 15:40:52,922][flwr][INFO] - 
[2024-12-31 15:40:52,922][flwr][INFO] - [ROUND 5]
[2024-12-31 15:40:52,922][flwr][INFO] - configure_fit: strategy sampled 2 clients (out of 10)
[2024-12-31 15:41:02,025][flwr][INFO] - aggregate_fit: received 2 results and 0 failures
[2024-12-31 15:41:03,805][flwr][INFO] - fit progress: (5, 186.89242386817932, {'accuracy': 0.0931}, 65.10693298400292)
[2024-12-31 15:41:03,805][flwr][INFO] - configure_evaluate: strategy sampled 5 clients (out of 10)
[2024-12-31 15:41:04,584][flwr][INFO] - aggregate_evaluate: received 5 results and 0 failures
[2024-12-31 15:41:04,584][flwr][INFO] - 
[2024-12-31 15:41:04,584][flwr][INFO] - [ROUND 6]
[2024-12-31 15:41:04,585][flwr][INFO] - configure_fit: strategy sampled 2 clients (out of 10)
[2024-12-31 15:41:13,820][flwr][INFO] - aggregate_fit: received 2 results and 0 failures
[2024-12-31 15:41:15,651][flwr][INFO] - fit progress: (6, 181.9186601638794, {'accuracy': 0.1137}, 76.95334609400015)
[2024-12-31 15:41:15,651][flwr][INFO] - configure_evaluate: strategy sampled 5 clients (out of 10)
[2024-12-31 15:41:16,397][flwr][INFO] - aggregate_evaluate: received 5 results and 0 failures
[2024-12-31 15:41:16,398][flwr][INFO] - 
[2024-12-31 15:41:16,398][flwr][INFO] - [ROUND 7]
[2024-12-31 15:41:16,398][flwr][INFO] - configure_fit: strategy sampled 2 clients (out of 10)
[2024-12-31 15:41:25,653][flwr][INFO] - aggregate_fit: received 2 results and 0 failures
[2024-12-31 15:41:27,707][flwr][INFO] - fit progress: (7, 176.56836247444153, {'accuracy': 0.1632}, 89.0093231589999)
[2024-12-31 15:41:27,707][flwr][INFO] - configure_evaluate: strategy sampled 5 clients (out of 10)
[2024-12-31 15:41:28,456][flwr][INFO] - aggregate_evaluate: received 5 results and 0 failures
[2024-12-31 15:41:28,456][flwr][INFO] - 
[2024-12-31 15:41:28,456][flwr][INFO] - [ROUND 8]
[2024-12-31 15:41:28,456][flwr][INFO] - configure_fit: strategy sampled 2 clients (out of 10)
[2024-12-31 15:41:38,219][flwr][INFO] - aggregate_fit: received 2 results and 0 failures
[2024-12-31 15:41:39,850][flwr][INFO] - fit progress: (8, 184.28377723693848, {'accuracy': 0.126}, 101.1526488640011)
[2024-12-31 15:41:39,851][flwr][INFO] - configure_evaluate: strategy sampled 5 clients (out of 10)
[2024-12-31 15:41:40,644][flwr][INFO] - aggregate_evaluate: received 5 results and 0 failures
[2024-12-31 15:41:40,644][flwr][INFO] - 
[2024-12-31 15:41:40,644][flwr][INFO] - [ROUND 9]
[2024-12-31 15:41:40,645][flwr][INFO] - configure_fit: strategy sampled 2 clients (out of 10)
[2024-12-31 15:41:49,809][flwr][INFO] - aggregate_fit: received 2 results and 0 failures
[2024-12-31 15:41:51,860][flwr][INFO] - fit progress: (9, 168.80764019489288, {'accuracy': 0.2165}, 113.1618547620019)
[2024-12-31 15:41:51,860][flwr][INFO] - configure_evaluate: strategy sampled 5 clients (out of 10)
[2024-12-31 15:41:52,614][flwr][INFO] - aggregate_evaluate: received 5 results and 0 failures
[2024-12-31 15:41:52,614][flwr][INFO] - 
[2024-12-31 15:41:52,614][flwr][INFO] - [ROUND 10]
[2024-12-31 15:41:52,615][flwr][INFO] - configure_fit: strategy sampled 2 clients (out of 10)
[2024-12-31 15:42:01,622][flwr][INFO] - aggregate_fit: received 2 results and 0 failures
[2024-12-31 15:42:03,547][flwr][INFO] - fit progress: (10, 175.889018535614, {'accuracy': 0.1735}, 124.84921455199947)
[2024-12-31 15:42:03,547][flwr][INFO] - configure_evaluate: strategy sampled 5 clients (out of 10)
[2024-12-31 15:42:04,231][flwr][INFO] - aggregate_evaluate: received 5 results and 0 failures
[2024-12-31 15:42:04,232][flwr][INFO] - 
[2024-12-31 15:42:04,232][flwr][INFO] - [SUMMARY]
[2024-12-31 15:42:04,232][flwr][INFO] - Run finished 10 round(s) in 125.53s
[2024-12-31 15:42:04,232][flwr][INFO] - 	History (loss, distributed):
[2024-12-31 15:42:04,232][flwr][INFO] - 		round 1: 38.1637907743454
[2024-12-31 15:42:04,233][flwr][INFO] - 		round 2: 46.97703552246094
[2024-12-31 15:42:04,233][flwr][INFO] - 		round 3: 41.8590603351593
[2024-12-31 15:42:04,233][flwr][INFO] - 		round 4: 46.73959627151489
[2024-12-31 15:42:04,233][flwr][INFO] - 		round 5: 44.77453908920288
[2024-12-31 15:42:04,233][flwr][INFO] - 		round 6: 43.79728355407715
[2024-12-31 15:42:04,233][flwr][INFO] - 		round 7: 42.31725800037384
[2024-12-31 15:42:04,233][flwr][INFO] - 		round 8: 44.34611415863037
[2024-12-31 15:42:04,233][flwr][INFO] - 		round 9: 40.78033425807953
[2024-12-31 15:42:04,233][flwr][INFO] - 		round 10: 42.40641992092132
[2024-12-31 15:42:04,233][flwr][INFO] - 	History (loss, centralized):
[2024-12-31 15:42:04,233][flwr][INFO] - 		round 0: 182.43802857398987
[2024-12-31 15:42:04,233][flwr][INFO] - 		round 1: 157.7195954322815
[2024-12-31 15:42:04,233][flwr][INFO] - 		round 2: 195.08397912979126
[2024-12-31 15:42:04,233][flwr][INFO] - 		round 3: 173.51538407802582
[2024-12-31 15:42:04,234][flwr][INFO] - 		round 4: 195.55679965019226
[2024-12-31 15:42:04,234][flwr][INFO] - 		round 5: 186.89242386817932
[2024-12-31 15:42:04,234][flwr][INFO] - 		round 6: 181.9186601638794
[2024-12-31 15:42:04,234][flwr][INFO] - 		round 7: 176.56836247444153
[2024-12-31 15:42:04,234][flwr][INFO] - 		round 8: 184.28377723693848
[2024-12-31 15:42:04,234][flwr][INFO] - 		round 9: 168.80764019489288
[2024-12-31 15:42:04,234][flwr][INFO] - 		round 10: 175.889018535614
[2024-12-31 15:42:04,234][flwr][INFO] - 	History (metrics, centralized):
[2024-12-31 15:42:04,234][flwr][INFO] - 	{'accuracy': [(0, 0.1079),
[2024-12-31 15:42:04,234][flwr][INFO] - 	              (1, 0.381),
[2024-12-31 15:42:04,234][flwr][INFO] - 	              (2, 0.0892),
[2024-12-31 15:42:04,234][flwr][INFO] - 	              (3, 0.2104),
[2024-12-31 15:42:04,234][flwr][INFO] - 	              (4, 0.077),
[2024-12-31 15:42:04,234][flwr][INFO] - 	              (5, 0.0931),
[2024-12-31 15:42:04,234][flwr][INFO] - 	              (6, 0.1137),
[2024-12-31 15:42:04,234][flwr][INFO] - 	              (7, 0.1632),
[2024-12-31 15:42:04,234][flwr][INFO] - 	              (8, 0.126),
[2024-12-31 15:42:04,234][flwr][INFO] - 	              (9, 0.2165),
[2024-12-31 15:42:04,235][flwr][INFO] - 	              (10, 0.1735)]}
[2024-12-31 15:42:04,235][flwr][INFO] - 
