[2024-12-31 14:19:51,272][flwr][INFO] - Starting Flower simulation, config: num_rounds=10, no round_timeout
[2024-12-31 14:19:54,789][flwr][INFO] - Flower VCE: Ray initialized with resources: {'node:__internal_head__': 1.0, 'object_store_memory': 3186921062.0, 'memory': 6373842126.0, 'CPU': 12.0, 'node:192.168.1.11': 1.0}
[2024-12-31 14:19:54,789][flwr][INFO] - Optimize your simulation with Flower VCE: https://flower.ai/docs/framework/how-to-run-simulations.html
[2024-12-31 14:19:54,789][flwr][INFO] - Flower VCE: Resources for each Virtual Client: {'num_cpus': 2, 'num_gpus': 0}
[2024-12-31 14:19:54,796][flwr][INFO] - Flower VCE: Creating VirtualClientEngineActorPool with 6 actors
[2024-12-31 14:19:54,796][flwr][INFO] - [INIT]
[2024-12-31 14:19:54,796][flwr][INFO] - Using initial global parameters provided by strategy
[2024-12-31 14:19:54,797][flwr][INFO] - Starting evaluation of initial global parameters
[2024-12-31 14:19:57,141][flwr][INFO] - initial parameters (loss, other metrics): 182.27511858940125, {'accuracy': 0.1011}
[2024-12-31 14:19:57,141][flwr][INFO] - 
[2024-12-31 14:19:57,141][flwr][INFO] - [ROUND 1]
[2024-12-31 14:19:57,142][flwr][INFO] - configure_fit: strategy sampled 2 clients (out of 10)
[2024-12-31 14:20:07,044][flwr][INFO] - aggregate_fit: received 2 results and 0 failures
[2024-12-31 14:20:07,048][flwr][WARNING] - No fit_metrics_aggregation_fn provided
[2024-12-31 14:20:08,116][flwr][INFO] - fit progress: (1, 182.02030634880066, {'accuracy': 0.0974}, 10.974652672004595)
[2024-12-31 14:20:08,116][flwr][INFO] - configure_evaluate: strategy sampled 2 clients (out of 10)
[2024-12-31 14:20:08,528][flwr][INFO] - aggregate_evaluate: received 2 results and 0 failures
[2024-12-31 14:20:08,528][flwr][WARNING] - No evaluate_metrics_aggregation_fn provided
[2024-12-31 14:20:08,528][flwr][INFO] - 
[2024-12-31 14:20:08,529][flwr][INFO] - [ROUND 2]
[2024-12-31 14:20:08,529][flwr][INFO] - configure_fit: strategy sampled 2 clients (out of 10)
[2024-12-31 14:20:15,409][flwr][INFO] - aggregate_fit: received 2 results and 0 failures
[2024-12-31 14:20:16,945][flwr][INFO] - fit progress: (2, 182.0383231639862, {'accuracy': 0.1135}, 19.80341183100245)
[2024-12-31 14:20:16,945][flwr][INFO] - configure_evaluate: strategy sampled 2 clients (out of 10)
[2024-12-31 14:20:17,285][flwr][INFO] - aggregate_evaluate: received 2 results and 0 failures
[2024-12-31 14:20:17,286][flwr][INFO] - 
[2024-12-31 14:20:17,286][flwr][INFO] - [ROUND 3]
[2024-12-31 14:20:17,286][flwr][INFO] - configure_fit: strategy sampled 2 clients (out of 10)
[2024-12-31 14:20:24,054][flwr][INFO] - aggregate_fit: received 2 results and 0 failures
[2024-12-31 14:20:25,522][flwr][INFO] - fit progress: (3, 181.94300174713135, {'accuracy': 0.1135}, 28.381321040003968)
[2024-12-31 14:20:25,523][flwr][INFO] - configure_evaluate: strategy sampled 2 clients (out of 10)
[2024-12-31 14:20:25,897][flwr][INFO] - aggregate_evaluate: received 2 results and 0 failures
[2024-12-31 14:20:25,897][flwr][INFO] - 
[2024-12-31 14:20:25,897][flwr][INFO] - [ROUND 4]
[2024-12-31 14:20:25,897][flwr][INFO] - configure_fit: strategy sampled 2 clients (out of 10)
[2024-12-31 14:20:32,487][flwr][INFO] - aggregate_fit: received 2 results and 0 failures
[2024-12-31 14:20:33,612][flwr][INFO] - fit progress: (4, 182.00454664230347, {'accuracy': 0.1135}, 36.47066511700541)
[2024-12-31 14:20:33,612][flwr][INFO] - configure_evaluate: strategy sampled 2 clients (out of 10)
[2024-12-31 14:20:34,015][flwr][INFO] - aggregate_evaluate: received 2 results and 0 failures
[2024-12-31 14:20:34,015][flwr][INFO] - 
[2024-12-31 14:20:34,015][flwr][INFO] - [ROUND 5]
[2024-12-31 14:20:34,015][flwr][INFO] - configure_fit: strategy sampled 2 clients (out of 10)
[2024-12-31 14:20:40,870][flwr][INFO] - aggregate_fit: received 2 results and 0 failures
[2024-12-31 14:20:41,994][flwr][INFO] - fit progress: (5, 182.04451656341553, {'accuracy': 0.1135}, 44.85305426800187)
[2024-12-31 14:20:41,994][flwr][INFO] - configure_evaluate: strategy sampled 2 clients (out of 10)
[2024-12-31 14:20:42,373][flwr][INFO] - aggregate_evaluate: received 2 results and 0 failures
[2024-12-31 14:20:42,373][flwr][INFO] - 
[2024-12-31 14:20:42,373][flwr][INFO] - [ROUND 6]
[2024-12-31 14:20:42,373][flwr][INFO] - configure_fit: strategy sampled 2 clients (out of 10)
[2024-12-31 14:20:49,035][flwr][INFO] - aggregate_fit: received 2 results and 0 failures
[2024-12-31 14:20:50,546][flwr][INFO] - fit progress: (6, 182.1033546924591, {'accuracy': 0.1135}, 53.40517388700391)
[2024-12-31 14:20:50,547][flwr][INFO] - configure_evaluate: strategy sampled 2 clients (out of 10)
[2024-12-31 14:20:50,926][flwr][INFO] - aggregate_evaluate: received 2 results and 0 failures
[2024-12-31 14:20:50,927][flwr][INFO] - 
[2024-12-31 14:20:50,927][flwr][INFO] - [ROUND 7]
[2024-12-31 14:20:50,927][flwr][INFO] - configure_fit: strategy sampled 2 clients (out of 10)
[2024-12-31 14:20:57,720][flwr][INFO] - aggregate_fit: received 2 results and 0 failures
[2024-12-31 14:20:58,852][flwr][INFO] - fit progress: (7, 182.00552439689636, {'accuracy': 0.1135}, 61.711153100004594)
[2024-12-31 14:20:58,853][flwr][INFO] - configure_evaluate: strategy sampled 2 clients (out of 10)
[2024-12-31 14:20:59,256][flwr][INFO] - aggregate_evaluate: received 2 results and 0 failures
[2024-12-31 14:20:59,256][flwr][INFO] - 
[2024-12-31 14:20:59,256][flwr][INFO] - [ROUND 8]
[2024-12-31 14:20:59,256][flwr][INFO] - configure_fit: strategy sampled 2 clients (out of 10)
[2024-12-31 14:21:06,031][flwr][INFO] - aggregate_fit: received 2 results and 0 failures
[2024-12-31 14:21:07,293][flwr][INFO] - fit progress: (8, 181.935879945755, {'accuracy': 0.1135}, 70.15193739200186)
[2024-12-31 14:21:07,293][flwr][INFO] - configure_evaluate: strategy sampled 2 clients (out of 10)
[2024-12-31 14:21:07,675][flwr][INFO] - aggregate_evaluate: received 2 results and 0 failures
[2024-12-31 14:21:07,675][flwr][INFO] - 
[2024-12-31 14:21:07,676][flwr][INFO] - [ROUND 9]
[2024-12-31 14:21:07,676][flwr][INFO] - configure_fit: strategy sampled 2 clients (out of 10)
[2024-12-31 14:21:14,205][flwr][INFO] - aggregate_fit: received 2 results and 0 failures
[2024-12-31 14:21:15,391][flwr][INFO] - fit progress: (9, 181.86982798576355, {'accuracy': 0.1135}, 78.24954919000447)
[2024-12-31 14:21:15,391][flwr][INFO] - configure_evaluate: strategy sampled 2 clients (out of 10)
[2024-12-31 14:21:15,795][flwr][INFO] - aggregate_evaluate: received 2 results and 0 failures
[2024-12-31 14:21:15,795][flwr][INFO] - 
[2024-12-31 14:21:15,795][flwr][INFO] - [ROUND 10]
[2024-12-31 14:21:15,795][flwr][INFO] - configure_fit: strategy sampled 2 clients (out of 10)
[2024-12-31 14:21:22,714][flwr][INFO] - aggregate_fit: received 2 results and 0 failures
[2024-12-31 14:21:23,851][flwr][INFO] - fit progress: (10, 181.82411408424377, {'accuracy': 0.1135}, 86.70942658000422)
[2024-12-31 14:21:23,851][flwr][INFO] - configure_evaluate: strategy sampled 2 clients (out of 10)
[2024-12-31 14:21:24,256][flwr][INFO] - aggregate_evaluate: received 2 results and 0 failures
[2024-12-31 14:21:24,256][flwr][INFO] - 
[2024-12-31 14:21:24,256][flwr][INFO] - [SUMMARY]
[2024-12-31 14:21:24,256][flwr][INFO] - Run finished 10 round(s) in 87.12s
[2024-12-31 14:21:24,257][flwr][INFO] - 	History (loss, distributed):
[2024-12-31 14:21:24,257][flwr][INFO] - 		round 1: 87.46425664424896
[2024-12-31 14:21:24,257][flwr][INFO] - 		round 2: 87.65706956386566
[2024-12-31 14:21:24,257][flwr][INFO] - 		round 3: 87.47848606109619
[2024-12-31 14:21:24,257][flwr][INFO] - 		round 4: 87.67507255077362
[2024-12-31 14:21:24,257][flwr][INFO] - 		round 5: 87.42117834091187
[2024-12-31 14:21:24,257][flwr][INFO] - 		round 6: 87.68969786167145
[2024-12-31 14:21:24,257][flwr][INFO] - 		round 7: 87.55698359012604
[2024-12-31 14:21:24,257][flwr][INFO] - 		round 8: 87.49246883392334
[2024-12-31 14:21:24,257][flwr][INFO] - 		round 9: 87.61467587947845
[2024-12-31 14:21:24,257][flwr][INFO] - 		round 10: 87.28466010093689
[2024-12-31 14:21:24,257][flwr][INFO] - 	History (loss, centralized):
[2024-12-31 14:21:24,257][flwr][INFO] - 		round 0: 182.27511858940125
[2024-12-31 14:21:24,257][flwr][INFO] - 		round 1: 182.02030634880066
[2024-12-31 14:21:24,257][flwr][INFO] - 		round 2: 182.0383231639862
[2024-12-31 14:21:24,257][flwr][INFO] - 		round 3: 181.94300174713135
[2024-12-31 14:21:24,257][flwr][INFO] - 		round 4: 182.00454664230347
[2024-12-31 14:21:24,257][flwr][INFO] - 		round 5: 182.04451656341553
[2024-12-31 14:21:24,257][flwr][INFO] - 		round 6: 182.1033546924591
[2024-12-31 14:21:24,257][flwr][INFO] - 		round 7: 182.00552439689636
[2024-12-31 14:21:24,258][flwr][INFO] - 		round 8: 181.935879945755
[2024-12-31 14:21:24,258][flwr][INFO] - 		round 9: 181.86982798576355
[2024-12-31 14:21:24,258][flwr][INFO] - 		round 10: 181.82411408424377
[2024-12-31 14:21:24,258][flwr][INFO] - 	History (metrics, centralized):
[2024-12-31 14:21:24,258][flwr][INFO] - 	{'accuracy': [(0, 0.1011),
[2024-12-31 14:21:24,258][flwr][INFO] - 	              (1, 0.0974),
[2024-12-31 14:21:24,258][flwr][INFO] - 	              (2, 0.1135),
[2024-12-31 14:21:24,258][flwr][INFO] - 	              (3, 0.1135),
[2024-12-31 14:21:24,258][flwr][INFO] - 	              (4, 0.1135),
[2024-12-31 14:21:24,258][flwr][INFO] - 	              (5, 0.1135),
[2024-12-31 14:21:24,258][flwr][INFO] - 	              (6, 0.1135),
[2024-12-31 14:21:24,258][flwr][INFO] - 	              (7, 0.1135),
[2024-12-31 14:21:24,258][flwr][INFO] - 	              (8, 0.1135),
[2024-12-31 14:21:24,258][flwr][INFO] - 	              (9, 0.1135),
[2024-12-31 14:21:24,258][flwr][INFO] - 	              (10, 0.1135)]}
[2024-12-31 14:21:24,258][flwr][INFO] - 
