[2025-01-07 14:06:39,449][flwr][INFO] - Starting Flower simulation, config: num_rounds=5, no round_timeout
[2025-01-07 14:06:42,876][flwr][INFO] - Flower VCE: Ray initialized with resources: {'node:__internal_head__': 1.0, 'memory': 6273439335.0, 'object_store_memory': 3136719667.0, 'node:192.168.1.11': 1.0, 'CPU': 12.0}
[2025-01-07 14:06:42,876][flwr][INFO] - Optimize your simulation with Flower VCE: https://flower.ai/docs/framework/how-to-run-simulations.html
[2025-01-07 14:06:42,876][flwr][INFO] - Flower VCE: Resources for each Virtual Client: {'num_cpus': 2, 'num_gpus': 0}
[2025-01-07 14:06:42,883][flwr][INFO] - Flower VCE: Creating VirtualClientEngineActorPool with 6 actors
[2025-01-07 14:06:42,883][flwr][INFO] - [INIT]
[2025-01-07 14:06:42,883][flwr][INFO] - Requesting initial parameters from one random client
[2025-01-07 14:06:45,549][flwr][INFO] - Received initial parameters from one random client
[2025-01-07 14:06:45,549][flwr][INFO] - Starting evaluation of initial global parameters
[2025-01-07 14:06:46,924][flwr][INFO] - initial parameters (loss, other metrics): 181.60011434555054, {'accuracy': 0.1032}
[2025-01-07 14:06:46,924][flwr][INFO] - 
[2025-01-07 14:06:46,925][flwr][INFO] - [ROUND 1]
[2025-01-07 14:06:46,925][flwr][INFO] - configure_fit: strategy sampled 2 clients (out of 10)
[2025-01-07 14:06:56,481][flwr][INFO] - aggregate_fit: received 2 results and 0 failures
[2025-01-07 14:06:56,485][flwr][WARNING] - No fit_metrics_aggregation_fn provided
[2025-01-07 14:06:57,995][flwr][INFO] - fit progress: (1, 176.09173583984375, {'accuracy': 0.1586}, 11.070380829001806)
[2025-01-07 14:06:57,995][flwr][INFO] - configure_evaluate: strategy sampled 5 clients (out of 10)
[2025-01-07 14:07:01,774][flwr][INFO] - aggregate_evaluate: received 5 results and 0 failures
[2025-01-07 14:07:01,774][flwr][WARNING] - No evaluate_metrics_aggregation_fn provided
[2025-01-07 14:07:01,775][flwr][INFO] - 
[2025-01-07 14:07:01,775][flwr][INFO] - [ROUND 2]
[2025-01-07 14:07:01,775][flwr][INFO] - configure_fit: strategy sampled 2 clients (out of 10)
[2025-01-07 14:07:09,151][flwr][INFO] - aggregate_fit: received 2 results and 0 failures
[2025-01-07 14:07:10,820][flwr][INFO] - fit progress: (2, 82.48851811885834, {'accuracy': 0.6628}, 23.895964201001334)
[2025-01-07 14:07:10,821][flwr][INFO] - configure_evaluate: strategy sampled 5 clients (out of 10)
[2025-01-07 14:07:11,582][flwr][INFO] - aggregate_evaluate: received 5 results and 0 failures
[2025-01-07 14:07:11,583][flwr][INFO] - 
[2025-01-07 14:07:11,583][flwr][INFO] - [ROUND 3]
[2025-01-07 14:07:11,583][flwr][INFO] - configure_fit: strategy sampled 2 clients (out of 10)
[2025-01-07 14:07:18,761][flwr][INFO] - aggregate_fit: received 2 results and 0 failures
[2025-01-07 14:07:20,547][flwr][INFO] - fit progress: (3, 182.04491329193115, {'accuracy': 0.1135}, 33.62284541900226)
[2025-01-07 14:07:20,547][flwr][INFO] - configure_evaluate: strategy sampled 5 clients (out of 10)
[2025-01-07 14:07:21,305][flwr][INFO] - aggregate_evaluate: received 5 results and 0 failures
[2025-01-07 14:07:21,306][flwr][INFO] - 
[2025-01-07 14:07:21,306][flwr][INFO] - [ROUND 4]
[2025-01-07 14:07:21,306][flwr][INFO] - configure_fit: strategy sampled 2 clients (out of 10)
[2025-01-07 14:07:28,338][flwr][INFO] - aggregate_fit: received 2 results and 0 failures
[2025-01-07 14:07:29,644][flwr][INFO] - fit progress: (4, 182.14015769958496, {'accuracy': 0.0974}, 42.719192871001724)
[2025-01-07 14:07:29,644][flwr][INFO] - configure_evaluate: strategy sampled 5 clients (out of 10)
[2025-01-07 14:07:30,424][flwr][INFO] - aggregate_evaluate: received 5 results and 0 failures
[2025-01-07 14:07:30,425][flwr][INFO] - 
[2025-01-07 14:07:30,425][flwr][INFO] - [ROUND 5]
[2025-01-07 14:07:30,425][flwr][INFO] - configure_fit: strategy sampled 2 clients (out of 10)
[2025-01-07 14:07:37,755][flwr][INFO] - aggregate_fit: received 2 results and 0 failures
[2025-01-07 14:07:39,170][flwr][INFO] - fit progress: (5, 182.22780108451843, {'accuracy': 0.1135}, 52.24546597100198)
[2025-01-07 14:07:39,170][flwr][INFO] - configure_evaluate: strategy sampled 5 clients (out of 10)
[2025-01-07 14:07:39,947][flwr][INFO] - aggregate_evaluate: received 5 results and 0 failures
[2025-01-07 14:07:39,947][flwr][INFO] - 
[2025-01-07 14:07:39,947][flwr][INFO] - [SUMMARY]
[2025-01-07 14:07:39,947][flwr][INFO] - Run finished 5 round(s) in 53.02s
[2025-01-07 14:07:39,947][flwr][INFO] - 	History (loss, distributed):
[2025-01-07 14:07:39,948][flwr][INFO] - 		round 1: 84.83895645141601
[2025-01-07 14:07:39,948][flwr][INFO] - 		round 2: 40.50657391548157
[2025-01-07 14:07:39,948][flwr][INFO] - 		round 3: 87.51549773216247
[2025-01-07 14:07:39,948][flwr][INFO] - 		round 4: 87.53716320991516
[2025-01-07 14:07:39,948][flwr][INFO] - 		round 5: 87.72701902389527
[2025-01-07 14:07:39,948][flwr][INFO] - 	History (loss, centralized):
[2025-01-07 14:07:39,948][flwr][INFO] - 		round 0: 181.60011434555054
[2025-01-07 14:07:39,948][flwr][INFO] - 		round 1: 176.09173583984375
[2025-01-07 14:07:39,948][flwr][INFO] - 		round 2: 82.48851811885834
[2025-01-07 14:07:39,948][flwr][INFO] - 		round 3: 182.04491329193115
[2025-01-07 14:07:39,948][flwr][INFO] - 		round 4: 182.14015769958496
[2025-01-07 14:07:39,948][flwr][INFO] - 		round 5: 182.22780108451843
[2025-01-07 14:07:39,948][flwr][INFO] - 	History (metrics, centralized):
[2025-01-07 14:07:39,948][flwr][INFO] - 	{'accuracy': [(0, 0.1032),
[2025-01-07 14:07:39,948][flwr][INFO] - 	              (1, 0.1586),
[2025-01-07 14:07:39,948][flwr][INFO] - 	              (2, 0.6628),
[2025-01-07 14:07:39,948][flwr][INFO] - 	              (3, 0.1135),
[2025-01-07 14:07:39,948][flwr][INFO] - 	              (4, 0.0974),
[2025-01-07 14:07:39,948][flwr][INFO] - 	              (5, 0.1135)]}
[2025-01-07 14:07:39,948][flwr][INFO] - 
