[2024-12-31 23:20:52,285][flwr][INFO] - Starting Flower simulation, config: num_rounds=10, no round_timeout
[2024-12-31 23:20:56,006][flwr][INFO] - Flower VCE: Ray initialized with resources: {'memory': 6517127579.0, 'object_store_memory': 3258563788.0, 'CPU': 12.0, 'node:192.168.1.11': 1.0, 'node:__internal_head__': 1.0}
[2024-12-31 23:20:56,006][flwr][INFO] - Optimize your simulation with Flower VCE: https://flower.ai/docs/framework/how-to-run-simulations.html
[2024-12-31 23:20:56,006][flwr][INFO] - Flower VCE: Resources for each Virtual Client: {'num_cpus': 2, 'num_gpus': 0}
[2024-12-31 23:20:56,020][flwr][INFO] - Flower VCE: Creating VirtualClientEngineActorPool with 6 actors
[2024-12-31 23:20:56,020][flwr][INFO] - [INIT]
[2024-12-31 23:20:56,021][flwr][INFO] - Using initial global parameters provided by strategy
[2024-12-31 23:20:56,021][flwr][INFO] - Starting evaluation of initial global parameters
[2024-12-31 23:20:59,171][flwr][INFO] - initial parameters (loss, other metrics): 182.62970089912415, {'accuracy': 0.0806}
[2024-12-31 23:20:59,172][flwr][INFO] - 
[2024-12-31 23:20:59,172][flwr][INFO] - [ROUND 1]
[2024-12-31 23:20:59,172][flwr][INFO] - configure_fit: strategy sampled 2 clients (out of 10)
[2024-12-31 23:21:07,579][flwr][INFO] - aggregate_fit: received 2 results and 0 failures
[2024-12-31 23:21:07,585][flwr][WARNING] - No fit_metrics_aggregation_fn provided
[2024-12-31 23:21:09,448][flwr][INFO] - fit progress: (1, 183.86865401268005, {'accuracy': 0.098}, 10.276564763000351)
[2024-12-31 23:21:09,449][flwr][INFO] - configure_evaluate: strategy sampled 5 clients (out of 10)
[2024-12-31 23:21:13,871][flwr][INFO] - aggregate_evaluate: received 5 results and 0 failures
[2024-12-31 23:21:13,871][flwr][WARNING] - No evaluate_metrics_aggregation_fn provided
[2024-12-31 23:21:13,871][flwr][INFO] - 
[2024-12-31 23:21:13,871][flwr][INFO] - [ROUND 2]
[2024-12-31 23:21:13,872][flwr][INFO] - configure_fit: strategy sampled 2 clients (out of 10)
[2024-12-31 23:21:19,566][flwr][INFO] - aggregate_fit: received 2 results and 0 failures
[2024-12-31 23:21:21,351][flwr][INFO] - fit progress: (2, 184.19791388511658, {'accuracy': 0.1028}, 22.17926334200456)
[2024-12-31 23:21:21,351][flwr][INFO] - configure_evaluate: strategy sampled 5 clients (out of 10)
[2024-12-31 23:21:22,172][flwr][INFO] - aggregate_evaluate: received 5 results and 0 failures
[2024-12-31 23:21:22,172][flwr][INFO] - 
[2024-12-31 23:21:22,172][flwr][INFO] - [ROUND 3]
[2024-12-31 23:21:22,173][flwr][INFO] - configure_fit: strategy sampled 2 clients (out of 10)
[2024-12-31 23:21:28,157][flwr][INFO] - aggregate_fit: received 2 results and 0 failures
[2024-12-31 23:21:30,288][flwr][INFO] - fit progress: (3, 185.23028588294983, {'accuracy': 0.0974}, 31.115766467999492)
[2024-12-31 23:21:30,288][flwr][INFO] - configure_evaluate: strategy sampled 5 clients (out of 10)
[2024-12-31 23:21:31,036][flwr][INFO] - aggregate_evaluate: received 5 results and 0 failures
[2024-12-31 23:21:31,036][flwr][INFO] - 
[2024-12-31 23:21:31,036][flwr][INFO] - [ROUND 4]
[2024-12-31 23:21:31,036][flwr][INFO] - configure_fit: strategy sampled 2 clients (out of 10)
[2024-12-31 23:21:36,853][flwr][INFO] - aggregate_fit: received 2 results and 0 failures
[2024-12-31 23:21:38,670][flwr][INFO] - fit progress: (4, 184.45636796951294, {'accuracy': 0.1032}, 39.498707810998894)
[2024-12-31 23:21:38,671][flwr][INFO] - configure_evaluate: strategy sampled 5 clients (out of 10)
[2024-12-31 23:21:39,394][flwr][INFO] - aggregate_evaluate: received 5 results and 0 failures
[2024-12-31 23:21:39,394][flwr][INFO] - 
[2024-12-31 23:21:39,394][flwr][INFO] - [ROUND 5]
[2024-12-31 23:21:39,394][flwr][INFO] - configure_fit: strategy sampled 2 clients (out of 10)
[2024-12-31 23:21:44,800][flwr][INFO] - aggregate_fit: received 2 results and 0 failures
[2024-12-31 23:21:46,292][flwr][INFO] - fit progress: (5, 185.77876234054565, {'accuracy': 0.098}, 47.12047505000373)
[2024-12-31 23:21:46,293][flwr][INFO] - configure_evaluate: strategy sampled 5 clients (out of 10)
[2024-12-31 23:21:47,035][flwr][INFO] - aggregate_evaluate: received 5 results and 0 failures
[2024-12-31 23:21:47,035][flwr][INFO] - 
[2024-12-31 23:21:47,035][flwr][INFO] - [ROUND 6]
[2024-12-31 23:21:47,035][flwr][INFO] - configure_fit: strategy sampled 2 clients (out of 10)
[2024-12-31 23:21:52,698][flwr][INFO] - aggregate_fit: received 2 results and 0 failures
[2024-12-31 23:21:54,248][flwr][INFO] - fit progress: (6, 184.27311491966248, {'accuracy': 0.1135}, 55.0766119980035)
[2024-12-31 23:21:54,249][flwr][INFO] - configure_evaluate: strategy sampled 5 clients (out of 10)
[2024-12-31 23:21:55,014][flwr][INFO] - aggregate_evaluate: received 5 results and 0 failures
[2024-12-31 23:21:55,015][flwr][INFO] - 
[2024-12-31 23:21:55,015][flwr][INFO] - [ROUND 7]
[2024-12-31 23:21:55,015][flwr][INFO] - configure_fit: strategy sampled 2 clients (out of 10)
[2024-12-31 23:22:00,450][flwr][INFO] - aggregate_fit: received 2 results and 0 failures
[2024-12-31 23:22:02,502][flwr][INFO] - fit progress: (7, 185.74841213226318, {'accuracy': 0.0974}, 63.32979459899798)
[2024-12-31 23:22:02,502][flwr][INFO] - configure_evaluate: strategy sampled 5 clients (out of 10)
[2024-12-31 23:22:03,164][flwr][INFO] - aggregate_evaluate: received 5 results and 0 failures
[2024-12-31 23:22:03,165][flwr][INFO] - 
[2024-12-31 23:22:03,165][flwr][INFO] - [ROUND 8]
[2024-12-31 23:22:03,165][flwr][INFO] - configure_fit: strategy sampled 2 clients (out of 10)
[2024-12-31 23:22:08,646][flwr][INFO] - aggregate_fit: received 2 results and 0 failures
[2024-12-31 23:22:10,228][flwr][INFO] - fit progress: (8, 184.70129537582397, {'accuracy': 0.098}, 71.0562300399979)
[2024-12-31 23:22:10,228][flwr][INFO] - configure_evaluate: strategy sampled 5 clients (out of 10)
[2024-12-31 23:22:11,053][flwr][INFO] - aggregate_evaluate: received 5 results and 0 failures
[2024-12-31 23:22:11,054][flwr][INFO] - 
[2024-12-31 23:22:11,054][flwr][INFO] - [ROUND 9]
[2024-12-31 23:22:11,054][flwr][INFO] - configure_fit: strategy sampled 2 clients (out of 10)
[2024-12-31 23:22:16,688][flwr][INFO] - aggregate_fit: received 2 results and 0 failures
[2024-12-31 23:22:18,805][flwr][INFO] - fit progress: (9, 183.65639638900757, {'accuracy': 0.0958}, 79.63298219900025)
[2024-12-31 23:22:18,805][flwr][INFO] - configure_evaluate: strategy sampled 5 clients (out of 10)
[2024-12-31 23:22:19,574][flwr][INFO] - aggregate_evaluate: received 5 results and 0 failures
[2024-12-31 23:22:19,574][flwr][INFO] - 
[2024-12-31 23:22:19,575][flwr][INFO] - [ROUND 10]
[2024-12-31 23:22:19,575][flwr][INFO] - configure_fit: strategy sampled 2 clients (out of 10)
[2024-12-31 23:22:25,341][flwr][INFO] - aggregate_fit: received 2 results and 0 failures
[2024-12-31 23:22:27,448][flwr][INFO] - fit progress: (10, 185.67633867263794, {'accuracy': 0.1028}, 88.27661918200465)
[2024-12-31 23:22:27,449][flwr][INFO] - configure_evaluate: strategy sampled 5 clients (out of 10)
[2024-12-31 23:22:28,202][flwr][INFO] - aggregate_evaluate: received 5 results and 0 failures
[2024-12-31 23:22:28,203][flwr][INFO] - 
[2024-12-31 23:22:28,203][flwr][INFO] - [SUMMARY]
[2024-12-31 23:22:28,203][flwr][INFO] - Run finished 10 round(s) in 89.03s
[2024-12-31 23:22:28,203][flwr][INFO] - 	History (loss, distributed):
[2024-12-31 23:22:28,203][flwr][INFO] - 		round 1: 44.117958307266235
[2024-12-31 23:22:28,203][flwr][INFO] - 		round 2: 44.230044507980345
[2024-12-31 23:22:28,203][flwr][INFO] - 		round 3: 44.67047433853149
[2024-12-31 23:22:28,203][flwr][INFO] - 		round 4: 44.37360534667969
[2024-12-31 23:22:28,204][flwr][INFO] - 		round 5: 44.49443483352661
[2024-12-31 23:22:28,204][flwr][INFO] - 		round 6: 44.50403480529785
[2024-12-31 23:22:28,204][flwr][INFO] - 		round 7: 44.69721345901489
[2024-12-31 23:22:28,204][flwr][INFO] - 		round 8: 44.36819214820862
[2024-12-31 23:22:28,204][flwr][INFO] - 		round 9: 44.2926372051239
[2024-12-31 23:22:28,204][flwr][INFO] - 		round 10: 44.84928698539734
[2024-12-31 23:22:28,204][flwr][INFO] - 	History (loss, centralized):
[2024-12-31 23:22:28,204][flwr][INFO] - 		round 0: 182.62970089912415
[2024-12-31 23:22:28,204][flwr][INFO] - 		round 1: 183.86865401268005
[2024-12-31 23:22:28,204][flwr][INFO] - 		round 2: 184.19791388511658
[2024-12-31 23:22:28,204][flwr][INFO] - 		round 3: 185.23028588294983
[2024-12-31 23:22:28,204][flwr][INFO] - 		round 4: 184.45636796951294
[2024-12-31 23:22:28,204][flwr][INFO] - 		round 5: 185.77876234054565
[2024-12-31 23:22:28,204][flwr][INFO] - 		round 6: 184.27311491966248
[2024-12-31 23:22:28,204][flwr][INFO] - 		round 7: 185.74841213226318
[2024-12-31 23:22:28,204][flwr][INFO] - 		round 8: 184.70129537582397
[2024-12-31 23:22:28,204][flwr][INFO] - 		round 9: 183.65639638900757
[2024-12-31 23:22:28,204][flwr][INFO] - 		round 10: 185.67633867263794
[2024-12-31 23:22:28,204][flwr][INFO] - 	History (metrics, centralized):
[2024-12-31 23:22:28,205][flwr][INFO] - 	{'accuracy': [(0, 0.0806),
[2024-12-31 23:22:28,205][flwr][INFO] - 	              (1, 0.098),
[2024-12-31 23:22:28,205][flwr][INFO] - 	              (2, 0.1028),
[2024-12-31 23:22:28,205][flwr][INFO] - 	              (3, 0.0974),
[2024-12-31 23:22:28,205][flwr][INFO] - 	              (4, 0.1032),
[2024-12-31 23:22:28,205][flwr][INFO] - 	              (5, 0.098),
[2024-12-31 23:22:28,205][flwr][INFO] - 	              (6, 0.1135),
[2024-12-31 23:22:28,205][flwr][INFO] - 	              (7, 0.0974),
[2024-12-31 23:22:28,205][flwr][INFO] - 	              (8, 0.098),
[2024-12-31 23:22:28,205][flwr][INFO] - 	              (9, 0.0958),
[2024-12-31 23:22:28,205][flwr][INFO] - 	              (10, 0.1028)]}
[2024-12-31 23:22:28,205][flwr][INFO] - 
