[2024-12-30 10:28:51,723][flwr][INFO] - Starting Flower simulation, config: num_rounds=10, no round_timeout
[2024-12-30 10:28:55,227][flwr][INFO] - Flower VCE: Ray initialized with resources: {'CPU': 12.0, 'node:192.168.1.11': 1.0, 'node:__internal_head__': 1.0, 'object_store_memory': 2462329651.0, 'memory': 4924659303.0}
[2024-12-30 10:28:55,228][flwr][INFO] - Optimize your simulation with Flower VCE: https://flower.ai/docs/framework/how-to-run-simulations.html
[2024-12-30 10:28:55,228][flwr][INFO] - Flower VCE: Resources for each Virtual Client: {'num_cpus': 2, 'num_gpus': 0}
[2024-12-30 10:28:55,237][flwr][INFO] - Flower VCE: Creating VirtualClientEngineActorPool with 6 actors
[2024-12-30 10:28:55,237][flwr][INFO] - [INIT]
[2024-12-30 10:28:55,237][flwr][INFO] - Using initial global parameters provided by strategy
[2024-12-30 10:28:55,237][flwr][INFO] - Starting evaluation of initial global parameters
[2024-12-30 10:28:58,102][flwr][INFO] - initial parameters (loss, other metrics): 181.98325514793396, {'accuracy': 0.1061}
[2024-12-30 10:28:58,102][flwr][INFO] - 
[2024-12-30 10:28:58,102][flwr][INFO] - [ROUND 1]
[2024-12-30 10:28:58,103][flwr][INFO] - configure_fit: strategy sampled 2 clients (out of 10)
[2024-12-30 10:29:04,540][flwr][INFO] - aggregate_fit: received 2 results and 0 failures
[2024-12-30 10:29:04,545][flwr][WARNING] - No fit_metrics_aggregation_fn provided
[2024-12-30 10:29:05,873][flwr][INFO] - fit progress: (1, 12.097807865124196, {'accuracy': 0.9547}, 7.771137398000064)
[2024-12-30 10:29:05,874][flwr][INFO] - configure_evaluate: strategy sampled 2 clients (out of 10)
[2024-12-30 10:29:06,257][flwr][INFO] - aggregate_evaluate: received 2 results and 0 failures
[2024-12-30 10:29:06,257][flwr][WARNING] - No evaluate_metrics_aggregation_fn provided
[2024-12-30 10:29:06,257][flwr][INFO] - 
[2024-12-30 10:29:06,257][flwr][INFO] - [ROUND 2]
[2024-12-30 10:29:06,257][flwr][INFO] - configure_fit: strategy sampled 2 clients (out of 10)
[2024-12-30 10:29:10,432][flwr][INFO] - aggregate_fit: received 2 results and 0 failures
[2024-12-30 10:29:12,045][flwr][INFO] - fit progress: (2, 7.807474904810078, {'accuracy': 0.9704}, 13.942575369999759)
[2024-12-30 10:29:12,045][flwr][INFO] - configure_evaluate: strategy sampled 2 clients (out of 10)
[2024-12-30 10:29:12,425][flwr][INFO] - aggregate_evaluate: received 2 results and 0 failures
[2024-12-30 10:29:12,425][flwr][INFO] - 
[2024-12-30 10:29:12,425][flwr][INFO] - [ROUND 3]
[2024-12-30 10:29:12,425][flwr][INFO] - configure_fit: strategy sampled 2 clients (out of 10)
[2024-12-30 10:29:16,547][flwr][INFO] - aggregate_fit: received 2 results and 0 failures
[2024-12-30 10:29:18,426][flwr][INFO] - fit progress: (3, 8.882297563250177, {'accuracy': 0.9664}, 20.324023797000336)
[2024-12-30 10:29:18,426][flwr][INFO] - configure_evaluate: strategy sampled 2 clients (out of 10)
[2024-12-30 10:29:18,774][flwr][INFO] - aggregate_evaluate: received 2 results and 0 failures
[2024-12-30 10:29:18,774][flwr][INFO] - 
[2024-12-30 10:29:18,775][flwr][INFO] - [ROUND 4]
[2024-12-30 10:29:18,775][flwr][INFO] - configure_fit: strategy sampled 2 clients (out of 10)
[2024-12-30 10:29:22,913][flwr][INFO] - aggregate_fit: received 2 results and 0 failures
[2024-12-30 10:29:24,101][flwr][INFO] - fit progress: (4, 5.4287319190916605, {'accuracy': 0.9773}, 25.99863732599988)
[2024-12-30 10:29:24,101][flwr][INFO] - configure_evaluate: strategy sampled 2 clients (out of 10)
[2024-12-30 10:29:24,471][flwr][INFO] - aggregate_evaluate: received 2 results and 0 failures
[2024-12-30 10:29:24,472][flwr][INFO] - 
[2024-12-30 10:29:24,472][flwr][INFO] - [ROUND 5]
[2024-12-30 10:29:24,472][flwr][INFO] - configure_fit: strategy sampled 2 clients (out of 10)
[2024-12-30 10:29:30,137][flwr][INFO] - aggregate_fit: received 2 results and 0 failures
[2024-12-30 10:29:31,770][flwr][INFO] - fit progress: (5, 5.3207267638645135, {'accuracy': 0.9794}, 32.540478771999915)
[2024-12-30 10:29:31,770][flwr][INFO] - configure_evaluate: strategy sampled 2 clients (out of 10)
[2024-12-30 10:29:32,122][flwr][INFO] - aggregate_evaluate: received 2 results and 0 failures
[2024-12-30 10:29:32,122][flwr][INFO] - 
[2024-12-30 10:29:32,122][flwr][INFO] - [ROUND 6]
[2024-12-30 10:29:32,122][flwr][INFO] - configure_fit: strategy sampled 2 clients (out of 10)
[2024-12-30 10:29:36,250][flwr][INFO] - aggregate_fit: received 2 results and 0 failures
[2024-12-30 10:29:37,580][flwr][INFO] - fit progress: (6, 5.74052634977852, {'accuracy': 0.981}, 38.35120004300006)
[2024-12-30 10:29:37,581][flwr][INFO] - configure_evaluate: strategy sampled 2 clients (out of 10)
[2024-12-30 10:29:37,967][flwr][INFO] - aggregate_evaluate: received 2 results and 0 failures
[2024-12-30 10:29:37,967][flwr][INFO] - 
[2024-12-30 10:29:37,967][flwr][INFO] - [ROUND 7]
[2024-12-30 10:29:37,967][flwr][INFO] - configure_fit: strategy sampled 2 clients (out of 10)
[2024-12-30 10:29:42,072][flwr][INFO] - aggregate_fit: received 2 results and 0 failures
[2024-12-30 10:29:43,451][flwr][INFO] - fit progress: (7, 9.34679840170429, {'accuracy': 0.9704}, 44.22225338899989)
[2024-12-30 10:29:43,452][flwr][INFO] - configure_evaluate: strategy sampled 2 clients (out of 10)
[2024-12-30 10:29:43,837][flwr][INFO] - aggregate_evaluate: received 2 results and 0 failures
[2024-12-30 10:29:43,838][flwr][INFO] - 
[2024-12-30 10:29:43,838][flwr][INFO] - [ROUND 8]
[2024-12-30 10:29:43,838][flwr][INFO] - configure_fit: strategy sampled 2 clients (out of 10)
[2024-12-30 10:29:48,088][flwr][INFO] - aggregate_fit: received 2 results and 0 failures
[2024-12-30 10:29:49,342][flwr][INFO] - fit progress: (8, 6.682041781314183, {'accuracy': 0.9766}, 50.113102731000254)
[2024-12-30 10:29:49,343][flwr][INFO] - configure_evaluate: strategy sampled 2 clients (out of 10)
[2024-12-30 10:29:49,723][flwr][INFO] - aggregate_evaluate: received 2 results and 0 failures
[2024-12-30 10:29:49,723][flwr][INFO] - 
[2024-12-30 10:29:49,723][flwr][INFO] - [ROUND 9]
[2024-12-30 10:29:49,724][flwr][INFO] - configure_fit: strategy sampled 2 clients (out of 10)
[2024-12-30 10:29:54,157][flwr][INFO] - aggregate_fit: received 2 results and 0 failures
[2024-12-30 10:29:55,672][flwr][INFO] - fit progress: (9, 4.752772179819658, {'accuracy': 0.9822}, 56.44234906299971)
[2024-12-30 10:29:55,672][flwr][INFO] - configure_evaluate: strategy sampled 2 clients (out of 10)
[2024-12-30 10:29:56,062][flwr][INFO] - aggregate_evaluate: received 2 results and 0 failures
[2024-12-30 10:29:56,062][flwr][INFO] - 
[2024-12-30 10:29:56,062][flwr][INFO] - [ROUND 10]
[2024-12-30 10:29:56,063][flwr][INFO] - configure_fit: strategy sampled 2 clients (out of 10)
[2024-12-30 10:30:00,177][flwr][INFO] - aggregate_fit: received 2 results and 0 failures
[2024-12-30 10:30:02,274][flwr][INFO] - fit progress: (10, 3.9068005072749656, {'accuracy': 0.9852}, 63.045051469998725)
[2024-12-30 10:30:02,274][flwr][INFO] - configure_evaluate: strategy sampled 2 clients (out of 10)
[2024-12-30 10:30:02,619][flwr][INFO] - aggregate_evaluate: received 2 results and 0 failures
[2024-12-30 10:30:02,619][flwr][INFO] - 
[2024-12-30 10:30:02,619][flwr][INFO] - [SUMMARY]
[2024-12-30 10:30:02,620][flwr][INFO] - Run finished 10 round(s) in 63.39s
[2024-12-30 10:30:02,620][flwr][INFO] - 	History (loss, distributed):
[2024-12-30 10:30:02,620][flwr][INFO] - 		round 1: 5.079717765795067
[2024-12-30 10:30:02,620][flwr][INFO] - 		round 2: 2.7318965197191574
[2024-12-30 10:30:02,620][flwr][INFO] - 		round 3: 3.4142393490765244
[2024-12-30 10:30:02,620][flwr][INFO] - 		round 4: 2.717873844449059
[2024-12-30 10:30:02,620][flwr][INFO] - 		round 5: 3.185835184151074
[2024-12-30 10:30:02,620][flwr][INFO] - 		round 6: 3.5887955199796124
[2024-12-30 10:30:02,620][flwr][INFO] - 		round 7: 4.675434870772733
[2024-12-30 10:30:02,620][flwr][INFO] - 		round 8: 2.4364187751198187
[2024-12-30 10:30:02,621][flwr][INFO] - 		round 9: 1.7020716146616905
[2024-12-30 10:30:02,621][flwr][INFO] - 		round 10: 1.8573401654443842
[2024-12-30 10:30:02,621][flwr][INFO] - 	History (loss, centralized):
[2024-12-30 10:30:02,621][flwr][INFO] - 		round 0: 181.98325514793396
[2024-12-30 10:30:02,621][flwr][INFO] - 		round 1: 12.097807865124196
[2024-12-30 10:30:02,621][flwr][INFO] - 		round 2: 7.807474904810078
[2024-12-30 10:30:02,621][flwr][INFO] - 		round 3: 8.882297563250177
[2024-12-30 10:30:02,621][flwr][INFO] - 		round 4: 5.4287319190916605
[2024-12-30 10:30:02,621][flwr][INFO] - 		round 5: 5.3207267638645135
[2024-12-30 10:30:02,621][flwr][INFO] - 		round 6: 5.74052634977852
[2024-12-30 10:30:02,621][flwr][INFO] - 		round 7: 9.34679840170429
[2024-12-30 10:30:02,621][flwr][INFO] - 		round 8: 6.682041781314183
[2024-12-30 10:30:02,621][flwr][INFO] - 		round 9: 4.752772179819658
[2024-12-30 10:30:02,621][flwr][INFO] - 		round 10: 3.9068005072749656
[2024-12-30 10:30:02,621][flwr][INFO] - 	History (metrics, centralized):
[2024-12-30 10:30:02,621][flwr][INFO] - 	{'accuracy': [(0, 0.1061),
[2024-12-30 10:30:02,621][flwr][INFO] - 	              (1, 0.9547),
[2024-12-30 10:30:02,621][flwr][INFO] - 	              (2, 0.9704),
[2024-12-30 10:30:02,621][flwr][INFO] - 	              (3, 0.9664),
[2024-12-30 10:30:02,621][flwr][INFO] - 	              (4, 0.9773),
[2024-12-30 10:30:02,621][flwr][INFO] - 	              (5, 0.9794),
[2024-12-30 10:30:02,621][flwr][INFO] - 	              (6, 0.981),
[2024-12-30 10:30:02,621][flwr][INFO] - 	              (7, 0.9704),
[2024-12-30 10:30:02,621][flwr][INFO] - 	              (8, 0.9766),
[2024-12-30 10:30:02,621][flwr][INFO] - 	              (9, 0.9822),
[2024-12-30 10:30:02,621][flwr][INFO] - 	              (10, 0.9852)]}
[2024-12-30 10:30:02,621][flwr][INFO] - 
