[2025-01-08 10:32:21,581][flwr][INFO] - Starting Flower simulation, config: num_rounds=15, no round_timeout
[2025-01-08 10:32:25,247][flwr][INFO] - Flower VCE: Ray initialized with resources: {'node:192.168.1.11': 1.0, 'CPU': 12.0, 'node:__internal_head__': 1.0, 'object_store_memory': 2855419084.0, 'memory': 5710838171.0}
[2025-01-08 10:32:25,247][flwr][INFO] - Optimize your simulation with Flower VCE: https://flower.ai/docs/framework/how-to-run-simulations.html
[2025-01-08 10:32:25,247][flwr][INFO] - Flower VCE: Resources for each Virtual Client: {'num_cpus': 2, 'num_gpus': 0}
[2025-01-08 10:32:25,258][flwr][INFO] - Flower VCE: Creating VirtualClientEngineActorPool with 6 actors
[2025-01-08 10:32:25,259][flwr][INFO] - [INIT]
[2025-01-08 10:32:25,259][flwr][INFO] - Requesting initial parameters from one random client
[2025-01-08 10:32:27,533][flwr][INFO] - Received initial parameters from one random client
[2025-01-08 10:32:27,534][flwr][INFO] - Starting evaluation of initial global parameters
[2025-01-08 10:32:28,871][flwr][INFO] - initial parameters (loss, other metrics): 181.86463809013367, {'accuracy': 0.1009}
[2025-01-08 10:32:28,871][flwr][INFO] - 
[2025-01-08 10:32:28,871][flwr][INFO] - [ROUND 1]
[2025-01-08 10:32:28,871][flwr][INFO] - configure_fit: strategy sampled 2 clients (out of 20)
[2025-01-08 10:32:33,582][flwr][INFO] - aggregate_fit: received 2 results and 0 failures
[2025-01-08 10:32:33,585][flwr][WARNING] - No fit_metrics_aggregation_fn provided
[2025-01-08 10:32:34,651][flwr][INFO] - fit progress: (1, 16.9353392906487, {'accuracy': 0.9311}, 5.780534564997652)
[2025-01-08 10:32:34,652][flwr][INFO] - configure_evaluate: strategy sampled 2 clients (out of 20)
[2025-01-08 10:32:34,968][flwr][INFO] - aggregate_evaluate: received 2 results and 0 failures
[2025-01-08 10:32:34,968][flwr][WARNING] - No evaluate_metrics_aggregation_fn provided
[2025-01-08 10:32:34,968][flwr][INFO] - 
[2025-01-08 10:32:34,968][flwr][INFO] - [ROUND 2]
[2025-01-08 10:32:34,969][flwr][INFO] - configure_fit: strategy sampled 2 clients (out of 20)
[2025-01-08 10:32:37,572][flwr][INFO] - aggregate_fit: received 2 results and 0 failures
[2025-01-08 10:32:39,132][flwr][INFO] - fit progress: (2, 8.887320510868449, {'accuracy': 0.9647}, 10.261007150002115)
[2025-01-08 10:32:39,132][flwr][INFO] - configure_evaluate: strategy sampled 2 clients (out of 20)
[2025-01-08 10:32:39,418][flwr][INFO] - aggregate_evaluate: received 2 results and 0 failures
[2025-01-08 10:32:39,419][flwr][INFO] - 
[2025-01-08 10:32:39,419][flwr][INFO] - [ROUND 3]
[2025-01-08 10:32:39,419][flwr][INFO] - configure_fit: strategy sampled 2 clients (out of 20)
[2025-01-08 10:32:41,903][flwr][INFO] - aggregate_fit: received 2 results and 0 failures
[2025-01-08 10:32:43,284][flwr][INFO] - fit progress: (3, 7.193932104943087, {'accuracy': 0.9709}, 14.412640360002115)
[2025-01-08 10:32:43,284][flwr][INFO] - configure_evaluate: strategy sampled 2 clients (out of 20)
[2025-01-08 10:32:43,580][flwr][INFO] - aggregate_evaluate: received 2 results and 0 failures
[2025-01-08 10:32:43,580][flwr][INFO] - 
[2025-01-08 10:32:43,580][flwr][INFO] - [ROUND 4]
[2025-01-08 10:32:43,580][flwr][INFO] - configure_fit: strategy sampled 2 clients (out of 20)
[2025-01-08 10:32:46,253][flwr][INFO] - aggregate_fit: received 2 results and 0 failures
[2025-01-08 10:32:47,926][flwr][INFO] - fit progress: (4, 5.492774358848692, {'accuracy': 0.9774}, 19.055560740001965)
[2025-01-08 10:32:47,927][flwr][INFO] - configure_evaluate: strategy sampled 2 clients (out of 20)
[2025-01-08 10:32:48,226][flwr][INFO] - aggregate_evaluate: received 2 results and 0 failures
[2025-01-08 10:32:48,227][flwr][INFO] - 
[2025-01-08 10:32:48,227][flwr][INFO] - [ROUND 5]
[2025-01-08 10:32:48,227][flwr][INFO] - configure_fit: strategy sampled 2 clients (out of 20)
[2025-01-08 10:32:50,802][flwr][INFO] - aggregate_fit: received 2 results and 0 failures
[2025-01-08 10:32:52,004][flwr][INFO] - fit progress: (5, 4.899386814809986, {'accuracy': 0.9795}, 23.132861794998462)
[2025-01-08 10:32:52,004][flwr][INFO] - configure_evaluate: strategy sampled 2 clients (out of 20)
[2025-01-08 10:32:52,313][flwr][INFO] - aggregate_evaluate: received 2 results and 0 failures
[2025-01-08 10:32:52,313][flwr][INFO] - 
[2025-01-08 10:32:52,313][flwr][INFO] - [ROUND 6]
[2025-01-08 10:32:52,314][flwr][INFO] - configure_fit: strategy sampled 2 clients (out of 20)
[2025-01-08 10:32:54,904][flwr][INFO] - aggregate_fit: received 2 results and 0 failures
[2025-01-08 10:32:56,186][flwr][INFO] - fit progress: (6, 4.857229838700732, {'accuracy': 0.9813}, 27.314773518999573)
[2025-01-08 10:32:56,186][flwr][INFO] - configure_evaluate: strategy sampled 2 clients (out of 20)
[2025-01-08 10:32:56,495][flwr][INFO] - aggregate_evaluate: received 2 results and 0 failures
[2025-01-08 10:32:56,495][flwr][INFO] - 
[2025-01-08 10:32:56,496][flwr][INFO] - [ROUND 7]
[2025-01-08 10:32:56,496][flwr][INFO] - configure_fit: strategy sampled 2 clients (out of 20)
[2025-01-08 10:32:59,060][flwr][INFO] - aggregate_fit: received 2 results and 0 failures
[2025-01-08 10:33:00,882][flwr][INFO] - fit progress: (7, 4.225456459047564, {'accuracy': 0.9834}, 32.011248695001996)
[2025-01-08 10:33:00,882][flwr][INFO] - configure_evaluate: strategy sampled 2 clients (out of 20)
[2025-01-08 10:33:01,162][flwr][INFO] - aggregate_evaluate: received 2 results and 0 failures
[2025-01-08 10:33:01,162][flwr][INFO] - 
[2025-01-08 10:33:01,162][flwr][INFO] - [ROUND 8]
[2025-01-08 10:33:01,162][flwr][INFO] - configure_fit: strategy sampled 2 clients (out of 20)
[2025-01-08 10:33:03,682][flwr][INFO] - aggregate_fit: received 2 results and 0 failures
[2025-01-08 10:33:05,301][flwr][INFO] - fit progress: (8, 4.352833863369597, {'accuracy': 0.9841}, 36.429841926001245)
[2025-01-08 10:33:05,301][flwr][INFO] - configure_evaluate: strategy sampled 2 clients (out of 20)
[2025-01-08 10:33:05,603][flwr][INFO] - aggregate_evaluate: received 2 results and 0 failures
[2025-01-08 10:33:05,603][flwr][INFO] - 
[2025-01-08 10:33:05,603][flwr][INFO] - [ROUND 9]
[2025-01-08 10:33:05,603][flwr][INFO] - configure_fit: strategy sampled 2 clients (out of 20)
[2025-01-08 10:33:08,195][flwr][INFO] - aggregate_fit: received 2 results and 0 failures
[2025-01-08 10:33:09,861][flwr][INFO] - fit progress: (9, 3.7097842634066183, {'accuracy': 0.9856}, 40.989760331998696)
[2025-01-08 10:33:09,861][flwr][INFO] - configure_evaluate: strategy sampled 2 clients (out of 20)
[2025-01-08 10:33:10,142][flwr][INFO] - aggregate_evaluate: received 2 results and 0 failures
[2025-01-08 10:33:10,142][flwr][INFO] - 
[2025-01-08 10:33:10,142][flwr][INFO] - [ROUND 10]
[2025-01-08 10:33:10,142][flwr][INFO] - configure_fit: strategy sampled 2 clients (out of 20)
[2025-01-08 10:33:12,746][flwr][INFO] - aggregate_fit: received 2 results and 0 failures
[2025-01-08 10:33:14,079][flwr][INFO] - fit progress: (10, 3.6741799335250107, {'accuracy': 0.9863}, 45.20782411700202)
[2025-01-08 10:33:14,079][flwr][INFO] - configure_evaluate: strategy sampled 2 clients (out of 20)
[2025-01-08 10:33:14,371][flwr][INFO] - aggregate_evaluate: received 2 results and 0 failures
[2025-01-08 10:33:14,372][flwr][INFO] - 
[2025-01-08 10:33:14,372][flwr][INFO] - [ROUND 11]
[2025-01-08 10:33:14,372][flwr][INFO] - configure_fit: strategy sampled 2 clients (out of 20)
[2025-01-08 10:33:16,932][flwr][INFO] - aggregate_fit: received 2 results and 0 failures
[2025-01-08 10:33:18,174][flwr][INFO] - fit progress: (11, 3.503065599084948, {'accuracy': 0.9862}, 49.302673619000416)
[2025-01-08 10:33:18,174][flwr][INFO] - configure_evaluate: strategy sampled 2 clients (out of 20)
[2025-01-08 10:33:18,462][flwr][INFO] - aggregate_evaluate: received 2 results and 0 failures
[2025-01-08 10:33:18,463][flwr][INFO] - 
[2025-01-08 10:33:18,463][flwr][INFO] - [ROUND 12]
[2025-01-08 10:33:18,463][flwr][INFO] - configure_fit: strategy sampled 2 clients (out of 20)
[2025-01-08 10:33:21,072][flwr][INFO] - aggregate_fit: received 2 results and 0 failures
[2025-01-08 10:33:22,671][flwr][INFO] - fit progress: (12, 3.348009979328708, {'accuracy': 0.9885}, 53.79977070300083)
[2025-01-08 10:33:22,671][flwr][INFO] - configure_evaluate: strategy sampled 2 clients (out of 20)
[2025-01-08 10:33:22,952][flwr][INFO] - aggregate_evaluate: received 2 results and 0 failures
[2025-01-08 10:33:22,952][flwr][INFO] - 
[2025-01-08 10:33:22,952][flwr][INFO] - [ROUND 13]
[2025-01-08 10:33:22,952][flwr][INFO] - configure_fit: strategy sampled 2 clients (out of 20)
[2025-01-08 10:33:25,518][flwr][INFO] - aggregate_fit: received 2 results and 0 failures
[2025-01-08 10:33:26,815][flwr][INFO] - fit progress: (13, 3.1544472948994553, {'accuracy': 0.9881}, 57.9438228900035)
[2025-01-08 10:33:26,815][flwr][INFO] - configure_evaluate: strategy sampled 2 clients (out of 20)
[2025-01-08 10:33:27,101][flwr][INFO] - aggregate_evaluate: received 2 results and 0 failures
[2025-01-08 10:33:27,101][flwr][INFO] - 
[2025-01-08 10:33:27,101][flwr][INFO] - [ROUND 14]
[2025-01-08 10:33:27,102][flwr][INFO] - configure_fit: strategy sampled 2 clients (out of 20)
[2025-01-08 10:33:29,605][flwr][INFO] - aggregate_fit: received 2 results and 0 failures
[2025-01-08 10:33:30,738][flwr][INFO] - fit progress: (14, 3.5882304644992473, {'accuracy': 0.9863}, 61.86668686399935)
[2025-01-08 10:33:30,738][flwr][INFO] - configure_evaluate: strategy sampled 2 clients (out of 20)
[2025-01-08 10:33:31,047][flwr][INFO] - aggregate_evaluate: received 2 results and 0 failures
[2025-01-08 10:33:31,047][flwr][INFO] - 
[2025-01-08 10:33:31,047][flwr][INFO] - [ROUND 15]
[2025-01-08 10:33:31,047][flwr][INFO] - configure_fit: strategy sampled 2 clients (out of 20)
[2025-01-08 10:33:33,925][flwr][INFO] - aggregate_fit: received 2 results and 0 failures
[2025-01-08 10:33:35,277][flwr][INFO] - fit progress: (15, 3.1132216041551146, {'accuracy': 0.9886}, 66.40632638500392)
[2025-01-08 10:33:35,277][flwr][INFO] - configure_evaluate: strategy sampled 2 clients (out of 20)
[2025-01-08 10:33:35,591][flwr][INFO] - aggregate_evaluate: received 2 results and 0 failures
[2025-01-08 10:33:35,591][flwr][INFO] - 
[2025-01-08 10:33:35,591][flwr][INFO] - [SUMMARY]
[2025-01-08 10:33:35,592][flwr][INFO] - Run finished 15 round(s) in 66.72s
[2025-01-08 10:33:35,592][flwr][INFO] - 	History (loss, distributed):
[2025-01-08 10:33:35,592][flwr][INFO] - 		round 1: 2.185545191168785
[2025-01-08 10:33:35,592][flwr][INFO] - 		round 2: 1.4683627262711525
[2025-01-08 10:33:35,592][flwr][INFO] - 		round 3: 0.830709311994724
[2025-01-08 10:33:35,593][flwr][INFO] - 		round 4: 1.2116928011237178
[2025-01-08 10:33:35,593][flwr][INFO] - 		round 5: 0.6325955989159411
[2025-01-08 10:33:35,593][flwr][INFO] - 		round 6: 0.8358613376685753
[2025-01-08 10:33:35,593][flwr][INFO] - 		round 7: 0.7554450475145131
[2025-01-08 10:33:35,593][flwr][INFO] - 		round 8: 0.9492121935472824
[2025-01-08 10:33:35,593][flwr][INFO] - 		round 9: 0.9603822075732751
[2025-01-08 10:33:35,593][flwr][INFO] - 		round 10: 0.8904532755859691
[2025-01-08 10:33:35,593][flwr][INFO] - 		round 11: 0.856407847495575
[2025-01-08 10:33:35,593][flwr][INFO] - 		round 12: 0.9771664644977136
[2025-01-08 10:33:35,593][flwr][INFO] - 		round 13: 0.49474204500438645
[2025-01-08 10:33:35,593][flwr][INFO] - 		round 14: 0.6267179886199301
[2025-01-08 10:33:35,593][flwr][INFO] - 		round 15: 0.5592418046871899
[2025-01-08 10:33:35,593][flwr][INFO] - 	History (loss, centralized):
[2025-01-08 10:33:35,593][flwr][INFO] - 		round 0: 181.86463809013367
[2025-01-08 10:33:35,593][flwr][INFO] - 		round 1: 16.9353392906487
[2025-01-08 10:33:35,593][flwr][INFO] - 		round 2: 8.887320510868449
[2025-01-08 10:33:35,593][flwr][INFO] - 		round 3: 7.193932104943087
[2025-01-08 10:33:35,593][flwr][INFO] - 		round 4: 5.492774358848692
[2025-01-08 10:33:35,594][flwr][INFO] - 		round 5: 4.899386814809986
[2025-01-08 10:33:35,594][flwr][INFO] - 		round 6: 4.857229838700732
[2025-01-08 10:33:35,594][flwr][INFO] - 		round 7: 4.225456459047564
[2025-01-08 10:33:35,594][flwr][INFO] - 		round 8: 4.352833863369597
[2025-01-08 10:33:35,594][flwr][INFO] - 		round 9: 3.7097842634066183
[2025-01-08 10:33:35,594][flwr][INFO] - 		round 10: 3.6741799335250107
[2025-01-08 10:33:35,594][flwr][INFO] - 		round 11: 3.503065599084948
[2025-01-08 10:33:35,594][flwr][INFO] - 		round 12: 3.348009979328708
[2025-01-08 10:33:35,594][flwr][INFO] - 		round 13: 3.1544472948994553
[2025-01-08 10:33:35,594][flwr][INFO] - 		round 14: 3.5882304644992473
[2025-01-08 10:33:35,594][flwr][INFO] - 		round 15: 3.1132216041551146
[2025-01-08 10:33:35,594][flwr][INFO] - 	History (metrics, centralized):
[2025-01-08 10:33:35,594][flwr][INFO] - 	{'accuracy': [(0, 0.1009),
[2025-01-08 10:33:35,594][flwr][INFO] - 	              (1, 0.9311),
[2025-01-08 10:33:35,594][flwr][INFO] - 	              (2, 0.9647),
[2025-01-08 10:33:35,594][flwr][INFO] - 	              (3, 0.9709),
[2025-01-08 10:33:35,594][flwr][INFO] - 	              (4, 0.9774),
[2025-01-08 10:33:35,594][flwr][INFO] - 	              (5, 0.9795),
[2025-01-08 10:33:35,594][flwr][INFO] - 	              (6, 0.9813),
[2025-01-08 10:33:35,594][flwr][INFO] - 	              (7, 0.9834),
[2025-01-08 10:33:35,594][flwr][INFO] - 	              (8, 0.9841),
[2025-01-08 10:33:35,594][flwr][INFO] - 	              (9, 0.9856),
[2025-01-08 10:33:35,594][flwr][INFO] - 	              (10, 0.9863),
[2025-01-08 10:33:35,594][flwr][INFO] - 	              (11, 0.9862),
[2025-01-08 10:33:35,594][flwr][INFO] - 	              (12, 0.9885),
[2025-01-08 10:33:35,594][flwr][INFO] - 	              (13, 0.9881),
[2025-01-08 10:33:35,595][flwr][INFO] - 	              (14, 0.9863),
[2025-01-08 10:33:35,595][flwr][INFO] - 	              (15, 0.9886)]}
[2025-01-08 10:33:35,595][flwr][INFO] - 
