[2025-01-07 14:05:15,985][flwr][INFO] - Starting Flower simulation, config: num_rounds=5, no round_timeout
[2025-01-07 14:05:19,520][flwr][INFO] - Flower VCE: Ray initialized with resources: {'node:__internal_head__': 1.0, 'CPU': 12.0, 'node:192.168.1.11': 1.0, 'memory': 6361355060.0, 'object_store_memory': 3180677529.0}
[2025-01-07 14:05:19,520][flwr][INFO] - Optimize your simulation with Flower VCE: https://flower.ai/docs/framework/how-to-run-simulations.html
[2025-01-07 14:05:19,520][flwr][INFO] - Flower VCE: Resources for each Virtual Client: {'num_cpus': 2, 'num_gpus': 0}
[2025-01-07 14:05:19,529][flwr][INFO] - Flower VCE: Creating VirtualClientEngineActorPool with 6 actors
[2025-01-07 14:05:19,530][flwr][INFO] - [INIT]
[2025-01-07 14:05:19,530][flwr][INFO] - Requesting initial parameters from one random client
[2025-01-07 14:05:22,310][flwr][INFO] - Received initial parameters from one random client
[2025-01-07 14:05:22,310][flwr][INFO] - Starting evaluation of initial global parameters
[2025-01-07 14:05:23,589][flwr][INFO] - initial parameters (loss, other metrics): 182.47862339019775, {'accuracy': 0.0931}
[2025-01-07 14:05:23,590][flwr][INFO] - 
[2025-01-07 14:05:23,590][flwr][INFO] - [ROUND 1]
[2025-01-07 14:05:23,590][flwr][INFO] - configure_fit: strategy sampled 2 clients (out of 10)
[2025-01-07 14:05:37,710][flwr][INFO] - aggregate_fit: received 2 results and 0 failures
[2025-01-07 14:05:37,716][flwr][WARNING] - No fit_metrics_aggregation_fn provided
[2025-01-07 14:05:39,061][flwr][INFO] - fit progress: (1, 7.548737881472334, {'accuracy': 0.9716}, 15.471172468001896)
[2025-01-07 14:05:39,061][flwr][INFO] - configure_evaluate: strategy sampled 5 clients (out of 10)
[2025-01-07 14:05:42,868][flwr][INFO] - aggregate_evaluate: received 5 results and 0 failures
[2025-01-07 14:05:42,868][flwr][WARNING] - No evaluate_metrics_aggregation_fn provided
[2025-01-07 14:05:42,868][flwr][INFO] - 
[2025-01-07 14:05:42,868][flwr][INFO] - [ROUND 2]
[2025-01-07 14:05:42,869][flwr][INFO] - configure_fit: strategy sampled 2 clients (out of 10)
[2025-01-07 14:05:54,710][flwr][INFO] - aggregate_fit: received 2 results and 0 failures
[2025-01-07 14:05:56,005][flwr][INFO] - fit progress: (2, 6.830709828472209, {'accuracy': 0.9762}, 32.41526554200027)
[2025-01-07 14:05:56,005][flwr][INFO] - configure_evaluate: strategy sampled 5 clients (out of 10)
[2025-01-07 14:05:56,785][flwr][INFO] - aggregate_evaluate: received 5 results and 0 failures
[2025-01-07 14:05:56,786][flwr][INFO] - 
[2025-01-07 14:05:56,786][flwr][INFO] - [ROUND 3]
[2025-01-07 14:05:56,786][flwr][INFO] - configure_fit: strategy sampled 2 clients (out of 10)
[2025-01-07 14:06:08,781][flwr][INFO] - aggregate_fit: received 2 results and 0 failures
[2025-01-07 14:06:10,393][flwr][INFO] - fit progress: (3, 4.532672522670509, {'accuracy': 0.985}, 46.803237386000546)
[2025-01-07 14:06:10,393][flwr][INFO] - configure_evaluate: strategy sampled 5 clients (out of 10)
[2025-01-07 14:06:11,172][flwr][INFO] - aggregate_evaluate: received 5 results and 0 failures
[2025-01-07 14:06:11,172][flwr][INFO] - 
[2025-01-07 14:06:11,173][flwr][INFO] - [ROUND 4]
[2025-01-07 14:06:11,173][flwr][INFO] - configure_fit: strategy sampled 2 clients (out of 10)
[2025-01-07 14:06:23,027][flwr][INFO] - aggregate_fit: received 2 results and 0 failures
[2025-01-07 14:06:24,335][flwr][INFO] - fit progress: (4, 5.459437291691756, {'accuracy': 0.9846}, 60.74511909099965)
[2025-01-07 14:06:24,335][flwr][INFO] - configure_evaluate: strategy sampled 5 clients (out of 10)
[2025-01-07 14:06:25,141][flwr][INFO] - aggregate_evaluate: received 5 results and 0 failures
[2025-01-07 14:06:25,142][flwr][INFO] - 
[2025-01-07 14:06:25,142][flwr][INFO] - [ROUND 5]
[2025-01-07 14:06:25,142][flwr][INFO] - configure_fit: strategy sampled 2 clients (out of 10)
[2025-01-07 14:06:37,094][flwr][INFO] - aggregate_fit: received 2 results and 0 failures
[2025-01-07 14:06:38,335][flwr][INFO] - fit progress: (5, 5.10023689622011, {'accuracy': 0.9871}, 74.74536213800093)
[2025-01-07 14:06:38,335][flwr][INFO] - configure_evaluate: strategy sampled 5 clients (out of 10)
[2025-01-07 14:06:39,139][flwr][INFO] - aggregate_evaluate: received 5 results and 0 failures
[2025-01-07 14:06:39,140][flwr][INFO] - 
[2025-01-07 14:06:39,140][flwr][INFO] - [SUMMARY]
[2025-01-07 14:06:39,140][flwr][INFO] - Run finished 5 round(s) in 75.55s
[2025-01-07 14:06:39,140][flwr][INFO] - 	History (loss, distributed):
[2025-01-07 14:06:39,140][flwr][INFO] - 		round 1: 3.702743993140757
[2025-01-07 14:06:39,141][flwr][INFO] - 		round 2: 4.380565355994986
[2025-01-07 14:06:39,141][flwr][INFO] - 		round 3: 3.4394758029622152
[2025-01-07 14:06:39,141][flwr][INFO] - 		round 4: 3.3578422855808494
[2025-01-07 14:06:39,141][flwr][INFO] - 		round 5: 3.073801997940707
[2025-01-07 14:06:39,141][flwr][INFO] - 	History (loss, centralized):
[2025-01-07 14:06:39,141][flwr][INFO] - 		round 0: 182.47862339019775
[2025-01-07 14:06:39,141][flwr][INFO] - 		round 1: 7.548737881472334
[2025-01-07 14:06:39,141][flwr][INFO] - 		round 2: 6.830709828472209
[2025-01-07 14:06:39,142][flwr][INFO] - 		round 3: 4.532672522670509
[2025-01-07 14:06:39,142][flwr][INFO] - 		round 4: 5.459437291691756
[2025-01-07 14:06:39,142][flwr][INFO] - 		round 5: 5.10023689622011
[2025-01-07 14:06:39,142][flwr][INFO] - 	History (metrics, centralized):
[2025-01-07 14:06:39,142][flwr][INFO] - 	{'accuracy': [(0, 0.0931),
[2025-01-07 14:06:39,142][flwr][INFO] - 	              (1, 0.9716),
[2025-01-07 14:06:39,142][flwr][INFO] - 	              (2, 0.9762),
[2025-01-07 14:06:39,142][flwr][INFO] - 	              (3, 0.985),
[2025-01-07 14:06:39,143][flwr][INFO] - 	              (4, 0.9846),
[2025-01-07 14:06:39,143][flwr][INFO] - 	              (5, 0.9871)]}
[2025-01-07 14:06:39,143][flwr][INFO] - 
