[2025-01-07 13:33:43,114][flwr][INFO] - Starting Flower simulation, config: num_rounds=5, no round_timeout
[2025-01-07 13:33:46,548][flwr][INFO] - Flower VCE: Ray initialized with resources: {'CPU': 12.0, 'node:192.168.1.11': 1.0, 'node:__internal_head__': 1.0, 'object_store_memory': 3243121459.0, 'memory': 6486242919.0}
[2025-01-07 13:33:46,548][flwr][INFO] - Optimize your simulation with Flower VCE: https://flower.ai/docs/framework/how-to-run-simulations.html
[2025-01-07 13:33:46,548][flwr][INFO] - Flower VCE: Resources for each Virtual Client: {'num_cpus': 2, 'num_gpus': 0}
[2025-01-07 13:33:46,555][flwr][INFO] - Flower VCE: Creating VirtualClientEngineActorPool with 6 actors
[2025-01-07 13:33:46,555][flwr][INFO] - [INIT]
[2025-01-07 13:33:46,555][flwr][INFO] - Requesting initial parameters from one random client
[2025-01-07 13:33:49,440][flwr][INFO] - Received initial parameters from one random client
[2025-01-07 13:33:49,441][flwr][INFO] - Starting evaluation of initial global parameters
[2025-01-07 13:33:50,871][flwr][INFO] - initial parameters (loss, other metrics): 182.32454776763916, {'accuracy': 0.0663}
[2025-01-07 13:33:50,872][flwr][INFO] - 
[2025-01-07 13:33:50,872][flwr][INFO] - [ROUND 1]
[2025-01-07 13:33:50,872][flwr][INFO] - configure_fit: strategy sampled 2 clients (out of 5)
[2025-01-07 13:34:10,270][flwr][INFO] - aggregate_fit: received 2 results and 0 failures
[2025-01-07 13:34:10,274][flwr][WARNING] - No fit_metrics_aggregation_fn provided
[2025-01-07 13:34:11,599][flwr][INFO] - fit progress: (1, 4.469890866384958, {'accuracy': 0.982}, 20.727656959999877)
[2025-01-07 13:34:11,600][flwr][INFO] - configure_evaluate: strategy sampled 3 clients (out of 5)
[2025-01-07 13:34:13,954][flwr][INFO] - aggregate_evaluate: received 3 results and 0 failures
[2025-01-07 13:34:13,954][flwr][WARNING] - No evaluate_metrics_aggregation_fn provided
[2025-01-07 13:34:13,954][flwr][INFO] - 
[2025-01-07 13:34:13,954][flwr][INFO] - [ROUND 2]
[2025-01-07 13:34:13,955][flwr][INFO] - configure_fit: strategy sampled 2 clients (out of 5)
[2025-01-07 13:34:29,559][flwr][INFO] - aggregate_fit: received 2 results and 0 failures
[2025-01-07 13:34:30,891][flwr][INFO] - fit progress: (2, 4.3470152279762715, {'accuracy': 0.9842}, 40.0189546670008)
[2025-01-07 13:34:30,891][flwr][INFO] - configure_evaluate: strategy sampled 3 clients (out of 5)
[2025-01-07 13:34:31,541][flwr][INFO] - aggregate_evaluate: received 3 results and 0 failures
[2025-01-07 13:34:31,542][flwr][INFO] - 
[2025-01-07 13:34:31,542][flwr][INFO] - [ROUND 3]
[2025-01-07 13:34:31,542][flwr][INFO] - configure_fit: strategy sampled 2 clients (out of 5)
[2025-01-07 13:34:48,700][flwr][INFO] - aggregate_fit: received 2 results and 0 failures
[2025-01-07 13:34:50,760][flwr][INFO] - fit progress: (3, 4.732736016447234, {'accuracy': 0.9848}, 59.88838364399999)
[2025-01-07 13:34:50,760][flwr][INFO] - configure_evaluate: strategy sampled 3 clients (out of 5)
[2025-01-07 13:34:51,389][flwr][INFO] - aggregate_evaluate: received 3 results and 0 failures
[2025-01-07 13:34:51,389][flwr][INFO] - 
[2025-01-07 13:34:51,389][flwr][INFO] - [ROUND 4]
[2025-01-07 13:34:51,390][flwr][INFO] - configure_fit: strategy sampled 2 clients (out of 5)
[2025-01-07 13:35:07,303][flwr][INFO] - aggregate_fit: received 2 results and 0 failures
[2025-01-07 13:35:08,579][flwr][INFO] - fit progress: (4, 3.803826369340804, {'accuracy': 0.9886}, 77.70748053499847)
[2025-01-07 13:35:08,579][flwr][INFO] - configure_evaluate: strategy sampled 3 clients (out of 5)
[2025-01-07 13:35:09,194][flwr][INFO] - aggregate_evaluate: received 3 results and 0 failures
[2025-01-07 13:35:09,195][flwr][INFO] - 
[2025-01-07 13:35:09,195][flwr][INFO] - [ROUND 5]
[2025-01-07 13:35:09,195][flwr][INFO] - configure_fit: strategy sampled 2 clients (out of 5)
[2025-01-07 13:35:24,862][flwr][INFO] - aggregate_fit: received 2 results and 0 failures
[2025-01-07 13:35:26,142][flwr][INFO] - fit progress: (5, 3.0247253080688097, {'accuracy': 0.99}, 95.27074474999972)
[2025-01-07 13:35:26,143][flwr][INFO] - configure_evaluate: strategy sampled 3 clients (out of 5)
[2025-01-07 13:35:26,780][flwr][INFO] - aggregate_evaluate: received 3 results and 0 failures
[2025-01-07 13:35:26,780][flwr][INFO] - 
[2025-01-07 13:35:26,780][flwr][INFO] - [SUMMARY]
[2025-01-07 13:35:26,780][flwr][INFO] - Run finished 5 round(s) in 95.91s
[2025-01-07 13:35:26,781][flwr][INFO] - 	History (loss, distributed):
[2025-01-07 13:35:26,781][flwr][INFO] - 		round 1: 2.7128322448115796
[2025-01-07 13:35:26,781][flwr][INFO] - 		round 2: 2.1529004970701258
[2025-01-07 13:35:26,781][flwr][INFO] - 		round 3: 2.657965561226623
[2025-01-07 13:35:26,781][flwr][INFO] - 		round 4: 2.284287290774946
[2025-01-07 13:35:26,781][flwr][INFO] - 		round 5: 1.863953636010251
[2025-01-07 13:35:26,781][flwr][INFO] - 	History (loss, centralized):
[2025-01-07 13:35:26,781][flwr][INFO] - 		round 0: 182.32454776763916
[2025-01-07 13:35:26,781][flwr][INFO] - 		round 1: 4.469890866384958
[2025-01-07 13:35:26,781][flwr][INFO] - 		round 2: 4.3470152279762715
[2025-01-07 13:35:26,781][flwr][INFO] - 		round 3: 4.732736016447234
[2025-01-07 13:35:26,781][flwr][INFO] - 		round 4: 3.803826369340804
[2025-01-07 13:35:26,781][flwr][INFO] - 		round 5: 3.0247253080688097
[2025-01-07 13:35:26,782][flwr][INFO] - 	History (metrics, centralized):
[2025-01-07 13:35:26,782][flwr][INFO] - 	{'accuracy': [(0, 0.0663),
[2025-01-07 13:35:26,782][flwr][INFO] - 	              (1, 0.982),
[2025-01-07 13:35:26,782][flwr][INFO] - 	              (2, 0.9842),
[2025-01-07 13:35:26,782][flwr][INFO] - 	              (3, 0.9848),
[2025-01-07 13:35:26,782][flwr][INFO] - 	              (4, 0.9886),
[2025-01-07 13:35:26,782][flwr][INFO] - 	              (5, 0.99)]}
[2025-01-07 13:35:26,782][flwr][INFO] - 
