[2025-01-07 17:40:30,679][flwr][INFO] - Starting Flower simulation, config: num_rounds=10, no round_timeout
[2025-01-07 17:40:34,194][flwr][INFO] - Flower VCE: Ray initialized with resources: {'memory': 6334083072.0, 'object_store_memory': 3167041536.0, 'node:__internal_head__': 1.0, 'CPU': 12.0, 'node:192.168.1.11': 1.0}
[2025-01-07 17:40:34,194][flwr][INFO] - Optimize your simulation with Flower VCE: https://flower.ai/docs/framework/how-to-run-simulations.html
[2025-01-07 17:40:34,194][flwr][INFO] - Flower VCE: Resources for each Virtual Client: {'num_cpus': 2, 'num_gpus': 0}
[2025-01-07 17:40:34,201][flwr][INFO] - Flower VCE: Creating VirtualClientEngineActorPool with 6 actors
[2025-01-07 17:40:34,201][flwr][INFO] - [INIT]
[2025-01-07 17:40:34,201][flwr][INFO] - Requesting initial parameters from one random client
[2025-01-07 17:40:36,929][flwr][INFO] - Received initial parameters from one random client
[2025-01-07 17:40:36,930][flwr][INFO] - Starting evaluation of initial global parameters
[2025-01-07 17:40:38,443][flwr][INFO] - initial parameters (loss, other metrics): 181.8724820613861, {'accuracy': 0.1045}
[2025-01-07 17:40:38,443][flwr][INFO] - 
[2025-01-07 17:40:38,443][flwr][INFO] - [ROUND 1]
[2025-01-07 17:40:38,443][flwr][INFO] - configure_fit: strategy sampled 2 clients (out of 10)
[2025-01-07 17:40:49,165][flwr][INFO] - aggregate_fit: received 2 results and 0 failures
[2025-01-07 17:40:49,168][flwr][WARNING] - No fit_metrics_aggregation_fn provided
[2025-01-07 17:40:50,305][flwr][INFO] - fit progress: (1, 6.397725657909177, {'accuracy': 0.9734}, 11.861357132002013)
[2025-01-07 17:40:50,305][flwr][INFO] - configure_evaluate: strategy sampled 3 clients (out of 10)
[2025-01-07 17:40:52,542][flwr][INFO] - aggregate_evaluate: received 3 results and 0 failures
[2025-01-07 17:40:52,542][flwr][WARNING] - No evaluate_metrics_aggregation_fn provided
[2025-01-07 17:40:52,542][flwr][INFO] - 
[2025-01-07 17:40:52,542][flwr][INFO] - [ROUND 2]
[2025-01-07 17:40:52,542][flwr][INFO] - configure_fit: strategy sampled 2 clients (out of 10)
[2025-01-07 17:41:00,986][flwr][INFO] - aggregate_fit: received 2 results and 0 failures
[2025-01-07 17:41:02,489][flwr][INFO] - fit progress: (2, 4.317746903205261, {'accuracy': 0.983}, 24.04593318499974)
[2025-01-07 17:41:02,489][flwr][INFO] - configure_evaluate: strategy sampled 3 clients (out of 10)
[2025-01-07 17:41:02,951][flwr][INFO] - aggregate_evaluate: received 3 results and 0 failures
[2025-01-07 17:41:02,952][flwr][INFO] - 
[2025-01-07 17:41:02,952][flwr][INFO] - [ROUND 3]
[2025-01-07 17:41:02,952][flwr][INFO] - configure_fit: strategy sampled 2 clients (out of 10)
[2025-01-07 17:41:11,203][flwr][INFO] - aggregate_fit: received 2 results and 0 failures
[2025-01-07 17:41:12,533][flwr][INFO] - fit progress: (3, 4.631334442669186, {'accuracy': 0.9836}, 34.089663129001565)
[2025-01-07 17:41:12,533][flwr][INFO] - configure_evaluate: strategy sampled 3 clients (out of 10)
[2025-01-07 17:41:13,012][flwr][INFO] - aggregate_evaluate: received 3 results and 0 failures
[2025-01-07 17:41:13,012][flwr][INFO] - 
[2025-01-07 17:41:13,012][flwr][INFO] - [ROUND 4]
[2025-01-07 17:41:13,012][flwr][INFO] - configure_fit: strategy sampled 2 clients (out of 10)
[2025-01-07 17:41:21,336][flwr][INFO] - aggregate_fit: received 2 results and 0 failures
[2025-01-07 17:41:22,556][flwr][INFO] - fit progress: (4, 3.527555087274777, {'accuracy': 0.9874}, 44.11253027099883)
[2025-01-07 17:41:22,556][flwr][INFO] - configure_evaluate: strategy sampled 3 clients (out of 10)
[2025-01-07 17:41:23,035][flwr][INFO] - aggregate_evaluate: received 3 results and 0 failures
[2025-01-07 17:41:23,035][flwr][INFO] - 
[2025-01-07 17:41:23,035][flwr][INFO] - [ROUND 5]
[2025-01-07 17:41:23,036][flwr][INFO] - configure_fit: strategy sampled 2 clients (out of 10)
[2025-01-07 17:41:31,314][flwr][INFO] - aggregate_fit: received 2 results and 0 failures
[2025-01-07 17:41:32,671][flwr][INFO] - fit progress: (5, 4.012357518052795, {'accuracy': 0.9866}, 54.228102360000776)
[2025-01-07 17:41:32,672][flwr][INFO] - configure_evaluate: strategy sampled 3 clients (out of 10)
[2025-01-07 17:41:33,186][flwr][INFO] - aggregate_evaluate: received 3 results and 0 failures
[2025-01-07 17:41:33,186][flwr][INFO] - 
[2025-01-07 17:41:33,186][flwr][INFO] - [ROUND 6]
[2025-01-07 17:41:33,186][flwr][INFO] - configure_fit: strategy sampled 2 clients (out of 10)
[2025-01-07 17:41:41,479][flwr][INFO] - aggregate_fit: received 2 results and 0 failures
[2025-01-07 17:41:42,767][flwr][INFO] - fit progress: (6, 3.9989170294602445, {'accuracy': 0.9864}, 64.32347249399754)
[2025-01-07 17:41:42,767][flwr][INFO] - configure_evaluate: strategy sampled 3 clients (out of 10)
[2025-01-07 17:41:43,265][flwr][INFO] - aggregate_evaluate: received 3 results and 0 failures
[2025-01-07 17:41:43,266][flwr][INFO] - 
[2025-01-07 17:41:43,266][flwr][INFO] - [ROUND 7]
[2025-01-07 17:41:43,266][flwr][INFO] - configure_fit: strategy sampled 2 clients (out of 10)
[2025-01-07 17:41:51,527][flwr][INFO] - aggregate_fit: received 2 results and 0 failures
[2025-01-07 17:41:53,022][flwr][INFO] - fit progress: (7, 3.2696397823506658, {'accuracy': 0.9893}, 74.57883016100095)
[2025-01-07 17:41:53,022][flwr][INFO] - configure_evaluate: strategy sampled 3 clients (out of 10)
[2025-01-07 17:41:53,520][flwr][INFO] - aggregate_evaluate: received 3 results and 0 failures
[2025-01-07 17:41:53,521][flwr][INFO] - 
[2025-01-07 17:41:53,521][flwr][INFO] - [ROUND 8]
[2025-01-07 17:41:53,521][flwr][INFO] - configure_fit: strategy sampled 2 clients (out of 10)
[2025-01-07 17:42:02,208][flwr][INFO] - aggregate_fit: received 2 results and 0 failures
[2025-01-07 17:42:03,536][flwr][INFO] - fit progress: (8, 3.9950869397380586, {'accuracy': 0.9879}, 85.09271032900142)
[2025-01-07 17:42:03,536][flwr][INFO] - configure_evaluate: strategy sampled 3 clients (out of 10)
[2025-01-07 17:42:04,071][flwr][INFO] - aggregate_evaluate: received 3 results and 0 failures
[2025-01-07 17:42:04,072][flwr][INFO] - 
[2025-01-07 17:42:04,072][flwr][INFO] - [ROUND 9]
[2025-01-07 17:42:04,072][flwr][INFO] - configure_fit: strategy sampled 2 clients (out of 10)
[2025-01-07 17:42:12,606][flwr][INFO] - aggregate_fit: received 2 results and 0 failures
[2025-01-07 17:42:14,315][flwr][INFO] - fit progress: (9, 3.503786442379692, {'accuracy': 0.9887}, 95.87209176499891)
[2025-01-07 17:42:14,316][flwr][INFO] - configure_evaluate: strategy sampled 3 clients (out of 10)
[2025-01-07 17:42:14,799][flwr][INFO] - aggregate_evaluate: received 3 results and 0 failures
[2025-01-07 17:42:14,799][flwr][INFO] - 
[2025-01-07 17:42:14,799][flwr][INFO] - [ROUND 10]
[2025-01-07 17:42:14,800][flwr][INFO] - configure_fit: strategy sampled 2 clients (out of 10)
[2025-01-07 17:42:23,040][flwr][INFO] - aggregate_fit: received 2 results and 0 failures
[2025-01-07 17:42:24,464][flwr][INFO] - fit progress: (10, 3.632035709677808, {'accuracy': 0.9891}, 106.02049261499633)
[2025-01-07 17:42:24,464][flwr][INFO] - configure_evaluate: strategy sampled 3 clients (out of 10)
[2025-01-07 17:42:24,947][flwr][INFO] - aggregate_evaluate: received 3 results and 0 failures
[2025-01-07 17:42:24,948][flwr][INFO] - 
[2025-01-07 17:42:24,948][flwr][INFO] - [SUMMARY]
[2025-01-07 17:42:24,948][flwr][INFO] - Run finished 10 round(s) in 106.50s
[2025-01-07 17:42:24,948][flwr][INFO] - 	History (loss, distributed):
[2025-01-07 17:42:24,948][flwr][INFO] - 		round 1: 1.7897991260203223
[2025-01-07 17:42:24,949][flwr][INFO] - 		round 2: 1.273412154094937
[2025-01-07 17:42:24,949][flwr][INFO] - 		round 3: 1.7650669340558427
[2025-01-07 17:42:24,949][flwr][INFO] - 		round 4: 1.5527423668524232
[2025-01-07 17:42:24,949][flwr][INFO] - 		round 5: 1.9132005826266625
[2025-01-07 17:42:24,949][flwr][INFO] - 		round 6: 1.7346282697989561
[2025-01-07 17:42:24,949][flwr][INFO] - 		round 7: 1.2893632769966341
[2025-01-07 17:42:24,949][flwr][INFO] - 		round 8: 1.4869956183686857
[2025-01-07 17:42:24,949][flwr][INFO] - 		round 9: 1.3369835065608033
[2025-01-07 17:42:24,949][flwr][INFO] - 		round 10: 1.1026598149128404
[2025-01-07 17:42:24,950][flwr][INFO] - 	History (loss, centralized):
[2025-01-07 17:42:24,950][flwr][INFO] - 		round 0: 181.8724820613861
[2025-01-07 17:42:24,950][flwr][INFO] - 		round 1: 6.397725657909177
[2025-01-07 17:42:24,950][flwr][INFO] - 		round 2: 4.317746903205261
[2025-01-07 17:42:24,950][flwr][INFO] - 		round 3: 4.631334442669186
[2025-01-07 17:42:24,950][flwr][INFO] - 		round 4: 3.527555087274777
[2025-01-07 17:42:24,950][flwr][INFO] - 		round 5: 4.012357518052795
[2025-01-07 17:42:24,950][flwr][INFO] - 		round 6: 3.9989170294602445
[2025-01-07 17:42:24,950][flwr][INFO] - 		round 7: 3.2696397823506658
[2025-01-07 17:42:24,951][flwr][INFO] - 		round 8: 3.9950869397380586
[2025-01-07 17:42:24,951][flwr][INFO] - 		round 9: 3.503786442379692
[2025-01-07 17:42:24,951][flwr][INFO] - 		round 10: 3.632035709677808
[2025-01-07 17:42:24,951][flwr][INFO] - 	History (metrics, centralized):
[2025-01-07 17:42:24,951][flwr][INFO] - 	{'accuracy': [(0, 0.1045),
[2025-01-07 17:42:24,951][flwr][INFO] - 	              (1, 0.9734),
[2025-01-07 17:42:24,951][flwr][INFO] - 	              (2, 0.983),
[2025-01-07 17:42:24,951][flwr][INFO] - 	              (3, 0.9836),
[2025-01-07 17:42:24,951][flwr][INFO] - 	              (4, 0.9874),
[2025-01-07 17:42:24,952][flwr][INFO] - 	              (5, 0.9866),
[2025-01-07 17:42:24,952][flwr][INFO] - 	              (6, 0.9864),
[2025-01-07 17:42:24,952][flwr][INFO] - 	              (7, 0.9893),
[2025-01-07 17:42:24,952][flwr][INFO] - 	              (8, 0.9879),
[2025-01-07 17:42:24,952][flwr][INFO] - 	              (9, 0.9887),
[2025-01-07 17:42:24,952][flwr][INFO] - 	              (10, 0.9891)]}
[2025-01-07 17:42:24,952][flwr][INFO] - 
