[2025-01-07 14:04:14,416][flwr][INFO] - Starting Flower simulation, config: num_rounds=5, no round_timeout
[2025-01-07 14:04:18,100][flwr][INFO] - Flower VCE: Ray initialized with resources: {'node:__internal_head__': 1.0, 'object_store_memory': 3200466124.0, 'memory': 6400932251.0, 'CPU': 12.0, 'node:192.168.1.11': 1.0}
[2025-01-07 14:04:18,100][flwr][INFO] - Optimize your simulation with Flower VCE: https://flower.ai/docs/framework/how-to-run-simulations.html
[2025-01-07 14:04:18,100][flwr][INFO] - Flower VCE: Resources for each Virtual Client: {'num_cpus': 2, 'num_gpus': 0}
[2025-01-07 14:04:18,106][flwr][INFO] - Flower VCE: Creating VirtualClientEngineActorPool with 6 actors
[2025-01-07 14:04:18,106][flwr][INFO] - [INIT]
[2025-01-07 14:04:18,106][flwr][INFO] - Requesting initial parameters from one random client
[2025-01-07 14:04:20,727][flwr][INFO] - Received initial parameters from one random client
[2025-01-07 14:04:20,728][flwr][INFO] - Starting evaluation of initial global parameters
[2025-01-07 14:04:22,389][flwr][INFO] - initial parameters (loss, other metrics): 181.89311408996582, {'accuracy': 0.1374}
[2025-01-07 14:04:22,389][flwr][INFO] - 
[2025-01-07 14:04:22,389][flwr][INFO] - [ROUND 1]
[2025-01-07 14:04:22,389][flwr][INFO] - configure_fit: strategy sampled 2 clients (out of 10)
[2025-01-07 14:04:31,967][flwr][INFO] - aggregate_fit: received 2 results and 0 failures
[2025-01-07 14:04:31,973][flwr][WARNING] - No fit_metrics_aggregation_fn provided
[2025-01-07 14:04:33,300][flwr][INFO] - fit progress: (1, 7.158436364319641, {'accuracy': 0.9721}, 10.91072600699772)
[2025-01-07 14:04:33,300][flwr][INFO] - configure_evaluate: strategy sampled 5 clients (out of 10)
[2025-01-07 14:04:37,052][flwr][INFO] - aggregate_evaluate: received 5 results and 0 failures
[2025-01-07 14:04:37,052][flwr][WARNING] - No evaluate_metrics_aggregation_fn provided
[2025-01-07 14:04:37,052][flwr][INFO] - 
[2025-01-07 14:04:37,052][flwr][INFO] - [ROUND 2]
[2025-01-07 14:04:37,053][flwr][INFO] - configure_fit: strategy sampled 2 clients (out of 10)
[2025-01-07 14:04:44,324][flwr][INFO] - aggregate_fit: received 2 results and 0 failures
[2025-01-07 14:04:46,051][flwr][INFO] - fit progress: (2, 5.359283358724497, {'accuracy': 0.9797}, 23.662299067997083)
[2025-01-07 14:04:46,051][flwr][INFO] - configure_evaluate: strategy sampled 5 clients (out of 10)
[2025-01-07 14:04:46,814][flwr][INFO] - aggregate_evaluate: received 5 results and 0 failures
[2025-01-07 14:04:46,814][flwr][INFO] - 
[2025-01-07 14:04:46,814][flwr][INFO] - [ROUND 3]
[2025-01-07 14:04:46,815][flwr][INFO] - configure_fit: strategy sampled 2 clients (out of 10)
[2025-01-07 14:04:54,173][flwr][INFO] - aggregate_fit: received 2 results and 0 failures
[2025-01-07 14:04:55,684][flwr][INFO] - fit progress: (3, 5.508454370086838, {'accuracy': 0.9797}, 33.29526166899814)
[2025-01-07 14:04:55,685][flwr][INFO] - configure_evaluate: strategy sampled 5 clients (out of 10)
[2025-01-07 14:04:56,458][flwr][INFO] - aggregate_evaluate: received 5 results and 0 failures
[2025-01-07 14:04:56,458][flwr][INFO] - 
[2025-01-07 14:04:56,459][flwr][INFO] - [ROUND 4]
[2025-01-07 14:04:56,459][flwr][INFO] - configure_fit: strategy sampled 2 clients (out of 10)
[2025-01-07 14:05:03,651][flwr][INFO] - aggregate_fit: received 2 results and 0 failures
[2025-01-07 14:05:05,062][flwr][INFO] - fit progress: (4, 5.169982540147544, {'accuracy': 0.9831}, 42.67264627699842)
[2025-01-07 14:05:05,062][flwr][INFO] - configure_evaluate: strategy sampled 5 clients (out of 10)
[2025-01-07 14:05:05,831][flwr][INFO] - aggregate_evaluate: received 5 results and 0 failures
[2025-01-07 14:05:05,832][flwr][INFO] - 
[2025-01-07 14:05:05,832][flwr][INFO] - [ROUND 5]
[2025-01-07 14:05:05,832][flwr][INFO] - configure_fit: strategy sampled 2 clients (out of 10)
[2025-01-07 14:05:13,195][flwr][INFO] - aggregate_fit: received 2 results and 0 failures
[2025-01-07 14:05:14,924][flwr][INFO] - fit progress: (5, 4.370394097062672, {'accuracy': 0.9833}, 52.53478201999678)
[2025-01-07 14:05:14,924][flwr][INFO] - configure_evaluate: strategy sampled 5 clients (out of 10)
[2025-01-07 14:05:15,732][flwr][INFO] - aggregate_evaluate: received 5 results and 0 failures
[2025-01-07 14:05:15,733][flwr][INFO] - 
[2025-01-07 14:05:15,733][flwr][INFO] - [SUMMARY]
[2025-01-07 14:05:15,733][flwr][INFO] - Run finished 5 round(s) in 53.34s
[2025-01-07 14:05:15,733][flwr][INFO] - 	History (loss, distributed):
[2025-01-07 14:05:15,733][flwr][INFO] - 		round 1: 4.470703047025017
[2025-01-07 14:05:15,733][flwr][INFO] - 		round 2: 3.4493829861261474
[2025-01-07 14:05:15,734][flwr][INFO] - 		round 3: 3.187508896932195
[2025-01-07 14:05:15,734][flwr][INFO] - 		round 4: 2.7770949825871183
[2025-01-07 14:05:15,734][flwr][INFO] - 		round 5: 2.6046510418129403
[2025-01-07 14:05:15,734][flwr][INFO] - 	History (loss, centralized):
[2025-01-07 14:05:15,734][flwr][INFO] - 		round 0: 181.89311408996582
[2025-01-07 14:05:15,734][flwr][INFO] - 		round 1: 7.158436364319641
[2025-01-07 14:05:15,734][flwr][INFO] - 		round 2: 5.359283358724497
[2025-01-07 14:05:15,734][flwr][INFO] - 		round 3: 5.508454370086838
[2025-01-07 14:05:15,734][flwr][INFO] - 		round 4: 5.169982540147544
[2025-01-07 14:05:15,734][flwr][INFO] - 		round 5: 4.370394097062672
[2025-01-07 14:05:15,734][flwr][INFO] - 	History (metrics, centralized):
[2025-01-07 14:05:15,734][flwr][INFO] - 	{'accuracy': [(0, 0.1374),
[2025-01-07 14:05:15,734][flwr][INFO] - 	              (1, 0.9721),
[2025-01-07 14:05:15,734][flwr][INFO] - 	              (2, 0.9797),
[2025-01-07 14:05:15,734][flwr][INFO] - 	              (3, 0.9797),
[2025-01-07 14:05:15,734][flwr][INFO] - 	              (4, 0.9831),
[2025-01-07 14:05:15,734][flwr][INFO] - 	              (5, 0.9833)]}
[2025-01-07 14:05:15,734][flwr][INFO] - 
