[2024-12-30 23:14:19,428][flwr][INFO] - Starting Flower simulation, config: num_rounds=10, no round_timeout
[2024-12-30 23:14:22,892][flwr][INFO] - Flower VCE: Ray initialized with resources: {'CPU': 12.0, 'node:192.168.1.11': 1.0, 'node:__internal_head__': 1.0, 'memory': 6061530318.0, 'object_store_memory': 3030765158.0}
[2024-12-30 23:14:22,893][flwr][INFO] - Optimize your simulation with Flower VCE: https://flower.ai/docs/framework/how-to-run-simulations.html
[2024-12-30 23:14:22,893][flwr][INFO] - Flower VCE: Resources for each Virtual Client: {'num_cpus': 2, 'num_gpus': 0}
[2024-12-30 23:14:22,901][flwr][INFO] - Flower VCE: Creating VirtualClientEngineActorPool with 6 actors
[2024-12-30 23:14:22,902][flwr][INFO] - [INIT]
[2024-12-30 23:14:22,902][flwr][INFO] - Using initial global parameters provided by strategy
[2024-12-30 23:14:22,902][flwr][INFO] - Starting evaluation of initial global parameters
[2024-12-30 23:14:26,083][flwr][INFO] - initial parameters (loss, other metrics): 182.1452271938324, {'accuracy': 0.0947}
[2024-12-30 23:14:26,083][flwr][INFO] - 
[2024-12-30 23:14:26,084][flwr][INFO] - [ROUND 1]
[2024-12-30 23:14:26,084][flwr][INFO] - configure_fit: strategy sampled 2 clients (out of 10)
[2024-12-30 23:14:40,775][flwr][INFO] - aggregate_fit: received 2 results and 0 failures
[2024-12-30 23:14:40,781][flwr][WARNING] - No fit_metrics_aggregation_fn provided
[2024-12-30 23:14:42,369][flwr][INFO] - fit progress: (1, 12.3201101628365, {'accuracy': 0.9592}, 16.285441660002107)
[2024-12-30 23:14:42,369][flwr][INFO] - configure_evaluate: strategy sampled 5 clients (out of 10)
[2024-12-30 23:14:46,157][flwr][INFO] - aggregate_evaluate: received 5 results and 0 failures
[2024-12-30 23:14:46,157][flwr][WARNING] - No evaluate_metrics_aggregation_fn provided
[2024-12-30 23:14:46,157][flwr][INFO] - 
[2024-12-30 23:14:46,157][flwr][INFO] - [ROUND 2]
[2024-12-30 23:14:46,157][flwr][INFO] - configure_fit: strategy sampled 2 clients (out of 10)
[2024-12-30 23:14:58,612][flwr][INFO] - aggregate_fit: received 2 results and 0 failures
[2024-12-30 23:15:00,174][flwr][INFO] - fit progress: (2, 7.019606018962804, {'accuracy': 0.9765}, 34.090523384002154)
[2024-12-30 23:15:00,174][flwr][INFO] - configure_evaluate: strategy sampled 5 clients (out of 10)
[2024-12-30 23:15:01,000][flwr][INFO] - aggregate_evaluate: received 5 results and 0 failures
[2024-12-30 23:15:01,000][flwr][INFO] - 
[2024-12-30 23:15:01,000][flwr][INFO] - [ROUND 3]
[2024-12-30 23:15:01,000][flwr][INFO] - configure_fit: strategy sampled 2 clients (out of 10)
[2024-12-30 23:15:13,488][flwr][INFO] - aggregate_fit: received 2 results and 0 failures
[2024-12-30 23:15:15,035][flwr][INFO] - fit progress: (3, 7.136322209236141, {'accuracy': 0.9789}, 48.95149800999934)
[2024-12-30 23:15:15,035][flwr][INFO] - configure_evaluate: strategy sampled 5 clients (out of 10)
[2024-12-30 23:15:15,872][flwr][INFO] - aggregate_evaluate: received 5 results and 0 failures
[2024-12-30 23:15:15,873][flwr][INFO] - 
[2024-12-30 23:15:15,873][flwr][INFO] - [ROUND 4]
[2024-12-30 23:15:15,873][flwr][INFO] - configure_fit: strategy sampled 2 clients (out of 10)
[2024-12-30 23:15:28,875][flwr][INFO] - aggregate_fit: received 2 results and 0 failures
[2024-12-30 23:15:30,364][flwr][INFO] - fit progress: (4, 5.363535855220107, {'accuracy': 0.9833}, 64.2806082749994)
[2024-12-30 23:15:30,364][flwr][INFO] - configure_evaluate: strategy sampled 5 clients (out of 10)
[2024-12-30 23:15:31,221][flwr][INFO] - aggregate_evaluate: received 5 results and 0 failures
[2024-12-30 23:15:31,221][flwr][INFO] - 
[2024-12-30 23:15:31,221][flwr][INFO] - [ROUND 5]
[2024-12-30 23:15:31,222][flwr][INFO] - configure_fit: strategy sampled 2 clients (out of 10)
[2024-12-30 23:15:44,899][flwr][INFO] - aggregate_fit: received 2 results and 0 failures
[2024-12-30 23:15:46,898][flwr][INFO] - fit progress: (5, 7.670107972993719, {'accuracy': 0.9778}, 80.81427934100066)
[2024-12-30 23:15:46,898][flwr][INFO] - configure_evaluate: strategy sampled 5 clients (out of 10)
[2024-12-30 23:15:47,770][flwr][INFO] - aggregate_evaluate: received 5 results and 0 failures
[2024-12-30 23:15:47,770][flwr][INFO] - 
[2024-12-30 23:15:47,770][flwr][INFO] - [ROUND 6]
[2024-12-30 23:15:47,771][flwr][INFO] - configure_fit: strategy sampled 2 clients (out of 10)
[2024-12-30 23:16:01,481][flwr][INFO] - aggregate_fit: received 2 results and 0 failures
[2024-12-30 23:16:03,464][flwr][INFO] - fit progress: (6, 4.5784327963667835, {'accuracy': 0.9875}, 97.38016161400083)
[2024-12-30 23:16:03,464][flwr][INFO] - configure_evaluate: strategy sampled 5 clients (out of 10)
[2024-12-30 23:16:04,267][flwr][INFO] - aggregate_evaluate: received 5 results and 0 failures
[2024-12-30 23:16:04,267][flwr][INFO] - 
[2024-12-30 23:16:04,267][flwr][INFO] - [ROUND 7]
[2024-12-30 23:16:04,268][flwr][INFO] - configure_fit: strategy sampled 2 clients (out of 10)
[2024-12-30 23:16:17,471][flwr][INFO] - aggregate_fit: received 2 results and 0 failures
[2024-12-30 23:16:19,458][flwr][INFO] - fit progress: (7, 6.120825916342518, {'accuracy': 0.9844}, 113.3747091869991)
[2024-12-30 23:16:19,459][flwr][INFO] - configure_evaluate: strategy sampled 5 clients (out of 10)
[2024-12-30 23:16:20,201][flwr][INFO] - aggregate_evaluate: received 5 results and 0 failures
[2024-12-30 23:16:20,201][flwr][INFO] - 
[2024-12-30 23:16:20,201][flwr][INFO] - [ROUND 8]
[2024-12-30 23:16:20,202][flwr][INFO] - configure_fit: strategy sampled 2 clients (out of 10)
[2024-12-30 23:16:33,399][flwr][INFO] - aggregate_fit: received 2 results and 0 failures
[2024-12-30 23:16:35,067][flwr][INFO] - fit progress: (8, 5.863128709037909, {'accuracy': 0.9846}, 128.983132966001)
[2024-12-30 23:16:35,067][flwr][INFO] - configure_evaluate: strategy sampled 5 clients (out of 10)
[2024-12-30 23:16:35,893][flwr][INFO] - aggregate_evaluate: received 5 results and 0 failures
[2024-12-30 23:16:35,893][flwr][INFO] - 
[2024-12-30 23:16:35,893][flwr][INFO] - [ROUND 9]
[2024-12-30 23:16:35,893][flwr][INFO] - configure_fit: strategy sampled 2 clients (out of 10)
[2024-12-30 23:16:48,829][flwr][INFO] - aggregate_fit: received 2 results and 0 failures
[2024-12-30 23:16:50,309][flwr][INFO] - fit progress: (9, 4.850754477053215, {'accuracy': 0.9869}, 144.22540778099938)
[2024-12-30 23:16:50,309][flwr][INFO] - configure_evaluate: strategy sampled 5 clients (out of 10)
[2024-12-30 23:16:51,165][flwr][INFO] - aggregate_evaluate: received 5 results and 0 failures
[2024-12-30 23:16:51,165][flwr][INFO] - 
[2024-12-30 23:16:51,165][flwr][INFO] - [ROUND 10]
[2024-12-30 23:16:51,165][flwr][INFO] - configure_fit: strategy sampled 2 clients (out of 10)
[2024-12-30 23:17:04,374][flwr][INFO] - aggregate_fit: received 2 results and 0 failures
[2024-12-30 23:17:05,911][flwr][INFO] - fit progress: (10, 4.979219083063072, {'accuracy': 0.9851}, 159.827371116)
[2024-12-30 23:17:05,911][flwr][INFO] - configure_evaluate: strategy sampled 5 clients (out of 10)
[2024-12-30 23:17:06,742][flwr][INFO] - aggregate_evaluate: received 5 results and 0 failures
[2024-12-30 23:17:06,743][flwr][INFO] - 
[2024-12-30 23:17:06,743][flwr][INFO] - [SUMMARY]
[2024-12-30 23:17:06,743][flwr][INFO] - Run finished 10 round(s) in 160.66s
[2024-12-30 23:17:06,744][flwr][INFO] - 	History (loss, distributed):
[2024-12-30 23:17:06,744][flwr][INFO] - 		round 1: 6.381523890193785
[2024-12-30 23:17:06,744][flwr][INFO] - 		round 2: 4.454124509051326
[2024-12-30 23:17:06,744][flwr][INFO] - 		round 3: 4.4129171127651485
[2024-12-30 23:17:06,744][flwr][INFO] - 		round 4: 3.011536872400575
[2024-12-30 23:17:06,744][flwr][INFO] - 		round 5: 5.027268886027651
[2024-12-30 23:17:06,744][flwr][INFO] - 		round 6: 2.701036449496709
[2024-12-30 23:17:06,744][flwr][INFO] - 		round 7: 3.3519913695803982
[2024-12-30 23:17:06,745][flwr][INFO] - 		round 8: 4.470151902134864
[2024-12-30 23:17:06,745][flwr][INFO] - 		round 9: 2.4369135002524778
[2024-12-30 23:17:06,745][flwr][INFO] - 		round 10: 3.3225585639720636
[2024-12-30 23:17:06,745][flwr][INFO] - 	History (loss, centralized):
[2024-12-30 23:17:06,745][flwr][INFO] - 		round 0: 182.1452271938324
[2024-12-30 23:17:06,745][flwr][INFO] - 		round 1: 12.3201101628365
[2024-12-30 23:17:06,745][flwr][INFO] - 		round 2: 7.019606018962804
[2024-12-30 23:17:06,745][flwr][INFO] - 		round 3: 7.136322209236141
[2024-12-30 23:17:06,746][flwr][INFO] - 		round 4: 5.363535855220107
[2024-12-30 23:17:06,746][flwr][INFO] - 		round 5: 7.670107972993719
[2024-12-30 23:17:06,746][flwr][INFO] - 		round 6: 4.5784327963667835
[2024-12-30 23:17:06,746][flwr][INFO] - 		round 7: 6.120825916342518
[2024-12-30 23:17:06,746][flwr][INFO] - 		round 8: 5.863128709037909
[2024-12-30 23:17:06,746][flwr][INFO] - 		round 9: 4.850754477053215
[2024-12-30 23:17:06,746][flwr][INFO] - 		round 10: 4.979219083063072
[2024-12-30 23:17:06,746][flwr][INFO] - 	History (metrics, centralized):
[2024-12-30 23:17:06,747][flwr][INFO] - 	{'accuracy': [(0, 0.0947),
[2024-12-30 23:17:06,747][flwr][INFO] - 	              (1, 0.9592),
[2024-12-30 23:17:06,747][flwr][INFO] - 	              (2, 0.9765),
[2024-12-30 23:17:06,747][flwr][INFO] - 	              (3, 0.9789),
[2024-12-30 23:17:06,747][flwr][INFO] - 	              (4, 0.9833),
[2024-12-30 23:17:06,747][flwr][INFO] - 	              (5, 0.9778),
[2024-12-30 23:17:06,747][flwr][INFO] - 	              (6, 0.9875),
[2024-12-30 23:17:06,747][flwr][INFO] - 	              (7, 0.9844),
[2024-12-30 23:17:06,747][flwr][INFO] - 	              (8, 0.9846),
[2024-12-30 23:17:06,748][flwr][INFO] - 	              (9, 0.9869),
[2024-12-30 23:17:06,748][flwr][INFO] - 	              (10, 0.9851)]}
[2024-12-30 23:17:06,748][flwr][INFO] - 
