[2025-01-07 18:28:14,533][flwr][INFO] - Starting Flower simulation, config: num_rounds=10, no round_timeout
[2025-01-07 18:28:17,916][flwr][INFO] - Flower VCE: Ray initialized with resources: {'node:__internal_head__': 1.0, 'object_store_memory': 3180736512.0, 'memory': 6361473024.0, 'node:192.168.1.11': 1.0, 'CPU': 12.0}
[2025-01-07 18:28:17,917][flwr][INFO] - Optimize your simulation with Flower VCE: https://flower.ai/docs/framework/how-to-run-simulations.html
[2025-01-07 18:28:17,917][flwr][INFO] - Flower VCE: Resources for each Virtual Client: {'num_cpus': 2, 'num_gpus': 0}
[2025-01-07 18:28:17,924][flwr][INFO] - Flower VCE: Creating VirtualClientEngineActorPool with 6 actors
[2025-01-07 18:28:17,924][flwr][INFO] - [INIT]
[2025-01-07 18:28:17,924][flwr][INFO] - Requesting initial parameters from one random client
[2025-01-07 18:28:20,571][flwr][INFO] - Received initial parameters from one random client
[2025-01-07 18:28:20,571][flwr][INFO] - Starting evaluation of initial global parameters
[2025-01-07 18:28:21,895][flwr][INFO] - initial parameters (loss, other metrics): 181.7806797027588, {'accuracy': 0.1035}
[2025-01-07 18:28:21,895][flwr][INFO] - 
[2025-01-07 18:28:21,895][flwr][INFO] - [ROUND 1]
[2025-01-07 18:28:21,895][flwr][INFO] - configure_fit: strategy sampled 2 clients (out of 20)
[2025-01-07 18:28:26,559][flwr][INFO] - aggregate_fit: received 2 results and 0 failures
[2025-01-07 18:28:26,564][flwr][WARNING] - No fit_metrics_aggregation_fn provided
[2025-01-07 18:28:27,797][flwr][INFO] - fit progress: (1, 184.97438859939575, {'accuracy': 0.0982}, 5.902364642002794)
[2025-01-07 18:28:27,798][flwr][INFO] - configure_evaluate: strategy sampled 2 clients (out of 20)
[2025-01-07 18:28:28,143][flwr][INFO] - aggregate_evaluate: received 2 results and 0 failures
[2025-01-07 18:28:28,143][flwr][WARNING] - No evaluate_metrics_aggregation_fn provided
[2025-01-07 18:28:28,143][flwr][INFO] - 
[2025-01-07 18:28:28,143][flwr][INFO] - [ROUND 2]
[2025-01-07 18:28:28,143][flwr][INFO] - configure_fit: strategy sampled 2 clients (out of 20)
[2025-01-07 18:28:30,939][flwr][INFO] - aggregate_fit: received 2 results and 0 failures
[2025-01-07 18:28:32,410][flwr][INFO] - fit progress: (2, 182.07636332511902, {'accuracy': 0.101}, 10.514961569999286)
[2025-01-07 18:28:32,410][flwr][INFO] - configure_evaluate: strategy sampled 2 clients (out of 20)
[2025-01-07 18:28:32,753][flwr][INFO] - aggregate_evaluate: received 2 results and 0 failures
[2025-01-07 18:28:32,753][flwr][INFO] - 
[2025-01-07 18:28:32,754][flwr][INFO] - [ROUND 3]
[2025-01-07 18:28:32,754][flwr][INFO] - configure_fit: strategy sampled 2 clients (out of 20)
[2025-01-07 18:28:35,505][flwr][INFO] - aggregate_fit: received 2 results and 0 failures
[2025-01-07 18:28:36,996][flwr][INFO] - fit progress: (3, 182.0370271205902, {'accuracy': 0.1135}, 15.101116801000899)
[2025-01-07 18:28:36,996][flwr][INFO] - configure_evaluate: strategy sampled 2 clients (out of 20)
[2025-01-07 18:28:37,298][flwr][INFO] - aggregate_evaluate: received 2 results and 0 failures
[2025-01-07 18:28:37,298][flwr][INFO] - 
[2025-01-07 18:28:37,298][flwr][INFO] - [ROUND 4]
[2025-01-07 18:28:37,298][flwr][INFO] - configure_fit: strategy sampled 2 clients (out of 20)
[2025-01-07 18:28:39,976][flwr][INFO] - aggregate_fit: received 2 results and 0 failures
[2025-01-07 18:28:41,314][flwr][INFO] - fit progress: (4, 181.99295139312744, {'accuracy': 0.101}, 19.419326641000225)
[2025-01-07 18:28:41,314][flwr][INFO] - configure_evaluate: strategy sampled 2 clients (out of 20)
[2025-01-07 18:28:41,620][flwr][INFO] - aggregate_evaluate: received 2 results and 0 failures
[2025-01-07 18:28:41,621][flwr][INFO] - 
[2025-01-07 18:28:41,621][flwr][INFO] - [ROUND 5]
[2025-01-07 18:28:41,621][flwr][INFO] - configure_fit: strategy sampled 2 clients (out of 20)
[2025-01-07 18:28:44,347][flwr][INFO] - aggregate_fit: received 2 results and 0 failures
[2025-01-07 18:28:45,786][flwr][INFO] - fit progress: (5, 182.13205671310425, {'accuracy': 0.098}, 23.891478162004205)
[2025-01-07 18:28:45,787][flwr][INFO] - configure_evaluate: strategy sampled 2 clients (out of 20)
[2025-01-07 18:28:46,104][flwr][INFO] - aggregate_evaluate: received 2 results and 0 failures
[2025-01-07 18:28:46,104][flwr][INFO] - 
[2025-01-07 18:28:46,104][flwr][INFO] - [ROUND 6]
[2025-01-07 18:28:46,104][flwr][INFO] - configure_fit: strategy sampled 2 clients (out of 20)
[2025-01-07 18:28:48,804][flwr][INFO] - aggregate_fit: received 2 results and 0 failures
[2025-01-07 18:28:50,723][flwr][INFO] - fit progress: (6, 181.9225525856018, {'accuracy': 0.1135}, 28.828547304001404)
[2025-01-07 18:28:50,724][flwr][INFO] - configure_evaluate: strategy sampled 2 clients (out of 20)
[2025-01-07 18:28:51,018][flwr][INFO] - aggregate_evaluate: received 2 results and 0 failures
[2025-01-07 18:28:51,018][flwr][INFO] - 
[2025-01-07 18:28:51,018][flwr][INFO] - [ROUND 7]
[2025-01-07 18:28:51,019][flwr][INFO] - configure_fit: strategy sampled 2 clients (out of 20)
[2025-01-07 18:28:53,804][flwr][INFO] - aggregate_fit: received 2 results and 0 failures
[2025-01-07 18:28:55,060][flwr][INFO] - fit progress: (7, 182.07325839996338, {'accuracy': 0.0958}, 33.164745745998516)
[2025-01-07 18:28:55,060][flwr][INFO] - configure_evaluate: strategy sampled 2 clients (out of 20)
[2025-01-07 18:28:55,382][flwr][INFO] - aggregate_evaluate: received 2 results and 0 failures
[2025-01-07 18:28:55,382][flwr][INFO] - 
[2025-01-07 18:28:55,382][flwr][INFO] - [ROUND 8]
[2025-01-07 18:28:55,382][flwr][INFO] - configure_fit: strategy sampled 2 clients (out of 20)
[2025-01-07 18:28:58,049][flwr][INFO] - aggregate_fit: received 2 results and 0 failures
[2025-01-07 18:28:59,275][flwr][INFO] - fit progress: (8, 181.89934420585632, {'accuracy': 0.1135}, 37.379992378999304)
[2025-01-07 18:28:59,275][flwr][INFO] - configure_evaluate: strategy sampled 2 clients (out of 20)
[2025-01-07 18:28:59,601][flwr][INFO] - aggregate_evaluate: received 2 results and 0 failures
[2025-01-07 18:28:59,602][flwr][INFO] - 
[2025-01-07 18:28:59,602][flwr][INFO] - [ROUND 9]
[2025-01-07 18:28:59,602][flwr][INFO] - configure_fit: strategy sampled 2 clients (out of 20)
[2025-01-07 18:29:02,281][flwr][INFO] - aggregate_fit: received 2 results and 0 failures
[2025-01-07 18:29:03,786][flwr][INFO] - fit progress: (9, 181.96637105941772, {'accuracy': 0.1028}, 41.89121554400481)
[2025-01-07 18:29:03,786][flwr][INFO] - configure_evaluate: strategy sampled 2 clients (out of 20)
[2025-01-07 18:29:04,098][flwr][INFO] - aggregate_evaluate: received 2 results and 0 failures
[2025-01-07 18:29:04,098][flwr][INFO] - 
[2025-01-07 18:29:04,098][flwr][INFO] - [ROUND 10]
[2025-01-07 18:29:04,098][flwr][INFO] - configure_fit: strategy sampled 2 clients (out of 20)
[2025-01-07 18:29:06,786][flwr][INFO] - aggregate_fit: received 2 results and 0 failures
[2025-01-07 18:29:08,221][flwr][INFO] - fit progress: (10, 182.13140201568604, {'accuracy': 0.101}, 46.32631423899875)
[2025-01-07 18:29:08,221][flwr][INFO] - configure_evaluate: strategy sampled 2 clients (out of 20)
[2025-01-07 18:29:08,524][flwr][INFO] - aggregate_evaluate: received 2 results and 0 failures
[2025-01-07 18:29:08,525][flwr][INFO] - 
[2025-01-07 18:29:08,525][flwr][INFO] - [SUMMARY]
[2025-01-07 18:29:08,525][flwr][INFO] - Run finished 10 round(s) in 46.63s
[2025-01-07 18:29:08,525][flwr][INFO] - 	History (loss, distributed):
[2025-01-07 18:29:08,525][flwr][INFO] - 		round 1: 23.455792903900146
[2025-01-07 18:29:08,525][flwr][INFO] - 		round 2: 23.025856256484985
[2025-01-07 18:29:08,525][flwr][INFO] - 		round 3: 23.112867951393127
[2025-01-07 18:29:08,525][flwr][INFO] - 		round 4: 23.076794385910034
[2025-01-07 18:29:08,525][flwr][INFO] - 		round 5: 23.085965394973755
[2025-01-07 18:29:08,525][flwr][INFO] - 		round 6: 23.124302983283997
[2025-01-07 18:29:08,525][flwr][INFO] - 		round 7: 23.055635809898376
[2025-01-07 18:29:08,525][flwr][INFO] - 		round 8: 23.04154670238495
[2025-01-07 18:29:08,525][flwr][INFO] - 		round 9: 23.052309036254883
[2025-01-07 18:29:08,525][flwr][INFO] - 		round 10: 23.042325973510742
[2025-01-07 18:29:08,525][flwr][INFO] - 	History (loss, centralized):
[2025-01-07 18:29:08,525][flwr][INFO] - 		round 0: 181.7806797027588
[2025-01-07 18:29:08,526][flwr][INFO] - 		round 1: 184.97438859939575
[2025-01-07 18:29:08,526][flwr][INFO] - 		round 2: 182.07636332511902
[2025-01-07 18:29:08,526][flwr][INFO] - 		round 3: 182.0370271205902
[2025-01-07 18:29:08,526][flwr][INFO] - 		round 4: 181.99295139312744
[2025-01-07 18:29:08,526][flwr][INFO] - 		round 5: 182.13205671310425
[2025-01-07 18:29:08,526][flwr][INFO] - 		round 6: 181.9225525856018
[2025-01-07 18:29:08,526][flwr][INFO] - 		round 7: 182.07325839996338
[2025-01-07 18:29:08,526][flwr][INFO] - 		round 8: 181.89934420585632
[2025-01-07 18:29:08,526][flwr][INFO] - 		round 9: 181.96637105941772
[2025-01-07 18:29:08,526][flwr][INFO] - 		round 10: 182.13140201568604
[2025-01-07 18:29:08,526][flwr][INFO] - 	History (metrics, centralized):
[2025-01-07 18:29:08,526][flwr][INFO] - 	{'accuracy': [(0, 0.1035),
[2025-01-07 18:29:08,526][flwr][INFO] - 	              (1, 0.0982),
[2025-01-07 18:29:08,526][flwr][INFO] - 	              (2, 0.101),
[2025-01-07 18:29:08,526][flwr][INFO] - 	              (3, 0.1135),
[2025-01-07 18:29:08,526][flwr][INFO] - 	              (4, 0.101),
[2025-01-07 18:29:08,526][flwr][INFO] - 	              (5, 0.098),
[2025-01-07 18:29:08,526][flwr][INFO] - 	              (6, 0.1135),
[2025-01-07 18:29:08,526][flwr][INFO] - 	              (7, 0.0958),
[2025-01-07 18:29:08,526][flwr][INFO] - 	              (8, 0.1135),
[2025-01-07 18:29:08,526][flwr][INFO] - 	              (9, 0.1028),
[2025-01-07 18:29:08,526][flwr][INFO] - 	              (10, 0.101)]}
[2025-01-07 18:29:08,526][flwr][INFO] - 
