[2024-12-31 16:39:50,606][flwr][INFO] - Starting Flower simulation, config: num_rounds=10, no round_timeout
[2024-12-31 16:39:57,250][flwr][INFO] - Flower VCE: Ray initialized with resources: {'memory': 3640263476.0, 'object_store_memory': 1820131737.0, 'node:__internal_head__': 1.0, 'node:192.168.1.11': 1.0, 'CPU': 12.0}
[2024-12-31 16:39:57,251][flwr][INFO] - Optimize your simulation with Flower VCE: https://flower.ai/docs/framework/how-to-run-simulations.html
[2024-12-31 16:39:57,251][flwr][INFO] - Flower VCE: Resources for each Virtual Client: {'num_cpus': 2, 'num_gpus': 0}
[2024-12-31 16:39:57,278][flwr][INFO] - Flower VCE: Creating VirtualClientEngineActorPool with 6 actors
[2024-12-31 16:39:57,278][flwr][INFO] - [INIT]
[2024-12-31 16:39:57,279][flwr][INFO] - Using initial global parameters provided by strategy
[2024-12-31 16:39:57,279][flwr][INFO] - Starting evaluation of initial global parameters
[2024-12-31 16:40:01,914][flwr][INFO] - initial parameters (loss, other metrics): 182.24014902114868, {'accuracy': 0.0892}
[2024-12-31 16:40:01,915][flwr][INFO] - 
[2024-12-31 16:40:01,915][flwr][INFO] - [ROUND 1]
[2024-12-31 16:40:01,915][flwr][INFO] - configure_fit: strategy sampled 2 clients (out of 10)
[2024-12-31 16:40:19,652][flwr][INFO] - aggregate_fit: received 2 results and 0 failures
[2024-12-31 16:40:19,663][flwr][WARNING] - No fit_metrics_aggregation_fn provided
[2024-12-31 16:40:23,541][flwr][INFO] - fit progress: (1, 184.180579662323, {'accuracy': 0.0958}, 21.626515647003544)
[2024-12-31 16:40:23,542][flwr][INFO] - configure_evaluate: strategy sampled 2 clients (out of 10)
[2024-12-31 16:40:24,012][flwr][INFO] - aggregate_evaluate: received 2 results and 0 failures
[2024-12-31 16:40:24,012][flwr][WARNING] - No evaluate_metrics_aggregation_fn provided
[2024-12-31 16:40:24,013][flwr][INFO] - 
[2024-12-31 16:40:24,013][flwr][INFO] - [ROUND 2]
[2024-12-31 16:40:24,013][flwr][INFO] - configure_fit: strategy sampled 2 clients (out of 10)
[2024-12-31 16:40:34,817][flwr][INFO] - aggregate_fit: received 2 results and 0 failures
[2024-12-31 16:40:37,393][flwr][INFO] - fit progress: (2, 183.33522367477417, {'accuracy': 0.098}, 35.47816063799837)
[2024-12-31 16:40:37,393][flwr][INFO] - configure_evaluate: strategy sampled 2 clients (out of 10)
[2024-12-31 16:40:37,874][flwr][INFO] - aggregate_evaluate: received 2 results and 0 failures
[2024-12-31 16:40:37,875][flwr][INFO] - 
[2024-12-31 16:40:37,875][flwr][INFO] - [ROUND 3]
[2024-12-31 16:40:37,875][flwr][INFO] - configure_fit: strategy sampled 2 clients (out of 10)
[2024-12-31 16:40:47,798][flwr][INFO] - aggregate_fit: received 2 results and 0 failures
[2024-12-31 16:40:50,265][flwr][INFO] - fit progress: (3, 182.65663194656372, {'accuracy': 0.1135}, 48.350664698999026)
[2024-12-31 16:40:50,266][flwr][INFO] - configure_evaluate: strategy sampled 2 clients (out of 10)
[2024-12-31 16:40:50,706][flwr][INFO] - aggregate_evaluate: received 2 results and 0 failures
[2024-12-31 16:40:50,706][flwr][INFO] - 
[2024-12-31 16:40:50,706][flwr][INFO] - [ROUND 4]
[2024-12-31 16:40:50,707][flwr][INFO] - configure_fit: strategy sampled 2 clients (out of 10)
[2024-12-31 16:41:00,021][flwr][INFO] - aggregate_fit: received 2 results and 0 failures
[2024-12-31 16:41:02,558][flwr][INFO] - fit progress: (4, 185.7941858768463, {'accuracy': 0.1032}, 60.643369858997175)
[2024-12-31 16:41:02,558][flwr][INFO] - configure_evaluate: strategy sampled 2 clients (out of 10)
[2024-12-31 16:41:03,085][flwr][INFO] - aggregate_evaluate: received 2 results and 0 failures
[2024-12-31 16:41:03,085][flwr][INFO] - 
[2024-12-31 16:41:03,085][flwr][INFO] - [ROUND 5]
[2024-12-31 16:41:03,085][flwr][INFO] - configure_fit: strategy sampled 2 clients (out of 10)
[2024-12-31 16:41:12,112][flwr][INFO] - aggregate_fit: received 2 results and 0 failures
[2024-12-31 16:41:14,563][flwr][INFO] - fit progress: (5, 185.42408847808838, {'accuracy': 0.1032}, 72.6480901640025)
[2024-12-31 16:41:14,563][flwr][INFO] - configure_evaluate: strategy sampled 2 clients (out of 10)
[2024-12-31 16:41:14,958][flwr][INFO] - aggregate_evaluate: received 2 results and 0 failures
[2024-12-31 16:41:14,959][flwr][INFO] - 
[2024-12-31 16:41:14,959][flwr][INFO] - [ROUND 6]
[2024-12-31 16:41:14,959][flwr][INFO] - configure_fit: strategy sampled 2 clients (out of 10)
[2024-12-31 16:41:22,215][flwr][INFO] - aggregate_fit: received 2 results and 0 failures
[2024-12-31 16:41:24,017][flwr][INFO] - fit progress: (6, 183.5212173461914, {'accuracy': 0.101}, 82.10186374899786)
[2024-12-31 16:41:24,017][flwr][INFO] - configure_evaluate: strategy sampled 2 clients (out of 10)
[2024-12-31 16:41:24,381][flwr][INFO] - aggregate_evaluate: received 2 results and 0 failures
[2024-12-31 16:41:24,381][flwr][INFO] - 
[2024-12-31 16:41:24,381][flwr][INFO] - [ROUND 7]
[2024-12-31 16:41:24,382][flwr][INFO] - configure_fit: strategy sampled 2 clients (out of 10)
[2024-12-31 16:41:31,100][flwr][INFO] - aggregate_fit: received 2 results and 0 failures
[2024-12-31 16:41:32,684][flwr][INFO] - fit progress: (7, 190.47751116752625, {'accuracy': 0.098}, 90.76928384900384)
[2024-12-31 16:41:32,684][flwr][INFO] - configure_evaluate: strategy sampled 2 clients (out of 10)
[2024-12-31 16:41:33,066][flwr][INFO] - aggregate_evaluate: received 2 results and 0 failures
[2024-12-31 16:41:33,066][flwr][INFO] - 
[2024-12-31 16:41:33,066][flwr][INFO] - [ROUND 8]
[2024-12-31 16:41:33,066][flwr][INFO] - configure_fit: strategy sampled 2 clients (out of 10)
[2024-12-31 16:41:39,644][flwr][INFO] - aggregate_fit: received 2 results and 0 failures
[2024-12-31 16:41:41,566][flwr][INFO] - fit progress: (8, 183.53889989852905, {'accuracy': 0.0982}, 99.65119880800194)
[2024-12-31 16:41:41,566][flwr][INFO] - configure_evaluate: strategy sampled 2 clients (out of 10)
[2024-12-31 16:41:41,964][flwr][INFO] - aggregate_evaluate: received 2 results and 0 failures
[2024-12-31 16:41:41,964][flwr][INFO] - 
[2024-12-31 16:41:41,964][flwr][INFO] - [ROUND 9]
[2024-12-31 16:41:41,964][flwr][INFO] - configure_fit: strategy sampled 2 clients (out of 10)
[2024-12-31 16:41:50,233][flwr][INFO] - aggregate_fit: received 2 results and 0 failures
[2024-12-31 16:41:51,918][flwr][INFO] - fit progress: (9, 185.8655722141266, {'accuracy': 0.101}, 110.00330682499771)
[2024-12-31 16:41:51,918][flwr][INFO] - configure_evaluate: strategy sampled 2 clients (out of 10)
[2024-12-31 16:41:52,359][flwr][INFO] - aggregate_evaluate: received 2 results and 0 failures
[2024-12-31 16:41:52,359][flwr][INFO] - 
[2024-12-31 16:41:52,359][flwr][INFO] - [ROUND 10]
[2024-12-31 16:41:52,360][flwr][INFO] - configure_fit: strategy sampled 2 clients (out of 10)
[2024-12-31 16:42:00,821][flwr][INFO] - aggregate_fit: received 2 results and 0 failures
[2024-12-31 16:42:03,009][flwr][INFO] - fit progress: (10, 182.850195646286, {'accuracy': 0.0982}, 121.09387339800014)
[2024-12-31 16:42:03,009][flwr][INFO] - configure_evaluate: strategy sampled 2 clients (out of 10)
[2024-12-31 16:42:03,485][flwr][INFO] - aggregate_evaluate: received 2 results and 0 failures
[2024-12-31 16:42:03,485][flwr][INFO] - 
[2024-12-31 16:42:03,485][flwr][INFO] - [SUMMARY]
[2024-12-31 16:42:03,485][flwr][INFO] - Run finished 10 round(s) in 121.57s
[2024-12-31 16:42:03,486][flwr][INFO] - 	History (loss, distributed):
[2024-12-31 16:42:03,486][flwr][INFO] - 		round 1: 88.6410881280899
[2024-12-31 16:42:03,486][flwr][INFO] - 		round 2: 88.11221528053284
[2024-12-31 16:42:03,486][flwr][INFO] - 		round 3: 87.79946005344391
[2024-12-31 16:42:03,486][flwr][INFO] - 		round 4: 89.9509459733963
[2024-12-31 16:42:03,486][flwr][INFO] - 		round 5: 89.85534489154816
[2024-12-31 16:42:03,486][flwr][INFO] - 		round 6: 88.3307614326477
[2024-12-31 16:42:03,486][flwr][INFO] - 		round 7: 91.3537689447403
[2024-12-31 16:42:03,486][flwr][INFO] - 		round 8: 88.52159309387207
[2024-12-31 16:42:03,486][flwr][INFO] - 		round 9: 89.05081868171692
[2024-12-31 16:42:03,486][flwr][INFO] - 		round 10: 88.01824581623077
[2024-12-31 16:42:03,486][flwr][INFO] - 	History (loss, centralized):
[2024-12-31 16:42:03,486][flwr][INFO] - 		round 0: 182.24014902114868
[2024-12-31 16:42:03,486][flwr][INFO] - 		round 1: 184.180579662323
[2024-12-31 16:42:03,487][flwr][INFO] - 		round 2: 183.33522367477417
[2024-12-31 16:42:03,487][flwr][INFO] - 		round 3: 182.65663194656372
[2024-12-31 16:42:03,487][flwr][INFO] - 		round 4: 185.7941858768463
[2024-12-31 16:42:03,487][flwr][INFO] - 		round 5: 185.42408847808838
[2024-12-31 16:42:03,487][flwr][INFO] - 		round 6: 183.5212173461914
[2024-12-31 16:42:03,487][flwr][INFO] - 		round 7: 190.47751116752625
[2024-12-31 16:42:03,487][flwr][INFO] - 		round 8: 183.53889989852905
[2024-12-31 16:42:03,487][flwr][INFO] - 		round 9: 185.8655722141266
[2024-12-31 16:42:03,487][flwr][INFO] - 		round 10: 182.850195646286
[2024-12-31 16:42:03,487][flwr][INFO] - 	History (metrics, centralized):
[2024-12-31 16:42:03,487][flwr][INFO] - 	{'accuracy': [(0, 0.0892),
[2024-12-31 16:42:03,487][flwr][INFO] - 	              (1, 0.0958),
[2024-12-31 16:42:03,487][flwr][INFO] - 	              (2, 0.098),
[2024-12-31 16:42:03,487][flwr][INFO] - 	              (3, 0.1135),
[2024-12-31 16:42:03,487][flwr][INFO] - 	              (4, 0.1032),
[2024-12-31 16:42:03,487][flwr][INFO] - 	              (5, 0.1032),
[2024-12-31 16:42:03,487][flwr][INFO] - 	              (6, 0.101),
[2024-12-31 16:42:03,487][flwr][INFO] - 	              (7, 0.098),
[2024-12-31 16:42:03,487][flwr][INFO] - 	              (8, 0.0982),
[2024-12-31 16:42:03,487][flwr][INFO] - 	              (9, 0.101),
[2024-12-31 16:42:03,488][flwr][INFO] - 	              (10, 0.0982)]}
[2024-12-31 16:42:03,488][flwr][INFO] - 
