[2025-01-07 12:53:13,095][flwr][INFO] - Starting Flower simulation, config: num_rounds=5, no round_timeout
[2025-01-07 12:53:16,676][flwr][INFO] - Flower VCE: Ray initialized with resources: {'memory': 4776082638.0, 'object_store_memory': 2388041318.0, 'node:192.168.1.11': 1.0, 'CPU': 12.0, 'node:__internal_head__': 1.0}
[2025-01-07 12:53:16,676][flwr][INFO] - Optimize your simulation with Flower VCE: https://flower.ai/docs/framework/how-to-run-simulations.html
[2025-01-07 12:53:16,676][flwr][INFO] - Flower VCE: Resources for each Virtual Client: {'num_cpus': 2, 'num_gpus': 0}
[2025-01-07 12:53:16,690][flwr][INFO] - Flower VCE: Creating VirtualClientEngineActorPool with 6 actors
[2025-01-07 12:53:16,691][flwr][INFO] - [INIT]
[2025-01-07 12:53:16,691][flwr][INFO] - Requesting initial parameters from one random client
[2025-01-07 12:53:19,583][flwr][INFO] - Received initial parameters from one random client
[2025-01-07 12:53:19,583][flwr][INFO] - Starting evaluation of initial global parameters
[2025-01-07 12:53:21,340][flwr][INFO] - initial parameters (loss, other metrics): 181.97499537467957, {'accuracy': 0.1324}
[2025-01-07 12:53:21,340][flwr][INFO] - 
[2025-01-07 12:53:21,341][flwr][INFO] - [ROUND 1]
[2025-01-07 12:53:21,341][flwr][INFO] - configure_fit: strategy sampled 2 clients (out of 5)
[2025-01-07 12:53:49,945][flwr][INFO] - aggregate_fit: received 2 results and 0 failures
[2025-01-07 12:53:49,948][flwr][WARNING] - No fit_metrics_aggregation_fn provided
[2025-01-07 12:53:51,884][flwr][INFO] - fit progress: (1, 6.337413694505813, {'accuracy': 0.9745}, 30.543196279999393)
[2025-01-07 12:53:51,884][flwr][INFO] - configure_evaluate: strategy sampled 3 clients (out of 5)
[2025-01-07 12:53:54,492][flwr][INFO] - aggregate_evaluate: received 3 results and 0 failures
[2025-01-07 12:53:54,492][flwr][WARNING] - No evaluate_metrics_aggregation_fn provided
[2025-01-07 12:53:54,493][flwr][INFO] - 
[2025-01-07 12:53:54,493][flwr][INFO] - [ROUND 2]
[2025-01-07 12:53:54,493][flwr][INFO] - configure_fit: strategy sampled 2 clients (out of 5)
[2025-01-07 12:54:21,799][flwr][INFO] - aggregate_fit: received 2 results and 0 failures
[2025-01-07 12:54:23,637][flwr][INFO] - fit progress: (2, 4.448158132061508, {'accuracy': 0.9846}, 62.29621220699846)
[2025-01-07 12:54:23,637][flwr][INFO] - configure_evaluate: strategy sampled 3 clients (out of 5)
[2025-01-07 12:54:24,430][flwr][INFO] - aggregate_evaluate: received 3 results and 0 failures
[2025-01-07 12:54:24,431][flwr][INFO] - 
[2025-01-07 12:54:24,431][flwr][INFO] - [ROUND 3]
[2025-01-07 12:54:24,431][flwr][INFO] - configure_fit: strategy sampled 2 clients (out of 5)
[2025-01-07 12:54:51,810][flwr][INFO] - aggregate_fit: received 2 results and 0 failures
[2025-01-07 12:54:53,708][flwr][INFO] - fit progress: (3, 4.039859403913795, {'accuracy': 0.9861}, 92.36710233999838)
[2025-01-07 12:54:53,708][flwr][INFO] - configure_evaluate: strategy sampled 3 clients (out of 5)
[2025-01-07 12:54:54,569][flwr][INFO] - aggregate_evaluate: received 3 results and 0 failures
[2025-01-07 12:54:54,569][flwr][INFO] - 
[2025-01-07 12:54:54,570][flwr][INFO] - [ROUND 4]
[2025-01-07 12:54:54,570][flwr][INFO] - configure_fit: strategy sampled 2 clients (out of 5)
[2025-01-07 12:55:22,188][flwr][INFO] - aggregate_fit: received 2 results and 0 failures
[2025-01-07 12:55:24,590][flwr][INFO] - fit progress: (4, 3.8058807855720715, {'accuracy': 0.9882}, 123.2495782549995)
[2025-01-07 12:55:24,590][flwr][INFO] - configure_evaluate: strategy sampled 3 clients (out of 5)
[2025-01-07 12:55:25,338][flwr][INFO] - aggregate_evaluate: received 3 results and 0 failures
[2025-01-07 12:55:25,338][flwr][INFO] - 
[2025-01-07 12:55:25,338][flwr][INFO] - [ROUND 5]
[2025-01-07 12:55:25,339][flwr][INFO] - configure_fit: strategy sampled 2 clients (out of 5)
[2025-01-07 12:55:52,873][flwr][INFO] - aggregate_fit: received 2 results and 0 failures
[2025-01-07 12:55:54,922][flwr][INFO] - fit progress: (5, 5.136447660123395, {'accuracy': 0.9836}, 153.58175749899965)
[2025-01-07 12:55:54,923][flwr][INFO] - configure_evaluate: strategy sampled 3 clients (out of 5)
[2025-01-07 12:55:55,823][flwr][INFO] - aggregate_evaluate: received 3 results and 0 failures
[2025-01-07 12:55:55,823][flwr][INFO] - 
[2025-01-07 12:55:55,823][flwr][INFO] - [SUMMARY]
[2025-01-07 12:55:55,823][flwr][INFO] - Run finished 5 round(s) in 154.48s
[2025-01-07 12:55:55,824][flwr][INFO] - 	History (loss, distributed):
[2025-01-07 12:55:55,824][flwr][INFO] - 		round 1: 6.381955682843302
[2025-01-07 12:55:55,824][flwr][INFO] - 		round 2: 4.102203342761584
[2025-01-07 12:55:55,824][flwr][INFO] - 		round 3: 4.298046121470729
[2025-01-07 12:55:55,824][flwr][INFO] - 		round 4: 4.409891759575123
[2025-01-07 12:55:55,824][flwr][INFO] - 		round 5: 6.316786402235363
[2025-01-07 12:55:55,824][flwr][INFO] - 	History (loss, centralized):
[2025-01-07 12:55:55,824][flwr][INFO] - 		round 0: 181.97499537467957
[2025-01-07 12:55:55,824][flwr][INFO] - 		round 1: 6.337413694505813
[2025-01-07 12:55:55,824][flwr][INFO] - 		round 2: 4.448158132061508
[2025-01-07 12:55:55,824][flwr][INFO] - 		round 3: 4.039859403913795
[2025-01-07 12:55:55,824][flwr][INFO] - 		round 4: 3.8058807855720715
[2025-01-07 12:55:55,824][flwr][INFO] - 		round 5: 5.136447660123395
[2025-01-07 12:55:55,824][flwr][INFO] - 	History (metrics, centralized):
[2025-01-07 12:55:55,824][flwr][INFO] - 	{'accuracy': [(0, 0.1324),
[2025-01-07 12:55:55,824][flwr][INFO] - 	              (1, 0.9745),
[2025-01-07 12:55:55,824][flwr][INFO] - 	              (2, 0.9846),
[2025-01-07 12:55:55,825][flwr][INFO] - 	              (3, 0.9861),
[2025-01-07 12:55:55,825][flwr][INFO] - 	              (4, 0.9882),
[2025-01-07 12:55:55,825][flwr][INFO] - 	              (5, 0.9836)]}
[2025-01-07 12:55:55,825][flwr][INFO] - 
