[2025-01-07 17:47:08,847][flwr][INFO] - Starting Flower simulation, config: num_rounds=10, no round_timeout
[2025-01-07 17:47:12,331][flwr][INFO] - Flower VCE: Ray initialized with resources: {'node:__internal_head__': 1.0, 'memory': 6355142247.0, 'object_store_memory': 3177571123.0, 'node:192.168.1.11': 1.0, 'CPU': 12.0}
[2025-01-07 17:47:12,331][flwr][INFO] - Optimize your simulation with Flower VCE: https://flower.ai/docs/framework/how-to-run-simulations.html
[2025-01-07 17:47:12,332][flwr][INFO] - Flower VCE: Resources for each Virtual Client: {'num_cpus': 2, 'num_gpus': 0}
[2025-01-07 17:47:12,340][flwr][INFO] - Flower VCE: Creating VirtualClientEngineActorPool with 6 actors
[2025-01-07 17:47:12,340][flwr][INFO] - [INIT]
[2025-01-07 17:47:12,340][flwr][INFO] - Requesting initial parameters from one random client
[2025-01-07 17:47:14,980][flwr][INFO] - Received initial parameters from one random client
[2025-01-07 17:47:14,980][flwr][INFO] - Starting evaluation of initial global parameters
[2025-01-07 17:47:16,156][flwr][INFO] - initial parameters (loss, other metrics): 182.24643206596375, {'accuracy': 0.1102}
[2025-01-07 17:47:16,156][flwr][INFO] - 
[2025-01-07 17:47:16,156][flwr][INFO] - [ROUND 1]
[2025-01-07 17:47:16,156][flwr][INFO] - configure_fit: strategy sampled 2 clients (out of 10)
[2025-01-07 17:47:26,540][flwr][INFO] - aggregate_fit: received 2 results and 0 failures
[2025-01-07 17:47:26,546][flwr][WARNING] - No fit_metrics_aggregation_fn provided
[2025-01-07 17:47:27,772][flwr][INFO] - fit progress: (1, 178.50223350524902, {'accuracy': 0.145}, 11.615973902000405)
[2025-01-07 17:47:27,772][flwr][INFO] - configure_evaluate: strategy sampled 3 clients (out of 10)
[2025-01-07 17:47:29,948][flwr][INFO] - aggregate_evaluate: received 3 results and 0 failures
[2025-01-07 17:47:29,948][flwr][WARNING] - No evaluate_metrics_aggregation_fn provided
[2025-01-07 17:47:29,948][flwr][INFO] - 
[2025-01-07 17:47:29,948][flwr][INFO] - [ROUND 2]
[2025-01-07 17:47:29,948][flwr][INFO] - configure_fit: strategy sampled 2 clients (out of 10)
[2025-01-07 17:47:38,348][flwr][INFO] - aggregate_fit: received 2 results and 0 failures
[2025-01-07 17:47:39,556][flwr][INFO] - fit progress: (2, 203.4347186088562, {'accuracy': 0.0964}, 23.40011021999817)
[2025-01-07 17:47:39,556][flwr][INFO] - configure_evaluate: strategy sampled 3 clients (out of 10)
[2025-01-07 17:47:40,031][flwr][INFO] - aggregate_evaluate: received 3 results and 0 failures
[2025-01-07 17:47:40,031][flwr][INFO] - 
[2025-01-07 17:47:40,031][flwr][INFO] - [ROUND 3]
[2025-01-07 17:47:40,031][flwr][INFO] - configure_fit: strategy sampled 2 clients (out of 10)
[2025-01-07 17:47:48,378][flwr][INFO] - aggregate_fit: received 2 results and 0 failures
[2025-01-07 17:47:49,940][flwr][INFO] - fit progress: (3, 170.82779574394226, {'accuracy': 0.12}, 33.784308104994125)
[2025-01-07 17:47:49,941][flwr][INFO] - configure_evaluate: strategy sampled 3 clients (out of 10)
[2025-01-07 17:47:50,386][flwr][INFO] - aggregate_evaluate: received 3 results and 0 failures
[2025-01-07 17:47:50,386][flwr][INFO] - 
[2025-01-07 17:47:50,386][flwr][INFO] - [ROUND 4]
[2025-01-07 17:47:50,386][flwr][INFO] - configure_fit: strategy sampled 2 clients (out of 10)
[2025-01-07 17:47:58,624][flwr][INFO] - aggregate_fit: received 2 results and 0 failures
[2025-01-07 17:47:59,998][flwr][INFO] - fit progress: (4, 182.11337423324585, {'accuracy': 0.0974}, 43.84166680499766)
[2025-01-07 17:47:59,998][flwr][INFO] - configure_evaluate: strategy sampled 3 clients (out of 10)
[2025-01-07 17:48:00,477][flwr][INFO] - aggregate_evaluate: received 3 results and 0 failures
[2025-01-07 17:48:00,478][flwr][INFO] - 
[2025-01-07 17:48:00,478][flwr][INFO] - [ROUND 5]
[2025-01-07 17:48:00,478][flwr][INFO] - configure_fit: strategy sampled 2 clients (out of 10)
[2025-01-07 17:48:08,804][flwr][INFO] - aggregate_fit: received 2 results and 0 failures
[2025-01-07 17:48:10,455][flwr][INFO] - fit progress: (5, 182.0833351612091, {'accuracy': 0.101}, 54.29911757099762)
[2025-01-07 17:48:10,455][flwr][INFO] - configure_evaluate: strategy sampled 3 clients (out of 10)
[2025-01-07 17:48:10,895][flwr][INFO] - aggregate_evaluate: received 3 results and 0 failures
[2025-01-07 17:48:10,895][flwr][INFO] - 
[2025-01-07 17:48:10,895][flwr][INFO] - [ROUND 6]
[2025-01-07 17:48:10,896][flwr][INFO] - configure_fit: strategy sampled 2 clients (out of 10)
[2025-01-07 17:48:18,957][flwr][INFO] - aggregate_fit: received 2 results and 0 failures
[2025-01-07 17:48:20,445][flwr][INFO] - fit progress: (6, 182.23973441123962, {'accuracy': 0.0958}, 64.28874724299385)
[2025-01-07 17:48:20,445][flwr][INFO] - configure_evaluate: strategy sampled 3 clients (out of 10)
[2025-01-07 17:48:20,907][flwr][INFO] - aggregate_evaluate: received 3 results and 0 failures
[2025-01-07 17:48:20,907][flwr][INFO] - 
[2025-01-07 17:48:20,907][flwr][INFO] - [ROUND 7]
[2025-01-07 17:48:20,907][flwr][INFO] - configure_fit: strategy sampled 2 clients (out of 10)
[2025-01-07 17:48:29,035][flwr][INFO] - aggregate_fit: received 2 results and 0 failures
[2025-01-07 17:48:30,413][flwr][INFO] - fit progress: (7, 181.93951988220215, {'accuracy': 0.1009}, 74.25703355199948)
[2025-01-07 17:48:30,413][flwr][INFO] - configure_evaluate: strategy sampled 3 clients (out of 10)
[2025-01-07 17:48:30,892][flwr][INFO] - aggregate_evaluate: received 3 results and 0 failures
[2025-01-07 17:48:30,892][flwr][INFO] - 
[2025-01-07 17:48:30,893][flwr][INFO] - [ROUND 8]
[2025-01-07 17:48:30,893][flwr][INFO] - configure_fit: strategy sampled 2 clients (out of 10)
[2025-01-07 17:48:38,981][flwr][INFO] - aggregate_fit: received 2 results and 0 failures
[2025-01-07 17:48:40,424][flwr][INFO] - fit progress: (8, 182.19172430038452, {'accuracy': 0.1135}, 84.26794878899818)
[2025-01-07 17:48:40,424][flwr][INFO] - configure_evaluate: strategy sampled 3 clients (out of 10)
[2025-01-07 17:48:40,898][flwr][INFO] - aggregate_evaluate: received 3 results and 0 failures
[2025-01-07 17:48:40,898][flwr][INFO] - 
[2025-01-07 17:48:40,899][flwr][INFO] - [ROUND 9]
[2025-01-07 17:48:40,899][flwr][INFO] - configure_fit: strategy sampled 2 clients (out of 10)
[2025-01-07 17:48:49,095][flwr][INFO] - aggregate_fit: received 2 results and 0 failures
[2025-01-07 17:48:50,485][flwr][INFO] - fit progress: (9, 182.03048133850098, {'accuracy': 0.1135}, 94.32915829199919)
[2025-01-07 17:48:50,485][flwr][INFO] - configure_evaluate: strategy sampled 3 clients (out of 10)
[2025-01-07 17:48:51,008][flwr][INFO] - aggregate_evaluate: received 3 results and 0 failures
[2025-01-07 17:48:51,009][flwr][INFO] - 
[2025-01-07 17:48:51,009][flwr][INFO] - [ROUND 10]
[2025-01-07 17:48:51,009][flwr][INFO] - configure_fit: strategy sampled 2 clients (out of 10)
[2025-01-07 17:48:59,180][flwr][INFO] - aggregate_fit: received 2 results and 0 failures
[2025-01-07 17:49:00,935][flwr][INFO] - fit progress: (10, 181.9122235774994, {'accuracy': 0.1009}, 104.7788148299951)
[2025-01-07 17:49:00,935][flwr][INFO] - configure_evaluate: strategy sampled 3 clients (out of 10)
[2025-01-07 17:49:01,395][flwr][INFO] - aggregate_evaluate: received 3 results and 0 failures
[2025-01-07 17:49:01,395][flwr][INFO] - 
[2025-01-07 17:49:01,395][flwr][INFO] - [SUMMARY]
[2025-01-07 17:49:01,395][flwr][INFO] - Run finished 10 round(s) in 105.24s
[2025-01-07 17:49:01,396][flwr][INFO] - 	History (loss, distributed):
[2025-01-07 17:49:01,396][flwr][INFO] - 		round 1: 42.824851751327515
[2025-01-07 17:49:01,396][flwr][INFO] - 		round 2: 49.03102374076843
[2025-01-07 17:49:01,396][flwr][INFO] - 		round 3: 41.520335833231606
[2025-01-07 17:49:01,396][flwr][INFO] - 		round 4: 43.852912267049156
[2025-01-07 17:49:01,396][flwr][INFO] - 		round 5: 43.737309058507286
[2025-01-07 17:49:01,396][flwr][INFO] - 		round 6: 43.84377590815226
[2025-01-07 17:49:01,396][flwr][INFO] - 		round 7: 43.686609506607056
[2025-01-07 17:49:01,396][flwr][INFO] - 		round 8: 43.85635781288147
[2025-01-07 17:49:01,396][flwr][INFO] - 		round 9: 43.918545643488564
[2025-01-07 17:49:01,396][flwr][INFO] - 		round 10: 43.79110034306844
[2025-01-07 17:49:01,396][flwr][INFO] - 	History (loss, centralized):
[2025-01-07 17:49:01,396][flwr][INFO] - 		round 0: 182.24643206596375
[2025-01-07 17:49:01,396][flwr][INFO] - 		round 1: 178.50223350524902
[2025-01-07 17:49:01,396][flwr][INFO] - 		round 2: 203.4347186088562
[2025-01-07 17:49:01,396][flwr][INFO] - 		round 3: 170.82779574394226
[2025-01-07 17:49:01,396][flwr][INFO] - 		round 4: 182.11337423324585
[2025-01-07 17:49:01,396][flwr][INFO] - 		round 5: 182.0833351612091
[2025-01-07 17:49:01,396][flwr][INFO] - 		round 6: 182.23973441123962
[2025-01-07 17:49:01,396][flwr][INFO] - 		round 7: 181.93951988220215
[2025-01-07 17:49:01,396][flwr][INFO] - 		round 8: 182.19172430038452
[2025-01-07 17:49:01,397][flwr][INFO] - 		round 9: 182.03048133850098
[2025-01-07 17:49:01,397][flwr][INFO] - 		round 10: 181.9122235774994
[2025-01-07 17:49:01,397][flwr][INFO] - 	History (metrics, centralized):
[2025-01-07 17:49:01,397][flwr][INFO] - 	{'accuracy': [(0, 0.1102),
[2025-01-07 17:49:01,397][flwr][INFO] - 	              (1, 0.145),
[2025-01-07 17:49:01,397][flwr][INFO] - 	              (2, 0.0964),
[2025-01-07 17:49:01,397][flwr][INFO] - 	              (3, 0.12),
[2025-01-07 17:49:01,397][flwr][INFO] - 	              (4, 0.0974),
[2025-01-07 17:49:01,397][flwr][INFO] - 	              (5, 0.101),
[2025-01-07 17:49:01,397][flwr][INFO] - 	              (6, 0.0958),
[2025-01-07 17:49:01,397][flwr][INFO] - 	              (7, 0.1009),
[2025-01-07 17:49:01,397][flwr][INFO] - 	              (8, 0.1135),
[2025-01-07 17:49:01,397][flwr][INFO] - 	              (9, 0.1135),
[2025-01-07 17:49:01,397][flwr][INFO] - 	              (10, 0.1009)]}
[2025-01-07 17:49:01,397][flwr][INFO] - 
