[2025-01-08 10:48:48,254][flwr][INFO] - Starting Flower simulation, config: num_rounds=15, no round_timeout
[2025-01-08 10:48:51,746][flwr][INFO] - Flower VCE: Ray initialized with resources: {'node:192.168.1.11': 1.0, 'CPU': 12.0, 'node:__internal_head__': 1.0, 'memory': 5812676199.0, 'object_store_memory': 2906338099.0}
[2025-01-08 10:48:51,746][flwr][INFO] - Optimize your simulation with Flower VCE: https://flower.ai/docs/framework/how-to-run-simulations.html
[2025-01-08 10:48:51,746][flwr][INFO] - Flower VCE: Resources for each Virtual Client: {'num_cpus': 2, 'num_gpus': 0}
[2025-01-08 10:48:51,755][flwr][INFO] - Flower VCE: Creating VirtualClientEngineActorPool with 6 actors
[2025-01-08 10:48:51,756][flwr][INFO] - [INIT]
[2025-01-08 10:48:51,756][flwr][INFO] - Requesting initial parameters from one random client
[2025-01-08 10:48:54,126][flwr][INFO] - Received initial parameters from one random client
[2025-01-08 10:48:54,126][flwr][INFO] - Starting evaluation of initial global parameters
[2025-01-08 10:48:55,579][flwr][INFO] - initial parameters (loss, other metrics): 182.17326664924622, {'accuracy': 0.094}
[2025-01-08 10:48:55,579][flwr][INFO] - 
[2025-01-08 10:48:55,579][flwr][INFO] - [ROUND 1]
[2025-01-08 10:48:55,580][flwr][INFO] - configure_fit: strategy sampled 2 clients (out of 20)
[2025-01-08 10:49:02,183][flwr][INFO] - aggregate_fit: received 2 results and 0 failures
[2025-01-08 10:49:02,186][flwr][WARNING] - No fit_metrics_aggregation_fn provided
[2025-01-08 10:49:04,077][flwr][INFO] - fit progress: (1, 174.3819239139557, {'accuracy': 0.1451}, 8.49749104300281)
[2025-01-08 10:49:04,101][flwr][INFO] - configure_evaluate: strategy sampled 3 clients (out of 20)
[2025-01-08 10:49:06,276][flwr][INFO] - aggregate_evaluate: received 3 results and 0 failures
[2025-01-08 10:49:06,276][flwr][WARNING] - No evaluate_metrics_aggregation_fn provided
[2025-01-08 10:49:06,276][flwr][INFO] - 
[2025-01-08 10:49:06,276][flwr][INFO] - [ROUND 2]
[2025-01-08 10:49:06,277][flwr][INFO] - configure_fit: strategy sampled 2 clients (out of 20)
[2025-01-08 10:49:10,433][flwr][INFO] - aggregate_fit: received 2 results and 0 failures
[2025-01-08 10:49:12,472][flwr][INFO] - fit progress: (2, 85.0420852303505, {'accuracy': 0.6751}, 16.892944567000086)
[2025-01-08 10:49:12,472][flwr][INFO] - configure_evaluate: strategy sampled 3 clients (out of 20)
[2025-01-08 10:49:12,854][flwr][INFO] - aggregate_evaluate: received 3 results and 0 failures
[2025-01-08 10:49:12,854][flwr][INFO] - 
[2025-01-08 10:49:12,854][flwr][INFO] - [ROUND 3]
[2025-01-08 10:49:12,854][flwr][INFO] - configure_fit: strategy sampled 2 clients (out of 20)
[2025-01-08 10:49:17,091][flwr][INFO] - aggregate_fit: received 2 results and 0 failures
[2025-01-08 10:49:18,463][flwr][INFO] - fit progress: (3, 181.68943572044373, {'accuracy': 0.0991}, 22.883682895000675)
[2025-01-08 10:49:18,463][flwr][INFO] - configure_evaluate: strategy sampled 3 clients (out of 20)
[2025-01-08 10:49:18,862][flwr][INFO] - aggregate_evaluate: received 3 results and 0 failures
[2025-01-08 10:49:18,862][flwr][INFO] - 
[2025-01-08 10:49:18,862][flwr][INFO] - [ROUND 4]
[2025-01-08 10:49:18,863][flwr][INFO] - configure_fit: strategy sampled 2 clients (out of 20)
[2025-01-08 10:49:23,169][flwr][INFO] - aggregate_fit: received 2 results and 0 failures
[2025-01-08 10:49:25,024][flwr][INFO] - fit progress: (4, 82.2577093243599, {'accuracy': 0.6715}, 29.44446104900271)
[2025-01-08 10:49:25,024][flwr][INFO] - configure_evaluate: strategy sampled 3 clients (out of 20)
[2025-01-08 10:49:25,378][flwr][INFO] - aggregate_evaluate: received 3 results and 0 failures
[2025-01-08 10:49:25,378][flwr][INFO] - 
[2025-01-08 10:49:25,378][flwr][INFO] - [ROUND 5]
[2025-01-08 10:49:25,379][flwr][INFO] - configure_fit: strategy sampled 2 clients (out of 20)
[2025-01-08 10:49:29,821][flwr][INFO] - aggregate_fit: received 2 results and 0 failures
[2025-01-08 10:49:31,188][flwr][INFO] - fit progress: (5, 157.04194617271423, {'accuracy': 0.2386}, 35.60910716900253)
[2025-01-08 10:49:31,189][flwr][INFO] - configure_evaluate: strategy sampled 3 clients (out of 20)
[2025-01-08 10:49:31,606][flwr][INFO] - aggregate_evaluate: received 3 results and 0 failures
[2025-01-08 10:49:31,606][flwr][INFO] - 
[2025-01-08 10:49:31,607][flwr][INFO] - [ROUND 6]
[2025-01-08 10:49:31,607][flwr][INFO] - configure_fit: strategy sampled 2 clients (out of 20)
[2025-01-08 10:49:36,303][flwr][INFO] - aggregate_fit: received 2 results and 0 failures
[2025-01-08 10:49:38,302][flwr][INFO] - fit progress: (6, 185.3416783809662, {'accuracy': 0.2199}, 42.72236577299918)
[2025-01-08 10:49:38,302][flwr][INFO] - configure_evaluate: strategy sampled 3 clients (out of 20)
[2025-01-08 10:49:38,706][flwr][INFO] - aggregate_evaluate: received 3 results and 0 failures
[2025-01-08 10:49:38,706][flwr][INFO] - 
[2025-01-08 10:49:38,707][flwr][INFO] - [ROUND 7]
[2025-01-08 10:49:38,707][flwr][INFO] - configure_fit: strategy sampled 2 clients (out of 20)
[2025-01-08 10:49:43,279][flwr][INFO] - aggregate_fit: received 2 results and 0 failures
[2025-01-08 10:49:44,812][flwr][INFO] - fit progress: (7, 181.28604316711426, {'accuracy': 0.2591}, 49.232913302003)
[2025-01-08 10:49:44,812][flwr][INFO] - configure_evaluate: strategy sampled 3 clients (out of 20)
[2025-01-08 10:49:45,221][flwr][INFO] - aggregate_evaluate: received 3 results and 0 failures
[2025-01-08 10:49:45,221][flwr][INFO] - 
[2025-01-08 10:49:45,221][flwr][INFO] - [ROUND 8]
[2025-01-08 10:49:45,222][flwr][INFO] - configure_fit: strategy sampled 2 clients (out of 20)
[2025-01-08 10:49:49,981][flwr][INFO] - aggregate_fit: received 2 results and 0 failures
[2025-01-08 10:49:51,589][flwr][INFO] - fit progress: (8, 183.90109729766846, {'accuracy': 0.0982}, 56.00954684700264)
[2025-01-08 10:49:51,589][flwr][INFO] - configure_evaluate: strategy sampled 3 clients (out of 20)
[2025-01-08 10:49:51,973][flwr][INFO] - aggregate_evaluate: received 3 results and 0 failures
[2025-01-08 10:49:51,973][flwr][INFO] - 
[2025-01-08 10:49:51,973][flwr][INFO] - [ROUND 9]
[2025-01-08 10:49:51,974][flwr][INFO] - configure_fit: strategy sampled 2 clients (out of 20)
[2025-01-08 10:49:56,260][flwr][INFO] - aggregate_fit: received 2 results and 0 failures
[2025-01-08 10:49:57,547][flwr][INFO] - fit progress: (9, 182.14219570159912, {'accuracy': 0.0974}, 61.96742222899775)
[2025-01-08 10:49:57,547][flwr][INFO] - configure_evaluate: strategy sampled 3 clients (out of 20)
[2025-01-08 10:49:57,918][flwr][INFO] - aggregate_evaluate: received 3 results and 0 failures
[2025-01-08 10:49:57,919][flwr][INFO] - 
[2025-01-08 10:49:57,919][flwr][INFO] - [ROUND 10]
[2025-01-08 10:49:57,919][flwr][INFO] - configure_fit: strategy sampled 2 clients (out of 20)
[2025-01-08 10:50:02,278][flwr][INFO] - aggregate_fit: received 2 results and 0 failures
[2025-01-08 10:50:04,334][flwr][INFO] - fit progress: (10, 182.14030289649963, {'accuracy': 0.0974}, 68.75469793999946)
[2025-01-08 10:50:04,334][flwr][INFO] - configure_evaluate: strategy sampled 3 clients (out of 20)
[2025-01-08 10:50:04,713][flwr][INFO] - aggregate_evaluate: received 3 results and 0 failures
[2025-01-08 10:50:04,713][flwr][INFO] - 
[2025-01-08 10:50:04,713][flwr][INFO] - [ROUND 11]
[2025-01-08 10:50:04,713][flwr][INFO] - configure_fit: strategy sampled 2 clients (out of 20)
[2025-01-08 10:50:09,100][flwr][INFO] - aggregate_fit: received 2 results and 0 failures
[2025-01-08 10:50:10,456][flwr][INFO] - fit progress: (11, 181.88171911239624, {'accuracy': 0.1009}, 74.87673333600105)
[2025-01-08 10:50:10,456][flwr][INFO] - configure_evaluate: strategy sampled 3 clients (out of 20)
[2025-01-08 10:50:10,883][flwr][INFO] - aggregate_evaluate: received 3 results and 0 failures
[2025-01-08 10:50:10,883][flwr][INFO] - 
[2025-01-08 10:50:10,883][flwr][INFO] - [ROUND 12]
[2025-01-08 10:50:10,883][flwr][INFO] - configure_fit: strategy sampled 2 clients (out of 20)
[2025-01-08 10:50:15,192][flwr][INFO] - aggregate_fit: received 2 results and 0 failures
[2025-01-08 10:50:16,376][flwr][INFO] - fit progress: (12, 182.16276621818542, {'accuracy': 0.1028}, 80.79663868399803)
[2025-01-08 10:50:16,376][flwr][INFO] - configure_evaluate: strategy sampled 3 clients (out of 20)
[2025-01-08 10:50:16,784][flwr][INFO] - aggregate_evaluate: received 3 results and 0 failures
[2025-01-08 10:50:16,784][flwr][INFO] - 
[2025-01-08 10:50:16,784][flwr][INFO] - [ROUND 13]
[2025-01-08 10:50:16,784][flwr][INFO] - configure_fit: strategy sampled 2 clients (out of 20)
[2025-01-08 10:50:21,762][flwr][INFO] - aggregate_fit: received 2 results and 0 failures
[2025-01-08 10:50:23,020][flwr][INFO] - fit progress: (13, 181.98372101783752, {'accuracy': 0.1135}, 87.44119765899814)
[2025-01-08 10:50:23,021][flwr][INFO] - configure_evaluate: strategy sampled 3 clients (out of 20)
[2025-01-08 10:50:23,509][flwr][INFO] - aggregate_evaluate: received 3 results and 0 failures
[2025-01-08 10:50:23,509][flwr][INFO] - 
[2025-01-08 10:50:23,509][flwr][INFO] - [ROUND 14]
[2025-01-08 10:50:23,509][flwr][INFO] - configure_fit: strategy sampled 2 clients (out of 20)
[2025-01-08 10:50:28,187][flwr][INFO] - aggregate_fit: received 2 results and 0 failures
[2025-01-08 10:50:30,334][flwr][INFO] - fit progress: (14, 181.84231305122375, {'accuracy': 0.1135}, 94.75473606699961)
[2025-01-08 10:50:30,334][flwr][INFO] - configure_evaluate: strategy sampled 3 clients (out of 20)
[2025-01-08 10:50:30,670][flwr][INFO] - aggregate_evaluate: received 3 results and 0 failures
[2025-01-08 10:50:30,671][flwr][INFO] - 
[2025-01-08 10:50:30,671][flwr][INFO] - [ROUND 15]
[2025-01-08 10:50:30,671][flwr][INFO] - configure_fit: strategy sampled 2 clients (out of 20)
[2025-01-08 10:50:35,204][flwr][INFO] - aggregate_fit: received 2 results and 0 failures
[2025-01-08 10:50:37,432][flwr][INFO] - fit progress: (15, 181.8616304397583, {'accuracy': 0.1135}, 101.85320909100119)
[2025-01-08 10:50:37,433][flwr][INFO] - configure_evaluate: strategy sampled 3 clients (out of 20)
[2025-01-08 10:50:37,792][flwr][INFO] - aggregate_evaluate: received 3 results and 0 failures
[2025-01-08 10:50:37,792][flwr][INFO] - 
[2025-01-08 10:50:37,792][flwr][INFO] - [SUMMARY]
[2025-01-08 10:50:37,793][flwr][INFO] - Run finished 15 round(s) in 102.21s
[2025-01-08 10:50:37,793][flwr][INFO] - 	History (loss, distributed):
[2025-01-08 10:50:37,793][flwr][INFO] - 		round 1: 22.300742228825886
[2025-01-08 10:50:37,793][flwr][INFO] - 		round 2: 10.44368483622869
[2025-01-08 10:50:37,793][flwr][INFO] - 		round 3: 22.971753358840942
[2025-01-08 10:50:37,793][flwr][INFO] - 		round 4: 10.937440117200216
[2025-01-08 10:50:37,793][flwr][INFO] - 		round 5: 19.796810785929363
[2025-01-08 10:50:37,793][flwr][INFO] - 		round 6: 23.071918805440266
[2025-01-08 10:50:37,793][flwr][INFO] - 		round 7: 23.520796060562134
[2025-01-08 10:50:37,793][flwr][INFO] - 		round 8: 23.25881512959798
[2025-01-08 10:50:37,793][flwr][INFO] - 		round 9: 22.996504147847492
[2025-01-08 10:50:37,793][flwr][INFO] - 		round 10: 23.099275827407837
[2025-01-08 10:50:37,793][flwr][INFO] - 		round 11: 23.00468571980794
[2025-01-08 10:50:37,793][flwr][INFO] - 		round 12: 23.03972601890564
[2025-01-08 10:50:37,793][flwr][INFO] - 		round 13: 23.120256106058758
[2025-01-08 10:50:37,793][flwr][INFO] - 		round 14: 23.063538789749146
[2025-01-08 10:50:37,793][flwr][INFO] - 		round 15: 23.05608860651652
[2025-01-08 10:50:37,793][flwr][INFO] - 	History (loss, centralized):
[2025-01-08 10:50:37,793][flwr][INFO] - 		round 0: 182.17326664924622
[2025-01-08 10:50:37,793][flwr][INFO] - 		round 1: 174.3819239139557
[2025-01-08 10:50:37,793][flwr][INFO] - 		round 2: 85.0420852303505
[2025-01-08 10:50:37,794][flwr][INFO] - 		round 3: 181.68943572044373
[2025-01-08 10:50:37,794][flwr][INFO] - 		round 4: 82.2577093243599
[2025-01-08 10:50:37,794][flwr][INFO] - 		round 5: 157.04194617271423
[2025-01-08 10:50:37,794][flwr][INFO] - 		round 6: 185.3416783809662
[2025-01-08 10:50:37,794][flwr][INFO] - 		round 7: 181.28604316711426
[2025-01-08 10:50:37,794][flwr][INFO] - 		round 8: 183.90109729766846
[2025-01-08 10:50:37,794][flwr][INFO] - 		round 9: 182.14219570159912
[2025-01-08 10:50:37,794][flwr][INFO] - 		round 10: 182.14030289649963
[2025-01-08 10:50:37,794][flwr][INFO] - 		round 11: 181.88171911239624
[2025-01-08 10:50:37,794][flwr][INFO] - 		round 12: 182.16276621818542
[2025-01-08 10:50:37,794][flwr][INFO] - 		round 13: 181.98372101783752
[2025-01-08 10:50:37,794][flwr][INFO] - 		round 14: 181.84231305122375
[2025-01-08 10:50:37,794][flwr][INFO] - 		round 15: 181.8616304397583
[2025-01-08 10:50:37,794][flwr][INFO] - 	History (metrics, centralized):
[2025-01-08 10:50:37,794][flwr][INFO] - 	{'accuracy': [(0, 0.094),
[2025-01-08 10:50:37,794][flwr][INFO] - 	              (1, 0.1451),
[2025-01-08 10:50:37,794][flwr][INFO] - 	              (2, 0.6751),
[2025-01-08 10:50:37,794][flwr][INFO] - 	              (3, 0.0991),
[2025-01-08 10:50:37,794][flwr][INFO] - 	              (4, 0.6715),
[2025-01-08 10:50:37,794][flwr][INFO] - 	              (5, 0.2386),
[2025-01-08 10:50:37,794][flwr][INFO] - 	              (6, 0.2199),
[2025-01-08 10:50:37,794][flwr][INFO] - 	              (7, 0.2591),
[2025-01-08 10:50:37,794][flwr][INFO] - 	              (8, 0.0982),
[2025-01-08 10:50:37,794][flwr][INFO] - 	              (9, 0.0974),
[2025-01-08 10:50:37,794][flwr][INFO] - 	              (10, 0.0974),
[2025-01-08 10:50:37,794][flwr][INFO] - 	              (11, 0.1009),
[2025-01-08 10:50:37,794][flwr][INFO] - 	              (12, 0.1028),
[2025-01-08 10:50:37,794][flwr][INFO] - 	              (13, 0.1135),
[2025-01-08 10:50:37,794][flwr][INFO] - 	              (14, 0.1135),
[2025-01-08 10:50:37,794][flwr][INFO] - 	              (15, 0.1135)]}
[2025-01-08 10:50:37,794][flwr][INFO] - 
