[2025-01-07 19:05:27,390][flwr][INFO] - Starting Flower simulation, config: num_rounds=15, no round_timeout
[2025-01-07 19:05:30,712][flwr][INFO] - Flower VCE: Ray initialized with resources: {'node:__internal_head__': 1.0, 'memory': 6353299047.0, 'object_store_memory': 3176649523.0, 'node:192.168.1.11': 1.0, 'CPU': 12.0}
[2025-01-07 19:05:30,712][flwr][INFO] - Optimize your simulation with Flower VCE: https://flower.ai/docs/framework/how-to-run-simulations.html
[2025-01-07 19:05:30,712][flwr][INFO] - Flower VCE: Resources for each Virtual Client: {'num_cpus': 2, 'num_gpus': 0}
[2025-01-07 19:05:30,719][flwr][INFO] - Flower VCE: Creating VirtualClientEngineActorPool with 6 actors
[2025-01-07 19:05:30,719][flwr][INFO] - [INIT]
[2025-01-07 19:05:30,719][flwr][INFO] - Requesting initial parameters from one random client
[2025-01-07 19:05:33,548][flwr][INFO] - Received initial parameters from one random client
[2025-01-07 19:05:33,548][flwr][INFO] - Starting evaluation of initial global parameters
[2025-01-07 19:05:34,795][flwr][INFO] - initial parameters (loss, other metrics): 182.44805717468262, {'accuracy': 0.0613}
[2025-01-07 19:05:34,795][flwr][INFO] - 
[2025-01-07 19:05:34,795][flwr][INFO] - [ROUND 1]
[2025-01-07 19:05:34,795][flwr][INFO] - configure_fit: strategy sampled 2 clients (out of 5)
[2025-01-07 19:05:54,348][flwr][INFO] - aggregate_fit: received 2 results and 0 failures
[2025-01-07 19:05:54,352][flwr][WARNING] - No fit_metrics_aggregation_fn provided
[2025-01-07 19:05:55,668][flwr][INFO] - fit progress: (1, 182.07181406021118, {'accuracy': 0.098}, 20.873435733003134)
[2025-01-07 19:05:55,668][flwr][INFO] - configure_evaluate: strategy sampled 2 clients (out of 5)
[2025-01-07 19:05:56,186][flwr][INFO] - aggregate_evaluate: received 2 results and 0 failures
[2025-01-07 19:05:56,186][flwr][WARNING] - No evaluate_metrics_aggregation_fn provided
[2025-01-07 19:05:56,186][flwr][INFO] - 
[2025-01-07 19:05:56,186][flwr][INFO] - [ROUND 2]
[2025-01-07 19:05:56,186][flwr][INFO] - configure_fit: strategy sampled 2 clients (out of 5)
[2025-01-07 19:06:09,975][flwr][INFO] - aggregate_fit: received 2 results and 0 failures
[2025-01-07 19:06:11,515][flwr][INFO] - fit progress: (2, 182.4048798084259, {'accuracy': 0.0982}, 36.720044540001254)
[2025-01-07 19:06:11,515][flwr][INFO] - configure_evaluate: strategy sampled 2 clients (out of 5)
[2025-01-07 19:06:12,036][flwr][INFO] - aggregate_evaluate: received 2 results and 0 failures
[2025-01-07 19:06:12,036][flwr][INFO] - 
[2025-01-07 19:06:12,037][flwr][INFO] - [ROUND 3]
[2025-01-07 19:06:12,037][flwr][INFO] - configure_fit: strategy sampled 2 clients (out of 5)
[2025-01-07 19:06:25,959][flwr][INFO] - aggregate_fit: received 2 results and 0 failures
[2025-01-07 19:06:27,161][flwr][INFO] - fit progress: (3, 182.2755880355835, {'accuracy': 0.0982}, 52.3658245359984)
[2025-01-07 19:06:27,161][flwr][INFO] - configure_evaluate: strategy sampled 2 clients (out of 5)
[2025-01-07 19:06:27,713][flwr][INFO] - aggregate_evaluate: received 2 results and 0 failures
[2025-01-07 19:06:27,713][flwr][INFO] - 
[2025-01-07 19:06:27,713][flwr][INFO] - [ROUND 4]
[2025-01-07 19:06:27,713][flwr][INFO] - configure_fit: strategy sampled 2 clients (out of 5)
[2025-01-07 19:06:41,694][flwr][INFO] - aggregate_fit: received 2 results and 0 failures
[2025-01-07 19:06:42,938][flwr][INFO] - fit progress: (4, 182.19069075584412, {'accuracy': 0.1135}, 68.1427777400022)
[2025-01-07 19:06:42,938][flwr][INFO] - configure_evaluate: strategy sampled 2 clients (out of 5)
[2025-01-07 19:06:43,493][flwr][INFO] - aggregate_evaluate: received 2 results and 0 failures
[2025-01-07 19:06:43,493][flwr][INFO] - 
[2025-01-07 19:06:43,493][flwr][INFO] - [ROUND 5]
[2025-01-07 19:06:43,493][flwr][INFO] - configure_fit: strategy sampled 2 clients (out of 5)
[2025-01-07 19:06:57,239][flwr][INFO] - aggregate_fit: received 2 results and 0 failures
[2025-01-07 19:06:58,777][flwr][INFO] - fit progress: (5, 182.3869650363922, {'accuracy': 0.0982}, 83.98249236200354)
[2025-01-07 19:06:58,778][flwr][INFO] - configure_evaluate: strategy sampled 2 clients (out of 5)
[2025-01-07 19:06:59,315][flwr][INFO] - aggregate_evaluate: received 2 results and 0 failures
[2025-01-07 19:06:59,315][flwr][INFO] - 
[2025-01-07 19:06:59,315][flwr][INFO] - [ROUND 6]
[2025-01-07 19:06:59,316][flwr][INFO] - configure_fit: strategy sampled 2 clients (out of 5)
[2025-01-07 19:07:13,271][flwr][INFO] - aggregate_fit: received 2 results and 0 failures
[2025-01-07 19:07:14,651][flwr][INFO] - fit progress: (6, 182.8224697113037, {'accuracy': 0.0892}, 99.85611848800181)
[2025-01-07 19:07:14,651][flwr][INFO] - configure_evaluate: strategy sampled 2 clients (out of 5)
[2025-01-07 19:07:15,170][flwr][INFO] - aggregate_evaluate: received 2 results and 0 failures
[2025-01-07 19:07:15,170][flwr][INFO] - 
[2025-01-07 19:07:15,170][flwr][INFO] - [ROUND 7]
[2025-01-07 19:07:15,171][flwr][INFO] - configure_fit: strategy sampled 2 clients (out of 5)
[2025-01-07 19:07:29,145][flwr][INFO] - aggregate_fit: received 2 results and 0 failures
[2025-01-07 19:07:31,089][flwr][INFO] - fit progress: (7, 182.2117302417755, {'accuracy': 0.1009}, 116.29454251900461)
[2025-01-07 19:07:31,090][flwr][INFO] - configure_evaluate: strategy sampled 2 clients (out of 5)
[2025-01-07 19:07:31,567][flwr][INFO] - aggregate_evaluate: received 2 results and 0 failures
[2025-01-07 19:07:31,568][flwr][INFO] - 
[2025-01-07 19:07:31,568][flwr][INFO] - [ROUND 8]
[2025-01-07 19:07:31,568][flwr][INFO] - configure_fit: strategy sampled 2 clients (out of 5)
[2025-01-07 19:07:45,345][flwr][INFO] - aggregate_fit: received 2 results and 0 failures
[2025-01-07 19:07:46,979][flwr][INFO] - fit progress: (8, 182.60494828224182, {'accuracy': 0.1028}, 132.18374408900127)
[2025-01-07 19:07:46,979][flwr][INFO] - configure_evaluate: strategy sampled 2 clients (out of 5)
[2025-01-07 19:07:47,503][flwr][INFO] - aggregate_evaluate: received 2 results and 0 failures
[2025-01-07 19:07:47,503][flwr][INFO] - 
[2025-01-07 19:07:47,503][flwr][INFO] - [ROUND 9]
[2025-01-07 19:07:47,504][flwr][INFO] - configure_fit: strategy sampled 2 clients (out of 5)
[2025-01-07 19:08:02,175][flwr][INFO] - aggregate_fit: received 2 results and 0 failures
[2025-01-07 19:08:03,610][flwr][INFO] - fit progress: (9, 182.6717746257782, {'accuracy': 0.098}, 148.8150172759997)
[2025-01-07 19:08:03,610][flwr][INFO] - configure_evaluate: strategy sampled 2 clients (out of 5)
[2025-01-07 19:08:04,161][flwr][INFO] - aggregate_evaluate: received 2 results and 0 failures
[2025-01-07 19:08:04,161][flwr][INFO] - 
[2025-01-07 19:08:04,161][flwr][INFO] - [ROUND 10]
[2025-01-07 19:08:04,161][flwr][INFO] - configure_fit: strategy sampled 2 clients (out of 5)
[2025-01-07 19:08:18,320][flwr][INFO] - aggregate_fit: received 2 results and 0 failures
[2025-01-07 19:08:19,598][flwr][INFO] - fit progress: (10, 182.22827100753784, {'accuracy': 0.1135}, 164.8030840249994)
[2025-01-07 19:08:19,598][flwr][INFO] - configure_evaluate: strategy sampled 2 clients (out of 5)
[2025-01-07 19:08:20,144][flwr][INFO] - aggregate_evaluate: received 2 results and 0 failures
[2025-01-07 19:08:20,144][flwr][INFO] - 
[2025-01-07 19:08:20,144][flwr][INFO] - [ROUND 11]
[2025-01-07 19:08:20,145][flwr][INFO] - configure_fit: strategy sampled 2 clients (out of 5)
[2025-01-07 19:08:34,036][flwr][INFO] - aggregate_fit: received 2 results and 0 failures
[2025-01-07 19:08:35,598][flwr][INFO] - fit progress: (11, 182.4710168838501, {'accuracy': 0.101}, 180.80280421600037)
[2025-01-07 19:08:35,598][flwr][INFO] - configure_evaluate: strategy sampled 2 clients (out of 5)
[2025-01-07 19:08:36,118][flwr][INFO] - aggregate_evaluate: received 2 results and 0 failures
[2025-01-07 19:08:36,118][flwr][INFO] - 
[2025-01-07 19:08:36,118][flwr][INFO] - [ROUND 12]
[2025-01-07 19:08:36,118][flwr][INFO] - configure_fit: strategy sampled 2 clients (out of 5)
[2025-01-07 19:08:49,894][flwr][INFO] - aggregate_fit: received 2 results and 0 failures
[2025-01-07 19:08:51,305][flwr][INFO] - fit progress: (12, 182.27885961532593, {'accuracy': 0.1135}, 196.50976904300478)
[2025-01-07 19:08:51,305][flwr][INFO] - configure_evaluate: strategy sampled 2 clients (out of 5)
[2025-01-07 19:08:51,830][flwr][INFO] - aggregate_evaluate: received 2 results and 0 failures
[2025-01-07 19:08:51,831][flwr][INFO] - 
[2025-01-07 19:08:51,831][flwr][INFO] - [ROUND 13]
[2025-01-07 19:08:51,831][flwr][INFO] - configure_fit: strategy sampled 2 clients (out of 5)
[2025-01-07 19:09:05,620][flwr][INFO] - aggregate_fit: received 2 results and 0 failures
[2025-01-07 19:09:06,922][flwr][INFO] - fit progress: (13, 182.7846221923828, {'accuracy': 0.1032}, 212.12674825900467)
[2025-01-07 19:09:06,922][flwr][INFO] - configure_evaluate: strategy sampled 2 clients (out of 5)
[2025-01-07 19:09:07,489][flwr][INFO] - aggregate_evaluate: received 2 results and 0 failures
[2025-01-07 19:09:07,490][flwr][INFO] - 
[2025-01-07 19:09:07,490][flwr][INFO] - [ROUND 14]
[2025-01-07 19:09:07,490][flwr][INFO] - configure_fit: strategy sampled 2 clients (out of 5)
[2025-01-07 19:09:21,257][flwr][INFO] - aggregate_fit: received 2 results and 0 failures
[2025-01-07 19:09:22,568][flwr][INFO] - fit progress: (14, 182.25031781196594, {'accuracy': 0.1135}, 227.77328231099818)
[2025-01-07 19:09:22,568][flwr][INFO] - configure_evaluate: strategy sampled 2 clients (out of 5)
[2025-01-07 19:09:23,128][flwr][INFO] - aggregate_evaluate: received 2 results and 0 failures
[2025-01-07 19:09:23,128][flwr][INFO] - 
[2025-01-07 19:09:23,128][flwr][INFO] - [ROUND 15]
[2025-01-07 19:09:23,128][flwr][INFO] - configure_fit: strategy sampled 2 clients (out of 5)
[2025-01-07 19:09:36,912][flwr][INFO] - aggregate_fit: received 2 results and 0 failures
[2025-01-07 19:09:38,258][flwr][INFO] - fit progress: (15, 182.86698603630066, {'accuracy': 0.1028}, 243.46320805900177)
[2025-01-07 19:09:38,258][flwr][INFO] - configure_evaluate: strategy sampled 2 clients (out of 5)
[2025-01-07 19:09:38,804][flwr][INFO] - aggregate_evaluate: received 2 results and 0 failures
[2025-01-07 19:09:38,805][flwr][INFO] - 
[2025-01-07 19:09:38,805][flwr][INFO] - [SUMMARY]
[2025-01-07 19:09:38,805][flwr][INFO] - Run finished 15 round(s) in 244.01s
[2025-01-07 19:09:38,805][flwr][INFO] - 	History (loss, distributed):
[2025-01-07 19:09:38,805][flwr][INFO] - 		round 1: 172.93274772167206
[2025-01-07 19:09:38,805][flwr][INFO] - 		round 2: 173.10432696342468
[2025-01-07 19:09:38,805][flwr][INFO] - 		round 3: 173.45220124721527
[2025-01-07 19:09:38,805][flwr][INFO] - 		round 4: 173.12209403514862
[2025-01-07 19:09:38,805][flwr][INFO] - 		round 5: 173.28507840633392
[2025-01-07 19:09:38,806][flwr][INFO] - 		round 6: 173.85578393936157
[2025-01-07 19:09:38,806][flwr][INFO] - 		round 7: 172.96468353271484
[2025-01-07 19:09:38,806][flwr][INFO] - 		round 8: 173.1193995475769
[2025-01-07 19:09:38,806][flwr][INFO] - 		round 9: 173.34591901302338
[2025-01-07 19:09:38,806][flwr][INFO] - 		round 10: 173.1893733739853
[2025-01-07 19:09:38,806][flwr][INFO] - 		round 11: 173.14860272407532
[2025-01-07 19:09:38,806][flwr][INFO] - 		round 12: 173.10269975662231
[2025-01-07 19:09:38,806][flwr][INFO] - 		round 13: 173.72053349018097
[2025-01-07 19:09:38,806][flwr][INFO] - 		round 14: 172.77911162376404
[2025-01-07 19:09:38,806][flwr][INFO] - 		round 15: 173.59348440170288
[2025-01-07 19:09:38,806][flwr][INFO] - 	History (loss, centralized):
[2025-01-07 19:09:38,806][flwr][INFO] - 		round 0: 182.44805717468262
[2025-01-07 19:09:38,806][flwr][INFO] - 		round 1: 182.07181406021118
[2025-01-07 19:09:38,806][flwr][INFO] - 		round 2: 182.4048798084259
[2025-01-07 19:09:38,806][flwr][INFO] - 		round 3: 182.2755880355835
[2025-01-07 19:09:38,806][flwr][INFO] - 		round 4: 182.19069075584412
[2025-01-07 19:09:38,806][flwr][INFO] - 		round 5: 182.3869650363922
[2025-01-07 19:09:38,806][flwr][INFO] - 		round 6: 182.8224697113037
[2025-01-07 19:09:38,806][flwr][INFO] - 		round 7: 182.2117302417755
[2025-01-07 19:09:38,806][flwr][INFO] - 		round 8: 182.60494828224182
[2025-01-07 19:09:38,806][flwr][INFO] - 		round 9: 182.6717746257782
[2025-01-07 19:09:38,806][flwr][INFO] - 		round 10: 182.22827100753784
[2025-01-07 19:09:38,807][flwr][INFO] - 		round 11: 182.4710168838501
[2025-01-07 19:09:38,807][flwr][INFO] - 		round 12: 182.27885961532593
[2025-01-07 19:09:38,807][flwr][INFO] - 		round 13: 182.7846221923828
[2025-01-07 19:09:38,807][flwr][INFO] - 		round 14: 182.25031781196594
[2025-01-07 19:09:38,807][flwr][INFO] - 		round 15: 182.86698603630066
[2025-01-07 19:09:38,807][flwr][INFO] - 	History (metrics, centralized):
[2025-01-07 19:09:38,807][flwr][INFO] - 	{'accuracy': [(0, 0.0613),
[2025-01-07 19:09:38,807][flwr][INFO] - 	              (1, 0.098),
[2025-01-07 19:09:38,807][flwr][INFO] - 	              (2, 0.0982),
[2025-01-07 19:09:38,807][flwr][INFO] - 	              (3, 0.0982),
[2025-01-07 19:09:38,807][flwr][INFO] - 	              (4, 0.1135),
[2025-01-07 19:09:38,807][flwr][INFO] - 	              (5, 0.0982),
[2025-01-07 19:09:38,807][flwr][INFO] - 	              (6, 0.0892),
[2025-01-07 19:09:38,807][flwr][INFO] - 	              (7, 0.1009),
[2025-01-07 19:09:38,807][flwr][INFO] - 	              (8, 0.1028),
[2025-01-07 19:09:38,807][flwr][INFO] - 	              (9, 0.098),
[2025-01-07 19:09:38,807][flwr][INFO] - 	              (10, 0.1135),
[2025-01-07 19:09:38,807][flwr][INFO] - 	              (11, 0.101),
[2025-01-07 19:09:38,807][flwr][INFO] - 	              (12, 0.1135),
[2025-01-07 19:09:38,807][flwr][INFO] - 	              (13, 0.1032),
[2025-01-07 19:09:38,807][flwr][INFO] - 	              (14, 0.1135),
[2025-01-07 19:09:38,807][flwr][INFO] - 	              (15, 0.1028)]}
[2025-01-07 19:09:38,808][flwr][INFO] - 
