[2024-12-30 23:20:13,695][flwr][INFO] - Starting Flower simulation, config: num_rounds=10, no round_timeout
[2024-12-30 23:20:17,187][flwr][INFO] - Flower VCE: Ray initialized with resources: {'object_store_memory': 3005378150.0, 'memory': 6010756302.0, 'node:__internal_head__': 1.0, 'CPU': 12.0, 'node:192.168.1.11': 1.0}
[2024-12-30 23:20:17,187][flwr][INFO] - Optimize your simulation with Flower VCE: https://flower.ai/docs/framework/how-to-run-simulations.html
[2024-12-30 23:20:17,187][flwr][INFO] - Flower VCE: Resources for each Virtual Client: {'num_cpus': 2, 'num_gpus': 0}
[2024-12-30 23:20:17,198][flwr][INFO] - Flower VCE: Creating VirtualClientEngineActorPool with 6 actors
[2024-12-30 23:20:17,198][flwr][INFO] - [INIT]
[2024-12-30 23:20:17,198][flwr][INFO] - Using initial global parameters provided by strategy
[2024-12-30 23:20:17,199][flwr][INFO] - Starting evaluation of initial global parameters
[2024-12-30 23:20:19,761][flwr][INFO] - initial parameters (loss, other metrics): 182.3438687324524, {'accuracy': 0.0784}
[2024-12-30 23:20:19,761][flwr][INFO] - 
[2024-12-30 23:20:19,761][flwr][INFO] - [ROUND 1]
[2024-12-30 23:20:19,761][flwr][INFO] - configure_fit: strategy sampled 2 clients (out of 10)
[2024-12-30 23:20:27,795][flwr][INFO] - aggregate_fit: received 2 results and 0 failures
[2024-12-30 23:20:27,800][flwr][WARNING] - No fit_metrics_aggregation_fn provided
[2024-12-30 23:20:29,194][flwr][INFO] - fit progress: (1, 8.386826541740447, {'accuracy': 0.9662}, 9.432754004999879)
[2024-12-30 23:20:29,194][flwr][INFO] - configure_evaluate: strategy sampled 2 clients (out of 10)
[2024-12-30 23:20:29,623][flwr][INFO] - aggregate_evaluate: received 2 results and 0 failures
[2024-12-30 23:20:29,623][flwr][WARNING] - No evaluate_metrics_aggregation_fn provided
[2024-12-30 23:20:29,623][flwr][INFO] - 
[2024-12-30 23:20:29,623][flwr][INFO] - [ROUND 2]
[2024-12-30 23:20:29,624][flwr][INFO] - configure_fit: strategy sampled 2 clients (out of 10)
[2024-12-30 23:20:35,160][flwr][INFO] - aggregate_fit: received 2 results and 0 failures
[2024-12-30 23:20:36,875][flwr][INFO] - fit progress: (2, 5.27250838879263, {'accuracy': 0.9787}, 17.1138668709973)
[2024-12-30 23:20:36,875][flwr][INFO] - configure_evaluate: strategy sampled 2 clients (out of 10)
[2024-12-30 23:20:37,250][flwr][INFO] - aggregate_evaluate: received 2 results and 0 failures
[2024-12-30 23:20:37,250][flwr][INFO] - 
[2024-12-30 23:20:37,250][flwr][INFO] - [ROUND 3]
[2024-12-30 23:20:37,251][flwr][INFO] - configure_fit: strategy sampled 2 clients (out of 10)
[2024-12-30 23:20:42,685][flwr][INFO] - aggregate_fit: received 2 results and 0 failures
[2024-12-30 23:20:44,501][flwr][INFO] - fit progress: (3, 5.209718428581255, {'accuracy': 0.9794}, 24.73978891599836)
[2024-12-30 23:20:44,501][flwr][INFO] - configure_evaluate: strategy sampled 2 clients (out of 10)
[2024-12-30 23:20:44,863][flwr][INFO] - aggregate_evaluate: received 2 results and 0 failures
[2024-12-30 23:20:44,864][flwr][INFO] - 
[2024-12-30 23:20:44,864][flwr][INFO] - [ROUND 4]
[2024-12-30 23:20:44,864][flwr][INFO] - configure_fit: strategy sampled 2 clients (out of 10)
[2024-12-30 23:20:50,381][flwr][INFO] - aggregate_fit: received 2 results and 0 failures
[2024-12-30 23:20:52,244][flwr][INFO] - fit progress: (4, 4.6583244845496665, {'accuracy': 0.9826}, 32.48333365399958)
[2024-12-30 23:20:52,245][flwr][INFO] - configure_evaluate: strategy sampled 2 clients (out of 10)
[2024-12-30 23:20:52,612][flwr][INFO] - aggregate_evaluate: received 2 results and 0 failures
[2024-12-30 23:20:52,612][flwr][INFO] - 
[2024-12-30 23:20:52,612][flwr][INFO] - [ROUND 5]
[2024-12-30 23:20:52,612][flwr][INFO] - configure_fit: strategy sampled 2 clients (out of 10)
[2024-12-30 23:20:58,230][flwr][INFO] - aggregate_fit: received 2 results and 0 failures
[2024-12-30 23:20:59,791][flwr][INFO] - fit progress: (5, 4.222627987233864, {'accuracy': 0.9847}, 40.02993890399739)
[2024-12-30 23:20:59,791][flwr][INFO] - configure_evaluate: strategy sampled 2 clients (out of 10)
[2024-12-30 23:21:00,224][flwr][INFO] - aggregate_evaluate: received 2 results and 0 failures
[2024-12-30 23:21:00,225][flwr][INFO] - 
[2024-12-30 23:21:00,225][flwr][INFO] - [ROUND 6]
[2024-12-30 23:21:00,225][flwr][INFO] - configure_fit: strategy sampled 2 clients (out of 10)
[2024-12-30 23:21:05,822][flwr][INFO] - aggregate_fit: received 2 results and 0 failures
[2024-12-30 23:21:07,243][flwr][INFO] - fit progress: (6, 3.9251555773116706, {'accuracy': 0.9846}, 47.48232241000005)
[2024-12-30 23:21:07,244][flwr][INFO] - configure_evaluate: strategy sampled 2 clients (out of 10)
[2024-12-30 23:21:07,699][flwr][INFO] - aggregate_evaluate: received 2 results and 0 failures
[2024-12-30 23:21:07,699][flwr][INFO] - 
[2024-12-30 23:21:07,699][flwr][INFO] - [ROUND 7]
[2024-12-30 23:21:07,699][flwr][INFO] - configure_fit: strategy sampled 2 clients (out of 10)
[2024-12-30 23:21:13,199][flwr][INFO] - aggregate_fit: received 2 results and 0 failures
[2024-12-30 23:21:14,958][flwr][INFO] - fit progress: (7, 3.5578370004895987, {'accuracy': 0.9872}, 55.197103159996914)
[2024-12-30 23:21:14,958][flwr][INFO] - configure_evaluate: strategy sampled 2 clients (out of 10)
[2024-12-30 23:21:15,380][flwr][INFO] - aggregate_evaluate: received 2 results and 0 failures
[2024-12-30 23:21:15,380][flwr][INFO] - 
[2024-12-30 23:21:15,380][flwr][INFO] - [ROUND 8]
[2024-12-30 23:21:15,381][flwr][INFO] - configure_fit: strategy sampled 2 clients (out of 10)
[2024-12-30 23:21:20,875][flwr][INFO] - aggregate_fit: received 2 results and 0 failures
[2024-12-30 23:21:22,618][flwr][INFO] - fit progress: (8, 3.271990695709519, {'accuracy': 0.9876}, 62.85706062600002)
[2024-12-30 23:21:22,618][flwr][INFO] - configure_evaluate: strategy sampled 2 clients (out of 10)
[2024-12-30 23:21:22,994][flwr][INFO] - aggregate_evaluate: received 2 results and 0 failures
[2024-12-30 23:21:22,994][flwr][INFO] - 
[2024-12-30 23:21:22,994][flwr][INFO] - [ROUND 9]
[2024-12-30 23:21:22,994][flwr][INFO] - configure_fit: strategy sampled 2 clients (out of 10)
[2024-12-30 23:21:28,480][flwr][INFO] - aggregate_fit: received 2 results and 0 failures
[2024-12-30 23:21:30,326][flwr][INFO] - fit progress: (9, 3.062598293834526, {'accuracy': 0.9884}, 70.56514599599905)
[2024-12-30 23:21:30,327][flwr][INFO] - configure_evaluate: strategy sampled 2 clients (out of 10)
[2024-12-30 23:21:30,722][flwr][INFO] - aggregate_evaluate: received 2 results and 0 failures
[2024-12-30 23:21:30,722][flwr][INFO] - 
[2024-12-30 23:21:30,722][flwr][INFO] - [ROUND 10]
[2024-12-30 23:21:30,722][flwr][INFO] - configure_fit: strategy sampled 2 clients (out of 10)
[2024-12-30 23:21:36,276][flwr][INFO] - aggregate_fit: received 2 results and 0 failures
[2024-12-30 23:21:37,991][flwr][INFO] - fit progress: (10, 2.7652007472283913, {'accuracy': 0.9901}, 78.23036510499878)
[2024-12-30 23:21:37,992][flwr][INFO] - configure_evaluate: strategy sampled 2 clients (out of 10)
[2024-12-30 23:21:38,398][flwr][INFO] - aggregate_evaluate: received 2 results and 0 failures
[2024-12-30 23:21:38,398][flwr][INFO] - 
[2024-12-30 23:21:38,398][flwr][INFO] - [SUMMARY]
[2024-12-30 23:21:38,398][flwr][INFO] - Run finished 10 round(s) in 78.64s
[2024-12-30 23:21:38,399][flwr][INFO] - 	History (loss, distributed):
[2024-12-30 23:21:38,399][flwr][INFO] - 		round 1: 2.1324034300632775
[2024-12-30 23:21:38,399][flwr][INFO] - 		round 2: 1.8064925892977044
[2024-12-30 23:21:38,399][flwr][INFO] - 		round 3: 1.5634839259582805
[2024-12-30 23:21:38,399][flwr][INFO] - 		round 4: 1.509307586675277
[2024-12-30 23:21:38,399][flwr][INFO] - 		round 5: 1.2421268549151137
[2024-12-30 23:21:38,399][flwr][INFO] - 		round 6: 0.7199233348528651
[2024-12-30 23:21:38,399][flwr][INFO] - 		round 7: 0.5528469984365074
[2024-12-30 23:21:38,399][flwr][INFO] - 		round 8: 1.6336703997731092
[2024-12-30 23:21:38,400][flwr][INFO] - 		round 9: 1.2429261091674562
[2024-12-30 23:21:38,400][flwr][INFO] - 		round 10: 1.0406682637803897
[2024-12-30 23:21:38,400][flwr][INFO] - 	History (loss, centralized):
[2024-12-30 23:21:38,400][flwr][INFO] - 		round 0: 182.3438687324524
[2024-12-30 23:21:38,400][flwr][INFO] - 		round 1: 8.386826541740447
[2024-12-30 23:21:38,400][flwr][INFO] - 		round 2: 5.27250838879263
[2024-12-30 23:21:38,400][flwr][INFO] - 		round 3: 5.209718428581255
[2024-12-30 23:21:38,400][flwr][INFO] - 		round 4: 4.6583244845496665
[2024-12-30 23:21:38,400][flwr][INFO] - 		round 5: 4.222627987233864
[2024-12-30 23:21:38,400][flwr][INFO] - 		round 6: 3.9251555773116706
[2024-12-30 23:21:38,400][flwr][INFO] - 		round 7: 3.5578370004895987
[2024-12-30 23:21:38,401][flwr][INFO] - 		round 8: 3.271990695709519
[2024-12-30 23:21:38,401][flwr][INFO] - 		round 9: 3.062598293834526
[2024-12-30 23:21:38,401][flwr][INFO] - 		round 10: 2.7652007472283913
[2024-12-30 23:21:38,401][flwr][INFO] - 	History (metrics, centralized):
[2024-12-30 23:21:38,401][flwr][INFO] - 	{'accuracy': [(0, 0.0784),
[2024-12-30 23:21:38,401][flwr][INFO] - 	              (1, 0.9662),
[2024-12-30 23:21:38,401][flwr][INFO] - 	              (2, 0.9787),
[2024-12-30 23:21:38,401][flwr][INFO] - 	              (3, 0.9794),
[2024-12-30 23:21:38,401][flwr][INFO] - 	              (4, 0.9826),
[2024-12-30 23:21:38,401][flwr][INFO] - 	              (5, 0.9847),
[2024-12-30 23:21:38,401][flwr][INFO] - 	              (6, 0.9846),
[2024-12-30 23:21:38,401][flwr][INFO] - 	              (7, 0.9872),
[2024-12-30 23:21:38,401][flwr][INFO] - 	              (8, 0.9876),
[2024-12-30 23:21:38,401][flwr][INFO] - 	              (9, 0.9884),
[2024-12-30 23:21:38,401][flwr][INFO] - 	              (10, 0.9901)]}
[2024-12-30 23:21:38,401][flwr][INFO] - 
