[2024-12-30 22:39:42,699][flwr][INFO] - Starting Flower simulation, config: num_rounds=10, no round_timeout
[2024-12-30 22:39:46,240][flwr][INFO] - Flower VCE: Ray initialized with resources: {'CPU': 12.0, 'node:192.168.1.11': 1.0, 'node:__internal_head__': 1.0, 'memory': 5160375092.0, 'object_store_memory': 2580187545.0}
[2024-12-30 22:39:46,240][flwr][INFO] - Optimize your simulation with Flower VCE: https://flower.ai/docs/framework/how-to-run-simulations.html
[2024-12-30 22:39:46,240][flwr][INFO] - Flower VCE: Resources for each Virtual Client: {'num_cpus': 2, 'num_gpus': 0}
[2024-12-30 22:39:46,251][flwr][INFO] - Flower VCE: Creating VirtualClientEngineActorPool with 6 actors
[2024-12-30 22:39:46,252][flwr][INFO] - [INIT]
[2024-12-30 22:39:46,252][flwr][INFO] - Using initial global parameters provided by strategy
[2024-12-30 22:39:46,252][flwr][INFO] - Starting evaluation of initial global parameters
[2024-12-30 22:39:48,273][flwr][INFO] - initial parameters (loss, other metrics): 181.9221727848053, {'accuracy': 0.0919}
[2024-12-30 22:39:48,273][flwr][INFO] - 
[2024-12-30 22:39:48,274][flwr][INFO] - [ROUND 1]
[2024-12-30 22:39:48,274][flwr][INFO] - configure_fit: strategy sampled 2 clients (out of 10)
[2024-12-30 22:39:57,059][flwr][INFO] - aggregate_fit: received 2 results and 0 failures
[2024-12-30 22:39:57,066][flwr][WARNING] - No fit_metrics_aggregation_fn provided
[2024-12-30 22:39:58,436][flwr][INFO] - fit progress: (1, 8.94713829876855, {'accuracy': 0.9633}, 10.16210104899801)
[2024-12-30 22:39:58,436][flwr][INFO] - configure_evaluate: strategy sampled 2 clients (out of 10)
[2024-12-30 22:39:58,818][flwr][INFO] - aggregate_evaluate: received 2 results and 0 failures
[2024-12-30 22:39:58,818][flwr][WARNING] - No evaluate_metrics_aggregation_fn provided
[2024-12-30 22:39:58,818][flwr][INFO] - 
[2024-12-30 22:39:58,818][flwr][INFO] - [ROUND 2]
[2024-12-30 22:39:58,818][flwr][INFO] - configure_fit: strategy sampled 2 clients (out of 10)
[2024-12-30 22:40:05,524][flwr][INFO] - aggregate_fit: received 2 results and 0 failures
[2024-12-30 22:40:06,735][flwr][INFO] - fit progress: (2, 8.408616359112784, {'accuracy': 0.9704}, 18.462004984998202)
[2024-12-30 22:40:06,736][flwr][INFO] - configure_evaluate: strategy sampled 2 clients (out of 10)
[2024-12-30 22:40:07,130][flwr][INFO] - aggregate_evaluate: received 2 results and 0 failures
[2024-12-30 22:40:07,130][flwr][INFO] - 
[2024-12-30 22:40:07,130][flwr][INFO] - [ROUND 3]
[2024-12-30 22:40:07,130][flwr][INFO] - configure_fit: strategy sampled 2 clients (out of 10)
[2024-12-30 22:40:13,838][flwr][INFO] - aggregate_fit: received 2 results and 0 failures
[2024-12-30 22:40:15,144][flwr][INFO] - fit progress: (3, 6.848561711929506, {'accuracy': 0.9744}, 26.870377079998434)
[2024-12-30 22:40:15,144][flwr][INFO] - configure_evaluate: strategy sampled 2 clients (out of 10)
[2024-12-30 22:40:15,536][flwr][INFO] - aggregate_evaluate: received 2 results and 0 failures
[2024-12-30 22:40:15,536][flwr][INFO] - 
[2024-12-30 22:40:15,537][flwr][INFO] - [ROUND 4]
[2024-12-30 22:40:15,537][flwr][INFO] - configure_fit: strategy sampled 2 clients (out of 10)
[2024-12-30 22:40:22,255][flwr][INFO] - aggregate_fit: received 2 results and 0 failures
[2024-12-30 22:40:23,968][flwr][INFO] - fit progress: (4, 23.83728342561517, {'accuracy': 0.9377}, 35.69437745899995)
[2024-12-30 22:40:23,968][flwr][INFO] - configure_evaluate: strategy sampled 2 clients (out of 10)
[2024-12-30 22:40:24,309][flwr][INFO] - aggregate_evaluate: received 2 results and 0 failures
[2024-12-30 22:40:24,309][flwr][INFO] - 
[2024-12-30 22:40:24,309][flwr][INFO] - [ROUND 5]
[2024-12-30 22:40:24,309][flwr][INFO] - configure_fit: strategy sampled 2 clients (out of 10)
[2024-12-30 22:40:30,949][flwr][INFO] - aggregate_fit: received 2 results and 0 failures
[2024-12-30 22:40:32,288][flwr][INFO] - fit progress: (5, 6.112463932411629, {'accuracy': 0.9789}, 44.01431501899788)
[2024-12-30 22:40:32,288][flwr][INFO] - configure_evaluate: strategy sampled 2 clients (out of 10)
[2024-12-30 22:40:32,658][flwr][INFO] - aggregate_evaluate: received 2 results and 0 failures
[2024-12-30 22:40:32,659][flwr][INFO] - 
[2024-12-30 22:40:32,659][flwr][INFO] - [ROUND 6]
[2024-12-30 22:40:32,659][flwr][INFO] - configure_fit: strategy sampled 2 clients (out of 10)
[2024-12-30 22:40:39,381][flwr][INFO] - aggregate_fit: received 2 results and 0 failures
[2024-12-30 22:40:40,747][flwr][INFO] - fit progress: (6, 7.636312319067656, {'accuracy': 0.9737}, 52.473977869998635)
[2024-12-30 22:40:40,748][flwr][INFO] - configure_evaluate: strategy sampled 2 clients (out of 10)
[2024-12-30 22:40:41,142][flwr][INFO] - aggregate_evaluate: received 2 results and 0 failures
[2024-12-30 22:40:41,142][flwr][INFO] - 
[2024-12-30 22:40:41,142][flwr][INFO] - [ROUND 7]
[2024-12-30 22:40:41,142][flwr][INFO] - configure_fit: strategy sampled 2 clients (out of 10)
[2024-12-30 22:40:47,932][flwr][INFO] - aggregate_fit: received 2 results and 0 failures
[2024-12-30 22:40:49,500][flwr][INFO] - fit progress: (7, 5.756508761333862, {'accuracy': 0.9813}, 61.22610527899815)
[2024-12-30 22:40:49,500][flwr][INFO] - configure_evaluate: strategy sampled 2 clients (out of 10)
[2024-12-30 22:40:49,878][flwr][INFO] - aggregate_evaluate: received 2 results and 0 failures
[2024-12-30 22:40:49,878][flwr][INFO] - 
[2024-12-30 22:40:49,878][flwr][INFO] - [ROUND 8]
[2024-12-30 22:40:49,879][flwr][INFO] - configure_fit: strategy sampled 2 clients (out of 10)
[2024-12-30 22:40:56,596][flwr][INFO] - aggregate_fit: received 2 results and 0 failures
[2024-12-30 22:40:57,844][flwr][INFO] - fit progress: (8, 5.489940184563693, {'accuracy': 0.9805}, 69.57098867199966)
[2024-12-30 22:40:57,845][flwr][INFO] - configure_evaluate: strategy sampled 2 clients (out of 10)
[2024-12-30 22:40:58,254][flwr][INFO] - aggregate_evaluate: received 2 results and 0 failures
[2024-12-30 22:40:58,254][flwr][INFO] - 
[2024-12-30 22:40:58,254][flwr][INFO] - [ROUND 9]
[2024-12-30 22:40:58,254][flwr][INFO] - configure_fit: strategy sampled 2 clients (out of 10)
[2024-12-30 22:41:05,164][flwr][INFO] - aggregate_fit: received 2 results and 0 failures
[2024-12-30 22:41:06,469][flwr][INFO] - fit progress: (9, 6.0510679339386115, {'accuracy': 0.9806}, 78.19571211799848)
[2024-12-30 22:41:06,470][flwr][INFO] - configure_evaluate: strategy sampled 2 clients (out of 10)
[2024-12-30 22:41:06,863][flwr][INFO] - aggregate_evaluate: received 2 results and 0 failures
[2024-12-30 22:41:06,863][flwr][INFO] - 
[2024-12-30 22:41:06,863][flwr][INFO] - [ROUND 10]
[2024-12-30 22:41:06,864][flwr][INFO] - configure_fit: strategy sampled 2 clients (out of 10)
[2024-12-30 22:41:13,623][flwr][INFO] - aggregate_fit: received 2 results and 0 failures
[2024-12-30 22:41:15,105][flwr][INFO] - fit progress: (10, 4.707798913220984, {'accuracy': 0.9863}, 86.83162205699773)
[2024-12-30 22:41:15,105][flwr][INFO] - configure_evaluate: strategy sampled 2 clients (out of 10)
[2024-12-30 22:41:15,590][flwr][INFO] - aggregate_evaluate: received 2 results and 0 failures
[2024-12-30 22:41:15,590][flwr][INFO] - 
[2024-12-30 22:41:15,590][flwr][INFO] - [SUMMARY]
[2024-12-30 22:41:15,590][flwr][INFO] - Run finished 10 round(s) in 87.32s
[2024-12-30 22:41:15,590][flwr][INFO] - 	History (loss, distributed):
[2024-12-30 22:41:15,591][flwr][INFO] - 		round 1: 5.423139141872525
[2024-12-30 22:41:15,591][flwr][INFO] - 		round 2: 5.720491446487358
[2024-12-30 22:41:15,591][flwr][INFO] - 		round 3: 3.605124780719052
[2024-12-30 22:41:15,591][flwr][INFO] - 		round 4: 12.591378360390081
[2024-12-30 22:41:15,591][flwr][INFO] - 		round 5: 4.0510869858226215
[2024-12-30 22:41:15,591][flwr][INFO] - 		round 6: 4.746101407028618
[2024-12-30 22:41:15,591][flwr][INFO] - 		round 7: 3.275174159204653
[2024-12-30 22:41:15,591][flwr][INFO] - 		round 8: 3.331981668272647
[2024-12-30 22:41:15,591][flwr][INFO] - 		round 9: 4.031564498318403
[2024-12-30 22:41:15,591][flwr][INFO] - 		round 10: 2.5902927497924395
[2024-12-30 22:41:15,591][flwr][INFO] - 	History (loss, centralized):
[2024-12-30 22:41:15,591][flwr][INFO] - 		round 0: 181.9221727848053
[2024-12-30 22:41:15,591][flwr][INFO] - 		round 1: 8.94713829876855
[2024-12-30 22:41:15,592][flwr][INFO] - 		round 2: 8.408616359112784
[2024-12-30 22:41:15,592][flwr][INFO] - 		round 3: 6.848561711929506
[2024-12-30 22:41:15,592][flwr][INFO] - 		round 4: 23.83728342561517
[2024-12-30 22:41:15,592][flwr][INFO] - 		round 5: 6.112463932411629
[2024-12-30 22:41:15,592][flwr][INFO] - 		round 6: 7.636312319067656
[2024-12-30 22:41:15,592][flwr][INFO] - 		round 7: 5.756508761333862
[2024-12-30 22:41:15,592][flwr][INFO] - 		round 8: 5.489940184563693
[2024-12-30 22:41:15,592][flwr][INFO] - 		round 9: 6.0510679339386115
[2024-12-30 22:41:15,592][flwr][INFO] - 		round 10: 4.707798913220984
[2024-12-30 22:41:15,592][flwr][INFO] - 	History (metrics, centralized):
[2024-12-30 22:41:15,592][flwr][INFO] - 	{'accuracy': [(0, 0.0919),
[2024-12-30 22:41:15,592][flwr][INFO] - 	              (1, 0.9633),
[2024-12-30 22:41:15,592][flwr][INFO] - 	              (2, 0.9704),
[2024-12-30 22:41:15,592][flwr][INFO] - 	              (3, 0.9744),
[2024-12-30 22:41:15,592][flwr][INFO] - 	              (4, 0.9377),
[2024-12-30 22:41:15,592][flwr][INFO] - 	              (5, 0.9789),
[2024-12-30 22:41:15,592][flwr][INFO] - 	              (6, 0.9737),
[2024-12-30 22:41:15,593][flwr][INFO] - 	              (7, 0.9813),
[2024-12-30 22:41:15,593][flwr][INFO] - 	              (8, 0.9805),
[2024-12-30 22:41:15,593][flwr][INFO] - 	              (9, 0.9806),
[2024-12-30 22:41:15,593][flwr][INFO] - 	              (10, 0.9863)]}
[2024-12-30 22:41:15,593][flwr][INFO] - 
