[2025-01-07 23:14:43,454][flwr][INFO] - Starting Flower simulation, config: num_rounds=15, no round_timeout
[2025-01-07 23:14:47,075][flwr][INFO] - Flower VCE: Ray initialized with resources: {'memory': 6242294171.0, 'object_store_memory': 3121147084.0, 'node:192.168.1.11': 1.0, 'CPU': 12.0, 'node:__internal_head__': 1.0}
[2025-01-07 23:14:47,076][flwr][INFO] - Optimize your simulation with Flower VCE: https://flower.ai/docs/framework/how-to-run-simulations.html
[2025-01-07 23:14:47,076][flwr][INFO] - Flower VCE: Resources for each Virtual Client: {'num_cpus': 2, 'num_gpus': 0}
[2025-01-07 23:14:47,090][flwr][INFO] - Flower VCE: Creating VirtualClientEngineActorPool with 6 actors
[2025-01-07 23:14:47,096][flwr][INFO] - [INIT]
[2025-01-07 23:14:47,096][flwr][INFO] - Requesting initial parameters from one random client
[2025-01-07 23:14:49,386][flwr][INFO] - Received initial parameters from one random client
[2025-01-07 23:14:49,386][flwr][INFO] - Starting evaluation of initial global parameters
[2025-01-07 23:14:50,498][flwr][INFO] - initial parameters (loss, other metrics): 182.42051887512207, {'accuracy': 0.0662}
[2025-01-07 23:14:50,498][flwr][INFO] - 
[2025-01-07 23:14:50,498][flwr][INFO] - [ROUND 1]
[2025-01-07 23:14:50,499][flwr][INFO] - configure_fit: strategy sampled 2 clients (out of 20)
[2025-01-07 23:14:56,368][flwr][INFO] - aggregate_fit: received 2 results and 0 failures
[2025-01-07 23:14:56,371][flwr][WARNING] - No fit_metrics_aggregation_fn provided
[2025-01-07 23:14:57,629][flwr][INFO] - fit progress: (1, 184.968896150589, {'accuracy': 0.1024}, 7.130831171001773)
[2025-01-07 23:14:57,629][flwr][INFO] - configure_evaluate: strategy sampled 2 clients (out of 20)
[2025-01-07 23:14:57,954][flwr][INFO] - aggregate_evaluate: received 2 results and 0 failures
[2025-01-07 23:14:57,954][flwr][WARNING] - No evaluate_metrics_aggregation_fn provided
[2025-01-07 23:14:57,954][flwr][INFO] - 
[2025-01-07 23:14:57,954][flwr][INFO] - [ROUND 2]
[2025-01-07 23:14:57,954][flwr][INFO] - configure_fit: strategy sampled 2 clients (out of 20)
[2025-01-07 23:15:01,725][flwr][INFO] - aggregate_fit: received 2 results and 0 failures
[2025-01-07 23:15:02,915][flwr][INFO] - fit progress: (2, 119.15597677230835, {'accuracy': 0.4998}, 12.416585341998143)
[2025-01-07 23:15:02,915][flwr][INFO] - configure_evaluate: strategy sampled 2 clients (out of 20)
[2025-01-07 23:15:03,253][flwr][INFO] - aggregate_evaluate: received 2 results and 0 failures
[2025-01-07 23:15:03,253][flwr][INFO] - 
[2025-01-07 23:15:03,253][flwr][INFO] - [ROUND 3]
[2025-01-07 23:15:03,253][flwr][INFO] - configure_fit: strategy sampled 2 clients (out of 20)
[2025-01-07 23:15:07,007][flwr][INFO] - aggregate_fit: received 2 results and 0 failures
[2025-01-07 23:15:08,298][flwr][INFO] - fit progress: (3, 181.04614114761353, {'accuracy': 0.123}, 17.80016876100126)
[2025-01-07 23:15:08,299][flwr][INFO] - configure_evaluate: strategy sampled 2 clients (out of 20)
[2025-01-07 23:15:08,644][flwr][INFO] - aggregate_evaluate: received 2 results and 0 failures
[2025-01-07 23:15:08,644][flwr][INFO] - 
[2025-01-07 23:15:08,644][flwr][INFO] - [ROUND 4]
[2025-01-07 23:15:08,644][flwr][INFO] - configure_fit: strategy sampled 2 clients (out of 20)
[2025-01-07 23:15:12,216][flwr][INFO] - aggregate_fit: received 2 results and 0 failures
[2025-01-07 23:15:13,641][flwr][INFO] - fit progress: (4, 72.9783146083355, {'accuracy': 0.7864}, 23.142953328999283)
[2025-01-07 23:15:13,641][flwr][INFO] - configure_evaluate: strategy sampled 2 clients (out of 20)
[2025-01-07 23:15:13,984][flwr][INFO] - aggregate_evaluate: received 2 results and 0 failures
[2025-01-07 23:15:13,984][flwr][INFO] - 
[2025-01-07 23:15:13,984][flwr][INFO] - [ROUND 5]
[2025-01-07 23:15:13,984][flwr][INFO] - configure_fit: strategy sampled 2 clients (out of 20)
[2025-01-07 23:15:17,770][flwr][INFO] - aggregate_fit: received 2 results and 0 failures
[2025-01-07 23:15:18,998][flwr][INFO] - fit progress: (5, 55.631081610918045, {'accuracy': 0.8322}, 28.500141353004437)
[2025-01-07 23:15:18,999][flwr][INFO] - configure_evaluate: strategy sampled 2 clients (out of 20)
[2025-01-07 23:15:19,327][flwr][INFO] - aggregate_evaluate: received 2 results and 0 failures
[2025-01-07 23:15:19,327][flwr][INFO] - 
[2025-01-07 23:15:19,328][flwr][INFO] - [ROUND 6]
[2025-01-07 23:15:19,328][flwr][INFO] - configure_fit: strategy sampled 2 clients (out of 20)
[2025-01-07 23:15:23,095][flwr][INFO] - aggregate_fit: received 2 results and 0 failures
[2025-01-07 23:15:24,615][flwr][INFO] - fit progress: (6, 78.55522567033768, {'accuracy': 0.7461}, 34.11631115699856)
[2025-01-07 23:15:24,615][flwr][INFO] - configure_evaluate: strategy sampled 2 clients (out of 20)
[2025-01-07 23:15:24,916][flwr][INFO] - aggregate_evaluate: received 2 results and 0 failures
[2025-01-07 23:15:24,916][flwr][INFO] - 
[2025-01-07 23:15:24,916][flwr][INFO] - [ROUND 7]
[2025-01-07 23:15:24,916][flwr][INFO] - configure_fit: strategy sampled 2 clients (out of 20)
[2025-01-07 23:15:28,663][flwr][INFO] - aggregate_fit: received 2 results and 0 failures
[2025-01-07 23:15:30,048][flwr][INFO] - fit progress: (7, 80.94845968484879, {'accuracy': 0.7311}, 39.54951744199934)
[2025-01-07 23:15:30,048][flwr][INFO] - configure_evaluate: strategy sampled 2 clients (out of 20)
[2025-01-07 23:15:30,355][flwr][INFO] - aggregate_evaluate: received 2 results and 0 failures
[2025-01-07 23:15:30,355][flwr][INFO] - 
[2025-01-07 23:15:30,355][flwr][INFO] - [ROUND 8]
[2025-01-07 23:15:30,355][flwr][INFO] - configure_fit: strategy sampled 2 clients (out of 20)
[2025-01-07 23:15:34,210][flwr][INFO] - aggregate_fit: received 2 results and 0 failures
[2025-01-07 23:15:35,956][flwr][INFO] - fit progress: (8, 81.69302183389664, {'accuracy': 0.6793}, 45.45798865699908)
[2025-01-07 23:15:35,957][flwr][INFO] - configure_evaluate: strategy sampled 2 clients (out of 20)
[2025-01-07 23:15:36,270][flwr][INFO] - aggregate_evaluate: received 2 results and 0 failures
[2025-01-07 23:15:36,270][flwr][INFO] - 
[2025-01-07 23:15:36,270][flwr][INFO] - [ROUND 9]
[2025-01-07 23:15:36,271][flwr][INFO] - configure_fit: strategy sampled 2 clients (out of 20)
[2025-01-07 23:15:40,465][flwr][INFO] - aggregate_fit: received 2 results and 0 failures
[2025-01-07 23:15:41,850][flwr][INFO] - fit progress: (9, 238.25617742538452, {'accuracy': 0.0974}, 51.35147462600435)
[2025-01-07 23:15:41,850][flwr][INFO] - configure_evaluate: strategy sampled 2 clients (out of 20)
[2025-01-07 23:15:42,213][flwr][INFO] - aggregate_evaluate: received 2 results and 0 failures
[2025-01-07 23:15:42,214][flwr][INFO] - 
[2025-01-07 23:15:42,214][flwr][INFO] - [ROUND 10]
[2025-01-07 23:15:42,214][flwr][INFO] - configure_fit: strategy sampled 2 clients (out of 20)
[2025-01-07 23:15:46,370][flwr][INFO] - aggregate_fit: received 2 results and 0 failures
[2025-01-07 23:15:48,373][flwr][INFO] - fit progress: (10, 182.35855221748352, {'accuracy': 0.1028}, 57.874589457002)
[2025-01-07 23:15:48,373][flwr][INFO] - configure_evaluate: strategy sampled 2 clients (out of 20)
[2025-01-07 23:15:48,668][flwr][INFO] - aggregate_evaluate: received 2 results and 0 failures
[2025-01-07 23:15:48,668][flwr][INFO] - 
[2025-01-07 23:15:48,668][flwr][INFO] - [ROUND 11]
[2025-01-07 23:15:48,669][flwr][INFO] - configure_fit: strategy sampled 2 clients (out of 20)
[2025-01-07 23:15:53,024][flwr][INFO] - aggregate_fit: received 2 results and 0 failures
[2025-01-07 23:15:54,836][flwr][INFO] - fit progress: (11, 182.0474874973297, {'accuracy': 0.1135}, 64.3374728810013)
[2025-01-07 23:15:54,836][flwr][INFO] - configure_evaluate: strategy sampled 2 clients (out of 20)
[2025-01-08 10:03:20,091][flwr][INFO] - aggregate_evaluate: received 2 results and 0 failures
[2025-01-08 10:03:20,092][flwr][INFO] - 
[2025-01-08 10:03:20,092][flwr][INFO] - [ROUND 12]
[2025-01-08 10:03:20,092][flwr][INFO] - configure_fit: strategy sampled 2 clients (out of 20)
[2025-01-08 10:03:23,344][flwr][INFO] - aggregate_fit: received 2 results and 0 failures
[2025-01-08 10:03:25,862][flwr][INFO] - fit progress: (12, 182.16295957565308, {'accuracy': 0.1032}, 183.32695611000236)
[2025-01-08 10:03:25,862][flwr][INFO] - configure_evaluate: strategy sampled 2 clients (out of 20)
[2025-01-08 10:03:26,209][flwr][INFO] - aggregate_evaluate: received 2 results and 0 failures
[2025-01-08 10:03:26,209][flwr][INFO] - 
[2025-01-08 10:03:26,209][flwr][INFO] - [ROUND 13]
[2025-01-08 10:03:26,210][flwr][INFO] - configure_fit: strategy sampled 2 clients (out of 20)
[2025-01-08 10:03:29,581][flwr][INFO] - aggregate_fit: received 2 results and 0 failures
[2025-01-08 10:03:31,673][flwr][INFO] - fit progress: (13, 182.17950582504272, {'accuracy': 0.1135}, 189.13834890100406)
[2025-01-08 10:03:31,674][flwr][INFO] - configure_evaluate: strategy sampled 2 clients (out of 20)
[2025-01-08 10:03:32,005][flwr][INFO] - aggregate_evaluate: received 2 results and 0 failures
[2025-01-08 10:03:32,006][flwr][INFO] - 
[2025-01-08 10:03:32,006][flwr][INFO] - [ROUND 14]
[2025-01-08 10:03:32,006][flwr][INFO] - configure_fit: strategy sampled 2 clients (out of 20)
[2025-01-08 10:03:35,277][flwr][INFO] - aggregate_fit: received 2 results and 0 failures
[2025-01-08 10:03:37,604][flwr][INFO] - fit progress: (14, 182.02694654464722, {'accuracy': 0.1028}, 195.06896152300033)
[2025-01-08 10:03:37,604][flwr][INFO] - configure_evaluate: strategy sampled 2 clients (out of 20)
[2025-01-08 10:03:37,894][flwr][INFO] - aggregate_evaluate: received 2 results and 0 failures
[2025-01-08 10:03:37,895][flwr][INFO] - 
[2025-01-08 10:03:37,895][flwr][INFO] - [ROUND 15]
[2025-01-08 10:03:37,895][flwr][INFO] - configure_fit: strategy sampled 2 clients (out of 20)
[2025-01-08 10:03:41,027][flwr][INFO] - aggregate_fit: received 2 results and 0 failures
[2025-01-08 10:03:42,347][flwr][INFO] - fit progress: (15, 182.0839831829071, {'accuracy': 0.0982}, 199.81216932900134)
[2025-01-08 10:03:42,348][flwr][INFO] - configure_evaluate: strategy sampled 2 clients (out of 20)
[2025-01-08 10:03:42,637][flwr][INFO] - aggregate_evaluate: received 2 results and 0 failures
[2025-01-08 10:03:42,637][flwr][INFO] - 
[2025-01-08 10:03:42,637][flwr][INFO] - [SUMMARY]
[2025-01-08 10:03:42,638][flwr][INFO] - Run finished 15 round(s) in 200.10s
[2025-01-08 10:03:42,638][flwr][INFO] - 	History (loss, distributed):
[2025-01-08 10:03:42,638][flwr][INFO] - 		round 1: 44.722060322761536
[2025-01-08 10:03:42,638][flwr][INFO] - 		round 2: 28.60769084095955
[2025-01-08 10:03:42,638][flwr][INFO] - 		round 3: 43.57675737142563
[2025-01-08 10:03:42,638][flwr][INFO] - 		round 4: 18.673519045114517
[2025-01-08 10:03:42,638][flwr][INFO] - 		round 5: 13.380841135978699
[2025-01-08 10:03:42,638][flwr][INFO] - 		round 6: 18.162560656666756
[2025-01-08 10:03:42,638][flwr][INFO] - 		round 7: 18.426697939634323
[2025-01-08 10:03:42,638][flwr][INFO] - 		round 8: 18.52555802464485
[2025-01-08 10:03:42,638][flwr][INFO] - 		round 9: 59.945375204086304
[2025-01-08 10:03:42,638][flwr][INFO] - 		round 10: 44.20195472240448
[2025-01-08 10:03:42,638][flwr][INFO] - 		round 11: 43.730847239494324
[2025-01-08 10:03:42,638][flwr][INFO] - 		round 12: 43.93252789974213
[2025-01-08 10:03:42,638][flwr][INFO] - 		round 13: 43.725430965423584
[2025-01-08 10:03:42,638][flwr][INFO] - 		round 14: 43.75120389461517
[2025-01-08 10:03:42,638][flwr][INFO] - 		round 15: 43.86872613430023
[2025-01-08 10:03:42,638][flwr][INFO] - 	History (loss, centralized):
[2025-01-08 10:03:42,638][flwr][INFO] - 		round 0: 182.42051887512207
[2025-01-08 10:03:42,638][flwr][INFO] - 		round 1: 184.968896150589
[2025-01-08 10:03:42,638][flwr][INFO] - 		round 2: 119.15597677230835
[2025-01-08 10:03:42,638][flwr][INFO] - 		round 3: 181.04614114761353
[2025-01-08 10:03:42,638][flwr][INFO] - 		round 4: 72.9783146083355
[2025-01-08 10:03:42,638][flwr][INFO] - 		round 5: 55.631081610918045
[2025-01-08 10:03:42,638][flwr][INFO] - 		round 6: 78.55522567033768
[2025-01-08 10:03:42,638][flwr][INFO] - 		round 7: 80.94845968484879
[2025-01-08 10:03:42,638][flwr][INFO] - 		round 8: 81.69302183389664
[2025-01-08 10:03:42,638][flwr][INFO] - 		round 9: 238.25617742538452
[2025-01-08 10:03:42,638][flwr][INFO] - 		round 10: 182.35855221748352
[2025-01-08 10:03:42,639][flwr][INFO] - 		round 11: 182.0474874973297
[2025-01-08 10:03:42,639][flwr][INFO] - 		round 12: 182.16295957565308
[2025-01-08 10:03:42,639][flwr][INFO] - 		round 13: 182.17950582504272
[2025-01-08 10:03:42,639][flwr][INFO] - 		round 14: 182.02694654464722
[2025-01-08 10:03:42,639][flwr][INFO] - 		round 15: 182.0839831829071
[2025-01-08 10:03:42,639][flwr][INFO] - 	History (metrics, centralized):
[2025-01-08 10:03:42,639][flwr][INFO] - 	{'accuracy': [(0, 0.0662),
[2025-01-08 10:03:42,639][flwr][INFO] - 	              (1, 0.1024),
[2025-01-08 10:03:42,639][flwr][INFO] - 	              (2, 0.4998),
[2025-01-08 10:03:42,639][flwr][INFO] - 	              (3, 0.123),
[2025-01-08 10:03:42,639][flwr][INFO] - 	              (4, 0.7864),
[2025-01-08 10:03:42,639][flwr][INFO] - 	              (5, 0.8322),
[2025-01-08 10:03:42,639][flwr][INFO] - 	              (6, 0.7461),
[2025-01-08 10:03:42,639][flwr][INFO] - 	              (7, 0.7311),
[2025-01-08 10:03:42,639][flwr][INFO] - 	              (8, 0.6793),
[2025-01-08 10:03:42,639][flwr][INFO] - 	              (9, 0.0974),
[2025-01-08 10:03:42,639][flwr][INFO] - 	              (10, 0.1028),
[2025-01-08 10:03:42,639][flwr][INFO] - 	              (11, 0.1135),
[2025-01-08 10:03:42,639][flwr][INFO] - 	              (12, 0.1032),
[2025-01-08 10:03:42,639][flwr][INFO] - 	              (13, 0.1135),
[2025-01-08 10:03:42,639][flwr][INFO] - 	              (14, 0.1028),
[2025-01-08 10:03:42,639][flwr][INFO] - 	              (15, 0.0982)]}
[2025-01-08 10:03:42,639][flwr][INFO] - 
