[2025-01-07 17:49:01,614][flwr][INFO] - Starting Flower simulation, config: num_rounds=10, no round_timeout
[2025-01-07 17:49:05,043][flwr][INFO] - Flower VCE: Ray initialized with resources: {'CPU': 12.0, 'node:192.168.1.11': 1.0, 'node:__internal_head__': 1.0, 'memory': 6305039156.0, 'object_store_memory': 3152519577.0}
[2025-01-07 17:49:05,044][flwr][INFO] - Optimize your simulation with Flower VCE: https://flower.ai/docs/framework/how-to-run-simulations.html
[2025-01-07 17:49:05,044][flwr][INFO] - Flower VCE: Resources for each Virtual Client: {'num_cpus': 2, 'num_gpus': 0}
[2025-01-07 17:49:05,049][flwr][INFO] - Flower VCE: Creating VirtualClientEngineActorPool with 6 actors
[2025-01-07 17:49:05,050][flwr][INFO] - [INIT]
[2025-01-07 17:49:05,050][flwr][INFO] - Requesting initial parameters from one random client
[2025-01-07 17:49:07,723][flwr][INFO] - Received initial parameters from one random client
[2025-01-07 17:49:07,723][flwr][INFO] - Starting evaluation of initial global parameters
[2025-01-07 17:49:09,249][flwr][INFO] - initial parameters (loss, other metrics): 181.69760966300964, {'accuracy': 0.1137}
[2025-01-07 17:49:09,250][flwr][INFO] - 
[2025-01-07 17:49:09,250][flwr][INFO] - [ROUND 1]
[2025-01-07 17:49:09,250][flwr][INFO] - configure_fit: strategy sampled 2 clients (out of 10)
[2025-01-07 17:49:16,749][flwr][INFO] - aggregate_fit: received 2 results and 0 failures
[2025-01-07 17:49:16,755][flwr][WARNING] - No fit_metrics_aggregation_fn provided
[2025-01-07 17:49:18,204][flwr][INFO] - fit progress: (1, 9.396708046551794, {'accuracy': 0.9629}, 8.954187907998858)
[2025-01-07 17:49:18,204][flwr][INFO] - configure_evaluate: strategy sampled 5 clients (out of 10)
[2025-01-07 17:49:22,038][flwr][INFO] - aggregate_evaluate: received 5 results and 0 failures
[2025-01-07 17:49:22,039][flwr][WARNING] - No evaluate_metrics_aggregation_fn provided
[2025-01-07 17:49:22,039][flwr][INFO] - 
[2025-01-07 17:49:22,039][flwr][INFO] - [ROUND 2]
[2025-01-07 17:49:22,039][flwr][INFO] - configure_fit: strategy sampled 2 clients (out of 10)
[2025-01-07 17:49:26,957][flwr][INFO] - aggregate_fit: received 2 results and 0 failures
[2025-01-07 17:49:28,425][flwr][INFO] - fit progress: (2, 6.369275673408993, {'accuracy': 0.9745}, 19.175428867005394)
[2025-01-07 17:49:28,425][flwr][INFO] - configure_evaluate: strategy sampled 5 clients (out of 10)
[2025-01-07 17:49:29,135][flwr][INFO] - aggregate_evaluate: received 5 results and 0 failures
[2025-01-07 17:49:29,135][flwr][INFO] - 
[2025-01-07 17:49:29,136][flwr][INFO] - [ROUND 3]
[2025-01-07 17:49:29,136][flwr][INFO] - configure_fit: strategy sampled 2 clients (out of 10)
[2025-01-07 17:49:34,375][flwr][INFO] - aggregate_fit: received 2 results and 0 failures
[2025-01-07 17:49:36,151][flwr][INFO] - fit progress: (3, 4.792497943970375, {'accuracy': 0.9807}, 26.90133656800026)
[2025-01-07 17:49:36,151][flwr][INFO] - configure_evaluate: strategy sampled 5 clients (out of 10)
[2025-01-07 17:49:36,821][flwr][INFO] - aggregate_evaluate: received 5 results and 0 failures
[2025-01-07 17:49:36,822][flwr][INFO] - 
[2025-01-07 17:49:36,822][flwr][INFO] - [ROUND 4]
[2025-01-07 17:49:36,822][flwr][INFO] - configure_fit: strategy sampled 2 clients (out of 10)
[2025-01-07 17:49:41,921][flwr][INFO] - aggregate_fit: received 2 results and 0 failures
[2025-01-07 17:49:43,102][flwr][INFO] - fit progress: (4, 4.750574568839511, {'accuracy': 0.9809}, 33.852820530002646)
[2025-01-07 17:49:43,103][flwr][INFO] - configure_evaluate: strategy sampled 5 clients (out of 10)
[2025-01-07 17:49:43,822][flwr][INFO] - aggregate_evaluate: received 5 results and 0 failures
[2025-01-07 17:49:43,823][flwr][INFO] - 
[2025-01-07 17:49:43,823][flwr][INFO] - [ROUND 5]
[2025-01-07 17:49:43,823][flwr][INFO] - configure_fit: strategy sampled 2 clients (out of 10)
[2025-01-07 17:49:48,920][flwr][INFO] - aggregate_fit: received 2 results and 0 failures
[2025-01-07 17:49:50,172][flwr][INFO] - fit progress: (5, 3.769143338498907, {'accuracy': 0.9859}, 40.92211684400536)
[2025-01-07 17:49:50,172][flwr][INFO] - configure_evaluate: strategy sampled 5 clients (out of 10)
[2025-01-07 17:49:50,891][flwr][INFO] - aggregate_evaluate: received 5 results and 0 failures
[2025-01-07 17:49:50,892][flwr][INFO] - 
[2025-01-07 17:49:50,892][flwr][INFO] - [ROUND 6]
[2025-01-07 17:49:50,892][flwr][INFO] - configure_fit: strategy sampled 2 clients (out of 10)
[2025-01-07 17:49:56,020][flwr][INFO] - aggregate_fit: received 2 results and 0 failures
[2025-01-07 17:49:57,479][flwr][INFO] - fit progress: (6, 4.126796134121832, {'accuracy': 0.9851}, 48.229199901004904)
[2025-01-07 17:49:57,479][flwr][INFO] - configure_evaluate: strategy sampled 5 clients (out of 10)
[2025-01-07 17:49:58,193][flwr][INFO] - aggregate_evaluate: received 5 results and 0 failures
[2025-01-07 17:49:58,193][flwr][INFO] - 
[2025-01-07 17:49:58,193][flwr][INFO] - [ROUND 7]
[2025-01-07 17:49:58,194][flwr][INFO] - configure_fit: strategy sampled 2 clients (out of 10)
[2025-01-07 17:50:03,272][flwr][INFO] - aggregate_fit: received 2 results and 0 failures
[2025-01-07 17:50:04,779][flwr][INFO] - fit progress: (7, 4.020247523230864, {'accuracy': 0.9849}, 55.52931439000531)
[2025-01-07 17:50:04,779][flwr][INFO] - configure_evaluate: strategy sampled 5 clients (out of 10)
[2025-01-07 17:50:05,530][flwr][INFO] - aggregate_evaluate: received 5 results and 0 failures
[2025-01-07 17:50:05,531][flwr][INFO] - 
[2025-01-07 17:50:05,531][flwr][INFO] - [ROUND 8]
[2025-01-07 17:50:05,531][flwr][INFO] - configure_fit: strategy sampled 2 clients (out of 10)
[2025-01-07 17:50:10,731][flwr][INFO] - aggregate_fit: received 2 results and 0 failures
[2025-01-07 17:50:12,218][flwr][INFO] - fit progress: (8, 3.1962330234887304, {'accuracy': 0.9883}, 62.96798147899972)
[2025-01-07 17:50:12,218][flwr][INFO] - configure_evaluate: strategy sampled 5 clients (out of 10)
[2025-01-07 17:50:12,923][flwr][INFO] - aggregate_evaluate: received 5 results and 0 failures
[2025-01-07 17:50:12,923][flwr][INFO] - 
[2025-01-07 17:50:12,923][flwr][INFO] - [ROUND 9]
[2025-01-07 17:50:12,923][flwr][INFO] - configure_fit: strategy sampled 2 clients (out of 10)
[2025-01-07 17:50:17,989][flwr][INFO] - aggregate_fit: received 2 results and 0 failures
[2025-01-07 17:50:19,569][flwr][INFO] - fit progress: (9, 3.5463143039132774, {'accuracy': 0.9852}, 70.3192369630051)
[2025-01-07 17:50:19,569][flwr][INFO] - configure_evaluate: strategy sampled 5 clients (out of 10)
[2025-01-07 17:50:20,314][flwr][INFO] - aggregate_evaluate: received 5 results and 0 failures
[2025-01-07 17:50:20,315][flwr][INFO] - 
[2025-01-07 17:50:20,315][flwr][INFO] - [ROUND 10]
[2025-01-07 17:50:20,315][flwr][INFO] - configure_fit: strategy sampled 2 clients (out of 10)
[2025-01-07 17:50:25,388][flwr][INFO] - aggregate_fit: received 2 results and 0 failures
[2025-01-07 17:50:26,897][flwr][INFO] - fit progress: (10, 3.489244683254583, {'accuracy': 0.9862}, 77.64773040800355)
[2025-01-07 17:50:26,898][flwr][INFO] - configure_evaluate: strategy sampled 5 clients (out of 10)
[2025-01-07 17:50:27,627][flwr][INFO] - aggregate_evaluate: received 5 results and 0 failures
[2025-01-07 17:50:27,627][flwr][INFO] - 
[2025-01-07 17:50:27,627][flwr][INFO] - [SUMMARY]
[2025-01-07 17:50:27,627][flwr][INFO] - Run finished 10 round(s) in 78.38s
[2025-01-07 17:50:27,628][flwr][INFO] - 	History (loss, distributed):
[2025-01-07 17:50:27,628][flwr][INFO] - 		round 1: 2.5042515505105256
[2025-01-07 17:50:27,628][flwr][INFO] - 		round 2: 1.768408024450764
[2025-01-07 17:50:27,628][flwr][INFO] - 		round 3: 1.824150180723518
[2025-01-07 17:50:27,628][flwr][INFO] - 		round 4: 1.3818999169714516
[2025-01-07 17:50:27,628][flwr][INFO] - 		round 5: 0.9410103171408991
[2025-01-07 17:50:27,628][flwr][INFO] - 		round 6: 1.1370883732801302
[2025-01-07 17:50:27,628][flwr][INFO] - 		round 7: 1.3920655374065973
[2025-01-07 17:50:27,628][flwr][INFO] - 		round 8: 1.1664552814319904
[2025-01-07 17:50:27,628][flwr][INFO] - 		round 9: 1.2832165589090436
[2025-01-07 17:50:27,628][flwr][INFO] - 		round 10: 1.1042335694117356
[2025-01-07 17:50:27,628][flwr][INFO] - 	History (loss, centralized):
[2025-01-07 17:50:27,628][flwr][INFO] - 		round 0: 181.69760966300964
[2025-01-07 17:50:27,629][flwr][INFO] - 		round 1: 9.396708046551794
[2025-01-07 17:50:27,629][flwr][INFO] - 		round 2: 6.369275673408993
[2025-01-07 17:50:27,629][flwr][INFO] - 		round 3: 4.792497943970375
[2025-01-07 17:50:27,629][flwr][INFO] - 		round 4: 4.750574568839511
[2025-01-07 17:50:27,629][flwr][INFO] - 		round 5: 3.769143338498907
[2025-01-07 17:50:27,629][flwr][INFO] - 		round 6: 4.126796134121832
[2025-01-07 17:50:27,629][flwr][INFO] - 		round 7: 4.020247523230864
[2025-01-07 17:50:27,629][flwr][INFO] - 		round 8: 3.1962330234887304
[2025-01-07 17:50:27,629][flwr][INFO] - 		round 9: 3.5463143039132774
[2025-01-07 17:50:27,629][flwr][INFO] - 		round 10: 3.489244683254583
[2025-01-07 17:50:27,629][flwr][INFO] - 	History (metrics, centralized):
[2025-01-07 17:50:27,629][flwr][INFO] - 	{'accuracy': [(0, 0.1137),
[2025-01-07 17:50:27,629][flwr][INFO] - 	              (1, 0.9629),
[2025-01-07 17:50:27,629][flwr][INFO] - 	              (2, 0.9745),
[2025-01-07 17:50:27,629][flwr][INFO] - 	              (3, 0.9807),
[2025-01-07 17:50:27,629][flwr][INFO] - 	              (4, 0.9809),
[2025-01-07 17:50:27,629][flwr][INFO] - 	              (5, 0.9859),
[2025-01-07 17:50:27,629][flwr][INFO] - 	              (6, 0.9851),
[2025-01-07 17:50:27,629][flwr][INFO] - 	              (7, 0.9849),
[2025-01-07 17:50:27,630][flwr][INFO] - 	              (8, 0.9883),
[2025-01-07 17:50:27,630][flwr][INFO] - 	              (9, 0.9852),
[2025-01-07 17:50:27,630][flwr][INFO] - 	              (10, 0.9862)]}
[2025-01-07 17:50:27,630][flwr][INFO] - 
