[2024-12-31 00:09:59,551][flwr][INFO] - Starting Flower simulation, config: num_rounds=10, no round_timeout
[2024-12-31 00:10:03,258][flwr][INFO] - Flower VCE: Ray initialized with resources: {'node:__internal_head__': 1.0, 'object_store_memory': 2956081152.0, 'memory': 5912162304.0, 'node:192.168.1.11': 1.0, 'CPU': 12.0}
[2024-12-31 00:10:03,259][flwr][INFO] - Optimize your simulation with Flower VCE: https://flower.ai/docs/framework/how-to-run-simulations.html
[2024-12-31 00:10:03,259][flwr][INFO] - Flower VCE: Resources for each Virtual Client: {'num_cpus': 2, 'num_gpus': 0}
[2024-12-31 00:10:03,272][flwr][INFO] - Flower VCE: Creating VirtualClientEngineActorPool with 6 actors
[2024-12-31 00:10:03,272][flwr][INFO] - [INIT]
[2024-12-31 00:10:03,272][flwr][INFO] - Using initial global parameters provided by strategy
[2024-12-31 00:10:03,272][flwr][INFO] - Starting evaluation of initial global parameters
[2024-12-31 00:10:06,592][flwr][INFO] - initial parameters (loss, other metrics): 181.88688850402832, {'accuracy': 0.104}
[2024-12-31 00:10:06,592][flwr][INFO] - 
[2024-12-31 00:10:06,592][flwr][INFO] - [ROUND 1]
[2024-12-31 00:10:06,593][flwr][INFO] - configure_fit: strategy sampled 2 clients (out of 10)
[2024-12-31 00:10:17,028][flwr][INFO] - aggregate_fit: received 2 results and 0 failures
[2024-12-31 00:10:17,034][flwr][WARNING] - No fit_metrics_aggregation_fn provided
[2024-12-31 00:10:18,374][flwr][INFO] - fit progress: (1, 160.20967710018158, {'accuracy': 0.2974}, 11.782320696001989)
[2024-12-31 00:10:18,375][flwr][INFO] - configure_evaluate: strategy sampled 5 clients (out of 10)
[2024-12-31 00:10:22,310][flwr][INFO] - aggregate_evaluate: received 5 results and 0 failures
[2024-12-31 00:10:22,311][flwr][WARNING] - No evaluate_metrics_aggregation_fn provided
[2024-12-31 00:10:22,311][flwr][INFO] - 
[2024-12-31 00:10:22,311][flwr][INFO] - [ROUND 2]
[2024-12-31 00:10:22,311][flwr][INFO] - configure_fit: strategy sampled 2 clients (out of 10)
[2024-12-31 00:10:29,972][flwr][INFO] - aggregate_fit: received 2 results and 0 failures
[2024-12-31 00:10:31,817][flwr][INFO] - fit progress: (2, 183.6363172531128, {'accuracy': 0.0982}, 25.225276130004204)
[2024-12-31 00:10:31,818][flwr][INFO] - configure_evaluate: strategy sampled 5 clients (out of 10)
[2024-12-31 00:10:32,643][flwr][INFO] - aggregate_evaluate: received 5 results and 0 failures
[2024-12-31 00:10:32,643][flwr][INFO] - 
[2024-12-31 00:10:32,643][flwr][INFO] - [ROUND 3]
[2024-12-31 00:10:32,644][flwr][INFO] - configure_fit: strategy sampled 2 clients (out of 10)
[2024-12-31 00:10:40,572][flwr][INFO] - aggregate_fit: received 2 results and 0 failures
[2024-12-31 00:10:43,565][flwr][INFO] - fit progress: (3, 182.166672706604, {'accuracy': 0.1135}, 36.973128171004646)
[2024-12-31 00:10:43,566][flwr][INFO] - configure_evaluate: strategy sampled 5 clients (out of 10)
[2024-12-31 12:55:11,853][flwr][INFO] - aggregate_evaluate: received 5 results and 0 failures
[2024-12-31 12:55:11,854][flwr][INFO] - 
[2024-12-31 12:55:11,854][flwr][INFO] - [ROUND 4]
[2024-12-31 12:55:11,854][flwr][INFO] - configure_fit: strategy sampled 2 clients (out of 10)
[2024-12-31 12:55:18,540][flwr][INFO] - aggregate_fit: received 2 results and 0 failures
[2024-12-31 12:55:21,768][flwr][INFO] - fit progress: (4, 181.98125886917114, {'accuracy': 0.101}, 61.171654880999995)
[2024-12-31 12:55:21,768][flwr][INFO] - configure_evaluate: strategy sampled 5 clients (out of 10)
[2024-12-31 12:55:22,578][flwr][INFO] - aggregate_evaluate: received 5 results and 0 failures
[2024-12-31 12:55:22,578][flwr][INFO] - 
[2024-12-31 12:55:22,578][flwr][INFO] - [ROUND 5]
[2024-12-31 12:55:22,579][flwr][INFO] - configure_fit: strategy sampled 2 clients (out of 10)
[2024-12-31 12:55:28,917][flwr][INFO] - aggregate_fit: received 2 results and 0 failures
[2024-12-31 12:55:30,708][flwr][INFO] - fit progress: (5, 181.87722086906433, {'accuracy': 0.1028}, 70.11192126700189)
[2024-12-31 12:55:30,708][flwr][INFO] - configure_evaluate: strategy sampled 5 clients (out of 10)
[2024-12-31 12:55:31,386][flwr][INFO] - aggregate_evaluate: received 5 results and 0 failures
[2024-12-31 12:55:31,386][flwr][INFO] - 
[2024-12-31 12:55:31,386][flwr][INFO] - [ROUND 6]
[2024-12-31 12:55:31,386][flwr][INFO] - configure_fit: strategy sampled 2 clients (out of 10)
[2024-12-31 12:55:37,819][flwr][INFO] - aggregate_fit: received 2 results and 0 failures
[2024-12-31 12:55:40,331][flwr][INFO] - fit progress: (6, 181.90894150733948, {'accuracy': 0.1135}, 79.73514245999831)
[2024-12-31 12:55:40,332][flwr][INFO] - configure_evaluate: strategy sampled 5 clients (out of 10)
[2024-12-31 12:55:41,427][flwr][INFO] - aggregate_evaluate: received 5 results and 0 failures
[2024-12-31 12:55:41,427][flwr][INFO] - 
[2024-12-31 12:55:41,428][flwr][INFO] - [ROUND 7]
[2024-12-31 12:55:41,428][flwr][INFO] - configure_fit: strategy sampled 2 clients (out of 10)
[2024-12-31 12:55:48,811][flwr][INFO] - aggregate_fit: received 2 results and 0 failures
[2024-12-31 12:55:50,658][flwr][INFO] - fit progress: (7, 182.20222854614258, {'accuracy': 0.1135}, 90.06144457600021)
[2024-12-31 12:55:50,658][flwr][INFO] - configure_evaluate: strategy sampled 5 clients (out of 10)
[2024-12-31 12:55:51,468][flwr][INFO] - aggregate_evaluate: received 5 results and 0 failures
[2024-12-31 12:55:51,469][flwr][INFO] - 
[2024-12-31 12:55:51,469][flwr][INFO] - [ROUND 8]
[2024-12-31 12:55:51,469][flwr][INFO] - configure_fit: strategy sampled 2 clients (out of 10)
[2024-12-31 12:56:00,566][flwr][INFO] - aggregate_fit: received 2 results and 0 failures
[2024-12-31 12:56:03,655][flwr][INFO] - fit progress: (8, 181.99656105041504, {'accuracy': 0.1135}, 103.05924550299824)
[2024-12-31 12:56:03,656][flwr][INFO] - configure_evaluate: strategy sampled 5 clients (out of 10)
[2024-12-31 12:56:04,930][flwr][INFO] - aggregate_evaluate: received 5 results and 0 failures
[2024-12-31 12:56:04,930][flwr][INFO] - 
[2024-12-31 12:56:04,931][flwr][INFO] - [ROUND 9]
[2024-12-31 12:56:04,931][flwr][INFO] - configure_fit: strategy sampled 2 clients (out of 10)
[2024-12-31 12:56:13,275][flwr][INFO] - aggregate_fit: received 2 results and 0 failures
[2024-12-31 12:56:14,718][flwr][INFO] - fit progress: (9, 181.9194462299347, {'accuracy': 0.1135}, 114.12227690200234)
[2024-12-31 12:56:14,719][flwr][INFO] - configure_evaluate: strategy sampled 5 clients (out of 10)
[2024-12-31 12:56:15,545][flwr][INFO] - aggregate_evaluate: received 5 results and 0 failures
[2024-12-31 12:56:15,545][flwr][INFO] - 
[2024-12-31 12:56:15,545][flwr][INFO] - [ROUND 10]
[2024-12-31 12:56:15,546][flwr][INFO] - configure_fit: strategy sampled 2 clients (out of 10)
[2024-12-31 12:56:23,619][flwr][INFO] - aggregate_fit: received 2 results and 0 failures
[2024-12-31 12:56:26,064][flwr][INFO] - fit progress: (10, 182.13448977470398, {'accuracy': 0.1032}, 125.46808947699901)
[2024-12-31 12:56:26,065][flwr][INFO] - configure_evaluate: strategy sampled 5 clients (out of 10)
[2024-12-31 12:56:26,968][flwr][INFO] - aggregate_evaluate: received 5 results and 0 failures
[2024-12-31 12:56:26,968][flwr][INFO] - 
[2024-12-31 12:56:26,969][flwr][INFO] - [SUMMARY]
[2024-12-31 12:56:26,969][flwr][INFO] - Run finished 10 round(s) in 126.37s
[2024-12-31 12:56:26,969][flwr][INFO] - 	History (loss, distributed):
[2024-12-31 12:56:26,969][flwr][INFO] - 		round 1: 77.52035884857177
[2024-12-31 12:56:26,969][flwr][INFO] - 		round 2: 88.41455836296082
[2024-12-31 12:56:26,970][flwr][INFO] - 		round 3: 87.69168276786804
[2024-12-31 12:56:26,970][flwr][INFO] - 		round 4: 87.54489102363587
[2024-12-31 12:56:26,970][flwr][INFO] - 		round 5: 87.39997501373291
[2024-12-31 12:56:26,970][flwr][INFO] - 		round 6: 87.47289762496948
[2024-12-31 12:56:26,970][flwr][INFO] - 		round 7: 87.65801334381104
[2024-12-31 12:56:26,970][flwr][INFO] - 		round 8: 87.5692587852478
[2024-12-31 12:56:26,970][flwr][INFO] - 		round 9: 87.51627221107483
[2024-12-31 12:56:26,971][flwr][INFO] - 		round 10: 87.59364500045777
[2024-12-31 12:56:26,971][flwr][INFO] - 	History (loss, centralized):
[2024-12-31 12:56:26,971][flwr][INFO] - 		round 0: 181.88688850402832
[2024-12-31 12:56:26,971][flwr][INFO] - 		round 1: 160.20967710018158
[2024-12-31 12:56:26,971][flwr][INFO] - 		round 2: 183.6363172531128
[2024-12-31 12:56:26,971][flwr][INFO] - 		round 3: 182.166672706604
[2024-12-31 12:56:26,971][flwr][INFO] - 		round 4: 181.98125886917114
[2024-12-31 12:56:26,971][flwr][INFO] - 		round 5: 181.87722086906433
[2024-12-31 12:56:26,971][flwr][INFO] - 		round 6: 181.90894150733948
[2024-12-31 12:56:26,971][flwr][INFO] - 		round 7: 182.20222854614258
[2024-12-31 12:56:26,971][flwr][INFO] - 		round 8: 181.99656105041504
[2024-12-31 12:56:26,972][flwr][INFO] - 		round 9: 181.9194462299347
[2024-12-31 12:56:26,972][flwr][INFO] - 		round 10: 182.13448977470398
[2024-12-31 12:56:26,972][flwr][INFO] - 	History (metrics, centralized):
[2024-12-31 12:56:26,972][flwr][INFO] - 	{'accuracy': [(0, 0.104),
[2024-12-31 12:56:26,972][flwr][INFO] - 	              (1, 0.2974),
[2024-12-31 12:56:26,972][flwr][INFO] - 	              (2, 0.0982),
[2024-12-31 12:56:26,972][flwr][INFO] - 	              (3, 0.1135),
[2024-12-31 12:56:26,972][flwr][INFO] - 	              (4, 0.101),
[2024-12-31 12:56:26,972][flwr][INFO] - 	              (5, 0.1028),
[2024-12-31 12:56:26,972][flwr][INFO] - 	              (6, 0.1135),
[2024-12-31 12:56:26,972][flwr][INFO] - 	              (7, 0.1135),
[2024-12-31 12:56:26,972][flwr][INFO] - 	              (8, 0.1135),
[2024-12-31 12:56:26,973][flwr][INFO] - 	              (9, 0.1135),
[2024-12-31 12:56:26,973][flwr][INFO] - 	              (10, 0.1032)]}
[2024-12-31 12:56:26,973][flwr][INFO] - 
