[2025-01-07 18:03:02,843][flwr][INFO] - Starting Flower simulation, config: num_rounds=10, no round_timeout
[2025-01-07 18:03:06,218][flwr][INFO] - Flower VCE: Ray initialized with resources: {'object_store_memory': 3178473062.0, 'memory': 6356946126.0, 'node:__internal_head__': 1.0, 'CPU': 12.0, 'node:192.168.1.11': 1.0}
[2025-01-07 18:03:06,219][flwr][INFO] - Optimize your simulation with Flower VCE: https://flower.ai/docs/framework/how-to-run-simulations.html
[2025-01-07 18:03:06,219][flwr][INFO] - Flower VCE: Resources for each Virtual Client: {'num_cpus': 2, 'num_gpus': 0}
[2025-01-07 18:03:06,229][flwr][INFO] - Flower VCE: Creating VirtualClientEngineActorPool with 6 actors
[2025-01-07 18:03:06,229][flwr][INFO] - [INIT]
[2025-01-07 18:03:06,230][flwr][INFO] - Requesting initial parameters from one random client
[2025-01-07 18:03:08,944][flwr][INFO] - Received initial parameters from one random client
[2025-01-07 18:03:08,944][flwr][INFO] - Starting evaluation of initial global parameters
[2025-01-07 18:03:10,544][flwr][INFO] - initial parameters (loss, other metrics): 182.18312644958496, {'accuracy': 0.1045}
[2025-01-07 18:03:10,545][flwr][INFO] - 
[2025-01-07 18:03:10,545][flwr][INFO] - [ROUND 1]
[2025-01-07 18:03:10,545][flwr][INFO] - configure_fit: strategy sampled 2 clients (out of 20)
[2025-01-07 18:03:18,965][flwr][INFO] - aggregate_fit: received 2 results and 0 failures
[2025-01-07 18:03:18,969][flwr][WARNING] - No fit_metrics_aggregation_fn provided
[2025-01-07 18:03:20,112][flwr][INFO] - fit progress: (1, 182.30355548858643, {'accuracy': 0.101}, 9.56679745499423)
[2025-01-07 18:03:20,112][flwr][INFO] - configure_evaluate: strategy sampled 2 clients (out of 20)
[2025-01-07 18:03:20,452][flwr][INFO] - aggregate_evaluate: received 2 results and 0 failures
[2025-01-07 18:03:20,452][flwr][WARNING] - No evaluate_metrics_aggregation_fn provided
[2025-01-07 18:03:20,452][flwr][INFO] - 
[2025-01-07 18:03:20,453][flwr][INFO] - [ROUND 2]
[2025-01-07 18:03:20,453][flwr][INFO] - configure_fit: strategy sampled 2 clients (out of 20)
[2025-01-07 18:03:26,584][flwr][INFO] - aggregate_fit: received 2 results and 0 failures
[2025-01-07 18:03:28,090][flwr][INFO] - fit progress: (2, 182.01304006576538, {'accuracy': 0.1135}, 17.544799183997384)
[2025-01-07 18:03:28,090][flwr][INFO] - configure_evaluate: strategy sampled 2 clients (out of 20)
[2025-01-07 18:03:28,446][flwr][INFO] - aggregate_evaluate: received 2 results and 0 failures
[2025-01-07 18:03:28,446][flwr][INFO] - 
[2025-01-07 18:03:28,446][flwr][INFO] - [ROUND 3]
[2025-01-07 18:03:28,446][flwr][INFO] - configure_fit: strategy sampled 2 clients (out of 20)
[2025-01-07 18:03:34,627][flwr][INFO] - aggregate_fit: received 2 results and 0 failures
[2025-01-07 18:03:35,836][flwr][INFO] - fit progress: (3, 181.9935474395752, {'accuracy': 0.0958}, 25.29091661699931)
[2025-01-07 18:03:35,836][flwr][INFO] - configure_evaluate: strategy sampled 2 clients (out of 20)
[2025-01-07 18:03:36,197][flwr][INFO] - aggregate_evaluate: received 2 results and 0 failures
[2025-01-07 18:03:36,198][flwr][INFO] - 
[2025-01-07 18:03:36,198][flwr][INFO] - [ROUND 4]
[2025-01-07 18:03:36,198][flwr][INFO] - configure_fit: strategy sampled 2 clients (out of 20)
[2025-01-07 18:03:42,246][flwr][INFO] - aggregate_fit: received 2 results and 0 failures
[2025-01-07 18:03:43,552][flwr][INFO] - fit progress: (4, 181.92256927490234, {'accuracy': 0.0974}, 33.00732308699662)
[2025-01-07 18:03:43,552][flwr][INFO] - configure_evaluate: strategy sampled 2 clients (out of 20)
[2025-01-07 18:03:43,885][flwr][INFO] - aggregate_evaluate: received 2 results and 0 failures
[2025-01-07 18:03:43,885][flwr][INFO] - 
[2025-01-07 18:03:43,885][flwr][INFO] - [ROUND 5]
[2025-01-07 18:03:43,885][flwr][INFO] - configure_fit: strategy sampled 2 clients (out of 20)
[2025-01-07 18:03:50,084][flwr][INFO] - aggregate_fit: received 2 results and 0 failures
[2025-01-07 18:03:51,524][flwr][INFO] - fit progress: (5, 182.07315611839294, {'accuracy': 0.1135}, 40.979474146995926)
[2025-01-07 18:03:51,524][flwr][INFO] - configure_evaluate: strategy sampled 2 clients (out of 20)
[2025-01-07 18:03:51,858][flwr][INFO] - aggregate_evaluate: received 2 results and 0 failures
[2025-01-07 18:03:51,859][flwr][INFO] - 
[2025-01-07 18:03:51,859][flwr][INFO] - [ROUND 6]
[2025-01-07 18:03:51,859][flwr][INFO] - configure_fit: strategy sampled 2 clients (out of 20)
[2025-01-07 18:03:58,036][flwr][INFO] - aggregate_fit: received 2 results and 0 failures
[2025-01-07 18:03:59,430][flwr][INFO] - fit progress: (6, 182.06287336349487, {'accuracy': 0.1135}, 48.88549589899776)
[2025-01-07 18:03:59,431][flwr][INFO] - configure_evaluate: strategy sampled 2 clients (out of 20)
[2025-01-07 18:03:59,823][flwr][INFO] - aggregate_evaluate: received 2 results and 0 failures
[2025-01-07 18:03:59,823][flwr][INFO] - 
[2025-01-07 18:03:59,823][flwr][INFO] - [ROUND 7]
[2025-01-07 18:03:59,823][flwr][INFO] - configure_fit: strategy sampled 2 clients (out of 20)
[2025-01-07 18:04:05,957][flwr][INFO] - aggregate_fit: received 2 results and 0 failures
[2025-01-07 18:04:07,401][flwr][INFO] - fit progress: (7, 182.00420880317688, {'accuracy': 0.1135}, 56.85632759700093)
[2025-01-07 18:04:07,401][flwr][INFO] - configure_evaluate: strategy sampled 2 clients (out of 20)
[2025-01-07 18:04:07,712][flwr][INFO] - aggregate_evaluate: received 2 results and 0 failures
[2025-01-07 18:04:07,713][flwr][INFO] - 
[2025-01-07 18:04:07,713][flwr][INFO] - [ROUND 8]
[2025-01-07 18:04:07,713][flwr][INFO] - configure_fit: strategy sampled 2 clients (out of 20)
[2025-01-07 18:04:13,897][flwr][INFO] - aggregate_fit: received 2 results and 0 failures
[2025-01-07 18:04:15,442][flwr][INFO] - fit progress: (8, 182.26355171203613, {'accuracy': 0.0974}, 64.89777257300011)
[2025-01-07 18:04:15,443][flwr][INFO] - configure_evaluate: strategy sampled 2 clients (out of 20)
[2025-01-07 18:04:15,765][flwr][INFO] - aggregate_evaluate: received 2 results and 0 failures
[2025-01-07 18:04:15,765][flwr][INFO] - 
[2025-01-07 18:04:15,765][flwr][INFO] - [ROUND 9]
[2025-01-07 18:04:15,766][flwr][INFO] - configure_fit: strategy sampled 2 clients (out of 20)
[2025-01-07 18:04:22,019][flwr][INFO] - aggregate_fit: received 2 results and 0 failures
[2025-01-07 18:04:23,435][flwr][INFO] - fit progress: (9, 182.32124519348145, {'accuracy': 0.1135}, 72.89021162199788)
[2025-01-07 18:04:23,435][flwr][INFO] - configure_evaluate: strategy sampled 2 clients (out of 20)
[2025-01-07 18:04:23,765][flwr][INFO] - aggregate_evaluate: received 2 results and 0 failures
[2025-01-07 18:04:23,765][flwr][INFO] - 
[2025-01-07 18:04:23,765][flwr][INFO] - [ROUND 10]
[2025-01-07 18:04:23,766][flwr][INFO] - configure_fit: strategy sampled 2 clients (out of 20)
[2025-01-07 18:04:30,061][flwr][INFO] - aggregate_fit: received 2 results and 0 failures
[2025-01-07 18:04:31,698][flwr][INFO] - fit progress: (10, 181.9203703403473, {'accuracy': 0.1028}, 81.1531461429986)
[2025-01-07 18:04:31,698][flwr][INFO] - configure_evaluate: strategy sampled 2 clients (out of 20)
[2025-01-07 18:04:32,061][flwr][INFO] - aggregate_evaluate: received 2 results and 0 failures
[2025-01-07 18:04:32,061][flwr][INFO] - 
[2025-01-07 18:04:32,061][flwr][INFO] - [SUMMARY]
[2025-01-07 18:04:32,061][flwr][INFO] - Run finished 10 round(s) in 81.52s
[2025-01-07 18:04:32,062][flwr][INFO] - 	History (loss, distributed):
[2025-01-07 18:04:32,062][flwr][INFO] - 		round 1: 43.67275941371918
[2025-01-07 18:04:32,062][flwr][INFO] - 		round 2: 43.692636489868164
[2025-01-07 18:04:32,062][flwr][INFO] - 		round 3: 43.778064131736755
[2025-01-07 18:04:32,062][flwr][INFO] - 		round 4: 43.751859188079834
[2025-01-07 18:04:32,062][flwr][INFO] - 		round 5: 43.73268222808838
[2025-01-07 18:04:32,062][flwr][INFO] - 		round 6: 43.813523054122925
[2025-01-07 18:04:32,062][flwr][INFO] - 		round 7: 43.94297778606415
[2025-01-07 18:04:32,063][flwr][INFO] - 		round 8: 43.7834153175354
[2025-01-07 18:04:32,063][flwr][INFO] - 		round 9: 43.89203476905823
[2025-01-07 18:04:32,063][flwr][INFO] - 		round 10: 43.77222788333893
[2025-01-07 18:04:32,063][flwr][INFO] - 	History (loss, centralized):
[2025-01-07 18:04:32,063][flwr][INFO] - 		round 0: 182.18312644958496
[2025-01-07 18:04:32,063][flwr][INFO] - 		round 1: 182.30355548858643
[2025-01-07 18:04:32,063][flwr][INFO] - 		round 2: 182.01304006576538
[2025-01-07 18:04:32,063][flwr][INFO] - 		round 3: 181.9935474395752
[2025-01-07 18:04:32,063][flwr][INFO] - 		round 4: 181.92256927490234
[2025-01-07 18:04:32,064][flwr][INFO] - 		round 5: 182.07315611839294
[2025-01-07 18:04:32,064][flwr][INFO] - 		round 6: 182.06287336349487
[2025-01-07 18:04:32,064][flwr][INFO] - 		round 7: 182.00420880317688
[2025-01-07 18:04:32,064][flwr][INFO] - 		round 8: 182.26355171203613
[2025-01-07 18:04:32,064][flwr][INFO] - 		round 9: 182.32124519348145
[2025-01-07 18:04:32,064][flwr][INFO] - 		round 10: 181.9203703403473
[2025-01-07 18:04:32,064][flwr][INFO] - 	History (metrics, centralized):
[2025-01-07 18:04:32,064][flwr][INFO] - 	{'accuracy': [(0, 0.1045),
[2025-01-07 18:04:32,064][flwr][INFO] - 	              (1, 0.101),
[2025-01-07 18:04:32,065][flwr][INFO] - 	              (2, 0.1135),
[2025-01-07 18:04:32,065][flwr][INFO] - 	              (3, 0.0958),
[2025-01-07 18:04:32,065][flwr][INFO] - 	              (4, 0.0974),
[2025-01-07 18:04:32,065][flwr][INFO] - 	              (5, 0.1135),
[2025-01-07 18:04:32,065][flwr][INFO] - 	              (6, 0.1135),
[2025-01-07 18:04:32,065][flwr][INFO] - 	              (7, 0.1135),
[2025-01-07 18:04:32,065][flwr][INFO] - 	              (8, 0.0974),
[2025-01-07 18:04:32,065][flwr][INFO] - 	              (9, 0.1135),
[2025-01-07 18:04:32,065][flwr][INFO] - 	              (10, 0.1028)]}
[2025-01-07 18:04:32,066][flwr][INFO] - 
