[2024-12-31 14:03:14,202][flwr][INFO] - Starting Flower simulation, config: num_rounds=10, no round_timeout
[2024-12-31 14:03:17,545][flwr][INFO] - Flower VCE: Ray initialized with resources: {'CPU': 12.0, 'node:192.168.1.11': 1.0, 'node:__internal_head__': 1.0, 'object_store_memory': 3187691520.0, 'memory': 6375383040.0}
[2024-12-31 14:03:17,545][flwr][INFO] - Optimize your simulation with Flower VCE: https://flower.ai/docs/framework/how-to-run-simulations.html
[2024-12-31 14:03:17,545][flwr][INFO] - Flower VCE: Resources for each Virtual Client: {'num_cpus': 2, 'num_gpus': 0}
[2024-12-31 14:03:17,553][flwr][INFO] - Flower VCE: Creating VirtualClientEngineActorPool with 6 actors
[2024-12-31 14:03:17,553][flwr][INFO] - [INIT]
[2024-12-31 14:03:17,553][flwr][INFO] - Using initial global parameters provided by strategy
[2024-12-31 14:03:17,553][flwr][INFO] - Starting evaluation of initial global parameters
[2024-12-31 14:03:20,272][flwr][INFO] - initial parameters (loss, other metrics): 182.22523760795593, {'accuracy': 0.0864}
[2024-12-31 14:03:20,272][flwr][INFO] - 
[2024-12-31 14:03:20,272][flwr][INFO] - [ROUND 1]
[2024-12-31 14:03:20,273][flwr][INFO] - configure_fit: strategy sampled 2 clients (out of 10)
[2024-12-31 14:03:30,313][flwr][INFO] - aggregate_fit: received 2 results and 0 failures
[2024-12-31 14:03:30,322][flwr][WARNING] - No fit_metrics_aggregation_fn provided
[2024-12-31 14:03:31,955][flwr][INFO] - fit progress: (1, 95.7519611120224, {'accuracy': 0.6916}, 11.682437482995738)
[2024-12-31 14:03:31,955][flwr][INFO] - configure_evaluate: strategy sampled 2 clients (out of 10)
[2024-12-31 14:03:32,265][flwr][INFO] - aggregate_evaluate: received 2 results and 0 failures
[2024-12-31 14:03:32,265][flwr][WARNING] - No evaluate_metrics_aggregation_fn provided
[2024-12-31 14:03:32,265][flwr][INFO] - 
[2024-12-31 14:03:32,265][flwr][INFO] - [ROUND 2]
[2024-12-31 14:03:32,265][flwr][INFO] - configure_fit: strategy sampled 2 clients (out of 10)
[2024-12-31 14:03:40,255][flwr][INFO] - aggregate_fit: received 2 results and 0 failures
[2024-12-31 14:03:41,594][flwr][INFO] - fit progress: (2, 17.361426869407296, {'accuracy': 0.9539}, 21.321949753997615)
[2024-12-31 14:03:41,595][flwr][INFO] - configure_evaluate: strategy sampled 2 clients (out of 10)
[2024-12-31 14:03:41,946][flwr][INFO] - aggregate_evaluate: received 2 results and 0 failures
[2024-12-31 14:03:41,946][flwr][INFO] - 
[2024-12-31 14:03:41,946][flwr][INFO] - [ROUND 3]
[2024-12-31 14:03:41,946][flwr][INFO] - configure_fit: strategy sampled 2 clients (out of 10)
[2024-12-31 14:03:50,071][flwr][INFO] - aggregate_fit: received 2 results and 0 failures
[2024-12-31 14:03:51,414][flwr][INFO] - fit progress: (3, 15.066255912184715, {'accuracy': 0.9565}, 31.141795043993625)
[2024-12-31 14:03:51,414][flwr][INFO] - configure_evaluate: strategy sampled 2 clients (out of 10)
[2024-12-31 14:03:51,798][flwr][INFO] - aggregate_evaluate: received 2 results and 0 failures
[2024-12-31 14:03:51,798][flwr][INFO] - 
[2024-12-31 14:03:51,798][flwr][INFO] - [ROUND 4]
[2024-12-31 14:03:51,798][flwr][INFO] - configure_fit: strategy sampled 2 clients (out of 10)
[2024-12-31 14:03:59,964][flwr][INFO] - aggregate_fit: received 2 results and 0 failures
[2024-12-31 14:04:01,066][flwr][INFO] - fit progress: (4, 13.350334766320884, {'accuracy': 0.9622}, 40.79335216199979)
[2024-12-31 14:04:01,066][flwr][INFO] - configure_evaluate: strategy sampled 2 clients (out of 10)
[2024-12-31 14:04:01,435][flwr][INFO] - aggregate_evaluate: received 2 results and 0 failures
[2024-12-31 14:04:01,435][flwr][INFO] - 
[2024-12-31 14:04:01,435][flwr][INFO] - [ROUND 5]
[2024-12-31 14:04:01,436][flwr][INFO] - configure_fit: strategy sampled 2 clients (out of 10)
[2024-12-31 14:04:10,979][flwr][INFO] - aggregate_fit: received 2 results and 0 failures
[2024-12-31 14:04:12,117][flwr][INFO] - fit progress: (5, 182.97908663749695, {'accuracy': 0.1011}, 51.84442360399407)
[2024-12-31 14:04:12,117][flwr][INFO] - configure_evaluate: strategy sampled 2 clients (out of 10)
[2024-12-31 14:04:12,473][flwr][INFO] - aggregate_evaluate: received 2 results and 0 failures
[2024-12-31 14:04:12,473][flwr][INFO] - 
[2024-12-31 14:04:12,473][flwr][INFO] - [ROUND 6]
[2024-12-31 14:04:12,474][flwr][INFO] - configure_fit: strategy sampled 2 clients (out of 10)
[2024-12-31 14:04:20,217][flwr][INFO] - aggregate_fit: received 2 results and 0 failures
[2024-12-31 14:04:21,675][flwr][INFO] - fit progress: (6, 182.14743781089783, {'accuracy': 0.1136}, 61.402553883999644)
[2024-12-31 14:04:21,675][flwr][INFO] - configure_evaluate: strategy sampled 2 clients (out of 10)
[2024-12-31 14:04:21,993][flwr][INFO] - aggregate_evaluate: received 2 results and 0 failures
[2024-12-31 14:04:21,993][flwr][INFO] - 
[2024-12-31 14:04:21,993][flwr][INFO] - [ROUND 7]
[2024-12-31 14:04:21,993][flwr][INFO] - configure_fit: strategy sampled 2 clients (out of 10)
[2024-12-31 14:04:30,090][flwr][INFO] - aggregate_fit: received 2 results and 0 failures
[2024-12-31 14:04:31,176][flwr][INFO] - fit progress: (7, 181.9566102027893, {'accuracy': 0.0892}, 70.9036777959991)
[2024-12-31 14:04:31,176][flwr][INFO] - configure_evaluate: strategy sampled 2 clients (out of 10)
[2024-12-31 14:04:31,528][flwr][INFO] - aggregate_evaluate: received 2 results and 0 failures
[2024-12-31 14:04:31,528][flwr][INFO] - 
[2024-12-31 14:04:31,528][flwr][INFO] - [ROUND 8]
[2024-12-31 14:04:31,528][flwr][INFO] - configure_fit: strategy sampled 2 clients (out of 10)
[2024-12-31 14:04:39,287][flwr][INFO] - aggregate_fit: received 2 results and 0 failures
[2024-12-31 14:04:40,763][flwr][INFO] - fit progress: (8, 181.90971970558167, {'accuracy': 0.1135}, 80.49040284399962)
[2024-12-31 14:04:40,763][flwr][INFO] - configure_evaluate: strategy sampled 2 clients (out of 10)
[2024-12-31 14:04:41,116][flwr][INFO] - aggregate_evaluate: received 2 results and 0 failures
[2024-12-31 14:04:41,116][flwr][INFO] - 
[2024-12-31 14:04:41,116][flwr][INFO] - [ROUND 9]
[2024-12-31 14:04:41,116][flwr][INFO] - configure_fit: strategy sampled 2 clients (out of 10)
[2024-12-31 14:04:48,962][flwr][INFO] - aggregate_fit: received 2 results and 0 failures
[2024-12-31 14:04:50,319][flwr][INFO] - fit progress: (9, 182.0136752128601, {'accuracy': 0.098}, 90.04646757099545)
[2024-12-31 14:04:50,319][flwr][INFO] - configure_evaluate: strategy sampled 2 clients (out of 10)
[2024-12-31 14:04:50,703][flwr][INFO] - aggregate_evaluate: received 2 results and 0 failures
[2024-12-31 14:04:50,703][flwr][INFO] - 
[2024-12-31 14:04:50,703][flwr][INFO] - [ROUND 10]
[2024-12-31 14:04:50,704][flwr][INFO] - configure_fit: strategy sampled 2 clients (out of 10)
[2024-12-31 14:04:58,442][flwr][INFO] - aggregate_fit: received 2 results and 0 failures
[2024-12-31 14:04:59,569][flwr][INFO] - fit progress: (10, 181.817551612854, {'accuracy': 0.1135}, 99.29691610699956)
[2024-12-31 14:04:59,570][flwr][INFO] - configure_evaluate: strategy sampled 2 clients (out of 10)
[2024-12-31 14:04:59,919][flwr][INFO] - aggregate_evaluate: received 2 results and 0 failures
[2024-12-31 14:04:59,919][flwr][INFO] - 
[2024-12-31 14:04:59,919][flwr][INFO] - [SUMMARY]
[2024-12-31 14:04:59,919][flwr][INFO] - Run finished 10 round(s) in 99.65s
[2024-12-31 14:04:59,920][flwr][INFO] - 	History (loss, distributed):
[2024-12-31 14:04:59,920][flwr][INFO] - 		round 1: 22.352105259895325
[2024-12-31 14:04:59,920][flwr][INFO] - 		round 2: 5.280759138986468
[2024-12-31 14:04:59,920][flwr][INFO] - 		round 3: 4.32756297942251
[2024-12-31 14:04:59,920][flwr][INFO] - 		round 4: 3.1233393502188846
[2024-12-31 14:04:59,920][flwr][INFO] - 		round 5: 44.081684947013855
[2024-12-31 14:04:59,920][flwr][INFO] - 		round 6: 43.87903118133545
[2024-12-31 14:04:59,921][flwr][INFO] - 		round 7: 43.738911390304565
[2024-12-31 14:04:59,921][flwr][INFO] - 		round 8: 43.75303399562836
[2024-12-31 14:04:59,921][flwr][INFO] - 		round 9: 43.729883432388306
[2024-12-31 14:04:59,921][flwr][INFO] - 		round 10: 43.7778799533844
[2024-12-31 14:04:59,921][flwr][INFO] - 	History (loss, centralized):
[2024-12-31 14:04:59,921][flwr][INFO] - 		round 0: 182.22523760795593
[2024-12-31 14:04:59,921][flwr][INFO] - 		round 1: 95.7519611120224
[2024-12-31 14:04:59,921][flwr][INFO] - 		round 2: 17.361426869407296
[2024-12-31 14:04:59,921][flwr][INFO] - 		round 3: 15.066255912184715
[2024-12-31 14:04:59,921][flwr][INFO] - 		round 4: 13.350334766320884
[2024-12-31 14:04:59,921][flwr][INFO] - 		round 5: 182.97908663749695
[2024-12-31 14:04:59,922][flwr][INFO] - 		round 6: 182.14743781089783
[2024-12-31 14:04:59,922][flwr][INFO] - 		round 7: 181.9566102027893
[2024-12-31 14:04:59,922][flwr][INFO] - 		round 8: 181.90971970558167
[2024-12-31 14:04:59,922][flwr][INFO] - 		round 9: 182.0136752128601
[2024-12-31 14:04:59,922][flwr][INFO] - 		round 10: 181.817551612854
[2024-12-31 14:04:59,922][flwr][INFO] - 	History (metrics, centralized):
[2024-12-31 14:04:59,922][flwr][INFO] - 	{'accuracy': [(0, 0.0864),
[2024-12-31 14:04:59,922][flwr][INFO] - 	              (1, 0.6916),
[2024-12-31 14:04:59,922][flwr][INFO] - 	              (2, 0.9539),
[2024-12-31 14:04:59,922][flwr][INFO] - 	              (3, 0.9565),
[2024-12-31 14:04:59,922][flwr][INFO] - 	              (4, 0.9622),
[2024-12-31 14:04:59,922][flwr][INFO] - 	              (5, 0.1011),
[2024-12-31 14:04:59,922][flwr][INFO] - 	              (6, 0.1136),
[2024-12-31 14:04:59,923][flwr][INFO] - 	              (7, 0.0892),
[2024-12-31 14:04:59,923][flwr][INFO] - 	              (8, 0.1135),
[2024-12-31 14:04:59,923][flwr][INFO] - 	              (9, 0.098),
[2024-12-31 14:04:59,923][flwr][INFO] - 	              (10, 0.1135)]}
[2024-12-31 14:04:59,923][flwr][INFO] - 
