[2025-01-07 22:06:15,231][flwr][INFO] - Starting Flower simulation, config: num_rounds=15, no round_timeout
[2025-01-07 22:06:18,675][flwr][INFO] - Flower VCE: Ray initialized with resources: {'node:__internal_head__': 1.0, 'memory': 6124299879.0, 'object_store_memory': 3062149939.0, 'CPU': 12.0, 'node:192.168.1.11': 1.0}
[2025-01-07 22:06:18,676][flwr][INFO] - Optimize your simulation with Flower VCE: https://flower.ai/docs/framework/how-to-run-simulations.html
[2025-01-07 22:06:18,676][flwr][INFO] - Flower VCE: Resources for each Virtual Client: {'num_cpus': 2, 'num_gpus': 0}
[2025-01-07 22:06:18,685][flwr][INFO] - Flower VCE: Creating VirtualClientEngineActorPool with 6 actors
[2025-01-07 22:06:18,686][flwr][INFO] - [INIT]
[2025-01-07 22:06:18,686][flwr][INFO] - Requesting initial parameters from one random client
[2025-01-07 22:06:21,669][flwr][INFO] - Received initial parameters from one random client
[2025-01-07 22:06:21,669][flwr][INFO] - Starting evaluation of initial global parameters
[2025-01-07 22:06:22,863][flwr][INFO] - initial parameters (loss, other metrics): 182.05073237419128, {'accuracy': 0.1017}
[2025-01-07 22:06:22,863][flwr][INFO] - 
[2025-01-07 22:06:22,864][flwr][INFO] - [ROUND 1]
[2025-01-07 22:06:22,864][flwr][INFO] - configure_fit: strategy sampled 2 clients (out of 10)
[2025-01-07 22:06:40,321][flwr][INFO] - aggregate_fit: received 2 results and 0 failures
[2025-01-07 22:06:40,326][flwr][WARNING] - No fit_metrics_aggregation_fn provided
[2025-01-07 22:06:41,916][flwr][INFO] - fit progress: (1, 182.15965461730957, {'accuracy': 0.1009}, 19.052977462000854)
[2025-01-07 22:06:41,917][flwr][INFO] - configure_evaluate: strategy sampled 3 clients (out of 10)
[2025-01-07 22:06:44,116][flwr][INFO] - aggregate_evaluate: received 3 results and 0 failures
[2025-01-07 22:06:44,117][flwr][WARNING] - No evaluate_metrics_aggregation_fn provided
[2025-01-07 22:06:44,117][flwr][INFO] - 
[2025-01-07 22:06:44,117][flwr][INFO] - [ROUND 2]
[2025-01-07 22:06:44,117][flwr][INFO] - configure_fit: strategy sampled 2 clients (out of 10)
[2025-01-07 22:06:55,631][flwr][INFO] - aggregate_fit: received 2 results and 0 failures
[2025-01-07 22:06:56,987][flwr][INFO] - fit progress: (2, 182.32245802879333, {'accuracy': 0.0982}, 34.123217774002114)
[2025-01-07 22:06:56,987][flwr][INFO] - configure_evaluate: strategy sampled 3 clients (out of 10)
[2025-01-07 22:06:57,516][flwr][INFO] - aggregate_evaluate: received 3 results and 0 failures
[2025-01-07 22:06:57,517][flwr][INFO] - 
[2025-01-07 22:06:57,517][flwr][INFO] - [ROUND 3]
[2025-01-07 22:06:57,517][flwr][INFO] - configure_fit: strategy sampled 2 clients (out of 10)
[2025-01-07 22:07:09,477][flwr][INFO] - aggregate_fit: received 2 results and 0 failures
[2025-01-07 22:07:11,112][flwr][INFO] - fit progress: (3, 182.68207144737244, {'accuracy': 0.101}, 48.248899646998325)
[2025-01-07 22:07:11,113][flwr][INFO] - configure_evaluate: strategy sampled 3 clients (out of 10)
[2025-01-07 22:07:11,604][flwr][INFO] - aggregate_evaluate: received 3 results and 0 failures
[2025-01-07 22:07:11,604][flwr][INFO] - 
[2025-01-07 22:07:11,604][flwr][INFO] - [ROUND 4]
[2025-01-07 22:07:11,604][flwr][INFO] - configure_fit: strategy sampled 2 clients (out of 10)
[2025-01-07 22:07:23,145][flwr][INFO] - aggregate_fit: received 2 results and 0 failures
[2025-01-07 22:07:24,539][flwr][INFO] - fit progress: (4, 182.4102897644043, {'accuracy': 0.1135}, 61.675204135004606)
[2025-01-07 22:07:24,539][flwr][INFO] - configure_evaluate: strategy sampled 3 clients (out of 10)
[2025-01-07 22:07:25,009][flwr][INFO] - aggregate_evaluate: received 3 results and 0 failures
[2025-01-07 22:07:25,009][flwr][INFO] - 
[2025-01-07 22:07:25,009][flwr][INFO] - [ROUND 5]
[2025-01-07 22:07:25,009][flwr][INFO] - configure_fit: strategy sampled 2 clients (out of 10)
[2025-01-07 22:07:36,660][flwr][INFO] - aggregate_fit: received 2 results and 0 failures
[2025-01-07 22:07:38,319][flwr][INFO] - fit progress: (5, 182.2068099975586, {'accuracy': 0.1028}, 75.45585591599956)
[2025-01-07 22:07:38,320][flwr][INFO] - configure_evaluate: strategy sampled 3 clients (out of 10)
[2025-01-07 22:07:38,789][flwr][INFO] - aggregate_evaluate: received 3 results and 0 failures
[2025-01-07 22:07:38,789][flwr][INFO] - 
[2025-01-07 22:07:38,789][flwr][INFO] - [ROUND 6]
[2025-01-07 22:07:38,790][flwr][INFO] - configure_fit: strategy sampled 2 clients (out of 10)
[2025-01-07 22:07:50,420][flwr][INFO] - aggregate_fit: received 2 results and 0 failures
[2025-01-07 22:07:51,972][flwr][INFO] - fit progress: (6, 182.2142562866211, {'accuracy': 0.1135}, 89.10864548099926)
[2025-01-07 22:07:51,972][flwr][INFO] - configure_evaluate: strategy sampled 3 clients (out of 10)
[2025-01-07 22:07:52,496][flwr][INFO] - aggregate_evaluate: received 3 results and 0 failures
[2025-01-07 22:07:52,497][flwr][INFO] - 
[2025-01-07 22:07:52,497][flwr][INFO] - [ROUND 7]
[2025-01-07 22:07:52,497][flwr][INFO] - configure_fit: strategy sampled 2 clients (out of 10)
[2025-01-07 22:08:04,001][flwr][INFO] - aggregate_fit: received 2 results and 0 failures
[2025-01-07 22:08:05,356][flwr][INFO] - fit progress: (7, 182.42472767829895, {'accuracy': 0.0958}, 102.49224631200195)
[2025-01-07 22:08:05,356][flwr][INFO] - configure_evaluate: strategy sampled 3 clients (out of 10)
[2025-01-07 22:08:05,863][flwr][INFO] - aggregate_evaluate: received 3 results and 0 failures
[2025-01-07 22:08:05,863][flwr][INFO] - 
[2025-01-07 22:08:05,863][flwr][INFO] - [ROUND 8]
[2025-01-07 22:08:05,864][flwr][INFO] - configure_fit: strategy sampled 2 clients (out of 10)
[2025-01-07 22:08:17,433][flwr][INFO] - aggregate_fit: received 2 results and 0 failures
[2025-01-07 22:08:18,606][flwr][INFO] - fit progress: (8, 182.2177460193634, {'accuracy': 0.1135}, 115.74296575900371)
[2025-01-07 22:08:18,607][flwr][INFO] - configure_evaluate: strategy sampled 3 clients (out of 10)
[2025-01-07 22:08:19,160][flwr][INFO] - aggregate_evaluate: received 3 results and 0 failures
[2025-01-07 22:08:19,160][flwr][INFO] - 
[2025-01-07 22:08:19,160][flwr][INFO] - [ROUND 9]
[2025-01-07 22:08:19,161][flwr][INFO] - configure_fit: strategy sampled 2 clients (out of 10)
[2025-01-07 22:08:30,753][flwr][INFO] - aggregate_fit: received 2 results and 0 failures
[2025-01-07 22:08:32,236][flwr][INFO] - fit progress: (9, 182.27676677703857, {'accuracy': 0.0974}, 129.37265934300376)
[2025-01-07 22:08:32,236][flwr][INFO] - configure_evaluate: strategy sampled 3 clients (out of 10)
[2025-01-07 22:08:32,733][flwr][INFO] - aggregate_evaluate: received 3 results and 0 failures
[2025-01-07 22:08:32,734][flwr][INFO] - 
[2025-01-07 22:08:32,734][flwr][INFO] - [ROUND 10]
[2025-01-07 22:08:32,734][flwr][INFO] - configure_fit: strategy sampled 2 clients (out of 10)
[2025-01-07 22:08:44,261][flwr][INFO] - aggregate_fit: received 2 results and 0 failures
[2025-01-07 22:08:45,543][flwr][INFO] - fit progress: (10, 182.4380931854248, {'accuracy': 0.1009}, 142.67999490199873)
[2025-01-07 22:08:45,544][flwr][INFO] - configure_evaluate: strategy sampled 3 clients (out of 10)
[2025-01-07 22:08:46,133][flwr][INFO] - aggregate_evaluate: received 3 results and 0 failures
[2025-01-07 22:08:46,134][flwr][INFO] - 
[2025-01-07 22:08:46,134][flwr][INFO] - [ROUND 11]
[2025-01-07 22:08:46,134][flwr][INFO] - configure_fit: strategy sampled 2 clients (out of 10)
[2025-01-07 22:08:57,669][flwr][INFO] - aggregate_fit: received 2 results and 0 failures
[2025-01-07 22:08:58,985][flwr][INFO] - fit progress: (11, 182.05000233650208, {'accuracy': 0.1032}, 156.12190273000306)
[2025-01-07 22:08:58,986][flwr][INFO] - configure_evaluate: strategy sampled 3 clients (out of 10)
[2025-01-07 22:08:59,480][flwr][INFO] - aggregate_evaluate: received 3 results and 0 failures
[2025-01-07 22:08:59,481][flwr][INFO] - 
[2025-01-07 22:08:59,481][flwr][INFO] - [ROUND 12]
[2025-01-07 22:08:59,481][flwr][INFO] - configure_fit: strategy sampled 2 clients (out of 10)
[2025-01-07 22:09:11,174][flwr][INFO] - aggregate_fit: received 2 results and 0 failures
[2025-01-07 22:09:12,925][flwr][INFO] - fit progress: (12, 182.79551196098328, {'accuracy': 0.1135}, 170.0615898410033)
[2025-01-07 22:09:12,925][flwr][INFO] - configure_evaluate: strategy sampled 3 clients (out of 10)
[2025-01-07 22:09:13,393][flwr][INFO] - aggregate_evaluate: received 3 results and 0 failures
[2025-01-07 22:09:13,393][flwr][INFO] - 
[2025-01-07 22:09:13,393][flwr][INFO] - [ROUND 13]
[2025-01-07 22:09:13,393][flwr][INFO] - configure_fit: strategy sampled 2 clients (out of 10)
[2025-01-07 22:09:24,835][flwr][INFO] - aggregate_fit: received 2 results and 0 failures
[2025-01-07 22:09:26,020][flwr][INFO] - fit progress: (13, 182.11280798912048, {'accuracy': 0.1028}, 183.15666172100464)
[2025-01-07 22:09:26,020][flwr][INFO] - configure_evaluate: strategy sampled 3 clients (out of 10)
[2025-01-07 22:09:26,553][flwr][INFO] - aggregate_evaluate: received 3 results and 0 failures
[2025-01-07 22:09:26,554][flwr][INFO] - 
[2025-01-07 22:09:26,554][flwr][INFO] - [ROUND 14]
[2025-01-07 22:09:26,554][flwr][INFO] - configure_fit: strategy sampled 2 clients (out of 10)
[2025-01-07 22:09:38,261][flwr][INFO] - aggregate_fit: received 2 results and 0 failures
[2025-01-07 22:09:39,745][flwr][INFO] - fit progress: (14, 182.4148337841034, {'accuracy': 0.1032}, 196.8811079549996)
[2025-01-07 22:09:39,745][flwr][INFO] - configure_evaluate: strategy sampled 3 clients (out of 10)
[2025-01-07 22:09:40,229][flwr][INFO] - aggregate_evaluate: received 3 results and 0 failures
[2025-01-07 22:09:40,229][flwr][INFO] - 
[2025-01-07 22:09:40,229][flwr][INFO] - [ROUND 15]
[2025-01-07 22:09:40,229][flwr][INFO] - configure_fit: strategy sampled 2 clients (out of 10)
[2025-01-07 22:09:51,705][flwr][INFO] - aggregate_fit: received 2 results and 0 failures
[2025-01-07 22:09:53,101][flwr][INFO] - fit progress: (15, 182.188800573349, {'accuracy': 0.1135}, 210.23793464399932)
[2025-01-07 22:09:53,102][flwr][INFO] - configure_evaluate: strategy sampled 3 clients (out of 10)
[2025-01-07 22:09:53,621][flwr][INFO] - aggregate_evaluate: received 3 results and 0 failures
[2025-01-07 22:09:53,622][flwr][INFO] - 
[2025-01-07 22:09:53,622][flwr][INFO] - [SUMMARY]
[2025-01-07 22:09:53,622][flwr][INFO] - Run finished 15 round(s) in 210.76s
[2025-01-07 22:09:53,622][flwr][INFO] - 	History (loss, distributed):
[2025-01-07 22:09:53,623][flwr][INFO] - 		round 1: 87.62672130266826
[2025-01-07 22:09:53,623][flwr][INFO] - 		round 2: 87.72933554649353
[2025-01-07 22:09:53,623][flwr][INFO] - 		round 3: 87.79935455322266
[2025-01-07 22:09:53,623][flwr][INFO] - 		round 4: 87.69882742563884
[2025-01-07 22:09:53,623][flwr][INFO] - 		round 5: 87.61698730786641
[2025-01-07 22:09:53,623][flwr][INFO] - 		round 6: 87.52110473314922
[2025-01-07 22:09:53,623][flwr][INFO] - 		round 7: 87.66699878374736
[2025-01-07 22:09:53,623][flwr][INFO] - 		round 8: 87.6666612625122
[2025-01-07 22:09:53,624][flwr][INFO] - 		round 9: 87.6945960521698
[2025-01-07 22:09:53,624][flwr][INFO] - 		round 10: 87.76830299695332
[2025-01-07 22:09:53,624][flwr][INFO] - 		round 11: 87.6562426884969
[2025-01-07 22:09:53,624][flwr][INFO] - 		round 12: 87.72429235776265
[2025-01-07 22:09:53,624][flwr][INFO] - 		round 13: 87.59870775540669
[2025-01-07 22:09:53,624][flwr][INFO] - 		round 14: 87.9620217482249
[2025-01-07 22:09:53,624][flwr][INFO] - 		round 15: 87.78365564346313
[2025-01-07 22:09:53,624][flwr][INFO] - 	History (loss, centralized):
[2025-01-07 22:09:53,625][flwr][INFO] - 		round 0: 182.05073237419128
[2025-01-07 22:09:53,625][flwr][INFO] - 		round 1: 182.15965461730957
[2025-01-07 22:09:53,625][flwr][INFO] - 		round 2: 182.32245802879333
[2025-01-07 22:09:53,625][flwr][INFO] - 		round 3: 182.68207144737244
[2025-01-07 22:09:53,625][flwr][INFO] - 		round 4: 182.4102897644043
[2025-01-07 22:09:53,625][flwr][INFO] - 		round 5: 182.2068099975586
[2025-01-07 22:09:53,625][flwr][INFO] - 		round 6: 182.2142562866211
[2025-01-07 22:09:53,625][flwr][INFO] - 		round 7: 182.42472767829895
[2025-01-07 22:09:53,625][flwr][INFO] - 		round 8: 182.2177460193634
[2025-01-07 22:09:53,626][flwr][INFO] - 		round 9: 182.27676677703857
[2025-01-07 22:09:53,626][flwr][INFO] - 		round 10: 182.4380931854248
[2025-01-07 22:09:53,626][flwr][INFO] - 		round 11: 182.05000233650208
[2025-01-07 22:09:53,626][flwr][INFO] - 		round 12: 182.79551196098328
[2025-01-07 22:09:53,626][flwr][INFO] - 		round 13: 182.11280798912048
[2025-01-07 22:09:53,626][flwr][INFO] - 		round 14: 182.4148337841034
[2025-01-07 22:09:53,626][flwr][INFO] - 		round 15: 182.188800573349
[2025-01-07 22:09:53,626][flwr][INFO] - 	History (metrics, centralized):
[2025-01-07 22:09:53,627][flwr][INFO] - 	{'accuracy': [(0, 0.1017),
[2025-01-07 22:09:53,627][flwr][INFO] - 	              (1, 0.1009),
[2025-01-07 22:09:53,627][flwr][INFO] - 	              (2, 0.0982),
[2025-01-07 22:09:53,627][flwr][INFO] - 	              (3, 0.101),
[2025-01-07 22:09:53,627][flwr][INFO] - 	              (4, 0.1135),
[2025-01-07 22:09:53,627][flwr][INFO] - 	              (5, 0.1028),
[2025-01-07 22:09:53,627][flwr][INFO] - 	              (6, 0.1135),
[2025-01-07 22:09:53,627][flwr][INFO] - 	              (7, 0.0958),
[2025-01-07 22:09:53,628][flwr][INFO] - 	              (8, 0.1135),
[2025-01-07 22:09:53,628][flwr][INFO] - 	              (9, 0.0974),
[2025-01-07 22:09:53,628][flwr][INFO] - 	              (10, 0.1009),
[2025-01-07 22:09:53,628][flwr][INFO] - 	              (11, 0.1032),
[2025-01-07 22:09:53,628][flwr][INFO] - 	              (12, 0.1135),
[2025-01-07 22:09:53,628][flwr][INFO] - 	              (13, 0.1028),
[2025-01-07 22:09:53,628][flwr][INFO] - 	              (14, 0.1032),
[2025-01-07 22:09:53,628][flwr][INFO] - 	              (15, 0.1135)]}
[2025-01-07 22:09:53,629][flwr][INFO] - 
