[2025-01-07 18:22:10,719][flwr][INFO] - Starting Flower simulation, config: num_rounds=10, no round_timeout
[2025-01-07 18:22:14,335][flwr][INFO] - Flower VCE: Ray initialized with resources: {'object_store_memory': 3145318809.0, 'memory': 6290637620.0, 'node:192.168.1.11': 1.0, 'CPU': 12.0, 'node:__internal_head__': 1.0}
[2025-01-07 18:22:14,335][flwr][INFO] - Optimize your simulation with Flower VCE: https://flower.ai/docs/framework/how-to-run-simulations.html
[2025-01-07 18:22:14,335][flwr][INFO] - Flower VCE: Resources for each Virtual Client: {'num_cpus': 2, 'num_gpus': 0}
[2025-01-07 18:22:14,347][flwr][INFO] - Flower VCE: Creating VirtualClientEngineActorPool with 6 actors
[2025-01-07 18:22:14,348][flwr][INFO] - [INIT]
[2025-01-07 18:22:14,349][flwr][INFO] - Requesting initial parameters from one random client
[2025-01-07 18:22:17,014][flwr][INFO] - Received initial parameters from one random client
[2025-01-07 18:22:17,015][flwr][INFO] - Starting evaluation of initial global parameters
[2025-01-07 18:22:18,370][flwr][INFO] - initial parameters (loss, other metrics): 182.212304353714, {'accuracy': 0.0882}
[2025-01-07 18:22:18,371][flwr][INFO] - 
[2025-01-07 18:22:18,371][flwr][INFO] - [ROUND 1]
[2025-01-07 18:22:18,371][flwr][INFO] - configure_fit: strategy sampled 2 clients (out of 20)
[2025-01-07 18:22:26,825][flwr][INFO] - aggregate_fit: received 2 results and 0 failures
[2025-01-07 18:22:26,830][flwr][WARNING] - No fit_metrics_aggregation_fn provided
[2025-01-07 18:22:28,089][flwr][INFO] - fit progress: (1, 182.05372714996338, {'accuracy': 0.1007}, 9.71870854900044)
[2025-01-07 18:22:28,090][flwr][INFO] - configure_evaluate: strategy sampled 5 clients (out of 20)
[2025-01-07 18:22:31,040][flwr][INFO] - aggregate_evaluate: received 5 results and 0 failures
[2025-01-07 18:22:31,040][flwr][WARNING] - No evaluate_metrics_aggregation_fn provided
[2025-01-07 18:22:31,040][flwr][INFO] - 
[2025-01-07 18:22:31,040][flwr][INFO] - [ROUND 2]
[2025-01-07 18:22:31,040][flwr][INFO] - configure_fit: strategy sampled 2 clients (out of 20)
[2025-01-07 18:22:37,292][flwr][INFO] - aggregate_fit: received 2 results and 0 failures
[2025-01-07 18:22:39,255][flwr][INFO] - fit progress: (2, 182.21336269378662, {'accuracy': 0.1143}, 20.884698005000246)
[2025-01-07 18:22:39,256][flwr][INFO] - configure_evaluate: strategy sampled 5 clients (out of 20)
[2025-01-07 18:22:41,566][flwr][INFO] - aggregate_evaluate: received 5 results and 0 failures
[2025-01-07 18:22:41,566][flwr][INFO] - 
[2025-01-07 18:22:41,566][flwr][INFO] - [ROUND 3]
[2025-01-07 18:22:41,566][flwr][INFO] - configure_fit: strategy sampled 2 clients (out of 20)
[2025-01-07 18:22:47,933][flwr][INFO] - aggregate_fit: received 2 results and 0 failures
[2025-01-07 18:22:49,795][flwr][INFO] - fit progress: (3, 182.37051391601562, {'accuracy': 0.1009}, 31.423962234999635)
[2025-01-07 18:22:49,795][flwr][INFO] - configure_evaluate: strategy sampled 5 clients (out of 20)
[2025-01-07 18:22:50,431][flwr][INFO] - aggregate_evaluate: received 5 results and 0 failures
[2025-01-07 18:22:50,431][flwr][INFO] - 
[2025-01-07 18:22:50,431][flwr][INFO] - [ROUND 4]
[2025-01-07 18:22:50,432][flwr][INFO] - configure_fit: strategy sampled 2 clients (out of 20)
[2025-01-07 18:22:57,040][flwr][INFO] - aggregate_fit: received 2 results and 0 failures
[2025-01-07 18:22:58,484][flwr][INFO] - fit progress: (4, 182.36182498931885, {'accuracy': 0.1135}, 40.11311665500398)
[2025-01-07 18:22:58,484][flwr][INFO] - configure_evaluate: strategy sampled 5 clients (out of 20)
[2025-01-07 18:22:59,138][flwr][INFO] - aggregate_evaluate: received 5 results and 0 failures
[2025-01-07 18:22:59,139][flwr][INFO] - 
[2025-01-07 18:22:59,139][flwr][INFO] - [ROUND 5]
[2025-01-07 18:22:59,139][flwr][INFO] - configure_fit: strategy sampled 2 clients (out of 20)
[2025-01-07 18:23:05,519][flwr][INFO] - aggregate_fit: received 2 results and 0 failures
[2025-01-07 18:23:06,822][flwr][INFO] - fit progress: (5, 182.14584159851074, {'accuracy': 0.1032}, 48.45159609000257)
[2025-01-07 18:23:06,823][flwr][INFO] - configure_evaluate: strategy sampled 5 clients (out of 20)
[2025-01-07 18:23:07,495][flwr][INFO] - aggregate_evaluate: received 5 results and 0 failures
[2025-01-07 18:23:07,496][flwr][INFO] - 
[2025-01-07 18:23:07,496][flwr][INFO] - [ROUND 6]
[2025-01-07 18:23:07,496][flwr][INFO] - configure_fit: strategy sampled 2 clients (out of 20)
[2025-01-07 18:23:13,874][flwr][INFO] - aggregate_fit: received 2 results and 0 failures
[2025-01-07 18:23:15,403][flwr][INFO] - fit progress: (6, 182.04914736747742, {'accuracy': 0.101}, 57.03255046200502)
[2025-01-07 18:23:15,403][flwr][INFO] - configure_evaluate: strategy sampled 5 clients (out of 20)
[2025-01-07 18:23:16,038][flwr][INFO] - aggregate_evaluate: received 5 results and 0 failures
[2025-01-07 18:23:16,039][flwr][INFO] - 
[2025-01-07 18:23:16,039][flwr][INFO] - [ROUND 7]
[2025-01-07 18:23:16,039][flwr][INFO] - configure_fit: strategy sampled 2 clients (out of 20)
[2025-01-07 18:23:22,253][flwr][INFO] - aggregate_fit: received 2 results and 0 failures
[2025-01-07 18:23:23,680][flwr][INFO] - fit progress: (7, 182.62402439117432, {'accuracy': 0.1135}, 65.30976754000585)
[2025-01-07 18:23:23,681][flwr][INFO] - configure_evaluate: strategy sampled 5 clients (out of 20)
[2025-01-07 18:23:24,314][flwr][INFO] - aggregate_evaluate: received 5 results and 0 failures
[2025-01-07 18:23:24,314][flwr][INFO] - 
[2025-01-07 18:23:24,314][flwr][INFO] - [ROUND 8]
[2025-01-07 18:23:24,315][flwr][INFO] - configure_fit: strategy sampled 2 clients (out of 20)
[2025-01-07 18:23:30,469][flwr][INFO] - aggregate_fit: received 2 results and 0 failures
[2025-01-07 18:23:31,770][flwr][INFO] - fit progress: (8, 182.35271835327148, {'accuracy': 0.1028}, 73.39919367000402)
[2025-01-07 18:23:31,770][flwr][INFO] - configure_evaluate: strategy sampled 5 clients (out of 20)
[2025-01-07 18:23:32,475][flwr][INFO] - aggregate_evaluate: received 5 results and 0 failures
[2025-01-07 18:23:32,475][flwr][INFO] - 
[2025-01-07 18:23:32,475][flwr][INFO] - [ROUND 9]
[2025-01-07 18:23:32,475][flwr][INFO] - configure_fit: strategy sampled 2 clients (out of 20)
[2025-01-07 18:23:38,841][flwr][INFO] - aggregate_fit: received 2 results and 0 failures
[2025-01-07 18:23:40,611][flwr][INFO] - fit progress: (9, 182.44372057914734, {'accuracy': 0.101}, 82.24071591300162)
[2025-01-07 18:23:40,612][flwr][INFO] - configure_evaluate: strategy sampled 5 clients (out of 20)
[2025-01-07 18:23:41,220][flwr][INFO] - aggregate_evaluate: received 5 results and 0 failures
[2025-01-07 18:23:41,220][flwr][INFO] - 
[2025-01-07 18:23:41,220][flwr][INFO] - [ROUND 10]
[2025-01-07 18:23:41,220][flwr][INFO] - configure_fit: strategy sampled 2 clients (out of 20)
[2025-01-07 18:23:47,577][flwr][INFO] - aggregate_fit: received 2 results and 0 failures
[2025-01-07 18:23:49,580][flwr][INFO] - fit progress: (10, 182.59303498268127, {'accuracy': 0.1032}, 91.20907579800405)
[2025-01-07 18:23:49,580][flwr][INFO] - configure_evaluate: strategy sampled 5 clients (out of 20)
[2025-01-07 18:23:50,196][flwr][INFO] - aggregate_evaluate: received 5 results and 0 failures
[2025-01-07 18:23:50,196][flwr][INFO] - 
[2025-01-07 18:23:50,196][flwr][INFO] - [SUMMARY]
[2025-01-07 18:23:50,196][flwr][INFO] - Run finished 10 round(s) in 91.83s
[2025-01-07 18:23:50,197][flwr][INFO] - 	History (loss, distributed):
[2025-01-07 18:23:50,197][flwr][INFO] - 		round 1: 43.83238549232483
[2025-01-07 18:23:50,197][flwr][INFO] - 		round 2: 43.94014525413513
[2025-01-07 18:23:50,197][flwr][INFO] - 		round 3: 43.90312795639038
[2025-01-07 18:23:50,197][flwr][INFO] - 		round 4: 43.83313112258911
[2025-01-07 18:23:50,197][flwr][INFO] - 		round 5: 43.772172355651854
[2025-01-07 18:23:50,198][flwr][INFO] - 		round 6: 43.754787874221805
[2025-01-07 18:23:50,198][flwr][INFO] - 		round 7: 43.81415753364563
[2025-01-07 18:23:50,198][flwr][INFO] - 		round 8: 43.895288705825806
[2025-01-07 18:23:50,198][flwr][INFO] - 		round 9: 43.95825486183166
[2025-01-07 18:23:50,198][flwr][INFO] - 		round 10: 43.86974310874939
[2025-01-07 18:23:50,198][flwr][INFO] - 	History (loss, centralized):
[2025-01-07 18:23:50,198][flwr][INFO] - 		round 0: 182.212304353714
[2025-01-07 18:23:50,198][flwr][INFO] - 		round 1: 182.05372714996338
[2025-01-07 18:23:50,199][flwr][INFO] - 		round 2: 182.21336269378662
[2025-01-07 18:23:50,199][flwr][INFO] - 		round 3: 182.37051391601562
[2025-01-07 18:23:50,199][flwr][INFO] - 		round 4: 182.36182498931885
[2025-01-07 18:23:50,199][flwr][INFO] - 		round 5: 182.14584159851074
[2025-01-07 18:23:50,199][flwr][INFO] - 		round 6: 182.04914736747742
[2025-01-07 18:23:50,199][flwr][INFO] - 		round 7: 182.62402439117432
[2025-01-07 18:23:50,199][flwr][INFO] - 		round 8: 182.35271835327148
[2025-01-07 18:23:50,199][flwr][INFO] - 		round 9: 182.44372057914734
[2025-01-07 18:23:50,199][flwr][INFO] - 		round 10: 182.59303498268127
[2025-01-07 18:23:50,200][flwr][INFO] - 	History (metrics, centralized):
[2025-01-07 18:23:50,200][flwr][INFO] - 	{'accuracy': [(0, 0.0882),
[2025-01-07 18:23:50,200][flwr][INFO] - 	              (1, 0.1007),
[2025-01-07 18:23:50,200][flwr][INFO] - 	              (2, 0.1143),
[2025-01-07 18:23:50,200][flwr][INFO] - 	              (3, 0.1009),
[2025-01-07 18:23:50,200][flwr][INFO] - 	              (4, 0.1135),
[2025-01-07 18:23:50,200][flwr][INFO] - 	              (5, 0.1032),
[2025-01-07 18:23:50,200][flwr][INFO] - 	              (6, 0.101),
[2025-01-07 18:23:50,200][flwr][INFO] - 	              (7, 0.1135),
[2025-01-07 18:23:50,201][flwr][INFO] - 	              (8, 0.1028),
[2025-01-07 18:23:50,201][flwr][INFO] - 	              (9, 0.101),
[2025-01-07 18:23:50,201][flwr][INFO] - 	              (10, 0.1032)]}
[2025-01-07 18:23:50,201][flwr][INFO] - 
