[2024-12-30 23:27:41,777][flwr][INFO] - Starting Flower simulation, config: num_rounds=10, no round_timeout
[2024-12-30 23:27:45,502][flwr][INFO] - Flower VCE: Ray initialized with resources: {'node:__internal_head__': 1.0, 'CPU': 12.0, 'node:192.168.1.11': 1.0, 'memory': 6061026510.0, 'object_store_memory': 3030513254.0}
[2024-12-30 23:27:45,502][flwr][INFO] - Optimize your simulation with Flower VCE: https://flower.ai/docs/framework/how-to-run-simulations.html
[2024-12-30 23:27:45,502][flwr][INFO] - Flower VCE: Resources for each Virtual Client: {'num_cpus': 2, 'num_gpus': 0}
[2024-12-30 23:27:45,513][flwr][INFO] - Flower VCE: Creating VirtualClientEngineActorPool with 6 actors
[2024-12-30 23:27:45,514][flwr][INFO] - [INIT]
[2024-12-30 23:27:45,514][flwr][INFO] - Using initial global parameters provided by strategy
[2024-12-30 23:27:45,514][flwr][INFO] - Starting evaluation of initial global parameters
[2024-12-30 23:27:48,308][flwr][INFO] - initial parameters (loss, other metrics): 181.53754305839539, {'accuracy': 0.0941}
[2024-12-30 23:27:48,308][flwr][INFO] - 
[2024-12-30 23:27:48,308][flwr][INFO] - [ROUND 1]
[2024-12-30 23:27:48,308][flwr][INFO] - configure_fit: strategy sampled 2 clients (out of 10)
[2024-12-30 23:27:56,860][flwr][INFO] - aggregate_fit: received 2 results and 0 failures
[2024-12-30 23:27:56,866][flwr][WARNING] - No fit_metrics_aggregation_fn provided
[2024-12-30 23:27:58,686][flwr][INFO] - fit progress: (1, 11.49746718723327, {'accuracy': 0.9545}, 10.377814929001033)
[2024-12-30 23:27:58,686][flwr][INFO] - configure_evaluate: strategy sampled 5 clients (out of 10)
[2024-12-30 23:28:02,660][flwr][INFO] - aggregate_evaluate: received 5 results and 0 failures
[2024-12-30 23:28:02,660][flwr][WARNING] - No evaluate_metrics_aggregation_fn provided
[2024-12-30 23:28:02,660][flwr][INFO] - 
[2024-12-30 23:28:02,660][flwr][INFO] - [ROUND 2]
[2024-12-30 23:28:02,660][flwr][INFO] - configure_fit: strategy sampled 2 clients (out of 10)
[2024-12-30 23:28:08,468][flwr][INFO] - aggregate_fit: received 2 results and 0 failures
[2024-12-30 23:28:10,308][flwr][INFO] - fit progress: (2, 5.468947788758669, {'accuracy': 0.9773}, 22.000282618999336)
[2024-12-30 23:28:10,308][flwr][INFO] - configure_evaluate: strategy sampled 5 clients (out of 10)
[2024-12-30 23:28:10,972][flwr][INFO] - aggregate_evaluate: received 5 results and 0 failures
[2024-12-30 23:28:10,972][flwr][INFO] - 
[2024-12-30 23:28:10,973][flwr][INFO] - [ROUND 3]
[2024-12-30 23:28:10,973][flwr][INFO] - configure_fit: strategy sampled 2 clients (out of 10)
[2024-12-30 23:28:16,607][flwr][INFO] - aggregate_fit: received 2 results and 0 failures
[2024-12-30 23:28:18,605][flwr][INFO] - fit progress: (3, 4.805516352065752, {'accuracy': 0.981}, 30.29689316800068)
[2024-12-30 23:28:18,605][flwr][INFO] - configure_evaluate: strategy sampled 5 clients (out of 10)
[2024-12-30 23:28:19,320][flwr][INFO] - aggregate_evaluate: received 5 results and 0 failures
[2024-12-30 23:28:19,320][flwr][INFO] - 
[2024-12-30 23:28:19,320][flwr][INFO] - [ROUND 4]
[2024-12-30 23:28:19,320][flwr][INFO] - configure_fit: strategy sampled 2 clients (out of 10)
[2024-12-30 23:28:25,007][flwr][INFO] - aggregate_fit: received 2 results and 0 failures
[2024-12-30 23:28:26,721][flwr][INFO] - fit progress: (4, 4.512745677944622, {'accuracy': 0.9832}, 38.413129730000946)
[2024-12-30 23:28:26,721][flwr][INFO] - configure_evaluate: strategy sampled 5 clients (out of 10)
[2024-12-30 23:28:27,490][flwr][INFO] - aggregate_evaluate: received 5 results and 0 failures
[2024-12-30 23:28:27,490][flwr][INFO] - 
[2024-12-30 23:28:27,490][flwr][INFO] - [ROUND 5]
[2024-12-30 23:28:27,491][flwr][INFO] - configure_fit: strategy sampled 2 clients (out of 10)
[2024-12-30 23:28:33,093][flwr][INFO] - aggregate_fit: received 2 results and 0 failures
[2024-12-30 23:28:34,760][flwr][INFO] - fit progress: (5, 4.017436706053559, {'accuracy': 0.9847}, 46.45268056400164)
[2024-12-30 23:28:34,761][flwr][INFO] - configure_evaluate: strategy sampled 5 clients (out of 10)
[2024-12-30 23:28:35,507][flwr][INFO] - aggregate_evaluate: received 5 results and 0 failures
[2024-12-30 23:28:35,508][flwr][INFO] - 
[2024-12-30 23:28:35,508][flwr][INFO] - [ROUND 6]
[2024-12-30 23:28:35,508][flwr][INFO] - configure_fit: strategy sampled 2 clients (out of 10)
[2024-12-30 23:28:41,097][flwr][INFO] - aggregate_fit: received 2 results and 0 failures
[2024-12-30 23:28:42,849][flwr][INFO] - fit progress: (6, 3.347838530971785, {'accuracy': 0.9866}, 54.54106443400087)
[2024-12-30 23:28:42,849][flwr][INFO] - configure_evaluate: strategy sampled 5 clients (out of 10)
[2024-12-30 23:28:43,548][flwr][INFO] - aggregate_evaluate: received 5 results and 0 failures
[2024-12-30 23:28:43,549][flwr][INFO] - 
[2024-12-30 23:28:43,549][flwr][INFO] - [ROUND 7]
[2024-12-30 23:28:43,549][flwr][INFO] - configure_fit: strategy sampled 2 clients (out of 10)
[2024-12-30 23:28:49,032][flwr][INFO] - aggregate_fit: received 2 results and 0 failures
[2024-12-30 23:28:50,956][flwr][INFO] - fit progress: (7, 3.0538047271447795, {'accuracy': 0.9888}, 62.64864786900216)
[2024-12-30 23:28:50,957][flwr][INFO] - configure_evaluate: strategy sampled 5 clients (out of 10)
[2024-12-30 23:28:51,661][flwr][INFO] - aggregate_evaluate: received 5 results and 0 failures
[2024-12-30 23:28:51,661][flwr][INFO] - 
[2024-12-30 23:28:51,662][flwr][INFO] - [ROUND 8]
[2024-12-30 23:28:51,662][flwr][INFO] - configure_fit: strategy sampled 2 clients (out of 10)
[2024-12-30 23:28:57,302][flwr][INFO] - aggregate_fit: received 2 results and 0 failures
[2024-12-30 23:28:58,711][flwr][INFO] - fit progress: (8, 3.348482964800496, {'accuracy': 0.9882}, 70.40330120100043)
[2024-12-30 23:28:58,711][flwr][INFO] - configure_evaluate: strategy sampled 5 clients (out of 10)
[2024-12-30 23:28:59,547][flwr][INFO] - aggregate_evaluate: received 5 results and 0 failures
[2024-12-30 23:28:59,548][flwr][INFO] - 
[2024-12-30 23:28:59,548][flwr][INFO] - [ROUND 9]
[2024-12-30 23:28:59,548][flwr][INFO] - configure_fit: strategy sampled 2 clients (out of 10)
[2024-12-30 23:29:05,081][flwr][INFO] - aggregate_fit: received 2 results and 0 failures
[2024-12-30 23:29:06,547][flwr][INFO] - fit progress: (9, 3.3554140436772286, {'accuracy': 0.9877}, 78.23959234500217)
[2024-12-30 23:29:06,548][flwr][INFO] - configure_evaluate: strategy sampled 5 clients (out of 10)
[2024-12-30 23:29:07,320][flwr][INFO] - aggregate_evaluate: received 5 results and 0 failures
[2024-12-30 23:29:07,320][flwr][INFO] - 
[2024-12-30 23:29:07,321][flwr][INFO] - [ROUND 10]
[2024-12-30 23:29:07,321][flwr][INFO] - configure_fit: strategy sampled 2 clients (out of 10)
[2024-12-30 23:29:13,212][flwr][INFO] - aggregate_fit: received 2 results and 0 failures
[2024-12-30 23:29:15,631][flwr][INFO] - fit progress: (10, 3.0813568785542884, {'accuracy': 0.988}, 87.32279274900066)
[2024-12-30 23:29:15,631][flwr][INFO] - configure_evaluate: strategy sampled 5 clients (out of 10)
[2024-12-30 23:29:16,376][flwr][INFO] - aggregate_evaluate: received 5 results and 0 failures
[2024-12-30 23:29:16,377][flwr][INFO] - 
[2024-12-30 23:29:16,377][flwr][INFO] - [SUMMARY]
[2024-12-30 23:29:16,377][flwr][INFO] - Run finished 10 round(s) in 88.07s
[2024-12-30 23:29:16,378][flwr][INFO] - 	History (loss, distributed):
[2024-12-30 23:29:16,378][flwr][INFO] - 		round 1: 2.766888502985239
[2024-12-30 23:29:16,378][flwr][INFO] - 		round 2: 1.4741830860031768
[2024-12-30 23:29:16,378][flwr][INFO] - 		round 3: 1.411437784752343
[2024-12-30 23:29:16,378][flwr][INFO] - 		round 4: 1.208129482899676
[2024-12-30 23:29:16,378][flwr][INFO] - 		round 5: 1.3102804626105353
[2024-12-30 23:29:16,378][flwr][INFO] - 		round 6: 1.174309139221441
[2024-12-30 23:29:16,378][flwr][INFO] - 		round 7: 0.9508000139932846
[2024-12-30 23:29:16,379][flwr][INFO] - 		round 8: 1.1336379613036116
[2024-12-30 23:29:16,379][flwr][INFO] - 		round 9: 1.0819285443292757
[2024-12-30 23:29:16,379][flwr][INFO] - 		round 10: 0.9901573673952953
[2024-12-30 23:29:16,379][flwr][INFO] - 	History (loss, centralized):
[2024-12-30 23:29:16,379][flwr][INFO] - 		round 0: 181.53754305839539
[2024-12-30 23:29:16,379][flwr][INFO] - 		round 1: 11.49746718723327
[2024-12-30 23:29:16,379][flwr][INFO] - 		round 2: 5.468947788758669
[2024-12-30 23:29:16,379][flwr][INFO] - 		round 3: 4.805516352065752
[2024-12-30 23:29:16,379][flwr][INFO] - 		round 4: 4.512745677944622
[2024-12-30 23:29:16,380][flwr][INFO] - 		round 5: 4.017436706053559
[2024-12-30 23:29:16,380][flwr][INFO] - 		round 6: 3.347838530971785
[2024-12-30 23:29:16,380][flwr][INFO] - 		round 7: 3.0538047271447795
[2024-12-30 23:29:16,380][flwr][INFO] - 		round 8: 3.348482964800496
[2024-12-30 23:29:16,380][flwr][INFO] - 		round 9: 3.3554140436772286
[2024-12-30 23:29:16,380][flwr][INFO] - 		round 10: 3.0813568785542884
[2024-12-30 23:29:16,380][flwr][INFO] - 	History (metrics, centralized):
[2024-12-30 23:29:16,380][flwr][INFO] - 	{'accuracy': [(0, 0.0941),
[2024-12-30 23:29:16,380][flwr][INFO] - 	              (1, 0.9545),
[2024-12-30 23:29:16,381][flwr][INFO] - 	              (2, 0.9773),
[2024-12-30 23:29:16,381][flwr][INFO] - 	              (3, 0.981),
[2024-12-30 23:29:16,381][flwr][INFO] - 	              (4, 0.9832),
[2024-12-30 23:29:16,381][flwr][INFO] - 	              (5, 0.9847),
[2024-12-30 23:29:16,381][flwr][INFO] - 	              (6, 0.9866),
[2024-12-30 23:29:16,381][flwr][INFO] - 	              (7, 0.9888),
[2024-12-30 23:29:16,381][flwr][INFO] - 	              (8, 0.9882),
[2024-12-30 23:29:16,381][flwr][INFO] - 	              (9, 0.9877),
[2024-12-30 23:29:16,381][flwr][INFO] - 	              (10, 0.988)]}
[2024-12-30 23:29:16,382][flwr][INFO] - 
