[2025-01-07 17:29:30,706][flwr][INFO] - Starting Flower simulation, config: num_rounds=10, no round_timeout
[2025-01-07 17:29:34,182][flwr][INFO] - Flower VCE: Ray initialized with resources: {'node:__internal_head__': 1.0, 'memory': 6339860891.0, 'object_store_memory': 3169930444.0, 'node:192.168.1.11': 1.0, 'CPU': 12.0}
[2025-01-07 17:29:34,182][flwr][INFO] - Optimize your simulation with Flower VCE: https://flower.ai/docs/framework/how-to-run-simulations.html
[2025-01-07 17:29:34,182][flwr][INFO] - Flower VCE: Resources for each Virtual Client: {'num_cpus': 2, 'num_gpus': 0}
[2025-01-07 17:29:34,188][flwr][INFO] - Flower VCE: Creating VirtualClientEngineActorPool with 6 actors
[2025-01-07 17:29:34,189][flwr][INFO] - [INIT]
[2025-01-07 17:29:34,189][flwr][INFO] - Requesting initial parameters from one random client
[2025-01-07 17:29:37,025][flwr][INFO] - Received initial parameters from one random client
[2025-01-07 17:29:37,026][flwr][INFO] - Starting evaluation of initial global parameters
[2025-01-07 17:29:38,319][flwr][INFO] - initial parameters (loss, other metrics): 181.98495316505432, {'accuracy': 0.0977}
[2025-01-07 17:29:38,320][flwr][INFO] - 
[2025-01-07 17:29:38,320][flwr][INFO] - [ROUND 1]
[2025-01-07 17:29:38,320][flwr][INFO] - configure_fit: strategy sampled 2 clients (out of 10)
[2025-01-07 17:29:45,990][flwr][INFO] - aggregate_fit: received 2 results and 0 failures
[2025-01-07 17:29:45,997][flwr][WARNING] - No fit_metrics_aggregation_fn provided
[2025-01-07 17:29:47,448][flwr][INFO] - fit progress: (1, 9.633058990933932, {'accuracy': 0.9626}, 9.128715767998074)
[2025-01-07 17:29:47,449][flwr][INFO] - configure_evaluate: strategy sampled 2 clients (out of 10)
[2025-01-07 17:29:47,796][flwr][INFO] - aggregate_evaluate: received 2 results and 0 failures
[2025-01-07 17:29:47,797][flwr][WARNING] - No evaluate_metrics_aggregation_fn provided
[2025-01-07 17:29:47,797][flwr][INFO] - 
[2025-01-07 17:29:47,797][flwr][INFO] - [ROUND 2]
[2025-01-07 17:29:47,797][flwr][INFO] - configure_fit: strategy sampled 2 clients (out of 10)
[2025-01-07 17:29:52,968][flwr][INFO] - aggregate_fit: received 2 results and 0 failures
[2025-01-07 17:29:54,309][flwr][INFO] - fit progress: (2, 6.000963805563515, {'accuracy': 0.9744}, 15.989850222002133)
[2025-01-07 17:29:54,310][flwr][INFO] - configure_evaluate: strategy sampled 2 clients (out of 10)
[2025-01-07 17:29:54,691][flwr][INFO] - aggregate_evaluate: received 2 results and 0 failures
[2025-01-07 17:29:54,691][flwr][INFO] - 
[2025-01-07 17:29:54,691][flwr][INFO] - [ROUND 3]
[2025-01-07 17:29:54,692][flwr][INFO] - configure_fit: strategy sampled 2 clients (out of 10)
[2025-01-07 17:29:59,717][flwr][INFO] - aggregate_fit: received 2 results and 0 failures
[2025-01-07 17:30:01,398][flwr][INFO] - fit progress: (3, 4.469945210614242, {'accuracy': 0.9813}, 23.07827642600023)
[2025-01-07 17:30:01,398][flwr][INFO] - configure_evaluate: strategy sampled 2 clients (out of 10)
[2025-01-07 17:30:01,758][flwr][INFO] - aggregate_evaluate: received 2 results and 0 failures
[2025-01-07 17:30:01,758][flwr][INFO] - 
[2025-01-07 17:30:01,758][flwr][INFO] - [ROUND 4]
[2025-01-07 17:30:01,758][flwr][INFO] - configure_fit: strategy sampled 2 clients (out of 10)
[2025-01-07 17:30:06,748][flwr][INFO] - aggregate_fit: received 2 results and 0 failures
[2025-01-07 17:30:08,031][flwr][INFO] - fit progress: (4, 4.762137767560489, {'accuracy': 0.9816}, 29.71193383899663)
[2025-01-07 17:30:08,032][flwr][INFO] - configure_evaluate: strategy sampled 2 clients (out of 10)
[2025-01-07 17:30:08,417][flwr][INFO] - aggregate_evaluate: received 2 results and 0 failures
[2025-01-07 17:30:08,418][flwr][INFO] - 
[2025-01-07 17:30:08,418][flwr][INFO] - [ROUND 5]
[2025-01-07 17:30:08,418][flwr][INFO] - configure_fit: strategy sampled 2 clients (out of 10)
[2025-01-07 17:30:13,460][flwr][INFO] - aggregate_fit: received 2 results and 0 failures
[2025-01-07 17:30:15,566][flwr][INFO] - fit progress: (5, 3.545749042459647, {'accuracy': 0.9855}, 37.246100233001926)
[2025-01-07 17:30:15,566][flwr][INFO] - configure_evaluate: strategy sampled 2 clients (out of 10)
[2025-01-07 17:30:15,880][flwr][INFO] - aggregate_evaluate: received 2 results and 0 failures
[2025-01-07 17:30:15,880][flwr][INFO] - 
[2025-01-07 17:30:15,880][flwr][INFO] - [ROUND 6]
[2025-01-07 17:30:15,880][flwr][INFO] - configure_fit: strategy sampled 2 clients (out of 10)
[2025-01-07 17:30:20,836][flwr][INFO] - aggregate_fit: received 2 results and 0 failures
[2025-01-07 17:30:22,147][flwr][INFO] - fit progress: (6, 3.5797352501031128, {'accuracy': 0.9867}, 43.827894021997054)
[2025-01-07 17:30:22,148][flwr][INFO] - configure_evaluate: strategy sampled 2 clients (out of 10)
[2025-01-07 17:30:22,521][flwr][INFO] - aggregate_evaluate: received 2 results and 0 failures
[2025-01-07 17:30:22,522][flwr][INFO] - 
[2025-01-07 17:30:22,522][flwr][INFO] - [ROUND 7]
[2025-01-07 17:30:22,522][flwr][INFO] - configure_fit: strategy sampled 2 clients (out of 10)
[2025-01-07 17:30:27,509][flwr][INFO] - aggregate_fit: received 2 results and 0 failures
[2025-01-07 17:30:29,586][flwr][INFO] - fit progress: (7, 3.510926265404123, {'accuracy': 0.9884}, 51.266304999997374)
[2025-01-07 17:30:29,586][flwr][INFO] - configure_evaluate: strategy sampled 2 clients (out of 10)
[2025-01-07 17:30:29,937][flwr][INFO] - aggregate_evaluate: received 2 results and 0 failures
[2025-01-07 17:30:29,937][flwr][INFO] - 
[2025-01-07 17:30:29,937][flwr][INFO] - [ROUND 8]
[2025-01-07 17:30:29,937][flwr][INFO] - configure_fit: strategy sampled 2 clients (out of 10)
[2025-01-07 17:30:35,015][flwr][INFO] - aggregate_fit: received 2 results and 0 failures
[2025-01-07 17:30:36,243][flwr][INFO] - fit progress: (8, 3.7686677182268795, {'accuracy': 0.9867}, 57.923062239999126)
[2025-01-07 17:30:36,243][flwr][INFO] - configure_evaluate: strategy sampled 2 clients (out of 10)
[2025-01-07 17:30:36,599][flwr][INFO] - aggregate_evaluate: received 2 results and 0 failures
[2025-01-07 17:30:36,599][flwr][INFO] - 
[2025-01-07 17:30:36,600][flwr][INFO] - [ROUND 9]
[2025-01-07 17:30:36,600][flwr][INFO] - configure_fit: strategy sampled 2 clients (out of 10)
[2025-01-07 17:30:41,668][flwr][INFO] - aggregate_fit: received 2 results and 0 failures
[2025-01-07 17:30:42,943][flwr][INFO] - fit progress: (9, 3.625954734662173, {'accuracy': 0.9876}, 64.62326005600335)
[2025-01-07 17:30:42,943][flwr][INFO] - configure_evaluate: strategy sampled 2 clients (out of 10)
[2025-01-07 17:30:43,343][flwr][INFO] - aggregate_evaluate: received 2 results and 0 failures
[2025-01-07 17:30:43,343][flwr][INFO] - 
[2025-01-07 17:30:43,343][flwr][INFO] - [ROUND 10]
[2025-01-07 17:30:43,343][flwr][INFO] - configure_fit: strategy sampled 2 clients (out of 10)
[2025-01-07 17:30:48,445][flwr][INFO] - aggregate_fit: received 2 results and 0 failures
[2025-01-07 17:30:49,724][flwr][INFO] - fit progress: (10, 3.571119503965747, {'accuracy': 0.9876}, 71.40435061100288)
[2025-01-07 17:30:49,724][flwr][INFO] - configure_evaluate: strategy sampled 2 clients (out of 10)
[2025-01-07 17:30:50,108][flwr][INFO] - aggregate_evaluate: received 2 results and 0 failures
[2025-01-07 17:30:50,108][flwr][INFO] - 
[2025-01-07 17:30:50,108][flwr][INFO] - [SUMMARY]
[2025-01-07 17:30:50,108][flwr][INFO] - Run finished 10 round(s) in 71.79s
[2025-01-07 17:30:50,109][flwr][INFO] - 	History (loss, distributed):
[2025-01-07 17:30:50,109][flwr][INFO] - 		round 1: 2.6448596296831965
[2025-01-07 17:30:50,109][flwr][INFO] - 		round 2: 1.9096558029996231
[2025-01-07 17:30:50,109][flwr][INFO] - 		round 3: 1.3328512830194086
[2025-01-07 17:30:50,109][flwr][INFO] - 		round 4: 1.574191767242155
[2025-01-07 17:30:50,109][flwr][INFO] - 		round 5: 0.9924368730571587
[2025-01-07 17:30:50,109][flwr][INFO] - 		round 6: 0.9131122977596533
[2025-01-07 17:30:50,109][flwr][INFO] - 		round 7: 1.1231901863029634
[2025-01-07 17:30:50,109][flwr][INFO] - 		round 8: 1.3998155428953396
[2025-01-07 17:30:50,109][flwr][INFO] - 		round 9: 1.1166767766108023
[2025-01-07 17:30:50,110][flwr][INFO] - 		round 10: 1.1228842140644701
[2025-01-07 17:30:50,110][flwr][INFO] - 	History (loss, centralized):
[2025-01-07 17:30:50,110][flwr][INFO] - 		round 0: 181.98495316505432
[2025-01-07 17:30:50,110][flwr][INFO] - 		round 1: 9.633058990933932
[2025-01-07 17:30:50,110][flwr][INFO] - 		round 2: 6.000963805563515
[2025-01-07 17:30:50,110][flwr][INFO] - 		round 3: 4.469945210614242
[2025-01-07 17:30:50,110][flwr][INFO] - 		round 4: 4.762137767560489
[2025-01-07 17:30:50,110][flwr][INFO] - 		round 5: 3.545749042459647
[2025-01-07 17:30:50,110][flwr][INFO] - 		round 6: 3.5797352501031128
[2025-01-07 17:30:50,110][flwr][INFO] - 		round 7: 3.510926265404123
[2025-01-07 17:30:50,110][flwr][INFO] - 		round 8: 3.7686677182268795
[2025-01-07 17:30:50,110][flwr][INFO] - 		round 9: 3.625954734662173
[2025-01-07 17:30:50,111][flwr][INFO] - 		round 10: 3.571119503965747
[2025-01-07 17:30:50,111][flwr][INFO] - 	History (metrics, centralized):
[2025-01-07 17:30:50,111][flwr][INFO] - 	{'accuracy': [(0, 0.0977),
[2025-01-07 17:30:50,111][flwr][INFO] - 	              (1, 0.9626),
[2025-01-07 17:30:50,111][flwr][INFO] - 	              (2, 0.9744),
[2025-01-07 17:30:50,111][flwr][INFO] - 	              (3, 0.9813),
[2025-01-07 17:30:50,111][flwr][INFO] - 	              (4, 0.9816),
[2025-01-07 17:30:50,111][flwr][INFO] - 	              (5, 0.9855),
[2025-01-07 17:30:50,111][flwr][INFO] - 	              (6, 0.9867),
[2025-01-07 17:30:50,111][flwr][INFO] - 	              (7, 0.9884),
[2025-01-07 17:30:50,111][flwr][INFO] - 	              (8, 0.9867),
[2025-01-07 17:30:50,111][flwr][INFO] - 	              (9, 0.9876),
[2025-01-07 17:30:50,111][flwr][INFO] - 	              (10, 0.9876)]}
[2025-01-07 17:30:50,111][flwr][INFO] - 
