[2025-01-07 17:32:43,134][flwr][INFO] - Starting Flower simulation, config: num_rounds=10, no round_timeout
[2025-01-07 17:32:46,641][flwr][INFO] - Flower VCE: Ray initialized with resources: {'CPU': 12.0, 'node:192.168.1.11': 1.0, 'memory': 6387213927.0, 'object_store_memory': 3193606963.0, 'node:__internal_head__': 1.0}
[2025-01-07 17:32:46,641][flwr][INFO] - Optimize your simulation with Flower VCE: https://flower.ai/docs/framework/how-to-run-simulations.html
[2025-01-07 17:32:46,641][flwr][INFO] - Flower VCE: Resources for each Virtual Client: {'num_cpus': 2, 'num_gpus': 0}
[2025-01-07 17:32:46,648][flwr][INFO] - Flower VCE: Creating VirtualClientEngineActorPool with 6 actors
[2025-01-07 17:32:46,649][flwr][INFO] - [INIT]
[2025-01-07 17:32:46,649][flwr][INFO] - Requesting initial parameters from one random client
[2025-01-07 17:32:49,490][flwr][INFO] - Received initial parameters from one random client
[2025-01-07 17:32:49,490][flwr][INFO] - Starting evaluation of initial global parameters
[2025-01-07 17:32:50,804][flwr][INFO] - initial parameters (loss, other metrics): 181.96883416175842, {'accuracy': 0.0987}
[2025-01-07 17:32:50,804][flwr][INFO] - 
[2025-01-07 17:32:50,804][flwr][INFO] - [ROUND 1]
[2025-01-07 17:32:50,805][flwr][INFO] - configure_fit: strategy sampled 2 clients (out of 10)
[2025-01-07 17:32:58,036][flwr][INFO] - aggregate_fit: received 2 results and 0 failures
[2025-01-07 17:32:58,040][flwr][WARNING] - No fit_metrics_aggregation_fn provided
[2025-01-07 17:32:59,188][flwr][INFO] - fit progress: (1, 113.80812978744507, {'accuracy': 0.6404}, 8.383632227996713)
[2025-01-07 17:32:59,188][flwr][INFO] - configure_evaluate: strategy sampled 2 clients (out of 10)
[2025-01-07 17:32:59,574][flwr][INFO] - aggregate_evaluate: received 2 results and 0 failures
[2025-01-07 17:32:59,575][flwr][WARNING] - No evaluate_metrics_aggregation_fn provided
[2025-01-07 17:32:59,575][flwr][INFO] - 
[2025-01-07 17:32:59,575][flwr][INFO] - [ROUND 2]
[2025-01-07 17:32:59,575][flwr][INFO] - configure_fit: strategy sampled 2 clients (out of 10)
[2025-01-07 17:33:04,737][flwr][INFO] - aggregate_fit: received 2 results and 0 failures
[2025-01-07 17:33:06,086][flwr][INFO] - fit progress: (2, 21.0872974768281, {'accuracy': 0.932}, 15.281681631997344)
[2025-01-07 17:33:06,086][flwr][INFO] - configure_evaluate: strategy sampled 2 clients (out of 10)
[2025-01-07 17:33:06,474][flwr][INFO] - aggregate_evaluate: received 2 results and 0 failures
[2025-01-07 17:33:06,475][flwr][INFO] - 
[2025-01-07 17:33:06,475][flwr][INFO] - [ROUND 3]
[2025-01-07 17:33:06,475][flwr][INFO] - configure_fit: strategy sampled 2 clients (out of 10)
[2025-01-07 17:33:11,493][flwr][INFO] - aggregate_fit: received 2 results and 0 failures
[2025-01-07 17:33:12,911][flwr][INFO] - fit progress: (3, 11.84963679430075, {'accuracy': 0.9615}, 22.106303109998407)
[2025-01-07 17:33:12,911][flwr][INFO] - configure_evaluate: strategy sampled 2 clients (out of 10)
[2025-01-07 17:33:13,301][flwr][INFO] - aggregate_evaluate: received 2 results and 0 failures
[2025-01-07 17:33:13,301][flwr][INFO] - 
[2025-01-07 17:33:13,301][flwr][INFO] - [ROUND 4]
[2025-01-07 17:33:13,301][flwr][INFO] - configure_fit: strategy sampled 2 clients (out of 10)
[2025-01-07 17:33:18,372][flwr][INFO] - aggregate_fit: received 2 results and 0 failures
[2025-01-07 17:33:19,922][flwr][INFO] - fit progress: (4, 14.955911323428154, {'accuracy': 0.9522}, 29.11760075699567)
[2025-01-07 17:33:19,922][flwr][INFO] - configure_evaluate: strategy sampled 2 clients (out of 10)
[2025-01-07 17:33:20,251][flwr][INFO] - aggregate_evaluate: received 2 results and 0 failures
[2025-01-07 17:33:20,251][flwr][INFO] - 
[2025-01-07 17:33:20,251][flwr][INFO] - [ROUND 5]
[2025-01-07 17:33:20,252][flwr][INFO] - configure_fit: strategy sampled 2 clients (out of 10)
[2025-01-07 17:33:25,338][flwr][INFO] - aggregate_fit: received 2 results and 0 failures
[2025-01-07 17:33:26,718][flwr][INFO] - fit progress: (5, 11.790786514293359, {'accuracy': 0.9657}, 35.913945396998315)
[2025-01-07 17:33:26,719][flwr][INFO] - configure_evaluate: strategy sampled 2 clients (out of 10)
[2025-01-07 17:33:27,115][flwr][INFO] - aggregate_evaluate: received 2 results and 0 failures
[2025-01-07 17:33:27,115][flwr][INFO] - 
[2025-01-07 17:33:27,115][flwr][INFO] - [ROUND 6]
[2025-01-07 17:33:27,115][flwr][INFO] - configure_fit: strategy sampled 2 clients (out of 10)
[2025-01-07 17:33:32,326][flwr][INFO] - aggregate_fit: received 2 results and 0 failures
[2025-01-07 17:33:33,641][flwr][INFO] - fit progress: (6, 14.542827729135752, {'accuracy': 0.9608}, 42.83618918099819)
[2025-01-07 17:33:33,641][flwr][INFO] - configure_evaluate: strategy sampled 2 clients (out of 10)
[2025-01-07 17:33:34,022][flwr][INFO] - aggregate_evaluate: received 2 results and 0 failures
[2025-01-07 17:33:34,022][flwr][INFO] - 
[2025-01-07 17:33:34,022][flwr][INFO] - [ROUND 7]
[2025-01-07 17:33:34,022][flwr][INFO] - configure_fit: strategy sampled 2 clients (out of 10)
[2025-01-07 17:33:39,179][flwr][INFO] - aggregate_fit: received 2 results and 0 failures
[2025-01-07 17:33:40,569][flwr][INFO] - fit progress: (7, 9.299722588271834, {'accuracy': 0.9726}, 49.76483368300251)
[2025-01-07 17:33:40,569][flwr][INFO] - configure_evaluate: strategy sampled 2 clients (out of 10)
[2025-01-07 17:33:40,932][flwr][INFO] - aggregate_evaluate: received 2 results and 0 failures
[2025-01-07 17:33:40,932][flwr][INFO] - 
[2025-01-07 17:33:40,932][flwr][INFO] - [ROUND 8]
[2025-01-07 17:33:40,932][flwr][INFO] - configure_fit: strategy sampled 2 clients (out of 10)
[2025-01-07 17:33:46,381][flwr][INFO] - aggregate_fit: received 2 results and 0 failures
[2025-01-07 17:33:47,590][flwr][INFO] - fit progress: (8, 11.17447757197806, {'accuracy': 0.9729}, 56.78542911900149)
[2025-01-07 17:33:47,590][flwr][INFO] - configure_evaluate: strategy sampled 2 clients (out of 10)
[2025-01-07 17:33:47,962][flwr][INFO] - aggregate_evaluate: received 2 results and 0 failures
[2025-01-07 17:33:47,962][flwr][INFO] - 
[2025-01-07 17:33:47,962][flwr][INFO] - [ROUND 9]
[2025-01-07 17:33:47,962][flwr][INFO] - configure_fit: strategy sampled 2 clients (out of 10)
[2025-01-07 17:33:53,506][flwr][INFO] - aggregate_fit: received 2 results and 0 failures
[2025-01-07 17:33:54,660][flwr][INFO] - fit progress: (9, 9.11404859853792, {'accuracy': 0.9743}, 63.855714949000685)
[2025-01-07 17:33:54,660][flwr][INFO] - configure_evaluate: strategy sampled 2 clients (out of 10)
[2025-01-07 17:33:55,041][flwr][INFO] - aggregate_evaluate: received 2 results and 0 failures
[2025-01-07 17:33:55,041][flwr][INFO] - 
[2025-01-07 17:33:55,041][flwr][INFO] - [ROUND 10]
[2025-01-07 17:33:55,041][flwr][INFO] - configure_fit: strategy sampled 2 clients (out of 10)
[2025-01-07 17:34:01,379][flwr][INFO] - aggregate_fit: received 2 results and 0 failures
[2025-01-07 17:34:02,597][flwr][INFO] - fit progress: (10, 15.071942688897252, {'accuracy': 0.962}, 71.79249132399855)
[2025-01-07 17:34:02,597][flwr][INFO] - configure_evaluate: strategy sampled 2 clients (out of 10)
[2025-01-07 17:34:02,983][flwr][INFO] - aggregate_evaluate: received 2 results and 0 failures
[2025-01-07 17:34:02,983][flwr][INFO] - 
[2025-01-07 17:34:02,983][flwr][INFO] - [SUMMARY]
[2025-01-07 17:34:02,983][flwr][INFO] - Run finished 10 round(s) in 72.18s
[2025-01-07 17:34:02,984][flwr][INFO] - 	History (loss, distributed):
[2025-01-07 17:34:02,984][flwr][INFO] - 		round 1: 28.05641335248947
[2025-01-07 17:34:02,984][flwr][INFO] - 		round 2: 4.955586805939674
[2025-01-07 17:34:02,984][flwr][INFO] - 		round 3: 3.0074236255604774
[2025-01-07 17:34:02,984][flwr][INFO] - 		round 4: 4.015123445540667
[2025-01-07 17:34:02,984][flwr][INFO] - 		round 5: 2.817768424953101
[2025-01-07 17:34:02,984][flwr][INFO] - 		round 6: 3.8206477016210556
[2025-01-07 17:34:02,984][flwr][INFO] - 		round 7: 2.186432395115844
[2025-01-07 17:34:02,985][flwr][INFO] - 		round 8: 2.987460656731855
[2025-01-07 17:34:02,985][flwr][INFO] - 		round 9: 3.114246089855442
[2025-01-07 17:34:02,985][flwr][INFO] - 		round 10: 4.185600597411394
[2025-01-07 17:34:02,985][flwr][INFO] - 	History (loss, centralized):
[2025-01-07 17:34:02,985][flwr][INFO] - 		round 0: 181.96883416175842
[2025-01-07 17:34:02,985][flwr][INFO] - 		round 1: 113.80812978744507
[2025-01-07 17:34:02,985][flwr][INFO] - 		round 2: 21.0872974768281
[2025-01-07 17:34:02,985][flwr][INFO] - 		round 3: 11.84963679430075
[2025-01-07 17:34:02,985][flwr][INFO] - 		round 4: 14.955911323428154
[2025-01-07 17:34:02,986][flwr][INFO] - 		round 5: 11.790786514293359
[2025-01-07 17:34:02,986][flwr][INFO] - 		round 6: 14.542827729135752
[2025-01-07 17:34:02,986][flwr][INFO] - 		round 7: 9.299722588271834
[2025-01-07 17:34:02,986][flwr][INFO] - 		round 8: 11.17447757197806
[2025-01-07 17:34:02,986][flwr][INFO] - 		round 9: 9.11404859853792
[2025-01-07 17:34:02,986][flwr][INFO] - 		round 10: 15.071942688897252
[2025-01-07 17:34:02,986][flwr][INFO] - 	History (metrics, centralized):
[2025-01-07 17:34:02,986][flwr][INFO] - 	{'accuracy': [(0, 0.0987),
[2025-01-07 17:34:02,986][flwr][INFO] - 	              (1, 0.6404),
[2025-01-07 17:34:02,986][flwr][INFO] - 	              (2, 0.932),
[2025-01-07 17:34:02,987][flwr][INFO] - 	              (3, 0.9615),
[2025-01-07 17:34:02,987][flwr][INFO] - 	              (4, 0.9522),
[2025-01-07 17:34:02,987][flwr][INFO] - 	              (5, 0.9657),
[2025-01-07 17:34:02,987][flwr][INFO] - 	              (6, 0.9608),
[2025-01-07 17:34:02,987][flwr][INFO] - 	              (7, 0.9726),
[2025-01-07 17:34:02,987][flwr][INFO] - 	              (8, 0.9729),
[2025-01-07 17:34:02,987][flwr][INFO] - 	              (9, 0.9743),
[2025-01-07 17:34:02,987][flwr][INFO] - 	              (10, 0.962)]}
[2025-01-07 17:34:02,987][flwr][INFO] - 
