[2024-12-30 22:41:15,866][flwr][INFO] - Starting Flower simulation, config: num_rounds=10, no round_timeout
[2024-12-30 22:41:19,483][flwr][INFO] - Flower VCE: Ray initialized with resources: {'node:__internal_head__': 1.0, 'CPU': 12.0, 'node:192.168.1.11': 1.0, 'object_store_memory': 2554230374.0, 'memory': 5108460750.0}
[2024-12-30 22:41:19,483][flwr][INFO] - Optimize your simulation with Flower VCE: https://flower.ai/docs/framework/how-to-run-simulations.html
[2024-12-30 22:41:19,483][flwr][INFO] - Flower VCE: Resources for each Virtual Client: {'num_cpus': 2, 'num_gpus': 0}
[2024-12-30 22:41:19,494][flwr][INFO] - Flower VCE: Creating VirtualClientEngineActorPool with 6 actors
[2024-12-30 22:41:19,495][flwr][INFO] - [INIT]
[2024-12-30 22:41:19,495][flwr][INFO] - Using initial global parameters provided by strategy
[2024-12-30 22:41:19,495][flwr][INFO] - Starting evaluation of initial global parameters
[2024-12-30 22:41:22,241][flwr][INFO] - initial parameters (loss, other metrics): 182.1531810760498, {'accuracy': 0.1182}
[2024-12-30 22:41:22,241][flwr][INFO] - 
[2024-12-30 22:41:22,241][flwr][INFO] - [ROUND 1]
[2024-12-30 22:41:22,243][flwr][INFO] - configure_fit: strategy sampled 2 clients (out of 10)
[2024-12-30 22:41:31,872][flwr][INFO] - aggregate_fit: received 2 results and 0 failures
[2024-12-30 22:41:33,135][flwr][WARNING] - No fit_metrics_aggregation_fn provided
[2024-12-30 22:41:34,481][flwr][INFO] - fit progress: (1, 81.28571635484695, {'accuracy': 0.9702}, 12.24007905000326)
[2024-12-30 22:41:34,481][flwr][INFO] - configure_evaluate: strategy sampled 2 clients (out of 10)
[2024-12-30 22:41:34,877][flwr][INFO] - aggregate_evaluate: received 2 results and 0 failures
[2024-12-30 22:41:34,877][flwr][WARNING] - No evaluate_metrics_aggregation_fn provided
[2024-12-30 22:41:34,877][flwr][INFO] - 
[2024-12-30 22:41:34,877][flwr][INFO] - [ROUND 2]
[2024-12-30 22:41:34,880][flwr][INFO] - configure_fit: strategy sampled 2 clients (out of 10)
[2024-12-30 22:41:42,073][flwr][INFO] - aggregate_fit: received 2 results and 0 failures
[2024-12-30 22:41:45,047][flwr][INFO] - fit progress: (2, 8.56486885342747, {'accuracy': 0.9809}, 22.805726655002218)
[2024-12-30 22:41:45,047][flwr][INFO] - configure_evaluate: strategy sampled 2 clients (out of 10)
[2024-12-30 22:41:45,435][flwr][INFO] - aggregate_evaluate: received 2 results and 0 failures
[2024-12-30 22:41:45,436][flwr][INFO] - 
[2024-12-30 22:41:45,436][flwr][INFO] - [ROUND 3]
[2024-12-30 22:41:45,439][flwr][INFO] - configure_fit: strategy sampled 2 clients (out of 10)
[2024-12-30 22:41:52,793][flwr][INFO] - aggregate_fit: received 2 results and 0 failures
[2024-12-30 22:41:56,346][flwr][INFO] - fit progress: (3, 6.062276839278638, {'accuracy': 0.9836}, 34.10474875900036)
[2024-12-30 22:41:56,346][flwr][INFO] - configure_evaluate: strategy sampled 2 clients (out of 10)
[2024-12-30 22:41:56,709][flwr][INFO] - aggregate_evaluate: received 2 results and 0 failures
[2024-12-30 22:41:56,709][flwr][INFO] - 
[2024-12-30 22:41:56,709][flwr][INFO] - [ROUND 4]
[2024-12-30 22:41:56,712][flwr][INFO] - configure_fit: strategy sampled 2 clients (out of 10)
[2024-12-30 22:42:03,842][flwr][INFO] - aggregate_fit: received 2 results and 0 failures
[2024-12-30 22:42:06,442][flwr][INFO] - fit progress: (4, 4.913133559282869, {'accuracy': 0.9847}, 44.201140064000356)
[2024-12-30 22:42:06,442][flwr][INFO] - configure_evaluate: strategy sampled 2 clients (out of 10)
[2024-12-30 22:42:06,830][flwr][INFO] - aggregate_evaluate: received 2 results and 0 failures
[2024-12-30 22:42:06,830][flwr][INFO] - 
[2024-12-30 22:42:06,830][flwr][INFO] - [ROUND 5]
[2024-12-30 22:42:06,834][flwr][INFO] - configure_fit: strategy sampled 2 clients (out of 10)
[2024-12-30 22:42:13,817][flwr][INFO] - aggregate_fit: received 2 results and 0 failures
[2024-12-30 22:42:16,861][flwr][INFO] - fit progress: (5, 4.262658582592849, {'accuracy': 0.9855}, 54.620265045999986)
[2024-12-30 22:42:16,861][flwr][INFO] - configure_evaluate: strategy sampled 2 clients (out of 10)
[2024-12-30 22:42:17,226][flwr][INFO] - aggregate_evaluate: received 2 results and 0 failures
[2024-12-30 22:42:17,226][flwr][INFO] - 
[2024-12-30 22:42:17,226][flwr][INFO] - [ROUND 6]
[2024-12-30 22:42:17,228][flwr][INFO] - configure_fit: strategy sampled 2 clients (out of 10)
[2024-12-30 22:42:24,019][flwr][INFO] - aggregate_fit: received 2 results and 0 failures
[2024-12-30 22:42:26,895][flwr][INFO] - fit progress: (6, 3.8465756730292924, {'accuracy': 0.9869}, 64.65390187700177)
[2024-12-30 22:42:26,895][flwr][INFO] - configure_evaluate: strategy sampled 2 clients (out of 10)
[2024-12-30 22:42:27,271][flwr][INFO] - aggregate_evaluate: received 2 results and 0 failures
[2024-12-30 22:42:27,271][flwr][INFO] - 
[2024-12-30 22:42:27,272][flwr][INFO] - [ROUND 7]
[2024-12-30 22:42:27,274][flwr][INFO] - configure_fit: strategy sampled 2 clients (out of 10)
[2024-12-30 22:42:33,991][flwr][INFO] - aggregate_fit: received 2 results and 0 failures
[2024-12-30 22:42:36,787][flwr][INFO] - fit progress: (7, 3.615034841117449, {'accuracy': 0.987}, 74.54617824500019)
[2024-12-30 22:42:36,787][flwr][INFO] - configure_evaluate: strategy sampled 2 clients (out of 10)
[2024-12-30 22:42:37,184][flwr][INFO] - aggregate_evaluate: received 2 results and 0 failures
[2024-12-30 22:42:37,184][flwr][INFO] - 
[2024-12-30 22:42:37,185][flwr][INFO] - [ROUND 8]
[2024-12-30 22:42:37,188][flwr][INFO] - configure_fit: strategy sampled 2 clients (out of 10)
[2024-12-30 22:42:44,324][flwr][INFO] - aggregate_fit: received 2 results and 0 failures
[2024-12-30 22:42:48,082][flwr][INFO] - fit progress: (8, 3.396967179927742, {'accuracy': 0.9874}, 85.8416446020019)
[2024-12-30 22:42:48,083][flwr][INFO] - configure_evaluate: strategy sampled 2 clients (out of 10)
[2024-12-30 22:42:48,490][flwr][INFO] - aggregate_evaluate: received 2 results and 0 failures
[2024-12-30 22:42:48,490][flwr][INFO] - 
[2024-12-30 22:42:48,490][flwr][INFO] - [ROUND 9]
[2024-12-30 22:42:48,493][flwr][INFO] - configure_fit: strategy sampled 2 clients (out of 10)
[2024-12-30 22:42:55,767][flwr][INFO] - aggregate_fit: received 2 results and 0 failures
[2024-12-30 22:42:58,738][flwr][INFO] - fit progress: (9, 3.230829296866432, {'accuracy': 0.9878}, 96.49764747700101)
[2024-12-30 22:42:58,739][flwr][INFO] - configure_evaluate: strategy sampled 2 clients (out of 10)
[2024-12-30 22:42:59,136][flwr][INFO] - aggregate_evaluate: received 2 results and 0 failures
[2024-12-30 22:42:59,136][flwr][INFO] - 
[2024-12-30 22:42:59,136][flwr][INFO] - [ROUND 10]
[2024-12-30 22:42:59,139][flwr][INFO] - configure_fit: strategy sampled 2 clients (out of 10)
[2024-12-30 22:43:06,227][flwr][INFO] - aggregate_fit: received 2 results and 0 failures
[2024-12-30 22:43:09,907][flwr][INFO] - fit progress: (10, 3.0884677880094387, {'accuracy': 0.9882}, 107.6666646540034)
[2024-12-30 22:43:09,908][flwr][INFO] - configure_evaluate: strategy sampled 2 clients (out of 10)
[2024-12-30 22:43:10,285][flwr][INFO] - aggregate_evaluate: received 2 results and 0 failures
[2024-12-30 22:43:10,285][flwr][INFO] - 
[2024-12-30 22:43:10,285][flwr][INFO] - [SUMMARY]
[2024-12-30 22:43:10,285][flwr][INFO] - Run finished 10 round(s) in 108.04s
[2024-12-30 22:43:10,286][flwr][INFO] - 	History (loss, distributed):
[2024-12-30 22:43:10,286][flwr][INFO] - 		round 1: 39.78702202439308
[2024-12-30 22:43:10,286][flwr][INFO] - 		round 2: 4.5309186456725
[2024-12-30 22:43:10,286][flwr][INFO] - 		round 3: 3.1620272882282734
[2024-12-30 22:43:10,286][flwr][INFO] - 		round 4: 2.8324761715484783
[2024-12-30 22:43:10,286][flwr][INFO] - 		round 5: 2.3478679534746334
[2024-12-30 22:43:10,286][flwr][INFO] - 		round 6: 2.6867145116848405
[2024-12-30 22:43:10,286][flwr][INFO] - 		round 7: 2.0919253819738515
[2024-12-30 22:43:10,286][flwr][INFO] - 		round 8: 2.27155202148424
[2024-12-30 22:43:10,286][flwr][INFO] - 		round 9: 2.4655965901038144
[2024-12-30 22:43:10,286][flwr][INFO] - 		round 10: 2.231438784743659
[2024-12-30 22:43:10,286][flwr][INFO] - 	History (loss, centralized):
[2024-12-30 22:43:10,286][flwr][INFO] - 		round 0: 182.1531810760498
[2024-12-30 22:43:10,287][flwr][INFO] - 		round 1: 81.28571635484695
[2024-12-30 22:43:10,287][flwr][INFO] - 		round 2: 8.56486885342747
[2024-12-30 22:43:10,287][flwr][INFO] - 		round 3: 6.062276839278638
[2024-12-30 22:43:10,287][flwr][INFO] - 		round 4: 4.913133559282869
[2024-12-30 22:43:10,287][flwr][INFO] - 		round 5: 4.262658582592849
[2024-12-30 22:43:10,287][flwr][INFO] - 		round 6: 3.8465756730292924
[2024-12-30 22:43:10,287][flwr][INFO] - 		round 7: 3.615034841117449
[2024-12-30 22:43:10,287][flwr][INFO] - 		round 8: 3.396967179927742
[2024-12-30 22:43:10,287][flwr][INFO] - 		round 9: 3.230829296866432
[2024-12-30 22:43:10,287][flwr][INFO] - 		round 10: 3.0884677880094387
[2024-12-30 22:43:10,287][flwr][INFO] - 	History (metrics, centralized):
[2024-12-30 22:43:10,287][flwr][INFO] - 	{'accuracy': [(0, 0.1182),
[2024-12-30 22:43:10,287][flwr][INFO] - 	              (1, 0.9702),
[2024-12-30 22:43:10,287][flwr][INFO] - 	              (2, 0.9809),
[2024-12-30 22:43:10,287][flwr][INFO] - 	              (3, 0.9836),
[2024-12-30 22:43:10,287][flwr][INFO] - 	              (4, 0.9847),
[2024-12-30 22:43:10,287][flwr][INFO] - 	              (5, 0.9855),
[2024-12-30 22:43:10,287][flwr][INFO] - 	              (6, 0.9869),
[2024-12-30 22:43:10,287][flwr][INFO] - 	              (7, 0.987),
[2024-12-30 22:43:10,287][flwr][INFO] - 	              (8, 0.9874),
[2024-12-30 22:43:10,287][flwr][INFO] - 	              (9, 0.9878),
[2024-12-30 22:43:10,287][flwr][INFO] - 	              (10, 0.9882)]}
[2024-12-30 22:43:10,287][flwr][INFO] - 
