[2025-01-07 18:24:45,651][flwr][INFO] - Starting Flower simulation, config: num_rounds=10, no round_timeout
[2025-01-07 18:24:49,204][flwr][INFO] - Flower VCE: Ray initialized with resources: {'node:__internal_head__': 1.0, 'CPU': 12.0, 'node:192.168.1.11': 1.0, 'object_store_memory': 3175000473.0, 'memory': 6350000948.0}
[2025-01-07 18:24:49,204][flwr][INFO] - Optimize your simulation with Flower VCE: https://flower.ai/docs/framework/how-to-run-simulations.html
[2025-01-07 18:24:49,204][flwr][INFO] - Flower VCE: Resources for each Virtual Client: {'num_cpus': 2, 'num_gpus': 0}
[2025-01-07 18:24:49,210][flwr][INFO] - Flower VCE: Creating VirtualClientEngineActorPool with 6 actors
[2025-01-07 18:24:49,211][flwr][INFO] - [INIT]
[2025-01-07 18:24:49,211][flwr][INFO] - Requesting initial parameters from one random client
[2025-01-07 18:24:51,907][flwr][INFO] - Received initial parameters from one random client
[2025-01-07 18:24:51,907][flwr][INFO] - Starting evaluation of initial global parameters
[2025-01-07 18:24:53,042][flwr][INFO] - initial parameters (loss, other metrics): 182.07277131080627, {'accuracy': 0.0885}
[2025-01-07 18:24:53,042][flwr][INFO] - 
[2025-01-07 18:24:53,042][flwr][INFO] - [ROUND 1]
[2025-01-07 18:24:53,042][flwr][INFO] - configure_fit: strategy sampled 2 clients (out of 20)
[2025-01-07 18:24:59,934][flwr][INFO] - aggregate_fit: received 2 results and 0 failures
[2025-01-07 18:24:59,938][flwr][WARNING] - No fit_metrics_aggregation_fn provided
[2025-01-07 18:25:01,100][flwr][INFO] - fit progress: (1, 10.836273009423167, {'accuracy': 0.9573}, 8.057787220001046)
[2025-01-07 18:25:01,100][flwr][INFO] - configure_evaluate: strategy sampled 2 clients (out of 20)
[2025-01-07 18:25:01,438][flwr][INFO] - aggregate_evaluate: received 2 results and 0 failures
[2025-01-07 18:25:01,438][flwr][WARNING] - No evaluate_metrics_aggregation_fn provided
[2025-01-07 18:25:01,438][flwr][INFO] - 
[2025-01-07 18:25:01,438][flwr][INFO] - [ROUND 2]
[2025-01-07 18:25:01,439][flwr][INFO] - configure_fit: strategy sampled 2 clients (out of 20)
[2025-01-07 18:25:06,037][flwr][INFO] - aggregate_fit: received 2 results and 0 failures
[2025-01-07 18:25:07,553][flwr][INFO] - fit progress: (2, 7.015268620103598, {'accuracy': 0.9745}, 14.51126553400536)
[2025-01-07 18:25:07,553][flwr][INFO] - configure_evaluate: strategy sampled 2 clients (out of 20)
[2025-01-07 18:25:07,864][flwr][INFO] - aggregate_evaluate: received 2 results and 0 failures
[2025-01-07 18:25:07,864][flwr][INFO] - 
[2025-01-07 18:25:07,864][flwr][INFO] - [ROUND 3]
[2025-01-07 18:25:07,864][flwr][INFO] - configure_fit: strategy sampled 2 clients (out of 20)
[2025-01-07 18:25:12,446][flwr][INFO] - aggregate_fit: received 2 results and 0 failures
[2025-01-07 18:25:14,454][flwr][INFO] - fit progress: (3, 5.972707560400522, {'accuracy': 0.9801}, 21.412201493003522)
[2025-01-07 18:25:14,454][flwr][INFO] - configure_evaluate: strategy sampled 2 clients (out of 20)
[2025-01-07 18:25:14,742][flwr][INFO] - aggregate_evaluate: received 2 results and 0 failures
[2025-01-07 18:25:14,743][flwr][INFO] - 
[2025-01-07 18:25:14,743][flwr][INFO] - [ROUND 4]
[2025-01-07 18:25:14,743][flwr][INFO] - configure_fit: strategy sampled 2 clients (out of 20)
[2025-01-07 18:25:19,099][flwr][INFO] - aggregate_fit: received 2 results and 0 failures
[2025-01-07 18:25:20,562][flwr][INFO] - fit progress: (4, 5.807673766606058, {'accuracy': 0.9791}, 27.520308630002546)
[2025-01-07 18:25:20,562][flwr][INFO] - configure_evaluate: strategy sampled 2 clients (out of 20)
[2025-01-07 18:25:20,890][flwr][INFO] - aggregate_evaluate: received 2 results and 0 failures
[2025-01-07 18:25:20,890][flwr][INFO] - 
[2025-01-07 18:25:20,890][flwr][INFO] - [ROUND 5]
[2025-01-07 18:25:20,891][flwr][INFO] - configure_fit: strategy sampled 2 clients (out of 20)
[2025-01-07 18:25:25,417][flwr][INFO] - aggregate_fit: received 2 results and 0 failures
[2025-01-07 18:25:26,696][flwr][INFO] - fit progress: (5, 4.464775994456431, {'accuracy': 0.9838}, 33.654438855999615)
[2025-01-07 18:25:26,697][flwr][INFO] - configure_evaluate: strategy sampled 2 clients (out of 20)
[2025-01-07 18:25:27,039][flwr][INFO] - aggregate_evaluate: received 2 results and 0 failures
[2025-01-07 18:25:27,039][flwr][INFO] - 
[2025-01-07 18:25:27,039][flwr][INFO] - [ROUND 6]
[2025-01-07 18:25:27,039][flwr][INFO] - configure_fit: strategy sampled 2 clients (out of 20)
[2025-01-07 18:25:31,510][flwr][INFO] - aggregate_fit: received 2 results and 0 failures
[2025-01-07 18:25:34,906][flwr][INFO] - fit progress: (6, 5.352062312654198, {'accuracy': 0.9821}, 41.86436321500514)
[2025-01-07 18:25:34,907][flwr][INFO] - configure_evaluate: strategy sampled 2 clients (out of 20)
[2025-01-07 18:25:35,218][flwr][INFO] - aggregate_evaluate: received 2 results and 0 failures
[2025-01-07 18:25:35,218][flwr][INFO] - 
[2025-01-07 18:25:35,218][flwr][INFO] - [ROUND 7]
[2025-01-07 18:25:35,219][flwr][INFO] - configure_fit: strategy sampled 2 clients (out of 20)
[2025-01-07 18:25:39,681][flwr][INFO] - aggregate_fit: received 2 results and 0 failures
[2025-01-07 18:25:40,913][flwr][INFO] - fit progress: (7, 4.376943902779203, {'accuracy': 0.9851}, 47.870567586003745)
[2025-01-07 18:25:40,913][flwr][INFO] - configure_evaluate: strategy sampled 2 clients (out of 20)
[2025-01-07 18:25:41,234][flwr][INFO] - aggregate_evaluate: received 2 results and 0 failures
[2025-01-07 18:25:41,234][flwr][INFO] - 
[2025-01-07 18:25:41,235][flwr][INFO] - [ROUND 8]
[2025-01-07 18:25:41,235][flwr][INFO] - configure_fit: strategy sampled 2 clients (out of 20)
[2025-01-07 18:25:45,614][flwr][INFO] - aggregate_fit: received 2 results and 0 failures
[2025-01-07 18:25:47,261][flwr][INFO] - fit progress: (8, 4.489170497528221, {'accuracy': 0.9854}, 54.21936227300466)
[2025-01-07 18:25:47,262][flwr][INFO] - configure_evaluate: strategy sampled 2 clients (out of 20)
[2025-01-07 18:25:47,572][flwr][INFO] - aggregate_evaluate: received 2 results and 0 failures
[2025-01-07 18:25:47,572][flwr][INFO] - 
[2025-01-07 18:25:47,572][flwr][INFO] - [ROUND 9]
[2025-01-07 18:25:47,573][flwr][INFO] - configure_fit: strategy sampled 2 clients (out of 20)
[2025-01-07 18:25:52,158][flwr][INFO] - aggregate_fit: received 2 results and 0 failures
[2025-01-07 18:25:53,364][flwr][INFO] - fit progress: (9, 3.9634421070718417, {'accuracy': 0.9855}, 60.321615500004555)
[2025-01-07 18:25:53,364][flwr][INFO] - configure_evaluate: strategy sampled 2 clients (out of 20)
[2025-01-07 18:25:53,702][flwr][INFO] - aggregate_evaluate: received 2 results and 0 failures
[2025-01-07 18:25:53,702][flwr][INFO] - 
[2025-01-07 18:25:53,702][flwr][INFO] - [ROUND 10]
[2025-01-07 18:25:53,702][flwr][INFO] - configure_fit: strategy sampled 2 clients (out of 20)
[2025-01-07 18:25:58,201][flwr][INFO] - aggregate_fit: received 2 results and 0 failures
[2025-01-07 18:25:59,519][flwr][INFO] - fit progress: (10, 4.374736657427661, {'accuracy': 0.9867}, 66.47669491400302)
[2025-01-07 18:25:59,519][flwr][INFO] - configure_evaluate: strategy sampled 2 clients (out of 20)
[2025-01-07 18:25:59,896][flwr][INFO] - aggregate_evaluate: received 2 results and 0 failures
[2025-01-07 18:25:59,896][flwr][INFO] - 
[2025-01-07 18:25:59,896][flwr][INFO] - [SUMMARY]
[2025-01-07 18:25:59,896][flwr][INFO] - Run finished 10 round(s) in 66.85s
[2025-01-07 18:25:59,897][flwr][INFO] - 	History (loss, distributed):
[2025-01-07 18:25:59,897][flwr][INFO] - 		round 1: 1.1029130518436432
[2025-01-07 18:25:59,897][flwr][INFO] - 		round 2: 1.2954095794120803
[2025-01-07 18:25:59,897][flwr][INFO] - 		round 3: 1.222908469804679
[2025-01-07 18:25:59,897][flwr][INFO] - 		round 4: 1.2434613805962726
[2025-01-07 18:25:59,897][flwr][INFO] - 		round 5: 1.4482643481023842
[2025-01-07 18:25:59,898][flwr][INFO] - 		round 6: 0.810607106178395
[2025-01-07 18:25:59,898][flwr][INFO] - 		round 7: 0.35819325990087236
[2025-01-07 18:25:59,898][flwr][INFO] - 		round 8: 0.6372955072911282
[2025-01-07 18:25:59,898][flwr][INFO] - 		round 9: 1.2049198392614926
[2025-01-07 18:25:59,898][flwr][INFO] - 		round 10: 0.891055930427683
[2025-01-07 18:25:59,898][flwr][INFO] - 	History (loss, centralized):
[2025-01-07 18:25:59,898][flwr][INFO] - 		round 0: 182.07277131080627
[2025-01-07 18:25:59,898][flwr][INFO] - 		round 1: 10.836273009423167
[2025-01-07 18:25:59,898][flwr][INFO] - 		round 2: 7.015268620103598
[2025-01-07 18:25:59,899][flwr][INFO] - 		round 3: 5.972707560400522
[2025-01-07 18:25:59,899][flwr][INFO] - 		round 4: 5.807673766606058
[2025-01-07 18:25:59,899][flwr][INFO] - 		round 5: 4.464775994456431
[2025-01-07 18:25:59,899][flwr][INFO] - 		round 6: 5.352062312654198
[2025-01-07 18:25:59,899][flwr][INFO] - 		round 7: 4.376943902779203
[2025-01-07 18:25:59,899][flwr][INFO] - 		round 8: 4.489170497528221
[2025-01-07 18:25:59,899][flwr][INFO] - 		round 9: 3.9634421070718417
[2025-01-07 18:25:59,899][flwr][INFO] - 		round 10: 4.374736657427661
[2025-01-07 18:25:59,899][flwr][INFO] - 	History (metrics, centralized):
[2025-01-07 18:25:59,899][flwr][INFO] - 	{'accuracy': [(0, 0.0885),
[2025-01-07 18:25:59,900][flwr][INFO] - 	              (1, 0.9573),
[2025-01-07 18:25:59,900][flwr][INFO] - 	              (2, 0.9745),
[2025-01-07 18:25:59,900][flwr][INFO] - 	              (3, 0.9801),
[2025-01-07 18:25:59,900][flwr][INFO] - 	              (4, 0.9791),
[2025-01-07 18:25:59,900][flwr][INFO] - 	              (5, 0.9838),
[2025-01-07 18:25:59,900][flwr][INFO] - 	              (6, 0.9821),
[2025-01-07 18:25:59,900][flwr][INFO] - 	              (7, 0.9851),
[2025-01-07 18:25:59,900][flwr][INFO] - 	              (8, 0.9854),
[2025-01-07 18:25:59,900][flwr][INFO] - 	              (9, 0.9855),
[2025-01-07 18:25:59,900][flwr][INFO] - 	              (10, 0.9867)]}
[2025-01-07 18:25:59,901][flwr][INFO] - 
