[2024-12-30 23:50:11,623][flwr][INFO] - Starting Flower simulation, config: num_rounds=10, no round_timeout
[2024-12-30 23:50:15,155][flwr][INFO] - Flower VCE: Ray initialized with resources: {'node:__internal_head__': 1.0, 'object_store_memory': 3023714304.0, 'memory': 6047428608.0, 'CPU': 12.0, 'node:192.168.1.11': 1.0}
[2024-12-30 23:50:15,155][flwr][INFO] - Optimize your simulation with Flower VCE: https://flower.ai/docs/framework/how-to-run-simulations.html
[2024-12-30 23:50:15,155][flwr][INFO] - Flower VCE: Resources for each Virtual Client: {'num_cpus': 2, 'num_gpus': 0}
[2024-12-30 23:50:15,163][flwr][INFO] - Flower VCE: Creating VirtualClientEngineActorPool with 6 actors
[2024-12-30 23:50:15,163][flwr][INFO] - [INIT]
[2024-12-30 23:50:15,163][flwr][INFO] - Using initial global parameters provided by strategy
[2024-12-30 23:50:15,163][flwr][INFO] - Starting evaluation of initial global parameters
[2024-12-30 23:50:18,024][flwr][INFO] - initial parameters (loss, other metrics): 181.90452194213867, {'accuracy': 0.1028}
[2024-12-30 23:50:18,025][flwr][INFO] - 
[2024-12-30 23:50:18,025][flwr][INFO] - [ROUND 1]
[2024-12-30 23:50:18,025][flwr][INFO] - configure_fit: strategy sampled 2 clients (out of 10)
[2024-12-30 23:50:29,251][flwr][INFO] - aggregate_fit: received 2 results and 0 failures
[2024-12-30 23:50:29,260][flwr][WARNING] - No fit_metrics_aggregation_fn provided
[2024-12-30 23:50:31,300][flwr][INFO] - fit progress: (1, 6.534384484402835, {'accuracy': 0.9714}, 13.275216190002538)
[2024-12-30 23:50:31,300][flwr][INFO] - configure_evaluate: strategy sampled 5 clients (out of 10)
[2024-12-30 23:50:34,976][flwr][INFO] - aggregate_evaluate: received 5 results and 0 failures
[2024-12-30 23:50:34,977][flwr][WARNING] - No evaluate_metrics_aggregation_fn provided
[2024-12-30 23:50:34,977][flwr][INFO] - 
[2024-12-30 23:50:34,977][flwr][INFO] - [ROUND 2]
[2024-12-30 23:50:34,977][flwr][INFO] - configure_fit: strategy sampled 2 clients (out of 10)
[2024-12-30 23:50:43,937][flwr][INFO] - aggregate_fit: received 2 results and 0 failures
[2024-12-30 23:50:45,635][flwr][INFO] - fit progress: (2, 5.783812655070506, {'accuracy': 0.9792}, 27.60994393299916)
[2024-12-30 23:50:45,635][flwr][INFO] - configure_evaluate: strategy sampled 5 clients (out of 10)
[2024-12-30 23:50:46,363][flwr][INFO] - aggregate_evaluate: received 5 results and 0 failures
[2024-12-30 23:50:46,364][flwr][INFO] - 
[2024-12-30 23:50:46,364][flwr][INFO] - [ROUND 3]
[2024-12-30 23:50:46,364][flwr][INFO] - configure_fit: strategy sampled 2 clients (out of 10)
[2024-12-30 23:50:55,371][flwr][INFO] - aggregate_fit: received 2 results and 0 failures
[2024-12-30 23:50:57,321][flwr][INFO] - fit progress: (3, 4.387601496546267, {'accuracy': 0.9834}, 39.29666619400086)
[2024-12-30 23:50:57,321][flwr][INFO] - configure_evaluate: strategy sampled 5 clients (out of 10)
[2024-12-30 23:50:58,017][flwr][INFO] - aggregate_evaluate: received 5 results and 0 failures
[2024-12-30 23:50:58,017][flwr][INFO] - 
[2024-12-30 23:50:58,017][flwr][INFO] - [ROUND 4]
[2024-12-30 23:50:58,018][flwr][INFO] - configure_fit: strategy sampled 2 clients (out of 10)
[2024-12-30 23:51:07,010][flwr][INFO] - aggregate_fit: received 2 results and 0 failures
[2024-12-30 23:51:08,750][flwr][INFO] - fit progress: (4, 3.8602753984162064, {'accuracy': 0.9861}, 50.72524537999925)
[2024-12-30 23:51:08,750][flwr][INFO] - configure_evaluate: strategy sampled 5 clients (out of 10)
[2024-12-30 23:51:09,494][flwr][INFO] - aggregate_evaluate: received 5 results and 0 failures
[2024-12-30 23:51:09,494][flwr][INFO] - 
[2024-12-30 23:51:09,494][flwr][INFO] - [ROUND 5]
[2024-12-30 23:51:09,494][flwr][INFO] - configure_fit: strategy sampled 2 clients (out of 10)
[2024-12-30 23:51:18,415][flwr][INFO] - aggregate_fit: received 2 results and 0 failures
[2024-12-30 23:51:20,538][flwr][INFO] - fit progress: (5, 3.5789935535167388, {'accuracy': 0.987}, 62.513718076999794)
[2024-12-30 23:51:20,539][flwr][INFO] - configure_evaluate: strategy sampled 5 clients (out of 10)
[2024-12-30 23:51:21,240][flwr][INFO] - aggregate_evaluate: received 5 results and 0 failures
[2024-12-30 23:51:21,241][flwr][INFO] - 
[2024-12-30 23:51:21,241][flwr][INFO] - [ROUND 6]
[2024-12-30 23:51:21,241][flwr][INFO] - configure_fit: strategy sampled 2 clients (out of 10)
[2024-12-30 23:51:30,278][flwr][INFO] - aggregate_fit: received 2 results and 0 failures
[2024-12-30 23:51:31,840][flwr][INFO] - fit progress: (6, 3.8104049653520633, {'accuracy': 0.9872}, 73.8150446940017)
[2024-12-30 23:51:31,840][flwr][INFO] - configure_evaluate: strategy sampled 5 clients (out of 10)
[2024-12-30 23:51:32,593][flwr][INFO] - aggregate_evaluate: received 5 results and 0 failures
[2024-12-30 23:51:32,593][flwr][INFO] - 
[2024-12-30 23:51:32,593][flwr][INFO] - [ROUND 7]
[2024-12-30 23:51:32,593][flwr][INFO] - configure_fit: strategy sampled 2 clients (out of 10)
[2024-12-30 23:51:41,440][flwr][INFO] - aggregate_fit: received 2 results and 0 failures
[2024-12-30 23:51:43,267][flwr][INFO] - fit progress: (7, 3.8588688330494847, {'accuracy': 0.9887}, 85.24206429600235)
[2024-12-30 23:51:43,267][flwr][INFO] - configure_evaluate: strategy sampled 5 clients (out of 10)
[2024-12-30 23:51:44,018][flwr][INFO] - aggregate_evaluate: received 5 results and 0 failures
[2024-12-30 23:51:44,018][flwr][INFO] - 
[2024-12-30 23:51:44,019][flwr][INFO] - [ROUND 8]
[2024-12-30 23:51:44,019][flwr][INFO] - configure_fit: strategy sampled 2 clients (out of 10)
[2024-12-30 23:51:53,054][flwr][INFO] - aggregate_fit: received 2 results and 0 failures
[2024-12-30 23:51:54,983][flwr][INFO] - fit progress: (8, 2.9765113209459173, {'accuracy': 0.9898}, 96.95881532000203)
[2024-12-30 23:51:54,984][flwr][INFO] - configure_evaluate: strategy sampled 5 clients (out of 10)
[2024-12-30 23:51:55,685][flwr][INFO] - aggregate_evaluate: received 5 results and 0 failures
[2024-12-30 23:51:55,685][flwr][INFO] - 
[2024-12-30 23:51:55,685][flwr][INFO] - [ROUND 9]
[2024-12-30 23:51:55,686][flwr][INFO] - configure_fit: strategy sampled 2 clients (out of 10)
[2024-12-30 23:52:04,881][flwr][INFO] - aggregate_fit: received 2 results and 0 failures
[2024-12-30 23:52:06,608][flwr][INFO] - fit progress: (9, 3.4715868994017427, {'accuracy': 0.9894}, 108.58316154000204)
[2024-12-30 23:52:06,608][flwr][INFO] - configure_evaluate: strategy sampled 5 clients (out of 10)
[2024-12-30 23:52:07,373][flwr][INFO] - aggregate_evaluate: received 5 results and 0 failures
[2024-12-30 23:52:07,374][flwr][INFO] - 
[2024-12-30 23:52:07,374][flwr][INFO] - [ROUND 10]
[2024-12-30 23:52:07,374][flwr][INFO] - configure_fit: strategy sampled 2 clients (out of 10)
[2024-12-30 23:52:16,356][flwr][INFO] - aggregate_fit: received 2 results and 0 failures
[2024-12-30 23:52:17,879][flwr][INFO] - fit progress: (10, 3.394500852353815, {'accuracy': 0.9889}, 119.8547146910023)
[2024-12-30 23:52:17,880][flwr][INFO] - configure_evaluate: strategy sampled 5 clients (out of 10)
[2024-12-30 23:52:18,640][flwr][INFO] - aggregate_evaluate: received 5 results and 0 failures
[2024-12-30 23:52:18,640][flwr][INFO] - 
[2024-12-30 23:52:18,640][flwr][INFO] - [SUMMARY]
[2024-12-30 23:52:18,640][flwr][INFO] - Run finished 10 round(s) in 120.62s
[2024-12-30 23:52:18,640][flwr][INFO] - 	History (loss, distributed):
[2024-12-30 23:52:18,640][flwr][INFO] - 		round 1: 1.9562026588246226
[2024-12-30 23:52:18,641][flwr][INFO] - 		round 2: 1.8812883306483854
[2024-12-30 23:52:18,641][flwr][INFO] - 		round 3: 1.4144788658086327
[2024-12-30 23:52:18,641][flwr][INFO] - 		round 4: 1.3221228732822055
[2024-12-30 23:52:18,641][flwr][INFO] - 		round 5: 1.334880814985081
[2024-12-30 23:52:18,641][flwr][INFO] - 		round 6: 1.4225172313812435
[2024-12-30 23:52:18,641][flwr][INFO] - 		round 7: 1.6518422130810222
[2024-12-30 23:52:18,641][flwr][INFO] - 		round 8: 1.152477351952348
[2024-12-30 23:52:18,641][flwr][INFO] - 		round 9: 1.3959712169176783
[2024-12-30 23:52:18,641][flwr][INFO] - 		round 10: 1.2539619469433092
[2024-12-30 23:52:18,641][flwr][INFO] - 	History (loss, centralized):
[2024-12-30 23:52:18,641][flwr][INFO] - 		round 0: 181.90452194213867
[2024-12-30 23:52:18,641][flwr][INFO] - 		round 1: 6.534384484402835
[2024-12-30 23:52:18,641][flwr][INFO] - 		round 2: 5.783812655070506
[2024-12-30 23:52:18,641][flwr][INFO] - 		round 3: 4.387601496546267
[2024-12-30 23:52:18,641][flwr][INFO] - 		round 4: 3.8602753984162064
[2024-12-30 23:52:18,641][flwr][INFO] - 		round 5: 3.5789935535167388
[2024-12-30 23:52:18,641][flwr][INFO] - 		round 6: 3.8104049653520633
[2024-12-30 23:52:18,642][flwr][INFO] - 		round 7: 3.8588688330494847
[2024-12-30 23:52:18,642][flwr][INFO] - 		round 8: 2.9765113209459173
[2024-12-30 23:52:18,642][flwr][INFO] - 		round 9: 3.4715868994017427
[2024-12-30 23:52:18,642][flwr][INFO] - 		round 10: 3.394500852353815
[2024-12-30 23:52:18,642][flwr][INFO] - 	History (metrics, centralized):
[2024-12-30 23:52:18,642][flwr][INFO] - 	{'accuracy': [(0, 0.1028),
[2024-12-30 23:52:18,642][flwr][INFO] - 	              (1, 0.9714),
[2024-12-30 23:52:18,642][flwr][INFO] - 	              (2, 0.9792),
[2024-12-30 23:52:18,642][flwr][INFO] - 	              (3, 0.9834),
[2024-12-30 23:52:18,642][flwr][INFO] - 	              (4, 0.9861),
[2024-12-30 23:52:18,642][flwr][INFO] - 	              (5, 0.987),
[2024-12-30 23:52:18,642][flwr][INFO] - 	              (6, 0.9872),
[2024-12-30 23:52:18,642][flwr][INFO] - 	              (7, 0.9887),
[2024-12-30 23:52:18,642][flwr][INFO] - 	              (8, 0.9898),
[2024-12-30 23:52:18,642][flwr][INFO] - 	              (9, 0.9894),
[2024-12-30 23:52:18,642][flwr][INFO] - 	              (10, 0.9889)]}
[2024-12-30 23:52:18,642][flwr][INFO] - 
