[2025-01-07 14:42:16,452][flwr][INFO] - Starting Flower simulation, config: num_rounds=5, no round_timeout
[2025-01-07 14:42:19,886][flwr][INFO] - Flower VCE: Ray initialized with resources: {'node:__internal_head__': 1.0, 'object_store_memory': 3154830950.0, 'memory': 6309661902.0, 'CPU': 12.0, 'node:192.168.1.11': 1.0}
[2025-01-07 14:42:19,886][flwr][INFO] - Optimize your simulation with Flower VCE: https://flower.ai/docs/framework/how-to-run-simulations.html
[2025-01-07 14:42:19,886][flwr][INFO] - Flower VCE: Resources for each Virtual Client: {'num_cpus': 2, 'num_gpus': 0}
[2025-01-07 14:42:19,894][flwr][INFO] - Flower VCE: Creating VirtualClientEngineActorPool with 6 actors
[2025-01-07 14:42:19,895][flwr][INFO] - [INIT]
[2025-01-07 14:42:19,895][flwr][INFO] - Requesting initial parameters from one random client
[2025-01-07 14:42:22,783][flwr][INFO] - Received initial parameters from one random client
[2025-01-07 14:42:22,783][flwr][INFO] - Starting evaluation of initial global parameters
[2025-01-07 14:42:24,366][flwr][INFO] - initial parameters (loss, other metrics): 181.9808087348938, {'accuracy': 0.1502}
[2025-01-07 14:42:24,366][flwr][INFO] - 
[2025-01-07 14:42:24,367][flwr][INFO] - [ROUND 1]
[2025-01-07 14:42:24,367][flwr][INFO] - configure_fit: strategy sampled 2 clients (out of 20)
[2025-01-07 14:42:29,317][flwr][INFO] - aggregate_fit: received 2 results and 0 failures
[2025-01-07 14:42:29,321][flwr][WARNING] - No fit_metrics_aggregation_fn provided
[2025-01-07 14:42:30,715][flwr][INFO] - fit progress: (1, 15.2988608982414, {'accuracy': 0.9383}, 6.348343253997882)
[2025-01-07 14:42:30,715][flwr][INFO] - configure_evaluate: strategy sampled 2 clients (out of 20)
[2025-01-07 14:42:31,057][flwr][INFO] - aggregate_evaluate: received 2 results and 0 failures
[2025-01-07 14:42:31,057][flwr][WARNING] - No evaluate_metrics_aggregation_fn provided
[2025-01-07 14:42:31,057][flwr][INFO] - 
[2025-01-07 14:42:31,057][flwr][INFO] - [ROUND 2]
[2025-01-07 14:42:31,057][flwr][INFO] - configure_fit: strategy sampled 2 clients (out of 20)
[2025-01-07 14:42:34,017][flwr][INFO] - aggregate_fit: received 2 results and 0 failures
[2025-01-07 14:42:35,767][flwr][INFO] - fit progress: (2, 10.14953447226435, {'accuracy': 0.9598}, 11.400892105997627)
[2025-01-07 14:42:35,768][flwr][INFO] - configure_evaluate: strategy sampled 2 clients (out of 20)
[2025-01-07 14:42:36,059][flwr][INFO] - aggregate_evaluate: received 2 results and 0 failures
[2025-01-07 14:42:36,059][flwr][INFO] - 
[2025-01-07 14:42:36,059][flwr][INFO] - [ROUND 3]
[2025-01-07 14:42:36,060][flwr][INFO] - configure_fit: strategy sampled 2 clients (out of 20)
[2025-01-07 14:42:38,798][flwr][INFO] - aggregate_fit: received 2 results and 0 failures
[2025-01-07 14:42:40,472][flwr][INFO] - fit progress: (3, 6.762827440208639, {'accuracy': 0.9713}, 16.10554476499965)
[2025-01-07 14:42:40,472][flwr][INFO] - configure_evaluate: strategy sampled 2 clients (out of 20)
[2025-01-07 14:42:40,800][flwr][INFO] - aggregate_evaluate: received 2 results and 0 failures
[2025-01-07 14:42:40,800][flwr][INFO] - 
[2025-01-07 14:42:40,801][flwr][INFO] - [ROUND 4]
[2025-01-07 14:42:40,801][flwr][INFO] - configure_fit: strategy sampled 2 clients (out of 20)
[2025-01-07 14:42:43,642][flwr][INFO] - aggregate_fit: received 2 results and 0 failures
[2025-01-07 14:42:45,023][flwr][INFO] - fit progress: (4, 5.47800254978938, {'accuracy': 0.9779}, 20.656608837998647)
[2025-01-07 14:42:45,023][flwr][INFO] - configure_evaluate: strategy sampled 2 clients (out of 20)
[2025-01-07 14:42:45,353][flwr][INFO] - aggregate_evaluate: received 2 results and 0 failures
[2025-01-07 14:42:45,353][flwr][INFO] - 
[2025-01-07 14:42:45,353][flwr][INFO] - [ROUND 5]
[2025-01-07 14:42:45,354][flwr][INFO] - configure_fit: strategy sampled 2 clients (out of 20)
[2025-01-07 14:42:48,135][flwr][INFO] - aggregate_fit: received 2 results and 0 failures
[2025-01-07 14:42:49,520][flwr][INFO] - fit progress: (5, 5.337698350405844, {'accuracy': 0.979}, 25.153131839997513)
[2025-01-07 14:42:49,520][flwr][INFO] - configure_evaluate: strategy sampled 2 clients (out of 20)
[2025-01-07 14:42:49,851][flwr][INFO] - aggregate_evaluate: received 2 results and 0 failures
[2025-01-07 14:42:49,851][flwr][INFO] - 
[2025-01-07 14:42:49,851][flwr][INFO] - [SUMMARY]
[2025-01-07 14:42:49,851][flwr][INFO] - Run finished 5 round(s) in 25.48s
[2025-01-07 14:42:49,851][flwr][INFO] - 	History (loss, distributed):
[2025-01-07 14:42:49,851][flwr][INFO] - 		round 1: 1.9562867302447557
[2025-01-07 14:42:49,851][flwr][INFO] - 		round 2: 1.3774136174470186
[2025-01-07 14:42:49,851][flwr][INFO] - 		round 3: 1.0644514034502208
[2025-01-07 14:42:49,851][flwr][INFO] - 		round 4: 1.2204385488075786
[2025-01-07 14:42:49,851][flwr][INFO] - 		round 5: 0.4468131249304861
[2025-01-07 14:42:49,852][flwr][INFO] - 	History (loss, centralized):
[2025-01-07 14:42:49,852][flwr][INFO] - 		round 0: 181.9808087348938
[2025-01-07 14:42:49,852][flwr][INFO] - 		round 1: 15.2988608982414
[2025-01-07 14:42:49,852][flwr][INFO] - 		round 2: 10.14953447226435
[2025-01-07 14:42:49,852][flwr][INFO] - 		round 3: 6.762827440208639
[2025-01-07 14:42:49,852][flwr][INFO] - 		round 4: 5.47800254978938
[2025-01-07 14:42:49,852][flwr][INFO] - 		round 5: 5.337698350405844
[2025-01-07 14:42:49,852][flwr][INFO] - 	History (metrics, centralized):
[2025-01-07 14:42:49,852][flwr][INFO] - 	{'accuracy': [(0, 0.1502),
[2025-01-07 14:42:49,853][flwr][INFO] - 	              (1, 0.9383),
[2025-01-07 14:42:49,853][flwr][INFO] - 	              (2, 0.9598),
[2025-01-07 14:42:49,853][flwr][INFO] - 	              (3, 0.9713),
[2025-01-07 14:42:49,853][flwr][INFO] - 	              (4, 0.9779),
[2025-01-07 14:42:49,853][flwr][INFO] - 	              (5, 0.979)]}
[2025-01-07 14:42:49,853][flwr][INFO] - 
