[2024-12-31 23:32:28,634][flwr][INFO] - Starting Flower simulation, config: num_rounds=10, no round_timeout
[2024-12-31 23:32:32,134][flwr][INFO] - Flower VCE: Ray initialized with resources: {'node:__internal_head__': 1.0, 'object_store_memory': 3255773184.0, 'memory': 6511546368.0, 'node:192.168.1.11': 1.0, 'CPU': 12.0}
[2024-12-31 23:32:32,134][flwr][INFO] - Optimize your simulation with Flower VCE: https://flower.ai/docs/framework/how-to-run-simulations.html
[2024-12-31 23:32:32,134][flwr][INFO] - Flower VCE: Resources for each Virtual Client: {'num_cpus': 2, 'num_gpus': 0}
[2024-12-31 23:32:32,147][flwr][INFO] - Flower VCE: Creating VirtualClientEngineActorPool with 6 actors
[2024-12-31 23:32:32,147][flwr][INFO] - [INIT]
[2024-12-31 23:32:32,148][flwr][INFO] - Using initial global parameters provided by strategy
[2024-12-31 23:32:32,148][flwr][INFO] - Starting evaluation of initial global parameters
[2024-12-31 23:32:34,745][flwr][INFO] - initial parameters (loss, other metrics): 182.18654012680054, {'accuracy': 0.0985}
[2024-12-31 23:32:34,745][flwr][INFO] - 
[2024-12-31 23:32:34,745][flwr][INFO] - [ROUND 1]
[2024-12-31 23:32:34,748][flwr][INFO] - configure_fit: strategy sampled 2 clients (out of 10)
[2024-12-31 23:32:46,621][flwr][INFO] - aggregate_fit: received 2 results and 0 failures
[2024-12-31 23:32:48,310][flwr][WARNING] - No fit_metrics_aggregation_fn provided
[2024-12-31 23:32:49,828][flwr][INFO] - fit progress: (1, 182.0868673324585, {'accuracy': 0.1152}, 15.082484390004538)
[2024-12-31 23:32:49,828][flwr][INFO] - configure_evaluate: strategy sampled 2 clients (out of 10)
[2024-12-31 23:32:50,248][flwr][INFO] - aggregate_evaluate: received 2 results and 0 failures
[2024-12-31 23:32:50,249][flwr][WARNING] - No evaluate_metrics_aggregation_fn provided
[2024-12-31 23:32:50,249][flwr][INFO] - 
[2024-12-31 23:32:50,249][flwr][INFO] - [ROUND 2]
[2024-12-31 23:32:50,251][flwr][INFO] - configure_fit: strategy sampled 2 clients (out of 10)
[2024-12-31 23:32:59,667][flwr][INFO] - aggregate_fit: received 2 results and 0 failures
[2024-12-31 23:33:03,441][flwr][INFO] - fit progress: (2, nan, {'accuracy': 0.098}, 28.695815701001266)
[2024-12-31 23:33:03,441][flwr][INFO] - configure_evaluate: strategy sampled 2 clients (out of 10)
[2024-12-31 23:33:03,833][flwr][INFO] - aggregate_evaluate: received 2 results and 0 failures
[2024-12-31 23:33:03,833][flwr][INFO] - 
[2024-12-31 23:33:03,833][flwr][INFO] - [ROUND 3]
[2024-12-31 23:33:03,837][flwr][INFO] - configure_fit: strategy sampled 2 clients (out of 10)
[2024-12-31 23:33:12,659][flwr][INFO] - aggregate_fit: received 2 results and 0 failures
[2024-12-31 23:33:16,289][flwr][INFO] - fit progress: (3, nan, {'accuracy': 0.098}, 41.54344348700397)
[2024-12-31 23:33:16,289][flwr][INFO] - configure_evaluate: strategy sampled 2 clients (out of 10)
[2024-12-31 23:33:16,646][flwr][INFO] - aggregate_evaluate: received 2 results and 0 failures
[2024-12-31 23:33:16,647][flwr][INFO] - 
[2024-12-31 23:33:16,647][flwr][INFO] - [ROUND 4]
[2024-12-31 23:33:16,649][flwr][INFO] - configure_fit: strategy sampled 2 clients (out of 10)
[2024-12-31 23:33:25,376][flwr][INFO] - aggregate_fit: received 2 results and 0 failures
[2024-12-31 23:33:28,996][flwr][INFO] - fit progress: (4, nan, {'accuracy': 0.098}, 54.25024125799973)
[2024-12-31 23:33:28,996][flwr][INFO] - configure_evaluate: strategy sampled 2 clients (out of 10)
[2024-12-31 23:33:29,404][flwr][INFO] - aggregate_evaluate: received 2 results and 0 failures
[2024-12-31 23:33:29,404][flwr][INFO] - 
[2024-12-31 23:33:29,404][flwr][INFO] - [ROUND 5]
[2024-12-31 23:33:29,407][flwr][INFO] - configure_fit: strategy sampled 2 clients (out of 10)
[2024-12-31 23:33:38,207][flwr][INFO] - aggregate_fit: received 2 results and 0 failures
[2024-12-31 23:33:41,205][flwr][INFO] - fit progress: (5, nan, {'accuracy': 0.098}, 66.4594027159983)
[2024-12-31 23:33:41,205][flwr][INFO] - configure_evaluate: strategy sampled 2 clients (out of 10)
[2024-12-31 23:33:41,594][flwr][INFO] - aggregate_evaluate: received 2 results and 0 failures
[2024-12-31 23:33:41,594][flwr][INFO] - 
[2024-12-31 23:33:41,594][flwr][INFO] - [ROUND 6]
[2024-12-31 23:33:41,598][flwr][INFO] - configure_fit: strategy sampled 2 clients (out of 10)
[2024-12-31 23:33:50,157][flwr][INFO] - aggregate_fit: received 2 results and 0 failures
[2024-12-31 23:33:53,708][flwr][INFO] - fit progress: (6, nan, {'accuracy': 0.098}, 78.96250195299945)
[2024-12-31 23:33:53,708][flwr][INFO] - configure_evaluate: strategy sampled 2 clients (out of 10)
[2024-12-31 23:33:54,093][flwr][INFO] - aggregate_evaluate: received 2 results and 0 failures
[2024-12-31 23:33:54,093][flwr][INFO] - 
[2024-12-31 23:33:54,093][flwr][INFO] - [ROUND 7]
[2024-12-31 23:33:54,097][flwr][INFO] - configure_fit: strategy sampled 2 clients (out of 10)
[2024-12-31 23:34:02,899][flwr][INFO] - aggregate_fit: received 2 results and 0 failures
[2024-12-31 23:34:06,380][flwr][INFO] - fit progress: (7, nan, {'accuracy': 0.098}, 91.63510402700194)
[2024-12-31 23:34:06,381][flwr][INFO] - configure_evaluate: strategy sampled 2 clients (out of 10)
[2024-12-31 23:34:06,757][flwr][INFO] - aggregate_evaluate: received 2 results and 0 failures
[2024-12-31 23:34:06,757][flwr][INFO] - 
[2024-12-31 23:34:06,757][flwr][INFO] - [ROUND 8]
[2024-12-31 23:34:06,759][flwr][INFO] - configure_fit: strategy sampled 2 clients (out of 10)
[2024-12-31 23:34:15,477][flwr][INFO] - aggregate_fit: received 2 results and 0 failures
[2024-12-31 23:34:19,871][flwr][INFO] - fit progress: (8, nan, {'accuracy': 0.098}, 105.12548818700452)
[2024-12-31 23:34:19,871][flwr][INFO] - configure_evaluate: strategy sampled 2 clients (out of 10)
[2024-12-31 23:34:20,249][flwr][INFO] - aggregate_evaluate: received 2 results and 0 failures
[2024-12-31 23:34:20,249][flwr][INFO] - 
[2024-12-31 23:34:20,249][flwr][INFO] - [ROUND 9]
[2024-12-31 23:34:20,251][flwr][INFO] - configure_fit: strategy sampled 2 clients (out of 10)
[2024-12-31 23:34:29,055][flwr][INFO] - aggregate_fit: received 2 results and 0 failures
[2024-12-31 23:34:32,240][flwr][INFO] - fit progress: (9, nan, {'accuracy': 0.098}, 117.4944379610024)
[2024-12-31 23:34:32,240][flwr][INFO] - configure_evaluate: strategy sampled 2 clients (out of 10)
[2024-12-31 23:34:32,667][flwr][INFO] - aggregate_evaluate: received 2 results and 0 failures
[2024-12-31 23:34:32,668][flwr][INFO] - 
[2024-12-31 23:34:32,668][flwr][INFO] - [ROUND 10]
[2024-12-31 23:34:32,671][flwr][INFO] - configure_fit: strategy sampled 2 clients (out of 10)
[2024-12-31 23:34:41,588][flwr][INFO] - aggregate_fit: received 2 results and 0 failures
[2024-12-31 23:34:44,622][flwr][INFO] - fit progress: (10, nan, {'accuracy': 0.098}, 129.8767813910017)
[2024-12-31 23:34:44,622][flwr][INFO] - configure_evaluate: strategy sampled 2 clients (out of 10)
[2024-12-31 23:34:45,009][flwr][INFO] - aggregate_evaluate: received 2 results and 0 failures
[2024-12-31 23:34:45,009][flwr][INFO] - 
[2024-12-31 23:34:45,009][flwr][INFO] - [SUMMARY]
[2024-12-31 23:34:45,009][flwr][INFO] - Run finished 10 round(s) in 130.26s
[2024-12-31 23:34:45,010][flwr][INFO] - 	History (loss, distributed):
[2024-12-31 23:34:45,010][flwr][INFO] - 		round 1: 43.827842712402344
[2024-12-31 23:34:45,010][flwr][INFO] - 		round 2: nan
[2024-12-31 23:34:45,010][flwr][INFO] - 		round 3: nan
[2024-12-31 23:34:45,010][flwr][INFO] - 		round 4: nan
[2024-12-31 23:34:45,010][flwr][INFO] - 		round 5: nan
[2024-12-31 23:34:45,010][flwr][INFO] - 		round 6: nan
[2024-12-31 23:34:45,010][flwr][INFO] - 		round 7: nan
[2024-12-31 23:34:45,010][flwr][INFO] - 		round 8: nan
[2024-12-31 23:34:45,010][flwr][INFO] - 		round 9: nan
[2024-12-31 23:34:45,010][flwr][INFO] - 		round 10: nan
[2024-12-31 23:34:45,010][flwr][INFO] - 	History (loss, centralized):
[2024-12-31 23:34:45,010][flwr][INFO] - 		round 0: 182.18654012680054
[2024-12-31 23:34:45,010][flwr][INFO] - 		round 1: 182.0868673324585
[2024-12-31 23:34:45,011][flwr][INFO] - 		round 2: nan
[2024-12-31 23:34:45,011][flwr][INFO] - 		round 3: nan
[2024-12-31 23:34:45,011][flwr][INFO] - 		round 4: nan
[2024-12-31 23:34:45,011][flwr][INFO] - 		round 5: nan
[2024-12-31 23:34:45,011][flwr][INFO] - 		round 6: nan
[2024-12-31 23:34:45,011][flwr][INFO] - 		round 7: nan
[2024-12-31 23:34:45,011][flwr][INFO] - 		round 8: nan
[2024-12-31 23:34:45,011][flwr][INFO] - 		round 9: nan
[2024-12-31 23:34:45,011][flwr][INFO] - 		round 10: nan
[2024-12-31 23:34:45,011][flwr][INFO] - 	History (metrics, centralized):
[2024-12-31 23:34:45,011][flwr][INFO] - 	{'accuracy': [(0, 0.0985),
[2024-12-31 23:34:45,011][flwr][INFO] - 	              (1, 0.1152),
[2024-12-31 23:34:45,011][flwr][INFO] - 	              (2, 0.098),
[2024-12-31 23:34:45,011][flwr][INFO] - 	              (3, 0.098),
[2024-12-31 23:34:45,011][flwr][INFO] - 	              (4, 0.098),
[2024-12-31 23:34:45,011][flwr][INFO] - 	              (5, 0.098),
[2024-12-31 23:34:45,011][flwr][INFO] - 	              (6, 0.098),
[2024-12-31 23:34:45,012][flwr][INFO] - 	              (7, 0.098),
[2024-12-31 23:34:45,012][flwr][INFO] - 	              (8, 0.098),
[2024-12-31 23:34:45,012][flwr][INFO] - 	              (9, 0.098),
[2024-12-31 23:34:45,012][flwr][INFO] - 	              (10, 0.098)]}
[2024-12-31 23:34:45,012][flwr][INFO] - 
