[2025-01-08 10:13:35,665][flwr][INFO] - Starting Flower simulation, config: num_rounds=15, no round_timeout
[2025-01-08 10:13:39,217][flwr][INFO] - Flower VCE: Ray initialized with resources: {'memory': 5757348251.0, 'object_store_memory': 2878674124.0, 'node:__internal_head__': 1.0, 'node:192.168.1.11': 1.0, 'CPU': 12.0}
[2025-01-08 10:13:39,217][flwr][INFO] - Optimize your simulation with Flower VCE: https://flower.ai/docs/framework/how-to-run-simulations.html
[2025-01-08 10:13:39,217][flwr][INFO] - Flower VCE: Resources for each Virtual Client: {'num_cpus': 2, 'num_gpus': 0}
[2025-01-08 10:13:39,226][flwr][INFO] - Flower VCE: Creating VirtualClientEngineActorPool with 6 actors
[2025-01-08 10:13:39,227][flwr][INFO] - [INIT]
[2025-01-08 10:13:39,227][flwr][INFO] - Requesting initial parameters from one random client
[2025-01-08 10:13:41,736][flwr][INFO] - Received initial parameters from one random client
[2025-01-08 10:13:41,737][flwr][INFO] - Starting evaluation of initial global parameters
[2025-01-08 10:13:42,990][flwr][INFO] - initial parameters (loss, other metrics): 182.44047832489014, {'accuracy': 0.0991}
[2025-01-08 10:13:42,990][flwr][INFO] - 
[2025-01-08 10:13:42,990][flwr][INFO] - [ROUND 1]
[2025-01-08 10:13:42,991][flwr][INFO] - configure_fit: strategy sampled 2 clients (out of 20)
[2025-01-08 10:13:48,538][flwr][INFO] - aggregate_fit: received 2 results and 0 failures
[2025-01-08 10:13:48,541][flwr][WARNING] - No fit_metrics_aggregation_fn provided
[2025-01-08 10:13:50,004][flwr][INFO] - fit progress: (1, 190.06798195838928, {'accuracy': 0.0974}, 7.0134864570063655)
[2025-01-08 10:13:50,004][flwr][INFO] - configure_evaluate: strategy sampled 3 clients (out of 20)
[2025-01-08 10:13:52,057][flwr][INFO] - aggregate_evaluate: received 3 results and 0 failures
[2025-01-08 10:13:52,057][flwr][WARNING] - No evaluate_metrics_aggregation_fn provided
[2025-01-08 10:13:52,057][flwr][INFO] - 
[2025-01-08 10:13:52,057][flwr][INFO] - [ROUND 2]
[2025-01-08 10:13:52,057][flwr][INFO] - configure_fit: strategy sampled 2 clients (out of 20)
[2025-01-08 10:13:55,833][flwr][INFO] - aggregate_fit: received 2 results and 0 failures
[2025-01-08 10:13:57,307][flwr][INFO] - fit progress: (2, 167.59307622909546, {'accuracy': 0.1567}, 14.316889171001094)
[2025-01-08 10:13:57,307][flwr][INFO] - configure_evaluate: strategy sampled 3 clients (out of 20)
[2025-01-08 10:13:57,755][flwr][INFO] - aggregate_evaluate: received 3 results and 0 failures
[2025-01-08 10:13:57,755][flwr][INFO] - 
[2025-01-08 10:13:57,755][flwr][INFO] - [ROUND 3]
[2025-01-08 10:13:57,755][flwr][INFO] - configure_fit: strategy sampled 2 clients (out of 20)
[2025-01-08 10:14:01,613][flwr][INFO] - aggregate_fit: received 2 results and 0 failures
[2025-01-08 10:14:03,212][flwr][INFO] - fit progress: (3, 78.9302225112915, {'accuracy': 0.7387}, 20.221608855004888)
[2025-01-08 10:14:03,212][flwr][INFO] - configure_evaluate: strategy sampled 3 clients (out of 20)
[2025-01-08 10:14:03,565][flwr][INFO] - aggregate_evaluate: received 3 results and 0 failures
[2025-01-08 10:14:03,565][flwr][INFO] - 
[2025-01-08 10:14:03,565][flwr][INFO] - [ROUND 4]
[2025-01-08 10:14:03,566][flwr][INFO] - configure_fit: strategy sampled 2 clients (out of 20)
[2025-01-08 10:14:07,303][flwr][INFO] - aggregate_fit: received 2 results and 0 failures
[2025-01-08 10:14:09,008][flwr][INFO] - fit progress: (4, 183.33257746696472, {'accuracy': 0.0982}, 26.01724342700618)
[2025-01-08 10:14:09,008][flwr][INFO] - configure_evaluate: strategy sampled 3 clients (out of 20)
[2025-01-08 10:14:09,384][flwr][INFO] - aggregate_evaluate: received 3 results and 0 failures
[2025-01-08 10:14:09,385][flwr][INFO] - 
[2025-01-08 10:14:09,385][flwr][INFO] - [ROUND 5]
[2025-01-08 10:14:09,385][flwr][INFO] - configure_fit: strategy sampled 2 clients (out of 20)
[2025-01-08 10:14:12,954][flwr][INFO] - aggregate_fit: received 2 results and 0 failures
[2025-01-08 10:14:14,760][flwr][INFO] - fit progress: (5, 181.89275431632996, {'accuracy': 0.1135}, 31.76928031600255)
[2025-01-08 10:14:14,760][flwr][INFO] - configure_evaluate: strategy sampled 3 clients (out of 20)
[2025-01-08 10:14:15,125][flwr][INFO] - aggregate_evaluate: received 3 results and 0 failures
[2025-01-08 10:14:15,125][flwr][INFO] - 
[2025-01-08 10:14:15,125][flwr][INFO] - [ROUND 6]
[2025-01-08 10:14:15,125][flwr][INFO] - configure_fit: strategy sampled 2 clients (out of 20)
[2025-01-08 10:14:19,066][flwr][INFO] - aggregate_fit: received 2 results and 0 failures
[2025-01-08 10:14:22,372][flwr][INFO] - fit progress: (6, 181.9975666999817, {'accuracy': 0.1135}, 39.38151191400539)
[2025-01-08 10:14:22,372][flwr][INFO] - configure_evaluate: strategy sampled 3 clients (out of 20)
[2025-01-08 10:14:22,921][flwr][INFO] - aggregate_evaluate: received 3 results and 0 failures
[2025-01-08 10:14:22,921][flwr][INFO] - 
[2025-01-08 10:14:22,922][flwr][INFO] - [ROUND 7]
[2025-01-08 10:14:22,922][flwr][INFO] - configure_fit: strategy sampled 2 clients (out of 20)
[2025-01-08 10:14:27,624][flwr][INFO] - aggregate_fit: received 2 results and 0 failures
[2025-01-08 10:14:30,142][flwr][INFO] - fit progress: (7, 181.80022954940796, {'accuracy': 0.1135}, 47.15207429800648)
[2025-01-08 10:14:30,143][flwr][INFO] - configure_evaluate: strategy sampled 3 clients (out of 20)
[2025-01-08 10:14:30,610][flwr][INFO] - aggregate_evaluate: received 3 results and 0 failures
[2025-01-08 10:14:30,611][flwr][INFO] - 
[2025-01-08 10:14:30,611][flwr][INFO] - [ROUND 8]
[2025-01-08 10:14:30,611][flwr][INFO] - configure_fit: strategy sampled 2 clients (out of 20)
[2025-01-08 10:14:34,429][flwr][INFO] - aggregate_fit: received 2 results and 0 failures
[2025-01-08 10:14:36,028][flwr][INFO] - fit progress: (8, 182.22595477104187, {'accuracy': 0.1028}, 53.03762202600046)
[2025-01-08 10:14:36,028][flwr][INFO] - configure_evaluate: strategy sampled 3 clients (out of 20)
[2025-01-08 10:14:36,406][flwr][INFO] - aggregate_evaluate: received 3 results and 0 failures
[2025-01-08 10:14:36,407][flwr][INFO] - 
[2025-01-08 10:14:36,407][flwr][INFO] - [ROUND 9]
[2025-01-08 10:14:36,407][flwr][INFO] - configure_fit: strategy sampled 2 clients (out of 20)
[2025-01-08 10:14:40,023][flwr][INFO] - aggregate_fit: received 2 results and 0 failures
[2025-01-08 10:14:41,189][flwr][INFO] - fit progress: (9, 181.88157415390015, {'accuracy': 0.1135}, 58.19826916199963)
[2025-01-08 10:14:41,189][flwr][INFO] - configure_evaluate: strategy sampled 3 clients (out of 20)
[2025-01-08 10:14:41,590][flwr][INFO] - aggregate_evaluate: received 3 results and 0 failures
[2025-01-08 10:14:41,590][flwr][INFO] - 
[2025-01-08 10:14:41,590][flwr][INFO] - [ROUND 10]
[2025-01-08 10:14:41,590][flwr][INFO] - configure_fit: strategy sampled 2 clients (out of 20)
[2025-01-08 10:14:45,250][flwr][INFO] - aggregate_fit: received 2 results and 0 failures
[2025-01-08 10:14:46,918][flwr][INFO] - fit progress: (10, 182.08897829055786, {'accuracy': 0.1135}, 63.927624187999754)
[2025-01-08 10:14:46,918][flwr][INFO] - configure_evaluate: strategy sampled 3 clients (out of 20)
[2025-01-08 10:14:47,298][flwr][INFO] - aggregate_evaluate: received 3 results and 0 failures
[2025-01-08 10:14:47,299][flwr][INFO] - 
[2025-01-08 10:14:47,299][flwr][INFO] - [ROUND 11]
[2025-01-08 10:14:47,299][flwr][INFO] - configure_fit: strategy sampled 2 clients (out of 20)
[2025-01-08 10:14:50,839][flwr][INFO] - aggregate_fit: received 2 results and 0 failures
[2025-01-08 10:14:52,516][flwr][INFO] - fit progress: (11, 182.0449366569519, {'accuracy': 0.101}, 69.52535098600492)
[2025-01-08 10:14:52,516][flwr][INFO] - configure_evaluate: strategy sampled 3 clients (out of 20)
[2025-01-08 10:14:52,865][flwr][INFO] - aggregate_evaluate: received 3 results and 0 failures
[2025-01-08 10:14:52,865][flwr][INFO] - 
[2025-01-08 10:14:52,865][flwr][INFO] - [ROUND 12]
[2025-01-08 10:14:52,865][flwr][INFO] - configure_fit: strategy sampled 2 clients (out of 20)
[2025-01-08 10:14:56,546][flwr][INFO] - aggregate_fit: received 2 results and 0 failures
[2025-01-08 10:14:57,974][flwr][INFO] - fit progress: (12, 182.2651813030243, {'accuracy': 0.098}, 74.98375701199984)
[2025-01-08 10:14:57,974][flwr][INFO] - configure_evaluate: strategy sampled 3 clients (out of 20)
[2025-01-08 10:14:58,351][flwr][INFO] - aggregate_evaluate: received 3 results and 0 failures
[2025-01-08 10:14:58,351][flwr][INFO] - 
[2025-01-08 10:14:58,351][flwr][INFO] - [ROUND 13]
[2025-01-08 10:14:58,351][flwr][INFO] - configure_fit: strategy sampled 2 clients (out of 20)
[2025-01-08 10:15:01,915][flwr][INFO] - aggregate_fit: received 2 results and 0 failures
[2025-01-08 10:15:03,724][flwr][INFO] - fit progress: (13, 182.11032795906067, {'accuracy': 0.1135}, 80.73400143300387)
[2025-01-08 10:15:03,725][flwr][INFO] - configure_evaluate: strategy sampled 3 clients (out of 20)
[2025-01-08 10:15:04,133][flwr][INFO] - aggregate_evaluate: received 3 results and 0 failures
[2025-01-08 10:15:04,133][flwr][INFO] - 
[2025-01-08 10:15:04,133][flwr][INFO] - [ROUND 14]
[2025-01-08 10:15:04,133][flwr][INFO] - configure_fit: strategy sampled 2 clients (out of 20)
[2025-01-08 10:15:07,735][flwr][INFO] - aggregate_fit: received 2 results and 0 failures
[2025-01-08 10:15:09,113][flwr][INFO] - fit progress: (14, 182.07397413253784, {'accuracy': 0.1028}, 86.1222817490052)
[2025-01-08 10:15:09,113][flwr][INFO] - configure_evaluate: strategy sampled 3 clients (out of 20)
[2025-01-08 10:15:09,513][flwr][INFO] - aggregate_evaluate: received 3 results and 0 failures
[2025-01-08 10:15:09,513][flwr][INFO] - 
[2025-01-08 10:15:09,513][flwr][INFO] - [ROUND 15]
[2025-01-08 10:15:09,513][flwr][INFO] - configure_fit: strategy sampled 2 clients (out of 20)
[2025-01-08 10:15:13,180][flwr][INFO] - aggregate_fit: received 2 results and 0 failures
[2025-01-08 10:15:14,400][flwr][INFO] - fit progress: (15, 182.12705850601196, {'accuracy': 0.1009}, 91.40947090800182)
[2025-01-08 10:15:14,400][flwr][INFO] - configure_evaluate: strategy sampled 3 clients (out of 20)
[2025-01-08 10:15:14,842][flwr][INFO] - aggregate_evaluate: received 3 results and 0 failures
[2025-01-08 10:15:14,842][flwr][INFO] - 
[2025-01-08 10:15:14,842][flwr][INFO] - [SUMMARY]
[2025-01-08 10:15:14,842][flwr][INFO] - Run finished 15 round(s) in 91.85s
[2025-01-08 10:15:14,843][flwr][INFO] - 	History (loss, distributed):
[2025-01-08 10:15:14,843][flwr][INFO] - 		round 1: 45.589930295944214
[2025-01-08 10:15:14,843][flwr][INFO] - 		round 2: 40.7440257469813
[2025-01-08 10:15:14,843][flwr][INFO] - 		round 3: 19.815156916777294
[2025-01-08 10:15:14,843][flwr][INFO] - 		round 4: 44.23042233784994
[2025-01-08 10:15:14,843][flwr][INFO] - 		round 5: 43.86238511403402
[2025-01-08 10:15:14,843][flwr][INFO] - 		round 6: 43.831030448277794
[2025-01-08 10:15:14,843][flwr][INFO] - 		round 7: 43.720628102620445
[2025-01-08 10:15:14,843][flwr][INFO] - 		round 8: 43.73769283294678
[2025-01-08 10:15:14,843][flwr][INFO] - 		round 9: 43.7479035059611
[2025-01-08 10:15:14,843][flwr][INFO] - 		round 10: 43.77568078041077
[2025-01-08 10:15:14,843][flwr][INFO] - 		round 11: 43.85744015375773
[2025-01-08 10:15:14,844][flwr][INFO] - 		round 12: 43.79994241396586
[2025-01-08 10:15:14,844][flwr][INFO] - 		round 13: 43.807359059651695
[2025-01-08 10:15:14,844][flwr][INFO] - 		round 14: 43.74041906992594
[2025-01-08 10:15:14,844][flwr][INFO] - 		round 15: 43.7502916653951
[2025-01-08 10:15:14,844][flwr][INFO] - 	History (loss, centralized):
[2025-01-08 10:15:14,844][flwr][INFO] - 		round 0: 182.44047832489014
[2025-01-08 10:15:14,844][flwr][INFO] - 		round 1: 190.06798195838928
[2025-01-08 10:15:14,844][flwr][INFO] - 		round 2: 167.59307622909546
[2025-01-08 10:15:14,845][flwr][INFO] - 		round 3: 78.9302225112915
[2025-01-08 10:15:14,845][flwr][INFO] - 		round 4: 183.33257746696472
[2025-01-08 10:15:14,845][flwr][INFO] - 		round 5: 181.89275431632996
[2025-01-08 10:15:14,845][flwr][INFO] - 		round 6: 181.9975666999817
[2025-01-08 10:15:14,845][flwr][INFO] - 		round 7: 181.80022954940796
[2025-01-08 10:15:14,845][flwr][INFO] - 		round 8: 182.22595477104187
[2025-01-08 10:15:14,845][flwr][INFO] - 		round 9: 181.88157415390015
[2025-01-08 10:15:14,845][flwr][INFO] - 		round 10: 182.08897829055786
[2025-01-08 10:15:14,845][flwr][INFO] - 		round 11: 182.0449366569519
[2025-01-08 10:15:14,845][flwr][INFO] - 		round 12: 182.2651813030243
[2025-01-08 10:15:14,846][flwr][INFO] - 		round 13: 182.11032795906067
[2025-01-08 10:15:14,846][flwr][INFO] - 		round 14: 182.07397413253784
[2025-01-08 10:15:14,846][flwr][INFO] - 		round 15: 182.12705850601196
[2025-01-08 10:15:14,846][flwr][INFO] - 	History (metrics, centralized):
[2025-01-08 10:15:14,846][flwr][INFO] - 	{'accuracy': [(0, 0.0991),
[2025-01-08 10:15:14,846][flwr][INFO] - 	              (1, 0.0974),
[2025-01-08 10:15:14,846][flwr][INFO] - 	              (2, 0.1567),
[2025-01-08 10:15:14,846][flwr][INFO] - 	              (3, 0.7387),
[2025-01-08 10:15:14,846][flwr][INFO] - 	              (4, 0.0982),
[2025-01-08 10:15:14,847][flwr][INFO] - 	              (5, 0.1135),
[2025-01-08 10:15:14,847][flwr][INFO] - 	              (6, 0.1135),
[2025-01-08 10:15:14,847][flwr][INFO] - 	              (7, 0.1135),
[2025-01-08 10:15:14,847][flwr][INFO] - 	              (8, 0.1028),
[2025-01-08 10:15:14,847][flwr][INFO] - 	              (9, 0.1135),
[2025-01-08 10:15:14,847][flwr][INFO] - 	              (10, 0.1135),
[2025-01-08 10:15:14,847][flwr][INFO] - 	              (11, 0.101),
[2025-01-08 10:15:14,847][flwr][INFO] - 	              (12, 0.098),
[2025-01-08 10:15:14,847][flwr][INFO] - 	              (13, 0.1135),
[2025-01-08 10:15:14,847][flwr][INFO] - 	              (14, 0.1028),
[2025-01-08 10:15:14,848][flwr][INFO] - 	              (15, 0.1009)]}
[2025-01-08 10:15:14,848][flwr][INFO] - 
