[2025-01-07 15:26:22,228][flwr][INFO] - Starting Flower simulation, config: num_rounds=10, no round_timeout
[2025-01-07 15:26:25,640][flwr][INFO] - Flower VCE: Ray initialized with resources: {'memory': 6274265088.0, 'object_store_memory': 3137132544.0, 'node:__internal_head__': 1.0, 'CPU': 12.0, 'node:192.168.1.11': 1.0}
[2025-01-07 15:26:25,640][flwr][INFO] - Optimize your simulation with Flower VCE: https://flower.ai/docs/framework/how-to-run-simulations.html
[2025-01-07 15:26:25,640][flwr][INFO] - Flower VCE: Resources for each Virtual Client: {'num_cpus': 2, 'num_gpus': 0}
[2025-01-07 15:26:25,648][flwr][INFO] - Flower VCE: Creating VirtualClientEngineActorPool with 6 actors
[2025-01-07 15:26:25,649][flwr][INFO] - [INIT]
[2025-01-07 15:26:25,649][flwr][INFO] - Requesting initial parameters from one random client
[2025-01-07 15:26:28,476][flwr][INFO] - Received initial parameters from one random client
[2025-01-07 15:26:28,476][flwr][INFO] - Starting evaluation of initial global parameters
[2025-01-07 15:26:29,666][flwr][INFO] - initial parameters (loss, other metrics): 182.24450278282166, {'accuracy': 0.1019}
[2025-01-07 15:26:29,666][flwr][INFO] - 
[2025-01-07 15:26:29,666][flwr][INFO] - [ROUND 1]
[2025-01-07 15:26:29,666][flwr][INFO] - configure_fit: strategy sampled 2 clients (out of 5)
[2025-01-07 15:26:58,936][flwr][INFO] - aggregate_fit: received 2 results and 0 failures
[2025-01-07 15:26:58,942][flwr][WARNING] - No fit_metrics_aggregation_fn provided
[2025-01-07 15:27:00,657][flwr][INFO] - fit progress: (1, 183.1741099357605, {'accuracy': 0.1028}, 30.991064846999507)
[2025-01-07 15:27:00,657][flwr][INFO] - configure_evaluate: strategy sampled 3 clients (out of 5)
[2025-01-07 15:27:03,105][flwr][INFO] - aggregate_evaluate: received 3 results and 0 failures
[2025-01-07 15:27:03,105][flwr][WARNING] - No evaluate_metrics_aggregation_fn provided
[2025-01-07 15:27:03,105][flwr][INFO] - 
[2025-01-07 15:27:03,106][flwr][INFO] - [ROUND 2]
[2025-01-07 15:27:03,106][flwr][INFO] - configure_fit: strategy sampled 2 clients (out of 5)
[2025-01-07 15:27:26,375][flwr][INFO] - aggregate_fit: received 2 results and 0 failures
[2025-01-07 15:27:28,059][flwr][INFO] - fit progress: (2, 182.0224313735962, {'accuracy': 0.1135}, 58.39315980699757)
[2025-01-07 15:27:28,059][flwr][INFO] - configure_evaluate: strategy sampled 3 clients (out of 5)
[2025-01-07 15:27:28,948][flwr][INFO] - aggregate_evaluate: received 3 results and 0 failures
[2025-01-07 15:27:28,949][flwr][INFO] - 
[2025-01-07 15:27:28,949][flwr][INFO] - [ROUND 3]
[2025-01-07 15:27:28,950][flwr][INFO] - configure_fit: strategy sampled 2 clients (out of 5)
[2025-01-07 15:27:52,109][flwr][INFO] - aggregate_fit: received 2 results and 0 failures
[2025-01-07 15:27:53,756][flwr][INFO] - fit progress: (3, 182.10721349716187, {'accuracy': 0.1135}, 84.09011131900115)
[2025-01-07 15:27:53,756][flwr][INFO] - configure_evaluate: strategy sampled 3 clients (out of 5)
[2025-01-07 15:27:54,399][flwr][INFO] - aggregate_evaluate: received 3 results and 0 failures
[2025-01-07 15:27:54,400][flwr][INFO] - 
[2025-01-07 15:27:54,400][flwr][INFO] - [ROUND 4]
[2025-01-07 15:27:54,400][flwr][INFO] - configure_fit: strategy sampled 2 clients (out of 5)
[2025-01-07 15:28:17,740][flwr][INFO] - aggregate_fit: received 2 results and 0 failures
[2025-01-07 15:28:19,552][flwr][INFO] - fit progress: (4, 182.12686157226562, {'accuracy': 0.1028}, 109.88625585599948)
[2025-01-07 15:28:19,552][flwr][INFO] - configure_evaluate: strategy sampled 3 clients (out of 5)
[2025-01-07 15:28:20,254][flwr][INFO] - aggregate_evaluate: received 3 results and 0 failures
[2025-01-07 15:28:20,254][flwr][INFO] - 
[2025-01-07 15:28:20,254][flwr][INFO] - [ROUND 5]
[2025-01-07 15:28:20,255][flwr][INFO] - configure_fit: strategy sampled 2 clients (out of 5)
[2025-01-07 15:28:43,162][flwr][INFO] - aggregate_fit: received 2 results and 0 failures
[2025-01-07 15:28:44,886][flwr][INFO] - fit progress: (5, 182.03800415992737, {'accuracy': 0.1028}, 135.22051939499943)
[2025-01-07 15:28:44,887][flwr][INFO] - configure_evaluate: strategy sampled 3 clients (out of 5)
[2025-01-07 15:28:45,561][flwr][INFO] - aggregate_evaluate: received 3 results and 0 failures
[2025-01-07 15:28:45,561][flwr][INFO] - 
[2025-01-07 15:28:45,561][flwr][INFO] - [ROUND 6]
[2025-01-07 15:28:45,562][flwr][INFO] - configure_fit: strategy sampled 2 clients (out of 5)
[2025-01-07 15:29:08,535][flwr][INFO] - aggregate_fit: received 2 results and 0 failures
[2025-01-07 15:29:09,937][flwr][INFO] - fit progress: (6, 181.90017867088318, {'accuracy': 0.1028}, 160.27088724900022)
[2025-01-07 15:29:09,937][flwr][INFO] - configure_evaluate: strategy sampled 3 clients (out of 5)
[2025-01-07 15:29:10,630][flwr][INFO] - aggregate_evaluate: received 3 results and 0 failures
[2025-01-07 15:29:10,631][flwr][INFO] - 
[2025-01-07 15:29:10,631][flwr][INFO] - [ROUND 7]
[2025-01-07 15:29:10,631][flwr][INFO] - configure_fit: strategy sampled 2 clients (out of 5)
[2025-01-07 15:29:33,184][flwr][INFO] - aggregate_fit: received 2 results and 0 failures
[2025-01-07 15:29:34,635][flwr][INFO] - fit progress: (7, 181.9499146938324, {'accuracy': 0.101}, 184.96891285899983)
[2025-01-07 15:29:34,635][flwr][INFO] - configure_evaluate: strategy sampled 3 clients (out of 5)
[2025-01-07 15:29:35,322][flwr][INFO] - aggregate_evaluate: received 3 results and 0 failures
[2025-01-07 15:29:35,322][flwr][INFO] - 
[2025-01-07 15:29:35,322][flwr][INFO] - [ROUND 8]
[2025-01-07 15:29:35,322][flwr][INFO] - configure_fit: strategy sampled 2 clients (out of 5)
[2025-01-07 15:29:57,992][flwr][INFO] - aggregate_fit: received 2 results and 0 failures
[2025-01-07 15:29:59,456][flwr][INFO] - fit progress: (8, 182.13838982582092, {'accuracy': 0.101}, 209.79064521599867)
[2025-01-07 15:29:59,457][flwr][INFO] - configure_evaluate: strategy sampled 3 clients (out of 5)
[2025-01-07 15:30:00,256][flwr][INFO] - aggregate_evaluate: received 3 results and 0 failures
[2025-01-07 15:30:00,257][flwr][INFO] - 
[2025-01-07 15:30:00,257][flwr][INFO] - [ROUND 9]
[2025-01-07 15:30:00,257][flwr][INFO] - configure_fit: strategy sampled 2 clients (out of 5)
[2025-01-07 15:30:23,391][flwr][INFO] - aggregate_fit: received 2 results and 0 failures
[2025-01-07 15:30:25,123][flwr][INFO] - fit progress: (9, 182.10362768173218, {'accuracy': 0.1135}, 235.45688406699992)
[2025-01-07 15:30:25,123][flwr][INFO] - configure_evaluate: strategy sampled 3 clients (out of 5)
[2025-01-07 15:30:25,784][flwr][INFO] - aggregate_evaluate: received 3 results and 0 failures
[2025-01-07 15:30:25,785][flwr][INFO] - 
[2025-01-07 15:30:25,785][flwr][INFO] - [ROUND 10]
[2025-01-07 15:30:25,785][flwr][INFO] - configure_fit: strategy sampled 2 clients (out of 5)
[2025-01-07 15:30:48,585][flwr][INFO] - aggregate_fit: received 2 results and 0 failures
[2025-01-07 15:30:50,171][flwr][INFO] - fit progress: (10, 182.0717535018921, {'accuracy': 0.098}, 260.50557730999935)
[2025-01-07 15:30:50,172][flwr][INFO] - configure_evaluate: strategy sampled 3 clients (out of 5)
[2025-01-07 15:30:50,883][flwr][INFO] - aggregate_evaluate: received 3 results and 0 failures
[2025-01-07 15:30:50,883][flwr][INFO] - 
[2025-01-07 15:30:50,883][flwr][INFO] - [SUMMARY]
[2025-01-07 15:30:50,883][flwr][INFO] - Run finished 10 round(s) in 261.22s
[2025-01-07 15:30:50,884][flwr][INFO] - 	History (loss, distributed):
[2025-01-07 15:30:50,884][flwr][INFO] - 		round 1: 173.94614855448404
[2025-01-07 15:30:50,884][flwr][INFO] - 		round 2: 172.76665258407593
[2025-01-07 15:30:50,884][flwr][INFO] - 		round 3: 173.03130435943604
[2025-01-07 15:30:50,884][flwr][INFO] - 		round 4: 172.9819653828939
[2025-01-07 15:30:50,884][flwr][INFO] - 		round 5: 172.89623061815897
[2025-01-07 15:30:50,884][flwr][INFO] - 		round 6: 172.67419171333313
[2025-01-07 15:30:50,884][flwr][INFO] - 		round 7: 172.7351279258728
[2025-01-07 15:30:50,884][flwr][INFO] - 		round 8: 172.94258419672647
[2025-01-07 15:30:50,885][flwr][INFO] - 		round 9: 173.20763699213663
[2025-01-07 15:30:50,885][flwr][INFO] - 		round 10: 172.93956518173218
[2025-01-07 15:30:50,885][flwr][INFO] - 	History (loss, centralized):
[2025-01-07 15:30:50,885][flwr][INFO] - 		round 0: 182.24450278282166
[2025-01-07 15:30:50,885][flwr][INFO] - 		round 1: 183.1741099357605
[2025-01-07 15:30:50,885][flwr][INFO] - 		round 2: 182.0224313735962
[2025-01-07 15:30:50,885][flwr][INFO] - 		round 3: 182.10721349716187
[2025-01-07 15:30:50,885][flwr][INFO] - 		round 4: 182.12686157226562
[2025-01-07 15:30:50,885][flwr][INFO] - 		round 5: 182.03800415992737
[2025-01-07 15:30:50,885][flwr][INFO] - 		round 6: 181.90017867088318
[2025-01-07 15:30:50,885][flwr][INFO] - 		round 7: 181.9499146938324
[2025-01-07 15:30:50,885][flwr][INFO] - 		round 8: 182.13838982582092
[2025-01-07 15:30:50,885][flwr][INFO] - 		round 9: 182.10362768173218
[2025-01-07 15:30:50,885][flwr][INFO] - 		round 10: 182.0717535018921
[2025-01-07 15:30:50,885][flwr][INFO] - 	History (metrics, centralized):
[2025-01-07 15:30:50,885][flwr][INFO] - 	{'accuracy': [(0, 0.1019),
[2025-01-07 15:30:50,885][flwr][INFO] - 	              (1, 0.1028),
[2025-01-07 15:30:50,885][flwr][INFO] - 	              (2, 0.1135),
[2025-01-07 15:30:50,885][flwr][INFO] - 	              (3, 0.1135),
[2025-01-07 15:30:50,886][flwr][INFO] - 	              (4, 0.1028),
[2025-01-07 15:30:50,886][flwr][INFO] - 	              (5, 0.1028),
[2025-01-07 15:30:50,886][flwr][INFO] - 	              (6, 0.1028),
[2025-01-07 15:30:50,886][flwr][INFO] - 	              (7, 0.101),
[2025-01-07 15:30:50,886][flwr][INFO] - 	              (8, 0.101),
[2025-01-07 15:30:50,886][flwr][INFO] - 	              (9, 0.1135),
[2025-01-07 15:30:50,886][flwr][INFO] - 	              (10, 0.098)]}
[2025-01-07 15:30:50,886][flwr][INFO] - 
