[2025-01-07 12:57:45,733][flwr][INFO] - Starting Flower simulation, config: num_rounds=5, no round_timeout
[2025-01-07 12:57:49,337][flwr][INFO] - Flower VCE: Ray initialized with resources: {'memory': 4829682894.0, 'object_store_memory': 2414841446.0, 'node:__internal_head__': 1.0, 'node:192.168.1.11': 1.0, 'CPU': 12.0}
[2025-01-07 12:57:49,338][flwr][INFO] - Optimize your simulation with Flower VCE: https://flower.ai/docs/framework/how-to-run-simulations.html
[2025-01-07 12:57:49,338][flwr][INFO] - Flower VCE: Resources for each Virtual Client: {'num_cpus': 2, 'num_gpus': 0}
[2025-01-07 12:57:49,351][flwr][INFO] - Flower VCE: Creating VirtualClientEngineActorPool with 6 actors
[2025-01-07 12:57:49,351][flwr][INFO] - [INIT]
[2025-01-07 12:57:49,351][flwr][INFO] - Requesting initial parameters from one random client
[2025-01-07 12:57:52,320][flwr][INFO] - Received initial parameters from one random client
[2025-01-07 12:57:52,321][flwr][INFO] - Starting evaluation of initial global parameters
[2025-01-07 12:57:54,419][flwr][INFO] - initial parameters (loss, other metrics): 182.43415093421936, {'accuracy': 0.0954}
[2025-01-07 12:57:54,419][flwr][INFO] - 
[2025-01-07 12:57:54,419][flwr][INFO] - [ROUND 1]
[2025-01-07 12:57:54,419][flwr][INFO] - configure_fit: strategy sampled 2 clients (out of 5)
[2025-01-07 12:58:25,668][flwr][INFO] - aggregate_fit: received 2 results and 0 failures
[2025-01-07 12:58:25,672][flwr][WARNING] - No fit_metrics_aggregation_fn provided
[2025-01-07 12:58:27,143][flwr][INFO] - fit progress: (1, 190.19583654403687, {'accuracy': 0.0996}, 32.724059247000696)
[2025-01-07 12:58:27,143][flwr][INFO] - configure_evaluate: strategy sampled 3 clients (out of 5)
[2025-01-07 12:58:29,926][flwr][INFO] - aggregate_evaluate: received 3 results and 0 failures
[2025-01-07 12:58:29,926][flwr][WARNING] - No evaluate_metrics_aggregation_fn provided
[2025-01-07 12:58:29,926][flwr][INFO] - 
[2025-01-07 12:58:29,926][flwr][INFO] - [ROUND 2]
[2025-01-07 12:58:29,927][flwr][INFO] - configure_fit: strategy sampled 2 clients (out of 5)
[2025-01-07 12:58:58,750][flwr][INFO] - aggregate_fit: received 2 results and 0 failures
[2025-01-07 12:59:00,055][flwr][INFO] - fit progress: (2, 186.21838331222534, {'accuracy': 0.0929}, 65.63599723600055)
[2025-01-07 12:59:00,055][flwr][INFO] - configure_evaluate: strategy sampled 3 clients (out of 5)
[2025-01-07 12:59:01,019][flwr][INFO] - aggregate_evaluate: received 3 results and 0 failures
[2025-01-07 12:59:01,020][flwr][INFO] - 
[2025-01-07 12:59:01,020][flwr][INFO] - [ROUND 3]
[2025-01-07 12:59:01,020][flwr][INFO] - configure_fit: strategy sampled 2 clients (out of 5)
[2025-01-07 12:59:28,577][flwr][INFO] - aggregate_fit: received 2 results and 0 failures
[2025-01-07 12:59:30,676][flwr][INFO] - fit progress: (3, 75.9574875831604, {'accuracy': 0.6578}, 96.2575341039992)
[2025-01-07 12:59:30,677][flwr][INFO] - configure_evaluate: strategy sampled 3 clients (out of 5)
[2025-01-07 12:59:31,405][flwr][INFO] - aggregate_evaluate: received 3 results and 0 failures
[2025-01-07 12:59:31,406][flwr][INFO] - 
[2025-01-07 12:59:31,406][flwr][INFO] - [ROUND 4]
[2025-01-07 12:59:31,406][flwr][INFO] - configure_fit: strategy sampled 2 clients (out of 5)
[2025-01-07 12:59:56,378][flwr][INFO] - aggregate_fit: received 2 results and 0 failures
[2025-01-07 12:59:58,524][flwr][INFO] - fit progress: (4, 183.82519459724426, {'accuracy': 0.2677}, 124.1057159890006)
[2025-01-07 12:59:58,525][flwr][INFO] - configure_evaluate: strategy sampled 3 clients (out of 5)
[2025-01-07 12:59:59,220][flwr][INFO] - aggregate_evaluate: received 3 results and 0 failures
[2025-01-07 12:59:59,221][flwr][INFO] - 
[2025-01-07 12:59:59,221][flwr][INFO] - [ROUND 5]
[2025-01-07 12:59:59,221][flwr][INFO] - configure_fit: strategy sampled 2 clients (out of 5)
[2025-01-07 13:00:22,769][flwr][INFO] - aggregate_fit: received 2 results and 0 failures
[2025-01-07 13:00:25,022][flwr][INFO] - fit progress: (5, 186.7056097984314, {'accuracy': 0.101}, 150.60320869799762)
[2025-01-07 13:00:25,022][flwr][INFO] - configure_evaluate: strategy sampled 3 clients (out of 5)
[2025-01-07 13:00:25,768][flwr][INFO] - aggregate_evaluate: received 3 results and 0 failures
[2025-01-07 13:00:25,768][flwr][INFO] - 
[2025-01-07 13:00:25,769][flwr][INFO] - [SUMMARY]
[2025-01-07 13:00:25,769][flwr][INFO] - Run finished 5 round(s) in 151.35s
[2025-01-07 13:00:25,769][flwr][INFO] - 	History (loss, distributed):
[2025-01-07 13:00:25,769][flwr][INFO] - 		round 1: 180.15362421671549
[2025-01-07 13:00:25,769][flwr][INFO] - 		round 2: 177.00419402122498
[2025-01-07 13:00:25,769][flwr][INFO] - 		round 3: 75.36653476953506
[2025-01-07 13:00:25,769][flwr][INFO] - 		round 4: 171.68378082911173
[2025-01-07 13:00:25,769][flwr][INFO] - 		round 5: 176.9878294467926
[2025-01-07 13:00:25,769][flwr][INFO] - 	History (loss, centralized):
[2025-01-07 13:00:25,769][flwr][INFO] - 		round 0: 182.43415093421936
[2025-01-07 13:00:25,769][flwr][INFO] - 		round 1: 190.19583654403687
[2025-01-07 13:00:25,770][flwr][INFO] - 		round 2: 186.21838331222534
[2025-01-07 13:00:25,770][flwr][INFO] - 		round 3: 75.9574875831604
[2025-01-07 13:00:25,770][flwr][INFO] - 		round 4: 183.82519459724426
[2025-01-07 13:00:25,770][flwr][INFO] - 		round 5: 186.7056097984314
[2025-01-07 13:00:25,770][flwr][INFO] - 	History (metrics, centralized):
[2025-01-07 13:00:25,770][flwr][INFO] - 	{'accuracy': [(0, 0.0954),
[2025-01-07 13:00:25,770][flwr][INFO] - 	              (1, 0.0996),
[2025-01-07 13:00:25,770][flwr][INFO] - 	              (2, 0.0929),
[2025-01-07 13:00:25,770][flwr][INFO] - 	              (3, 0.6578),
[2025-01-07 13:00:25,770][flwr][INFO] - 	              (4, 0.2677),
[2025-01-07 13:00:25,770][flwr][INFO] - 	              (5, 0.101)]}
[2025-01-07 13:00:25,770][flwr][INFO] - 
