[2025-01-07 22:47:03,357][flwr][INFO] - Starting Flower simulation, config: num_rounds=15, no round_timeout
[2025-01-07 22:47:07,123][flwr][INFO] - Flower VCE: Ray initialized with resources: {'node:__internal_head__': 1.0, 'node:192.168.1.11': 1.0, 'CPU': 12.0, 'object_store_memory': 3113050521.0, 'memory': 6226101044.0}
[2025-01-07 22:47:07,124][flwr][INFO] - Optimize your simulation with Flower VCE: https://flower.ai/docs/framework/how-to-run-simulations.html
[2025-01-07 22:47:07,124][flwr][INFO] - Flower VCE: Resources for each Virtual Client: {'num_cpus': 2, 'num_gpus': 0}
[2025-01-07 22:47:07,139][flwr][INFO] - Flower VCE: Creating VirtualClientEngineActorPool with 6 actors
[2025-01-07 22:47:07,139][flwr][INFO] - [INIT]
[2025-01-07 22:47:07,139][flwr][INFO] - Requesting initial parameters from one random client
[2025-01-07 22:47:09,329][flwr][INFO] - Received initial parameters from one random client
[2025-01-07 22:47:09,330][flwr][INFO] - Starting evaluation of initial global parameters
[2025-01-07 22:47:10,645][flwr][INFO] - initial parameters (loss, other metrics): 182.11849904060364, {'accuracy': 0.0919}
[2025-01-07 22:47:10,645][flwr][INFO] - 
[2025-01-07 22:47:10,645][flwr][INFO] - [ROUND 1]
[2025-01-07 22:47:10,646][flwr][INFO] - configure_fit: strategy sampled 2 clients (out of 10)
[2025-01-07 22:47:17,800][flwr][INFO] - aggregate_fit: received 2 results and 0 failures
[2025-01-07 22:47:17,806][flwr][WARNING] - No fit_metrics_aggregation_fn provided
[2025-01-07 22:47:19,025][flwr][INFO] - fit progress: (1, 107.84679460525513, {'accuracy': 0.6616}, 8.379422058002092)
[2025-01-07 22:47:19,025][flwr][INFO] - configure_evaluate: strategy sampled 3 clients (out of 10)
[2025-01-07 22:47:21,219][flwr][INFO] - aggregate_evaluate: received 3 results and 0 failures
[2025-01-07 22:47:21,219][flwr][WARNING] - No evaluate_metrics_aggregation_fn provided
[2025-01-07 22:47:21,219][flwr][INFO] - 
[2025-01-07 22:47:21,219][flwr][INFO] - [ROUND 2]
[2025-01-07 22:47:21,220][flwr][INFO] - configure_fit: strategy sampled 2 clients (out of 10)
[2025-01-07 22:47:26,191][flwr][INFO] - aggregate_fit: received 2 results and 0 failures
[2025-01-07 22:47:27,631][flwr][INFO] - fit progress: (2, 14.678816918283701, {'accuracy': 0.9562}, 16.985805131000234)
[2025-01-07 22:47:27,631][flwr][INFO] - configure_evaluate: strategy sampled 3 clients (out of 10)
[2025-01-07 22:47:28,137][flwr][INFO] - aggregate_evaluate: received 3 results and 0 failures
[2025-01-07 22:47:28,138][flwr][INFO] - 
[2025-01-07 22:47:28,138][flwr][INFO] - [ROUND 3]
[2025-01-07 22:47:28,138][flwr][INFO] - configure_fit: strategy sampled 2 clients (out of 10)
[2025-01-07 22:47:33,347][flwr][INFO] - aggregate_fit: received 2 results and 0 failures
[2025-01-07 22:47:34,835][flwr][INFO] - fit progress: (3, 10.804591956315562, {'accuracy': 0.9709}, 24.189973041000485)
[2025-01-07 22:47:34,836][flwr][INFO] - configure_evaluate: strategy sampled 3 clients (out of 10)
[2025-01-07 22:47:35,290][flwr][INFO] - aggregate_evaluate: received 3 results and 0 failures
[2025-01-07 22:47:35,290][flwr][INFO] - 
[2025-01-07 22:47:35,290][flwr][INFO] - [ROUND 4]
[2025-01-07 22:47:35,290][flwr][INFO] - configure_fit: strategy sampled 2 clients (out of 10)
[2025-01-07 22:47:40,525][flwr][INFO] - aggregate_fit: received 2 results and 0 failures
[2025-01-07 22:47:42,040][flwr][INFO] - fit progress: (4, 13.770273791626096, {'accuracy': 0.9565}, 31.394915716999094)
[2025-01-07 22:47:42,041][flwr][INFO] - configure_evaluate: strategy sampled 3 clients (out of 10)
[2025-01-07 22:47:42,530][flwr][INFO] - aggregate_evaluate: received 3 results and 0 failures
[2025-01-07 22:47:42,530][flwr][INFO] - 
[2025-01-07 22:47:42,530][flwr][INFO] - [ROUND 5]
[2025-01-07 22:47:42,531][flwr][INFO] - configure_fit: strategy sampled 2 clients (out of 10)
[2025-01-07 22:47:47,881][flwr][INFO] - aggregate_fit: received 2 results and 0 failures
[2025-01-07 22:47:49,016][flwr][INFO] - fit progress: (5, 18.512104760855436, {'accuracy': 0.9508}, 38.37029464800435)
[2025-01-07 22:47:49,016][flwr][INFO] - configure_evaluate: strategy sampled 3 clients (out of 10)
[2025-01-07 22:47:49,532][flwr][INFO] - aggregate_evaluate: received 3 results and 0 failures
[2025-01-07 22:47:49,533][flwr][INFO] - 
[2025-01-07 22:47:49,533][flwr][INFO] - [ROUND 6]
[2025-01-07 22:47:49,533][flwr][INFO] - configure_fit: strategy sampled 2 clients (out of 10)
[2025-01-07 22:47:55,249][flwr][INFO] - aggregate_fit: received 2 results and 0 failures
[2025-01-07 22:47:56,472][flwr][INFO] - fit progress: (6, 16.255034565809183, {'accuracy': 0.9544}, 45.826846239004226)
[2025-01-07 22:47:56,473][flwr][INFO] - configure_evaluate: strategy sampled 3 clients (out of 10)
[2025-01-07 22:47:56,950][flwr][INFO] - aggregate_evaluate: received 3 results and 0 failures
[2025-01-07 22:47:56,950][flwr][INFO] - 
[2025-01-07 22:47:56,950][flwr][INFO] - [ROUND 7]
[2025-01-07 22:47:56,951][flwr][INFO] - configure_fit: strategy sampled 2 clients (out of 10)
[2025-01-07 22:48:02,936][flwr][INFO] - aggregate_fit: received 2 results and 0 failures
[2025-01-07 22:48:04,541][flwr][INFO] - fit progress: (7, 35.86224526166916, {'accuracy': 0.8878}, 53.89554086700082)
[2025-01-07 22:48:04,541][flwr][INFO] - configure_evaluate: strategy sampled 3 clients (out of 10)
[2025-01-07 22:48:04,949][flwr][INFO] - aggregate_evaluate: received 3 results and 0 failures
[2025-01-07 22:48:04,949][flwr][INFO] - 
[2025-01-07 22:48:04,949][flwr][INFO] - [ROUND 8]
[2025-01-07 22:48:04,949][flwr][INFO] - configure_fit: strategy sampled 2 clients (out of 10)
[2025-01-07 22:48:11,428][flwr][INFO] - aggregate_fit: received 2 results and 0 failures
[2025-01-07 22:48:12,566][flwr][INFO] - fit progress: (8, 95.3084328174591, {'accuracy': 0.6923}, 61.92036993500369)
[2025-01-07 22:48:12,566][flwr][INFO] - configure_evaluate: strategy sampled 3 clients (out of 10)
[2025-01-07 22:48:13,050][flwr][INFO] - aggregate_evaluate: received 3 results and 0 failures
[2025-01-07 22:48:13,051][flwr][INFO] - 
[2025-01-07 22:48:13,051][flwr][INFO] - [ROUND 9]
[2025-01-07 22:48:13,051][flwr][INFO] - configure_fit: strategy sampled 2 clients (out of 10)
[2025-01-07 22:48:19,514][flwr][INFO] - aggregate_fit: received 2 results and 0 failures
[2025-01-07 22:48:20,651][flwr][INFO] - fit progress: (9, 183.3987054824829, {'accuracy': 0.1028}, 70.00528726600169)
[2025-01-07 22:48:20,651][flwr][INFO] - configure_evaluate: strategy sampled 3 clients (out of 10)
[2025-01-07 22:48:21,176][flwr][INFO] - aggregate_evaluate: received 3 results and 0 failures
[2025-01-07 22:48:21,176][flwr][INFO] - 
[2025-01-07 22:48:21,176][flwr][INFO] - [ROUND 10]
[2025-01-07 22:48:21,177][flwr][INFO] - configure_fit: strategy sampled 2 clients (out of 10)
[2025-01-07 22:48:26,066][flwr][INFO] - aggregate_fit: received 2 results and 0 failures
[2025-01-07 22:48:27,833][flwr][INFO] - fit progress: (10, 181.95034861564636, {'accuracy': 0.1009}, 77.18733177700051)
[2025-01-07 22:48:27,833][flwr][INFO] - configure_evaluate: strategy sampled 3 clients (out of 10)
[2025-01-07 22:48:28,247][flwr][INFO] - aggregate_evaluate: received 3 results and 0 failures
[2025-01-07 22:48:28,247][flwr][INFO] - 
[2025-01-07 22:48:28,247][flwr][INFO] - [ROUND 11]
[2025-01-07 22:48:28,247][flwr][INFO] - configure_fit: strategy sampled 2 clients (out of 10)
[2025-01-07 22:48:33,119][flwr][INFO] - aggregate_fit: received 2 results and 0 failures
[2025-01-07 22:48:34,511][flwr][INFO] - fit progress: (11, 181.89743566513062, {'accuracy': 0.1135}, 83.86539301399898)
[2025-01-07 22:48:34,511][flwr][INFO] - configure_evaluate: strategy sampled 3 clients (out of 10)
[2025-01-07 22:48:34,995][flwr][INFO] - aggregate_evaluate: received 3 results and 0 failures
[2025-01-07 22:48:34,995][flwr][INFO] - 
[2025-01-07 22:48:34,995][flwr][INFO] - [ROUND 12]
[2025-01-07 22:48:34,995][flwr][INFO] - configure_fit: strategy sampled 2 clients (out of 10)
[2025-01-07 22:48:39,871][flwr][INFO] - aggregate_fit: received 2 results and 0 failures
[2025-01-07 22:48:41,272][flwr][INFO] - fit progress: (12, 181.95813131332397, {'accuracy': 0.1028}, 90.6261556219979)
[2025-01-07 22:48:41,272][flwr][INFO] - configure_evaluate: strategy sampled 3 clients (out of 10)
[2025-01-07 22:48:41,730][flwr][INFO] - aggregate_evaluate: received 3 results and 0 failures
[2025-01-07 22:48:41,731][flwr][INFO] - 
[2025-01-07 22:48:41,731][flwr][INFO] - [ROUND 13]
[2025-01-07 22:48:41,731][flwr][INFO] - configure_fit: strategy sampled 2 clients (out of 10)
[2025-01-07 22:48:46,705][flwr][INFO] - aggregate_fit: received 2 results and 0 failures
[2025-01-07 22:48:48,232][flwr][INFO] - fit progress: (13, 181.92374110221863, {'accuracy': 0.1135}, 97.58703987300396)
[2025-01-07 22:48:48,233][flwr][INFO] - configure_evaluate: strategy sampled 3 clients (out of 10)
[2025-01-07 22:48:48,703][flwr][INFO] - aggregate_evaluate: received 3 results and 0 failures
[2025-01-07 22:48:48,703][flwr][INFO] - 
[2025-01-07 22:48:48,703][flwr][INFO] - [ROUND 14]
[2025-01-07 22:48:48,704][flwr][INFO] - configure_fit: strategy sampled 2 clients (out of 10)
[2025-01-07 22:48:53,713][flwr][INFO] - aggregate_fit: received 2 results and 0 failures
[2025-01-07 22:48:55,213][flwr][INFO] - fit progress: (14, 181.9772436618805, {'accuracy': 0.1028}, 104.5678853770005)
[2025-01-07 22:48:55,213][flwr][INFO] - configure_evaluate: strategy sampled 3 clients (out of 10)
[2025-01-07 22:48:55,705][flwr][INFO] - aggregate_evaluate: received 3 results and 0 failures
[2025-01-07 22:48:55,705][flwr][INFO] - 
[2025-01-07 22:48:55,705][flwr][INFO] - [ROUND 15]
[2025-01-07 22:48:55,705][flwr][INFO] - configure_fit: strategy sampled 2 clients (out of 10)
[2025-01-07 22:49:00,508][flwr][INFO] - aggregate_fit: received 2 results and 0 failures
[2025-01-07 22:49:02,107][flwr][INFO] - fit progress: (15, 181.97350096702576, {'accuracy': 0.1135}, 111.46181260400044)
[2025-01-07 22:49:02,107][flwr][INFO] - configure_evaluate: strategy sampled 3 clients (out of 10)
[2025-01-07 22:49:02,529][flwr][INFO] - aggregate_evaluate: received 3 results and 0 failures
[2025-01-07 22:49:02,530][flwr][INFO] - 
[2025-01-07 22:49:02,530][flwr][INFO] - [SUMMARY]
[2025-01-07 22:49:02,530][flwr][INFO] - Run finished 15 round(s) in 111.88s
[2025-01-07 22:49:02,530][flwr][INFO] - 	History (loss, distributed):
[2025-01-07 22:49:02,530][flwr][INFO] - 		round 1: 26.606655716896057
[2025-01-07 22:49:02,530][flwr][INFO] - 		round 2: 4.145992519954841
[2025-01-07 22:49:02,531][flwr][INFO] - 		round 3: 3.1506452426547185
[2025-01-07 22:49:02,531][flwr][INFO] - 		round 4: 3.429550181453427
[2025-01-07 22:49:02,531][flwr][INFO] - 		round 5: 4.656328407426675
[2025-01-07 22:49:02,531][flwr][INFO] - 		round 6: 4.9472601696227985
[2025-01-07 22:49:02,531][flwr][INFO] - 		round 7: 8.961557125051817
[2025-01-07 22:49:02,531][flwr][INFO] - 		round 8: 22.33369090159734
[2025-01-07 22:49:02,531][flwr][INFO] - 		round 9: 44.0352238814036
[2025-01-07 22:49:02,531][flwr][INFO] - 		round 10: 43.77678974469503
[2025-01-07 22:49:02,531][flwr][INFO] - 		round 11: 43.77550689379374
[2025-01-07 22:49:02,531][flwr][INFO] - 		round 12: 43.735328356424965
[2025-01-07 22:49:02,532][flwr][INFO] - 		round 13: 43.79836098353068
[2025-01-07 22:49:02,532][flwr][INFO] - 		round 14: 43.75140245755514
[2025-01-07 22:49:02,532][flwr][INFO] - 		round 15: 43.76739613215128
[2025-01-07 22:49:02,532][flwr][INFO] - 	History (loss, centralized):
[2025-01-07 22:49:02,532][flwr][INFO] - 		round 0: 182.11849904060364
[2025-01-07 22:49:02,532][flwr][INFO] - 		round 1: 107.84679460525513
[2025-01-07 22:49:02,532][flwr][INFO] - 		round 2: 14.678816918283701
[2025-01-07 22:49:02,532][flwr][INFO] - 		round 3: 10.804591956315562
[2025-01-07 22:49:02,532][flwr][INFO] - 		round 4: 13.770273791626096
[2025-01-07 22:49:02,532][flwr][INFO] - 		round 5: 18.512104760855436
[2025-01-07 22:49:02,533][flwr][INFO] - 		round 6: 16.255034565809183
[2025-01-07 22:49:02,533][flwr][INFO] - 		round 7: 35.86224526166916
[2025-01-07 22:49:02,533][flwr][INFO] - 		round 8: 95.3084328174591
[2025-01-07 22:49:02,533][flwr][INFO] - 		round 9: 183.3987054824829
[2025-01-07 22:49:02,533][flwr][INFO] - 		round 10: 181.95034861564636
[2025-01-07 22:49:02,533][flwr][INFO] - 		round 11: 181.89743566513062
[2025-01-07 22:49:02,533][flwr][INFO] - 		round 12: 181.95813131332397
[2025-01-07 22:49:02,533][flwr][INFO] - 		round 13: 181.92374110221863
[2025-01-07 22:49:02,533][flwr][INFO] - 		round 14: 181.9772436618805
[2025-01-07 22:49:02,533][flwr][INFO] - 		round 15: 181.97350096702576
[2025-01-07 22:49:02,534][flwr][INFO] - 	History (metrics, centralized):
[2025-01-07 22:49:02,534][flwr][INFO] - 	{'accuracy': [(0, 0.0919),
[2025-01-07 22:49:02,534][flwr][INFO] - 	              (1, 0.6616),
[2025-01-07 22:49:02,534][flwr][INFO] - 	              (2, 0.9562),
[2025-01-07 22:49:02,534][flwr][INFO] - 	              (3, 0.9709),
[2025-01-07 22:49:02,534][flwr][INFO] - 	              (4, 0.9565),
[2025-01-07 22:49:02,534][flwr][INFO] - 	              (5, 0.9508),
[2025-01-07 22:49:02,534][flwr][INFO] - 	              (6, 0.9544),
[2025-01-07 22:49:02,534][flwr][INFO] - 	              (7, 0.8878),
[2025-01-07 22:49:02,534][flwr][INFO] - 	              (8, 0.6923),
[2025-01-07 22:49:02,535][flwr][INFO] - 	              (9, 0.1028),
[2025-01-07 22:49:02,535][flwr][INFO] - 	              (10, 0.1009),
[2025-01-07 22:49:02,535][flwr][INFO] - 	              (11, 0.1135),
[2025-01-07 22:49:02,535][flwr][INFO] - 	              (12, 0.1028),
[2025-01-07 22:49:02,535][flwr][INFO] - 	              (13, 0.1135),
[2025-01-07 22:49:02,535][flwr][INFO] - 	              (14, 0.1028),
[2025-01-07 22:49:02,535][flwr][INFO] - 	              (15, 0.1135)]}
[2025-01-07 22:49:02,535][flwr][INFO] - 
