[2024-12-31 23:36:53,837][flwr][INFO] - Starting Flower simulation, config: num_rounds=10, no round_timeout
[2024-12-31 23:36:57,358][flwr][INFO] - Flower VCE: Ray initialized with resources: {'node:__internal_head__': 1.0, 'node:192.168.1.11': 1.0, 'CPU': 12.0, 'object_store_memory': 3226202112.0, 'memory': 6452404224.0}
[2024-12-31 23:36:57,359][flwr][INFO] - Optimize your simulation with Flower VCE: https://flower.ai/docs/framework/how-to-run-simulations.html
[2024-12-31 23:36:57,359][flwr][INFO] - Flower VCE: Resources for each Virtual Client: {'num_cpus': 2, 'num_gpus': 0}
[2024-12-31 23:36:57,373][flwr][INFO] - Flower VCE: Creating VirtualClientEngineActorPool with 6 actors
[2024-12-31 23:36:57,373][flwr][INFO] - [INIT]
[2024-12-31 23:36:57,373][flwr][INFO] - Using initial global parameters provided by strategy
[2024-12-31 23:36:57,373][flwr][INFO] - Starting evaluation of initial global parameters
[2024-12-31 23:37:00,276][flwr][INFO] - initial parameters (loss, other metrics): 182.3625659942627, {'accuracy': 0.0753}
[2024-12-31 23:37:00,276][flwr][INFO] - 
[2024-12-31 23:37:00,276][flwr][INFO] - [ROUND 1]
[2024-12-31 23:37:00,276][flwr][INFO] - configure_fit: strategy sampled 2 clients (out of 10)
[2024-12-31 23:37:12,111][flwr][INFO] - aggregate_fit: received 2 results and 0 failures
[2024-12-31 23:37:12,115][flwr][WARNING] - No fit_metrics_aggregation_fn provided
[2024-12-31 23:37:14,032][flwr][INFO] - fit progress: (1, 182.29165506362915, {'accuracy': 0.0958}, 13.755975590996968)
[2024-12-31 23:37:14,032][flwr][INFO] - configure_evaluate: strategy sampled 5 clients (out of 10)
[2024-12-31 23:37:18,094][flwr][INFO] - aggregate_evaluate: received 5 results and 0 failures
[2024-12-31 23:37:18,094][flwr][WARNING] - No evaluate_metrics_aggregation_fn provided
[2024-12-31 23:37:18,094][flwr][INFO] - 
[2024-12-31 23:37:18,094][flwr][INFO] - [ROUND 2]
[2024-12-31 23:37:18,095][flwr][INFO] - configure_fit: strategy sampled 2 clients (out of 10)
[2024-12-31 23:37:27,225][flwr][INFO] - aggregate_fit: received 2 results and 0 failures
[2024-12-31 23:37:29,424][flwr][INFO] - fit progress: (2, 182.0501265525818, {'accuracy': 0.0958}, 29.147563894002815)
[2024-12-31 23:37:29,424][flwr][INFO] - configure_evaluate: strategy sampled 5 clients (out of 10)
[2024-12-31 23:37:30,171][flwr][INFO] - aggregate_evaluate: received 5 results and 0 failures
[2024-12-31 23:37:30,171][flwr][INFO] - 
[2024-12-31 23:37:30,171][flwr][INFO] - [ROUND 3]
[2024-12-31 23:37:30,171][flwr][INFO] - configure_fit: strategy sampled 2 clients (out of 10)
[2024-12-31 23:37:39,415][flwr][INFO] - aggregate_fit: received 2 results and 0 failures
[2024-12-31 23:37:40,858][flwr][INFO] - fit progress: (3, 181.8847336769104, {'accuracy': 0.0958}, 40.582525218997034)
[2024-12-31 23:37:40,859][flwr][INFO] - configure_evaluate: strategy sampled 5 clients (out of 10)
[2024-12-31 23:37:41,621][flwr][INFO] - aggregate_evaluate: received 5 results and 0 failures
[2024-12-31 23:37:41,621][flwr][INFO] - 
[2024-12-31 23:37:41,621][flwr][INFO] - [ROUND 4]
[2024-12-31 23:37:41,621][flwr][INFO] - configure_fit: strategy sampled 2 clients (out of 10)
[2024-12-31 23:37:50,745][flwr][INFO] - aggregate_fit: received 2 results and 0 failures
[2024-12-31 23:37:53,208][flwr][INFO] - fit progress: (4, 181.89658999443054, {'accuracy': 0.1135}, 52.93184280300193)
[2024-12-31 23:37:53,208][flwr][INFO] - configure_evaluate: strategy sampled 5 clients (out of 10)
[2024-12-31 23:37:53,926][flwr][INFO] - aggregate_evaluate: received 5 results and 0 failures
[2024-12-31 23:37:53,926][flwr][INFO] - 
[2024-12-31 23:37:53,926][flwr][INFO] - [ROUND 5]
[2024-12-31 23:37:53,926][flwr][INFO] - configure_fit: strategy sampled 2 clients (out of 10)
[2024-12-31 23:38:03,293][flwr][INFO] - aggregate_fit: received 2 results and 0 failures
[2024-12-31 23:38:05,016][flwr][INFO] - fit progress: (5, 181.8845021724701, {'accuracy': 0.1135}, 64.73996427199745)
[2024-12-31 23:38:05,016][flwr][INFO] - configure_evaluate: strategy sampled 5 clients (out of 10)
[2024-12-31 23:38:05,767][flwr][INFO] - aggregate_evaluate: received 5 results and 0 failures
[2024-12-31 23:38:05,767][flwr][INFO] - 
[2024-12-31 23:38:05,768][flwr][INFO] - [ROUND 6]
[2024-12-31 23:38:05,768][flwr][INFO] - configure_fit: strategy sampled 2 clients (out of 10)
[2024-12-31 23:38:15,049][flwr][INFO] - aggregate_fit: received 2 results and 0 failures
[2024-12-31 23:38:16,546][flwr][INFO] - fit progress: (6, 181.84654331207275, {'accuracy': 0.1135}, 76.2701963790023)
[2024-12-31 23:38:16,546][flwr][INFO] - configure_evaluate: strategy sampled 5 clients (out of 10)
[2024-12-31 23:38:17,310][flwr][INFO] - aggregate_evaluate: received 5 results and 0 failures
[2024-12-31 23:38:17,310][flwr][INFO] - 
[2024-12-31 23:38:17,310][flwr][INFO] - [ROUND 7]
[2024-12-31 23:38:17,310][flwr][INFO] - configure_fit: strategy sampled 2 clients (out of 10)
[2024-12-31 23:38:26,606][flwr][INFO] - aggregate_fit: received 2 results and 0 failures
[2024-12-31 23:38:28,550][flwr][INFO] - fit progress: (7, 181.88738775253296, {'accuracy': 0.1135}, 88.27406340900052)
[2024-12-31 23:38:28,550][flwr][INFO] - configure_evaluate: strategy sampled 5 clients (out of 10)
[2024-12-31 23:38:29,275][flwr][INFO] - aggregate_evaluate: received 5 results and 0 failures
[2024-12-31 23:38:29,276][flwr][INFO] - 
[2024-12-31 23:38:29,276][flwr][INFO] - [ROUND 8]
[2024-12-31 23:38:29,276][flwr][INFO] - configure_fit: strategy sampled 2 clients (out of 10)
[2024-12-31 23:38:38,521][flwr][INFO] - aggregate_fit: received 2 results and 0 failures
[2024-12-31 23:38:40,828][flwr][INFO] - fit progress: (8, 181.85986518859863, {'accuracy': 0.1135}, 100.55224336600077)
[2024-12-31 23:38:40,829][flwr][INFO] - configure_evaluate: strategy sampled 5 clients (out of 10)
[2024-12-31 23:38:41,543][flwr][INFO] - aggregate_evaluate: received 5 results and 0 failures
[2024-12-31 23:38:41,543][flwr][INFO] - 
[2024-12-31 23:38:41,543][flwr][INFO] - [ROUND 9]
[2024-12-31 23:38:41,543][flwr][INFO] - configure_fit: strategy sampled 2 clients (out of 10)
[2024-12-31 23:38:50,770][flwr][INFO] - aggregate_fit: received 2 results and 0 failures
[2024-12-31 23:38:52,586][flwr][INFO] - fit progress: (9, 181.9375627040863, {'accuracy': 0.1135}, 112.31020320000243)
[2024-12-31 23:38:52,586][flwr][INFO] - configure_evaluate: strategy sampled 5 clients (out of 10)
[2024-12-31 23:38:53,360][flwr][INFO] - aggregate_evaluate: received 5 results and 0 failures
[2024-12-31 23:38:53,360][flwr][INFO] - 
[2024-12-31 23:38:53,360][flwr][INFO] - [ROUND 10]
[2024-12-31 23:38:53,360][flwr][INFO] - configure_fit: strategy sampled 2 clients (out of 10)
[2024-12-31 23:39:02,473][flwr][INFO] - aggregate_fit: received 2 results and 0 failures
[2024-12-31 23:39:03,903][flwr][INFO] - fit progress: (10, 181.95752096176147, {'accuracy': 0.1135}, 123.6267553200014)
[2024-12-31 23:39:03,903][flwr][INFO] - configure_evaluate: strategy sampled 5 clients (out of 10)
[2024-12-31 23:39:04,647][flwr][INFO] - aggregate_evaluate: received 5 results and 0 failures
[2024-12-31 23:39:04,647][flwr][INFO] - 
[2024-12-31 23:39:04,647][flwr][INFO] - [SUMMARY]
[2024-12-31 23:39:04,647][flwr][INFO] - Run finished 10 round(s) in 124.37s
[2024-12-31 23:39:04,648][flwr][INFO] - 	History (loss, distributed):
[2024-12-31 23:39:04,648][flwr][INFO] - 		round 1: 43.88240904808045
[2024-12-31 23:39:04,648][flwr][INFO] - 		round 2: 43.82737560272217
[2024-12-31 23:39:04,648][flwr][INFO] - 		round 3: 43.77112793922424
[2024-12-31 23:39:04,648][flwr][INFO] - 		round 4: 43.74958090782165
[2024-12-31 23:39:04,648][flwr][INFO] - 		round 5: 43.76040768623352
[2024-12-31 23:39:04,648][flwr][INFO] - 		round 6: 43.71586084365845
[2024-12-31 23:39:04,649][flwr][INFO] - 		round 7: 43.772075748443605
[2024-12-31 23:39:04,649][flwr][INFO] - 		round 8: 43.69176201820373
[2024-12-31 23:39:04,649][flwr][INFO] - 		round 9: 43.74856739044189
[2024-12-31 23:39:04,649][flwr][INFO] - 		round 10: 43.765231466293336
[2024-12-31 23:39:04,650][flwr][INFO] - 	History (loss, centralized):
[2024-12-31 23:39:04,650][flwr][INFO] - 		round 0: 182.3625659942627
[2024-12-31 23:39:04,650][flwr][INFO] - 		round 1: 182.29165506362915
[2024-12-31 23:39:04,650][flwr][INFO] - 		round 2: 182.0501265525818
[2024-12-31 23:39:04,650][flwr][INFO] - 		round 3: 181.8847336769104
[2024-12-31 23:39:04,650][flwr][INFO] - 		round 4: 181.89658999443054
[2024-12-31 23:39:04,650][flwr][INFO] - 		round 5: 181.8845021724701
[2024-12-31 23:39:04,650][flwr][INFO] - 		round 6: 181.84654331207275
[2024-12-31 23:39:04,650][flwr][INFO] - 		round 7: 181.88738775253296
[2024-12-31 23:39:04,651][flwr][INFO] - 		round 8: 181.85986518859863
[2024-12-31 23:39:04,651][flwr][INFO] - 		round 9: 181.9375627040863
[2024-12-31 23:39:04,651][flwr][INFO] - 		round 10: 181.95752096176147
[2024-12-31 23:39:04,651][flwr][INFO] - 	History (metrics, centralized):
[2024-12-31 23:39:04,651][flwr][INFO] - 	{'accuracy': [(0, 0.0753),
[2024-12-31 23:39:04,651][flwr][INFO] - 	              (1, 0.0958),
[2024-12-31 23:39:04,651][flwr][INFO] - 	              (2, 0.0958),
[2024-12-31 23:39:04,651][flwr][INFO] - 	              (3, 0.0958),
[2024-12-31 23:39:04,651][flwr][INFO] - 	              (4, 0.1135),
[2024-12-31 23:39:04,651][flwr][INFO] - 	              (5, 0.1135),
[2024-12-31 23:39:04,652][flwr][INFO] - 	              (6, 0.1135),
[2024-12-31 23:39:04,652][flwr][INFO] - 	              (7, 0.1135),
[2024-12-31 23:39:04,652][flwr][INFO] - 	              (8, 0.1135),
[2024-12-31 23:39:04,652][flwr][INFO] - 	              (9, 0.1135),
[2024-12-31 23:39:04,652][flwr][INFO] - 	              (10, 0.1135)]}
[2024-12-31 23:39:04,652][flwr][INFO] - 
