[2025-01-07 13:38:22,339][flwr][INFO] - Starting Flower simulation, config: num_rounds=5, no round_timeout
[2025-01-07 13:38:25,713][flwr][INFO] - Flower VCE: Ray initialized with resources: {'node:192.168.1.11': 1.0, 'CPU': 12.0, 'node:__internal_head__': 1.0, 'memory': 6430155572.0, 'object_store_memory': 3215077785.0}
[2025-01-07 13:38:25,713][flwr][INFO] - Optimize your simulation with Flower VCE: https://flower.ai/docs/framework/how-to-run-simulations.html
[2025-01-07 13:38:25,714][flwr][INFO] - Flower VCE: Resources for each Virtual Client: {'num_cpus': 2, 'num_gpus': 0}
[2025-01-07 13:38:25,725][flwr][INFO] - Flower VCE: Creating VirtualClientEngineActorPool with 6 actors
[2025-01-07 13:38:25,726][flwr][INFO] - [INIT]
[2025-01-07 13:38:25,726][flwr][INFO] - Requesting initial parameters from one random client
[2025-01-07 13:38:28,300][flwr][INFO] - Received initial parameters from one random client
[2025-01-07 13:38:28,300][flwr][INFO] - Starting evaluation of initial global parameters
[2025-01-07 13:38:29,821][flwr][INFO] - initial parameters (loss, other metrics): 181.91553282737732, {'accuracy': 0.0795}
[2025-01-07 13:38:29,822][flwr][INFO] - 
[2025-01-07 13:38:29,822][flwr][INFO] - [ROUND 1]
[2025-01-07 13:38:29,822][flwr][INFO] - configure_fit: strategy sampled 2 clients (out of 5)
[2025-01-07 13:38:41,722][flwr][INFO] - aggregate_fit: received 2 results and 0 failures
[2025-01-07 13:38:41,727][flwr][WARNING] - No fit_metrics_aggregation_fn provided
[2025-01-07 13:38:42,852][flwr][INFO] - fit progress: (1, 174.1052725315094, {'accuracy': 0.149}, 13.030543120999937)
[2025-01-07 13:38:42,853][flwr][INFO] - configure_evaluate: strategy sampled 3 clients (out of 5)
[2025-01-07 13:38:45,170][flwr][INFO] - aggregate_evaluate: received 3 results and 0 failures
[2025-01-07 13:38:45,171][flwr][WARNING] - No evaluate_metrics_aggregation_fn provided
[2025-01-07 13:38:45,171][flwr][INFO] - 
[2025-01-07 13:38:45,171][flwr][INFO] - [ROUND 2]
[2025-01-07 13:38:45,171][flwr][INFO] - configure_fit: strategy sampled 2 clients (out of 5)
[2025-01-07 13:38:54,789][flwr][INFO] - aggregate_fit: received 2 results and 0 failures
[2025-01-07 13:38:56,167][flwr][INFO] - fit progress: (2, 182.17723727226257, {'accuracy': 0.1028}, 26.34501692900085)
[2025-01-07 13:38:56,167][flwr][INFO] - configure_evaluate: strategy sampled 3 clients (out of 5)
[2025-01-07 13:38:56,792][flwr][INFO] - aggregate_evaluate: received 3 results and 0 failures
[2025-01-07 13:38:56,792][flwr][INFO] - 
[2025-01-07 13:38:56,793][flwr][INFO] - [ROUND 3]
[2025-01-07 13:38:56,793][flwr][INFO] - configure_fit: strategy sampled 2 clients (out of 5)
[2025-01-07 13:39:06,197][flwr][INFO] - aggregate_fit: received 2 results and 0 failures
[2025-01-07 13:39:07,526][flwr][INFO] - fit progress: (3, 181.92440366744995, {'accuracy': 0.1135}, 37.704614394999226)
[2025-01-07 13:39:07,527][flwr][INFO] - configure_evaluate: strategy sampled 3 clients (out of 5)
[2025-01-07 13:39:08,185][flwr][INFO] - aggregate_evaluate: received 3 results and 0 failures
[2025-01-07 13:39:08,185][flwr][INFO] - 
[2025-01-07 13:39:08,185][flwr][INFO] - [ROUND 4]
[2025-01-07 13:39:08,186][flwr][INFO] - configure_fit: strategy sampled 2 clients (out of 5)
[2025-01-07 13:39:17,669][flwr][INFO] - aggregate_fit: received 2 results and 0 failures
[2025-01-07 13:39:18,835][flwr][INFO] - fit progress: (4, 182.000385761261, {'accuracy': 0.1135}, 49.01369475300089)
[2025-01-07 13:39:18,836][flwr][INFO] - configure_evaluate: strategy sampled 3 clients (out of 5)
[2025-01-07 13:39:19,435][flwr][INFO] - aggregate_evaluate: received 3 results and 0 failures
[2025-01-07 13:39:19,435][flwr][INFO] - 
[2025-01-07 13:39:19,435][flwr][INFO] - [ROUND 5]
[2025-01-07 13:39:19,435][flwr][INFO] - configure_fit: strategy sampled 2 clients (out of 5)
[2025-01-07 13:39:28,888][flwr][INFO] - aggregate_fit: received 2 results and 0 failures
[2025-01-07 13:39:30,319][flwr][INFO] - fit progress: (5, 181.81988549232483, {'accuracy': 0.1135}, 60.49773495499903)
[2025-01-07 13:39:30,320][flwr][INFO] - configure_evaluate: strategy sampled 3 clients (out of 5)
[2025-01-07 13:39:30,930][flwr][INFO] - aggregate_evaluate: received 3 results and 0 failures
[2025-01-07 13:39:30,930][flwr][INFO] - 
[2025-01-07 13:39:30,930][flwr][INFO] - [SUMMARY]
[2025-01-07 13:39:30,930][flwr][INFO] - Run finished 5 round(s) in 61.11s
[2025-01-07 13:39:30,930][flwr][INFO] - 	History (loss, distributed):
[2025-01-07 13:39:30,931][flwr][INFO] - 		round 1: 83.75737226009369
[2025-01-07 13:39:30,931][flwr][INFO] - 		round 2: 87.63314326604207
[2025-01-07 13:39:30,931][flwr][INFO] - 		round 3: 87.53787271181743
[2025-01-07 13:39:30,931][flwr][INFO] - 		round 4: 87.58875751495361
[2025-01-07 13:39:30,931][flwr][INFO] - 		round 5: 87.47797385851543
[2025-01-07 13:39:30,931][flwr][INFO] - 	History (loss, centralized):
[2025-01-07 13:39:30,931][flwr][INFO] - 		round 0: 181.91553282737732
[2025-01-07 13:39:30,931][flwr][INFO] - 		round 1: 174.1052725315094
[2025-01-07 13:39:30,931][flwr][INFO] - 		round 2: 182.17723727226257
[2025-01-07 13:39:30,931][flwr][INFO] - 		round 3: 181.92440366744995
[2025-01-07 13:39:30,931][flwr][INFO] - 		round 4: 182.000385761261
[2025-01-07 13:39:30,931][flwr][INFO] - 		round 5: 181.81988549232483
[2025-01-07 13:39:30,931][flwr][INFO] - 	History (metrics, centralized):
[2025-01-07 13:39:30,931][flwr][INFO] - 	{'accuracy': [(0, 0.0795),
[2025-01-07 13:39:30,931][flwr][INFO] - 	              (1, 0.149),
[2025-01-07 13:39:30,931][flwr][INFO] - 	              (2, 0.1028),
[2025-01-07 13:39:30,931][flwr][INFO] - 	              (3, 0.1135),
[2025-01-07 13:39:30,931][flwr][INFO] - 	              (4, 0.1135),
[2025-01-07 13:39:30,931][flwr][INFO] - 	              (5, 0.1135)]}
[2025-01-07 13:39:30,931][flwr][INFO] - 
