[2025-01-07 16:36:19,166][flwr][INFO] - Starting Flower simulation, config: num_rounds=10, no round_timeout
[2025-01-07 16:36:22,614][flwr][INFO] - Flower VCE: Ray initialized with resources: {'node:__internal_head__': 1.0, 'memory': 6253341083.0, 'object_store_memory': 3126670540.0, 'CPU': 12.0, 'node:192.168.1.11': 1.0}
[2025-01-07 16:36:22,614][flwr][INFO] - Optimize your simulation with Flower VCE: https://flower.ai/docs/framework/how-to-run-simulations.html
[2025-01-07 16:36:22,615][flwr][INFO] - Flower VCE: Resources for each Virtual Client: {'num_cpus': 2, 'num_gpus': 0}
[2025-01-07 16:36:22,622][flwr][INFO] - Flower VCE: Creating VirtualClientEngineActorPool with 6 actors
[2025-01-07 16:36:22,622][flwr][INFO] - [INIT]
[2025-01-07 16:36:22,622][flwr][INFO] - Requesting initial parameters from one random client
[2025-01-07 16:36:25,338][flwr][INFO] - Received initial parameters from one random client
[2025-01-07 16:36:25,338][flwr][INFO] - Starting evaluation of initial global parameters
[2025-01-07 16:36:26,449][flwr][INFO] - initial parameters (loss, other metrics): 182.28340244293213, {'accuracy': 0.0992}
[2025-01-07 16:36:26,449][flwr][INFO] - 
[2025-01-07 16:36:26,449][flwr][INFO] - [ROUND 1]
[2025-01-07 16:36:26,450][flwr][INFO] - configure_fit: strategy sampled 2 clients (out of 5)
[2025-01-07 16:36:44,944][flwr][INFO] - aggregate_fit: received 2 results and 0 failures
[2025-01-07 16:36:44,947][flwr][WARNING] - No fit_metrics_aggregation_fn provided
[2025-01-07 16:36:46,365][flwr][INFO] - fit progress: (1, 4.347058943312732, {'accuracy': 0.9823}, 19.916149243999826)
[2025-01-07 16:36:46,366][flwr][INFO] - configure_evaluate: strategy sampled 5 clients (out of 5)
[2025-01-07 16:36:50,311][flwr][INFO] - aggregate_evaluate: received 5 results and 0 failures
[2025-01-07 16:36:50,311][flwr][WARNING] - No evaluate_metrics_aggregation_fn provided
[2025-01-07 16:36:50,311][flwr][INFO] - 
[2025-01-07 16:36:50,311][flwr][INFO] - [ROUND 2]
[2025-01-07 16:36:50,311][flwr][INFO] - configure_fit: strategy sampled 2 clients (out of 5)
[2025-01-07 16:37:06,390][flwr][INFO] - aggregate_fit: received 2 results and 0 failures
[2025-01-07 16:37:08,468][flwr][INFO] - fit progress: (2, 3.7501843380578066, {'accuracy': 0.9852}, 42.01891303999946)
[2025-01-07 16:37:08,468][flwr][INFO] - configure_evaluate: strategy sampled 5 clients (out of 5)
[2025-01-07 16:37:09,380][flwr][INFO] - aggregate_evaluate: received 5 results and 0 failures
[2025-01-07 16:37:09,380][flwr][INFO] - 
[2025-01-07 16:37:09,380][flwr][INFO] - [ROUND 3]
[2025-01-07 16:37:09,381][flwr][INFO] - configure_fit: strategy sampled 2 clients (out of 5)
[2025-01-07 16:37:25,682][flwr][INFO] - aggregate_fit: received 2 results and 0 failures
[2025-01-07 16:37:27,289][flwr][INFO] - fit progress: (3, 2.90535683017697, {'accuracy': 0.9881}, 60.83953005999865)
[2025-01-07 16:37:27,289][flwr][INFO] - configure_evaluate: strategy sampled 5 clients (out of 5)
[2025-01-07 16:37:28,226][flwr][INFO] - aggregate_evaluate: received 5 results and 0 failures
[2025-01-07 16:37:28,226][flwr][INFO] - 
[2025-01-07 16:37:28,226][flwr][INFO] - [ROUND 4]
[2025-01-07 16:37:28,226][flwr][INFO] - configure_fit: strategy sampled 2 clients (out of 5)
[2025-01-07 16:37:44,501][flwr][INFO] - aggregate_fit: received 2 results and 0 failures
[2025-01-07 16:37:46,046][flwr][INFO] - fit progress: (4, 2.8039932881763434, {'accuracy': 0.99}, 79.59667006199743)
[2025-01-07 16:37:46,046][flwr][INFO] - configure_evaluate: strategy sampled 5 clients (out of 5)
[2025-01-07 16:37:47,004][flwr][INFO] - aggregate_evaluate: received 5 results and 0 failures
[2025-01-07 16:37:47,004][flwr][INFO] - 
[2025-01-07 16:37:47,004][flwr][INFO] - [ROUND 5]
[2025-01-07 16:37:47,005][flwr][INFO] - configure_fit: strategy sampled 2 clients (out of 5)
[2025-01-07 16:38:03,067][flwr][INFO] - aggregate_fit: received 2 results and 0 failures
[2025-01-07 16:38:04,753][flwr][INFO] - fit progress: (5, 3.108378935158953, {'accuracy': 0.9896}, 98.30367104899778)
[2025-01-07 16:38:04,753][flwr][INFO] - configure_evaluate: strategy sampled 5 clients (out of 5)
[2025-01-07 16:38:05,635][flwr][INFO] - aggregate_evaluate: received 5 results and 0 failures
[2025-01-07 16:38:05,635][flwr][INFO] - 
[2025-01-07 16:38:05,635][flwr][INFO] - [ROUND 6]
[2025-01-07 16:38:05,636][flwr][INFO] - configure_fit: strategy sampled 2 clients (out of 5)
[2025-01-07 16:38:21,543][flwr][INFO] - aggregate_fit: received 2 results and 0 failures
[2025-01-07 16:38:23,420][flwr][INFO] - fit progress: (6, 2.4921064275422253, {'accuracy': 0.9909}, 116.97064447400044)
[2025-01-07 16:38:23,420][flwr][INFO] - configure_evaluate: strategy sampled 5 clients (out of 5)
[2025-01-07 16:38:24,307][flwr][INFO] - aggregate_evaluate: received 5 results and 0 failures
[2025-01-07 16:38:24,307][flwr][INFO] - 
[2025-01-07 16:38:24,307][flwr][INFO] - [ROUND 7]
[2025-01-07 16:38:24,308][flwr][INFO] - configure_fit: strategy sampled 2 clients (out of 5)
[2025-01-07 16:38:40,700][flwr][INFO] - aggregate_fit: received 2 results and 0 failures
[2025-01-07 16:38:42,246][flwr][INFO] - fit progress: (7, 2.6896710644577837, {'accuracy': 0.99}, 135.79719399199894)
[2025-01-07 16:38:42,247][flwr][INFO] - configure_evaluate: strategy sampled 5 clients (out of 5)
[2025-01-07 16:38:43,232][flwr][INFO] - aggregate_evaluate: received 5 results and 0 failures
[2025-01-07 16:38:43,232][flwr][INFO] - 
[2025-01-07 16:38:43,232][flwr][INFO] - [ROUND 8]
[2025-01-07 16:38:43,233][flwr][INFO] - configure_fit: strategy sampled 2 clients (out of 5)
[2025-01-07 16:38:59,072][flwr][INFO] - aggregate_fit: received 2 results and 0 failures
[2025-01-07 16:39:00,693][flwr][INFO] - fit progress: (8, 2.9789908003382344, {'accuracy': 0.9907}, 154.24387651299912)
[2025-01-07 16:39:00,693][flwr][INFO] - configure_evaluate: strategy sampled 5 clients (out of 5)
[2025-01-07 16:39:01,612][flwr][INFO] - aggregate_evaluate: received 5 results and 0 failures
[2025-01-07 16:39:01,613][flwr][INFO] - 
[2025-01-07 16:39:01,613][flwr][INFO] - [ROUND 9]
[2025-01-07 16:39:01,613][flwr][INFO] - configure_fit: strategy sampled 2 clients (out of 5)
[2025-01-07 16:39:17,471][flwr][INFO] - aggregate_fit: received 2 results and 0 failures
[2025-01-07 16:39:19,210][flwr][INFO] - fit progress: (9, 2.860063436649381, {'accuracy': 0.9905}, 172.76027950599746)
[2025-01-07 16:39:19,210][flwr][INFO] - configure_evaluate: strategy sampled 5 clients (out of 5)
[2025-01-07 16:39:20,103][flwr][INFO] - aggregate_evaluate: received 5 results and 0 failures
[2025-01-07 16:39:20,104][flwr][INFO] - 
[2025-01-07 16:39:20,104][flwr][INFO] - [ROUND 10]
[2025-01-07 16:39:20,104][flwr][INFO] - configure_fit: strategy sampled 2 clients (out of 5)
[2025-01-07 16:39:36,202][flwr][INFO] - aggregate_fit: received 2 results and 0 failures
[2025-01-07 16:39:37,779][flwr][INFO] - fit progress: (10, 2.5494806503163403, {'accuracy': 0.9914}, 191.3294028149976)
[2025-01-07 16:39:37,779][flwr][INFO] - configure_evaluate: strategy sampled 5 clients (out of 5)
[2025-01-07 16:39:38,706][flwr][INFO] - aggregate_evaluate: received 5 results and 0 failures
[2025-01-07 16:39:38,707][flwr][INFO] - 
[2025-01-07 16:39:38,707][flwr][INFO] - [SUMMARY]
[2025-01-07 16:39:38,707][flwr][INFO] - Run finished 10 round(s) in 192.26s
[2025-01-07 16:39:38,708][flwr][INFO] - 	History (loss, distributed):
[2025-01-07 16:39:38,708][flwr][INFO] - 		round 1: 2.5681729378411546
[2025-01-07 16:39:38,708][flwr][INFO] - 		round 2: 2.3263043535829637
[2025-01-07 16:39:38,708][flwr][INFO] - 		round 3: 1.9345520699353074
[2025-01-07 16:39:38,708][flwr][INFO] - 		round 4: 1.9320461582748976
[2025-01-07 16:39:38,708][flwr][INFO] - 		round 5: 2.1639720059740286
[2025-01-07 16:39:38,708][flwr][INFO] - 		round 6: 1.819029836381219
[2025-01-07 16:39:38,708][flwr][INFO] - 		round 7: 1.8895189768174816
[2025-01-07 16:39:38,708][flwr][INFO] - 		round 8: 1.8631576311649765
[2025-01-07 16:39:38,708][flwr][INFO] - 		round 9: 1.8916981051468498
[2025-01-07 16:39:38,708][flwr][INFO] - 		round 10: 1.7891300931298515
[2025-01-07 16:39:38,708][flwr][INFO] - 	History (loss, centralized):
[2025-01-07 16:39:38,708][flwr][INFO] - 		round 0: 182.28340244293213
[2025-01-07 16:39:38,709][flwr][INFO] - 		round 1: 4.347058943312732
[2025-01-07 16:39:38,709][flwr][INFO] - 		round 2: 3.7501843380578066
[2025-01-07 16:39:38,709][flwr][INFO] - 		round 3: 2.90535683017697
[2025-01-07 16:39:38,709][flwr][INFO] - 		round 4: 2.8039932881763434
[2025-01-07 16:39:38,709][flwr][INFO] - 		round 5: 3.108378935158953
[2025-01-07 16:39:38,709][flwr][INFO] - 		round 6: 2.4921064275422253
[2025-01-07 16:39:38,709][flwr][INFO] - 		round 7: 2.6896710644577837
[2025-01-07 16:39:38,709][flwr][INFO] - 		round 8: 2.9789908003382344
[2025-01-07 16:39:38,709][flwr][INFO] - 		round 9: 2.860063436649381
[2025-01-07 16:39:38,709][flwr][INFO] - 		round 10: 2.5494806503163403
[2025-01-07 16:39:38,709][flwr][INFO] - 	History (metrics, centralized):
[2025-01-07 16:39:38,710][flwr][INFO] - 	{'accuracy': [(0, 0.0992),
[2025-01-07 16:39:38,710][flwr][INFO] - 	              (1, 0.9823),
[2025-01-07 16:39:38,710][flwr][INFO] - 	              (2, 0.9852),
[2025-01-07 16:39:38,710][flwr][INFO] - 	              (3, 0.9881),
[2025-01-07 16:39:38,710][flwr][INFO] - 	              (4, 0.99),
[2025-01-07 16:39:38,710][flwr][INFO] - 	              (5, 0.9896),
[2025-01-07 16:39:38,710][flwr][INFO] - 	              (6, 0.9909),
[2025-01-07 16:39:38,710][flwr][INFO] - 	              (7, 0.99),
[2025-01-07 16:39:38,711][flwr][INFO] - 	              (8, 0.9907),
[2025-01-07 16:39:38,711][flwr][INFO] - 	              (9, 0.9905),
[2025-01-07 16:39:38,711][flwr][INFO] - 	              (10, 0.9914)]}
[2025-01-07 16:39:38,711][flwr][INFO] - 
