[2025-01-07 18:38:10,984][flwr][INFO] - Starting Flower simulation, config: num_rounds=10, no round_timeout
[2025-01-07 18:38:14,512][flwr][INFO] - Flower VCE: Ray initialized with resources: {'CPU': 12.0, 'node:192.168.1.11': 1.0, 'node:__internal_head__': 1.0, 'memory': 6288406119.0, 'object_store_memory': 3144203059.0}
[2025-01-07 18:38:14,512][flwr][INFO] - Optimize your simulation with Flower VCE: https://flower.ai/docs/framework/how-to-run-simulations.html
[2025-01-07 18:38:14,513][flwr][INFO] - Flower VCE: Resources for each Virtual Client: {'num_cpus': 2, 'num_gpus': 0}
[2025-01-07 18:38:14,527][flwr][INFO] - Flower VCE: Creating VirtualClientEngineActorPool with 6 actors
[2025-01-07 18:38:14,528][flwr][INFO] - [INIT]
[2025-01-07 18:38:14,528][flwr][INFO] - Requesting initial parameters from one random client
[2025-01-07 18:38:16,851][flwr][INFO] - Received initial parameters from one random client
[2025-01-07 18:38:16,851][flwr][INFO] - Starting evaluation of initial global parameters
[2025-01-07 18:38:18,547][flwr][INFO] - initial parameters (loss, other metrics): 181.91960906982422, {'accuracy': 0.1009}
[2025-01-07 18:38:18,548][flwr][INFO] - 
[2025-01-07 18:38:18,548][flwr][INFO] - [ROUND 1]
[2025-01-07 18:38:18,548][flwr][INFO] - configure_fit: strategy sampled 2 clients (out of 20)
[2025-01-07 18:38:24,988][flwr][INFO] - aggregate_fit: received 2 results and 0 failures
[2025-01-07 18:38:24,991][flwr][WARNING] - No fit_metrics_aggregation_fn provided
[2025-01-07 18:38:27,093][flwr][INFO] - fit progress: (1, 10.506771258777007, {'accuracy': 0.9576}, 8.544946124005946)
[2025-01-07 18:38:27,093][flwr][INFO] - configure_evaluate: strategy sampled 5 clients (out of 20)
[2025-01-07 18:38:30,661][flwr][INFO] - aggregate_evaluate: received 5 results and 0 failures
[2025-01-07 18:38:30,661][flwr][WARNING] - No evaluate_metrics_aggregation_fn provided
[2025-01-07 18:38:30,661][flwr][INFO] - 
[2025-01-07 18:38:30,661][flwr][INFO] - [ROUND 2]
[2025-01-07 18:38:30,661][flwr][INFO] - configure_fit: strategy sampled 2 clients (out of 20)
[2025-01-07 18:38:35,114][flwr][INFO] - aggregate_fit: received 2 results and 0 failures
[2025-01-07 18:38:36,969][flwr][INFO] - fit progress: (2, 7.161980464297812, {'accuracy': 0.9728}, 18.42137446700508)
[2025-01-07 18:38:36,969][flwr][INFO] - configure_evaluate: strategy sampled 5 clients (out of 20)
[2025-01-07 18:38:37,531][flwr][INFO] - aggregate_evaluate: received 5 results and 0 failures
[2025-01-07 18:38:37,531][flwr][INFO] - 
[2025-01-07 18:38:37,531][flwr][INFO] - [ROUND 3]
[2025-01-07 18:38:37,531][flwr][INFO] - configure_fit: strategy sampled 2 clients (out of 20)
[2025-01-07 18:38:42,058][flwr][INFO] - aggregate_fit: received 2 results and 0 failures
[2025-01-07 18:38:43,348][flwr][INFO] - fit progress: (3, 7.110004585047136, {'accuracy': 0.9758}, 24.800602227005584)
[2025-01-07 18:38:43,349][flwr][INFO] - configure_evaluate: strategy sampled 5 clients (out of 20)
[2025-01-07 18:38:43,967][flwr][INFO] - aggregate_evaluate: received 5 results and 0 failures
[2025-01-07 18:38:43,967][flwr][INFO] - 
[2025-01-07 18:38:43,967][flwr][INFO] - [ROUND 4]
[2025-01-07 18:38:43,967][flwr][INFO] - configure_fit: strategy sampled 2 clients (out of 20)
[2025-01-07 18:38:48,495][flwr][INFO] - aggregate_fit: received 2 results and 0 failures
[2025-01-07 18:38:49,756][flwr][INFO] - fit progress: (4, 5.838560528452945, {'accuracy': 0.9794}, 31.20803273700585)
[2025-01-07 18:38:49,756][flwr][INFO] - configure_evaluate: strategy sampled 5 clients (out of 20)
[2025-01-07 18:38:50,390][flwr][INFO] - aggregate_evaluate: received 5 results and 0 failures
[2025-01-07 18:38:50,391][flwr][INFO] - 
[2025-01-07 18:38:50,391][flwr][INFO] - [ROUND 5]
[2025-01-07 18:38:50,391][flwr][INFO] - configure_fit: strategy sampled 2 clients (out of 20)
[2025-01-07 18:38:54,960][flwr][INFO] - aggregate_fit: received 2 results and 0 failures
[2025-01-07 18:38:56,526][flwr][INFO] - fit progress: (5, 5.391171073013538, {'accuracy': 0.9819}, 37.978710131006665)
[2025-01-07 18:38:56,527][flwr][INFO] - configure_evaluate: strategy sampled 5 clients (out of 20)
[2025-01-07 18:38:57,090][flwr][INFO] - aggregate_evaluate: received 5 results and 0 failures
[2025-01-07 18:38:57,091][flwr][INFO] - 
[2025-01-07 18:38:57,091][flwr][INFO] - [ROUND 6]
[2025-01-07 18:38:57,091][flwr][INFO] - configure_fit: strategy sampled 2 clients (out of 20)
[2025-01-07 18:39:01,539][flwr][INFO] - aggregate_fit: received 2 results and 0 failures
[2025-01-07 18:39:03,033][flwr][INFO] - fit progress: (6, 5.095658941164402, {'accuracy': 0.9822}, 44.48562950100313)
[2025-01-07 18:39:03,034][flwr][INFO] - configure_evaluate: strategy sampled 5 clients (out of 20)
[2025-01-07 18:39:03,657][flwr][INFO] - aggregate_evaluate: received 5 results and 0 failures
[2025-01-07 18:39:03,657][flwr][INFO] - 
[2025-01-07 18:39:03,657][flwr][INFO] - [ROUND 7]
[2025-01-07 18:39:03,658][flwr][INFO] - configure_fit: strategy sampled 2 clients (out of 20)
[2025-01-07 18:39:08,206][flwr][INFO] - aggregate_fit: received 2 results and 0 failures
[2025-01-07 18:39:09,913][flwr][INFO] - fit progress: (7, 4.51956200511728, {'accuracy': 0.984}, 51.36520542100334)
[2025-01-07 18:39:09,913][flwr][INFO] - configure_evaluate: strategy sampled 5 clients (out of 20)
[2025-01-07 18:39:10,435][flwr][INFO] - aggregate_evaluate: received 5 results and 0 failures
[2025-01-07 18:39:10,435][flwr][INFO] - 
[2025-01-07 18:39:10,436][flwr][INFO] - [ROUND 8]
[2025-01-07 18:39:10,436][flwr][INFO] - configure_fit: strategy sampled 2 clients (out of 20)
[2025-01-07 18:39:14,902][flwr][INFO] - aggregate_fit: received 2 results and 0 failures
[2025-01-07 18:39:16,832][flwr][INFO] - fit progress: (8, 4.276309070521734, {'accuracy': 0.9852}, 58.28439714900014)
[2025-01-07 18:39:16,832][flwr][INFO] - configure_evaluate: strategy sampled 5 clients (out of 20)
[2025-01-07 18:39:17,397][flwr][INFO] - aggregate_evaluate: received 5 results and 0 failures
[2025-01-07 18:39:17,397][flwr][INFO] - 
[2025-01-07 18:39:17,397][flwr][INFO] - [ROUND 9]
[2025-01-07 18:39:17,397][flwr][INFO] - configure_fit: strategy sampled 2 clients (out of 20)
[2025-01-07 18:39:22,016][flwr][INFO] - aggregate_fit: received 2 results and 0 failures
[2025-01-07 18:39:24,138][flwr][INFO] - fit progress: (9, 4.026428432660168, {'accuracy': 0.9857}, 65.5904823910023)
[2025-01-07 18:39:24,138][flwr][INFO] - configure_evaluate: strategy sampled 5 clients (out of 20)
[2025-01-07 18:39:24,693][flwr][INFO] - aggregate_evaluate: received 5 results and 0 failures
[2025-01-07 18:39:24,694][flwr][INFO] - 
[2025-01-07 18:39:24,694][flwr][INFO] - [ROUND 10]
[2025-01-07 18:39:24,694][flwr][INFO] - configure_fit: strategy sampled 2 clients (out of 20)
[2025-01-07 18:39:29,116][flwr][INFO] - aggregate_fit: received 2 results and 0 failures
[2025-01-07 18:39:30,764][flwr][INFO] - fit progress: (10, 4.3424063631109675, {'accuracy': 0.984}, 72.21643438900355)
[2025-01-07 18:39:30,764][flwr][INFO] - configure_evaluate: strategy sampled 5 clients (out of 20)
[2025-01-07 18:39:31,327][flwr][INFO] - aggregate_evaluate: received 5 results and 0 failures
[2025-01-07 18:39:31,328][flwr][INFO] - 
[2025-01-07 18:39:31,328][flwr][INFO] - [SUMMARY]
[2025-01-07 18:39:31,328][flwr][INFO] - Run finished 10 round(s) in 72.78s
[2025-01-07 18:39:31,328][flwr][INFO] - 	History (loss, distributed):
[2025-01-07 18:39:31,328][flwr][INFO] - 		round 1: 1.5467066328972578
[2025-01-07 18:39:31,328][flwr][INFO] - 		round 2: 1.0255326608312316
[2025-01-07 18:39:31,329][flwr][INFO] - 		round 3: 1.1514404200410353
[2025-01-07 18:39:31,329][flwr][INFO] - 		round 4: 1.317566893278854
[2025-01-07 18:39:31,329][flwr][INFO] - 		round 5: 1.0286920395727066
[2025-01-07 18:39:31,329][flwr][INFO] - 		round 6: 0.6167366395169666
[2025-01-07 18:39:31,329][flwr][INFO] - 		round 7: 0.9923066002442283
[2025-01-07 18:39:31,329][flwr][INFO] - 		round 8: 0.6018332960310545
[2025-01-07 18:39:31,329][flwr][INFO] - 		round 9: 0.6199455816344198
[2025-01-07 18:39:31,329][flwr][INFO] - 		round 10: 0.5695530881182549
[2025-01-07 18:39:31,329][flwr][INFO] - 	History (loss, centralized):
[2025-01-07 18:39:31,329][flwr][INFO] - 		round 0: 181.91960906982422
[2025-01-07 18:39:31,329][flwr][INFO] - 		round 1: 10.506771258777007
[2025-01-07 18:39:31,329][flwr][INFO] - 		round 2: 7.161980464297812
[2025-01-07 18:39:31,329][flwr][INFO] - 		round 3: 7.110004585047136
[2025-01-07 18:39:31,329][flwr][INFO] - 		round 4: 5.838560528452945
[2025-01-07 18:39:31,329][flwr][INFO] - 		round 5: 5.391171073013538
[2025-01-07 18:39:31,329][flwr][INFO] - 		round 6: 5.095658941164402
[2025-01-07 18:39:31,329][flwr][INFO] - 		round 7: 4.51956200511728
[2025-01-07 18:39:31,329][flwr][INFO] - 		round 8: 4.276309070521734
[2025-01-07 18:39:31,329][flwr][INFO] - 		round 9: 4.026428432660168
[2025-01-07 18:39:31,329][flwr][INFO] - 		round 10: 4.3424063631109675
[2025-01-07 18:39:31,329][flwr][INFO] - 	History (metrics, centralized):
[2025-01-07 18:39:31,329][flwr][INFO] - 	{'accuracy': [(0, 0.1009),
[2025-01-07 18:39:31,329][flwr][INFO] - 	              (1, 0.9576),
[2025-01-07 18:39:31,329][flwr][INFO] - 	              (2, 0.9728),
[2025-01-07 18:39:31,330][flwr][INFO] - 	              (3, 0.9758),
[2025-01-07 18:39:31,330][flwr][INFO] - 	              (4, 0.9794),
[2025-01-07 18:39:31,330][flwr][INFO] - 	              (5, 0.9819),
[2025-01-07 18:39:31,330][flwr][INFO] - 	              (6, 0.9822),
[2025-01-07 18:39:31,330][flwr][INFO] - 	              (7, 0.984),
[2025-01-07 18:39:31,330][flwr][INFO] - 	              (8, 0.9852),
[2025-01-07 18:39:31,330][flwr][INFO] - 	              (9, 0.9857),
[2025-01-07 18:39:31,330][flwr][INFO] - 	              (10, 0.984)]}
[2025-01-07 18:39:31,330][flwr][INFO] - 
