[2025-01-09 23:53:03,195][flwr][INFO] - Starting Flower simulation, config: num_rounds=10, no round_timeout
[2025-01-09 23:53:03,251][filelock][INFO] - Lock 138312508578784 acquired on /tmp/ray/session_2025-01-09_23-53-03_250909_3476287/node_ip_address.json.lock
[2025-01-09 23:53:03,252][filelock][INFO] - Lock 138312508578784 released on /tmp/ray/session_2025-01-09_23-53-03_250909_3476287/node_ip_address.json.lock
[2025-01-09 23:53:03,252][filelock][INFO] - Lock 138312509806384 acquired on /tmp/ray/session_2025-01-09_23-53-03_250909_3476287/ports_by_node.json.lock
[2025-01-09 23:53:03,252][filelock][INFO] - Lock 138312509806384 released on /tmp/ray/session_2025-01-09_23-53-03_250909_3476287/ports_by_node.json.lock
[2025-01-09 23:53:03,252][filelock][INFO] - Lock 138312509769952 acquired on /tmp/ray/session_2025-01-09_23-53-03_250909_3476287/ports_by_node.json.lock
[2025-01-09 23:53:03,252][filelock][INFO] - Lock 138312509769952 released on /tmp/ray/session_2025-01-09_23-53-03_250909_3476287/ports_by_node.json.lock
[2025-01-09 23:53:03,252][filelock][INFO] - Lock 138312509051952 acquired on /tmp/ray/session_2025-01-09_23-53-03_250909_3476287/ports_by_node.json.lock
[2025-01-09 23:53:03,252][filelock][INFO] - Lock 138312509051952 released on /tmp/ray/session_2025-01-09_23-53-03_250909_3476287/ports_by_node.json.lock
[2025-01-09 23:53:03,252][filelock][INFO] - Lock 138312509643504 acquired on /tmp/ray/session_2025-01-09_23-53-03_250909_3476287/ports_by_node.json.lock
[2025-01-09 23:53:03,253][filelock][INFO] - Lock 138312509643504 released on /tmp/ray/session_2025-01-09_23-53-03_250909_3476287/ports_by_node.json.lock
[2025-01-09 23:53:03,253][filelock][INFO] - Lock 138312509511472 acquired on /tmp/ray/session_2025-01-09_23-53-03_250909_3476287/ports_by_node.json.lock
[2025-01-09 23:53:03,253][filelock][INFO] - Lock 138312509511472 released on /tmp/ray/session_2025-01-09_23-53-03_250909_3476287/ports_by_node.json.lock
[2025-01-09 23:53:05,407][flwr][INFO] - Flower VCE: Ray initialized with resources: {'node:__internal_head__': 1.0, 'CPU': 12.0, 'node:192.168.1.11': 1.0, 'object_store_memory': 2729950003.0, 'memory': 5459900007.0}
[2025-01-09 23:53:05,407][flwr][INFO] - Optimize your simulation with Flower VCE: https://flower.ai/docs/framework/how-to-run-simulations.html
[2025-01-09 23:53:05,408][flwr][INFO] - Flower VCE: Resources for each Virtual Client: {'num_cpus': 2, 'num_gpus': 0}
[2025-01-09 23:53:05,419][flwr][INFO] - Flower VCE: Creating VirtualClientEngineActorPool with 6 actors
[2025-01-09 23:53:05,419][flwr][INFO] - [INIT]
[2025-01-09 23:53:05,419][flwr][INFO] - Using initial global parameters provided by strategy
[2025-01-09 23:53:05,419][flwr][INFO] - Starting evaluation of initial global parameters
[2025-01-09 23:53:15,508][flwr][INFO] - initial parameters (loss, other metrics): 3953.0245093107224, {'accuracy': 0.4999384485517824}
[2025-01-09 23:53:15,508][flwr][INFO] - 
[2025-01-09 23:53:15,508][flwr][INFO] - [ROUND 1]
[2025-01-09 23:53:15,509][flwr][INFO] - configure_fit: strategy sampled 3 clients (out of 10)
[2025-01-09 23:54:23,759][flwr][INFO] - aggregate_fit: received 3 results and 0 failures
[2025-01-09 23:54:23,767][flwr][WARNING] - No fit_metrics_aggregation_fn provided
[2025-01-09 23:54:37,088][flwr][INFO] - fit progress: (1, 92.04695939841905, {'accuracy': 0.9980743189771908}, 81.57957221800461)
[2025-01-09 23:54:37,088][flwr][INFO] - configure_evaluate: strategy sampled 5 clients (out of 10)
[2025-01-09 23:54:41,731][flwr][INFO] - aggregate_evaluate: received 5 results and 0 failures
[2025-01-09 23:54:41,732][flwr][WARNING] - No evaluate_metrics_aggregation_fn provided
[2025-01-09 23:54:41,732][flwr][INFO] - 
[2025-01-09 23:54:41,732][flwr][INFO] - [ROUND 2]
[2025-01-09 23:54:41,732][flwr][INFO] - configure_fit: strategy sampled 3 clients (out of 10)
[2025-01-09 23:56:05,136][flwr][INFO] - aggregate_fit: received 3 results and 0 failures
[2025-01-09 23:56:18,521][flwr][INFO] - fit progress: (2, 39.96734993954328, {'accuracy': 0.998091905105253}, 183.0129830789956)
[2025-01-09 23:56:18,522][flwr][INFO] - configure_evaluate: strategy sampled 5 clients (out of 10)
[2025-01-09 23:56:19,995][flwr][INFO] - aggregate_evaluate: received 5 results and 0 failures
[2025-01-09 23:56:19,995][flwr][INFO] - 
[2025-01-09 23:56:19,996][flwr][INFO] - [ROUND 3]
[2025-01-09 23:56:19,996][flwr][INFO] - configure_fit: strategy sampled 3 clients (out of 10)
[2025-01-09 23:56:40,766][flwr][INFO] - aggregate_fit: received 3 results and 0 failures
[2025-01-09 23:56:53,860][flwr][INFO] - fit progress: (3, 17.454435947868205, {'accuracy': 0.9993493132616992}, 218.352223666996)
[2025-01-09 23:56:53,861][flwr][INFO] - configure_evaluate: strategy sampled 5 clients (out of 10)
[2025-01-09 23:56:55,596][flwr][INFO] - aggregate_evaluate: received 5 results and 0 failures
[2025-01-09 23:56:55,596][flwr][INFO] - 
[2025-01-09 23:56:55,596][flwr][INFO] - [ROUND 4]
[2025-01-09 23:56:55,596][flwr][INFO] - configure_fit: strategy sampled 3 clients (out of 10)
[2025-01-09 23:57:18,589][flwr][INFO] - aggregate_fit: received 3 results and 0 failures
[2025-01-09 23:57:32,186][flwr][INFO] - fit progress: (4, 22.517073423201907, {'accuracy': 0.9992525895573572}, 256.6782591230003)
[2025-01-09 23:57:32,187][flwr][INFO] - configure_evaluate: strategy sampled 5 clients (out of 10)
[2025-01-09 23:57:33,878][flwr][INFO] - aggregate_evaluate: received 5 results and 0 failures
[2025-01-09 23:57:33,879][flwr][INFO] - 
[2025-01-09 23:57:33,879][flwr][INFO] - [ROUND 5]
[2025-01-09 23:57:33,879][flwr][INFO] - configure_fit: strategy sampled 3 clients (out of 10)
[2025-01-09 23:57:53,375][flwr][INFO] - aggregate_fit: received 3 results and 0 failures
[2025-01-09 23:58:08,732][flwr][INFO] - fit progress: (5, 25.847283491888366, {'accuracy': 0.9989008669961135}, 293.22420093799883)
[2025-01-09 23:58:08,733][flwr][INFO] - configure_evaluate: strategy sampled 5 clients (out of 10)
[2025-01-09 23:58:10,676][flwr][INFO] - aggregate_evaluate: received 5 results and 0 failures
[2025-01-09 23:58:10,677][flwr][INFO] - 
[2025-01-09 23:58:10,677][flwr][INFO] - [ROUND 6]
[2025-01-09 23:58:10,677][flwr][INFO] - configure_fit: strategy sampled 3 clients (out of 10)
[2025-01-09 23:59:38,897][flwr][INFO] - aggregate_fit: received 3 results and 0 failures
[2025-01-09 23:59:54,233][flwr][INFO] - fit progress: (6, 15.227956342951385, {'accuracy': 0.9993668993897613}, 398.7251784209948)
[2025-01-09 23:59:54,234][flwr][INFO] - configure_evaluate: strategy sampled 5 clients (out of 10)
[2025-01-09 23:59:55,732][flwr][INFO] - aggregate_evaluate: received 5 results and 0 failures
[2025-01-09 23:59:55,732][flwr][INFO] - 
[2025-01-09 23:59:55,733][flwr][INFO] - [ROUND 7]
[2025-01-09 23:59:55,733][flwr][INFO] - configure_fit: strategy sampled 3 clients (out of 10)
[2025-01-10 00:01:12,702][flwr][INFO] - aggregate_fit: received 3 results and 0 failures
[2025-01-10 00:01:27,319][flwr][INFO] - fit progress: (7, 18.90911291274654, {'accuracy': 0.9992437964933261}, 491.81119786700583)
[2025-01-10 00:01:27,320][flwr][INFO] - configure_evaluate: strategy sampled 5 clients (out of 10)
[2025-01-10 00:01:29,116][flwr][INFO] - aggregate_evaluate: received 5 results and 0 failures
[2025-01-10 00:01:29,117][flwr][INFO] - 
[2025-01-10 00:01:29,117][flwr][INFO] - [ROUND 8]
[2025-01-10 00:01:29,117][flwr][INFO] - configure_fit: strategy sampled 3 clients (out of 10)
[2025-01-10 00:02:21,883][flwr][INFO] - aggregate_fit: received 3 results and 0 failures
[2025-01-10 00:02:36,583][flwr][INFO] - fit progress: (8, 15.396186446224448, {'accuracy': 0.9994636230941034}, 561.0747429140029)
[2025-01-10 00:02:36,584][flwr][INFO] - configure_evaluate: strategy sampled 5 clients (out of 10)
[2025-01-10 00:02:38,536][flwr][INFO] - aggregate_evaluate: received 5 results and 0 failures
[2025-01-10 00:02:38,537][flwr][INFO] - 
[2025-01-10 00:02:38,537][flwr][INFO] - [ROUND 9]
[2025-01-10 00:02:38,537][flwr][INFO] - configure_fit: strategy sampled 3 clients (out of 10)
[2025-01-10 00:03:38,328][flwr][INFO] - aggregate_fit: received 3 results and 0 failures
[2025-01-10 00:03:51,610][flwr][INFO] - fit progress: (9, 16.474689935495096, {'accuracy': 0.9994548300300723}, 636.1015175820066)
[2025-01-10 00:03:51,610][flwr][INFO] - configure_evaluate: strategy sampled 5 clients (out of 10)
[2025-01-10 00:03:52,542][flwr][INFO] - aggregate_evaluate: received 5 results and 0 failures
[2025-01-10 00:03:52,543][flwr][INFO] - 
[2025-01-10 00:03:52,543][flwr][INFO] - [ROUND 10]
[2025-01-10 00:03:52,543][flwr][INFO] - configure_fit: strategy sampled 3 clients (out of 10)
[2025-01-10 00:05:15,345][flwr][INFO] - aggregate_fit: received 3 results and 0 failures
[2025-01-10 00:05:29,053][flwr][INFO] - fit progress: (10, 21.416173080006427, {'accuracy': 0.9995603467984454}, 733.5448872910056)
[2025-01-10 00:05:29,054][flwr][INFO] - configure_evaluate: strategy sampled 5 clients (out of 10)
[2025-01-10 00:05:30,634][flwr][INFO] - aggregate_evaluate: received 5 results and 0 failures
[2025-01-10 00:05:30,635][flwr][INFO] - 
[2025-01-10 00:05:30,635][flwr][INFO] - [SUMMARY]
[2025-01-10 00:05:30,635][flwr][INFO] - Run finished 10 round(s) in 735.13s
[2025-01-10 00:05:30,636][flwr][INFO] - 	History (loss, distributed):
[2025-01-10 00:05:30,636][flwr][INFO] - 		round 1: 5.189406183087765
[2025-01-10 00:05:30,636][flwr][INFO] - 		round 2: 1.9869911599544123
[2025-01-10 00:05:30,636][flwr][INFO] - 		round 3: 1.3560112785049399
[2025-01-10 00:05:30,636][flwr][INFO] - 		round 4: 1.2389973512100037
[2025-01-10 00:05:30,637][flwr][INFO] - 		round 5: 2.125501371561789
[2025-01-10 00:05:30,637][flwr][INFO] - 		round 6: 0.3645069337229932
[2025-01-10 00:05:30,637][flwr][INFO] - 		round 7: 0.9859026807008555
[2025-01-10 00:05:30,637][flwr][INFO] - 		round 8: 1.1727101497591068
[2025-01-10 00:05:30,637][flwr][INFO] - 		round 9: 0.1409042580189115
[2025-01-10 00:05:30,637][flwr][INFO] - 		round 10: 0.4450359953640346
[2025-01-10 00:05:30,637][flwr][INFO] - 	History (loss, centralized):
[2025-01-10 00:05:30,637][flwr][INFO] - 		round 0: 3953.0245093107224
[2025-01-10 00:05:30,638][flwr][INFO] - 		round 1: 92.04695939841905
[2025-01-10 00:05:30,638][flwr][INFO] - 		round 2: 39.96734993954328
[2025-01-10 00:05:30,638][flwr][INFO] - 		round 3: 17.454435947868205
[2025-01-10 00:05:30,638][flwr][INFO] - 		round 4: 22.517073423201907
[2025-01-10 00:05:30,638][flwr][INFO] - 		round 5: 25.847283491888366
[2025-01-10 00:05:30,638][flwr][INFO] - 		round 6: 15.227956342951385
[2025-01-10 00:05:30,638][flwr][INFO] - 		round 7: 18.90911291274654
[2025-01-10 00:05:30,638][flwr][INFO] - 		round 8: 15.396186446224448
[2025-01-10 00:05:30,638][flwr][INFO] - 		round 9: 16.474689935495096
[2025-01-10 00:05:30,639][flwr][INFO] - 		round 10: 21.416173080006427
[2025-01-10 00:05:30,639][flwr][INFO] - 	History (metrics, centralized):
[2025-01-10 00:05:30,639][flwr][INFO] - 	{'accuracy': [(0, 0.4999384485517824),
[2025-01-10 00:05:30,639][flwr][INFO] - 	              (1, 0.9980743189771908),
[2025-01-10 00:05:30,639][flwr][INFO] - 	              (2, 0.998091905105253),
[2025-01-10 00:05:30,639][flwr][INFO] - 	              (3, 0.9993493132616992),
[2025-01-10 00:05:30,639][flwr][INFO] - 	              (4, 0.9992525895573572),
[2025-01-10 00:05:30,639][flwr][INFO] - 	              (5, 0.9989008669961135),
[2025-01-10 00:05:30,639][flwr][INFO] - 	              (6, 0.9993668993897613),
[2025-01-10 00:05:30,639][flwr][INFO] - 	              (7, 0.9992437964933261),
[2025-01-10 00:05:30,639][flwr][INFO] - 	              (8, 0.9994636230941034),
[2025-01-10 00:05:30,639][flwr][INFO] - 	              (9, 0.9994548300300723),
[2025-01-10 00:05:30,639][flwr][INFO] - 	              (10, 0.9995603467984454)]}
[2025-01-10 00:05:30,639][flwr][INFO] - 
