[2025-01-07 19:09:39,050][flwr][INFO] - Starting Flower simulation, config: num_rounds=15, no round_timeout
[2025-01-07 19:09:42,582][flwr][INFO] - Flower VCE: Ray initialized with resources: {'node:__internal_head__': 1.0, 'node:192.168.1.11': 1.0, 'CPU': 12.0, 'memory': 6356692992.0, 'object_store_memory': 3178346496.0}
[2025-01-07 19:09:42,582][flwr][INFO] - Optimize your simulation with Flower VCE: https://flower.ai/docs/framework/how-to-run-simulations.html
[2025-01-07 19:09:42,582][flwr][INFO] - Flower VCE: Resources for each Virtual Client: {'num_cpus': 2, 'num_gpus': 0}
[2025-01-07 19:09:42,593][flwr][INFO] - Flower VCE: Creating VirtualClientEngineActorPool with 6 actors
[2025-01-07 19:09:42,593][flwr][INFO] - [INIT]
[2025-01-07 19:09:42,594][flwr][INFO] - Requesting initial parameters from one random client
[2025-01-07 19:09:45,227][flwr][INFO] - Received initial parameters from one random client
[2025-01-07 19:09:45,228][flwr][INFO] - Starting evaluation of initial global parameters
[2025-01-07 19:09:46,577][flwr][INFO] - initial parameters (loss, other metrics): 182.24416637420654, {'accuracy': 0.101}
[2025-01-07 19:09:46,577][flwr][INFO] - 
[2025-01-07 19:09:46,577][flwr][INFO] - [ROUND 1]
[2025-01-07 19:09:46,577][flwr][INFO] - configure_fit: strategy sampled 2 clients (out of 5)
[2025-01-07 19:10:18,632][flwr][INFO] - aggregate_fit: received 2 results and 0 failures
[2025-01-07 19:10:18,635][flwr][WARNING] - No fit_metrics_aggregation_fn provided
[2025-01-07 19:10:19,877][flwr][INFO] - fit progress: (1, 181.5749156475067, {'accuracy': 0.1403}, 33.300350935001916)
[2025-01-07 19:10:19,878][flwr][INFO] - configure_evaluate: strategy sampled 2 clients (out of 5)
[2025-01-07 19:10:20,428][flwr][INFO] - aggregate_evaluate: received 2 results and 0 failures
[2025-01-07 19:10:20,428][flwr][WARNING] - No evaluate_metrics_aggregation_fn provided
[2025-01-07 19:10:20,428][flwr][INFO] - 
[2025-01-07 19:10:20,428][flwr][INFO] - [ROUND 2]
[2025-01-07 19:10:20,428][flwr][INFO] - configure_fit: strategy sampled 2 clients (out of 5)
[2025-01-07 19:10:47,074][flwr][INFO] - aggregate_fit: received 2 results and 0 failures
[2025-01-07 19:10:48,628][flwr][INFO] - fit progress: (2, 182.2718644142151, {'accuracy': 0.1032}, 62.050979875995836)
[2025-01-07 19:10:48,628][flwr][INFO] - configure_evaluate: strategy sampled 2 clients (out of 5)
[2025-01-07 19:10:49,108][flwr][INFO] - aggregate_evaluate: received 2 results and 0 failures
[2025-01-07 19:10:49,108][flwr][INFO] - 
[2025-01-07 19:10:49,108][flwr][INFO] - [ROUND 3]
[2025-01-07 19:10:49,109][flwr][INFO] - configure_fit: strategy sampled 2 clients (out of 5)
[2025-01-07 19:11:14,495][flwr][INFO] - aggregate_fit: received 2 results and 0 failures
[2025-01-07 19:11:15,925][flwr][INFO] - fit progress: (3, 181.91681146621704, {'accuracy': 0.1135}, 89.34808264199819)
[2025-01-07 19:11:15,925][flwr][INFO] - configure_evaluate: strategy sampled 2 clients (out of 5)
[2025-01-07 19:11:16,478][flwr][INFO] - aggregate_evaluate: received 2 results and 0 failures
[2025-01-07 19:11:16,478][flwr][INFO] - 
[2025-01-07 19:11:16,478][flwr][INFO] - [ROUND 4]
[2025-01-07 19:11:16,478][flwr][INFO] - configure_fit: strategy sampled 2 clients (out of 5)
[2025-01-07 19:11:42,131][flwr][INFO] - aggregate_fit: received 2 results and 0 failures
[2025-01-07 19:11:43,328][flwr][INFO] - fit progress: (4, 181.97339248657227, {'accuracy': 0.1032}, 116.75119810800243)
[2025-01-07 19:11:43,328][flwr][INFO] - configure_evaluate: strategy sampled 2 clients (out of 5)
[2025-01-07 19:11:43,863][flwr][INFO] - aggregate_evaluate: received 2 results and 0 failures
[2025-01-07 19:11:43,864][flwr][INFO] - 
[2025-01-07 19:11:43,864][flwr][INFO] - [ROUND 5]
[2025-01-07 19:11:43,864][flwr][INFO] - configure_fit: strategy sampled 2 clients (out of 5)
[2025-01-07 19:12:06,136][flwr][INFO] - aggregate_fit: received 2 results and 0 failures
[2025-01-07 19:12:07,631][flwr][INFO] - fit progress: (5, 182.0972867012024, {'accuracy': 0.0958}, 141.05360051000025)
[2025-01-07 19:12:07,631][flwr][INFO] - configure_evaluate: strategy sampled 2 clients (out of 5)
[2025-01-07 19:12:08,131][flwr][INFO] - aggregate_evaluate: received 2 results and 0 failures
[2025-01-07 19:12:08,132][flwr][INFO] - 
[2025-01-07 19:12:08,132][flwr][INFO] - [ROUND 6]
[2025-01-07 19:12:08,132][flwr][INFO] - configure_fit: strategy sampled 2 clients (out of 5)
[2025-01-07 19:12:30,458][flwr][INFO] - aggregate_fit: received 2 results and 0 failures
[2025-01-07 19:12:31,921][flwr][INFO] - fit progress: (6, 182.64810967445374, {'accuracy': 0.1135}, 165.34384053899703)
[2025-01-07 19:12:31,921][flwr][INFO] - configure_evaluate: strategy sampled 2 clients (out of 5)
[2025-01-07 19:12:32,476][flwr][INFO] - aggregate_evaluate: received 2 results and 0 failures
[2025-01-07 19:12:32,476][flwr][INFO] - 
[2025-01-07 19:12:32,476][flwr][INFO] - [ROUND 7]
[2025-01-07 19:12:32,477][flwr][INFO] - configure_fit: strategy sampled 2 clients (out of 5)
[2025-01-07 19:12:55,342][flwr][INFO] - aggregate_fit: received 2 results and 0 failures
[2025-01-07 19:12:56,718][flwr][INFO] - fit progress: (7, 182.28406643867493, {'accuracy': 0.1009}, 190.14140504399984)
[2025-01-07 19:12:56,719][flwr][INFO] - configure_evaluate: strategy sampled 2 clients (out of 5)
[2025-01-07 19:12:57,234][flwr][INFO] - aggregate_evaluate: received 2 results and 0 failures
[2025-01-07 19:12:57,234][flwr][INFO] - 
[2025-01-07 19:12:57,234][flwr][INFO] - [ROUND 8]
[2025-01-07 19:12:57,234][flwr][INFO] - configure_fit: strategy sampled 2 clients (out of 5)
[2025-01-07 19:13:20,320][flwr][INFO] - aggregate_fit: received 2 results and 0 failures
[2025-01-07 19:13:22,033][flwr][INFO] - fit progress: (8, 182.25737237930298, {'accuracy': 0.1135}, 215.45591689799767)
[2025-01-07 19:13:22,033][flwr][INFO] - configure_evaluate: strategy sampled 2 clients (out of 5)
[2025-01-07 19:13:22,561][flwr][INFO] - aggregate_evaluate: received 2 results and 0 failures
[2025-01-07 19:13:22,561][flwr][INFO] - 
[2025-01-07 19:13:22,561][flwr][INFO] - [ROUND 9]
[2025-01-07 19:13:22,562][flwr][INFO] - configure_fit: strategy sampled 2 clients (out of 5)
[2025-01-07 19:13:44,976][flwr][INFO] - aggregate_fit: received 2 results and 0 failures
[2025-01-07 19:13:46,620][flwr][INFO] - fit progress: (9, 182.40576601028442, {'accuracy': 0.1028}, 240.04334037999797)
[2025-01-07 19:13:46,621][flwr][INFO] - configure_evaluate: strategy sampled 2 clients (out of 5)
[2025-01-07 19:13:47,116][flwr][INFO] - aggregate_evaluate: received 2 results and 0 failures
[2025-01-07 19:13:47,116][flwr][INFO] - 
[2025-01-07 19:13:47,116][flwr][INFO] - [ROUND 10]
[2025-01-07 19:13:47,116][flwr][INFO] - configure_fit: strategy sampled 2 clients (out of 5)
[2025-01-07 19:14:09,595][flwr][INFO] - aggregate_fit: received 2 results and 0 failures
[2025-01-07 19:14:10,804][flwr][INFO] - fit progress: (10, 182.11875534057617, {'accuracy': 0.1135}, 264.22728098499647)
[2025-01-07 19:14:10,805][flwr][INFO] - configure_evaluate: strategy sampled 2 clients (out of 5)
[2025-01-07 19:14:11,323][flwr][INFO] - aggregate_evaluate: received 2 results and 0 failures
[2025-01-07 19:14:11,324][flwr][INFO] - 
[2025-01-07 19:14:11,324][flwr][INFO] - [ROUND 11]
[2025-01-07 19:14:11,324][flwr][INFO] - configure_fit: strategy sampled 2 clients (out of 5)
[2025-01-07 19:14:33,789][flwr][INFO] - aggregate_fit: received 2 results and 0 failures
[2025-01-07 19:14:35,003][flwr][INFO] - fit progress: (11, 182.30276584625244, {'accuracy': 0.1009}, 288.425659241002)
[2025-01-07 19:14:35,003][flwr][INFO] - configure_evaluate: strategy sampled 2 clients (out of 5)
[2025-01-07 19:14:35,518][flwr][INFO] - aggregate_evaluate: received 2 results and 0 failures
[2025-01-07 19:14:35,519][flwr][INFO] - 
[2025-01-07 19:14:35,519][flwr][INFO] - [ROUND 12]
[2025-01-07 19:14:35,519][flwr][INFO] - configure_fit: strategy sampled 2 clients (out of 5)
[2025-01-07 19:14:58,093][flwr][INFO] - aggregate_fit: received 2 results and 0 failures
[2025-01-07 19:14:59,351][flwr][INFO] - fit progress: (12, 182.53605031967163, {'accuracy': 0.0974}, 312.7736987600001)
[2025-01-07 19:14:59,351][flwr][INFO] - configure_evaluate: strategy sampled 2 clients (out of 5)
[2025-01-07 19:14:59,957][flwr][INFO] - aggregate_evaluate: received 2 results and 0 failures
[2025-01-07 19:14:59,957][flwr][INFO] - 
[2025-01-07 19:14:59,957][flwr][INFO] - [ROUND 13]
[2025-01-07 19:14:59,958][flwr][INFO] - configure_fit: strategy sampled 2 clients (out of 5)
[2025-01-07 19:15:22,615][flwr][INFO] - aggregate_fit: received 2 results and 0 failures
[2025-01-07 19:15:24,038][flwr][INFO] - fit progress: (13, 182.4859697818756, {'accuracy': 0.098}, 337.4607041700001)
[2025-01-07 19:15:24,038][flwr][INFO] - configure_evaluate: strategy sampled 2 clients (out of 5)
[2025-01-07 19:15:24,529][flwr][INFO] - aggregate_evaluate: received 2 results and 0 failures
[2025-01-07 19:15:24,530][flwr][INFO] - 
[2025-01-07 19:15:24,530][flwr][INFO] - [ROUND 14]
[2025-01-07 19:15:24,530][flwr][INFO] - configure_fit: strategy sampled 2 clients (out of 5)
[2025-01-07 19:15:47,073][flwr][INFO] - aggregate_fit: received 2 results and 0 failures
[2025-01-07 19:15:48,484][flwr][INFO] - fit progress: (14, 182.07987070083618, {'accuracy': 0.1135}, 361.90678481199575)
[2025-01-07 19:15:48,484][flwr][INFO] - configure_evaluate: strategy sampled 2 clients (out of 5)
[2025-01-07 19:15:49,036][flwr][INFO] - aggregate_evaluate: received 2 results and 0 failures
[2025-01-07 19:15:49,036][flwr][INFO] - 
[2025-01-07 19:15:49,036][flwr][INFO] - [ROUND 15]
[2025-01-07 19:15:49,036][flwr][INFO] - configure_fit: strategy sampled 2 clients (out of 5)
[2025-01-07 19:16:11,472][flwr][INFO] - aggregate_fit: received 2 results and 0 failures
[2025-01-07 19:16:13,285][flwr][INFO] - fit progress: (15, 182.12484526634216, {'accuracy': 0.1032}, 386.7075321040029)
[2025-01-07 19:16:13,285][flwr][INFO] - configure_evaluate: strategy sampled 2 clients (out of 5)
[2025-01-07 19:16:13,775][flwr][INFO] - aggregate_evaluate: received 2 results and 0 failures
[2025-01-07 19:16:13,775][flwr][INFO] - 
[2025-01-07 19:16:13,776][flwr][INFO] - [SUMMARY]
[2025-01-07 19:16:13,776][flwr][INFO] - Run finished 15 round(s) in 387.20s
[2025-01-07 19:16:13,776][flwr][INFO] - 	History (loss, distributed):
[2025-01-07 19:16:13,776][flwr][INFO] - 		round 1: 172.36241841316223
[2025-01-07 19:16:13,776][flwr][INFO] - 		round 2: 172.87694215774536
[2025-01-07 19:16:13,777][flwr][INFO] - 		round 3: 172.7955104112625
[2025-01-07 19:16:13,777][flwr][INFO] - 		round 4: 172.72074210643768
[2025-01-07 19:16:13,777][flwr][INFO] - 		round 5: 172.91977488994598
[2025-01-07 19:16:13,777][flwr][INFO] - 		round 6: 173.68634557724
[2025-01-07 19:16:13,777][flwr][INFO] - 		round 7: 172.97755539417267
[2025-01-07 19:16:13,777][flwr][INFO] - 		round 8: 172.99832892417908
[2025-01-07 19:16:13,777][flwr][INFO] - 		round 9: 173.11978459358215
[2025-01-07 19:16:13,777][flwr][INFO] - 		round 10: 172.75401639938354
[2025-01-07 19:16:13,777][flwr][INFO] - 		round 11: 172.98707497119904
[2025-01-07 19:16:13,777][flwr][INFO] - 		round 12: 173.20109903812408
[2025-01-07 19:16:13,778][flwr][INFO] - 		round 13: 173.40349674224854
[2025-01-07 19:16:13,778][flwr][INFO] - 		round 14: 173.06239068508148
[2025-01-07 19:16:13,778][flwr][INFO] - 		round 15: 172.92750191688538
[2025-01-07 19:16:13,778][flwr][INFO] - 	History (loss, centralized):
[2025-01-07 19:16:13,778][flwr][INFO] - 		round 0: 182.24416637420654
[2025-01-07 19:16:13,778][flwr][INFO] - 		round 1: 181.5749156475067
[2025-01-07 19:16:13,778][flwr][INFO] - 		round 2: 182.2718644142151
[2025-01-07 19:16:13,778][flwr][INFO] - 		round 3: 181.91681146621704
[2025-01-07 19:16:13,778][flwr][INFO] - 		round 4: 181.97339248657227
[2025-01-07 19:16:13,779][flwr][INFO] - 		round 5: 182.0972867012024
[2025-01-07 19:16:13,779][flwr][INFO] - 		round 6: 182.64810967445374
[2025-01-07 19:16:13,779][flwr][INFO] - 		round 7: 182.28406643867493
[2025-01-07 19:16:13,779][flwr][INFO] - 		round 8: 182.25737237930298
[2025-01-07 19:16:13,779][flwr][INFO] - 		round 9: 182.40576601028442
[2025-01-07 19:16:13,779][flwr][INFO] - 		round 10: 182.11875534057617
[2025-01-07 19:16:13,779][flwr][INFO] - 		round 11: 182.30276584625244
[2025-01-07 19:16:13,779][flwr][INFO] - 		round 12: 182.53605031967163
[2025-01-07 19:16:13,779][flwr][INFO] - 		round 13: 182.4859697818756
[2025-01-07 19:16:13,779][flwr][INFO] - 		round 14: 182.07987070083618
[2025-01-07 19:16:13,780][flwr][INFO] - 		round 15: 182.12484526634216
[2025-01-07 19:16:13,780][flwr][INFO] - 	History (metrics, centralized):
[2025-01-07 19:16:13,780][flwr][INFO] - 	{'accuracy': [(0, 0.101),
[2025-01-07 19:16:13,780][flwr][INFO] - 	              (1, 0.1403),
[2025-01-07 19:16:13,780][flwr][INFO] - 	              (2, 0.1032),
[2025-01-07 19:16:13,780][flwr][INFO] - 	              (3, 0.1135),
[2025-01-07 19:16:13,780][flwr][INFO] - 	              (4, 0.1032),
[2025-01-07 19:16:13,780][flwr][INFO] - 	              (5, 0.0958),
[2025-01-07 19:16:13,780][flwr][INFO] - 	              (6, 0.1135),
[2025-01-07 19:16:13,780][flwr][INFO] - 	              (7, 0.1009),
[2025-01-07 19:16:13,781][flwr][INFO] - 	              (8, 0.1135),
[2025-01-07 19:16:13,781][flwr][INFO] - 	              (9, 0.1028),
[2025-01-07 19:16:13,781][flwr][INFO] - 	              (10, 0.1135),
[2025-01-07 19:16:13,781][flwr][INFO] - 	              (11, 0.1009),
[2025-01-07 19:16:13,781][flwr][INFO] - 	              (12, 0.0974),
[2025-01-07 19:16:13,781][flwr][INFO] - 	              (13, 0.098),
[2025-01-07 19:16:13,781][flwr][INFO] - 	              (14, 0.1135),
[2025-01-07 19:16:13,781][flwr][INFO] - 	              (15, 0.1032)]}
[2025-01-07 19:16:13,781][flwr][INFO] - 
