[2024-12-31 13:49:58,678][flwr][INFO] - Starting Flower simulation, config: num_rounds=10, no round_timeout
[2024-12-31 13:50:02,093][flwr][INFO] - Flower VCE: Ray initialized with resources: {'node:192.168.1.11': 1.0, 'CPU': 12.0, 'object_store_memory': 3200865484.0, 'memory': 6401730971.0, 'node:__internal_head__': 1.0}
[2024-12-31 13:50:02,093][flwr][INFO] - Optimize your simulation with Flower VCE: https://flower.ai/docs/framework/how-to-run-simulations.html
[2024-12-31 13:50:02,094][flwr][INFO] - Flower VCE: Resources for each Virtual Client: {'num_cpus': 2, 'num_gpus': 0}
[2024-12-31 13:50:02,101][flwr][INFO] - Flower VCE: Creating VirtualClientEngineActorPool with 6 actors
[2024-12-31 13:50:02,101][flwr][INFO] - [INIT]
[2024-12-31 13:50:02,101][flwr][INFO] - Using initial global parameters provided by strategy
[2024-12-31 13:50:02,101][flwr][INFO] - Starting evaluation of initial global parameters
[2024-12-31 13:50:04,372][flwr][INFO] - initial parameters (loss, other metrics): 182.10376811027527, {'accuracy': 0.0984}
[2024-12-31 13:50:04,373][flwr][INFO] - 
[2024-12-31 13:50:04,373][flwr][INFO] - [ROUND 1]
[2024-12-31 13:50:04,373][flwr][INFO] - configure_fit: strategy sampled 2 clients (out of 10)
[2024-12-31 13:50:11,417][flwr][INFO] - aggregate_fit: received 2 results and 0 failures
[2024-12-31 13:50:11,426][flwr][WARNING] - No fit_metrics_aggregation_fn provided
[2024-12-31 13:50:12,690][flwr][INFO] - fit progress: (1, 17.282845575362444, {'accuracy': 0.9399}, 8.317451302005793)
[2024-12-31 13:50:12,690][flwr][INFO] - configure_evaluate: strategy sampled 2 clients (out of 10)
[2024-12-31 13:50:13,040][flwr][INFO] - aggregate_evaluate: received 2 results and 0 failures
[2024-12-31 13:50:13,040][flwr][WARNING] - No evaluate_metrics_aggregation_fn provided
[2024-12-31 13:50:13,041][flwr][INFO] - 
[2024-12-31 13:50:13,041][flwr][INFO] - [ROUND 2]
[2024-12-31 13:50:13,041][flwr][INFO] - configure_fit: strategy sampled 2 clients (out of 10)
[2024-12-31 13:50:17,813][flwr][INFO] - aggregate_fit: received 2 results and 0 failures
[2024-12-31 13:50:19,357][flwr][INFO] - fit progress: (2, 24.446350496262312, {'accuracy': 0.926}, 14.984454245000961)
[2024-12-31 13:50:19,357][flwr][INFO] - configure_evaluate: strategy sampled 2 clients (out of 10)
[2024-12-31 13:50:19,708][flwr][INFO] - aggregate_evaluate: received 2 results and 0 failures
[2024-12-31 13:50:19,708][flwr][INFO] - 
[2024-12-31 13:50:19,708][flwr][INFO] - [ROUND 3]
[2024-12-31 13:50:19,708][flwr][INFO] - configure_fit: strategy sampled 2 clients (out of 10)
[2024-12-31 13:50:24,584][flwr][INFO] - aggregate_fit: received 2 results and 0 failures
[2024-12-31 13:50:25,766][flwr][INFO] - fit progress: (3, 22.54076942568645, {'accuracy': 0.93}, 21.393341341004998)
[2024-12-31 13:50:25,766][flwr][INFO] - configure_evaluate: strategy sampled 2 clients (out of 10)
[2024-12-31 13:50:26,138][flwr][INFO] - aggregate_evaluate: received 2 results and 0 failures
[2024-12-31 13:50:26,138][flwr][INFO] - 
[2024-12-31 13:50:26,138][flwr][INFO] - [ROUND 4]
[2024-12-31 13:50:26,138][flwr][INFO] - configure_fit: strategy sampled 2 clients (out of 10)
[2024-12-31 13:50:31,062][flwr][INFO] - aggregate_fit: received 2 results and 0 failures
[2024-12-31 13:50:32,382][flwr][INFO] - fit progress: (4, 36.44792524166405, {'accuracy': 0.91}, 28.00907078900491)
[2024-12-31 13:50:32,382][flwr][INFO] - configure_evaluate: strategy sampled 2 clients (out of 10)
[2024-12-31 13:50:32,753][flwr][INFO] - aggregate_evaluate: received 2 results and 0 failures
[2024-12-31 13:50:32,753][flwr][INFO] - 
[2024-12-31 13:50:32,753][flwr][INFO] - [ROUND 5]
[2024-12-31 13:50:32,753][flwr][INFO] - configure_fit: strategy sampled 2 clients (out of 10)
[2024-12-31 13:50:38,047][flwr][INFO] - aggregate_fit: received 2 results and 0 failures
[2024-12-31 13:50:39,307][flwr][INFO] - fit progress: (5, 181.8984830379486, {'accuracy': 0.1135}, 34.93471934400441)
[2024-12-31 13:50:39,308][flwr][INFO] - configure_evaluate: strategy sampled 2 clients (out of 10)
[2024-12-31 13:50:39,641][flwr][INFO] - aggregate_evaluate: received 2 results and 0 failures
[2024-12-31 13:50:39,641][flwr][INFO] - 
[2024-12-31 13:50:39,641][flwr][INFO] - [ROUND 6]
[2024-12-31 13:50:39,641][flwr][INFO] - configure_fit: strategy sampled 2 clients (out of 10)
[2024-12-31 13:50:44,277][flwr][INFO] - aggregate_fit: received 2 results and 0 failures
[2024-12-31 13:50:45,673][flwr][INFO] - fit progress: (6, 182.0057909488678, {'accuracy': 0.1032}, 41.30003008200583)
[2024-12-31 13:50:45,673][flwr][INFO] - configure_evaluate: strategy sampled 2 clients (out of 10)
[2024-12-31 13:50:45,994][flwr][INFO] - aggregate_evaluate: received 2 results and 0 failures
[2024-12-31 13:50:45,995][flwr][INFO] - 
[2024-12-31 13:50:45,995][flwr][INFO] - [ROUND 7]
[2024-12-31 13:50:45,995][flwr][INFO] - configure_fit: strategy sampled 2 clients (out of 10)
[2024-12-31 13:50:50,698][flwr][INFO] - aggregate_fit: received 2 results and 0 failures
[2024-12-31 13:50:52,394][flwr][INFO] - fit progress: (7, 182.15188241004944, {'accuracy': 0.1028}, 48.02119919400138)
[2024-12-31 13:50:52,394][flwr][INFO] - configure_evaluate: strategy sampled 2 clients (out of 10)
[2024-12-31 13:50:52,740][flwr][INFO] - aggregate_evaluate: received 2 results and 0 failures
[2024-12-31 13:50:52,740][flwr][INFO] - 
[2024-12-31 13:50:52,740][flwr][INFO] - [ROUND 8]
[2024-12-31 13:50:52,740][flwr][INFO] - configure_fit: strategy sampled 2 clients (out of 10)
[2024-12-31 13:50:57,510][flwr][INFO] - aggregate_fit: received 2 results and 0 failures
[2024-12-31 13:50:58,776][flwr][INFO] - fit progress: (8, 182.08758664131165, {'accuracy': 0.1135}, 54.40323466600239)
[2024-12-31 13:50:58,776][flwr][INFO] - configure_evaluate: strategy sampled 2 clients (out of 10)
[2024-12-31 13:50:59,159][flwr][INFO] - aggregate_evaluate: received 2 results and 0 failures
[2024-12-31 13:50:59,160][flwr][INFO] - 
[2024-12-31 13:50:59,160][flwr][INFO] - [ROUND 9]
[2024-12-31 13:50:59,160][flwr][INFO] - configure_fit: strategy sampled 2 clients (out of 10)
[2024-12-31 13:51:03,979][flwr][INFO] - aggregate_fit: received 2 results and 0 failures
[2024-12-31 13:51:05,389][flwr][INFO] - fit progress: (9, 182.00183010101318, {'accuracy': 0.1135}, 61.01672156400309)
[2024-12-31 13:51:05,390][flwr][INFO] - configure_evaluate: strategy sampled 2 clients (out of 10)
[2024-12-31 13:51:05,748][flwr][INFO] - aggregate_evaluate: received 2 results and 0 failures
[2024-12-31 13:51:05,748][flwr][INFO] - 
[2024-12-31 13:51:05,748][flwr][INFO] - [ROUND 10]
[2024-12-31 13:51:05,748][flwr][INFO] - configure_fit: strategy sampled 2 clients (out of 10)
[2024-12-31 13:51:10,356][flwr][INFO] - aggregate_fit: received 2 results and 0 failures
[2024-12-31 13:51:11,563][flwr][INFO] - fit progress: (10, 181.8433849811554, {'accuracy': 0.1135}, 67.19007926300401)
[2024-12-31 13:51:11,563][flwr][INFO] - configure_evaluate: strategy sampled 2 clients (out of 10)
[2024-12-31 13:51:11,931][flwr][INFO] - aggregate_evaluate: received 2 results and 0 failures
[2024-12-31 13:51:11,931][flwr][INFO] - 
[2024-12-31 13:51:11,931][flwr][INFO] - [SUMMARY]
[2024-12-31 13:51:11,931][flwr][INFO] - Run finished 10 round(s) in 67.56s
[2024-12-31 13:51:11,932][flwr][INFO] - 	History (loss, distributed):
[2024-12-31 13:51:11,932][flwr][INFO] - 		round 1: 4.578663643216714
[2024-12-31 13:51:11,932][flwr][INFO] - 		round 2: 6.220399530604482
[2024-12-31 13:51:11,932][flwr][INFO] - 		round 3: 6.3986488278605975
[2024-12-31 13:51:11,932][flwr][INFO] - 		round 4: 8.75744502991438
[2024-12-31 13:51:11,932][flwr][INFO] - 		round 5: 43.781816601753235
[2024-12-31 13:51:11,932][flwr][INFO] - 		round 6: 43.84571850299835
[2024-12-31 13:51:11,932][flwr][INFO] - 		round 7: 43.69306409358978
[2024-12-31 13:51:11,932][flwr][INFO] - 		round 8: 43.700456380844116
[2024-12-31 13:51:11,932][flwr][INFO] - 		round 9: 43.812753796577454
[2024-12-31 13:51:11,932][flwr][INFO] - 		round 10: 43.7343909740448
[2024-12-31 13:51:11,932][flwr][INFO] - 	History (loss, centralized):
[2024-12-31 13:51:11,932][flwr][INFO] - 		round 0: 182.10376811027527
[2024-12-31 13:51:11,932][flwr][INFO] - 		round 1: 17.282845575362444
[2024-12-31 13:51:11,932][flwr][INFO] - 		round 2: 24.446350496262312
[2024-12-31 13:51:11,932][flwr][INFO] - 		round 3: 22.54076942568645
[2024-12-31 13:51:11,932][flwr][INFO] - 		round 4: 36.44792524166405
[2024-12-31 13:51:11,932][flwr][INFO] - 		round 5: 181.8984830379486
[2024-12-31 13:51:11,932][flwr][INFO] - 		round 6: 182.0057909488678
[2024-12-31 13:51:11,933][flwr][INFO] - 		round 7: 182.15188241004944
[2024-12-31 13:51:11,933][flwr][INFO] - 		round 8: 182.08758664131165
[2024-12-31 13:51:11,933][flwr][INFO] - 		round 9: 182.00183010101318
[2024-12-31 13:51:11,933][flwr][INFO] - 		round 10: 181.8433849811554
[2024-12-31 13:51:11,933][flwr][INFO] - 	History (metrics, centralized):
[2024-12-31 13:51:11,933][flwr][INFO] - 	{'accuracy': [(0, 0.0984),
[2024-12-31 13:51:11,933][flwr][INFO] - 	              (1, 0.9399),
[2024-12-31 13:51:11,933][flwr][INFO] - 	              (2, 0.926),
[2024-12-31 13:51:11,933][flwr][INFO] - 	              (3, 0.93),
[2024-12-31 13:51:11,933][flwr][INFO] - 	              (4, 0.91),
[2024-12-31 13:51:11,933][flwr][INFO] - 	              (5, 0.1135),
[2024-12-31 13:51:11,933][flwr][INFO] - 	              (6, 0.1032),
[2024-12-31 13:51:11,933][flwr][INFO] - 	              (7, 0.1028),
[2024-12-31 13:51:11,933][flwr][INFO] - 	              (8, 0.1135),
[2024-12-31 13:51:11,933][flwr][INFO] - 	              (9, 0.1135),
[2024-12-31 13:51:11,933][flwr][INFO] - 	              (10, 0.1135)]}
[2024-12-31 13:51:11,933][flwr][INFO] - 
