[2025-01-07 21:33:19,624][flwr][INFO] - Starting Flower simulation, config: num_rounds=15, no round_timeout
[2025-01-07 21:33:23,212][flwr][INFO] - Flower VCE: Ray initialized with resources: {'node:__internal_head__': 1.0, 'node:192.168.1.11': 1.0, 'CPU': 12.0, 'memory': 6265791284.0, 'object_store_memory': 3132895641.0}
[2025-01-07 21:33:23,212][flwr][INFO] - Optimize your simulation with Flower VCE: https://flower.ai/docs/framework/how-to-run-simulations.html
[2025-01-07 21:33:23,212][flwr][INFO] - Flower VCE: Resources for each Virtual Client: {'num_cpus': 2, 'num_gpus': 0}
[2025-01-07 21:33:23,219][flwr][INFO] - Flower VCE: Creating VirtualClientEngineActorPool with 6 actors
[2025-01-07 21:33:23,219][flwr][INFO] - [INIT]
[2025-01-07 21:33:23,219][flwr][INFO] - Requesting initial parameters from one random client
[2025-01-07 21:33:25,877][flwr][INFO] - Received initial parameters from one random client
[2025-01-07 21:33:25,877][flwr][INFO] - Starting evaluation of initial global parameters
[2025-01-07 21:33:26,986][flwr][INFO] - initial parameters (loss, other metrics): 181.83677911758423, {'accuracy': 0.099}
[2025-01-07 21:33:26,986][flwr][INFO] - 
[2025-01-07 21:33:26,986][flwr][INFO] - [ROUND 1]
[2025-01-07 21:33:26,986][flwr][INFO] - configure_fit: strategy sampled 2 clients (out of 10)
[2025-01-07 21:33:36,511][flwr][INFO] - aggregate_fit: received 2 results and 0 failures
[2025-01-07 21:33:36,518][flwr][WARNING] - No fit_metrics_aggregation_fn provided
[2025-01-07 21:33:38,130][flwr][INFO] - fit progress: (1, 8.445506712887436, {'accuracy': 0.9692}, 11.144480660994304)
[2025-01-07 21:33:38,131][flwr][INFO] - configure_evaluate: strategy sampled 2 clients (out of 10)
[2025-01-07 21:33:38,496][flwr][INFO] - aggregate_evaluate: received 2 results and 0 failures
[2025-01-07 21:33:38,497][flwr][WARNING] - No evaluate_metrics_aggregation_fn provided
[2025-01-07 21:33:38,497][flwr][INFO] - 
[2025-01-07 21:33:38,497][flwr][INFO] - [ROUND 2]
[2025-01-07 21:33:38,497][flwr][INFO] - configure_fit: strategy sampled 2 clients (out of 10)
[2025-01-07 21:33:45,697][flwr][INFO] - aggregate_fit: received 2 results and 0 failures
[2025-01-07 21:33:47,167][flwr][INFO] - fit progress: (2, 5.622072308149654, {'accuracy': 0.9788}, 20.18091566699877)
[2025-01-07 21:33:47,167][flwr][INFO] - configure_evaluate: strategy sampled 2 clients (out of 10)
[2025-01-07 21:33:47,549][flwr][INFO] - aggregate_evaluate: received 2 results and 0 failures
[2025-01-07 21:33:47,549][flwr][INFO] - 
[2025-01-07 21:33:47,549][flwr][INFO] - [ROUND 3]
[2025-01-07 21:33:47,550][flwr][INFO] - configure_fit: strategy sampled 2 clients (out of 10)
[2025-01-07 21:33:54,737][flwr][INFO] - aggregate_fit: received 2 results and 0 failures
[2025-01-07 21:33:56,005][flwr][INFO] - fit progress: (3, 5.122615631389635, {'accuracy': 0.9836}, 29.01907659999415)
[2025-01-07 21:33:56,005][flwr][INFO] - configure_evaluate: strategy sampled 2 clients (out of 10)
[2025-01-07 21:33:56,411][flwr][INFO] - aggregate_evaluate: received 2 results and 0 failures
[2025-01-07 21:33:56,411][flwr][INFO] - 
[2025-01-07 21:33:56,411][flwr][INFO] - [ROUND 4]
[2025-01-07 21:33:56,412][flwr][INFO] - configure_fit: strategy sampled 2 clients (out of 10)
[2025-01-07 21:34:03,598][flwr][INFO] - aggregate_fit: received 2 results and 0 failures
[2025-01-07 21:34:05,048][flwr][INFO] - fit progress: (4, 4.836641778960711, {'accuracy': 0.9837}, 38.06243371799792)
[2025-01-07 21:34:05,049][flwr][INFO] - configure_evaluate: strategy sampled 2 clients (out of 10)
[2025-01-07 21:34:05,440][flwr][INFO] - aggregate_evaluate: received 2 results and 0 failures
[2025-01-07 21:34:05,441][flwr][INFO] - 
[2025-01-07 21:34:05,441][flwr][INFO] - [ROUND 5]
[2025-01-07 21:34:05,441][flwr][INFO] - configure_fit: strategy sampled 2 clients (out of 10)
[2025-01-07 21:34:12,563][flwr][INFO] - aggregate_fit: received 2 results and 0 failures
[2025-01-07 21:34:14,579][flwr][INFO] - fit progress: (5, 4.119027163451392, {'accuracy': 0.9852}, 47.59292003099836)
[2025-01-07 21:34:14,579][flwr][INFO] - configure_evaluate: strategy sampled 2 clients (out of 10)
[2025-01-07 21:34:14,964][flwr][INFO] - aggregate_evaluate: received 2 results and 0 failures
[2025-01-07 21:34:14,964][flwr][INFO] - 
[2025-01-07 21:34:14,964][flwr][INFO] - [ROUND 6]
[2025-01-07 21:34:14,965][flwr][INFO] - configure_fit: strategy sampled 2 clients (out of 10)
[2025-01-07 21:34:22,056][flwr][INFO] - aggregate_fit: received 2 results and 0 failures
[2025-01-07 21:34:23,943][flwr][INFO] - fit progress: (6, 4.29699331543452, {'accuracy': 0.986}, 56.957283506999374)
[2025-01-07 21:34:23,943][flwr][INFO] - configure_evaluate: strategy sampled 2 clients (out of 10)
[2025-01-07 21:34:24,348][flwr][INFO] - aggregate_evaluate: received 2 results and 0 failures
[2025-01-07 21:34:24,348][flwr][INFO] - 
[2025-01-07 21:34:24,349][flwr][INFO] - [ROUND 7]
[2025-01-07 21:34:24,349][flwr][INFO] - configure_fit: strategy sampled 2 clients (out of 10)
[2025-01-07 21:34:31,466][flwr][INFO] - aggregate_fit: received 2 results and 0 failures
[2025-01-07 21:34:32,813][flwr][INFO] - fit progress: (7, 4.350054088452907, {'accuracy': 0.9854}, 65.82755881799676)
[2025-01-07 21:34:32,814][flwr][INFO] - configure_evaluate: strategy sampled 2 clients (out of 10)
[2025-01-07 21:34:33,237][flwr][INFO] - aggregate_evaluate: received 2 results and 0 failures
[2025-01-07 21:34:33,237][flwr][INFO] - 
[2025-01-07 21:34:33,237][flwr][INFO] - [ROUND 8]
[2025-01-07 21:34:33,237][flwr][INFO] - configure_fit: strategy sampled 2 clients (out of 10)
[2025-01-07 21:34:40,505][flwr][INFO] - aggregate_fit: received 2 results and 0 failures
[2025-01-07 21:34:41,844][flwr][INFO] - fit progress: (8, 3.913652006635175, {'accuracy': 0.9871}, 74.8582384170004)
[2025-01-07 21:34:41,844][flwr][INFO] - configure_evaluate: strategy sampled 2 clients (out of 10)
[2025-01-07 21:34:42,236][flwr][INFO] - aggregate_evaluate: received 2 results and 0 failures
[2025-01-07 21:34:42,237][flwr][INFO] - 
[2025-01-07 21:34:42,237][flwr][INFO] - [ROUND 9]
[2025-01-07 21:34:42,237][flwr][INFO] - configure_fit: strategy sampled 2 clients (out of 10)
[2025-01-07 21:34:50,037][flwr][INFO] - aggregate_fit: received 2 results and 0 failures
[2025-01-07 21:34:51,782][flwr][INFO] - fit progress: (9, 3.7878120273526292, {'accuracy': 0.9877}, 84.79577790299663)
[2025-01-07 21:34:51,782][flwr][INFO] - configure_evaluate: strategy sampled 2 clients (out of 10)
[2025-01-07 21:34:52,175][flwr][INFO] - aggregate_evaluate: received 2 results and 0 failures
[2025-01-07 21:34:52,175][flwr][INFO] - 
[2025-01-07 21:34:52,175][flwr][INFO] - [ROUND 10]
[2025-01-07 21:34:52,175][flwr][INFO] - configure_fit: strategy sampled 2 clients (out of 10)
[2025-01-07 21:34:59,426][flwr][INFO] - aggregate_fit: received 2 results and 0 failures
[2025-01-07 21:35:00,882][flwr][INFO] - fit progress: (10, 3.592610604948419, {'accuracy': 0.9892}, 93.89598029999615)
[2025-01-07 21:35:00,882][flwr][INFO] - configure_evaluate: strategy sampled 2 clients (out of 10)
[2025-01-07 21:35:01,299][flwr][INFO] - aggregate_evaluate: received 2 results and 0 failures
[2025-01-07 21:35:01,299][flwr][INFO] - 
[2025-01-07 21:35:01,299][flwr][INFO] - [ROUND 11]
[2025-01-07 21:35:01,299][flwr][INFO] - configure_fit: strategy sampled 2 clients (out of 10)
[2025-01-07 21:35:08,448][flwr][INFO] - aggregate_fit: received 2 results and 0 failures
[2025-01-07 21:35:09,677][flwr][INFO] - fit progress: (11, 3.8293540573066593, {'accuracy': 0.9888}, 102.69154674799938)
[2025-01-07 21:35:09,678][flwr][INFO] - configure_evaluate: strategy sampled 2 clients (out of 10)
[2025-01-07 21:35:10,064][flwr][INFO] - aggregate_evaluate: received 2 results and 0 failures
[2025-01-07 21:35:10,065][flwr][INFO] - 
[2025-01-07 21:35:10,065][flwr][INFO] - [ROUND 12]
[2025-01-07 21:35:10,065][flwr][INFO] - configure_fit: strategy sampled 2 clients (out of 10)
[2025-01-07 21:35:17,047][flwr][INFO] - aggregate_fit: received 2 results and 0 failures
[2025-01-07 21:35:18,574][flwr][INFO] - fit progress: (12, 4.0332894643150325, {'accuracy': 0.988}, 111.58775399599836)
[2025-01-07 21:35:18,574][flwr][INFO] - configure_evaluate: strategy sampled 2 clients (out of 10)
[2025-01-07 21:35:18,946][flwr][INFO] - aggregate_evaluate: received 2 results and 0 failures
[2025-01-07 21:35:18,946][flwr][INFO] - 
[2025-01-07 21:35:18,946][flwr][INFO] - [ROUND 13]
[2025-01-07 21:35:18,946][flwr][INFO] - configure_fit: strategy sampled 2 clients (out of 10)
[2025-01-07 21:35:25,985][flwr][INFO] - aggregate_fit: received 2 results and 0 failures
[2025-01-07 21:35:27,416][flwr][INFO] - fit progress: (13, 3.8073714802008, {'accuracy': 0.9884}, 120.43049733699445)
[2025-01-07 21:35:27,417][flwr][INFO] - configure_evaluate: strategy sampled 2 clients (out of 10)
[2025-01-07 21:35:27,910][flwr][INFO] - aggregate_evaluate: received 2 results and 0 failures
[2025-01-07 21:35:27,910][flwr][INFO] - 
[2025-01-07 21:35:27,910][flwr][INFO] - [ROUND 14]
[2025-01-07 21:35:27,910][flwr][INFO] - configure_fit: strategy sampled 2 clients (out of 10)
[2025-01-07 21:35:35,213][flwr][INFO] - aggregate_fit: received 2 results and 0 failures
[2025-01-07 21:35:36,586][flwr][INFO] - fit progress: (14, 3.792467091059585, {'accuracy': 0.9894}, 129.5996499939938)
[2025-01-07 21:35:36,586][flwr][INFO] - configure_evaluate: strategy sampled 2 clients (out of 10)
[2025-01-07 21:35:36,986][flwr][INFO] - aggregate_evaluate: received 2 results and 0 failures
[2025-01-07 21:35:36,986][flwr][INFO] - 
[2025-01-07 21:35:36,986][flwr][INFO] - [ROUND 15]
[2025-01-07 21:35:36,987][flwr][INFO] - configure_fit: strategy sampled 2 clients (out of 10)
[2025-01-07 21:35:44,503][flwr][INFO] - aggregate_fit: received 2 results and 0 failures
[2025-01-07 21:35:45,936][flwr][INFO] - fit progress: (15, 3.993326440208847, {'accuracy': 0.9892}, 138.94963678299973)
[2025-01-07 21:35:45,936][flwr][INFO] - configure_evaluate: strategy sampled 2 clients (out of 10)
[2025-01-07 21:35:46,367][flwr][INFO] - aggregate_evaluate: received 2 results and 0 failures
[2025-01-07 21:35:46,367][flwr][INFO] - 
[2025-01-07 21:35:46,368][flwr][INFO] - [SUMMARY]
[2025-01-07 21:35:46,368][flwr][INFO] - Run finished 15 round(s) in 139.38s
[2025-01-07 21:35:46,368][flwr][INFO] - 	History (loss, distributed):
[2025-01-07 21:35:46,368][flwr][INFO] - 		round 1: 4.969308548141271
[2025-01-07 21:35:46,368][flwr][INFO] - 		round 2: 4.008973290277936
[2025-01-07 21:35:46,369][flwr][INFO] - 		round 3: 2.520668993327945
[2025-01-07 21:35:46,369][flwr][INFO] - 		round 4: 3.197405795468171
[2025-01-07 21:35:46,369][flwr][INFO] - 		round 5: 2.0067523718134908
[2025-01-07 21:35:46,369][flwr][INFO] - 		round 6: 1.8515516044985816
[2025-01-07 21:35:46,369][flwr][INFO] - 		round 7: 1.7109460051153746
[2025-01-07 21:35:46,369][flwr][INFO] - 		round 8: 3.772732471596669
[2025-01-07 21:35:46,369][flwr][INFO] - 		round 9: 2.4075362774145788
[2025-01-07 21:35:46,369][flwr][INFO] - 		round 10: 2.846635067417619
[2025-01-07 21:35:46,369][flwr][INFO] - 		round 11: 3.4157468475742405
[2025-01-07 21:35:46,370][flwr][INFO] - 		round 12: 1.6688016634706684
[2025-01-07 21:35:46,370][flwr][INFO] - 		round 13: 3.043450431281599
[2025-01-07 21:35:46,370][flwr][INFO] - 		round 14: 2.5210881763182296
[2025-01-07 21:35:46,370][flwr][INFO] - 		round 15: 2.5245100295562573
[2025-01-07 21:35:46,370][flwr][INFO] - 	History (loss, centralized):
[2025-01-07 21:35:46,370][flwr][INFO] - 		round 0: 181.83677911758423
[2025-01-07 21:35:46,370][flwr][INFO] - 		round 1: 8.445506712887436
[2025-01-07 21:35:46,370][flwr][INFO] - 		round 2: 5.622072308149654
[2025-01-07 21:35:46,370][flwr][INFO] - 		round 3: 5.122615631389635
[2025-01-07 21:35:46,371][flwr][INFO] - 		round 4: 4.836641778960711
[2025-01-07 21:35:46,371][flwr][INFO] - 		round 5: 4.119027163451392
[2025-01-07 21:35:46,371][flwr][INFO] - 		round 6: 4.29699331543452
[2025-01-07 21:35:46,371][flwr][INFO] - 		round 7: 4.350054088452907
[2025-01-07 21:35:46,371][flwr][INFO] - 		round 8: 3.913652006635175
[2025-01-07 21:35:46,371][flwr][INFO] - 		round 9: 3.7878120273526292
[2025-01-07 21:35:46,371][flwr][INFO] - 		round 10: 3.592610604948419
[2025-01-07 21:35:46,371][flwr][INFO] - 		round 11: 3.8293540573066593
[2025-01-07 21:35:46,371][flwr][INFO] - 		round 12: 4.0332894643150325
[2025-01-07 21:35:46,371][flwr][INFO] - 		round 13: 3.8073714802008
[2025-01-07 21:35:46,371][flwr][INFO] - 		round 14: 3.792467091059585
[2025-01-07 21:35:46,371][flwr][INFO] - 		round 15: 3.993326440208847
[2025-01-07 21:35:46,372][flwr][INFO] - 	History (metrics, centralized):
[2025-01-07 21:35:46,372][flwr][INFO] - 	{'accuracy': [(0, 0.099),
[2025-01-07 21:35:46,372][flwr][INFO] - 	              (1, 0.9692),
[2025-01-07 21:35:46,372][flwr][INFO] - 	              (2, 0.9788),
[2025-01-07 21:35:46,372][flwr][INFO] - 	              (3, 0.9836),
[2025-01-07 21:35:46,372][flwr][INFO] - 	              (4, 0.9837),
[2025-01-07 21:35:46,372][flwr][INFO] - 	              (5, 0.9852),
[2025-01-07 21:35:46,372][flwr][INFO] - 	              (6, 0.986),
[2025-01-07 21:35:46,372][flwr][INFO] - 	              (7, 0.9854),
[2025-01-07 21:35:46,372][flwr][INFO] - 	              (8, 0.9871),
[2025-01-07 21:35:46,372][flwr][INFO] - 	              (9, 0.9877),
[2025-01-07 21:35:46,372][flwr][INFO] - 	              (10, 0.9892),
[2025-01-07 21:35:46,372][flwr][INFO] - 	              (11, 0.9888),
[2025-01-07 21:35:46,372][flwr][INFO] - 	              (12, 0.988),
[2025-01-07 21:35:46,372][flwr][INFO] - 	              (13, 0.9884),
[2025-01-07 21:35:46,372][flwr][INFO] - 	              (14, 0.9894),
[2025-01-07 21:35:46,372][flwr][INFO] - 	              (15, 0.9892)]}
[2025-01-07 21:35:46,372][flwr][INFO] - 
