[2025-01-07 13:42:23,534][flwr][INFO] - Starting Flower simulation, config: num_rounds=5, no round_timeout
[2025-01-07 13:42:27,066][flwr][INFO] - Flower VCE: Ray initialized with resources: {'memory': 6395582055.0, 'object_store_memory': 3197791027.0, 'node:192.168.1.11': 1.0, 'CPU': 12.0, 'node:__internal_head__': 1.0}
[2025-01-07 13:42:27,066][flwr][INFO] - Optimize your simulation with Flower VCE: https://flower.ai/docs/framework/how-to-run-simulations.html
[2025-01-07 13:42:27,066][flwr][INFO] - Flower VCE: Resources for each Virtual Client: {'num_cpus': 2, 'num_gpus': 0}
[2025-01-07 13:42:27,075][flwr][INFO] - Flower VCE: Creating VirtualClientEngineActorPool with 6 actors
[2025-01-07 13:42:27,076][flwr][INFO] - [INIT]
[2025-01-07 13:42:27,076][flwr][INFO] - Requesting initial parameters from one random client
[2025-01-07 13:42:29,713][flwr][INFO] - Received initial parameters from one random client
[2025-01-07 13:42:29,714][flwr][INFO] - Starting evaluation of initial global parameters
[2025-01-07 13:42:31,110][flwr][INFO] - initial parameters (loss, other metrics): 181.39295411109924, {'accuracy': 0.1236}
[2025-01-07 13:42:31,111][flwr][INFO] - 
[2025-01-07 13:42:31,111][flwr][INFO] - [ROUND 1]
[2025-01-07 13:42:31,111][flwr][INFO] - configure_fit: strategy sampled 2 clients (out of 5)
[2025-01-07 13:42:49,007][flwr][INFO] - aggregate_fit: received 2 results and 0 failures
[2025-01-07 13:42:49,011][flwr][WARNING] - No fit_metrics_aggregation_fn provided
[2025-01-07 13:42:50,778][flwr][INFO] - fit progress: (1, 4.6937787460919935, {'accuracy': 0.9815}, 19.667683667998062)
[2025-01-07 13:42:50,779][flwr][INFO] - configure_evaluate: strategy sampled 5 clients (out of 5)
[2025-01-07 13:42:54,833][flwr][INFO] - aggregate_evaluate: received 5 results and 0 failures
[2025-01-07 13:42:54,834][flwr][WARNING] - No evaluate_metrics_aggregation_fn provided
[2025-01-07 13:42:54,834][flwr][INFO] - 
[2025-01-07 13:42:54,834][flwr][INFO] - [ROUND 2]
[2025-01-07 13:42:54,834][flwr][INFO] - configure_fit: strategy sampled 2 clients (out of 5)
[2025-01-07 13:43:11,000][flwr][INFO] - aggregate_fit: received 2 results and 0 failures
[2025-01-07 13:43:12,384][flwr][INFO] - fit progress: (2, 3.883430886140104, {'accuracy': 0.9858}, 41.27376098699824)
[2025-01-07 13:43:12,385][flwr][INFO] - configure_evaluate: strategy sampled 5 clients (out of 5)
[2025-01-07 13:43:13,349][flwr][INFO] - aggregate_evaluate: received 5 results and 0 failures
[2025-01-07 13:43:13,349][flwr][INFO] - 
[2025-01-07 13:43:13,349][flwr][INFO] - [ROUND 3]
[2025-01-07 13:43:13,350][flwr][INFO] - configure_fit: strategy sampled 2 clients (out of 5)
[2025-01-07 13:43:29,934][flwr][INFO] - aggregate_fit: received 2 results and 0 failures
[2025-01-07 13:43:31,960][flwr][INFO] - fit progress: (3, 3.594591283819682, {'accuracy': 0.9883}, 60.84914070299783)
[2025-01-07 13:43:31,960][flwr][INFO] - configure_evaluate: strategy sampled 5 clients (out of 5)
[2025-01-07 13:43:33,029][flwr][INFO] - aggregate_evaluate: received 5 results and 0 failures
[2025-01-07 13:43:33,029][flwr][INFO] - 
[2025-01-07 13:43:33,029][flwr][INFO] - [ROUND 4]
[2025-01-07 13:43:33,030][flwr][INFO] - configure_fit: strategy sampled 2 clients (out of 5)
[2025-01-07 13:43:49,318][flwr][INFO] - aggregate_fit: received 2 results and 0 failures
[2025-01-07 13:43:50,643][flwr][INFO] - fit progress: (4, 3.523539624543929, {'accuracy': 0.9892}, 79.53276066599938)
[2025-01-07 13:43:50,644][flwr][INFO] - configure_evaluate: strategy sampled 5 clients (out of 5)
[2025-01-07 13:43:51,612][flwr][INFO] - aggregate_evaluate: received 5 results and 0 failures
[2025-01-07 13:43:51,612][flwr][INFO] - 
[2025-01-07 13:43:51,612][flwr][INFO] - [ROUND 5]
[2025-01-07 13:43:51,613][flwr][INFO] - configure_fit: strategy sampled 2 clients (out of 5)
[2025-01-07 13:44:07,255][flwr][INFO] - aggregate_fit: received 2 results and 0 failures
[2025-01-07 13:44:09,185][flwr][INFO] - fit progress: (5, 3.1850751955606427, {'accuracy': 0.9893}, 98.07379331799893)
[2025-01-07 13:44:09,185][flwr][INFO] - configure_evaluate: strategy sampled 5 clients (out of 5)
[2025-01-07 13:44:10,139][flwr][INFO] - aggregate_evaluate: received 5 results and 0 failures
[2025-01-07 13:44:10,140][flwr][INFO] - 
[2025-01-07 13:44:10,140][flwr][INFO] - [SUMMARY]
[2025-01-07 13:44:10,140][flwr][INFO] - Run finished 5 round(s) in 99.03s
[2025-01-07 13:44:10,140][flwr][INFO] - 	History (loss, distributed):
[2025-01-07 13:44:10,141][flwr][INFO] - 		round 1: 2.7444604999094735
[2025-01-07 13:44:10,141][flwr][INFO] - 		round 2: 2.2715335939530634
[2025-01-07 13:44:10,141][flwr][INFO] - 		round 3: 2.135008543783988
[2025-01-07 13:44:10,141][flwr][INFO] - 		round 4: 2.1381418691681686
[2025-01-07 13:44:10,141][flwr][INFO] - 		round 5: 2.0767345210267196
[2025-01-07 13:44:10,141][flwr][INFO] - 	History (loss, centralized):
[2025-01-07 13:44:10,141][flwr][INFO] - 		round 0: 181.39295411109924
[2025-01-07 13:44:10,142][flwr][INFO] - 		round 1: 4.6937787460919935
[2025-01-07 13:44:10,142][flwr][INFO] - 		round 2: 3.883430886140104
[2025-01-07 13:44:10,142][flwr][INFO] - 		round 3: 3.594591283819682
[2025-01-07 13:44:10,142][flwr][INFO] - 		round 4: 3.523539624543929
[2025-01-07 13:44:10,142][flwr][INFO] - 		round 5: 3.1850751955606427
[2025-01-07 13:44:10,142][flwr][INFO] - 	History (metrics, centralized):
[2025-01-07 13:44:10,142][flwr][INFO] - 	{'accuracy': [(0, 0.1236),
[2025-01-07 13:44:10,142][flwr][INFO] - 	              (1, 0.9815),
[2025-01-07 13:44:10,143][flwr][INFO] - 	              (2, 0.9858),
[2025-01-07 13:44:10,143][flwr][INFO] - 	              (3, 0.9883),
[2025-01-07 13:44:10,143][flwr][INFO] - 	              (4, 0.9892),
[2025-01-07 13:44:10,143][flwr][INFO] - 	              (5, 0.9893)]}
[2025-01-07 13:44:10,143][flwr][INFO] - 
