[2025-01-07 18:26:00,129][flwr][INFO] - Starting Flower simulation, config: num_rounds=10, no round_timeout
[2025-01-07 18:26:03,641][flwr][INFO] - Flower VCE: Ray initialized with resources: {'node:__internal_head__': 1.0, 'CPU': 12.0, 'node:192.168.1.11': 1.0, 'memory': 6299492352.0, 'object_store_memory': 3149746176.0}
[2025-01-07 18:26:03,642][flwr][INFO] - Optimize your simulation with Flower VCE: https://flower.ai/docs/framework/how-to-run-simulations.html
[2025-01-07 18:26:03,642][flwr][INFO] - Flower VCE: Resources for each Virtual Client: {'num_cpus': 2, 'num_gpus': 0}
[2025-01-07 18:26:03,647][flwr][INFO] - Flower VCE: Creating VirtualClientEngineActorPool with 6 actors
[2025-01-07 18:26:03,648][flwr][INFO] - [INIT]
[2025-01-07 18:26:03,649][flwr][INFO] - Requesting initial parameters from one random client
[2025-01-07 18:26:06,347][flwr][INFO] - Received initial parameters from one random client
[2025-01-07 18:26:06,347][flwr][INFO] - Starting evaluation of initial global parameters
[2025-01-07 18:26:07,801][flwr][INFO] - initial parameters (loss, other metrics): 182.33052802085876, {'accuracy': 0.1032}
[2025-01-07 18:26:07,801][flwr][INFO] - 
[2025-01-07 18:26:07,801][flwr][INFO] - [ROUND 1]
[2025-01-07 18:26:07,802][flwr][INFO] - configure_fit: strategy sampled 2 clients (out of 20)
[2025-01-07 18:26:12,716][flwr][INFO] - aggregate_fit: received 2 results and 0 failures
[2025-01-07 18:26:12,722][flwr][WARNING] - No fit_metrics_aggregation_fn provided
[2025-01-07 18:26:14,468][flwr][INFO] - fit progress: (1, 45.919646829366684, {'accuracy': 0.8629}, 6.666694746003486)
[2025-01-07 18:26:14,468][flwr][INFO] - configure_evaluate: strategy sampled 2 clients (out of 20)
[2025-01-07 18:26:14,819][flwr][INFO] - aggregate_evaluate: received 2 results and 0 failures
[2025-01-07 18:26:14,820][flwr][WARNING] - No evaluate_metrics_aggregation_fn provided
[2025-01-07 18:26:14,820][flwr][INFO] - 
[2025-01-07 18:26:14,820][flwr][INFO] - [ROUND 2]
[2025-01-07 18:26:14,820][flwr][INFO] - configure_fit: strategy sampled 2 clients (out of 20)
[2025-01-07 18:26:17,648][flwr][INFO] - aggregate_fit: received 2 results and 0 failures
[2025-01-07 18:26:19,016][flwr][INFO] - fit progress: (2, 12.148477757815272, {'accuracy': 0.9602}, 11.214812899997924)
[2025-01-07 18:26:19,016][flwr][INFO] - configure_evaluate: strategy sampled 2 clients (out of 20)
[2025-01-07 18:26:19,358][flwr][INFO] - aggregate_evaluate: received 2 results and 0 failures
[2025-01-07 18:26:19,358][flwr][INFO] - 
[2025-01-07 18:26:19,358][flwr][INFO] - [ROUND 3]
[2025-01-07 18:26:19,358][flwr][INFO] - configure_fit: strategy sampled 2 clients (out of 20)
[2025-01-07 18:26:22,084][flwr][INFO] - aggregate_fit: received 2 results and 0 failures
[2025-01-07 18:26:23,870][flwr][INFO] - fit progress: (3, 18.004013065248728, {'accuracy': 0.9412}, 16.069105472997762)
[2025-01-07 18:26:23,871][flwr][INFO] - configure_evaluate: strategy sampled 2 clients (out of 20)
[2025-01-07 18:26:24,146][flwr][INFO] - aggregate_evaluate: received 2 results and 0 failures
[2025-01-07 18:26:24,147][flwr][INFO] - 
[2025-01-07 18:26:24,147][flwr][INFO] - [ROUND 4]
[2025-01-07 18:26:24,147][flwr][INFO] - configure_fit: strategy sampled 2 clients (out of 20)
[2025-01-07 18:26:26,824][flwr][INFO] - aggregate_fit: received 2 results and 0 failures
[2025-01-07 18:26:28,623][flwr][INFO] - fit progress: (4, 11.277207610371988, {'accuracy': 0.9675}, 20.821520131998113)
[2025-01-07 18:26:28,623][flwr][INFO] - configure_evaluate: strategy sampled 2 clients (out of 20)
[2025-01-07 18:26:28,916][flwr][INFO] - aggregate_evaluate: received 2 results and 0 failures
[2025-01-07 18:26:28,916][flwr][INFO] - 
[2025-01-07 18:26:28,916][flwr][INFO] - [ROUND 5]
[2025-01-07 18:26:28,917][flwr][INFO] - configure_fit: strategy sampled 2 clients (out of 20)
[2025-01-07 18:26:31,558][flwr][INFO] - aggregate_fit: received 2 results and 0 failures
[2025-01-07 18:26:32,940][flwr][INFO] - fit progress: (5, 8.748389113330632, {'accuracy': 0.972}, 25.13883291900129)
[2025-01-07 18:26:32,940][flwr][INFO] - configure_evaluate: strategy sampled 2 clients (out of 20)
[2025-01-07 18:26:33,265][flwr][INFO] - aggregate_evaluate: received 2 results and 0 failures
[2025-01-07 18:26:33,265][flwr][INFO] - 
[2025-01-07 18:26:33,265][flwr][INFO] - [ROUND 6]
[2025-01-07 18:26:33,265][flwr][INFO] - configure_fit: strategy sampled 2 clients (out of 20)
[2025-01-07 18:26:36,076][flwr][INFO] - aggregate_fit: received 2 results and 0 failures
[2025-01-07 18:26:37,561][flwr][INFO] - fit progress: (6, 11.324174860259518, {'accuracy': 0.9662}, 29.75930522300041)
[2025-01-07 18:26:37,561][flwr][INFO] - configure_evaluate: strategy sampled 2 clients (out of 20)
[2025-01-07 18:26:37,876][flwr][INFO] - aggregate_evaluate: received 2 results and 0 failures
[2025-01-07 18:26:37,876][flwr][INFO] - 
[2025-01-07 18:26:37,876][flwr][INFO] - [ROUND 7]
[2025-01-07 18:26:37,876][flwr][INFO] - configure_fit: strategy sampled 2 clients (out of 20)
[2025-01-07 18:26:40,572][flwr][INFO] - aggregate_fit: received 2 results and 0 failures
[2025-01-07 18:26:42,147][flwr][INFO] - fit progress: (7, 28.553323209285736, {'accuracy': 0.8898}, 34.34549679599877)
[2025-01-07 18:26:42,147][flwr][INFO] - configure_evaluate: strategy sampled 2 clients (out of 20)
[2025-01-07 18:26:42,473][flwr][INFO] - aggregate_evaluate: received 2 results and 0 failures
[2025-01-07 18:26:42,474][flwr][INFO] - 
[2025-01-07 18:26:42,474][flwr][INFO] - [ROUND 8]
[2025-01-07 18:26:42,474][flwr][INFO] - configure_fit: strategy sampled 2 clients (out of 20)
[2025-01-07 18:26:45,389][flwr][INFO] - aggregate_fit: received 2 results and 0 failures
[2025-01-07 18:26:46,668][flwr][INFO] - fit progress: (8, 9.720075236589764, {'accuracy': 0.9706}, 38.86638436800422)
[2025-01-07 18:26:46,668][flwr][INFO] - configure_evaluate: strategy sampled 2 clients (out of 20)
[2025-01-07 18:26:47,002][flwr][INFO] - aggregate_evaluate: received 2 results and 0 failures
[2025-01-07 18:26:47,003][flwr][INFO] - 
[2025-01-07 18:26:47,003][flwr][INFO] - [ROUND 9]
[2025-01-07 18:26:47,003][flwr][INFO] - configure_fit: strategy sampled 2 clients (out of 20)
[2025-01-07 18:26:49,988][flwr][INFO] - aggregate_fit: received 2 results and 0 failures
[2025-01-07 18:26:51,699][flwr][INFO] - fit progress: (9, 182.60253047943115, {'accuracy': 0.0974}, 43.897838433003926)
[2025-01-07 18:26:51,699][flwr][INFO] - configure_evaluate: strategy sampled 2 clients (out of 20)
[2025-01-07 18:26:52,004][flwr][INFO] - aggregate_evaluate: received 2 results and 0 failures
[2025-01-07 18:26:52,004][flwr][INFO] - 
[2025-01-07 18:26:52,004][flwr][INFO] - [ROUND 10]
[2025-01-07 18:26:52,005][flwr][INFO] - configure_fit: strategy sampled 2 clients (out of 20)
[2025-01-07 18:26:54,697][flwr][INFO] - aggregate_fit: received 2 results and 0 failures
[2025-01-07 18:26:56,121][flwr][INFO] - fit progress: (10, 167.73715567588806, {'accuracy': 0.1996}, 48.31967059599992)
[2025-01-07 18:26:56,121][flwr][INFO] - configure_evaluate: strategy sampled 2 clients (out of 20)
[2025-01-07 18:26:56,413][flwr][INFO] - aggregate_evaluate: received 2 results and 0 failures
[2025-01-07 18:26:56,414][flwr][INFO] - 
[2025-01-07 18:26:56,414][flwr][INFO] - [SUMMARY]
[2025-01-07 18:26:56,414][flwr][INFO] - Run finished 10 round(s) in 48.61s
[2025-01-07 18:26:56,414][flwr][INFO] - 	History (loss, distributed):
[2025-01-07 18:26:56,414][flwr][INFO] - 		round 1: 5.859605938196182
[2025-01-07 18:26:56,414][flwr][INFO] - 		round 2: 1.4894511443562806
[2025-01-07 18:26:56,415][flwr][INFO] - 		round 3: 2.1955570968566462
[2025-01-07 18:26:56,415][flwr][INFO] - 		round 4: 1.3486767162685283
[2025-01-07 18:26:56,415][flwr][INFO] - 		round 5: 0.8389064684160985
[2025-01-07 18:26:56,415][flwr][INFO] - 		round 6: 1.1800136984420533
[2025-01-07 18:26:56,415][flwr][INFO] - 		round 7: 3.168926464859396
[2025-01-07 18:26:56,415][flwr][INFO] - 		round 8: 2.0042673405259848
[2025-01-07 18:26:56,415][flwr][INFO] - 		round 9: 23.333961486816406
[2025-01-07 18:26:56,415][flwr][INFO] - 		round 10: 20.91496366262436
[2025-01-07 18:26:56,415][flwr][INFO] - 	History (loss, centralized):
[2025-01-07 18:26:56,415][flwr][INFO] - 		round 0: 182.33052802085876
[2025-01-07 18:26:56,415][flwr][INFO] - 		round 1: 45.919646829366684
[2025-01-07 18:26:56,415][flwr][INFO] - 		round 2: 12.148477757815272
[2025-01-07 18:26:56,415][flwr][INFO] - 		round 3: 18.004013065248728
[2025-01-07 18:26:56,415][flwr][INFO] - 		round 4: 11.277207610371988
[2025-01-07 18:26:56,415][flwr][INFO] - 		round 5: 8.748389113330632
[2025-01-07 18:26:56,415][flwr][INFO] - 		round 6: 11.324174860259518
[2025-01-07 18:26:56,415][flwr][INFO] - 		round 7: 28.553323209285736
[2025-01-07 18:26:56,415][flwr][INFO] - 		round 8: 9.720075236589764
[2025-01-07 18:26:56,415][flwr][INFO] - 		round 9: 182.60253047943115
[2025-01-07 18:26:56,415][flwr][INFO] - 		round 10: 167.73715567588806
[2025-01-07 18:26:56,415][flwr][INFO] - 	History (metrics, centralized):
[2025-01-07 18:26:56,415][flwr][INFO] - 	{'accuracy': [(0, 0.1032),
[2025-01-07 18:26:56,415][flwr][INFO] - 	              (1, 0.8629),
[2025-01-07 18:26:56,415][flwr][INFO] - 	              (2, 0.9602),
[2025-01-07 18:26:56,415][flwr][INFO] - 	              (3, 0.9412),
[2025-01-07 18:26:56,415][flwr][INFO] - 	              (4, 0.9675),
[2025-01-07 18:26:56,415][flwr][INFO] - 	              (5, 0.972),
[2025-01-07 18:26:56,415][flwr][INFO] - 	              (6, 0.9662),
[2025-01-07 18:26:56,416][flwr][INFO] - 	              (7, 0.8898),
[2025-01-07 18:26:56,416][flwr][INFO] - 	              (8, 0.9706),
[2025-01-07 18:26:56,416][flwr][INFO] - 	              (9, 0.0974),
[2025-01-07 18:26:56,416][flwr][INFO] - 	              (10, 0.1996)]}
[2025-01-07 18:26:56,416][flwr][INFO] - 
