[2024-12-31 15:29:08,218][flwr][INFO] - Starting Flower simulation, config: num_rounds=10, no round_timeout
[2024-12-31 15:29:11,823][flwr][INFO] - Flower VCE: Ray initialized with resources: {'memory': 5744726016.0, 'object_store_memory': 2872363008.0, 'node:__internal_head__': 1.0, 'CPU': 12.0, 'node:192.168.1.11': 1.0}
[2024-12-31 15:29:11,823][flwr][INFO] - Optimize your simulation with Flower VCE: https://flower.ai/docs/framework/how-to-run-simulations.html
[2024-12-31 15:29:11,823][flwr][INFO] - Flower VCE: Resources for each Virtual Client: {'num_cpus': 2, 'num_gpus': 0}
[2024-12-31 15:29:11,835][flwr][INFO] - Flower VCE: Creating VirtualClientEngineActorPool with 6 actors
[2024-12-31 15:29:11,835][flwr][INFO] - [INIT]
[2024-12-31 15:29:11,835][flwr][INFO] - Using initial global parameters provided by strategy
[2024-12-31 15:29:11,835][flwr][INFO] - Starting evaluation of initial global parameters
[2024-12-31 15:29:15,309][flwr][INFO] - initial parameters (loss, other metrics): 182.18712663650513, {'accuracy': 0.1344}
[2024-12-31 15:29:15,309][flwr][INFO] - 
[2024-12-31 15:29:15,309][flwr][INFO] - [ROUND 1]
[2024-12-31 15:29:15,310][flwr][INFO] - configure_fit: strategy sampled 2 clients (out of 10)
[2024-12-31 15:29:27,857][flwr][INFO] - aggregate_fit: received 2 results and 0 failures
[2024-12-31 15:29:27,864][flwr][WARNING] - No fit_metrics_aggregation_fn provided
[2024-12-31 15:29:29,757][flwr][INFO] - fit progress: (1, 181.94042134284973, {'accuracy': 0.1135}, 14.447946385997056)
[2024-12-31 15:29:29,757][flwr][INFO] - configure_evaluate: strategy sampled 2 clients (out of 10)
[2024-12-31 15:29:30,236][flwr][INFO] - aggregate_evaluate: received 2 results and 0 failures
[2024-12-31 15:29:30,237][flwr][WARNING] - No evaluate_metrics_aggregation_fn provided
[2024-12-31 15:29:30,237][flwr][INFO] - 
[2024-12-31 15:29:30,237][flwr][INFO] - [ROUND 2]
[2024-12-31 15:29:30,237][flwr][INFO] - configure_fit: strategy sampled 2 clients (out of 10)
[2024-12-31 15:29:40,067][flwr][INFO] - aggregate_fit: received 2 results and 0 failures
[2024-12-31 15:29:41,835][flwr][INFO] - fit progress: (2, 182.19826889038086, {'accuracy': 0.1009}, 26.52610802900017)
[2024-12-31 15:29:41,836][flwr][INFO] - configure_evaluate: strategy sampled 2 clients (out of 10)
[2024-12-31 15:29:42,229][flwr][INFO] - aggregate_evaluate: received 2 results and 0 failures
[2024-12-31 15:29:42,229][flwr][INFO] - 
[2024-12-31 15:29:42,229][flwr][INFO] - [ROUND 3]
[2024-12-31 15:29:42,229][flwr][INFO] - configure_fit: strategy sampled 2 clients (out of 10)
[2024-12-31 15:29:51,267][flwr][INFO] - aggregate_fit: received 2 results and 0 failures
[2024-12-31 15:29:54,211][flwr][INFO] - fit progress: (3, 181.90819025039673, {'accuracy': 0.1135}, 38.90188560899696)
[2024-12-31 15:29:54,211][flwr][INFO] - configure_evaluate: strategy sampled 2 clients (out of 10)
[2024-12-31 15:29:54,684][flwr][INFO] - aggregate_evaluate: received 2 results and 0 failures
[2024-12-31 15:29:54,684][flwr][INFO] - 
[2024-12-31 15:29:54,684][flwr][INFO] - [ROUND 4]
[2024-12-31 15:29:54,684][flwr][INFO] - configure_fit: strategy sampled 2 clients (out of 10)
[2024-12-31 15:30:04,172][flwr][INFO] - aggregate_fit: received 2 results and 0 failures
[2024-12-31 15:30:05,964][flwr][INFO] - fit progress: (4, 182.44152855873108, {'accuracy': 0.098}, 50.65501906099962)
[2024-12-31 15:30:05,965][flwr][INFO] - configure_evaluate: strategy sampled 2 clients (out of 10)
[2024-12-31 15:30:06,364][flwr][INFO] - aggregate_evaluate: received 2 results and 0 failures
[2024-12-31 15:30:06,364][flwr][INFO] - 
[2024-12-31 15:30:06,364][flwr][INFO] - [ROUND 5]
[2024-12-31 15:30:06,364][flwr][INFO] - configure_fit: strategy sampled 2 clients (out of 10)
[2024-12-31 15:30:15,570][flwr][INFO] - aggregate_fit: received 2 results and 0 failures
[2024-12-31 15:30:17,482][flwr][INFO] - fit progress: (5, 182.06539678573608, {'accuracy': 0.1028}, 62.173256501999276)
[2024-12-31 15:30:17,483][flwr][INFO] - configure_evaluate: strategy sampled 2 clients (out of 10)
[2024-12-31 15:30:17,816][flwr][INFO] - aggregate_evaluate: received 2 results and 0 failures
[2024-12-31 15:30:17,816][flwr][INFO] - 
[2024-12-31 15:30:17,816][flwr][INFO] - [ROUND 6]
[2024-12-31 15:30:17,816][flwr][INFO] - configure_fit: strategy sampled 2 clients (out of 10)
[2024-12-31 15:30:26,294][flwr][INFO] - aggregate_fit: received 2 results and 0 failures
[2024-12-31 15:30:27,637][flwr][INFO] - fit progress: (6, 182.03564047813416, {'accuracy': 0.1135}, 72.32790492200002)
[2024-12-31 15:30:27,637][flwr][INFO] - configure_evaluate: strategy sampled 2 clients (out of 10)
[2024-12-31 15:30:28,042][flwr][INFO] - aggregate_evaluate: received 2 results and 0 failures
[2024-12-31 15:30:28,042][flwr][INFO] - 
[2024-12-31 15:30:28,042][flwr][INFO] - [ROUND 7]
[2024-12-31 15:30:28,042][flwr][INFO] - configure_fit: strategy sampled 2 clients (out of 10)
[2024-12-31 15:30:36,846][flwr][INFO] - aggregate_fit: received 2 results and 0 failures
[2024-12-31 15:30:38,491][flwr][INFO] - fit progress: (7, 181.9640190601349, {'accuracy': 0.1135}, 83.18219399500231)
[2024-12-31 15:30:38,492][flwr][INFO] - configure_evaluate: strategy sampled 2 clients (out of 10)
[2024-12-31 15:30:38,904][flwr][INFO] - aggregate_evaluate: received 2 results and 0 failures
[2024-12-31 15:30:38,904][flwr][INFO] - 
[2024-12-31 15:30:38,904][flwr][INFO] - [ROUND 8]
[2024-12-31 15:30:38,905][flwr][INFO] - configure_fit: strategy sampled 2 clients (out of 10)
[2024-12-31 15:30:48,084][flwr][INFO] - aggregate_fit: received 2 results and 0 failures
[2024-12-31 15:30:49,345][flwr][INFO] - fit progress: (8, 182.18080854415894, {'accuracy': 0.1135}, 94.03613105200202)
[2024-12-31 15:30:49,346][flwr][INFO] - configure_evaluate: strategy sampled 2 clients (out of 10)
[2024-12-31 15:30:49,746][flwr][INFO] - aggregate_evaluate: received 2 results and 0 failures
[2024-12-31 15:30:49,746][flwr][INFO] - 
[2024-12-31 15:30:49,746][flwr][INFO] - [ROUND 9]
[2024-12-31 15:30:49,746][flwr][INFO] - configure_fit: strategy sampled 2 clients (out of 10)
[2024-12-31 15:30:58,384][flwr][INFO] - aggregate_fit: received 2 results and 0 failures
[2024-12-31 15:31:00,057][flwr][INFO] - fit progress: (9, 182.02231884002686, {'accuracy': 0.0974}, 104.74776181799825)
[2024-12-31 15:31:00,057][flwr][INFO] - configure_evaluate: strategy sampled 2 clients (out of 10)
[2024-12-31 15:31:00,402][flwr][INFO] - aggregate_evaluate: received 2 results and 0 failures
[2024-12-31 15:31:00,402][flwr][INFO] - 
[2024-12-31 15:31:00,402][flwr][INFO] - [ROUND 10]
[2024-12-31 15:31:00,402][flwr][INFO] - configure_fit: strategy sampled 2 clients (out of 10)
[2024-12-31 15:31:10,053][flwr][INFO] - aggregate_fit: received 2 results and 0 failures
[2024-12-31 15:31:12,247][flwr][INFO] - fit progress: (10, 182.13435196876526, {'accuracy': 0.1135}, 116.93754296399857)
[2024-12-31 15:31:12,247][flwr][INFO] - configure_evaluate: strategy sampled 2 clients (out of 10)
[2024-12-31 15:31:12,795][flwr][INFO] - aggregate_evaluate: received 2 results and 0 failures
[2024-12-31 15:31:12,795][flwr][INFO] - 
[2024-12-31 15:31:12,796][flwr][INFO] - [SUMMARY]
[2024-12-31 15:31:12,796][flwr][INFO] - Run finished 10 round(s) in 117.49s
[2024-12-31 15:31:12,796][flwr][INFO] - 	History (loss, distributed):
[2024-12-31 15:31:12,796][flwr][INFO] - 		round 1: 43.801427721977234
[2024-12-31 15:31:12,796][flwr][INFO] - 		round 2: 43.8552280664444
[2024-12-31 15:31:12,796][flwr][INFO] - 		round 3: 43.821192502975464
[2024-12-31 15:31:12,796][flwr][INFO] - 		round 4: 43.82309329509735
[2024-12-31 15:31:12,796][flwr][INFO] - 		round 5: 43.818565011024475
[2024-12-31 15:31:12,796][flwr][INFO] - 		round 6: 43.77646863460541
[2024-12-31 15:31:12,796][flwr][INFO] - 		round 7: 43.83799767494202
[2024-12-31 15:31:12,796][flwr][INFO] - 		round 8: 43.79410636425018
[2024-12-31 15:31:12,797][flwr][INFO] - 		round 9: 43.74722480773926
[2024-12-31 15:31:12,797][flwr][INFO] - 		round 10: 43.742796421051025
[2024-12-31 15:31:12,797][flwr][INFO] - 	History (loss, centralized):
[2024-12-31 15:31:12,797][flwr][INFO] - 		round 0: 182.18712663650513
[2024-12-31 15:31:12,797][flwr][INFO] - 		round 1: 181.94042134284973
[2024-12-31 15:31:12,797][flwr][INFO] - 		round 2: 182.19826889038086
[2024-12-31 15:31:12,797][flwr][INFO] - 		round 3: 181.90819025039673
[2024-12-31 15:31:12,797][flwr][INFO] - 		round 4: 182.44152855873108
[2024-12-31 15:31:12,797][flwr][INFO] - 		round 5: 182.06539678573608
[2024-12-31 15:31:12,797][flwr][INFO] - 		round 6: 182.03564047813416
[2024-12-31 15:31:12,797][flwr][INFO] - 		round 7: 181.9640190601349
[2024-12-31 15:31:12,797][flwr][INFO] - 		round 8: 182.18080854415894
[2024-12-31 15:31:12,797][flwr][INFO] - 		round 9: 182.02231884002686
[2024-12-31 15:31:12,797][flwr][INFO] - 		round 10: 182.13435196876526
[2024-12-31 15:31:12,797][flwr][INFO] - 	History (metrics, centralized):
[2024-12-31 15:31:12,797][flwr][INFO] - 	{'accuracy': [(0, 0.1344),
[2024-12-31 15:31:12,797][flwr][INFO] - 	              (1, 0.1135),
[2024-12-31 15:31:12,798][flwr][INFO] - 	              (2, 0.1009),
[2024-12-31 15:31:12,798][flwr][INFO] - 	              (3, 0.1135),
[2024-12-31 15:31:12,798][flwr][INFO] - 	              (4, 0.098),
[2024-12-31 15:31:12,798][flwr][INFO] - 	              (5, 0.1028),
[2024-12-31 15:31:12,798][flwr][INFO] - 	              (6, 0.1135),
[2024-12-31 15:31:12,798][flwr][INFO] - 	              (7, 0.1135),
[2024-12-31 15:31:12,798][flwr][INFO] - 	              (8, 0.1135),
[2024-12-31 15:31:12,798][flwr][INFO] - 	              (9, 0.0974),
[2024-12-31 15:31:12,798][flwr][INFO] - 	              (10, 0.1135)]}
[2024-12-31 15:31:12,798][flwr][INFO] - 
