[2024-12-31 23:15:55,827][flwr][INFO] - Starting Flower simulation, config: num_rounds=10, no round_timeout
[2024-12-31 23:15:59,255][flwr][INFO] - Flower VCE: Ray initialized with resources: {'CPU': 12.0, 'node:192.168.1.11': 1.0, 'node:__internal_head__': 1.0, 'object_store_memory': 3245577830.0, 'memory': 6491155662.0}
[2024-12-31 23:15:59,255][flwr][INFO] - Optimize your simulation with Flower VCE: https://flower.ai/docs/framework/how-to-run-simulations.html
[2024-12-31 23:15:59,256][flwr][INFO] - Flower VCE: Resources for each Virtual Client: {'num_cpus': 2, 'num_gpus': 0}
[2024-12-31 23:15:59,263][flwr][INFO] - Flower VCE: Creating VirtualClientEngineActorPool with 6 actors
[2024-12-31 23:15:59,264][flwr][INFO] - [INIT]
[2024-12-31 23:15:59,264][flwr][INFO] - Using initial global parameters provided by strategy
[2024-12-31 23:15:59,264][flwr][INFO] - Starting evaluation of initial global parameters
[2024-12-31 23:16:02,086][flwr][INFO] - initial parameters (loss, other metrics): 182.25249934196472, {'accuracy': 0.0958}
[2024-12-31 23:16:02,086][flwr][INFO] - 
[2024-12-31 23:16:02,086][flwr][INFO] - [ROUND 1]
[2024-12-31 23:16:02,086][flwr][INFO] - configure_fit: strategy sampled 2 clients (out of 10)
[2024-12-31 23:16:09,815][flwr][INFO] - aggregate_fit: received 2 results and 0 failures
[2024-12-31 23:16:09,822][flwr][WARNING] - No fit_metrics_aggregation_fn provided
[2024-12-31 23:16:11,614][flwr][INFO] - fit progress: (1, 183.01183938980103, {'accuracy': 0.1135}, 9.527992053001071)
[2024-12-31 23:16:11,614][flwr][INFO] - configure_evaluate: strategy sampled 5 clients (out of 10)
[2024-12-31 23:16:15,623][flwr][INFO] - aggregate_evaluate: received 5 results and 0 failures
[2024-12-31 23:16:15,623][flwr][WARNING] - No evaluate_metrics_aggregation_fn provided
[2024-12-31 23:16:15,624][flwr][INFO] - 
[2024-12-31 23:16:15,624][flwr][INFO] - [ROUND 2]
[2024-12-31 23:16:15,624][flwr][INFO] - configure_fit: strategy sampled 2 clients (out of 10)
[2024-12-31 23:16:20,986][flwr][INFO] - aggregate_fit: received 2 results and 0 failures
[2024-12-31 23:16:23,189][flwr][INFO] - fit progress: (2, 182.35674834251404, {'accuracy': 0.1135}, 21.102524137997534)
[2024-12-31 23:16:23,189][flwr][INFO] - configure_evaluate: strategy sampled 5 clients (out of 10)
[2024-12-31 23:16:23,863][flwr][INFO] - aggregate_evaluate: received 5 results and 0 failures
[2024-12-31 23:16:23,863][flwr][INFO] - 
[2024-12-31 23:16:23,863][flwr][INFO] - [ROUND 3]
[2024-12-31 23:16:23,864][flwr][INFO] - configure_fit: strategy sampled 2 clients (out of 10)
[2024-12-31 23:16:29,808][flwr][INFO] - aggregate_fit: received 2 results and 0 failures
[2024-12-31 23:16:32,193][flwr][INFO] - fit progress: (3, 183.1004605293274, {'accuracy': 0.0958}, 30.107258825002646)
[2024-12-31 23:16:32,194][flwr][INFO] - configure_evaluate: strategy sampled 5 clients (out of 10)
[2024-12-31 23:16:32,925][flwr][INFO] - aggregate_evaluate: received 5 results and 0 failures
[2024-12-31 23:16:32,925][flwr][INFO] - 
[2024-12-31 23:16:32,925][flwr][INFO] - [ROUND 4]
[2024-12-31 23:16:32,926][flwr][INFO] - configure_fit: strategy sampled 2 clients (out of 10)
[2024-12-31 23:16:38,953][flwr][INFO] - aggregate_fit: received 2 results and 0 failures
[2024-12-31 23:16:40,991][flwr][INFO] - fit progress: (4, 184.17818140983582, {'accuracy': 0.0892}, 38.904644918002305)
[2024-12-31 23:16:40,991][flwr][INFO] - configure_evaluate: strategy sampled 5 clients (out of 10)
[2024-12-31 23:16:41,729][flwr][INFO] - aggregate_evaluate: received 5 results and 0 failures
[2024-12-31 23:16:41,729][flwr][INFO] - 
[2024-12-31 23:16:41,729][flwr][INFO] - [ROUND 5]
[2024-12-31 23:16:41,730][flwr][INFO] - configure_fit: strategy sampled 2 clients (out of 10)
[2024-12-31 23:16:47,496][flwr][INFO] - aggregate_fit: received 2 results and 0 failures
[2024-12-31 23:16:49,116][flwr][INFO] - fit progress: (5, 182.59006142616272, {'accuracy': 0.1028}, 47.02971127699857)
[2024-12-31 23:16:49,116][flwr][INFO] - configure_evaluate: strategy sampled 5 clients (out of 10)
[2024-12-31 23:16:49,903][flwr][INFO] - aggregate_evaluate: received 5 results and 0 failures
[2024-12-31 23:16:49,903][flwr][INFO] - 
[2024-12-31 23:16:49,903][flwr][INFO] - [ROUND 6]
[2024-12-31 23:16:49,903][flwr][INFO] - configure_fit: strategy sampled 2 clients (out of 10)
[2024-12-31 23:16:55,662][flwr][INFO] - aggregate_fit: received 2 results and 0 failures
[2024-12-31 23:16:57,532][flwr][INFO] - fit progress: (6, 182.54014039039612, {'accuracy': 0.0982}, 55.44551561399567)
[2024-12-31 23:16:57,532][flwr][INFO] - configure_evaluate: strategy sampled 5 clients (out of 10)
[2024-12-31 23:16:58,381][flwr][INFO] - aggregate_evaluate: received 5 results and 0 failures
[2024-12-31 23:16:58,381][flwr][INFO] - 
[2024-12-31 23:16:58,381][flwr][INFO] - [ROUND 7]
[2024-12-31 23:16:58,381][flwr][INFO] - configure_fit: strategy sampled 2 clients (out of 10)
[2024-12-31 23:17:04,120][flwr][INFO] - aggregate_fit: received 2 results and 0 failures
[2024-12-31 23:17:06,525][flwr][INFO] - fit progress: (7, 182.93643021583557, {'accuracy': 0.098}, 64.43896551199578)
[2024-12-31 23:17:06,525][flwr][INFO] - configure_evaluate: strategy sampled 5 clients (out of 10)
[2024-12-31 23:17:07,213][flwr][INFO] - aggregate_evaluate: received 5 results and 0 failures
[2024-12-31 23:17:07,214][flwr][INFO] - 
[2024-12-31 23:17:07,214][flwr][INFO] - [ROUND 8]
[2024-12-31 23:17:07,214][flwr][INFO] - configure_fit: strategy sampled 2 clients (out of 10)
[2024-12-31 23:17:12,884][flwr][INFO] - aggregate_fit: received 2 results and 0 failures
[2024-12-31 23:17:14,607][flwr][INFO] - fit progress: (8, 183.13737177848816, {'accuracy': 0.1028}, 72.52075726899784)
[2024-12-31 23:17:14,607][flwr][INFO] - configure_evaluate: strategy sampled 5 clients (out of 10)
[2024-12-31 23:17:15,341][flwr][INFO] - aggregate_evaluate: received 5 results and 0 failures
[2024-12-31 23:17:15,341][flwr][INFO] - 
[2024-12-31 23:17:15,341][flwr][INFO] - [ROUND 9]
[2024-12-31 23:17:15,342][flwr][INFO] - configure_fit: strategy sampled 2 clients (out of 10)
[2024-12-31 23:17:21,013][flwr][INFO] - aggregate_fit: received 2 results and 0 failures
[2024-12-31 23:17:23,098][flwr][INFO] - fit progress: (9, 182.4612157344818, {'accuracy': 0.0982}, 81.01201488199877)
[2024-12-31 23:17:23,098][flwr][INFO] - configure_evaluate: strategy sampled 5 clients (out of 10)
[2024-12-31 23:17:23,820][flwr][INFO] - aggregate_evaluate: received 5 results and 0 failures
[2024-12-31 23:17:23,820][flwr][INFO] - 
[2024-12-31 23:17:23,820][flwr][INFO] - [ROUND 10]
[2024-12-31 23:17:23,821][flwr][INFO] - configure_fit: strategy sampled 2 clients (out of 10)
[2024-12-31 23:17:29,737][flwr][INFO] - aggregate_fit: received 2 results and 0 failures
[2024-12-31 23:17:31,778][flwr][INFO] - fit progress: (10, 182.39806938171387, {'accuracy': 0.1032}, 89.69210732699867)
[2024-12-31 23:17:31,778][flwr][INFO] - configure_evaluate: strategy sampled 5 clients (out of 10)
[2024-12-31 23:17:32,526][flwr][INFO] - aggregate_evaluate: received 5 results and 0 failures
[2024-12-31 23:17:32,526][flwr][INFO] - 
[2024-12-31 23:17:32,526][flwr][INFO] - [SUMMARY]
[2024-12-31 23:17:32,526][flwr][INFO] - Run finished 10 round(s) in 90.44s
[2024-12-31 23:17:32,526][flwr][INFO] - 	History (loss, distributed):
[2024-12-31 23:17:32,526][flwr][INFO] - 		round 1: 43.9351263999939
[2024-12-31 23:17:32,527][flwr][INFO] - 		round 2: 43.82378087043762
[2024-12-31 23:17:32,527][flwr][INFO] - 		round 3: 44.06721301078797
[2024-12-31 23:17:32,527][flwr][INFO] - 		round 4: 44.24185166358948
[2024-12-31 23:17:32,527][flwr][INFO] - 		round 5: 43.95988368988037
[2024-12-31 23:17:32,527][flwr][INFO] - 		round 6: 43.863851976394656
[2024-12-31 23:17:32,527][flwr][INFO] - 		round 7: 44.014348697662356
[2024-12-31 23:17:32,527][flwr][INFO] - 		round 8: 44.12908124923706
[2024-12-31 23:17:32,527][flwr][INFO] - 		round 9: 43.90735487937927
[2024-12-31 23:17:32,527][flwr][INFO] - 		round 10: 43.8941146850586
[2024-12-31 23:17:32,527][flwr][INFO] - 	History (loss, centralized):
[2024-12-31 23:17:32,527][flwr][INFO] - 		round 0: 182.25249934196472
[2024-12-31 23:17:32,527][flwr][INFO] - 		round 1: 183.01183938980103
[2024-12-31 23:17:32,527][flwr][INFO] - 		round 2: 182.35674834251404
[2024-12-31 23:17:32,527][flwr][INFO] - 		round 3: 183.1004605293274
[2024-12-31 23:17:32,527][flwr][INFO] - 		round 4: 184.17818140983582
[2024-12-31 23:17:32,527][flwr][INFO] - 		round 5: 182.59006142616272
[2024-12-31 23:17:32,527][flwr][INFO] - 		round 6: 182.54014039039612
[2024-12-31 23:17:32,527][flwr][INFO] - 		round 7: 182.93643021583557
[2024-12-31 23:17:32,527][flwr][INFO] - 		round 8: 183.13737177848816
[2024-12-31 23:17:32,528][flwr][INFO] - 		round 9: 182.4612157344818
[2024-12-31 23:17:32,528][flwr][INFO] - 		round 10: 182.39806938171387
[2024-12-31 23:17:32,528][flwr][INFO] - 	History (metrics, centralized):
[2024-12-31 23:17:32,528][flwr][INFO] - 	{'accuracy': [(0, 0.0958),
[2024-12-31 23:17:32,528][flwr][INFO] - 	              (1, 0.1135),
[2024-12-31 23:17:32,528][flwr][INFO] - 	              (2, 0.1135),
[2024-12-31 23:17:32,528][flwr][INFO] - 	              (3, 0.0958),
[2024-12-31 23:17:32,528][flwr][INFO] - 	              (4, 0.0892),
[2024-12-31 23:17:32,528][flwr][INFO] - 	              (5, 0.1028),
[2024-12-31 23:17:32,528][flwr][INFO] - 	              (6, 0.0982),
[2024-12-31 23:17:32,528][flwr][INFO] - 	              (7, 0.098),
[2024-12-31 23:17:32,528][flwr][INFO] - 	              (8, 0.1028),
[2024-12-31 23:17:32,528][flwr][INFO] - 	              (9, 0.0982),
[2024-12-31 23:17:32,528][flwr][INFO] - 	              (10, 0.1032)]}
[2024-12-31 23:17:32,528][flwr][INFO] - 
