[2024-12-31 23:11:10,828][flwr][INFO] - Starting Flower simulation, config: num_rounds=10, no round_timeout
[2024-12-31 23:11:14,471][flwr][INFO] - Flower VCE: Ray initialized with resources: {'node:__internal_head__': 1.0, 'object_store_memory': 3261233971.0, 'memory': 6522467943.0, 'CPU': 12.0, 'node:192.168.1.11': 1.0}
[2024-12-31 23:11:14,471][flwr][INFO] - Optimize your simulation with Flower VCE: https://flower.ai/docs/framework/how-to-run-simulations.html
[2024-12-31 23:11:14,471][flwr][INFO] - Flower VCE: Resources for each Virtual Client: {'num_cpus': 2, 'num_gpus': 0}
[2024-12-31 23:11:14,480][flwr][INFO] - Flower VCE: Creating VirtualClientEngineActorPool with 6 actors
[2024-12-31 23:11:14,480][flwr][INFO] - [INIT]
[2024-12-31 23:11:14,480][flwr][INFO] - Using initial global parameters provided by strategy
[2024-12-31 23:11:14,480][flwr][INFO] - Starting evaluation of initial global parameters
[2024-12-31 23:11:17,633][flwr][INFO] - initial parameters (loss, other metrics): 181.84361171722412, {'accuracy': 0.0958}
[2024-12-31 23:11:17,633][flwr][INFO] - 
[2024-12-31 23:11:17,633][flwr][INFO] - [ROUND 1]
[2024-12-31 23:11:17,633][flwr][INFO] - configure_fit: strategy sampled 2 clients (out of 10)
[2024-12-31 23:11:25,714][flwr][INFO] - aggregate_fit: received 2 results and 0 failures
[2024-12-31 23:11:25,722][flwr][WARNING] - No fit_metrics_aggregation_fn provided
[2024-12-31 23:11:27,752][flwr][INFO] - fit progress: (1, 3080153596.557678, {'accuracy': 0.1135}, 10.11916311999812)
[2024-12-31 23:11:27,753][flwr][INFO] - configure_evaluate: strategy sampled 2 clients (out of 10)
[2024-12-31 23:11:28,135][flwr][INFO] - aggregate_evaluate: received 2 results and 0 failures
[2024-12-31 23:11:28,135][flwr][WARNING] - No evaluate_metrics_aggregation_fn provided
[2024-12-31 23:11:28,136][flwr][INFO] - 
[2024-12-31 23:11:28,136][flwr][INFO] - [ROUND 2]
[2024-12-31 23:11:28,136][flwr][INFO] - configure_fit: strategy sampled 2 clients (out of 10)
[2024-12-31 23:11:33,864][flwr][INFO] - aggregate_fit: received 2 results and 0 failures
[2024-12-31 23:11:35,845][flwr][INFO] - fit progress: (2, 182.77761507034302, {'accuracy': 0.1028}, 18.21229215800122)
[2024-12-31 23:11:35,846][flwr][INFO] - configure_evaluate: strategy sampled 2 clients (out of 10)
[2024-12-31 23:11:36,221][flwr][INFO] - aggregate_evaluate: received 2 results and 0 failures
[2024-12-31 23:11:36,221][flwr][INFO] - 
[2024-12-31 23:11:36,221][flwr][INFO] - [ROUND 3]
[2024-12-31 23:11:36,222][flwr][INFO] - configure_fit: strategy sampled 2 clients (out of 10)
[2024-12-31 23:11:41,783][flwr][INFO] - aggregate_fit: received 2 results and 0 failures
[2024-12-31 23:11:44,043][flwr][INFO] - fit progress: (3, 183.21489262580872, {'accuracy': 0.098}, 26.409845287998905)
[2024-12-31 23:11:44,043][flwr][INFO] - configure_evaluate: strategy sampled 2 clients (out of 10)
[2024-12-31 23:11:44,411][flwr][INFO] - aggregate_evaluate: received 2 results and 0 failures
[2024-12-31 23:11:44,411][flwr][INFO] - 
[2024-12-31 23:11:44,411][flwr][INFO] - [ROUND 4]
[2024-12-31 23:11:44,411][flwr][INFO] - configure_fit: strategy sampled 2 clients (out of 10)
[2024-12-31 23:11:49,951][flwr][INFO] - aggregate_fit: received 2 results and 0 failures
[2024-12-31 23:11:51,744][flwr][INFO] - fit progress: (4, 183.73871898651123, {'accuracy': 0.0892}, 34.11061889499979)
[2024-12-31 23:11:51,744][flwr][INFO] - configure_evaluate: strategy sampled 2 clients (out of 10)
[2024-12-31 23:11:52,179][flwr][INFO] - aggregate_evaluate: received 2 results and 0 failures
[2024-12-31 23:11:52,179][flwr][INFO] - 
[2024-12-31 23:11:52,179][flwr][INFO] - [ROUND 5]
[2024-12-31 23:11:52,180][flwr][INFO] - configure_fit: strategy sampled 2 clients (out of 10)
[2024-12-31 23:11:57,769][flwr][INFO] - aggregate_fit: received 2 results and 0 failures
[2024-12-31 23:11:59,958][flwr][INFO] - fit progress: (5, 183.59475994110107, {'accuracy': 0.0974}, 42.32476325299649)
[2024-12-31 23:11:59,958][flwr][INFO] - configure_evaluate: strategy sampled 2 clients (out of 10)
[2024-12-31 23:12:00,331][flwr][INFO] - aggregate_evaluate: received 2 results and 0 failures
[2024-12-31 23:12:00,331][flwr][INFO] - 
[2024-12-31 23:12:00,332][flwr][INFO] - [ROUND 6]
[2024-12-31 23:12:00,332][flwr][INFO] - configure_fit: strategy sampled 2 clients (out of 10)
[2024-12-31 23:12:05,918][flwr][INFO] - aggregate_fit: received 2 results and 0 failures
[2024-12-31 23:12:07,693][flwr][INFO] - fit progress: (6, 183.68805480003357, {'accuracy': 0.1135}, 50.060147329000756)
[2024-12-31 23:12:07,694][flwr][INFO] - configure_evaluate: strategy sampled 2 clients (out of 10)
[2024-12-31 23:12:08,063][flwr][INFO] - aggregate_evaluate: received 2 results and 0 failures
[2024-12-31 23:12:08,064][flwr][INFO] - 
[2024-12-31 23:12:08,064][flwr][INFO] - [ROUND 7]
[2024-12-31 23:12:08,064][flwr][INFO] - configure_fit: strategy sampled 2 clients (out of 10)
[2024-12-31 23:12:13,728][flwr][INFO] - aggregate_fit: received 2 results and 0 failures
[2024-12-31 23:12:15,916][flwr][INFO] - fit progress: (7, 183.1775987148285, {'accuracy': 0.1009}, 58.28309286500007)
[2024-12-31 23:12:15,916][flwr][INFO] - configure_evaluate: strategy sampled 2 clients (out of 10)
[2024-12-31 23:12:16,297][flwr][INFO] - aggregate_evaluate: received 2 results and 0 failures
[2024-12-31 23:12:16,297][flwr][INFO] - 
[2024-12-31 23:12:16,297][flwr][INFO] - [ROUND 8]
[2024-12-31 23:12:16,297][flwr][INFO] - configure_fit: strategy sampled 2 clients (out of 10)
[2024-12-31 23:12:22,195][flwr][INFO] - aggregate_fit: received 2 results and 0 failures
[2024-12-31 23:12:23,767][flwr][INFO] - fit progress: (8, 183.72002243995667, {'accuracy': 0.1032}, 66.1336930739999)
[2024-12-31 23:12:23,767][flwr][INFO] - configure_evaluate: strategy sampled 2 clients (out of 10)
[2024-12-31 23:12:24,162][flwr][INFO] - aggregate_evaluate: received 2 results and 0 failures
[2024-12-31 23:12:24,162][flwr][INFO] - 
[2024-12-31 23:12:24,163][flwr][INFO] - [ROUND 9]
[2024-12-31 23:12:24,163][flwr][INFO] - configure_fit: strategy sampled 2 clients (out of 10)
[2024-12-31 23:12:30,098][flwr][INFO] - aggregate_fit: received 2 results and 0 failures
[2024-12-31 23:12:32,499][flwr][INFO] - fit progress: (9, 183.62172985076904, {'accuracy': 0.1135}, 74.86562967099599)
[2024-12-31 23:12:32,499][flwr][INFO] - configure_evaluate: strategy sampled 2 clients (out of 10)
[2024-12-31 23:12:32,846][flwr][INFO] - aggregate_evaluate: received 2 results and 0 failures
[2024-12-31 23:12:32,846][flwr][INFO] - 
[2024-12-31 23:12:32,846][flwr][INFO] - [ROUND 10]
[2024-12-31 23:12:32,846][flwr][INFO] - configure_fit: strategy sampled 2 clients (out of 10)
[2024-12-31 23:12:38,476][flwr][INFO] - aggregate_fit: received 2 results and 0 failures
[2024-12-31 23:12:40,371][flwr][INFO] - fit progress: (10, 182.10008144378662, {'accuracy': 0.1135}, 82.73753158799809)
[2024-12-31 23:12:40,371][flwr][INFO] - configure_evaluate: strategy sampled 2 clients (out of 10)
[2024-12-31 23:12:40,784][flwr][INFO] - aggregate_evaluate: received 2 results and 0 failures
[2024-12-31 23:12:40,785][flwr][INFO] - 
[2024-12-31 23:12:40,785][flwr][INFO] - [SUMMARY]
[2024-12-31 23:12:40,785][flwr][INFO] - Run finished 10 round(s) in 83.15s
[2024-12-31 23:12:40,785][flwr][INFO] - 	History (loss, distributed):
[2024-12-31 23:12:40,785][flwr][INFO] - 		round 1: 1496234926.1871033
[2024-12-31 23:12:40,785][flwr][INFO] - 		round 2: 43.884700298309326
[2024-12-31 23:12:40,785][flwr][INFO] - 		round 3: 43.932836294174194
[2024-12-31 23:12:40,785][flwr][INFO] - 		round 4: 44.058738589286804
[2024-12-31 23:12:40,786][flwr][INFO] - 		round 5: 43.884729743003845
[2024-12-31 23:12:40,786][flwr][INFO] - 		round 6: 43.89816188812256
[2024-12-31 23:12:40,786][flwr][INFO] - 		round 7: 44.012897968292236
[2024-12-31 23:12:40,786][flwr][INFO] - 		round 8: 44.40510666370392
[2024-12-31 23:12:40,786][flwr][INFO] - 		round 9: 44.058269739151
[2024-12-31 23:12:40,786][flwr][INFO] - 		round 10: 43.746957302093506
[2024-12-31 23:12:40,786][flwr][INFO] - 	History (loss, centralized):
[2024-12-31 23:12:40,786][flwr][INFO] - 		round 0: 181.84361171722412
[2024-12-31 23:12:40,786][flwr][INFO] - 		round 1: 3080153596.557678
[2024-12-31 23:12:40,786][flwr][INFO] - 		round 2: 182.77761507034302
[2024-12-31 23:12:40,786][flwr][INFO] - 		round 3: 183.21489262580872
[2024-12-31 23:12:40,786][flwr][INFO] - 		round 4: 183.73871898651123
[2024-12-31 23:12:40,786][flwr][INFO] - 		round 5: 183.59475994110107
[2024-12-31 23:12:40,786][flwr][INFO] - 		round 6: 183.68805480003357
[2024-12-31 23:12:40,786][flwr][INFO] - 		round 7: 183.1775987148285
[2024-12-31 23:12:40,786][flwr][INFO] - 		round 8: 183.72002243995667
[2024-12-31 23:12:40,786][flwr][INFO] - 		round 9: 183.62172985076904
[2024-12-31 23:12:40,786][flwr][INFO] - 		round 10: 182.10008144378662
[2024-12-31 23:12:40,786][flwr][INFO] - 	History (metrics, centralized):
[2024-12-31 23:12:40,786][flwr][INFO] - 	{'accuracy': [(0, 0.0958),
[2024-12-31 23:12:40,786][flwr][INFO] - 	              (1, 0.1135),
[2024-12-31 23:12:40,787][flwr][INFO] - 	              (2, 0.1028),
[2024-12-31 23:12:40,787][flwr][INFO] - 	              (3, 0.098),
[2024-12-31 23:12:40,787][flwr][INFO] - 	              (4, 0.0892),
[2024-12-31 23:12:40,787][flwr][INFO] - 	              (5, 0.0974),
[2024-12-31 23:12:40,787][flwr][INFO] - 	              (6, 0.1135),
[2024-12-31 23:12:40,787][flwr][INFO] - 	              (7, 0.1009),
[2024-12-31 23:12:40,787][flwr][INFO] - 	              (8, 0.1032),
[2024-12-31 23:12:40,787][flwr][INFO] - 	              (9, 0.1135),
[2024-12-31 23:12:40,787][flwr][INFO] - 	              (10, 0.1135)]}
[2024-12-31 23:12:40,787][flwr][INFO] - 
