[2025-01-07 14:12:16,289][flwr][INFO] - Starting Flower simulation, config: num_rounds=5, no round_timeout
[2025-01-07 14:12:19,601][flwr][INFO] - Flower VCE: Ray initialized with resources: {'node:192.168.1.11': 1.0, 'CPU': 12.0, 'node:__internal_head__': 1.0, 'memory': 6387953664.0, 'object_store_memory': 3193976832.0}
[2025-01-07 14:12:19,602][flwr][INFO] - Optimize your simulation with Flower VCE: https://flower.ai/docs/framework/how-to-run-simulations.html
[2025-01-07 14:12:19,602][flwr][INFO] - Flower VCE: Resources for each Virtual Client: {'num_cpus': 2, 'num_gpus': 0}
[2025-01-07 14:12:19,608][flwr][INFO] - Flower VCE: Creating VirtualClientEngineActorPool with 6 actors
[2025-01-07 14:12:19,608][flwr][INFO] - [INIT]
[2025-01-07 14:12:19,609][flwr][INFO] - Requesting initial parameters from one random client
[2025-01-07 14:12:22,332][flwr][INFO] - Received initial parameters from one random client
[2025-01-07 14:12:22,332][flwr][INFO] - Starting evaluation of initial global parameters
[2025-01-07 14:12:23,626][flwr][INFO] - initial parameters (loss, other metrics): 181.86979126930237, {'accuracy': 0.1008}
[2025-01-07 14:12:23,626][flwr][INFO] - 
[2025-01-07 14:12:23,626][flwr][INFO] - [ROUND 1]
[2025-01-07 14:12:23,627][flwr][INFO] - configure_fit: strategy sampled 2 clients (out of 10)
[2025-01-07 14:12:34,325][flwr][INFO] - aggregate_fit: received 2 results and 0 failures
[2025-01-07 14:12:34,329][flwr][WARNING] - No fit_metrics_aggregation_fn provided
[2025-01-07 14:12:35,672][flwr][INFO] - fit progress: (1, 7.4285166705958545, {'accuracy': 0.9689}, 12.04618942000161)
[2025-01-07 14:12:35,673][flwr][INFO] - configure_evaluate: strategy sampled 2 clients (out of 10)
[2025-01-07 14:12:36,076][flwr][INFO] - aggregate_evaluate: received 2 results and 0 failures
[2025-01-07 14:12:36,076][flwr][WARNING] - No evaluate_metrics_aggregation_fn provided
[2025-01-07 14:12:36,076][flwr][INFO] - 
[2025-01-07 14:12:36,076][flwr][INFO] - [ROUND 2]
[2025-01-07 14:12:36,077][flwr][INFO] - configure_fit: strategy sampled 2 clients (out of 10)
[2025-01-07 14:12:44,534][flwr][INFO] - aggregate_fit: received 2 results and 0 failures
[2025-01-07 14:12:45,826][flwr][INFO] - fit progress: (2, 5.375003093853593, {'accuracy': 0.9791}, 22.200342779000493)
[2025-01-07 14:12:45,827][flwr][INFO] - configure_evaluate: strategy sampled 2 clients (out of 10)
[2025-01-07 14:12:46,256][flwr][INFO] - aggregate_evaluate: received 2 results and 0 failures
[2025-01-07 14:12:46,257][flwr][INFO] - 
[2025-01-07 14:12:46,257][flwr][INFO] - [ROUND 3]
[2025-01-07 14:12:46,257][flwr][INFO] - configure_fit: strategy sampled 2 clients (out of 10)
[2025-01-07 14:12:54,640][flwr][INFO] - aggregate_fit: received 2 results and 0 failures
[2025-01-07 14:12:55,880][flwr][INFO] - fit progress: (3, 3.9769713327741556, {'accuracy': 0.9857}, 32.25409628399939)
[2025-01-07 14:12:55,881][flwr][INFO] - configure_evaluate: strategy sampled 2 clients (out of 10)
[2025-01-07 14:12:56,267][flwr][INFO] - aggregate_evaluate: received 2 results and 0 failures
[2025-01-07 14:12:56,268][flwr][INFO] - 
[2025-01-07 14:12:56,268][flwr][INFO] - [ROUND 4]
[2025-01-07 14:12:56,268][flwr][INFO] - configure_fit: strategy sampled 2 clients (out of 10)
[2025-01-07 14:13:04,543][flwr][INFO] - aggregate_fit: received 2 results and 0 failures
[2025-01-07 14:13:06,103][flwr][INFO] - fit progress: (4, 3.70579956040001, {'accuracy': 0.9876}, 42.476785604001634)
[2025-01-07 14:13:06,103][flwr][INFO] - configure_evaluate: strategy sampled 2 clients (out of 10)
[2025-01-07 14:13:06,475][flwr][INFO] - aggregate_evaluate: received 2 results and 0 failures
[2025-01-07 14:13:06,476][flwr][INFO] - 
[2025-01-07 14:13:06,476][flwr][INFO] - [ROUND 5]
[2025-01-07 14:13:06,476][flwr][INFO] - configure_fit: strategy sampled 2 clients (out of 10)
[2025-01-07 14:13:14,925][flwr][INFO] - aggregate_fit: received 2 results and 0 failures
[2025-01-07 14:13:16,351][flwr][INFO] - fit progress: (5, 4.161459681165752, {'accuracy': 0.9864}, 52.724802774002455)
[2025-01-07 14:13:16,351][flwr][INFO] - configure_evaluate: strategy sampled 2 clients (out of 10)
[2025-01-07 14:13:16,741][flwr][INFO] - aggregate_evaluate: received 2 results and 0 failures
[2025-01-07 14:13:16,741][flwr][INFO] - 
[2025-01-07 14:13:16,741][flwr][INFO] - [SUMMARY]
[2025-01-07 14:13:16,741][flwr][INFO] - Run finished 5 round(s) in 53.11s
[2025-01-07 14:13:16,742][flwr][INFO] - 	History (loss, distributed):
[2025-01-07 14:13:16,742][flwr][INFO] - 		round 1: 1.7094076280482113
[2025-01-07 14:13:16,742][flwr][INFO] - 		round 2: 1.8318480618181638
[2025-01-07 14:13:16,742][flwr][INFO] - 		round 3: 1.647269710083492
[2025-01-07 14:13:16,742][flwr][INFO] - 		round 4: 1.518572439027821
[2025-01-07 14:13:16,742][flwr][INFO] - 		round 5: 1.5182661532053316
[2025-01-07 14:13:16,742][flwr][INFO] - 	History (loss, centralized):
[2025-01-07 14:13:16,742][flwr][INFO] - 		round 0: 181.86979126930237
[2025-01-07 14:13:16,742][flwr][INFO] - 		round 1: 7.4285166705958545
[2025-01-07 14:13:16,743][flwr][INFO] - 		round 2: 5.375003093853593
[2025-01-07 14:13:16,743][flwr][INFO] - 		round 3: 3.9769713327741556
[2025-01-07 14:13:16,743][flwr][INFO] - 		round 4: 3.70579956040001
[2025-01-07 14:13:16,743][flwr][INFO] - 		round 5: 4.161459681165752
[2025-01-07 14:13:16,743][flwr][INFO] - 	History (metrics, centralized):
[2025-01-07 14:13:16,743][flwr][INFO] - 	{'accuracy': [(0, 0.1008),
[2025-01-07 14:13:16,743][flwr][INFO] - 	              (1, 0.9689),
[2025-01-07 14:13:16,743][flwr][INFO] - 	              (2, 0.9791),
[2025-01-07 14:13:16,743][flwr][INFO] - 	              (3, 0.9857),
[2025-01-07 14:13:16,744][flwr][INFO] - 	              (4, 0.9876),
[2025-01-07 14:13:16,744][flwr][INFO] - 	              (5, 0.9864)]}
[2025-01-07 14:13:16,744][flwr][INFO] - 
