[2024-12-31 15:13:01,995][flwr][INFO] - Starting Flower simulation, config: num_rounds=10, no round_timeout
[2024-12-31 15:13:05,919][flwr][INFO] - Flower VCE: Ray initialized with resources: {'node:__internal_head__': 1.0, 'memory': 5896713831.0, 'object_store_memory': 2948356915.0, 'CPU': 12.0, 'node:192.168.1.11': 1.0}
[2024-12-31 15:13:05,920][flwr][INFO] - Optimize your simulation with Flower VCE: https://flower.ai/docs/framework/how-to-run-simulations.html
[2024-12-31 15:13:05,920][flwr][INFO] - Flower VCE: Resources for each Virtual Client: {'num_cpus': 2, 'num_gpus': 0}
[2024-12-31 15:13:05,942][flwr][INFO] - Flower VCE: Creating VirtualClientEngineActorPool with 6 actors
[2024-12-31 15:13:05,943][flwr][INFO] - [INIT]
[2024-12-31 15:13:05,943][flwr][INFO] - Using initial global parameters provided by strategy
[2024-12-31 15:13:05,943][flwr][INFO] - Starting evaluation of initial global parameters
[2024-12-31 15:13:09,840][flwr][INFO] - initial parameters (loss, other metrics): 182.15477848052979, {'accuracy': 0.1008}
[2024-12-31 15:13:09,840][flwr][INFO] - 
[2024-12-31 15:13:09,840][flwr][INFO] - [ROUND 1]
[2024-12-31 15:13:09,840][flwr][INFO] - configure_fit: strategy sampled 2 clients (out of 10)
[2024-12-31 15:13:18,304][flwr][INFO] - aggregate_fit: received 2 results and 0 failures
[2024-12-31 15:13:18,310][flwr][WARNING] - No fit_metrics_aggregation_fn provided
[2024-12-31 15:13:20,238][flwr][INFO] - fit progress: (1, 184.0928761959076, {'accuracy': 0.15}, 10.39805210600025)
[2024-12-31 15:13:20,239][flwr][INFO] - configure_evaluate: strategy sampled 2 clients (out of 10)
[2024-12-31 15:13:20,620][flwr][INFO] - aggregate_evaluate: received 2 results and 0 failures
[2024-12-31 15:13:20,620][flwr][WARNING] - No evaluate_metrics_aggregation_fn provided
[2024-12-31 15:13:20,620][flwr][INFO] - 
[2024-12-31 15:13:20,621][flwr][INFO] - [ROUND 2]
[2024-12-31 15:13:20,621][flwr][INFO] - configure_fit: strategy sampled 2 clients (out of 10)
[2024-12-31 15:13:26,560][flwr][INFO] - aggregate_fit: received 2 results and 0 failures
[2024-12-31 15:13:28,767][flwr][INFO] - fit progress: (2, 90.36361014842987, {'accuracy': 0.7292}, 18.92717179299507)
[2024-12-31 15:13:28,768][flwr][INFO] - configure_evaluate: strategy sampled 2 clients (out of 10)
[2024-12-31 15:13:29,198][flwr][INFO] - aggregate_evaluate: received 2 results and 0 failures
[2024-12-31 15:13:29,199][flwr][INFO] - 
[2024-12-31 15:13:29,199][flwr][INFO] - [ROUND 3]
[2024-12-31 15:13:29,199][flwr][INFO] - configure_fit: strategy sampled 2 clients (out of 10)
[2024-12-31 15:13:34,944][flwr][INFO] - aggregate_fit: received 2 results and 0 failures
[2024-12-31 15:13:36,743][flwr][INFO] - fit progress: (3, 150.59766495227814, {'accuracy': 0.3527}, 26.903231878997758)
[2024-12-31 15:13:36,744][flwr][INFO] - configure_evaluate: strategy sampled 2 clients (out of 10)
[2024-12-31 15:13:37,123][flwr][INFO] - aggregate_evaluate: received 2 results and 0 failures
[2024-12-31 15:13:37,123][flwr][INFO] - 
[2024-12-31 15:13:37,123][flwr][INFO] - [ROUND 4]
[2024-12-31 15:13:37,123][flwr][INFO] - configure_fit: strategy sampled 2 clients (out of 10)
[2024-12-31 15:13:42,324][flwr][INFO] - aggregate_fit: received 2 results and 0 failures
[2024-12-31 15:13:43,931][flwr][INFO] - fit progress: (4, 87.14027863740921, {'accuracy': 0.6188}, 34.090531647001626)
[2024-12-31 15:13:43,931][flwr][INFO] - configure_evaluate: strategy sampled 2 clients (out of 10)
[2024-12-31 15:13:44,332][flwr][INFO] - aggregate_evaluate: received 2 results and 0 failures
[2024-12-31 15:13:44,332][flwr][INFO] - 
[2024-12-31 15:13:44,332][flwr][INFO] - [ROUND 5]
[2024-12-31 15:13:44,332][flwr][INFO] - configure_fit: strategy sampled 2 clients (out of 10)
[2024-12-31 15:13:49,687][flwr][INFO] - aggregate_fit: received 2 results and 0 failures
[2024-12-31 15:13:51,585][flwr][INFO] - fit progress: (5, 149.1045914888382, {'accuracy': 0.3273}, 41.74520570899767)
[2024-12-31 15:13:51,586][flwr][INFO] - configure_evaluate: strategy sampled 2 clients (out of 10)
[2024-12-31 15:13:51,943][flwr][INFO] - aggregate_evaluate: received 2 results and 0 failures
[2024-12-31 15:13:51,943][flwr][INFO] - 
[2024-12-31 15:13:51,943][flwr][INFO] - [ROUND 6]
[2024-12-31 15:13:51,943][flwr][INFO] - configure_fit: strategy sampled 2 clients (out of 10)
[2024-12-31 15:13:57,364][flwr][INFO] - aggregate_fit: received 2 results and 0 failures
[2024-12-31 15:13:58,916][flwr][INFO] - fit progress: (6, 161.07176458835602, {'accuracy': 0.2481}, 49.07602723699529)
[2024-12-31 15:13:58,916][flwr][INFO] - configure_evaluate: strategy sampled 2 clients (out of 10)
[2024-12-31 15:13:59,297][flwr][INFO] - aggregate_evaluate: received 2 results and 0 failures
[2024-12-31 15:13:59,297][flwr][INFO] - 
[2024-12-31 15:13:59,297][flwr][INFO] - [ROUND 7]
[2024-12-31 15:13:59,297][flwr][INFO] - configure_fit: strategy sampled 2 clients (out of 10)
[2024-12-31 15:14:04,060][flwr][INFO] - aggregate_fit: received 2 results and 0 failures
[2024-12-31 15:14:05,426][flwr][INFO] - fit progress: (7, 180.5112488269806, {'accuracy': 0.1822}, 55.58545211899764)
[2024-12-31 15:14:05,426][flwr][INFO] - configure_evaluate: strategy sampled 2 clients (out of 10)
[2024-12-31 15:14:05,802][flwr][INFO] - aggregate_evaluate: received 2 results and 0 failures
[2024-12-31 15:14:05,802][flwr][INFO] - 
[2024-12-31 15:14:05,802][flwr][INFO] - [ROUND 8]
[2024-12-31 15:14:05,803][flwr][INFO] - configure_fit: strategy sampled 2 clients (out of 10)
[2024-12-31 15:14:10,685][flwr][INFO] - aggregate_fit: received 2 results and 0 failures
[2024-12-31 15:14:12,568][flwr][INFO] - fit progress: (8, 176.71066427230835, {'accuracy': 0.1883}, 62.72742976399604)
[2024-12-31 15:14:12,568][flwr][INFO] - configure_evaluate: strategy sampled 2 clients (out of 10)
[2024-12-31 15:14:13,002][flwr][INFO] - aggregate_evaluate: received 2 results and 0 failures
[2024-12-31 15:14:13,002][flwr][INFO] - 
[2024-12-31 15:14:13,002][flwr][INFO] - [ROUND 9]
[2024-12-31 15:14:13,003][flwr][INFO] - configure_fit: strategy sampled 2 clients (out of 10)
[2024-12-31 15:14:18,477][flwr][INFO] - aggregate_fit: received 2 results and 0 failures
[2024-12-31 15:14:20,402][flwr][INFO] - fit progress: (9, 176.90936160087585, {'accuracy': 0.1604}, 70.5614583630013)
[2024-12-31 15:14:20,402][flwr][INFO] - configure_evaluate: strategy sampled 2 clients (out of 10)
[2024-12-31 15:14:20,738][flwr][INFO] - aggregate_evaluate: received 2 results and 0 failures
[2024-12-31 15:14:20,738][flwr][INFO] - 
[2024-12-31 15:14:20,738][flwr][INFO] - [ROUND 10]
[2024-12-31 15:14:20,738][flwr][INFO] - configure_fit: strategy sampled 2 clients (out of 10)
[2024-12-31 15:14:25,980][flwr][INFO] - aggregate_fit: received 2 results and 0 failures
[2024-12-31 15:14:28,400][flwr][INFO] - fit progress: (10, 170.87239456176758, {'accuracy': 0.1893}, 78.55988023599639)
[2024-12-31 15:14:28,401][flwr][INFO] - configure_evaluate: strategy sampled 2 clients (out of 10)
[2024-12-31 15:14:28,874][flwr][INFO] - aggregate_evaluate: received 2 results and 0 failures
[2024-12-31 15:14:28,875][flwr][INFO] - 
[2024-12-31 15:14:28,875][flwr][INFO] - [SUMMARY]
[2024-12-31 15:14:28,875][flwr][INFO] - Run finished 10 round(s) in 79.03s
[2024-12-31 15:14:28,876][flwr][INFO] - 	History (loss, distributed):
[2024-12-31 15:14:28,876][flwr][INFO] - 		round 1: 44.277334332466125
[2024-12-31 15:14:28,876][flwr][INFO] - 		round 2: 22.51121497154236
[2024-12-31 15:14:28,876][flwr][INFO] - 		round 3: 36.22948181629181
[2024-12-31 15:14:28,876][flwr][INFO] - 		round 4: 21.939461171627045
[2024-12-31 15:14:28,876][flwr][INFO] - 		round 5: 36.83496415615082
[2024-12-31 15:14:28,877][flwr][INFO] - 		round 6: 39.75364953279495
[2024-12-31 15:14:28,877][flwr][INFO] - 		round 7: 43.60427916049957
[2024-12-31 15:14:28,877][flwr][INFO] - 		round 8: 42.66914165019989
[2024-12-31 15:14:28,877][flwr][INFO] - 		round 9: 42.80557668209076
[2024-12-31 15:14:28,877][flwr][INFO] - 		round 10: 41.08619797229767
[2024-12-31 15:14:28,877][flwr][INFO] - 	History (loss, centralized):
[2024-12-31 15:14:28,877][flwr][INFO] - 		round 0: 182.15477848052979
[2024-12-31 15:14:28,878][flwr][INFO] - 		round 1: 184.0928761959076
[2024-12-31 15:14:28,878][flwr][INFO] - 		round 2: 90.36361014842987
[2024-12-31 15:14:28,878][flwr][INFO] - 		round 3: 150.59766495227814
[2024-12-31 15:14:28,878][flwr][INFO] - 		round 4: 87.14027863740921
[2024-12-31 15:14:28,878][flwr][INFO] - 		round 5: 149.1045914888382
[2024-12-31 15:14:28,878][flwr][INFO] - 		round 6: 161.07176458835602
[2024-12-31 15:14:28,878][flwr][INFO] - 		round 7: 180.5112488269806
[2024-12-31 15:14:28,879][flwr][INFO] - 		round 8: 176.71066427230835
[2024-12-31 15:14:28,879][flwr][INFO] - 		round 9: 176.90936160087585
[2024-12-31 15:14:28,879][flwr][INFO] - 		round 10: 170.87239456176758
[2024-12-31 15:14:28,879][flwr][INFO] - 	History (metrics, centralized):
[2024-12-31 15:14:28,879][flwr][INFO] - 	{'accuracy': [(0, 0.1008),
[2024-12-31 15:14:28,879][flwr][INFO] - 	              (1, 0.15),
[2024-12-31 15:14:28,879][flwr][INFO] - 	              (2, 0.7292),
[2024-12-31 15:14:28,879][flwr][INFO] - 	              (3, 0.3527),
[2024-12-31 15:14:28,879][flwr][INFO] - 	              (4, 0.6188),
[2024-12-31 15:14:28,880][flwr][INFO] - 	              (5, 0.3273),
[2024-12-31 15:14:28,880][flwr][INFO] - 	              (6, 0.2481),
[2024-12-31 15:14:28,880][flwr][INFO] - 	              (7, 0.1822),
[2024-12-31 15:14:28,880][flwr][INFO] - 	              (8, 0.1883),
[2024-12-31 15:14:28,880][flwr][INFO] - 	              (9, 0.1604),
[2024-12-31 15:14:28,880][flwr][INFO] - 	              (10, 0.1893)]}
[2024-12-31 15:14:28,880][flwr][INFO] - 
