[2025-01-08 10:09:41,616][flwr][INFO] - Starting Flower simulation, config: num_rounds=15, no round_timeout
[2025-01-08 10:09:45,186][flwr][INFO] - Flower VCE: Ray initialized with resources: {'object_store_memory': 2938226688.0, 'memory': 5876453376.0, 'node:__internal_head__': 1.0, 'CPU': 12.0, 'node:192.168.1.11': 1.0}
[2025-01-08 10:09:45,186][flwr][INFO] - Optimize your simulation with Flower VCE: https://flower.ai/docs/framework/how-to-run-simulations.html
[2025-01-08 10:09:45,186][flwr][INFO] - Flower VCE: Resources for each Virtual Client: {'num_cpus': 2, 'num_gpus': 0}
[2025-01-08 10:09:45,194][flwr][INFO] - Flower VCE: Creating VirtualClientEngineActorPool with 6 actors
[2025-01-08 10:09:45,195][flwr][INFO] - [INIT]
[2025-01-08 10:09:45,195][flwr][INFO] - Requesting initial parameters from one random client
[2025-01-08 10:09:47,459][flwr][INFO] - Received initial parameters from one random client
[2025-01-08 10:09:47,460][flwr][INFO] - Starting evaluation of initial global parameters
[2025-01-08 10:09:48,598][flwr][INFO] - initial parameters (loss, other metrics): 182.1274859905243, {'accuracy': 0.0944}
[2025-01-08 10:09:48,598][flwr][INFO] - 
[2025-01-08 10:09:48,598][flwr][INFO] - [ROUND 1]
[2025-01-08 10:09:48,598][flwr][INFO] - configure_fit: strategy sampled 2 clients (out of 20)
[2025-01-08 10:09:54,877][flwr][INFO] - aggregate_fit: received 2 results and 0 failures
[2025-01-08 10:09:54,885][flwr][WARNING] - No fit_metrics_aggregation_fn provided
[2025-01-08 10:09:57,604][flwr][INFO] - fit progress: (1, 12.50184777751565, {'accuracy': 0.9528}, 9.005659013993863)
[2025-01-08 10:09:57,604][flwr][INFO] - configure_evaluate: strategy sampled 3 clients (out of 20)
[2025-01-08 10:10:00,069][flwr][INFO] - aggregate_evaluate: received 3 results and 0 failures
[2025-01-08 10:10:00,069][flwr][WARNING] - No evaluate_metrics_aggregation_fn provided
[2025-01-08 10:10:00,069][flwr][INFO] - 
[2025-01-08 10:10:00,069][flwr][INFO] - [ROUND 2]
[2025-01-08 10:10:00,070][flwr][INFO] - configure_fit: strategy sampled 2 clients (out of 20)
[2025-01-08 10:10:03,726][flwr][INFO] - aggregate_fit: received 2 results and 0 failures
[2025-01-08 10:10:05,273][flwr][INFO] - fit progress: (2, 6.9765337851131335, {'accuracy': 0.9726}, 16.67462695199356)
[2025-01-08 10:10:05,273][flwr][INFO] - configure_evaluate: strategy sampled 3 clients (out of 20)
[2025-01-08 10:10:05,705][flwr][INFO] - aggregate_evaluate: received 3 results and 0 failures
[2025-01-08 10:10:05,706][flwr][INFO] - 
[2025-01-08 10:10:05,706][flwr][INFO] - [ROUND 3]
[2025-01-08 10:10:05,706][flwr][INFO] - configure_fit: strategy sampled 2 clients (out of 20)
[2025-01-08 10:10:09,595][flwr][INFO] - aggregate_fit: received 2 results and 0 failures
[2025-01-08 10:10:10,960][flwr][INFO] - fit progress: (3, 7.253236432909034, {'accuracy': 0.9712}, 22.36218192600063)
[2025-01-08 10:10:10,960][flwr][INFO] - configure_evaluate: strategy sampled 3 clients (out of 20)
[2025-01-08 10:10:11,377][flwr][INFO] - aggregate_evaluate: received 3 results and 0 failures
[2025-01-08 10:10:11,377][flwr][INFO] - 
[2025-01-08 10:10:11,377][flwr][INFO] - [ROUND 4]
[2025-01-08 10:10:11,377][flwr][INFO] - configure_fit: strategy sampled 2 clients (out of 20)
[2025-01-08 10:10:15,319][flwr][INFO] - aggregate_fit: received 2 results and 0 failures
[2025-01-08 10:10:17,116][flwr][INFO] - fit progress: (4, 5.034720928990282, {'accuracy': 0.9815}, 28.517668389999017)
[2025-01-08 10:10:17,116][flwr][INFO] - configure_evaluate: strategy sampled 3 clients (out of 20)
[2025-01-08 10:10:17,508][flwr][INFO] - aggregate_evaluate: received 3 results and 0 failures
[2025-01-08 10:10:17,508][flwr][INFO] - 
[2025-01-08 10:10:17,508][flwr][INFO] - [ROUND 5]
[2025-01-08 10:10:17,508][flwr][INFO] - configure_fit: strategy sampled 2 clients (out of 20)
[2025-01-08 10:10:21,277][flwr][INFO] - aggregate_fit: received 2 results and 0 failures
[2025-01-08 10:10:22,625][flwr][INFO] - fit progress: (5, 5.6223948322403885, {'accuracy': 0.9808}, 34.02702695399785)
[2025-01-08 10:10:22,625][flwr][INFO] - configure_evaluate: strategy sampled 3 clients (out of 20)
[2025-01-08 10:10:23,017][flwr][INFO] - aggregate_evaluate: received 3 results and 0 failures
[2025-01-08 10:10:23,017][flwr][INFO] - 
[2025-01-08 10:10:23,018][flwr][INFO] - [ROUND 6]
[2025-01-08 10:10:23,018][flwr][INFO] - configure_fit: strategy sampled 2 clients (out of 20)
[2025-01-08 10:10:26,844][flwr][INFO] - aggregate_fit: received 2 results and 0 failures
[2025-01-08 10:10:28,312][flwr][INFO] - fit progress: (6, 4.842588094943494, {'accuracy': 0.984}, 39.714059435995296)
[2025-01-08 10:10:28,312][flwr][INFO] - configure_evaluate: strategy sampled 3 clients (out of 20)
[2025-01-08 10:10:28,737][flwr][INFO] - aggregate_evaluate: received 3 results and 0 failures
[2025-01-08 10:10:28,738][flwr][INFO] - 
[2025-01-08 10:10:28,738][flwr][INFO] - [ROUND 7]
[2025-01-08 10:10:28,738][flwr][INFO] - configure_fit: strategy sampled 2 clients (out of 20)
[2025-01-08 10:10:32,455][flwr][INFO] - aggregate_fit: received 2 results and 0 failures
[2025-01-08 10:10:33,837][flwr][INFO] - fit progress: (7, 5.75099642018904, {'accuracy': 0.9797}, 45.2391739099985)
[2025-01-08 10:10:33,837][flwr][INFO] - configure_evaluate: strategy sampled 3 clients (out of 20)
[2025-01-08 10:10:34,235][flwr][INFO] - aggregate_evaluate: received 3 results and 0 failures
[2025-01-08 10:10:34,236][flwr][INFO] - 
[2025-01-08 10:10:34,236][flwr][INFO] - [ROUND 8]
[2025-01-08 10:10:34,236][flwr][INFO] - configure_fit: strategy sampled 2 clients (out of 20)
[2025-01-08 10:10:37,946][flwr][INFO] - aggregate_fit: received 2 results and 0 failures
[2025-01-08 10:10:39,183][flwr][INFO] - fit progress: (8, 4.382985019987245, {'accuracy': 0.9848}, 50.584818708994135)
[2025-01-08 10:10:39,183][flwr][INFO] - configure_evaluate: strategy sampled 3 clients (out of 20)
[2025-01-08 10:10:39,590][flwr][INFO] - aggregate_evaluate: received 3 results and 0 failures
[2025-01-08 10:10:39,590][flwr][INFO] - 
[2025-01-08 10:10:39,590][flwr][INFO] - [ROUND 9]
[2025-01-08 10:10:39,591][flwr][INFO] - configure_fit: strategy sampled 2 clients (out of 20)
[2025-01-08 10:10:43,224][flwr][INFO] - aggregate_fit: received 2 results and 0 failures
[2025-01-08 10:10:45,102][flwr][INFO] - fit progress: (9, 4.634127407947744, {'accuracy': 0.9842}, 56.504442608995305)
[2025-01-08 10:10:45,103][flwr][INFO] - configure_evaluate: strategy sampled 3 clients (out of 20)
[2025-01-08 10:10:45,471][flwr][INFO] - aggregate_evaluate: received 3 results and 0 failures
[2025-01-08 10:10:45,471][flwr][INFO] - 
[2025-01-08 10:10:45,472][flwr][INFO] - [ROUND 10]
[2025-01-08 10:10:45,472][flwr][INFO] - configure_fit: strategy sampled 2 clients (out of 20)
[2025-01-08 10:10:49,199][flwr][INFO] - aggregate_fit: received 2 results and 0 failures
[2025-01-08 10:10:50,540][flwr][INFO] - fit progress: (10, 3.636499797704346, {'accuracy': 0.9864}, 61.942536606999056)
[2025-01-08 10:10:50,541][flwr][INFO] - configure_evaluate: strategy sampled 3 clients (out of 20)
[2025-01-08 10:10:50,982][flwr][INFO] - aggregate_evaluate: received 3 results and 0 failures
[2025-01-08 10:10:50,982][flwr][INFO] - 
[2025-01-08 10:10:50,982][flwr][INFO] - [ROUND 11]
[2025-01-08 10:10:50,982][flwr][INFO] - configure_fit: strategy sampled 2 clients (out of 20)
[2025-01-08 10:10:54,650][flwr][INFO] - aggregate_fit: received 2 results and 0 failures
[2025-01-08 10:10:56,578][flwr][INFO] - fit progress: (11, 3.9055934321549444, {'accuracy': 0.9866}, 67.97970047999843)
[2025-01-08 10:10:56,578][flwr][INFO] - configure_evaluate: strategy sampled 3 clients (out of 20)
[2025-01-08 10:10:56,949][flwr][INFO] - aggregate_evaluate: received 3 results and 0 failures
[2025-01-08 10:10:56,949][flwr][INFO] - 
[2025-01-08 10:10:56,949][flwr][INFO] - [ROUND 12]
[2025-01-08 10:10:56,949][flwr][INFO] - configure_fit: strategy sampled 2 clients (out of 20)
[2025-01-08 10:11:00,503][flwr][INFO] - aggregate_fit: received 2 results and 0 failures
[2025-01-08 10:11:02,113][flwr][INFO] - fit progress: (12, 4.4241297751991056, {'accuracy': 0.9848}, 73.5146296709936)
[2025-01-08 10:11:02,113][flwr][INFO] - configure_evaluate: strategy sampled 3 clients (out of 20)
[2025-01-08 10:11:02,519][flwr][INFO] - aggregate_evaluate: received 3 results and 0 failures
[2025-01-08 10:11:02,519][flwr][INFO] - 
[2025-01-08 10:11:02,519][flwr][INFO] - [ROUND 13]
[2025-01-08 10:11:02,519][flwr][INFO] - configure_fit: strategy sampled 2 clients (out of 20)
[2025-01-08 10:11:06,464][flwr][INFO] - aggregate_fit: received 2 results and 0 failures
[2025-01-08 10:11:07,619][flwr][INFO] - fit progress: (13, 4.636154940095366, {'accuracy': 0.9835}, 79.02145315699454)
[2025-01-08 10:11:07,620][flwr][INFO] - configure_evaluate: strategy sampled 3 clients (out of 20)
[2025-01-08 10:11:08,041][flwr][INFO] - aggregate_evaluate: received 3 results and 0 failures
[2025-01-08 10:11:08,041][flwr][INFO] - 
[2025-01-08 10:11:08,041][flwr][INFO] - [ROUND 14]
[2025-01-08 10:11:08,042][flwr][INFO] - configure_fit: strategy sampled 2 clients (out of 20)
[2025-01-08 10:11:11,961][flwr][INFO] - aggregate_fit: received 2 results and 0 failures
[2025-01-08 10:11:14,560][flwr][INFO] - fit progress: (14, 4.249366877322245, {'accuracy': 0.9872}, 85.96203644699563)
[2025-01-08 10:11:14,560][flwr][INFO] - configure_evaluate: strategy sampled 3 clients (out of 20)
[2025-01-08 10:11:15,044][flwr][INFO] - aggregate_evaluate: received 3 results and 0 failures
[2025-01-08 10:11:15,045][flwr][INFO] - 
[2025-01-08 10:11:15,045][flwr][INFO] - [ROUND 15]
[2025-01-08 10:11:15,045][flwr][INFO] - configure_fit: strategy sampled 2 clients (out of 20)
[2025-01-08 10:11:19,603][flwr][INFO] - aggregate_fit: received 2 results and 0 failures
[2025-01-08 10:11:20,807][flwr][INFO] - fit progress: (15, 4.650381403656979, {'accuracy': 0.9855}, 92.20894433299691)
[2025-01-08 10:11:20,807][flwr][INFO] - configure_evaluate: strategy sampled 3 clients (out of 20)
[2025-01-08 10:11:21,207][flwr][INFO] - aggregate_evaluate: received 3 results and 0 failures
[2025-01-08 10:11:21,208][flwr][INFO] - 
[2025-01-08 10:11:21,208][flwr][INFO] - [SUMMARY]
[2025-01-08 10:11:21,208][flwr][INFO] - Run finished 15 round(s) in 92.61s
[2025-01-08 10:11:21,209][flwr][INFO] - 	History (loss, distributed):
[2025-01-08 10:11:21,209][flwr][INFO] - 		round 1: 3.1142730064069233
[2025-01-08 10:11:21,209][flwr][INFO] - 		round 2: 2.6010972863199036
[2025-01-08 10:11:21,209][flwr][INFO] - 		round 3: 1.8881020026553113
[2025-01-08 10:11:21,209][flwr][INFO] - 		round 4: 1.822154914715308
[2025-01-08 10:11:21,209][flwr][INFO] - 		round 5: 1.5673780606010344
[2025-01-08 10:11:21,209][flwr][INFO] - 		round 6: 1.7553900003742153
[2025-01-08 10:11:21,209][flwr][INFO] - 		round 7: 1.9125429900068411
[2025-01-08 10:11:21,210][flwr][INFO] - 		round 8: 1.8209536392896553
[2025-01-08 10:11:21,210][flwr][INFO] - 		round 9: 1.1481064412134099
[2025-01-08 10:11:21,210][flwr][INFO] - 		round 10: 0.5204395893276038
[2025-01-08 10:11:21,210][flwr][INFO] - 		round 11: 0.6138162392634475
[2025-01-08 10:11:21,210][flwr][INFO] - 		round 12: 1.2293895262089336
[2025-01-08 10:11:21,210][flwr][INFO] - 		round 13: 1.3052969214661232
[2025-01-08 10:11:21,210][flwr][INFO] - 		round 14: 1.238902630433169
[2025-01-08 10:11:21,210][flwr][INFO] - 		round 15: 1.2532194877528202
[2025-01-08 10:11:21,210][flwr][INFO] - 	History (loss, centralized):
[2025-01-08 10:11:21,211][flwr][INFO] - 		round 0: 182.1274859905243
[2025-01-08 10:11:21,211][flwr][INFO] - 		round 1: 12.50184777751565
[2025-01-08 10:11:21,211][flwr][INFO] - 		round 2: 6.9765337851131335
[2025-01-08 10:11:21,211][flwr][INFO] - 		round 3: 7.253236432909034
[2025-01-08 10:11:21,211][flwr][INFO] - 		round 4: 5.034720928990282
[2025-01-08 10:11:21,211][flwr][INFO] - 		round 5: 5.6223948322403885
[2025-01-08 10:11:21,211][flwr][INFO] - 		round 6: 4.842588094943494
[2025-01-08 10:11:21,211][flwr][INFO] - 		round 7: 5.75099642018904
[2025-01-08 10:11:21,211][flwr][INFO] - 		round 8: 4.382985019987245
[2025-01-08 10:11:21,212][flwr][INFO] - 		round 9: 4.634127407947744
[2025-01-08 10:11:21,212][flwr][INFO] - 		round 10: 3.636499797704346
[2025-01-08 10:11:21,212][flwr][INFO] - 		round 11: 3.9055934321549444
[2025-01-08 10:11:21,212][flwr][INFO] - 		round 12: 4.4241297751991056
[2025-01-08 10:11:21,212][flwr][INFO] - 		round 13: 4.636154940095366
[2025-01-08 10:11:21,212][flwr][INFO] - 		round 14: 4.249366877322245
[2025-01-08 10:11:21,212][flwr][INFO] - 		round 15: 4.650381403656979
[2025-01-08 10:11:21,212][flwr][INFO] - 	History (metrics, centralized):
[2025-01-08 10:11:21,213][flwr][INFO] - 	{'accuracy': [(0, 0.0944),
[2025-01-08 10:11:21,213][flwr][INFO] - 	              (1, 0.9528),
[2025-01-08 10:11:21,213][flwr][INFO] - 	              (2, 0.9726),
[2025-01-08 10:11:21,213][flwr][INFO] - 	              (3, 0.9712),
[2025-01-08 10:11:21,213][flwr][INFO] - 	              (4, 0.9815),
[2025-01-08 10:11:21,213][flwr][INFO] - 	              (5, 0.9808),
[2025-01-08 10:11:21,213][flwr][INFO] - 	              (6, 0.984),
[2025-01-08 10:11:21,213][flwr][INFO] - 	              (7, 0.9797),
[2025-01-08 10:11:21,213][flwr][INFO] - 	              (8, 0.9848),
[2025-01-08 10:11:21,214][flwr][INFO] - 	              (9, 0.9842),
[2025-01-08 10:11:21,214][flwr][INFO] - 	              (10, 0.9864),
[2025-01-08 10:11:21,214][flwr][INFO] - 	              (11, 0.9866),
[2025-01-08 10:11:21,214][flwr][INFO] - 	              (12, 0.9848),
[2025-01-08 10:11:21,214][flwr][INFO] - 	              (13, 0.9835),
[2025-01-08 10:11:21,214][flwr][INFO] - 	              (14, 0.9872),
[2025-01-08 10:11:21,214][flwr][INFO] - 	              (15, 0.9855)]}
[2025-01-08 10:11:21,214][flwr][INFO] - 
