[2025-01-07 22:00:04,781][flwr][INFO] - Starting Flower simulation, config: num_rounds=15, no round_timeout
[2025-01-07 22:00:08,466][flwr][INFO] - Flower VCE: Ray initialized with resources: {'CPU': 12.0, 'node:192.168.1.11': 1.0, 'node:__internal_head__': 1.0, 'memory': 6218482484.0, 'object_store_memory': 3109241241.0}
[2025-01-07 22:00:08,466][flwr][INFO] - Optimize your simulation with Flower VCE: https://flower.ai/docs/framework/how-to-run-simulations.html
[2025-01-07 22:00:08,466][flwr][INFO] - Flower VCE: Resources for each Virtual Client: {'num_cpus': 2, 'num_gpus': 0}
[2025-01-07 22:00:08,473][flwr][INFO] - Flower VCE: Creating VirtualClientEngineActorPool with 6 actors
[2025-01-07 22:00:08,473][flwr][INFO] - [INIT]
[2025-01-07 22:00:08,473][flwr][INFO] - Requesting initial parameters from one random client
[2025-01-07 22:00:11,007][flwr][INFO] - Received initial parameters from one random client
[2025-01-07 22:00:11,008][flwr][INFO] - Starting evaluation of initial global parameters
[2025-01-07 22:00:12,545][flwr][INFO] - initial parameters (loss, other metrics): 182.16730785369873, {'accuracy': 0.0961}
[2025-01-07 22:00:12,545][flwr][INFO] - 
[2025-01-07 22:00:12,545][flwr][INFO] - [ROUND 1]
[2025-01-07 22:00:12,546][flwr][INFO] - configure_fit: strategy sampled 2 clients (out of 10)
[2025-01-07 22:00:27,253][flwr][INFO] - aggregate_fit: received 2 results and 0 failures
[2025-01-07 22:00:27,257][flwr][WARNING] - No fit_metrics_aggregation_fn provided
[2025-01-07 22:00:28,836][flwr][INFO] - fit progress: (1, 182.44792318344116, {'accuracy': 0.0985}, 16.290983801998664)
[2025-01-07 22:00:28,837][flwr][INFO] - configure_evaluate: strategy sampled 3 clients (out of 10)
[2025-01-07 22:00:30,968][flwr][INFO] - aggregate_evaluate: received 3 results and 0 failures
[2025-01-07 22:00:30,969][flwr][WARNING] - No evaluate_metrics_aggregation_fn provided
[2025-01-07 22:00:30,969][flwr][INFO] - 
[2025-01-07 22:00:30,969][flwr][INFO] - [ROUND 2]
[2025-01-07 22:00:30,969][flwr][INFO] - configure_fit: strategy sampled 2 clients (out of 10)
[2025-01-07 22:00:42,584][flwr][INFO] - aggregate_fit: received 2 results and 0 failures
[2025-01-07 22:00:44,112][flwr][INFO] - fit progress: (2, 182.25565886497498, {'accuracy': 0.1028}, 31.567097475999617)
[2025-01-07 22:00:44,113][flwr][INFO] - configure_evaluate: strategy sampled 3 clients (out of 10)
[2025-01-07 22:00:44,636][flwr][INFO] - aggregate_evaluate: received 3 results and 0 failures
[2025-01-07 22:00:44,636][flwr][INFO] - 
[2025-01-07 22:00:44,636][flwr][INFO] - [ROUND 3]
[2025-01-07 22:00:44,637][flwr][INFO] - configure_fit: strategy sampled 2 clients (out of 10)
[2025-01-07 22:00:56,453][flwr][INFO] - aggregate_fit: received 2 results and 0 failures
[2025-01-07 22:00:57,893][flwr][INFO] - fit progress: (3, 182.090096950531, {'accuracy': 0.101}, 45.34812405100092)
[2025-01-07 22:00:57,894][flwr][INFO] - configure_evaluate: strategy sampled 3 clients (out of 10)
[2025-01-07 22:00:58,390][flwr][INFO] - aggregate_evaluate: received 3 results and 0 failures
[2025-01-07 22:00:58,390][flwr][INFO] - 
[2025-01-07 22:00:58,390][flwr][INFO] - [ROUND 4]
[2025-01-07 22:00:58,390][flwr][INFO] - configure_fit: strategy sampled 2 clients (out of 10)
[2025-01-07 22:01:09,993][flwr][INFO] - aggregate_fit: received 2 results and 0 failures
[2025-01-07 22:01:12,195][flwr][INFO] - fit progress: (4, 181.98812437057495, {'accuracy': 0.1135}, 59.64925561099517)
[2025-01-07 22:01:12,195][flwr][INFO] - configure_evaluate: strategy sampled 3 clients (out of 10)
[2025-01-07 22:01:12,633][flwr][INFO] - aggregate_evaluate: received 3 results and 0 failures
[2025-01-07 22:01:12,633][flwr][INFO] - 
[2025-01-07 22:01:12,633][flwr][INFO] - [ROUND 5]
[2025-01-07 22:01:12,634][flwr][INFO] - configure_fit: strategy sampled 2 clients (out of 10)
[2025-01-07 22:01:24,197][flwr][INFO] - aggregate_fit: received 2 results and 0 failures
[2025-01-07 22:01:25,464][flwr][INFO] - fit progress: (5, 182.0291028022766, {'accuracy': 0.1028}, 72.91908127100032)
[2025-01-07 22:01:25,465][flwr][INFO] - configure_evaluate: strategy sampled 3 clients (out of 10)
[2025-01-07 22:01:25,992][flwr][INFO] - aggregate_evaluate: received 3 results and 0 failures
[2025-01-07 22:01:25,992][flwr][INFO] - 
[2025-01-07 22:01:25,993][flwr][INFO] - [ROUND 6]
[2025-01-07 22:01:25,993][flwr][INFO] - configure_fit: strategy sampled 2 clients (out of 10)
[2025-01-07 22:01:37,670][flwr][INFO] - aggregate_fit: received 2 results and 0 failures
[2025-01-07 22:01:39,413][flwr][INFO] - fit progress: (6, 182.0551290512085, {'accuracy': 0.0982}, 86.86754443300015)
[2025-01-07 22:01:39,413][flwr][INFO] - configure_evaluate: strategy sampled 3 clients (out of 10)
[2025-01-07 22:01:39,958][flwr][INFO] - aggregate_evaluate: received 3 results and 0 failures
[2025-01-07 22:01:39,958][flwr][INFO] - 
[2025-01-07 22:01:39,958][flwr][INFO] - [ROUND 7]
[2025-01-07 22:01:39,959][flwr][INFO] - configure_fit: strategy sampled 2 clients (out of 10)
[2025-01-07 22:01:51,430][flwr][INFO] - aggregate_fit: received 2 results and 0 failures
[2025-01-07 22:01:52,767][flwr][INFO] - fit progress: (7, 182.08057856559753, {'accuracy': 0.1028}, 100.22119413699693)
[2025-01-07 22:01:52,767][flwr][INFO] - configure_evaluate: strategy sampled 3 clients (out of 10)
[2025-01-07 22:01:53,280][flwr][INFO] - aggregate_evaluate: received 3 results and 0 failures
[2025-01-07 22:01:53,281][flwr][INFO] - 
[2025-01-07 22:01:53,281][flwr][INFO] - [ROUND 8]
[2025-01-07 22:01:53,281][flwr][INFO] - configure_fit: strategy sampled 2 clients (out of 10)
[2025-01-07 22:02:04,721][flwr][INFO] - aggregate_fit: received 2 results and 0 failures
[2025-01-07 22:02:06,418][flwr][INFO] - fit progress: (8, 182.05276226997375, {'accuracy': 0.1028}, 113.87238455799525)
[2025-01-07 22:02:06,418][flwr][INFO] - configure_evaluate: strategy sampled 3 clients (out of 10)
[2025-01-07 22:02:06,983][flwr][INFO] - aggregate_evaluate: received 3 results and 0 failures
[2025-01-07 22:02:06,984][flwr][INFO] - 
[2025-01-07 22:02:06,984][flwr][INFO] - [ROUND 9]
[2025-01-07 22:02:06,984][flwr][INFO] - configure_fit: strategy sampled 2 clients (out of 10)
[2025-01-07 22:02:18,516][flwr][INFO] - aggregate_fit: received 2 results and 0 failures
[2025-01-07 22:02:19,958][flwr][INFO] - fit progress: (9, 182.02037477493286, {'accuracy': 0.1135}, 127.41300920699723)
[2025-01-07 22:02:19,959][flwr][INFO] - configure_evaluate: strategy sampled 3 clients (out of 10)
[2025-01-07 22:02:20,472][flwr][INFO] - aggregate_evaluate: received 3 results and 0 failures
[2025-01-07 22:02:20,472][flwr][INFO] - 
[2025-01-07 22:02:20,473][flwr][INFO] - [ROUND 10]
[2025-01-07 22:02:20,473][flwr][INFO] - configure_fit: strategy sampled 2 clients (out of 10)
[2025-01-07 22:02:32,556][flwr][INFO] - aggregate_fit: received 2 results and 0 failures
[2025-01-07 22:02:35,410][flwr][INFO] - fit progress: (10, 181.98726177215576, {'accuracy': 0.1135}, 142.86445169299986)
[2025-01-07 22:02:35,410][flwr][INFO] - configure_evaluate: strategy sampled 3 clients (out of 10)
[2025-01-07 22:02:35,865][flwr][INFO] - aggregate_evaluate: received 3 results and 0 failures
[2025-01-07 22:02:35,865][flwr][INFO] - 
[2025-01-07 22:02:35,865][flwr][INFO] - [ROUND 11]
[2025-01-07 22:02:35,865][flwr][INFO] - configure_fit: strategy sampled 2 clients (out of 10)
[2025-01-07 22:02:47,493][flwr][INFO] - aggregate_fit: received 2 results and 0 failures
[2025-01-07 22:02:48,965][flwr][INFO] - fit progress: (11, 182.18381428718567, {'accuracy': 0.1135}, 156.41953583600116)
[2025-01-07 22:02:48,965][flwr][INFO] - configure_evaluate: strategy sampled 3 clients (out of 10)
[2025-01-07 22:02:49,440][flwr][INFO] - aggregate_evaluate: received 3 results and 0 failures
[2025-01-07 22:02:49,440][flwr][INFO] - 
[2025-01-07 22:02:49,440][flwr][INFO] - [ROUND 12]
[2025-01-07 22:02:49,440][flwr][INFO] - configure_fit: strategy sampled 2 clients (out of 10)
[2025-01-07 22:03:01,054][flwr][INFO] - aggregate_fit: received 2 results and 0 failures
[2025-01-07 22:03:02,226][flwr][INFO] - fit progress: (12, 182.26583766937256, {'accuracy': 0.101}, 169.68091453599482)
[2025-01-07 22:03:02,227][flwr][INFO] - configure_evaluate: strategy sampled 3 clients (out of 10)
[2025-01-07 22:03:02,770][flwr][INFO] - aggregate_evaluate: received 3 results and 0 failures
[2025-01-07 22:03:02,770][flwr][INFO] - 
[2025-01-07 22:03:02,771][flwr][INFO] - [ROUND 13]
[2025-01-07 22:03:02,771][flwr][INFO] - configure_fit: strategy sampled 2 clients (out of 10)
[2025-01-07 22:03:14,476][flwr][INFO] - aggregate_fit: received 2 results and 0 failures
[2025-01-07 22:03:15,830][flwr][INFO] - fit progress: (13, 182.0312271118164, {'accuracy': 0.1135}, 183.28489289299614)
[2025-01-07 22:03:15,830][flwr][INFO] - configure_evaluate: strategy sampled 3 clients (out of 10)
[2025-01-07 22:03:16,359][flwr][INFO] - aggregate_evaluate: received 3 results and 0 failures
[2025-01-07 22:03:16,359][flwr][INFO] - 
[2025-01-07 22:03:16,359][flwr][INFO] - [ROUND 14]
[2025-01-07 22:03:16,359][flwr][INFO] - configure_fit: strategy sampled 2 clients (out of 10)
[2025-01-07 22:03:27,909][flwr][INFO] - aggregate_fit: received 2 results and 0 failures
[2025-01-07 22:03:29,984][flwr][INFO] - fit progress: (14, 181.9230091571808, {'accuracy': 0.1135}, 197.43881888099713)
[2025-01-07 22:03:29,984][flwr][INFO] - configure_evaluate: strategy sampled 3 clients (out of 10)
[2025-01-07 22:03:30,462][flwr][INFO] - aggregate_evaluate: received 3 results and 0 failures
[2025-01-07 22:03:30,462][flwr][INFO] - 
[2025-01-07 22:03:30,462][flwr][INFO] - [ROUND 15]
[2025-01-07 22:03:30,462][flwr][INFO] - configure_fit: strategy sampled 2 clients (out of 10)
[2025-01-07 22:03:42,238][flwr][INFO] - aggregate_fit: received 2 results and 0 failures
[2025-01-07 22:03:44,128][flwr][INFO] - fit progress: (15, 182.17789554595947, {'accuracy': 0.1135}, 211.58238114699634)
[2025-01-07 22:03:44,128][flwr][INFO] - configure_evaluate: strategy sampled 3 clients (out of 10)
[2025-01-07 22:03:44,588][flwr][INFO] - aggregate_evaluate: received 3 results and 0 failures
[2025-01-07 22:03:44,589][flwr][INFO] - 
[2025-01-07 22:03:44,589][flwr][INFO] - [SUMMARY]
[2025-01-07 22:03:44,589][flwr][INFO] - Run finished 15 round(s) in 212.04s
[2025-01-07 22:03:44,589][flwr][INFO] - 	History (loss, distributed):
[2025-01-07 22:03:44,589][flwr][INFO] - 		round 1: 87.90646235148112
[2025-01-07 22:03:44,590][flwr][INFO] - 		round 2: 87.64764833450317
[2025-01-07 22:03:44,590][flwr][INFO] - 		round 3: 87.54140345255534
[2025-01-07 22:03:44,590][flwr][INFO] - 		round 4: 87.53182355562846
[2025-01-07 22:03:44,590][flwr][INFO] - 		round 5: 87.48134207725525
[2025-01-07 22:03:44,590][flwr][INFO] - 		round 6: 87.46711850166321
[2025-01-07 22:03:44,590][flwr][INFO] - 		round 7: 87.56266689300537
[2025-01-07 22:03:44,590][flwr][INFO] - 		round 8: 87.57431832949321
[2025-01-07 22:03:44,590][flwr][INFO] - 		round 9: 87.61808180809021
[2025-01-07 22:03:44,590][flwr][INFO] - 		round 10: 87.53789726893108
[2025-01-07 22:03:44,591][flwr][INFO] - 		round 11: 87.66834648450215
[2025-01-07 22:03:44,591][flwr][INFO] - 		round 12: 87.71355263392131
[2025-01-07 22:03:44,591][flwr][INFO] - 		round 13: 87.54246656099956
[2025-01-07 22:03:44,591][flwr][INFO] - 		round 14: 87.48969062169392
[2025-01-07 22:03:44,591][flwr][INFO] - 		round 15: 87.79105106989543
[2025-01-07 22:03:44,591][flwr][INFO] - 	History (loss, centralized):
[2025-01-07 22:03:44,591][flwr][INFO] - 		round 0: 182.16730785369873
[2025-01-07 22:03:44,591][flwr][INFO] - 		round 1: 182.44792318344116
[2025-01-07 22:03:44,591][flwr][INFO] - 		round 2: 182.25565886497498
[2025-01-07 22:03:44,592][flwr][INFO] - 		round 3: 182.090096950531
[2025-01-07 22:03:44,592][flwr][INFO] - 		round 4: 181.98812437057495
[2025-01-07 22:03:44,592][flwr][INFO] - 		round 5: 182.0291028022766
[2025-01-07 22:03:44,592][flwr][INFO] - 		round 6: 182.0551290512085
[2025-01-07 22:03:44,592][flwr][INFO] - 		round 7: 182.08057856559753
[2025-01-07 22:03:44,592][flwr][INFO] - 		round 8: 182.05276226997375
[2025-01-07 22:03:44,592][flwr][INFO] - 		round 9: 182.02037477493286
[2025-01-07 22:03:44,592][flwr][INFO] - 		round 10: 181.98726177215576
[2025-01-07 22:03:44,592][flwr][INFO] - 		round 11: 182.18381428718567
[2025-01-07 22:03:44,593][flwr][INFO] - 		round 12: 182.26583766937256
[2025-01-07 22:03:44,593][flwr][INFO] - 		round 13: 182.0312271118164
[2025-01-07 22:03:44,593][flwr][INFO] - 		round 14: 181.9230091571808
[2025-01-07 22:03:44,593][flwr][INFO] - 		round 15: 182.17789554595947
[2025-01-07 22:03:44,593][flwr][INFO] - 	History (metrics, centralized):
[2025-01-07 22:03:44,593][flwr][INFO] - 	{'accuracy': [(0, 0.0961),
[2025-01-07 22:03:44,593][flwr][INFO] - 	              (1, 0.0985),
[2025-01-07 22:03:44,593][flwr][INFO] - 	              (2, 0.1028),
[2025-01-07 22:03:44,593][flwr][INFO] - 	              (3, 0.101),
[2025-01-07 22:03:44,594][flwr][INFO] - 	              (4, 0.1135),
[2025-01-07 22:03:44,594][flwr][INFO] - 	              (5, 0.1028),
[2025-01-07 22:03:44,594][flwr][INFO] - 	              (6, 0.0982),
[2025-01-07 22:03:44,594][flwr][INFO] - 	              (7, 0.1028),
[2025-01-07 22:03:44,594][flwr][INFO] - 	              (8, 0.1028),
[2025-01-07 22:03:44,594][flwr][INFO] - 	              (9, 0.1135),
[2025-01-07 22:03:44,594][flwr][INFO] - 	              (10, 0.1135),
[2025-01-07 22:03:44,594][flwr][INFO] - 	              (11, 0.1135),
[2025-01-07 22:03:44,595][flwr][INFO] - 	              (12, 0.101),
[2025-01-07 22:03:44,595][flwr][INFO] - 	              (13, 0.1135),
[2025-01-07 22:03:44,595][flwr][INFO] - 	              (14, 0.1135),
[2025-01-07 22:03:44,595][flwr][INFO] - 	              (15, 0.1135)]}
[2025-01-07 22:03:44,595][flwr][INFO] - 
