[2024-12-31 15:42:04,560][flwr][INFO] - Starting Flower simulation, config: num_rounds=10, no round_timeout
[2024-12-31 15:42:08,155][flwr][INFO] - Flower VCE: Ray initialized with resources: {'node:__internal_head__': 1.0, 'node:192.168.1.11': 1.0, 'CPU': 12.0, 'object_store_memory': 2840661196.0, 'memory': 5681322395.0}
[2024-12-31 15:42:08,155][flwr][INFO] - Optimize your simulation with Flower VCE: https://flower.ai/docs/framework/how-to-run-simulations.html
[2024-12-31 15:42:08,155][flwr][INFO] - Flower VCE: Resources for each Virtual Client: {'num_cpus': 2, 'num_gpus': 0}
[2024-12-31 15:42:08,162][flwr][INFO] - Flower VCE: Creating VirtualClientEngineActorPool with 6 actors
[2024-12-31 15:42:08,162][flwr][INFO] - [INIT]
[2024-12-31 15:42:08,162][flwr][INFO] - Using initial global parameters provided by strategy
[2024-12-31 15:42:08,162][flwr][INFO] - Starting evaluation of initial global parameters
[2024-12-31 15:42:11,083][flwr][INFO] - initial parameters (loss, other metrics): 182.5715754032135, {'accuracy': 0.0979}
[2024-12-31 15:42:11,084][flwr][INFO] - 
[2024-12-31 15:42:11,084][flwr][INFO] - [ROUND 1]
[2024-12-31 15:42:11,085][flwr][INFO] - configure_fit: strategy sampled 2 clients (out of 10)
[2024-12-31 15:42:23,512][flwr][INFO] - aggregate_fit: received 2 results and 0 failures
[2024-12-31 15:42:23,517][flwr][WARNING] - No fit_metrics_aggregation_fn provided
[2024-12-31 15:42:24,982][flwr][INFO] - fit progress: (1, 182.3135907649994, {'accuracy': 0.1009}, 13.897672938001051)
[2024-12-31 15:42:24,982][flwr][INFO] - configure_evaluate: strategy sampled 5 clients (out of 10)
[2024-12-31 15:42:28,936][flwr][INFO] - aggregate_evaluate: received 5 results and 0 failures
[2024-12-31 15:42:28,936][flwr][WARNING] - No evaluate_metrics_aggregation_fn provided
[2024-12-31 15:42:28,936][flwr][INFO] - 
[2024-12-31 15:42:28,936][flwr][INFO] - [ROUND 2]
[2024-12-31 15:42:28,936][flwr][INFO] - configure_fit: strategy sampled 2 clients (out of 10)
[2024-12-31 15:42:37,960][flwr][INFO] - aggregate_fit: received 2 results and 0 failures
[2024-12-31 15:42:40,043][flwr][INFO] - fit progress: (2, 181.11337733268738, {'accuracy': 0.1009}, 28.959165100000973)
[2024-12-31 15:42:40,043][flwr][INFO] - configure_evaluate: strategy sampled 5 clients (out of 10)
[2024-12-31 15:42:40,781][flwr][INFO] - aggregate_evaluate: received 5 results and 0 failures
[2024-12-31 15:42:40,781][flwr][INFO] - 
[2024-12-31 15:42:40,781][flwr][INFO] - [ROUND 3]
[2024-12-31 15:42:40,782][flwr][INFO] - configure_fit: strategy sampled 2 clients (out of 10)
[2024-12-31 15:42:50,532][flwr][INFO] - aggregate_fit: received 2 results and 0 failures
[2024-12-31 15:42:52,255][flwr][INFO] - fit progress: (3, 178.95074772834778, {'accuracy': 0.2403}, 41.17142651099857)
[2024-12-31 15:42:52,256][flwr][INFO] - configure_evaluate: strategy sampled 5 clients (out of 10)
[2024-12-31 15:42:53,152][flwr][INFO] - aggregate_evaluate: received 5 results and 0 failures
[2024-12-31 15:42:53,152][flwr][INFO] - 
[2024-12-31 15:42:53,152][flwr][INFO] - [ROUND 4]
[2024-12-31 15:42:53,153][flwr][INFO] - configure_fit: strategy sampled 2 clients (out of 10)
[2024-12-31 15:43:02,635][flwr][INFO] - aggregate_fit: received 2 results and 0 failures
[2024-12-31 15:43:04,776][flwr][INFO] - fit progress: (4, 176.42011332511902, {'accuracy': 0.2122}, 53.6915975860029)
[2024-12-31 15:43:04,776][flwr][INFO] - configure_evaluate: strategy sampled 5 clients (out of 10)
[2024-12-31 15:43:05,584][flwr][INFO] - aggregate_evaluate: received 5 results and 0 failures
[2024-12-31 15:43:05,585][flwr][INFO] - 
[2024-12-31 15:43:05,585][flwr][INFO] - [ROUND 5]
[2024-12-31 15:43:05,585][flwr][INFO] - configure_fit: strategy sampled 2 clients (out of 10)
[2024-12-31 15:43:15,900][flwr][INFO] - aggregate_fit: received 2 results and 0 failures
[2024-12-31 15:43:17,948][flwr][INFO] - fit progress: (5, 174.19512248039246, {'accuracy': 0.2431}, 66.86396637400321)
[2024-12-31 15:43:17,948][flwr][INFO] - configure_evaluate: strategy sampled 5 clients (out of 10)
[2024-12-31 15:43:18,811][flwr][INFO] - aggregate_evaluate: received 5 results and 0 failures
[2024-12-31 15:43:18,811][flwr][INFO] - 
[2024-12-31 15:43:18,811][flwr][INFO] - [ROUND 6]
[2024-12-31 15:43:18,811][flwr][INFO] - configure_fit: strategy sampled 2 clients (out of 10)
[2024-12-31 15:43:28,633][flwr][INFO] - aggregate_fit: received 2 results and 0 failures
[2024-12-31 15:43:30,989][flwr][INFO] - fit progress: (6, 170.16299200057983, {'accuracy': 0.2759}, 79.90462308200222)
[2024-12-31 15:43:30,989][flwr][INFO] - configure_evaluate: strategy sampled 5 clients (out of 10)
[2024-12-31 15:43:31,866][flwr][INFO] - aggregate_evaluate: received 5 results and 0 failures
[2024-12-31 15:43:31,866][flwr][INFO] - 
[2024-12-31 15:43:31,866][flwr][INFO] - [ROUND 7]
[2024-12-31 15:43:31,867][flwr][INFO] - configure_fit: strategy sampled 2 clients (out of 10)
[2024-12-31 15:43:41,924][flwr][INFO] - aggregate_fit: received 2 results and 0 failures
[2024-12-31 15:43:43,856][flwr][INFO] - fit progress: (7, 171.29300093650818, {'accuracy': 0.2728}, 92.77214725700469)
[2024-12-31 15:43:43,856][flwr][INFO] - configure_evaluate: strategy sampled 5 clients (out of 10)
[2024-12-31 15:43:44,726][flwr][INFO] - aggregate_evaluate: received 5 results and 0 failures
[2024-12-31 15:43:44,726][flwr][INFO] - 
[2024-12-31 15:43:44,726][flwr][INFO] - [ROUND 8]
[2024-12-31 15:43:44,726][flwr][INFO] - configure_fit: strategy sampled 2 clients (out of 10)
[2024-12-31 15:43:54,488][flwr][INFO] - aggregate_fit: received 2 results and 0 failures
[2024-12-31 15:43:56,417][flwr][INFO] - fit progress: (8, 168.72575163841248, {'accuracy': 0.2655}, 105.33273179000389)
[2024-12-31 15:43:56,417][flwr][INFO] - configure_evaluate: strategy sampled 5 clients (out of 10)
[2024-12-31 15:43:57,262][flwr][INFO] - aggregate_evaluate: received 5 results and 0 failures
[2024-12-31 15:43:57,262][flwr][INFO] - 
[2024-12-31 15:43:57,262][flwr][INFO] - [ROUND 9]
[2024-12-31 15:43:57,263][flwr][INFO] - configure_fit: strategy sampled 2 clients (out of 10)
[2024-12-31 15:44:08,404][flwr][INFO] - aggregate_fit: received 2 results and 0 failures
[2024-12-31 15:44:10,180][flwr][INFO] - fit progress: (9, 165.59342169761658, {'accuracy': 0.2689}, 119.09634923800331)
[2024-12-31 15:44:10,181][flwr][INFO] - configure_evaluate: strategy sampled 5 clients (out of 10)
[2024-12-31 15:44:10,972][flwr][INFO] - aggregate_evaluate: received 5 results and 0 failures
[2024-12-31 15:44:10,972][flwr][INFO] - 
[2024-12-31 15:44:10,972][flwr][INFO] - [ROUND 10]
[2024-12-31 15:44:10,973][flwr][INFO] - configure_fit: strategy sampled 2 clients (out of 10)
[2024-12-31 15:44:20,725][flwr][INFO] - aggregate_fit: received 2 results and 0 failures
[2024-12-31 15:44:23,202][flwr][INFO] - fit progress: (10, 170.98986673355103, {'accuracy': 0.2572}, 132.1175860190051)
[2024-12-31 15:44:23,202][flwr][INFO] - configure_evaluate: strategy sampled 5 clients (out of 10)
[2024-12-31 15:44:24,188][flwr][INFO] - aggregate_evaluate: received 5 results and 0 failures
[2024-12-31 15:44:24,188][flwr][INFO] - 
[2024-12-31 15:44:24,189][flwr][INFO] - [SUMMARY]
[2024-12-31 15:44:24,189][flwr][INFO] - Run finished 10 round(s) in 133.10s
[2024-12-31 15:44:24,189][flwr][INFO] - 	History (loss, distributed):
[2024-12-31 15:44:24,190][flwr][INFO] - 		round 1: 43.84900450706482
[2024-12-31 15:44:24,190][flwr][INFO] - 		round 2: 43.57785649299622
[2024-12-31 15:44:24,190][flwr][INFO] - 		round 3: 43.09129920005798
[2024-12-31 15:44:24,190][flwr][INFO] - 		round 4: 42.435117387771605
[2024-12-31 15:44:24,190][flwr][INFO] - 		round 5: 41.880606460571286
[2024-12-31 15:44:24,190][flwr][INFO] - 		round 6: 40.87720146179199
[2024-12-31 15:44:24,190][flwr][INFO] - 		round 7: 41.2228000164032
[2024-12-31 15:44:24,190][flwr][INFO] - 		round 8: 40.547588634490964
[2024-12-31 15:44:24,191][flwr][INFO] - 		round 9: 39.832598495483396
[2024-12-31 15:44:24,191][flwr][INFO] - 		round 10: 41.1559455871582
[2024-12-31 15:44:24,191][flwr][INFO] - 	History (loss, centralized):
[2024-12-31 15:44:24,191][flwr][INFO] - 		round 0: 182.5715754032135
[2024-12-31 15:44:24,191][flwr][INFO] - 		round 1: 182.3135907649994
[2024-12-31 15:44:24,191][flwr][INFO] - 		round 2: 181.11337733268738
[2024-12-31 15:44:24,191][flwr][INFO] - 		round 3: 178.95074772834778
[2024-12-31 15:44:24,191][flwr][INFO] - 		round 4: 176.42011332511902
[2024-12-31 15:44:24,191][flwr][INFO] - 		round 5: 174.19512248039246
[2024-12-31 15:44:24,192][flwr][INFO] - 		round 6: 170.16299200057983
[2024-12-31 15:44:24,192][flwr][INFO] - 		round 7: 171.29300093650818
[2024-12-31 15:44:24,192][flwr][INFO] - 		round 8: 168.72575163841248
[2024-12-31 15:44:24,192][flwr][INFO] - 		round 9: 165.59342169761658
[2024-12-31 15:44:24,192][flwr][INFO] - 		round 10: 170.98986673355103
[2024-12-31 15:44:24,192][flwr][INFO] - 	History (metrics, centralized):
[2024-12-31 15:44:24,192][flwr][INFO] - 	{'accuracy': [(0, 0.0979),
[2024-12-31 15:44:24,192][flwr][INFO] - 	              (1, 0.1009),
[2024-12-31 15:44:24,192][flwr][INFO] - 	              (2, 0.1009),
[2024-12-31 15:44:24,192][flwr][INFO] - 	              (3, 0.2403),
[2024-12-31 15:44:24,193][flwr][INFO] - 	              (4, 0.2122),
[2024-12-31 15:44:24,193][flwr][INFO] - 	              (5, 0.2431),
[2024-12-31 15:44:24,193][flwr][INFO] - 	              (6, 0.2759),
[2024-12-31 15:44:24,193][flwr][INFO] - 	              (7, 0.2728),
[2024-12-31 15:44:24,193][flwr][INFO] - 	              (8, 0.2655),
[2024-12-31 15:44:24,193][flwr][INFO] - 	              (9, 0.2689),
[2024-12-31 15:44:24,193][flwr][INFO] - 	              (10, 0.2572)]}
[2024-12-31 15:44:24,193][flwr][INFO] - 
