[2025-01-07 16:14:13,376][flwr][INFO] - Starting Flower simulation, config: num_rounds=10, no round_timeout
[2025-01-07 16:14:16,858][flwr][INFO] - Flower VCE: Ray initialized with resources: {'node:__internal_head__': 1.0, 'CPU': 12.0, 'node:192.168.1.11': 1.0, 'memory': 6310738331.0, 'object_store_memory': 3155369164.0}
[2025-01-07 16:14:16,858][flwr][INFO] - Optimize your simulation with Flower VCE: https://flower.ai/docs/framework/how-to-run-simulations.html
[2025-01-07 16:14:16,859][flwr][INFO] - Flower VCE: Resources for each Virtual Client: {'num_cpus': 2, 'num_gpus': 0}
[2025-01-07 16:14:16,865][flwr][INFO] - Flower VCE: Creating VirtualClientEngineActorPool with 6 actors
[2025-01-07 16:14:16,866][flwr][INFO] - [INIT]
[2025-01-07 16:14:16,866][flwr][INFO] - Requesting initial parameters from one random client
[2025-01-07 16:14:19,795][flwr][INFO] - Received initial parameters from one random client
[2025-01-07 16:14:19,795][flwr][INFO] - Starting evaluation of initial global parameters
[2025-01-07 16:14:21,517][flwr][INFO] - initial parameters (loss, other metrics): 182.22574377059937, {'accuracy': 0.0951}
[2025-01-07 16:14:21,517][flwr][INFO] - 
[2025-01-07 16:14:21,517][flwr][INFO] - [ROUND 1]
[2025-01-07 16:14:21,517][flwr][INFO] - configure_fit: strategy sampled 2 clients (out of 5)
[2025-01-07 16:14:42,329][flwr][INFO] - aggregate_fit: received 2 results and 0 failures
[2025-01-07 16:14:42,332][flwr][WARNING] - No fit_metrics_aggregation_fn provided
[2025-01-07 16:14:43,386][flwr][INFO] - fit progress: (1, 186.99188661575317, {'accuracy': 0.1135}, 21.86941936799849)
[2025-01-07 16:14:43,387][flwr][INFO] - configure_evaluate: strategy sampled 2 clients (out of 5)
[2025-01-07 16:14:43,889][flwr][INFO] - aggregate_evaluate: received 2 results and 0 failures
[2025-01-07 16:14:43,889][flwr][WARNING] - No evaluate_metrics_aggregation_fn provided
[2025-01-07 16:14:43,889][flwr][INFO] - 
[2025-01-07 16:14:43,889][flwr][INFO] - [ROUND 2]
[2025-01-07 16:14:43,889][flwr][INFO] - configure_fit: strategy sampled 2 clients (out of 5)
[2025-01-07 16:15:00,588][flwr][INFO] - aggregate_fit: received 2 results and 0 failures
[2025-01-07 16:15:02,131][flwr][INFO] - fit progress: (2, 175.23802709579468, {'accuracy': 0.1528}, 40.61378221499763)
[2025-01-07 16:15:02,131][flwr][INFO] - configure_evaluate: strategy sampled 2 clients (out of 5)
[2025-01-07 16:15:02,614][flwr][INFO] - aggregate_evaluate: received 2 results and 0 failures
[2025-01-07 16:15:02,614][flwr][INFO] - 
[2025-01-07 16:15:02,614][flwr][INFO] - [ROUND 3]
[2025-01-07 16:15:02,615][flwr][INFO] - configure_fit: strategy sampled 2 clients (out of 5)
[2025-01-07 16:15:19,443][flwr][INFO] - aggregate_fit: received 2 results and 0 failures
[2025-01-07 16:15:20,751][flwr][INFO] - fit progress: (3, 192.45796465873718, {'accuracy': 0.1135}, 59.233841318000486)
[2025-01-07 16:15:20,751][flwr][INFO] - configure_evaluate: strategy sampled 2 clients (out of 5)
[2025-01-07 16:15:21,382][flwr][INFO] - aggregate_evaluate: received 2 results and 0 failures
[2025-01-07 16:15:21,382][flwr][INFO] - 
[2025-01-07 16:15:21,383][flwr][INFO] - [ROUND 4]
[2025-01-07 16:15:21,383][flwr][INFO] - configure_fit: strategy sampled 2 clients (out of 5)
[2025-01-07 16:15:37,487][flwr][INFO] - aggregate_fit: received 2 results and 0 failures
[2025-01-07 16:15:38,668][flwr][INFO] - fit progress: (4, 181.9777126312256, {'accuracy': 0.1135}, 77.15089926399742)
[2025-01-07 16:15:38,668][flwr][INFO] - configure_evaluate: strategy sampled 2 clients (out of 5)
[2025-01-07 16:15:39,219][flwr][INFO] - aggregate_evaluate: received 2 results and 0 failures
[2025-01-07 16:15:39,220][flwr][INFO] - 
[2025-01-07 16:15:39,220][flwr][INFO] - [ROUND 5]
[2025-01-07 16:15:39,220][flwr][INFO] - configure_fit: strategy sampled 2 clients (out of 5)
[2025-01-07 16:15:54,766][flwr][INFO] - aggregate_fit: received 2 results and 0 failures
[2025-01-07 16:15:56,005][flwr][INFO] - fit progress: (5, 181.93235182762146, {'accuracy': 0.1135}, 94.48821988299824)
[2025-01-07 16:15:56,005][flwr][INFO] - configure_evaluate: strategy sampled 2 clients (out of 5)
[2025-01-07 16:15:56,502][flwr][INFO] - aggregate_evaluate: received 2 results and 0 failures
[2025-01-07 16:15:56,502][flwr][INFO] - 
[2025-01-07 16:15:56,503][flwr][INFO] - [ROUND 6]
[2025-01-07 16:15:56,503][flwr][INFO] - configure_fit: strategy sampled 2 clients (out of 5)
[2025-01-07 16:16:12,166][flwr][INFO] - aggregate_fit: received 2 results and 0 failures
[2025-01-07 16:16:13,643][flwr][INFO] - fit progress: (6, 182.24452471733093, {'accuracy': 0.1135}, 112.1261216089988)
[2025-01-07 16:16:13,643][flwr][INFO] - configure_evaluate: strategy sampled 2 clients (out of 5)
[2025-01-07 16:16:14,136][flwr][INFO] - aggregate_evaluate: received 2 results and 0 failures
[2025-01-07 16:16:14,136][flwr][INFO] - 
[2025-01-07 16:16:14,136][flwr][INFO] - [ROUND 7]
[2025-01-07 16:16:14,137][flwr][INFO] - configure_fit: strategy sampled 2 clients (out of 5)
[2025-01-07 16:16:30,001][flwr][INFO] - aggregate_fit: received 2 results and 0 failures
[2025-01-07 16:16:32,325][flwr][INFO] - fit progress: (7, 181.99073767662048, {'accuracy': 0.1032}, 130.80834399599917)
[2025-01-07 16:16:32,325][flwr][INFO] - configure_evaluate: strategy sampled 2 clients (out of 5)
[2025-01-07 16:16:32,870][flwr][INFO] - aggregate_evaluate: received 2 results and 0 failures
[2025-01-07 16:16:32,870][flwr][INFO] - 
[2025-01-07 16:16:32,870][flwr][INFO] - [ROUND 8]
[2025-01-07 16:16:32,870][flwr][INFO] - configure_fit: strategy sampled 2 clients (out of 5)
[2025-01-07 16:16:50,081][flwr][INFO] - aggregate_fit: received 2 results and 0 failures
[2025-01-07 16:16:51,774][flwr][INFO] - fit progress: (8, 182.52937269210815, {'accuracy': 0.1028}, 150.25669327799915)
[2025-01-07 16:16:51,774][flwr][INFO] - configure_evaluate: strategy sampled 2 clients (out of 5)
[2025-01-07 16:16:52,294][flwr][INFO] - aggregate_evaluate: received 2 results and 0 failures
[2025-01-07 16:16:52,295][flwr][INFO] - 
[2025-01-07 16:16:52,295][flwr][INFO] - [ROUND 9]
[2025-01-07 16:16:52,295][flwr][INFO] - configure_fit: strategy sampled 2 clients (out of 5)
[2025-01-07 16:17:08,554][flwr][INFO] - aggregate_fit: received 2 results and 0 failures
[2025-01-07 16:17:09,887][flwr][INFO] - fit progress: (9, 181.9992973804474, {'accuracy': 0.101}, 168.36966627799848)
[2025-01-07 16:17:09,887][flwr][INFO] - configure_evaluate: strategy sampled 2 clients (out of 5)
[2025-01-07 16:17:10,422][flwr][INFO] - aggregate_evaluate: received 2 results and 0 failures
[2025-01-07 16:17:10,423][flwr][INFO] - 
[2025-01-07 16:17:10,423][flwr][INFO] - [ROUND 10]
[2025-01-07 16:17:10,423][flwr][INFO] - configure_fit: strategy sampled 2 clients (out of 5)
[2025-01-07 16:17:26,239][flwr][INFO] - aggregate_fit: received 2 results and 0 failures
[2025-01-07 16:17:27,489][flwr][INFO] - fit progress: (10, 182.1546492576599, {'accuracy': 0.1028}, 185.9717906989972)
[2025-01-07 16:17:27,489][flwr][INFO] - configure_evaluate: strategy sampled 2 clients (out of 5)
[2025-01-07 16:17:27,995][flwr][INFO] - aggregate_evaluate: received 2 results and 0 failures
[2025-01-07 16:17:27,995][flwr][INFO] - 
[2025-01-07 16:17:27,995][flwr][INFO] - [SUMMARY]
[2025-01-07 16:17:27,995][flwr][INFO] - Run finished 10 round(s) in 186.48s
[2025-01-07 16:17:27,996][flwr][INFO] - 	History (loss, distributed):
[2025-01-07 16:17:27,996][flwr][INFO] - 		round 1: 89.67624247074127
[2025-01-07 16:17:27,996][flwr][INFO] - 		round 2: 84.37217390537262
[2025-01-07 16:17:27,996][flwr][INFO] - 		round 3: 92.34181571006775
[2025-01-07 16:17:27,996][flwr][INFO] - 		round 4: 87.7032562494278
[2025-01-07 16:17:27,996][flwr][INFO] - 		round 5: 87.62962877750397
[2025-01-07 16:17:27,996][flwr][INFO] - 		round 6: 87.56253826618195
[2025-01-07 16:17:27,996][flwr][INFO] - 		round 7: 87.45994591712952
[2025-01-07 16:17:27,997][flwr][INFO] - 		round 8: 87.69646751880646
[2025-01-07 16:17:27,997][flwr][INFO] - 		round 9: 87.5348333120346
[2025-01-07 16:17:27,997][flwr][INFO] - 		round 10: 87.62628948688507
[2025-01-07 16:17:27,997][flwr][INFO] - 	History (loss, centralized):
[2025-01-07 16:17:27,997][flwr][INFO] - 		round 0: 182.22574377059937
[2025-01-07 16:17:27,997][flwr][INFO] - 		round 1: 186.99188661575317
[2025-01-07 16:17:27,997][flwr][INFO] - 		round 2: 175.23802709579468
[2025-01-07 16:17:27,997][flwr][INFO] - 		round 3: 192.45796465873718
[2025-01-07 16:17:27,997][flwr][INFO] - 		round 4: 181.9777126312256
[2025-01-07 16:17:27,998][flwr][INFO] - 		round 5: 181.93235182762146
[2025-01-07 16:17:27,998][flwr][INFO] - 		round 6: 182.24452471733093
[2025-01-07 16:17:27,998][flwr][INFO] - 		round 7: 181.99073767662048
[2025-01-07 16:17:27,998][flwr][INFO] - 		round 8: 182.52937269210815
[2025-01-07 16:17:27,998][flwr][INFO] - 		round 9: 181.9992973804474
[2025-01-07 16:17:27,998][flwr][INFO] - 		round 10: 182.1546492576599
[2025-01-07 16:17:27,998][flwr][INFO] - 	History (metrics, centralized):
[2025-01-07 16:17:27,998][flwr][INFO] - 	{'accuracy': [(0, 0.0951),
[2025-01-07 16:17:27,998][flwr][INFO] - 	              (1, 0.1135),
[2025-01-07 16:17:27,999][flwr][INFO] - 	              (2, 0.1528),
[2025-01-07 16:17:27,999][flwr][INFO] - 	              (3, 0.1135),
[2025-01-07 16:17:27,999][flwr][INFO] - 	              (4, 0.1135),
[2025-01-07 16:17:27,999][flwr][INFO] - 	              (5, 0.1135),
[2025-01-07 16:17:27,999][flwr][INFO] - 	              (6, 0.1135),
[2025-01-07 16:17:27,999][flwr][INFO] - 	              (7, 0.1032),
[2025-01-07 16:17:27,999][flwr][INFO] - 	              (8, 0.1028),
[2025-01-07 16:17:27,999][flwr][INFO] - 	              (9, 0.101),
[2025-01-07 16:17:27,999][flwr][INFO] - 	              (10, 0.1028)]}
[2025-01-07 16:17:27,999][flwr][INFO] - 
