[2024-12-31 14:21:24,458][flwr][INFO] - Starting Flower simulation, config: num_rounds=10, no round_timeout
[2024-12-31 14:21:27,973][flwr][INFO] - Flower VCE: Ray initialized with resources: {'node:__internal_head__': 1.0, 'CPU': 12.0, 'node:192.168.1.11': 1.0, 'memory': 6321109403.0, 'object_store_memory': 3160554700.0}
[2024-12-31 14:21:27,973][flwr][INFO] - Optimize your simulation with Flower VCE: https://flower.ai/docs/framework/how-to-run-simulations.html
[2024-12-31 14:21:27,973][flwr][INFO] - Flower VCE: Resources for each Virtual Client: {'num_cpus': 2, 'num_gpus': 0}
[2024-12-31 14:21:27,982][flwr][INFO] - Flower VCE: Creating VirtualClientEngineActorPool with 6 actors
[2024-12-31 14:21:27,983][flwr][INFO] - [INIT]
[2024-12-31 14:21:27,983][flwr][INFO] - Using initial global parameters provided by strategy
[2024-12-31 14:21:27,983][flwr][INFO] - Starting evaluation of initial global parameters
[2024-12-31 14:21:30,835][flwr][INFO] - initial parameters (loss, other metrics): 181.89361929893494, {'accuracy': 0.0892}
[2024-12-31 14:21:30,835][flwr][INFO] - 
[2024-12-31 14:21:30,835][flwr][INFO] - [ROUND 1]
[2024-12-31 14:21:30,835][flwr][INFO] - configure_fit: strategy sampled 2 clients (out of 10)
[2024-12-31 14:21:40,157][flwr][INFO] - aggregate_fit: received 2 results and 0 failures
[2024-12-31 14:21:40,164][flwr][WARNING] - No fit_metrics_aggregation_fn provided
[2024-12-31 14:21:41,534][flwr][INFO] - fit progress: (1, 182.25956654548645, {'accuracy': 0.1028}, 10.698946527998487)
[2024-12-31 14:21:41,534][flwr][INFO] - configure_evaluate: strategy sampled 2 clients (out of 10)
[2024-12-31 14:21:41,937][flwr][INFO] - aggregate_evaluate: received 2 results and 0 failures
[2024-12-31 14:21:41,937][flwr][WARNING] - No evaluate_metrics_aggregation_fn provided
[2024-12-31 14:21:41,937][flwr][INFO] - 
[2024-12-31 14:21:41,937][flwr][INFO] - [ROUND 2]
[2024-12-31 14:21:41,937][flwr][INFO] - configure_fit: strategy sampled 2 clients (out of 10)
[2024-12-31 14:21:48,766][flwr][INFO] - aggregate_fit: received 2 results and 0 failures
[2024-12-31 14:21:49,932][flwr][INFO] - fit progress: (2, 182.59718585014343, {'accuracy': 0.1028}, 19.096734566999658)
[2024-12-31 14:21:49,932][flwr][INFO] - configure_evaluate: strategy sampled 2 clients (out of 10)
[2024-12-31 14:21:50,317][flwr][INFO] - aggregate_evaluate: received 2 results and 0 failures
[2024-12-31 14:21:50,317][flwr][INFO] - 
[2024-12-31 14:21:50,317][flwr][INFO] - [ROUND 3]
[2024-12-31 14:21:50,318][flwr][INFO] - configure_fit: strategy sampled 2 clients (out of 10)
[2024-12-31 14:21:57,212][flwr][INFO] - aggregate_fit: received 2 results and 0 failures
[2024-12-31 14:21:58,487][flwr][INFO] - fit progress: (3, 182.93312335014343, {'accuracy': 0.1032}, 27.652205480000703)
[2024-12-31 14:21:58,487][flwr][INFO] - configure_evaluate: strategy sampled 2 clients (out of 10)
[2024-12-31 14:21:58,903][flwr][INFO] - aggregate_evaluate: received 2 results and 0 failures
[2024-12-31 14:21:58,903][flwr][INFO] - 
[2024-12-31 14:21:58,903][flwr][INFO] - [ROUND 4]
[2024-12-31 14:21:58,904][flwr][INFO] - configure_fit: strategy sampled 2 clients (out of 10)
[2024-12-31 14:22:05,735][flwr][INFO] - aggregate_fit: received 2 results and 0 failures
[2024-12-31 14:22:06,874][flwr][INFO] - fit progress: (4, 182.38690638542175, {'accuracy': 0.101}, 36.03905854799814)
[2024-12-31 14:22:06,874][flwr][INFO] - configure_evaluate: strategy sampled 2 clients (out of 10)
[2024-12-31 14:22:07,262][flwr][INFO] - aggregate_evaluate: received 2 results and 0 failures
[2024-12-31 14:22:07,262][flwr][INFO] - 
[2024-12-31 14:22:07,262][flwr][INFO] - [ROUND 5]
[2024-12-31 14:22:07,262][flwr][INFO] - configure_fit: strategy sampled 2 clients (out of 10)
[2024-12-31 14:22:13,892][flwr][INFO] - aggregate_fit: received 2 results and 0 failures
[2024-12-31 14:22:15,306][flwr][INFO] - fit progress: (5, 182.2237949371338, {'accuracy': 0.1028}, 44.47121830499964)
[2024-12-31 14:22:15,306][flwr][INFO] - configure_evaluate: strategy sampled 2 clients (out of 10)
[2024-12-31 14:22:15,688][flwr][INFO] - aggregate_evaluate: received 2 results and 0 failures
[2024-12-31 14:22:15,688][flwr][INFO] - 
[2024-12-31 14:22:15,688][flwr][INFO] - [ROUND 6]
[2024-12-31 14:22:15,688][flwr][INFO] - configure_fit: strategy sampled 2 clients (out of 10)
[2024-12-31 14:22:22,570][flwr][INFO] - aggregate_fit: received 2 results and 0 failures
[2024-12-31 14:22:24,273][flwr][INFO] - fit progress: (6, 182.54149103164673, {'accuracy': 0.0958}, 53.43805574699945)
[2024-12-31 14:22:24,273][flwr][INFO] - configure_evaluate: strategy sampled 2 clients (out of 10)
[2024-12-31 14:22:24,657][flwr][INFO] - aggregate_evaluate: received 2 results and 0 failures
[2024-12-31 14:22:24,657][flwr][INFO] - 
[2024-12-31 14:22:24,657][flwr][INFO] - [ROUND 7]
[2024-12-31 14:22:24,658][flwr][INFO] - configure_fit: strategy sampled 2 clients (out of 10)
[2024-12-31 14:22:31,305][flwr][INFO] - aggregate_fit: received 2 results and 0 failures
[2024-12-31 14:22:32,515][flwr][INFO] - fit progress: (7, 182.10889339447021, {'accuracy': 0.0958}, 61.6796436500008)
[2024-12-31 14:22:32,515][flwr][INFO] - configure_evaluate: strategy sampled 2 clients (out of 10)
[2024-12-31 14:22:32,911][flwr][INFO] - aggregate_evaluate: received 2 results and 0 failures
[2024-12-31 14:22:32,911][flwr][INFO] - 
[2024-12-31 14:22:32,911][flwr][INFO] - [ROUND 8]
[2024-12-31 14:22:32,911][flwr][INFO] - configure_fit: strategy sampled 2 clients (out of 10)
[2024-12-31 14:22:39,755][flwr][INFO] - aggregate_fit: received 2 results and 0 failures
[2024-12-31 14:22:41,340][flwr][INFO] - fit progress: (8, 182.11928868293762, {'accuracy': 0.1135}, 70.50491981599771)
[2024-12-31 14:22:41,340][flwr][INFO] - configure_evaluate: strategy sampled 2 clients (out of 10)
[2024-12-31 14:22:41,695][flwr][INFO] - aggregate_evaluate: received 2 results and 0 failures
[2024-12-31 14:22:41,695][flwr][INFO] - 
[2024-12-31 14:22:41,695][flwr][INFO] - [ROUND 9]
[2024-12-31 14:22:41,695][flwr][INFO] - configure_fit: strategy sampled 2 clients (out of 10)
[2024-12-31 14:22:48,301][flwr][INFO] - aggregate_fit: received 2 results and 0 failures
[2024-12-31 14:22:49,444][flwr][INFO] - fit progress: (9, 182.01723098754883, {'accuracy': 0.1135}, 78.6090346359997)
[2024-12-31 14:22:49,444][flwr][INFO] - configure_evaluate: strategy sampled 2 clients (out of 10)
[2024-12-31 14:22:49,844][flwr][INFO] - aggregate_evaluate: received 2 results and 0 failures
[2024-12-31 14:22:49,844][flwr][INFO] - 
[2024-12-31 14:22:49,844][flwr][INFO] - [ROUND 10]
[2024-12-31 14:22:49,844][flwr][INFO] - configure_fit: strategy sampled 2 clients (out of 10)
[2024-12-31 14:22:56,518][flwr][INFO] - aggregate_fit: received 2 results and 0 failures
[2024-12-31 14:22:58,283][flwr][INFO] - fit progress: (10, 182.02677512168884, {'accuracy': 0.1135}, 87.44851663699956)
[2024-12-31 14:22:58,284][flwr][INFO] - configure_evaluate: strategy sampled 2 clients (out of 10)
[2024-12-31 14:22:58,632][flwr][INFO] - aggregate_evaluate: received 2 results and 0 failures
[2024-12-31 14:22:58,632][flwr][INFO] - 
[2024-12-31 14:22:58,632][flwr][INFO] - [SUMMARY]
[2024-12-31 14:22:58,632][flwr][INFO] - Run finished 10 round(s) in 87.80s
[2024-12-31 14:22:58,632][flwr][INFO] - 	History (loss, distributed):
[2024-12-31 14:22:58,632][flwr][INFO] - 		round 1: 87.52817404270172
[2024-12-31 14:22:58,633][flwr][INFO] - 		round 2: 87.88776791095734
[2024-12-31 14:22:58,633][flwr][INFO] - 		round 3: 88.13843667507172
[2024-12-31 14:22:58,633][flwr][INFO] - 		round 4: 87.95809471607208
[2024-12-31 14:22:58,633][flwr][INFO] - 		round 5: 87.5246639251709
[2024-12-31 14:22:58,633][flwr][INFO] - 		round 6: 87.60076546669006
[2024-12-31 14:22:58,633][flwr][INFO] - 		round 7: 87.71122932434082
[2024-12-31 14:22:58,633][flwr][INFO] - 		round 8: 87.62557315826416
[2024-12-31 14:22:58,633][flwr][INFO] - 		round 9: 87.46855413913727
[2024-12-31 14:22:58,633][flwr][INFO] - 		round 10: 87.58057856559753
[2024-12-31 14:22:58,633][flwr][INFO] - 	History (loss, centralized):
[2024-12-31 14:22:58,633][flwr][INFO] - 		round 0: 181.89361929893494
[2024-12-31 14:22:58,633][flwr][INFO] - 		round 1: 182.25956654548645
[2024-12-31 14:22:58,634][flwr][INFO] - 		round 2: 182.59718585014343
[2024-12-31 14:22:58,634][flwr][INFO] - 		round 3: 182.93312335014343
[2024-12-31 14:22:58,634][flwr][INFO] - 		round 4: 182.38690638542175
[2024-12-31 14:22:58,634][flwr][INFO] - 		round 5: 182.2237949371338
[2024-12-31 14:22:58,634][flwr][INFO] - 		round 6: 182.54149103164673
[2024-12-31 14:22:58,634][flwr][INFO] - 		round 7: 182.10889339447021
[2024-12-31 14:22:58,634][flwr][INFO] - 		round 8: 182.11928868293762
[2024-12-31 14:22:58,634][flwr][INFO] - 		round 9: 182.01723098754883
[2024-12-31 14:22:58,634][flwr][INFO] - 		round 10: 182.02677512168884
[2024-12-31 14:22:58,634][flwr][INFO] - 	History (metrics, centralized):
[2024-12-31 14:22:58,634][flwr][INFO] - 	{'accuracy': [(0, 0.0892),
[2024-12-31 14:22:58,634][flwr][INFO] - 	              (1, 0.1028),
[2024-12-31 14:22:58,634][flwr][INFO] - 	              (2, 0.1028),
[2024-12-31 14:22:58,635][flwr][INFO] - 	              (3, 0.1032),
[2024-12-31 14:22:58,635][flwr][INFO] - 	              (4, 0.101),
[2024-12-31 14:22:58,635][flwr][INFO] - 	              (5, 0.1028),
[2024-12-31 14:22:58,635][flwr][INFO] - 	              (6, 0.0958),
[2024-12-31 14:22:58,635][flwr][INFO] - 	              (7, 0.0958),
[2024-12-31 14:22:58,635][flwr][INFO] - 	              (8, 0.1135),
[2024-12-31 14:22:58,635][flwr][INFO] - 	              (9, 0.1135),
[2024-12-31 14:22:58,635][flwr][INFO] - 	              (10, 0.1135)]}
[2024-12-31 14:22:58,635][flwr][INFO] - 
