[2024-12-30 23:37:39,698][flwr][INFO] - Starting Flower simulation, config: num_rounds=10, no round_timeout
[2024-12-30 23:37:43,164][flwr][INFO] - Flower VCE: Ray initialized with resources: {'node:__internal_head__': 1.0, 'memory': 6070616064.0, 'object_store_memory': 3035308032.0, 'node:192.168.1.11': 1.0, 'CPU': 12.0}
[2024-12-30 23:37:43,164][flwr][INFO] - Optimize your simulation with Flower VCE: https://flower.ai/docs/framework/how-to-run-simulations.html
[2024-12-30 23:37:43,164][flwr][INFO] - Flower VCE: Resources for each Virtual Client: {'num_cpus': 2, 'num_gpus': 0}
[2024-12-30 23:37:43,172][flwr][INFO] - Flower VCE: Creating VirtualClientEngineActorPool with 6 actors
[2024-12-30 23:37:43,172][flwr][INFO] - [INIT]
[2024-12-30 23:37:43,173][flwr][INFO] - Using initial global parameters provided by strategy
[2024-12-30 23:37:43,173][flwr][INFO] - Starting evaluation of initial global parameters
[2024-12-30 23:37:46,260][flwr][INFO] - initial parameters (loss, other metrics): 181.86190533638, {'accuracy': 0.1221}
[2024-12-30 23:37:46,260][flwr][INFO] - 
[2024-12-30 23:37:46,260][flwr][INFO] - [ROUND 1]
[2024-12-30 23:37:46,261][flwr][INFO] - configure_fit: strategy sampled 2 clients (out of 10)
[2024-12-30 23:37:57,429][flwr][INFO] - aggregate_fit: received 2 results and 0 failures
[2024-12-30 23:37:57,438][flwr][WARNING] - No fit_metrics_aggregation_fn provided
[2024-12-30 23:37:59,103][flwr][INFO] - fit progress: (1, 41.97806247702101, {'accuracy': 0.9231}, 12.842210478997004)
[2024-12-30 23:37:59,103][flwr][INFO] - configure_evaluate: strategy sampled 2 clients (out of 10)
[2024-12-30 23:37:59,501][flwr][INFO] - aggregate_evaluate: received 2 results and 0 failures
[2024-12-30 23:37:59,501][flwr][WARNING] - No evaluate_metrics_aggregation_fn provided
[2024-12-30 23:37:59,502][flwr][INFO] - 
[2024-12-30 23:37:59,502][flwr][INFO] - [ROUND 2]
[2024-12-30 23:37:59,502][flwr][INFO] - configure_fit: strategy sampled 2 clients (out of 10)
[2024-12-30 23:38:08,492][flwr][INFO] - aggregate_fit: received 2 results and 0 failures
[2024-12-30 23:38:10,198][flwr][INFO] - fit progress: (2, 94.27673238515854, {'accuracy': 0.7236}, 23.937822679999954)
[2024-12-30 23:38:10,198][flwr][INFO] - configure_evaluate: strategy sampled 2 clients (out of 10)
[2024-12-30 23:38:10,627][flwr][INFO] - aggregate_evaluate: received 2 results and 0 failures
[2024-12-30 23:38:10,627][flwr][INFO] - 
[2024-12-30 23:38:10,627][flwr][INFO] - [ROUND 3]
[2024-12-30 23:38:10,628][flwr][INFO] - configure_fit: strategy sampled 2 clients (out of 10)
[2024-12-30 23:38:19,579][flwr][INFO] - aggregate_fit: received 2 results and 0 failures
[2024-12-30 23:38:21,407][flwr][INFO] - fit progress: (3, 41.70999060571194, {'accuracy': 0.9229}, 35.1471895379982)
[2024-12-30 23:38:21,408][flwr][INFO] - configure_evaluate: strategy sampled 2 clients (out of 10)
[2024-12-30 23:38:21,755][flwr][INFO] - aggregate_evaluate: received 2 results and 0 failures
[2024-12-30 23:38:21,755][flwr][INFO] - 
[2024-12-30 23:38:21,755][flwr][INFO] - [ROUND 4]
[2024-12-30 23:38:21,755][flwr][INFO] - configure_fit: strategy sampled 2 clients (out of 10)
[2024-12-30 23:38:31,119][flwr][INFO] - aggregate_fit: received 2 results and 0 failures
[2024-12-30 23:38:32,533][flwr][INFO] - fit progress: (4, 12.242350332930982, {'accuracy': 0.96}, 46.272505850000016)
[2024-12-30 23:38:32,533][flwr][INFO] - configure_evaluate: strategy sampled 2 clients (out of 10)
[2024-12-30 23:38:32,932][flwr][INFO] - aggregate_evaluate: received 2 results and 0 failures
[2024-12-30 23:38:32,932][flwr][INFO] - 
[2024-12-30 23:38:32,932][flwr][INFO] - [ROUND 5]
[2024-12-30 23:38:32,933][flwr][INFO] - configure_fit: strategy sampled 2 clients (out of 10)
[2024-12-30 23:38:41,788][flwr][INFO] - aggregate_fit: received 2 results and 0 failures
[2024-12-30 23:38:43,374][flwr][INFO] - fit progress: (5, 12.791328169434564, {'accuracy': 0.9661}, 57.11379580299763)
[2024-12-30 23:38:43,374][flwr][INFO] - configure_evaluate: strategy sampled 2 clients (out of 10)
[2024-12-30 23:38:43,753][flwr][INFO] - aggregate_evaluate: received 2 results and 0 failures
[2024-12-30 23:38:43,753][flwr][INFO] - 
[2024-12-30 23:38:43,753][flwr][INFO] - [ROUND 6]
[2024-12-30 23:38:43,753][flwr][INFO] - configure_fit: strategy sampled 2 clients (out of 10)
[2024-12-30 23:38:53,035][flwr][INFO] - aggregate_fit: received 2 results and 0 failures
[2024-12-30 23:38:54,393][flwr][INFO] - fit progress: (6, 9.177296749292964, {'accuracy': 0.9766}, 68.13301256699924)
[2024-12-30 23:38:54,394][flwr][INFO] - configure_evaluate: strategy sampled 2 clients (out of 10)
[2024-12-30 23:38:54,805][flwr][INFO] - aggregate_evaluate: received 2 results and 0 failures
[2024-12-30 23:38:54,805][flwr][INFO] - 
[2024-12-30 23:38:54,805][flwr][INFO] - [ROUND 7]
[2024-12-30 23:38:54,805][flwr][INFO] - configure_fit: strategy sampled 2 clients (out of 10)
[2024-12-30 23:39:03,857][flwr][INFO] - aggregate_fit: received 2 results and 0 failures
[2024-12-30 23:39:05,482][flwr][INFO] - fit progress: (7, 7.315899106376264, {'accuracy': 0.9774}, 79.22212205799951)
[2024-12-30 23:39:05,483][flwr][INFO] - configure_evaluate: strategy sampled 2 clients (out of 10)
[2024-12-30 23:39:05,861][flwr][INFO] - aggregate_evaluate: received 2 results and 0 failures
[2024-12-30 23:39:05,861][flwr][INFO] - 
[2024-12-30 23:39:05,861][flwr][INFO] - [ROUND 8]
[2024-12-30 23:39:05,862][flwr][INFO] - configure_fit: strategy sampled 2 clients (out of 10)
[2024-12-30 23:39:15,605][flwr][INFO] - aggregate_fit: received 2 results and 0 failures
[2024-12-30 23:39:17,232][flwr][INFO] - fit progress: (8, 5.713059938328456, {'accuracy': 0.9832}, 90.97201544699783)
[2024-12-30 23:39:17,233][flwr][INFO] - configure_evaluate: strategy sampled 2 clients (out of 10)
[2024-12-30 23:39:17,710][flwr][INFO] - aggregate_evaluate: received 2 results and 0 failures
[2024-12-30 23:39:17,711][flwr][INFO] - 
[2024-12-30 23:39:17,711][flwr][INFO] - [ROUND 9]
[2024-12-30 23:39:17,711][flwr][INFO] - configure_fit: strategy sampled 2 clients (out of 10)
[2024-12-30 23:39:27,153][flwr][INFO] - aggregate_fit: received 2 results and 0 failures
[2024-12-30 23:39:28,852][flwr][INFO] - fit progress: (9, 4.597777941217743, {'accuracy': 0.9859}, 102.59216066399676)
[2024-12-30 23:39:28,853][flwr][INFO] - configure_evaluate: strategy sampled 2 clients (out of 10)
[2024-12-30 23:39:29,264][flwr][INFO] - aggregate_evaluate: received 2 results and 0 failures
[2024-12-30 23:39:29,264][flwr][INFO] - 
[2024-12-30 23:39:29,265][flwr][INFO] - [ROUND 10]
[2024-12-30 23:39:29,265][flwr][INFO] - configure_fit: strategy sampled 2 clients (out of 10)
[2024-12-30 23:39:38,228][flwr][INFO] - aggregate_fit: received 2 results and 0 failures
[2024-12-30 23:39:39,662][flwr][INFO] - fit progress: (10, 4.240365621942445, {'accuracy': 0.9885}, 113.40210973899957)
[2024-12-30 23:39:39,663][flwr][INFO] - configure_evaluate: strategy sampled 2 clients (out of 10)
[2024-12-30 23:39:40,062][flwr][INFO] - aggregate_evaluate: received 2 results and 0 failures
[2024-12-30 23:39:40,062][flwr][INFO] - 
[2024-12-30 23:39:40,062][flwr][INFO] - [SUMMARY]
[2024-12-30 23:39:40,062][flwr][INFO] - Run finished 10 round(s) in 113.80s
[2024-12-30 23:39:40,063][flwr][INFO] - 	History (loss, distributed):
[2024-12-30 23:39:40,063][flwr][INFO] - 		round 1: 12.347532632993534
[2024-12-30 23:39:40,063][flwr][INFO] - 		round 2: 22.006128519773483
[2024-12-30 23:39:40,063][flwr][INFO] - 		round 3: 11.974966168403625
[2024-12-30 23:39:40,063][flwr][INFO] - 		round 4: 2.9762627533636987
[2024-12-30 23:39:40,063][flwr][INFO] - 		round 5: 2.959472003392875
[2024-12-30 23:39:40,063][flwr][INFO] - 		round 6: 2.6042629135736206
[2024-12-30 23:39:40,063][flwr][INFO] - 		round 7: 2.622113687709316
[2024-12-30 23:39:40,063][flwr][INFO] - 		round 8: 2.168806503936594
[2024-12-30 23:39:40,063][flwr][INFO] - 		round 9: 1.8217675303626493
[2024-12-30 23:39:40,063][flwr][INFO] - 		round 10: 1.802855873229177
[2024-12-30 23:39:40,063][flwr][INFO] - 	History (loss, centralized):
[2024-12-30 23:39:40,063][flwr][INFO] - 		round 0: 181.86190533638
[2024-12-30 23:39:40,063][flwr][INFO] - 		round 1: 41.97806247702101
[2024-12-30 23:39:40,064][flwr][INFO] - 		round 2: 94.27673238515854
[2024-12-30 23:39:40,064][flwr][INFO] - 		round 3: 41.70999060571194
[2024-12-30 23:39:40,064][flwr][INFO] - 		round 4: 12.242350332930982
[2024-12-30 23:39:40,064][flwr][INFO] - 		round 5: 12.791328169434564
[2024-12-30 23:39:40,064][flwr][INFO] - 		round 6: 9.177296749292964
[2024-12-30 23:39:40,064][flwr][INFO] - 		round 7: 7.315899106376264
[2024-12-30 23:39:40,064][flwr][INFO] - 		round 8: 5.713059938328456
[2024-12-30 23:39:40,064][flwr][INFO] - 		round 9: 4.597777941217743
[2024-12-30 23:39:40,064][flwr][INFO] - 		round 10: 4.240365621942445
[2024-12-30 23:39:40,064][flwr][INFO] - 	History (metrics, centralized):
[2024-12-30 23:39:40,064][flwr][INFO] - 	{'accuracy': [(0, 0.1221),
[2024-12-30 23:39:40,064][flwr][INFO] - 	              (1, 0.9231),
[2024-12-30 23:39:40,064][flwr][INFO] - 	              (2, 0.7236),
[2024-12-30 23:39:40,064][flwr][INFO] - 	              (3, 0.9229),
[2024-12-30 23:39:40,064][flwr][INFO] - 	              (4, 0.96),
[2024-12-30 23:39:40,064][flwr][INFO] - 	              (5, 0.9661),
[2024-12-30 23:39:40,064][flwr][INFO] - 	              (6, 0.9766),
[2024-12-30 23:39:40,064][flwr][INFO] - 	              (7, 0.9774),
[2024-12-30 23:39:40,064][flwr][INFO] - 	              (8, 0.9832),
[2024-12-30 23:39:40,064][flwr][INFO] - 	              (9, 0.9859),
[2024-12-30 23:39:40,064][flwr][INFO] - 	              (10, 0.9885)]}
[2024-12-30 23:39:40,064][flwr][INFO] - 
