[2024-12-30 23:54:23,377][flwr][INFO] - Starting Flower simulation, config: num_rounds=10, no round_timeout
[2024-12-30 23:54:26,788][flwr][INFO] - Flower VCE: Ray initialized with resources: {'node:__internal_head__': 1.0, 'object_store_memory': 3014769868.0, 'memory': 6029539739.0, 'node:192.168.1.11': 1.0, 'CPU': 12.0}
[2024-12-30 23:54:26,789][flwr][INFO] - Optimize your simulation with Flower VCE: https://flower.ai/docs/framework/how-to-run-simulations.html
[2024-12-30 23:54:26,789][flwr][INFO] - Flower VCE: Resources for each Virtual Client: {'num_cpus': 2, 'num_gpus': 0}
[2024-12-30 23:54:26,796][flwr][INFO] - Flower VCE: Creating VirtualClientEngineActorPool with 6 actors
[2024-12-30 23:54:26,796][flwr][INFO] - [INIT]
[2024-12-30 23:54:26,797][flwr][INFO] - Using initial global parameters provided by strategy
[2024-12-30 23:54:26,797][flwr][INFO] - Starting evaluation of initial global parameters
[2024-12-30 23:54:29,753][flwr][INFO] - initial parameters (loss, other metrics): 181.85783791542053, {'accuracy': 0.1162}
[2024-12-30 23:54:29,753][flwr][INFO] - 
[2024-12-30 23:54:29,753][flwr][INFO] - [ROUND 1]
[2024-12-30 23:54:29,757][flwr][INFO] - configure_fit: strategy sampled 2 clients (out of 10)
[2024-12-30 23:54:40,845][flwr][INFO] - aggregate_fit: received 2 results and 0 failures
[2024-12-30 23:54:42,553][flwr][WARNING] - No fit_metrics_aggregation_fn provided
[2024-12-30 23:54:44,206][flwr][INFO] - fit progress: (1, 30.87331111729145, {'accuracy': 0.9659}, 14.452724817001581)
[2024-12-30 23:54:44,206][flwr][INFO] - configure_evaluate: strategy sampled 5 clients (out of 10)
[2024-12-30 23:54:48,506][flwr][INFO] - aggregate_evaluate: received 5 results and 0 failures
[2024-12-30 23:54:48,506][flwr][WARNING] - No evaluate_metrics_aggregation_fn provided
[2024-12-30 23:54:48,506][flwr][INFO] - 
[2024-12-30 23:54:48,506][flwr][INFO] - [ROUND 2]
[2024-12-30 23:54:48,509][flwr][INFO] - configure_fit: strategy sampled 2 clients (out of 10)
[2024-12-30 23:54:57,992][flwr][INFO] - aggregate_fit: received 2 results and 0 failures
[2024-12-30 23:55:00,821][flwr][INFO] - fit progress: (2, 5.8921774621121585, {'accuracy': 0.9797}, 31.067875888002163)
[2024-12-30 23:55:00,821][flwr][INFO] - configure_evaluate: strategy sampled 5 clients (out of 10)
[2024-12-30 23:55:01,580][flwr][INFO] - aggregate_evaluate: received 5 results and 0 failures
[2024-12-30 23:55:01,580][flwr][INFO] - 
[2024-12-30 23:55:01,580][flwr][INFO] - [ROUND 3]
[2024-12-30 23:55:01,583][flwr][INFO] - configure_fit: strategy sampled 2 clients (out of 10)
[2024-12-30 23:55:10,515][flwr][INFO] - aggregate_fit: received 2 results and 0 failures
[2024-12-30 23:55:13,243][flwr][INFO] - fit progress: (3, 4.688128201640211, {'accuracy': 0.983}, 43.49045132700121)
[2024-12-30 23:55:13,244][flwr][INFO] - configure_evaluate: strategy sampled 5 clients (out of 10)
[2024-12-30 23:55:13,981][flwr][INFO] - aggregate_evaluate: received 5 results and 0 failures
[2024-12-30 23:55:13,982][flwr][INFO] - 
[2024-12-30 23:55:13,982][flwr][INFO] - [ROUND 4]
[2024-12-30 23:55:13,985][flwr][INFO] - configure_fit: strategy sampled 2 clients (out of 10)
[2024-12-30 23:55:23,095][flwr][INFO] - aggregate_fit: received 2 results and 0 failures
[2024-12-30 23:55:26,563][flwr][INFO] - fit progress: (4, 3.9958601466205437, {'accuracy': 0.9844}, 56.80963039100243)
[2024-12-30 23:55:26,563][flwr][INFO] - configure_evaluate: strategy sampled 5 clients (out of 10)
[2024-12-30 23:55:27,307][flwr][INFO] - aggregate_evaluate: received 5 results and 0 failures
[2024-12-30 23:55:27,308][flwr][INFO] - 
[2024-12-30 23:55:27,308][flwr][INFO] - [ROUND 5]
[2024-12-30 23:55:27,312][flwr][INFO] - configure_fit: strategy sampled 2 clients (out of 10)
[2024-12-30 23:55:36,247][flwr][INFO] - aggregate_fit: received 2 results and 0 failures
[2024-12-30 23:55:39,549][flwr][INFO] - fit progress: (5, 3.624232613146887, {'accuracy': 0.9857}, 69.79556320200209)
[2024-12-30 23:55:39,549][flwr][INFO] - configure_evaluate: strategy sampled 5 clients (out of 10)
[2024-12-30 23:55:40,244][flwr][INFO] - aggregate_evaluate: received 5 results and 0 failures
[2024-12-30 23:55:40,244][flwr][INFO] - 
[2024-12-30 23:55:40,244][flwr][INFO] - [ROUND 6]
[2024-12-30 23:55:40,248][flwr][INFO] - configure_fit: strategy sampled 2 clients (out of 10)
[2024-12-30 23:55:49,262][flwr][INFO] - aggregate_fit: received 2 results and 0 failures
[2024-12-30 23:55:52,778][flwr][INFO] - fit progress: (6, 3.3692904406198068, {'accuracy': 0.9865}, 83.0253239550002)
[2024-12-30 23:55:52,779][flwr][INFO] - configure_evaluate: strategy sampled 5 clients (out of 10)
[2024-12-30 23:55:53,520][flwr][INFO] - aggregate_evaluate: received 5 results and 0 failures
[2024-12-30 23:55:53,521][flwr][INFO] - 
[2024-12-30 23:55:53,521][flwr][INFO] - [ROUND 7]
[2024-12-30 23:55:53,523][flwr][INFO] - configure_fit: strategy sampled 2 clients (out of 10)
[2024-12-30 23:56:02,518][flwr][INFO] - aggregate_fit: received 2 results and 0 failures
[2024-12-30 23:56:06,014][flwr][INFO] - fit progress: (7, 3.1732693874582765, {'accuracy': 0.9872}, 96.26141603400174)
[2024-12-30 23:56:06,015][flwr][INFO] - configure_evaluate: strategy sampled 5 clients (out of 10)
[2024-12-30 23:56:06,743][flwr][INFO] - aggregate_evaluate: received 5 results and 0 failures
[2024-12-30 23:56:06,743][flwr][INFO] - 
[2024-12-30 23:56:06,743][flwr][INFO] - [ROUND 8]
[2024-12-30 23:56:06,746][flwr][INFO] - configure_fit: strategy sampled 2 clients (out of 10)
[2024-12-30 23:56:15,735][flwr][INFO] - aggregate_fit: received 2 results and 0 failures
[2024-12-30 23:56:18,895][flwr][INFO] - fit progress: (8, 3.1616981253173435, {'accuracy': 0.9869}, 109.14234419700006)
[2024-12-30 23:56:18,896][flwr][INFO] - configure_evaluate: strategy sampled 5 clients (out of 10)
[2024-12-30 23:56:19,650][flwr][INFO] - aggregate_evaluate: received 5 results and 0 failures
[2024-12-30 23:56:19,651][flwr][INFO] - 
[2024-12-30 23:56:19,651][flwr][INFO] - [ROUND 9]
[2024-12-30 23:56:19,654][flwr][INFO] - configure_fit: strategy sampled 2 clients (out of 10)
[2024-12-30 23:56:28,627][flwr][INFO] - aggregate_fit: received 2 results and 0 failures
[2024-12-30 23:56:31,918][flwr][INFO] - fit progress: (9, 3.000157662622769, {'accuracy': 0.9876}, 122.16506297500018)
[2024-12-30 23:56:31,918][flwr][INFO] - configure_evaluate: strategy sampled 5 clients (out of 10)
[2024-12-30 23:56:32,657][flwr][INFO] - aggregate_evaluate: received 5 results and 0 failures
[2024-12-30 23:56:32,657][flwr][INFO] - 
[2024-12-30 23:56:32,657][flwr][INFO] - [ROUND 10]
[2024-12-30 23:56:32,662][flwr][INFO] - configure_fit: strategy sampled 2 clients (out of 10)
[2024-12-30 23:56:41,869][flwr][INFO] - aggregate_fit: received 2 results and 0 failures
[2024-12-30 23:56:45,836][flwr][INFO] - fit progress: (10, 2.8304739011459787, {'accuracy': 0.9887}, 136.08268096300162)
[2024-12-30 23:56:45,836][flwr][INFO] - configure_evaluate: strategy sampled 5 clients (out of 10)
[2024-12-30 23:56:46,616][flwr][INFO] - aggregate_evaluate: received 5 results and 0 failures
[2024-12-30 23:56:46,616][flwr][INFO] - 
[2024-12-30 23:56:46,616][flwr][INFO] - [SUMMARY]
[2024-12-30 23:56:46,616][flwr][INFO] - Run finished 10 round(s) in 136.86s
[2024-12-30 23:56:46,617][flwr][INFO] - 	History (loss, distributed):
[2024-12-30 23:56:46,617][flwr][INFO] - 		round 1: 7.851343154907227
[2024-12-30 23:56:46,617][flwr][INFO] - 		round 2: 1.5294379202648998
[2024-12-30 23:56:46,617][flwr][INFO] - 		round 3: 1.4767734510358423
[2024-12-30 23:56:46,617][flwr][INFO] - 		round 4: 1.1317088178824632
[2024-12-30 23:56:46,617][flwr][INFO] - 		round 5: 1.0691577994497492
[2024-12-30 23:56:46,617][flwr][INFO] - 		round 6: 1.1949563337955624
[2024-12-30 23:56:46,617][flwr][INFO] - 		round 7: 1.0002158636576497
[2024-12-30 23:56:46,617][flwr][INFO] - 		round 8: 1.1039685064431979
[2024-12-30 23:56:46,617][flwr][INFO] - 		round 9: 1.1374916851520538
[2024-12-30 23:56:46,617][flwr][INFO] - 		round 10: 1.0084260273739347
[2024-12-30 23:56:46,618][flwr][INFO] - 	History (loss, centralized):
[2024-12-30 23:56:46,618][flwr][INFO] - 		round 0: 181.85783791542053
[2024-12-30 23:56:46,618][flwr][INFO] - 		round 1: 30.87331111729145
[2024-12-30 23:56:46,618][flwr][INFO] - 		round 2: 5.8921774621121585
[2024-12-30 23:56:46,618][flwr][INFO] - 		round 3: 4.688128201640211
[2024-12-30 23:56:46,618][flwr][INFO] - 		round 4: 3.9958601466205437
[2024-12-30 23:56:46,618][flwr][INFO] - 		round 5: 3.624232613146887
[2024-12-30 23:56:46,618][flwr][INFO] - 		round 6: 3.3692904406198068
[2024-12-30 23:56:46,618][flwr][INFO] - 		round 7: 3.1732693874582765
[2024-12-30 23:56:46,618][flwr][INFO] - 		round 8: 3.1616981253173435
[2024-12-30 23:56:46,618][flwr][INFO] - 		round 9: 3.000157662622769
[2024-12-30 23:56:46,618][flwr][INFO] - 		round 10: 2.8304739011459787
[2024-12-30 23:56:46,618][flwr][INFO] - 	History (metrics, centralized):
[2024-12-30 23:56:46,618][flwr][INFO] - 	{'accuracy': [(0, 0.1162),
[2024-12-30 23:56:46,618][flwr][INFO] - 	              (1, 0.9659),
[2024-12-30 23:56:46,618][flwr][INFO] - 	              (2, 0.9797),
[2024-12-30 23:56:46,618][flwr][INFO] - 	              (3, 0.983),
[2024-12-30 23:56:46,619][flwr][INFO] - 	              (4, 0.9844),
[2024-12-30 23:56:46,619][flwr][INFO] - 	              (5, 0.9857),
[2024-12-30 23:56:46,619][flwr][INFO] - 	              (6, 0.9865),
[2024-12-30 23:56:46,619][flwr][INFO] - 	              (7, 0.9872),
[2024-12-30 23:56:46,619][flwr][INFO] - 	              (8, 0.9869),
[2024-12-30 23:56:46,619][flwr][INFO] - 	              (9, 0.9876),
[2024-12-30 23:56:46,619][flwr][INFO] - 	              (10, 0.9887)]}
[2024-12-30 23:56:46,619][flwr][INFO] - 
