[2025-01-07 20:48:04,833][flwr][INFO] - Starting Flower simulation, config: num_rounds=15, no round_timeout
[2025-01-07 20:48:08,301][flwr][INFO] - Flower VCE: Ray initialized with resources: {'CPU': 12.0, 'node:192.168.1.11': 1.0, 'node:__internal_head__': 1.0, 'memory': 6326557902.0, 'object_store_memory': 3163278950.0}
[2025-01-07 20:48:08,301][flwr][INFO] - Optimize your simulation with Flower VCE: https://flower.ai/docs/framework/how-to-run-simulations.html
[2025-01-07 20:48:08,301][flwr][INFO] - Flower VCE: Resources for each Virtual Client: {'num_cpus': 2, 'num_gpus': 0}
[2025-01-07 20:48:08,308][flwr][INFO] - Flower VCE: Creating VirtualClientEngineActorPool with 6 actors
[2025-01-07 20:48:08,309][flwr][INFO] - [INIT]
[2025-01-07 20:48:08,309][flwr][INFO] - Requesting initial parameters from one random client
[2025-01-07 20:48:11,001][flwr][INFO] - Received initial parameters from one random client
[2025-01-07 20:48:11,001][flwr][INFO] - Starting evaluation of initial global parameters
[2025-01-07 20:48:12,241][flwr][INFO] - initial parameters (loss, other metrics): 182.18332600593567, {'accuracy': 0.101}
[2025-01-07 20:48:12,241][flwr][INFO] - 
[2025-01-07 20:48:12,241][flwr][INFO] - [ROUND 1]
[2025-01-07 20:48:12,241][flwr][INFO] - configure_fit: strategy sampled 2 clients (out of 5)
[2025-01-07 20:48:30,508][flwr][INFO] - aggregate_fit: received 2 results and 0 failures
[2025-01-07 20:48:30,511][flwr][WARNING] - No fit_metrics_aggregation_fn provided
[2025-01-07 20:48:32,318][flwr][INFO] - fit progress: (1, 4.937479237662046, {'accuracy': 0.98}, 20.07700934100285)
[2025-01-07 20:48:32,318][flwr][INFO] - configure_evaluate: strategy sampled 3 clients (out of 5)
[2025-01-07 20:48:34,661][flwr][INFO] - aggregate_evaluate: received 3 results and 0 failures
[2025-01-07 20:48:34,661][flwr][WARNING] - No evaluate_metrics_aggregation_fn provided
[2025-01-07 20:48:34,661][flwr][INFO] - 
[2025-01-07 20:48:34,661][flwr][INFO] - [ROUND 2]
[2025-01-07 20:48:34,662][flwr][INFO] - configure_fit: strategy sampled 2 clients (out of 5)
[2025-01-07 20:48:50,869][flwr][INFO] - aggregate_fit: received 2 results and 0 failures
[2025-01-07 20:48:52,822][flwr][INFO] - fit progress: (2, 3.903805568097596, {'accuracy': 0.9848}, 40.58075903399731)
[2025-01-07 20:48:52,822][flwr][INFO] - configure_evaluate: strategy sampled 3 clients (out of 5)
[2025-01-07 20:48:53,453][flwr][INFO] - aggregate_evaluate: received 3 results and 0 failures
[2025-01-07 20:48:53,454][flwr][INFO] - 
[2025-01-07 20:48:53,454][flwr][INFO] - [ROUND 3]
[2025-01-07 20:48:53,454][flwr][INFO] - configure_fit: strategy sampled 2 clients (out of 5)
[2025-01-07 20:49:09,697][flwr][INFO] - aggregate_fit: received 2 results and 0 failures
[2025-01-07 20:49:11,452][flwr][INFO] - fit progress: (3, 3.2585440524067053, {'accuracy': 0.9889}, 59.21102459899703)
[2025-01-07 20:49:11,452][flwr][INFO] - configure_evaluate: strategy sampled 3 clients (out of 5)
[2025-01-07 20:49:12,053][flwr][INFO] - aggregate_evaluate: received 3 results and 0 failures
[2025-01-07 20:49:12,054][flwr][INFO] - 
[2025-01-07 20:49:12,054][flwr][INFO] - [ROUND 4]
[2025-01-07 20:49:12,054][flwr][INFO] - configure_fit: strategy sampled 2 clients (out of 5)
[2025-01-07 20:49:28,323][flwr][INFO] - aggregate_fit: received 2 results and 0 failures
[2025-01-07 20:49:29,619][flwr][INFO] - fit progress: (4, 3.6418302706340455, {'accuracy': 0.9885}, 77.37770290100161)
[2025-01-07 20:49:29,619][flwr][INFO] - configure_evaluate: strategy sampled 3 clients (out of 5)
[2025-01-07 20:49:30,227][flwr][INFO] - aggregate_evaluate: received 3 results and 0 failures
[2025-01-07 20:49:30,227][flwr][INFO] - 
[2025-01-07 20:49:30,227][flwr][INFO] - [ROUND 5]
[2025-01-07 20:49:30,228][flwr][INFO] - configure_fit: strategy sampled 2 clients (out of 5)
[2025-01-07 20:49:46,544][flwr][INFO] - aggregate_fit: received 2 results and 0 failures
[2025-01-07 20:49:48,238][flwr][INFO] - fit progress: (5, 3.1701799672895845, {'accuracy': 0.9881}, 95.99713138399966)
[2025-01-07 20:49:48,238][flwr][INFO] - configure_evaluate: strategy sampled 3 clients (out of 5)
[2025-01-07 20:49:48,847][flwr][INFO] - aggregate_evaluate: received 3 results and 0 failures
[2025-01-07 20:49:48,848][flwr][INFO] - 
[2025-01-07 20:49:48,848][flwr][INFO] - [ROUND 6]
[2025-01-07 20:49:48,848][flwr][INFO] - configure_fit: strategy sampled 2 clients (out of 5)
[2025-01-07 20:50:04,971][flwr][INFO] - aggregate_fit: received 2 results and 0 failures
[2025-01-07 20:50:06,203][flwr][INFO] - fit progress: (6, 2.5740826101471157, {'accuracy': 0.9907}, 113.96243273199798)
[2025-01-07 20:50:06,204][flwr][INFO] - configure_evaluate: strategy sampled 3 clients (out of 5)
[2025-01-07 20:50:06,848][flwr][INFO] - aggregate_evaluate: received 3 results and 0 failures
[2025-01-07 20:50:06,848][flwr][INFO] - 
[2025-01-07 20:50:06,849][flwr][INFO] - [ROUND 7]
[2025-01-07 20:50:06,849][flwr][INFO] - configure_fit: strategy sampled 2 clients (out of 5)
[2025-01-07 20:50:22,858][flwr][INFO] - aggregate_fit: received 2 results and 0 failures
[2025-01-07 20:50:24,094][flwr][INFO] - fit progress: (7, 2.7822657306932825, {'accuracy': 0.9912}, 131.85347542999807)
[2025-01-07 20:50:24,095][flwr][INFO] - configure_evaluate: strategy sampled 3 clients (out of 5)
[2025-01-07 20:50:24,769][flwr][INFO] - aggregate_evaluate: received 3 results and 0 failures
[2025-01-07 20:50:24,770][flwr][INFO] - 
[2025-01-07 20:50:24,770][flwr][INFO] - [ROUND 8]
[2025-01-07 20:50:24,770][flwr][INFO] - configure_fit: strategy sampled 2 clients (out of 5)
[2025-01-07 20:50:40,652][flwr][INFO] - aggregate_fit: received 2 results and 0 failures
[2025-01-07 20:50:41,881][flwr][INFO] - fit progress: (8, 2.9110947403756455, {'accuracy': 0.9917}, 149.63957089000178)
[2025-01-07 20:50:41,881][flwr][INFO] - configure_evaluate: strategy sampled 3 clients (out of 5)
[2025-01-07 20:50:42,511][flwr][INFO] - aggregate_evaluate: received 3 results and 0 failures
[2025-01-07 20:50:42,511][flwr][INFO] - 
[2025-01-07 20:50:42,511][flwr][INFO] - [ROUND 9]
[2025-01-07 20:50:42,511][flwr][INFO] - configure_fit: strategy sampled 2 clients (out of 5)
[2025-01-07 20:50:58,789][flwr][INFO] - aggregate_fit: received 2 results and 0 failures
[2025-01-07 20:51:00,250][flwr][INFO] - fit progress: (9, 2.857259218996254, {'accuracy': 0.9914}, 168.00905835400044)
[2025-01-07 20:51:00,250][flwr][INFO] - configure_evaluate: strategy sampled 3 clients (out of 5)
[2025-01-07 20:51:00,857][flwr][INFO] - aggregate_evaluate: received 3 results and 0 failures
[2025-01-07 20:51:00,857][flwr][INFO] - 
[2025-01-07 20:51:00,857][flwr][INFO] - [ROUND 10]
[2025-01-07 20:51:00,857][flwr][INFO] - configure_fit: strategy sampled 2 clients (out of 5)
[2025-01-07 20:51:16,902][flwr][INFO] - aggregate_fit: received 2 results and 0 failures
[2025-01-07 20:51:18,309][flwr][INFO] - fit progress: (10, 2.5595133226438094, {'accuracy': 0.9914}, 186.06829431799997)
[2025-01-07 20:51:18,310][flwr][INFO] - configure_evaluate: strategy sampled 3 clients (out of 5)
[2025-01-07 20:51:18,940][flwr][INFO] - aggregate_evaluate: received 3 results and 0 failures
[2025-01-07 20:51:18,940][flwr][INFO] - 
[2025-01-07 20:51:18,941][flwr][INFO] - [ROUND 11]
[2025-01-07 20:51:18,941][flwr][INFO] - configure_fit: strategy sampled 2 clients (out of 5)
[2025-01-07 20:51:35,146][flwr][INFO] - aggregate_fit: received 2 results and 0 failures
[2025-01-07 20:51:36,988][flwr][INFO] - fit progress: (11, 2.602224710198712, {'accuracy': 0.9915}, 204.74712854300014)
[2025-01-07 20:51:36,988][flwr][INFO] - configure_evaluate: strategy sampled 3 clients (out of 5)
[2025-01-07 20:51:37,584][flwr][INFO] - aggregate_evaluate: received 3 results and 0 failures
[2025-01-07 20:51:37,584][flwr][INFO] - 
[2025-01-07 20:51:37,585][flwr][INFO] - [ROUND 12]
[2025-01-07 20:51:37,585][flwr][INFO] - configure_fit: strategy sampled 2 clients (out of 5)
[2025-01-07 20:51:53,745][flwr][INFO] - aggregate_fit: received 2 results and 0 failures
[2025-01-07 20:51:55,320][flwr][INFO] - fit progress: (12, 2.7545638390431915, {'accuracy': 0.9919}, 223.07936465200328)
[2025-01-07 20:51:55,321][flwr][INFO] - configure_evaluate: strategy sampled 3 clients (out of 5)
[2025-01-07 20:51:55,927][flwr][INFO] - aggregate_evaluate: received 3 results and 0 failures
[2025-01-07 20:51:55,928][flwr][INFO] - 
[2025-01-07 20:51:55,928][flwr][INFO] - [ROUND 13]
[2025-01-07 20:51:55,928][flwr][INFO] - configure_fit: strategy sampled 2 clients (out of 5)
[2025-01-07 20:52:11,770][flwr][INFO] - aggregate_fit: received 2 results and 0 failures
[2025-01-07 20:52:13,069][flwr][INFO] - fit progress: (13, 2.5324587072043876, {'accuracy': 0.992}, 240.82802124199952)
[2025-01-07 20:52:13,069][flwr][INFO] - configure_evaluate: strategy sampled 3 clients (out of 5)
[2025-01-07 20:52:13,716][flwr][INFO] - aggregate_evaluate: received 3 results and 0 failures
[2025-01-07 20:52:13,716][flwr][INFO] - 
[2025-01-07 20:52:13,716][flwr][INFO] - [ROUND 14]
[2025-01-07 20:52:13,717][flwr][INFO] - configure_fit: strategy sampled 2 clients (out of 5)
[2025-01-07 20:52:29,924][flwr][INFO] - aggregate_fit: received 2 results and 0 failures
[2025-01-07 20:52:31,559][flwr][INFO] - fit progress: (14, 2.4876712303704736, {'accuracy': 0.9921}, 259.31839847099764)
[2025-01-07 20:52:31,560][flwr][INFO] - configure_evaluate: strategy sampled 3 clients (out of 5)
[2025-01-07 20:52:32,193][flwr][INFO] - aggregate_evaluate: received 3 results and 0 failures
[2025-01-07 20:52:32,194][flwr][INFO] - 
[2025-01-07 20:52:32,194][flwr][INFO] - [ROUND 15]
[2025-01-07 20:52:32,194][flwr][INFO] - configure_fit: strategy sampled 2 clients (out of 5)
[2025-01-07 20:52:48,057][flwr][INFO] - aggregate_fit: received 2 results and 0 failures
[2025-01-07 20:52:50,177][flwr][INFO] - fit progress: (15, 2.7588842200699304, {'accuracy': 0.9912}, 277.93584012499923)
[2025-01-07 20:52:50,177][flwr][INFO] - configure_evaluate: strategy sampled 3 clients (out of 5)
[2025-01-07 20:52:50,731][flwr][INFO] - aggregate_evaluate: received 3 results and 0 failures
[2025-01-07 20:52:50,731][flwr][INFO] - 
[2025-01-07 20:52:50,731][flwr][INFO] - [SUMMARY]
[2025-01-07 20:52:50,731][flwr][INFO] - Run finished 15 round(s) in 278.49s
[2025-01-07 20:52:50,732][flwr][INFO] - 	History (loss, distributed):
[2025-01-07 20:52:50,732][flwr][INFO] - 		round 1: 2.83322063255279
[2025-01-07 20:52:50,732][flwr][INFO] - 		round 2: 2.018123681031284
[2025-01-07 20:52:50,732][flwr][INFO] - 		round 3: 2.145030890336784
[2025-01-07 20:52:50,732][flwr][INFO] - 		round 4: 1.708672538104679
[2025-01-07 20:52:50,733][flwr][INFO] - 		round 5: 1.5952686429431822
[2025-01-07 20:52:50,733][flwr][INFO] - 		round 6: 1.6661348853001527
[2025-01-07 20:52:50,733][flwr][INFO] - 		round 7: 1.976719194464735
[2025-01-07 20:52:50,733][flwr][INFO] - 		round 8: 1.8342108456582669
[2025-01-07 20:52:50,733][flwr][INFO] - 		round 9: 1.5869035242676166
[2025-01-07 20:52:50,733][flwr][INFO] - 		round 10: 1.7173555406645846
[2025-01-07 20:52:50,733][flwr][INFO] - 		round 11: 1.3872344615561047
[2025-01-07 20:52:50,733][flwr][INFO] - 		round 12: 1.5858376607922582
[2025-01-07 20:52:50,733][flwr][INFO] - 		round 13: 1.8569768538313742
[2025-01-07 20:52:50,734][flwr][INFO] - 		round 14: 1.9065568532404835
[2025-01-07 20:52:50,734][flwr][INFO] - 		round 15: 1.7216068760080578
[2025-01-07 20:52:50,734][flwr][INFO] - 	History (loss, centralized):
[2025-01-07 20:52:50,734][flwr][INFO] - 		round 0: 182.18332600593567
[2025-01-07 20:52:50,734][flwr][INFO] - 		round 1: 4.937479237662046
[2025-01-07 20:52:50,734][flwr][INFO] - 		round 2: 3.903805568097596
[2025-01-07 20:52:50,734][flwr][INFO] - 		round 3: 3.2585440524067053
[2025-01-07 20:52:50,734][flwr][INFO] - 		round 4: 3.6418302706340455
[2025-01-07 20:52:50,735][flwr][INFO] - 		round 5: 3.1701799672895845
[2025-01-07 20:52:50,735][flwr][INFO] - 		round 6: 2.5740826101471157
[2025-01-07 20:52:50,735][flwr][INFO] - 		round 7: 2.7822657306932825
[2025-01-07 20:52:50,735][flwr][INFO] - 		round 8: 2.9110947403756455
[2025-01-07 20:52:50,735][flwr][INFO] - 		round 9: 2.857259218996254
[2025-01-07 20:52:50,735][flwr][INFO] - 		round 10: 2.5595133226438094
[2025-01-07 20:52:50,735][flwr][INFO] - 		round 11: 2.602224710198712
[2025-01-07 20:52:50,735][flwr][INFO] - 		round 12: 2.7545638390431915
[2025-01-07 20:52:50,735][flwr][INFO] - 		round 13: 2.5324587072043876
[2025-01-07 20:52:50,736][flwr][INFO] - 		round 14: 2.4876712303704736
[2025-01-07 20:52:50,736][flwr][INFO] - 		round 15: 2.7588842200699304
[2025-01-07 20:52:50,736][flwr][INFO] - 	History (metrics, centralized):
[2025-01-07 20:52:50,736][flwr][INFO] - 	{'accuracy': [(0, 0.101),
[2025-01-07 20:52:50,736][flwr][INFO] - 	              (1, 0.98),
[2025-01-07 20:52:50,736][flwr][INFO] - 	              (2, 0.9848),
[2025-01-07 20:52:50,736][flwr][INFO] - 	              (3, 0.9889),
[2025-01-07 20:52:50,736][flwr][INFO] - 	              (4, 0.9885),
[2025-01-07 20:52:50,736][flwr][INFO] - 	              (5, 0.9881),
[2025-01-07 20:52:50,737][flwr][INFO] - 	              (6, 0.9907),
[2025-01-07 20:52:50,737][flwr][INFO] - 	              (7, 0.9912),
[2025-01-07 20:52:50,737][flwr][INFO] - 	              (8, 0.9917),
[2025-01-07 20:52:50,737][flwr][INFO] - 	              (9, 0.9914),
[2025-01-07 20:52:50,737][flwr][INFO] - 	              (10, 0.9914),
[2025-01-07 20:52:50,737][flwr][INFO] - 	              (11, 0.9915),
[2025-01-07 20:52:50,737][flwr][INFO] - 	              (12, 0.9919),
[2025-01-07 20:52:50,737][flwr][INFO] - 	              (13, 0.992),
[2025-01-07 20:52:50,737][flwr][INFO] - 	              (14, 0.9921),
[2025-01-07 20:52:50,738][flwr][INFO] - 	              (15, 0.9912)]}
[2025-01-07 20:52:50,738][flwr][INFO] - 
