[2025-01-07 18:26:56,638][flwr][INFO] - Starting Flower simulation, config: num_rounds=10, no round_timeout
[2025-01-07 18:27:00,154][flwr][INFO] - Flower VCE: Ray initialized with resources: {'node:__internal_head__': 1.0, 'CPU': 12.0, 'node:192.168.1.11': 1.0, 'memory': 6325746894.0, 'object_store_memory': 3162873446.0}
[2025-01-07 18:27:00,154][flwr][INFO] - Optimize your simulation with Flower VCE: https://flower.ai/docs/framework/how-to-run-simulations.html
[2025-01-07 18:27:00,154][flwr][INFO] - Flower VCE: Resources for each Virtual Client: {'num_cpus': 2, 'num_gpus': 0}
[2025-01-07 18:27:00,164][flwr][INFO] - Flower VCE: Creating VirtualClientEngineActorPool with 6 actors
[2025-01-07 18:27:00,165][flwr][INFO] - [INIT]
[2025-01-07 18:27:00,165][flwr][INFO] - Requesting initial parameters from one random client
[2025-01-07 18:27:02,837][flwr][INFO] - Received initial parameters from one random client
[2025-01-07 18:27:02,838][flwr][INFO] - Starting evaluation of initial global parameters
[2025-01-07 18:27:04,457][flwr][INFO] - initial parameters (loss, other metrics): 181.7855954170227, {'accuracy': 0.1473}
[2025-01-07 18:27:04,457][flwr][INFO] - 
[2025-01-07 18:27:04,457][flwr][INFO] - [ROUND 1]
[2025-01-07 18:27:04,458][flwr][INFO] - configure_fit: strategy sampled 2 clients (out of 20)
[2025-01-07 18:27:11,136][flwr][INFO] - aggregate_fit: received 2 results and 0 failures
[2025-01-07 18:27:11,140][flwr][WARNING] - No fit_metrics_aggregation_fn provided
[2025-01-07 18:27:13,207][flwr][INFO] - fit progress: (1, 102.30710709095001, {'accuracy': 0.7039}, 8.750282590001007)
[2025-01-07 18:27:13,208][flwr][INFO] - configure_evaluate: strategy sampled 2 clients (out of 20)
[2025-01-07 18:27:13,528][flwr][INFO] - aggregate_evaluate: received 2 results and 0 failures
[2025-01-07 18:27:13,528][flwr][WARNING] - No evaluate_metrics_aggregation_fn provided
[2025-01-07 18:27:13,528][flwr][INFO] - 
[2025-01-07 18:27:13,528][flwr][INFO] - [ROUND 2]
[2025-01-07 18:27:13,528][flwr][INFO] - configure_fit: strategy sampled 2 clients (out of 20)
[2025-01-07 18:27:18,013][flwr][INFO] - aggregate_fit: received 2 results and 0 failures
[2025-01-07 18:27:19,549][flwr][INFO] - fit progress: (2, 15.659578974358737, {'accuracy': 0.9532}, 15.091985703002138)
[2025-01-07 18:27:19,549][flwr][INFO] - configure_evaluate: strategy sampled 2 clients (out of 20)
[2025-01-07 18:27:19,886][flwr][INFO] - aggregate_evaluate: received 2 results and 0 failures
[2025-01-07 18:27:19,886][flwr][INFO] - 
[2025-01-07 18:27:19,886][flwr][INFO] - [ROUND 3]
[2025-01-07 18:27:19,886][flwr][INFO] - configure_fit: strategy sampled 2 clients (out of 20)
[2025-01-07 18:27:24,530][flwr][INFO] - aggregate_fit: received 2 results and 0 failures
[2025-01-07 18:27:26,082][flwr][INFO] - fit progress: (3, 11.859377039712854, {'accuracy': 0.9664}, 21.62519953699666)
[2025-01-07 18:27:26,083][flwr][INFO] - configure_evaluate: strategy sampled 2 clients (out of 20)
[2025-01-07 18:27:26,380][flwr][INFO] - aggregate_evaluate: received 2 results and 0 failures
[2025-01-07 18:27:26,380][flwr][INFO] - 
[2025-01-07 18:27:26,380][flwr][INFO] - [ROUND 4]
[2025-01-07 18:27:26,381][flwr][INFO] - configure_fit: strategy sampled 2 clients (out of 20)
[2025-01-07 18:27:30,989][flwr][INFO] - aggregate_fit: received 2 results and 0 failures
[2025-01-07 18:27:32,415][flwr][INFO] - fit progress: (4, 19.20327702537179, {'accuracy': 0.9367}, 27.958051629000693)
[2025-01-07 18:27:32,416][flwr][INFO] - configure_evaluate: strategy sampled 2 clients (out of 20)
[2025-01-07 18:27:32,730][flwr][INFO] - aggregate_evaluate: received 2 results and 0 failures
[2025-01-07 18:27:32,731][flwr][INFO] - 
[2025-01-07 18:27:32,731][flwr][INFO] - [ROUND 5]
[2025-01-07 18:27:32,731][flwr][INFO] - configure_fit: strategy sampled 2 clients (out of 20)
[2025-01-07 18:27:37,375][flwr][INFO] - aggregate_fit: received 2 results and 0 failures
[2025-01-07 18:27:39,068][flwr][INFO] - fit progress: (5, 10.953291042009369, {'accuracy': 0.9668}, 34.6111982279981)
[2025-01-07 18:27:39,069][flwr][INFO] - configure_evaluate: strategy sampled 2 clients (out of 20)
[2025-01-07 18:27:39,399][flwr][INFO] - aggregate_evaluate: received 2 results and 0 failures
[2025-01-07 18:27:39,399][flwr][INFO] - 
[2025-01-07 18:27:39,399][flwr][INFO] - [ROUND 6]
[2025-01-07 18:27:39,399][flwr][INFO] - configure_fit: strategy sampled 2 clients (out of 20)
[2025-01-07 18:27:44,005][flwr][INFO] - aggregate_fit: received 2 results and 0 failures
[2025-01-07 18:27:45,600][flwr][INFO] - fit progress: (6, 10.91362959270191, {'accuracy': 0.9762}, 41.14264183100022)
[2025-01-07 18:27:45,600][flwr][INFO] - configure_evaluate: strategy sampled 2 clients (out of 20)
[2025-01-07 18:27:45,961][flwr][INFO] - aggregate_evaluate: received 2 results and 0 failures
[2025-01-07 18:27:45,961][flwr][INFO] - 
[2025-01-07 18:27:45,961][flwr][INFO] - [ROUND 7]
[2025-01-07 18:27:45,961][flwr][INFO] - configure_fit: strategy sampled 2 clients (out of 20)
[2025-01-07 18:27:50,873][flwr][INFO] - aggregate_fit: received 2 results and 0 failures
[2025-01-07 18:27:52,467][flwr][INFO] - fit progress: (7, 12.840076489024796, {'accuracy': 0.9667}, 48.00939390799613)
[2025-01-07 18:27:52,467][flwr][INFO] - configure_evaluate: strategy sampled 2 clients (out of 20)
[2025-01-07 18:27:52,799][flwr][INFO] - aggregate_evaluate: received 2 results and 0 failures
[2025-01-07 18:27:52,799][flwr][INFO] - 
[2025-01-07 18:27:52,799][flwr][INFO] - [ROUND 8]
[2025-01-07 18:27:52,799][flwr][INFO] - configure_fit: strategy sampled 2 clients (out of 20)
[2025-01-07 18:27:57,961][flwr][INFO] - aggregate_fit: received 2 results and 0 failures
[2025-01-07 18:27:59,338][flwr][INFO] - fit progress: (8, 17.415201000869274, {'accuracy': 0.9513}, 54.880900639000174)
[2025-01-07 18:27:59,338][flwr][INFO] - configure_evaluate: strategy sampled 2 clients (out of 20)
[2025-01-07 18:27:59,654][flwr][INFO] - aggregate_evaluate: received 2 results and 0 failures
[2025-01-07 18:27:59,654][flwr][INFO] - 
[2025-01-07 18:27:59,654][flwr][INFO] - [ROUND 9]
[2025-01-07 18:27:59,655][flwr][INFO] - configure_fit: strategy sampled 2 clients (out of 20)
[2025-01-07 18:28:05,370][flwr][INFO] - aggregate_fit: received 2 results and 0 failures
[2025-01-07 18:28:06,555][flwr][INFO] - fit progress: (9, 10.86969251395658, {'accuracy': 0.9754}, 62.098144074996526)
[2025-01-07 18:28:06,556][flwr][INFO] - configure_evaluate: strategy sampled 2 clients (out of 20)
[2025-01-07 18:28:06,921][flwr][INFO] - aggregate_evaluate: received 2 results and 0 failures
[2025-01-07 18:28:06,922][flwr][INFO] - 
[2025-01-07 18:28:06,922][flwr][INFO] - [ROUND 10]
[2025-01-07 18:28:06,922][flwr][INFO] - configure_fit: strategy sampled 2 clients (out of 20)
[2025-01-07 18:28:12,336][flwr][INFO] - aggregate_fit: received 2 results and 0 failures
[2025-01-07 18:28:14,004][flwr][INFO] - fit progress: (10, 203.92137122154236, {'accuracy': 0.0748}, 69.54710806799994)
[2025-01-07 18:28:14,005][flwr][INFO] - configure_evaluate: strategy sampled 2 clients (out of 20)
[2025-01-07 18:28:14,308][flwr][INFO] - aggregate_evaluate: received 2 results and 0 failures
[2025-01-07 18:28:14,308][flwr][INFO] - 
[2025-01-07 18:28:14,308][flwr][INFO] - [SUMMARY]
[2025-01-07 18:28:14,308][flwr][INFO] - Run finished 10 round(s) in 69.85s
[2025-01-07 18:28:14,309][flwr][INFO] - 	History (loss, distributed):
[2025-01-07 18:28:14,309][flwr][INFO] - 		round 1: 13.452211678028107
[2025-01-07 18:28:14,309][flwr][INFO] - 		round 2: 2.0978703228756785
[2025-01-07 18:28:14,309][flwr][INFO] - 		round 3: 1.2692097073886544
[2025-01-07 18:28:14,309][flwr][INFO] - 		round 4: 3.052772520730585
[2025-01-07 18:28:14,309][flwr][INFO] - 		round 5: 1.0213892583269626
[2025-01-07 18:28:14,309][flwr][INFO] - 		round 6: 1.860547208267235
[2025-01-07 18:28:14,310][flwr][INFO] - 		round 7: 1.9600587040185928
[2025-01-07 18:28:14,310][flwr][INFO] - 		round 8: 2.6578219577204436
[2025-01-07 18:28:14,310][flwr][INFO] - 		round 9: 3.7739845743499245
[2025-01-07 18:28:14,310][flwr][INFO] - 		round 10: 24.326428532600403
[2025-01-07 18:28:14,310][flwr][INFO] - 	History (loss, centralized):
[2025-01-07 18:28:14,310][flwr][INFO] - 		round 0: 181.7855954170227
[2025-01-07 18:28:14,310][flwr][INFO] - 		round 1: 102.30710709095001
[2025-01-07 18:28:14,310][flwr][INFO] - 		round 2: 15.659578974358737
[2025-01-07 18:28:14,310][flwr][INFO] - 		round 3: 11.859377039712854
[2025-01-07 18:28:14,310][flwr][INFO] - 		round 4: 19.20327702537179
[2025-01-07 18:28:14,310][flwr][INFO] - 		round 5: 10.953291042009369
[2025-01-07 18:28:14,310][flwr][INFO] - 		round 6: 10.91362959270191
[2025-01-07 18:28:14,310][flwr][INFO] - 		round 7: 12.840076489024796
[2025-01-07 18:28:14,311][flwr][INFO] - 		round 8: 17.415201000869274
[2025-01-07 18:28:14,311][flwr][INFO] - 		round 9: 10.86969251395658
[2025-01-07 18:28:14,311][flwr][INFO] - 		round 10: 203.92137122154236
[2025-01-07 18:28:14,311][flwr][INFO] - 	History (metrics, centralized):
[2025-01-07 18:28:14,311][flwr][INFO] - 	{'accuracy': [(0, 0.1473),
[2025-01-07 18:28:14,311][flwr][INFO] - 	              (1, 0.7039),
[2025-01-07 18:28:14,311][flwr][INFO] - 	              (2, 0.9532),
[2025-01-07 18:28:14,311][flwr][INFO] - 	              (3, 0.9664),
[2025-01-07 18:28:14,311][flwr][INFO] - 	              (4, 0.9367),
[2025-01-07 18:28:14,311][flwr][INFO] - 	              (5, 0.9668),
[2025-01-07 18:28:14,311][flwr][INFO] - 	              (6, 0.9762),
[2025-01-07 18:28:14,311][flwr][INFO] - 	              (7, 0.9667),
[2025-01-07 18:28:14,311][flwr][INFO] - 	              (8, 0.9513),
[2025-01-07 18:28:14,311][flwr][INFO] - 	              (9, 0.9754),
[2025-01-07 18:28:14,311][flwr][INFO] - 	              (10, 0.0748)]}
[2025-01-07 18:28:14,311][flwr][INFO] - 
