[2024-12-30 10:21:14,668][flwr][INFO] - Starting Flower simulation, config: num_rounds=10, no round_timeout
[2024-12-30 10:21:14,714][filelock][INFO] - Lock 126313190905600 acquired on /tmp/ray/session_2024-12-30_10-21-14_714387_286738/node_ip_address.json.lock
[2024-12-30 10:21:14,715][filelock][INFO] - Lock 126313190905600 released on /tmp/ray/session_2024-12-30_10-21-14_714387_286738/node_ip_address.json.lock
[2024-12-30 10:21:14,715][filelock][INFO] - Lock 126313190404592 acquired on /tmp/ray/session_2024-12-30_10-21-14_714387_286738/ports_by_node.json.lock
[2024-12-30 10:21:14,715][filelock][INFO] - Lock 126313190404592 released on /tmp/ray/session_2024-12-30_10-21-14_714387_286738/ports_by_node.json.lock
[2024-12-30 10:21:14,715][filelock][INFO] - Lock 126313190406656 acquired on /tmp/ray/session_2024-12-30_10-21-14_714387_286738/ports_by_node.json.lock
[2024-12-30 10:21:14,715][filelock][INFO] - Lock 126313190406656 released on /tmp/ray/session_2024-12-30_10-21-14_714387_286738/ports_by_node.json.lock
[2024-12-30 10:21:14,715][filelock][INFO] - Lock 126313190404592 acquired on /tmp/ray/session_2024-12-30_10-21-14_714387_286738/ports_by_node.json.lock
[2024-12-30 10:21:14,715][filelock][INFO] - Lock 126313190404592 released on /tmp/ray/session_2024-12-30_10-21-14_714387_286738/ports_by_node.json.lock
[2024-12-30 10:21:14,715][filelock][INFO] - Lock 126313190559600 acquired on /tmp/ray/session_2024-12-30_10-21-14_714387_286738/ports_by_node.json.lock
[2024-12-30 10:21:14,716][filelock][INFO] - Lock 126313190559600 released on /tmp/ray/session_2024-12-30_10-21-14_714387_286738/ports_by_node.json.lock
[2024-12-30 10:21:14,716][filelock][INFO] - Lock 126313190558592 acquired on /tmp/ray/session_2024-12-30_10-21-14_714387_286738/ports_by_node.json.lock
[2024-12-30 10:21:14,716][filelock][INFO] - Lock 126313190558592 released on /tmp/ray/session_2024-12-30_10-21-14_714387_286738/ports_by_node.json.lock
[2024-12-30 10:21:16,790][flwr][INFO] - Flower VCE: Ray initialized with resources: {'CPU': 12.0, 'node:192.168.1.11': 1.0, 'object_store_memory': 2538242457.0, 'memory': 5076484916.0, 'node:__internal_head__': 1.0}
[2024-12-30 10:21:16,790][flwr][INFO] - Optimize your simulation with Flower VCE: https://flower.ai/docs/framework/how-to-run-simulations.html
[2024-12-30 10:21:16,790][flwr][INFO] - Flower VCE: Resources for each Virtual Client: {'num_cpus': 2, 'num_gpus': 0}
[2024-12-30 10:21:16,796][flwr][INFO] - Flower VCE: Creating VirtualClientEngineActorPool with 6 actors
[2024-12-30 10:21:16,797][flwr][INFO] - [INIT]
[2024-12-30 10:21:16,797][flwr][INFO] - Using initial global parameters provided by strategy
[2024-12-30 10:21:16,797][flwr][INFO] - Starting evaluation of initial global parameters
[2024-12-30 10:21:18,701][flwr][INFO] - initial parameters (loss, other metrics): 182.22812461853027, {'accuracy': 0.1094}
[2024-12-30 10:21:18,701][flwr][INFO] - 
[2024-12-30 10:21:18,701][flwr][INFO] - [ROUND 1]
[2024-12-30 10:21:18,701][flwr][INFO] - configure_fit: strategy sampled 2 clients (out of 10)
[2024-12-30 10:21:21,519][flwr][INFO] - aggregate_fit: received 2 results and 0 failures
[2024-12-30 10:21:21,523][flwr][WARNING] - No fit_metrics_aggregation_fn provided
[2024-12-30 10:21:22,218][flwr][INFO] - fit progress: (1, 14.278962228447199, {'accuracy': 0.9468}, 3.5168782860000647)
[2024-12-30 10:21:22,218][flwr][INFO] - configure_evaluate: strategy sampled 2 clients (out of 10)
[2024-12-30 10:21:22,459][flwr][INFO] - aggregate_evaluate: received 2 results and 0 failures
[2024-12-30 10:21:22,459][flwr][WARNING] - No evaluate_metrics_aggregation_fn provided
[2024-12-30 10:21:22,459][flwr][INFO] - 
[2024-12-30 10:21:22,459][flwr][INFO] - [ROUND 2]
[2024-12-30 10:21:22,459][flwr][INFO] - configure_fit: strategy sampled 2 clients (out of 10)
[2024-12-30 10:21:23,923][flwr][INFO] - aggregate_fit: received 2 results and 0 failures
[2024-12-30 10:21:25,456][flwr][INFO] - fit progress: (2, 9.296950020594522, {'accuracy': 0.9624}, 6.755576929999734)
[2024-12-30 10:21:25,457][flwr][INFO] - configure_evaluate: strategy sampled 2 clients (out of 10)
[2024-12-30 10:21:25,730][flwr][INFO] - aggregate_evaluate: received 2 results and 0 failures
[2024-12-30 10:21:25,731][flwr][INFO] - 
[2024-12-30 10:21:25,731][flwr][INFO] - [ROUND 3]
[2024-12-30 10:21:25,731][flwr][INFO] - configure_fit: strategy sampled 2 clients (out of 10)
[2024-12-30 10:21:27,160][flwr][INFO] - aggregate_fit: received 2 results and 0 failures
[2024-12-30 10:21:28,304][flwr][INFO] - fit progress: (3, 6.496425919816829, {'accuracy': 0.9742}, 9.603541135998967)
[2024-12-30 10:21:28,305][flwr][INFO] - configure_evaluate: strategy sampled 2 clients (out of 10)
[2024-12-30 10:21:28,568][flwr][INFO] - aggregate_evaluate: received 2 results and 0 failures
[2024-12-30 10:21:28,568][flwr][INFO] - 
[2024-12-30 10:21:28,568][flwr][INFO] - [ROUND 4]
[2024-12-30 10:21:28,568][flwr][INFO] - configure_fit: strategy sampled 2 clients (out of 10)
[2024-12-30 10:21:29,935][flwr][INFO] - aggregate_fit: received 2 results and 0 failures
[2024-12-30 10:21:31,270][flwr][INFO] - fit progress: (4, 5.764083331916481, {'accuracy': 0.9764}, 12.568762636999963)
[2024-12-30 10:21:31,270][flwr][INFO] - configure_evaluate: strategy sampled 2 clients (out of 10)
[2024-12-30 10:21:31,531][flwr][INFO] - aggregate_evaluate: received 2 results and 0 failures
[2024-12-30 10:21:31,532][flwr][INFO] - 
[2024-12-30 10:21:31,532][flwr][INFO] - [ROUND 5]
[2024-12-30 10:21:31,532][flwr][INFO] - configure_fit: strategy sampled 2 clients (out of 10)
[2024-12-30 10:21:32,947][flwr][INFO] - aggregate_fit: received 2 results and 0 failures
[2024-12-30 10:21:33,619][flwr][INFO] - fit progress: (5, 5.0867692361352965, {'accuracy': 0.9794}, 14.91811648699877)
[2024-12-30 10:21:33,619][flwr][INFO] - configure_evaluate: strategy sampled 2 clients (out of 10)
[2024-12-30 10:21:33,869][flwr][INFO] - aggregate_evaluate: received 2 results and 0 failures
[2024-12-30 10:21:33,869][flwr][INFO] - 
[2024-12-30 10:21:33,869][flwr][INFO] - [ROUND 6]
[2024-12-30 10:21:33,869][flwr][INFO] - configure_fit: strategy sampled 2 clients (out of 10)
[2024-12-30 10:21:35,301][flwr][INFO] - aggregate_fit: received 2 results and 0 failures
[2024-12-30 10:21:35,986][flwr][INFO] - fit progress: (6, 4.363375953165814, {'accuracy': 0.982}, 17.285316626999702)
[2024-12-30 10:21:35,986][flwr][INFO] - configure_evaluate: strategy sampled 2 clients (out of 10)
[2024-12-30 10:21:36,267][flwr][INFO] - aggregate_evaluate: received 2 results and 0 failures
[2024-12-30 10:21:36,267][flwr][INFO] - 
[2024-12-30 10:21:36,267][flwr][INFO] - [ROUND 7]
[2024-12-30 10:21:36,268][flwr][INFO] - configure_fit: strategy sampled 2 clients (out of 10)
[2024-12-30 10:21:37,744][flwr][INFO] - aggregate_fit: received 2 results and 0 failures
[2024-12-30 10:21:38,436][flwr][INFO] - fit progress: (7, 5.460211940226145, {'accuracy': 0.9785}, 19.735120913999708)
[2024-12-30 10:21:38,436][flwr][INFO] - configure_evaluate: strategy sampled 2 clients (out of 10)
[2024-12-30 10:21:38,686][flwr][INFO] - aggregate_evaluate: received 2 results and 0 failures
[2024-12-30 10:21:38,686][flwr][INFO] - 
[2024-12-30 10:21:38,686][flwr][INFO] - [ROUND 8]
[2024-12-30 10:21:38,687][flwr][INFO] - configure_fit: strategy sampled 2 clients (out of 10)
[2024-12-30 10:21:40,155][flwr][INFO] - aggregate_fit: received 2 results and 0 failures
[2024-12-30 10:21:40,934][flwr][INFO] - fit progress: (8, 4.027149852074217, {'accuracy': 0.9851}, 22.233241945999907)
[2024-12-30 10:21:40,934][flwr][INFO] - configure_evaluate: strategy sampled 2 clients (out of 10)
[2024-12-30 10:21:41,217][flwr][INFO] - aggregate_evaluate: received 2 results and 0 failures
[2024-12-30 10:21:41,217][flwr][INFO] - 
[2024-12-30 10:21:41,217][flwr][INFO] - [ROUND 9]
[2024-12-30 10:21:41,218][flwr][INFO] - configure_fit: strategy sampled 2 clients (out of 10)
[2024-12-30 10:21:42,967][flwr][INFO] - aggregate_fit: received 2 results and 0 failures
[2024-12-30 10:21:43,989][flwr][INFO] - fit progress: (9, 4.231849900970701, {'accuracy': 0.9844}, 25.288332477999575)
[2024-12-30 10:21:43,989][flwr][INFO] - configure_evaluate: strategy sampled 2 clients (out of 10)
[2024-12-30 10:21:44,302][flwr][INFO] - aggregate_evaluate: received 2 results and 0 failures
[2024-12-30 10:21:44,302][flwr][INFO] - 
[2024-12-30 10:21:44,302][flwr][INFO] - [ROUND 10]
[2024-12-30 10:21:44,302][flwr][INFO] - configure_fit: strategy sampled 2 clients (out of 10)
[2024-12-30 10:21:46,134][flwr][INFO] - aggregate_fit: received 2 results and 0 failures
[2024-12-30 10:21:47,045][flwr][INFO] - fit progress: (10, 3.837925473577343, {'accuracy': 0.9856}, 28.344333205999646)
[2024-12-30 10:21:47,045][flwr][INFO] - configure_evaluate: strategy sampled 2 clients (out of 10)
[2024-12-30 10:21:47,347][flwr][INFO] - aggregate_evaluate: received 2 results and 0 failures
[2024-12-30 10:21:47,347][flwr][INFO] - 
[2024-12-30 10:21:47,347][flwr][INFO] - [SUMMARY]
[2024-12-30 10:21:47,347][flwr][INFO] - Run finished 10 round(s) in 28.65s
[2024-12-30 10:21:47,348][flwr][INFO] - 	History (loss, distributed):
[2024-12-30 10:21:47,348][flwr][INFO] - 		round 1: 5.5440610237419605
[2024-12-30 10:21:47,348][flwr][INFO] - 		round 2: 3.7503484752960503
[2024-12-30 10:21:47,348][flwr][INFO] - 		round 3: 3.1993489351589233
[2024-12-30 10:21:47,348][flwr][INFO] - 		round 4: 2.196271167427767
[2024-12-30 10:21:47,348][flwr][INFO] - 		round 5: 2.497480267076753
[2024-12-30 10:21:47,348][flwr][INFO] - 		round 6: 2.454928174498491
[2024-12-30 10:21:47,348][flwr][INFO] - 		round 7: 2.449188998376485
[2024-12-30 10:21:47,348][flwr][INFO] - 		round 8: 1.7667888901487458
[2024-12-30 10:21:47,348][flwr][INFO] - 		round 9: 1.9561142415041104
[2024-12-30 10:21:47,348][flwr][INFO] - 		round 10: 2.2702518207115645
[2024-12-30 10:21:47,348][flwr][INFO] - 	History (loss, centralized):
[2024-12-30 10:21:47,348][flwr][INFO] - 		round 0: 182.22812461853027
[2024-12-30 10:21:47,348][flwr][INFO] - 		round 1: 14.278962228447199
[2024-12-30 10:21:47,348][flwr][INFO] - 		round 2: 9.296950020594522
[2024-12-30 10:21:47,348][flwr][INFO] - 		round 3: 6.496425919816829
[2024-12-30 10:21:47,348][flwr][INFO] - 		round 4: 5.764083331916481
[2024-12-30 10:21:47,348][flwr][INFO] - 		round 5: 5.0867692361352965
[2024-12-30 10:21:47,348][flwr][INFO] - 		round 6: 4.363375953165814
[2024-12-30 10:21:47,348][flwr][INFO] - 		round 7: 5.460211940226145
[2024-12-30 10:21:47,348][flwr][INFO] - 		round 8: 4.027149852074217
[2024-12-30 10:21:47,348][flwr][INFO] - 		round 9: 4.231849900970701
[2024-12-30 10:21:47,348][flwr][INFO] - 		round 10: 3.837925473577343
[2024-12-30 10:21:47,348][flwr][INFO] - 	History (metrics, centralized):
[2024-12-30 10:21:47,348][flwr][INFO] - 	{'accuracy': [(0, 0.1094),
[2024-12-30 10:21:47,348][flwr][INFO] - 	              (1, 0.9468),
[2024-12-30 10:21:47,348][flwr][INFO] - 	              (2, 0.9624),
[2024-12-30 10:21:47,349][flwr][INFO] - 	              (3, 0.9742),
[2024-12-30 10:21:47,349][flwr][INFO] - 	              (4, 0.9764),
[2024-12-30 10:21:47,349][flwr][INFO] - 	              (5, 0.9794),
[2024-12-30 10:21:47,349][flwr][INFO] - 	              (6, 0.982),
[2024-12-30 10:21:47,349][flwr][INFO] - 	              (7, 0.9785),
[2024-12-30 10:21:47,349][flwr][INFO] - 	              (8, 0.9851),
[2024-12-30 10:21:47,349][flwr][INFO] - 	              (9, 0.9844),
[2024-12-30 10:21:47,349][flwr][INFO] - 	              (10, 0.9856)]}
[2024-12-30 10:21:47,349][flwr][INFO] - 
