[2024-12-31 15:24:06,053][flwr][INFO] - Starting Flower simulation, config: num_rounds=10, no round_timeout
[2024-12-31 15:24:09,337][flwr][INFO] - Flower VCE: Ray initialized with resources: {'CPU': 12.0, 'node:192.168.1.11': 1.0, 'memory': 5826438759.0, 'object_store_memory': 2913219379.0, 'node:__internal_head__': 1.0}
[2024-12-31 15:24:09,337][flwr][INFO] - Optimize your simulation with Flower VCE: https://flower.ai/docs/framework/how-to-run-simulations.html
[2024-12-31 15:24:09,337][flwr][INFO] - Flower VCE: Resources for each Virtual Client: {'num_cpus': 2, 'num_gpus': 0}
[2024-12-31 15:24:09,344][flwr][INFO] - Flower VCE: Creating VirtualClientEngineActorPool with 6 actors
[2024-12-31 15:24:09,344][flwr][INFO] - [INIT]
[2024-12-31 15:24:09,344][flwr][INFO] - Using initial global parameters provided by strategy
[2024-12-31 15:24:09,344][flwr][INFO] - Starting evaluation of initial global parameters
[2024-12-31 15:24:12,666][flwr][INFO] - initial parameters (loss, other metrics): 181.50549483299255, {'accuracy': 0.1256}
[2024-12-31 15:24:12,666][flwr][INFO] - 
[2024-12-31 15:24:12,666][flwr][INFO] - [ROUND 1]
[2024-12-31 15:24:12,667][flwr][INFO] - configure_fit: strategy sampled 2 clients (out of 10)
[2024-12-31 15:24:20,266][flwr][INFO] - aggregate_fit: received 2 results and 0 failures
[2024-12-31 15:24:20,278][flwr][WARNING] - No fit_metrics_aggregation_fn provided
[2024-12-31 15:24:21,773][flwr][INFO] - fit progress: (1, 188.05875253677368, {'accuracy': 0.0876}, 9.106946485000663)
[2024-12-31 15:24:21,774][flwr][INFO] - configure_evaluate: strategy sampled 5 clients (out of 10)
[2024-12-31 15:24:25,827][flwr][INFO] - aggregate_evaluate: received 5 results and 0 failures
[2024-12-31 15:24:25,827][flwr][WARNING] - No evaluate_metrics_aggregation_fn provided
[2024-12-31 15:24:25,827][flwr][INFO] - 
[2024-12-31 15:24:25,827][flwr][INFO] - [ROUND 2]
[2024-12-31 15:24:25,828][flwr][INFO] - configure_fit: strategy sampled 2 clients (out of 10)
[2024-12-31 15:24:31,083][flwr][INFO] - aggregate_fit: received 2 results and 0 failures
[2024-12-31 15:24:32,785][flwr][INFO] - fit progress: (2, 139.08249354362488, {'accuracy': 0.3362}, 20.11856723100209)
[2024-12-31 15:24:32,785][flwr][INFO] - configure_evaluate: strategy sampled 5 clients (out of 10)
[2024-12-31 15:24:33,499][flwr][INFO] - aggregate_evaluate: received 5 results and 0 failures
[2024-12-31 15:24:33,499][flwr][INFO] - 
[2024-12-31 15:24:33,499][flwr][INFO] - [ROUND 3]
[2024-12-31 15:24:33,500][flwr][INFO] - configure_fit: strategy sampled 2 clients (out of 10)
[2024-12-31 15:24:38,953][flwr][INFO] - aggregate_fit: received 2 results and 0 failures
[2024-12-31 15:24:40,845][flwr][INFO] - fit progress: (3, 89.51466423273087, {'accuracy': 0.663}, 28.178380026001832)
[2024-12-31 15:24:40,845][flwr][INFO] - configure_evaluate: strategy sampled 5 clients (out of 10)
[2024-12-31 15:24:41,534][flwr][INFO] - aggregate_evaluate: received 5 results and 0 failures
[2024-12-31 15:24:41,534][flwr][INFO] - 
[2024-12-31 15:24:41,534][flwr][INFO] - [ROUND 4]
[2024-12-31 15:24:41,535][flwr][INFO] - configure_fit: strategy sampled 2 clients (out of 10)
[2024-12-31 15:24:46,943][flwr][INFO] - aggregate_fit: received 2 results and 0 failures
[2024-12-31 15:24:48,599][flwr][INFO] - fit progress: (4, 105.63267147541046, {'accuracy': 0.6276}, 35.93268401399837)
[2024-12-31 15:24:48,599][flwr][INFO] - configure_evaluate: strategy sampled 5 clients (out of 10)
[2024-12-31 15:24:49,350][flwr][INFO] - aggregate_evaluate: received 5 results and 0 failures
[2024-12-31 15:24:49,350][flwr][INFO] - 
[2024-12-31 15:24:49,350][flwr][INFO] - [ROUND 5]
[2024-12-31 15:24:49,351][flwr][INFO] - configure_fit: strategy sampled 2 clients (out of 10)
[2024-12-31 15:24:54,695][flwr][INFO] - aggregate_fit: received 2 results and 0 failures
[2024-12-31 15:24:56,760][flwr][INFO] - fit progress: (5, 182.01766300201416, {'accuracy': 0.1135}, 44.09417231199768)
[2024-12-31 15:24:56,761][flwr][INFO] - configure_evaluate: strategy sampled 5 clients (out of 10)
[2024-12-31 15:24:57,666][flwr][INFO] - aggregate_evaluate: received 5 results and 0 failures
[2024-12-31 15:24:57,667][flwr][INFO] - 
[2024-12-31 15:24:57,667][flwr][INFO] - [ROUND 6]
[2024-12-31 15:24:57,667][flwr][INFO] - configure_fit: strategy sampled 2 clients (out of 10)
[2024-12-31 15:25:03,445][flwr][INFO] - aggregate_fit: received 2 results and 0 failures
[2024-12-31 15:25:05,233][flwr][INFO] - fit progress: (6, 182.17600178718567, {'accuracy': 0.1032}, 52.56707912500133)
[2024-12-31 15:25:05,234][flwr][INFO] - configure_evaluate: strategy sampled 5 clients (out of 10)
[2024-12-31 15:25:06,042][flwr][INFO] - aggregate_evaluate: received 5 results and 0 failures
[2024-12-31 15:25:06,042][flwr][INFO] - 
[2024-12-31 15:25:06,042][flwr][INFO] - [ROUND 7]
[2024-12-31 15:25:06,043][flwr][INFO] - configure_fit: strategy sampled 2 clients (out of 10)
[2024-12-31 15:25:12,398][flwr][INFO] - aggregate_fit: received 2 results and 0 failures
[2024-12-31 15:25:14,600][flwr][INFO] - fit progress: (7, 181.93321108818054, {'accuracy': 0.0958}, 61.93408564400306)
[2024-12-31 15:25:14,601][flwr][INFO] - configure_evaluate: strategy sampled 5 clients (out of 10)
[2024-12-31 15:25:15,424][flwr][INFO] - aggregate_evaluate: received 5 results and 0 failures
[2024-12-31 15:25:15,424][flwr][INFO] - 
[2024-12-31 15:25:15,424][flwr][INFO] - [ROUND 8]
[2024-12-31 15:25:15,425][flwr][INFO] - configure_fit: strategy sampled 2 clients (out of 10)
[2024-12-31 15:25:20,703][flwr][INFO] - aggregate_fit: received 2 results and 0 failures
[2024-12-31 15:25:22,102][flwr][INFO] - fit progress: (8, 181.87211775779724, {'accuracy': 0.1135}, 69.4355280680029)
[2024-12-31 15:25:22,102][flwr][INFO] - configure_evaluate: strategy sampled 5 clients (out of 10)
[2024-12-31 15:25:23,076][flwr][INFO] - aggregate_evaluate: received 5 results and 0 failures
[2024-12-31 15:25:23,077][flwr][INFO] - 
[2024-12-31 15:25:23,077][flwr][INFO] - [ROUND 9]
[2024-12-31 15:25:23,077][flwr][INFO] - configure_fit: strategy sampled 2 clients (out of 10)
[2024-12-31 15:25:28,415][flwr][INFO] - aggregate_fit: received 2 results and 0 failures
[2024-12-31 15:25:30,429][flwr][INFO] - fit progress: (9, 181.90260815620422, {'accuracy': 0.1135}, 77.76275752900256)
[2024-12-31 15:25:30,429][flwr][INFO] - configure_evaluate: strategy sampled 5 clients (out of 10)
[2024-12-31 15:25:31,112][flwr][INFO] - aggregate_evaluate: received 5 results and 0 failures
[2024-12-31 15:25:31,113][flwr][INFO] - 
[2024-12-31 15:25:31,113][flwr][INFO] - [ROUND 10]
[2024-12-31 15:25:31,113][flwr][INFO] - configure_fit: strategy sampled 2 clients (out of 10)
[2024-12-31 15:25:36,455][flwr][INFO] - aggregate_fit: received 2 results and 0 failures
[2024-12-31 15:25:38,122][flwr][INFO] - fit progress: (10, 182.06612610816956, {'accuracy': 0.1135}, 85.45554621500196)
[2024-12-31 15:25:38,122][flwr][INFO] - configure_evaluate: strategy sampled 5 clients (out of 10)
[2024-12-31 15:25:38,776][flwr][INFO] - aggregate_evaluate: received 5 results and 0 failures
[2024-12-31 15:25:38,777][flwr][INFO] - 
[2024-12-31 15:25:38,777][flwr][INFO] - [SUMMARY]
[2024-12-31 15:25:38,777][flwr][INFO] - Run finished 10 round(s) in 86.11s
[2024-12-31 15:25:38,777][flwr][INFO] - 	History (loss, distributed):
[2024-12-31 15:25:38,777][flwr][INFO] - 		round 1: 44.98211336135864
[2024-12-31 15:25:38,778][flwr][INFO] - 		round 2: 34.16000356674194
[2024-12-31 15:25:38,778][flwr][INFO] - 		round 3: 22.532325124740602
[2024-12-31 15:25:38,778][flwr][INFO] - 		round 4: 25.58849378824234
[2024-12-31 15:25:38,778][flwr][INFO] - 		round 5: 43.7637176990509
[2024-12-31 15:25:38,778][flwr][INFO] - 		round 6: 43.83986735343933
[2024-12-31 15:25:38,778][flwr][INFO] - 		round 7: 43.76442184448242
[2024-12-31 15:25:38,778][flwr][INFO] - 		round 8: 43.73319334983826
[2024-12-31 15:25:38,778][flwr][INFO] - 		round 9: 43.75431599617004
[2024-12-31 15:25:38,778][flwr][INFO] - 		round 10: 43.78633522987366
[2024-12-31 15:25:38,778][flwr][INFO] - 	History (loss, centralized):
[2024-12-31 15:25:38,778][flwr][INFO] - 		round 0: 181.50549483299255
[2024-12-31 15:25:38,778][flwr][INFO] - 		round 1: 188.05875253677368
[2024-12-31 15:25:38,778][flwr][INFO] - 		round 2: 139.08249354362488
[2024-12-31 15:25:38,778][flwr][INFO] - 		round 3: 89.51466423273087
[2024-12-31 15:25:38,778][flwr][INFO] - 		round 4: 105.63267147541046
[2024-12-31 15:25:38,778][flwr][INFO] - 		round 5: 182.01766300201416
[2024-12-31 15:25:38,778][flwr][INFO] - 		round 6: 182.17600178718567
[2024-12-31 15:25:38,778][flwr][INFO] - 		round 7: 181.93321108818054
[2024-12-31 15:25:38,779][flwr][INFO] - 		round 8: 181.87211775779724
[2024-12-31 15:25:38,779][flwr][INFO] - 		round 9: 181.90260815620422
[2024-12-31 15:25:38,779][flwr][INFO] - 		round 10: 182.06612610816956
[2024-12-31 15:25:38,779][flwr][INFO] - 	History (metrics, centralized):
[2024-12-31 15:25:38,779][flwr][INFO] - 	{'accuracy': [(0, 0.1256),
[2024-12-31 15:25:38,779][flwr][INFO] - 	              (1, 0.0876),
[2024-12-31 15:25:38,779][flwr][INFO] - 	              (2, 0.3362),
[2024-12-31 15:25:38,779][flwr][INFO] - 	              (3, 0.663),
[2024-12-31 15:25:38,779][flwr][INFO] - 	              (4, 0.6276),
[2024-12-31 15:25:38,779][flwr][INFO] - 	              (5, 0.1135),
[2024-12-31 15:25:38,779][flwr][INFO] - 	              (6, 0.1032),
[2024-12-31 15:25:38,779][flwr][INFO] - 	              (7, 0.0958),
[2024-12-31 15:25:38,779][flwr][INFO] - 	              (8, 0.1135),
[2024-12-31 15:25:38,779][flwr][INFO] - 	              (9, 0.1135),
[2024-12-31 15:25:38,779][flwr][INFO] - 	              (10, 0.1135)]}
[2024-12-31 15:25:38,779][flwr][INFO] - 
