[2025-01-08 10:17:21,612][flwr][INFO] - Starting Flower simulation, config: num_rounds=15, no round_timeout
[2025-01-08 10:17:25,057][flwr][INFO] - Flower VCE: Ray initialized with resources: {'node:__internal_head__': 1.0, 'memory': 5783796942.0, 'object_store_memory': 2891898470.0, 'node:192.168.1.11': 1.0, 'CPU': 12.0}
[2025-01-08 10:17:25,057][flwr][INFO] - Optimize your simulation with Flower VCE: https://flower.ai/docs/framework/how-to-run-simulations.html
[2025-01-08 10:17:25,057][flwr][INFO] - Flower VCE: Resources for each Virtual Client: {'num_cpus': 2, 'num_gpus': 0}
[2025-01-08 10:17:25,069][flwr][INFO] - Flower VCE: Creating VirtualClientEngineActorPool with 6 actors
[2025-01-08 10:17:25,070][flwr][INFO] - [INIT]
[2025-01-08 10:17:25,070][flwr][INFO] - Requesting initial parameters from one random client
[2025-01-08 10:17:27,397][flwr][INFO] - Received initial parameters from one random client
[2025-01-08 10:17:27,397][flwr][INFO] - Starting evaluation of initial global parameters
[2025-01-08 10:17:29,211][flwr][INFO] - initial parameters (loss, other metrics): 182.24703860282898, {'accuracy': 0.1032}
[2025-01-08 10:17:29,211][flwr][INFO] - 
[2025-01-08 10:17:29,211][flwr][INFO] - [ROUND 1]
[2025-01-08 10:17:29,211][flwr][INFO] - configure_fit: strategy sampled 2 clients (out of 20)
[2025-01-08 10:17:34,849][flwr][INFO] - aggregate_fit: received 2 results and 0 failures
[2025-01-08 10:17:34,852][flwr][WARNING] - No fit_metrics_aggregation_fn provided
[2025-01-08 10:17:36,416][flwr][INFO] - fit progress: (1, 182.41265058517456, {'accuracy': 0.098}, 7.205559403999359)
[2025-01-08 10:17:36,417][flwr][INFO] - configure_evaluate: strategy sampled 3 clients (out of 20)
[2025-01-08 10:17:38,371][flwr][INFO] - aggregate_evaluate: received 3 results and 0 failures
[2025-01-08 10:17:38,371][flwr][WARNING] - No evaluate_metrics_aggregation_fn provided
[2025-01-08 10:17:38,371][flwr][INFO] - 
[2025-01-08 10:17:38,371][flwr][INFO] - [ROUND 2]
[2025-01-08 10:17:38,371][flwr][INFO] - configure_fit: strategy sampled 2 clients (out of 20)
[2025-01-08 10:17:42,026][flwr][INFO] - aggregate_fit: received 2 results and 0 failures
[2025-01-08 10:17:43,238][flwr][INFO] - fit progress: (2, 182.08345460891724, {'accuracy': 0.0958}, 14.02676079700177)
[2025-01-08 10:17:43,238][flwr][INFO] - configure_evaluate: strategy sampled 3 clients (out of 20)
[2025-01-08 10:17:43,658][flwr][INFO] - aggregate_evaluate: received 3 results and 0 failures
[2025-01-08 10:17:43,658][flwr][INFO] - 
[2025-01-08 10:17:43,658][flwr][INFO] - [ROUND 3]
[2025-01-08 10:17:43,658][flwr][INFO] - configure_fit: strategy sampled 2 clients (out of 20)
[2025-01-08 10:17:47,392][flwr][INFO] - aggregate_fit: received 2 results and 0 failures
[2025-01-08 10:17:48,918][flwr][INFO] - fit progress: (3, 182.341814994812, {'accuracy': 0.1135}, 19.70734703099879)
[2025-01-08 10:17:48,919][flwr][INFO] - configure_evaluate: strategy sampled 3 clients (out of 20)
[2025-01-08 10:17:49,317][flwr][INFO] - aggregate_evaluate: received 3 results and 0 failures
[2025-01-08 10:17:49,317][flwr][INFO] - 
[2025-01-08 10:17:49,317][flwr][INFO] - [ROUND 4]
[2025-01-08 10:17:49,317][flwr][INFO] - configure_fit: strategy sampled 2 clients (out of 20)
[2025-01-08 10:17:53,040][flwr][INFO] - aggregate_fit: received 2 results and 0 failures
[2025-01-08 10:17:54,418][flwr][INFO] - fit progress: (4, 182.35471391677856, {'accuracy': 0.0982}, 25.206771905002824)
[2025-01-08 10:17:54,418][flwr][INFO] - configure_evaluate: strategy sampled 3 clients (out of 20)
[2025-01-08 10:17:54,856][flwr][INFO] - aggregate_evaluate: received 3 results and 0 failures
[2025-01-08 10:17:54,856][flwr][INFO] - 
[2025-01-08 10:17:54,856][flwr][INFO] - [ROUND 5]
[2025-01-08 10:17:54,857][flwr][INFO] - configure_fit: strategy sampled 2 clients (out of 20)
[2025-01-08 10:17:58,547][flwr][INFO] - aggregate_fit: received 2 results and 0 failures
[2025-01-08 10:18:00,007][flwr][INFO] - fit progress: (5, 182.1820764541626, {'accuracy': 0.1028}, 30.79592007100291)
[2025-01-08 10:18:00,007][flwr][INFO] - configure_evaluate: strategy sampled 3 clients (out of 20)
[2025-01-08 10:18:00,468][flwr][INFO] - aggregate_evaluate: received 3 results and 0 failures
[2025-01-08 10:18:00,468][flwr][INFO] - 
[2025-01-08 10:18:00,468][flwr][INFO] - [ROUND 6]
[2025-01-08 10:18:00,468][flwr][INFO] - configure_fit: strategy sampled 2 clients (out of 20)
[2025-01-08 10:18:04,244][flwr][INFO] - aggregate_fit: received 2 results and 0 failures
[2025-01-08 10:18:05,579][flwr][INFO] - fit progress: (6, 182.51865100860596, {'accuracy': 0.101}, 36.36769527599972)
[2025-01-08 10:18:05,579][flwr][INFO] - configure_evaluate: strategy sampled 3 clients (out of 20)
[2025-01-08 10:18:05,976][flwr][INFO] - aggregate_evaluate: received 3 results and 0 failures
[2025-01-08 10:18:05,976][flwr][INFO] - 
[2025-01-08 10:18:05,976][flwr][INFO] - [ROUND 7]
[2025-01-08 10:18:05,976][flwr][INFO] - configure_fit: strategy sampled 2 clients (out of 20)
[2025-01-08 10:18:09,537][flwr][INFO] - aggregate_fit: received 2 results and 0 failures
[2025-01-08 10:18:11,120][flwr][INFO] - fit progress: (7, 182.53632855415344, {'accuracy': 0.098}, 41.9095094239965)
[2025-01-08 10:18:11,121][flwr][INFO] - configure_evaluate: strategy sampled 3 clients (out of 20)
[2025-01-08 10:18:11,505][flwr][INFO] - aggregate_evaluate: received 3 results and 0 failures
[2025-01-08 10:18:11,505][flwr][INFO] - 
[2025-01-08 10:18:11,505][flwr][INFO] - [ROUND 8]
[2025-01-08 10:18:11,505][flwr][INFO] - configure_fit: strategy sampled 2 clients (out of 20)
[2025-01-08 10:18:15,254][flwr][INFO] - aggregate_fit: received 2 results and 0 failures
[2025-01-08 10:18:16,583][flwr][INFO] - fit progress: (8, 182.34900736808777, {'accuracy': 0.0958}, 47.37255194000318)
[2025-01-08 10:18:16,584][flwr][INFO] - configure_evaluate: strategy sampled 3 clients (out of 20)
[2025-01-08 10:18:17,016][flwr][INFO] - aggregate_evaluate: received 3 results and 0 failures
[2025-01-08 10:18:17,017][flwr][INFO] - 
[2025-01-08 10:18:17,017][flwr][INFO] - [ROUND 9]
[2025-01-08 10:18:17,017][flwr][INFO] - configure_fit: strategy sampled 2 clients (out of 20)
[2025-01-08 10:18:20,729][flwr][INFO] - aggregate_fit: received 2 results and 0 failures
[2025-01-08 10:18:22,137][flwr][INFO] - fit progress: (9, 182.7863049507141, {'accuracy': 0.0974}, 52.92652714900032)
[2025-01-08 10:18:22,138][flwr][INFO] - configure_evaluate: strategy sampled 3 clients (out of 20)
[2025-01-08 10:18:22,528][flwr][INFO] - aggregate_evaluate: received 3 results and 0 failures
[2025-01-08 10:18:22,529][flwr][INFO] - 
[2025-01-08 10:18:22,529][flwr][INFO] - [ROUND 10]
[2025-01-08 10:18:22,529][flwr][INFO] - configure_fit: strategy sampled 2 clients (out of 20)
[2025-01-08 10:18:26,187][flwr][INFO] - aggregate_fit: received 2 results and 0 failures
[2025-01-08 10:18:27,646][flwr][INFO] - fit progress: (10, 182.1578929424286, {'accuracy': 0.1135}, 58.43486046799808)
[2025-01-08 10:18:27,646][flwr][INFO] - configure_evaluate: strategy sampled 3 clients (out of 20)
[2025-01-08 10:18:28,058][flwr][INFO] - aggregate_evaluate: received 3 results and 0 failures
[2025-01-08 10:18:28,058][flwr][INFO] - 
[2025-01-08 10:18:28,058][flwr][INFO] - [ROUND 11]
[2025-01-08 10:18:28,058][flwr][INFO] - configure_fit: strategy sampled 2 clients (out of 20)
[2025-01-08 10:18:31,561][flwr][INFO] - aggregate_fit: received 2 results and 0 failures
[2025-01-08 10:18:32,879][flwr][INFO] - fit progress: (11, 182.38508796691895, {'accuracy': 0.0982}, 63.668283617997076)
[2025-01-08 10:18:32,879][flwr][INFO] - configure_evaluate: strategy sampled 3 clients (out of 20)
[2025-01-08 10:18:33,279][flwr][INFO] - aggregate_evaluate: received 3 results and 0 failures
[2025-01-08 10:18:33,280][flwr][INFO] - 
[2025-01-08 10:18:33,280][flwr][INFO] - [ROUND 12]
[2025-01-08 10:18:33,280][flwr][INFO] - configure_fit: strategy sampled 2 clients (out of 20)
[2025-01-08 10:18:36,950][flwr][INFO] - aggregate_fit: received 2 results and 0 failures
[2025-01-08 10:18:38,341][flwr][INFO] - fit progress: (12, 182.0067617893219, {'accuracy': 0.1009}, 69.1298371869998)
[2025-01-08 10:18:38,341][flwr][INFO] - configure_evaluate: strategy sampled 3 clients (out of 20)
[2025-01-08 10:18:38,756][flwr][INFO] - aggregate_evaluate: received 3 results and 0 failures
[2025-01-08 10:18:38,756][flwr][INFO] - 
[2025-01-08 10:18:38,756][flwr][INFO] - [ROUND 13]
[2025-01-08 10:18:38,756][flwr][INFO] - configure_fit: strategy sampled 2 clients (out of 20)
[2025-01-08 10:18:42,396][flwr][INFO] - aggregate_fit: received 2 results and 0 failures
[2025-01-08 10:18:43,854][flwr][INFO] - fit progress: (13, 182.7258222103119, {'accuracy': 0.0974}, 74.64275392999843)
[2025-01-08 10:18:43,854][flwr][INFO] - configure_evaluate: strategy sampled 3 clients (out of 20)
[2025-01-08 10:18:44,270][flwr][INFO] - aggregate_evaluate: received 3 results and 0 failures
[2025-01-08 10:18:44,270][flwr][INFO] - 
[2025-01-08 10:18:44,270][flwr][INFO] - [ROUND 14]
[2025-01-08 10:18:44,271][flwr][INFO] - configure_fit: strategy sampled 2 clients (out of 20)
[2025-01-08 10:18:47,918][flwr][INFO] - aggregate_fit: received 2 results and 0 failures
[2025-01-08 10:18:49,134][flwr][INFO] - fit progress: (14, 181.95711970329285, {'accuracy': 0.1028}, 79.923389167001)
[2025-01-08 10:18:49,135][flwr][INFO] - configure_evaluate: strategy sampled 3 clients (out of 20)
[2025-01-08 10:18:49,549][flwr][INFO] - aggregate_evaluate: received 3 results and 0 failures
[2025-01-08 10:18:49,549][flwr][INFO] - 
[2025-01-08 10:18:49,549][flwr][INFO] - [ROUND 15]
[2025-01-08 10:18:49,549][flwr][INFO] - configure_fit: strategy sampled 2 clients (out of 20)
[2025-01-08 10:18:53,077][flwr][INFO] - aggregate_fit: received 2 results and 0 failures
[2025-01-08 10:18:54,601][flwr][INFO] - fit progress: (15, 182.28477501869202, {'accuracy': 0.1135}, 85.38974395699915)
[2025-01-08 10:18:54,601][flwr][INFO] - configure_evaluate: strategy sampled 3 clients (out of 20)
[2025-01-08 10:18:55,017][flwr][INFO] - aggregate_evaluate: received 3 results and 0 failures
[2025-01-08 10:18:55,017][flwr][INFO] - 
[2025-01-08 10:18:55,017][flwr][INFO] - [SUMMARY]
[2025-01-08 10:18:55,017][flwr][INFO] - Run finished 15 round(s) in 85.81s
[2025-01-08 10:18:55,018][flwr][INFO] - 	History (loss, distributed):
[2025-01-08 10:18:55,018][flwr][INFO] - 		round 1: 43.75737841924032
[2025-01-08 10:18:55,018][flwr][INFO] - 		round 2: 43.78820506731669
[2025-01-08 10:18:55,018][flwr][INFO] - 		round 3: 43.866206645965576
[2025-01-08 10:18:55,018][flwr][INFO] - 		round 4: 43.91278266906738
[2025-01-08 10:18:55,018][flwr][INFO] - 		round 5: 43.80247131983439
[2025-01-08 10:18:55,018][flwr][INFO] - 		round 6: 43.9583686987559
[2025-01-08 10:18:55,018][flwr][INFO] - 		round 7: 44.00552121798197
[2025-01-08 10:18:55,019][flwr][INFO] - 		round 8: 43.87978720664978
[2025-01-08 10:18:55,019][flwr][INFO] - 		round 9: 44.01582415898641
[2025-01-08 10:18:55,019][flwr][INFO] - 		round 10: 43.89200186729431
[2025-01-08 10:18:55,019][flwr][INFO] - 		round 11: 43.844595750172935
[2025-01-08 10:18:55,019][flwr][INFO] - 		round 12: 43.72683604558309
[2025-01-08 10:18:55,019][flwr][INFO] - 		round 13: 43.88284436861674
[2025-01-08 10:18:55,019][flwr][INFO] - 		round 14: 43.76051060358683
[2025-01-08 10:18:55,019][flwr][INFO] - 		round 15: 43.83845376968384
[2025-01-08 10:18:55,019][flwr][INFO] - 	History (loss, centralized):
[2025-01-08 10:18:55,019][flwr][INFO] - 		round 0: 182.24703860282898
[2025-01-08 10:18:55,020][flwr][INFO] - 		round 1: 182.41265058517456
[2025-01-08 10:18:55,020][flwr][INFO] - 		round 2: 182.08345460891724
[2025-01-08 10:18:55,020][flwr][INFO] - 		round 3: 182.341814994812
[2025-01-08 10:18:55,020][flwr][INFO] - 		round 4: 182.35471391677856
[2025-01-08 10:18:55,020][flwr][INFO] - 		round 5: 182.1820764541626
[2025-01-08 10:18:55,020][flwr][INFO] - 		round 6: 182.51865100860596
[2025-01-08 10:18:55,020][flwr][INFO] - 		round 7: 182.53632855415344
[2025-01-08 10:18:55,020][flwr][INFO] - 		round 8: 182.34900736808777
[2025-01-08 10:18:55,020][flwr][INFO] - 		round 9: 182.7863049507141
[2025-01-08 10:18:55,021][flwr][INFO] - 		round 10: 182.1578929424286
[2025-01-08 10:18:55,021][flwr][INFO] - 		round 11: 182.38508796691895
[2025-01-08 10:18:55,021][flwr][INFO] - 		round 12: 182.0067617893219
[2025-01-08 10:18:55,021][flwr][INFO] - 		round 13: 182.7258222103119
[2025-01-08 10:18:55,021][flwr][INFO] - 		round 14: 181.95711970329285
[2025-01-08 10:18:55,021][flwr][INFO] - 		round 15: 182.28477501869202
[2025-01-08 10:18:55,021][flwr][INFO] - 	History (metrics, centralized):
[2025-01-08 10:18:55,021][flwr][INFO] - 	{'accuracy': [(0, 0.1032),
[2025-01-08 10:18:55,021][flwr][INFO] - 	              (1, 0.098),
[2025-01-08 10:18:55,021][flwr][INFO] - 	              (2, 0.0958),
[2025-01-08 10:18:55,022][flwr][INFO] - 	              (3, 0.1135),
[2025-01-08 10:18:55,022][flwr][INFO] - 	              (4, 0.0982),
[2025-01-08 10:18:55,022][flwr][INFO] - 	              (5, 0.1028),
[2025-01-08 10:18:55,022][flwr][INFO] - 	              (6, 0.101),
[2025-01-08 10:18:55,022][flwr][INFO] - 	              (7, 0.098),
[2025-01-08 10:18:55,022][flwr][INFO] - 	              (8, 0.0958),
[2025-01-08 10:18:55,022][flwr][INFO] - 	              (9, 0.0974),
[2025-01-08 10:18:55,022][flwr][INFO] - 	              (10, 0.1135),
[2025-01-08 10:18:55,023][flwr][INFO] - 	              (11, 0.0982),
[2025-01-08 10:18:55,023][flwr][INFO] - 	              (12, 0.1009),
[2025-01-08 10:18:55,023][flwr][INFO] - 	              (13, 0.0974),
[2025-01-08 10:18:55,023][flwr][INFO] - 	              (14, 0.1028),
[2025-01-08 10:18:55,023][flwr][INFO] - 	              (15, 0.1135)]}
[2025-01-08 10:18:55,023][flwr][INFO] - 
