[2024-12-30 23:45:58,296][flwr][INFO] - Starting Flower simulation, config: num_rounds=10, no round_timeout
[2024-12-30 23:46:01,875][flwr][INFO] - Flower VCE: Ray initialized with resources: {'object_store_memory': 3035373158.0, 'memory': 6070746318.0, 'CPU': 12.0, 'node:192.168.1.11': 1.0, 'node:__internal_head__': 1.0}
[2024-12-30 23:46:01,875][flwr][INFO] - Optimize your simulation with Flower VCE: https://flower.ai/docs/framework/how-to-run-simulations.html
[2024-12-30 23:46:01,876][flwr][INFO] - Flower VCE: Resources for each Virtual Client: {'num_cpus': 2, 'num_gpus': 0}
[2024-12-30 23:46:01,885][flwr][INFO] - Flower VCE: Creating VirtualClientEngineActorPool with 6 actors
[2024-12-30 23:46:01,885][flwr][INFO] - [INIT]
[2024-12-30 23:46:01,885][flwr][INFO] - Using initial global parameters provided by strategy
[2024-12-30 23:46:01,885][flwr][INFO] - Starting evaluation of initial global parameters
[2024-12-30 23:46:04,943][flwr][INFO] - initial parameters (loss, other metrics): 182.00259637832642, {'accuracy': 0.1023}
[2024-12-30 23:46:04,943][flwr][INFO] - 
[2024-12-30 23:46:04,943][flwr][INFO] - [ROUND 1]
[2024-12-30 23:46:04,944][flwr][INFO] - configure_fit: strategy sampled 2 clients (out of 10)
[2024-12-30 23:46:16,327][flwr][INFO] - aggregate_fit: received 2 results and 0 failures
[2024-12-30 23:46:16,332][flwr][WARNING] - No fit_metrics_aggregation_fn provided
[2024-12-30 23:46:17,684][flwr][INFO] - fit progress: (1, 6.20224672392942, {'accuracy': 0.9759}, 12.74051013600183)
[2024-12-30 23:46:17,684][flwr][INFO] - configure_evaluate: strategy sampled 5 clients (out of 10)
[2024-12-30 23:46:21,652][flwr][INFO] - aggregate_evaluate: received 5 results and 0 failures
[2024-12-30 23:46:21,652][flwr][WARNING] - No evaluate_metrics_aggregation_fn provided
[2024-12-30 23:46:21,653][flwr][INFO] - 
[2024-12-30 23:46:21,653][flwr][INFO] - [ROUND 2]
[2024-12-30 23:46:21,653][flwr][INFO] - configure_fit: strategy sampled 2 clients (out of 10)
[2024-12-30 23:46:30,550][flwr][INFO] - aggregate_fit: received 2 results and 0 failures
[2024-12-30 23:46:32,349][flwr][INFO] - fit progress: (2, 5.232143288994848, {'accuracy': 0.9803}, 27.40615971599982)
[2024-12-30 23:46:32,350][flwr][INFO] - configure_evaluate: strategy sampled 5 clients (out of 10)
[2024-12-30 23:46:33,118][flwr][INFO] - aggregate_evaluate: received 5 results and 0 failures
[2024-12-30 23:46:33,118][flwr][INFO] - 
[2024-12-30 23:46:33,118][flwr][INFO] - [ROUND 3]
[2024-12-30 23:46:33,119][flwr][INFO] - configure_fit: strategy sampled 2 clients (out of 10)
[2024-12-30 23:46:42,119][flwr][INFO] - aggregate_fit: received 2 results and 0 failures
[2024-12-30 23:46:43,832][flwr][INFO] - fit progress: (3, 3.465683515491037, {'accuracy': 0.9878}, 38.88850092700159)
[2024-12-30 23:46:43,832][flwr][INFO] - configure_evaluate: strategy sampled 5 clients (out of 10)
[2024-12-30 23:46:44,558][flwr][INFO] - aggregate_evaluate: received 5 results and 0 failures
[2024-12-30 23:46:44,559][flwr][INFO] - 
[2024-12-30 23:46:44,559][flwr][INFO] - [ROUND 4]
[2024-12-30 23:46:44,559][flwr][INFO] - configure_fit: strategy sampled 2 clients (out of 10)
[2024-12-30 23:46:53,752][flwr][INFO] - aggregate_fit: received 2 results and 0 failures
[2024-12-30 23:46:55,351][flwr][INFO] - fit progress: (4, 4.268734810435944, {'accuracy': 0.9845}, 50.407395488000475)
[2024-12-30 23:46:55,351][flwr][INFO] - configure_evaluate: strategy sampled 5 clients (out of 10)
[2024-12-30 23:46:56,056][flwr][INFO] - aggregate_evaluate: received 5 results and 0 failures
[2024-12-30 23:46:56,057][flwr][INFO] - 
[2024-12-30 23:46:56,057][flwr][INFO] - [ROUND 5]
[2024-12-30 23:46:56,057][flwr][INFO] - configure_fit: strategy sampled 2 clients (out of 10)
[2024-12-30 23:47:05,352][flwr][INFO] - aggregate_fit: received 2 results and 0 failures
[2024-12-30 23:47:07,059][flwr][INFO] - fit progress: (5, 3.5129856289688632, {'accuracy': 0.9876}, 62.11611654900116)
[2024-12-30 23:47:07,060][flwr][INFO] - configure_evaluate: strategy sampled 5 clients (out of 10)
[2024-12-30 23:47:07,795][flwr][INFO] - aggregate_evaluate: received 5 results and 0 failures
[2024-12-30 23:47:07,796][flwr][INFO] - 
[2024-12-30 23:47:07,796][flwr][INFO] - [ROUND 6]
[2024-12-30 23:47:07,796][flwr][INFO] - configure_fit: strategy sampled 2 clients (out of 10)
[2024-12-30 23:47:16,806][flwr][INFO] - aggregate_fit: received 2 results and 0 failures
[2024-12-30 23:47:18,571][flwr][INFO] - fit progress: (6, 3.633233424749676, {'accuracy': 0.988}, 73.62756630000149)
[2024-12-30 23:47:18,571][flwr][INFO] - configure_evaluate: strategy sampled 5 clients (out of 10)
[2024-12-30 23:47:19,315][flwr][INFO] - aggregate_evaluate: received 5 results and 0 failures
[2024-12-30 23:47:19,316][flwr][INFO] - 
[2024-12-30 23:47:19,316][flwr][INFO] - [ROUND 7]
[2024-12-30 23:47:19,316][flwr][INFO] - configure_fit: strategy sampled 2 clients (out of 10)
[2024-12-30 23:47:28,501][flwr][INFO] - aggregate_fit: received 2 results and 0 failures
[2024-12-30 23:47:30,854][flwr][INFO] - fit progress: (7, 3.236415423117478, {'accuracy': 0.9883}, 85.91075554800045)
[2024-12-30 23:47:30,854][flwr][INFO] - configure_evaluate: strategy sampled 5 clients (out of 10)
[2024-12-30 23:47:31,550][flwr][INFO] - aggregate_evaluate: received 5 results and 0 failures
[2024-12-30 23:47:31,550][flwr][INFO] - 
[2024-12-30 23:47:31,551][flwr][INFO] - [ROUND 8]
[2024-12-30 23:47:31,551][flwr][INFO] - configure_fit: strategy sampled 2 clients (out of 10)
[2024-12-30 23:47:41,131][flwr][INFO] - aggregate_fit: received 2 results and 0 failures
[2024-12-30 23:47:43,104][flwr][INFO] - fit progress: (8, 3.272137048876175, {'accuracy': 0.989}, 98.16093509300117)
[2024-12-30 23:47:43,105][flwr][INFO] - configure_evaluate: strategy sampled 5 clients (out of 10)
[2024-12-30 23:47:43,854][flwr][INFO] - aggregate_evaluate: received 5 results and 0 failures
[2024-12-30 23:47:43,854][flwr][INFO] - 
[2024-12-30 23:47:43,854][flwr][INFO] - [ROUND 9]
[2024-12-30 23:47:43,854][flwr][INFO] - configure_fit: strategy sampled 2 clients (out of 10)
[2024-12-30 23:47:52,740][flwr][INFO] - aggregate_fit: received 2 results and 0 failures
[2024-12-30 23:47:54,262][flwr][INFO] - fit progress: (9, 3.6433627971736087, {'accuracy': 0.9891}, 109.31859807400178)
[2024-12-30 23:47:54,262][flwr][INFO] - configure_evaluate: strategy sampled 5 clients (out of 10)
[2024-12-30 23:47:55,013][flwr][INFO] - aggregate_evaluate: received 5 results and 0 failures
[2024-12-30 23:47:55,013][flwr][INFO] - 
[2024-12-30 23:47:55,014][flwr][INFO] - [ROUND 10]
[2024-12-30 23:47:55,014][flwr][INFO] - configure_fit: strategy sampled 2 clients (out of 10)
[2024-12-30 23:48:04,139][flwr][INFO] - aggregate_fit: received 2 results and 0 failures
[2024-12-30 23:48:05,768][flwr][INFO] - fit progress: (10, 3.4877984780814586, {'accuracy': 0.9883}, 120.82511680300013)
[2024-12-30 23:48:05,769][flwr][INFO] - configure_evaluate: strategy sampled 5 clients (out of 10)
[2024-12-30 23:48:06,499][flwr][INFO] - aggregate_evaluate: received 5 results and 0 failures
[2024-12-30 23:48:06,499][flwr][INFO] - 
[2024-12-30 23:48:06,499][flwr][INFO] - [SUMMARY]
[2024-12-30 23:48:06,499][flwr][INFO] - Run finished 10 round(s) in 121.56s
[2024-12-30 23:48:06,500][flwr][INFO] - 	History (loss, distributed):
[2024-12-30 23:48:06,500][flwr][INFO] - 		round 1: 1.806737924274057
[2024-12-30 23:48:06,500][flwr][INFO] - 		round 2: 1.4632428269138473
[2024-12-30 23:48:06,500][flwr][INFO] - 		round 3: 0.9318314691954583
[2024-12-30 23:48:06,500][flwr][INFO] - 		round 4: 1.199744577767342
[2024-12-30 23:48:06,500][flwr][INFO] - 		round 5: 1.1163848564909131
[2024-12-30 23:48:06,501][flwr][INFO] - 		round 6: 1.0657829541291903
[2024-12-30 23:48:06,501][flwr][INFO] - 		round 7: 1.219613200605727
[2024-12-30 23:48:06,501][flwr][INFO] - 		round 8: 1.1490645892509748
[2024-12-30 23:48:06,501][flwr][INFO] - 		round 9: 1.3698394693355112
[2024-12-30 23:48:06,501][flwr][INFO] - 		round 10: 1.087740858100915
[2024-12-30 23:48:06,501][flwr][INFO] - 	History (loss, centralized):
[2024-12-30 23:48:06,501][flwr][INFO] - 		round 0: 182.00259637832642
[2024-12-30 23:48:06,501][flwr][INFO] - 		round 1: 6.20224672392942
[2024-12-30 23:48:06,501][flwr][INFO] - 		round 2: 5.232143288994848
[2024-12-30 23:48:06,502][flwr][INFO] - 		round 3: 3.465683515491037
[2024-12-30 23:48:06,502][flwr][INFO] - 		round 4: 4.268734810435944
[2024-12-30 23:48:06,502][flwr][INFO] - 		round 5: 3.5129856289688632
[2024-12-30 23:48:06,502][flwr][INFO] - 		round 6: 3.633233424749676
[2024-12-30 23:48:06,502][flwr][INFO] - 		round 7: 3.236415423117478
[2024-12-30 23:48:06,502][flwr][INFO] - 		round 8: 3.272137048876175
[2024-12-30 23:48:06,502][flwr][INFO] - 		round 9: 3.6433627971736087
[2024-12-30 23:48:06,502][flwr][INFO] - 		round 10: 3.4877984780814586
[2024-12-30 23:48:06,502][flwr][INFO] - 	History (metrics, centralized):
[2024-12-30 23:48:06,502][flwr][INFO] - 	{'accuracy': [(0, 0.1023),
[2024-12-30 23:48:06,503][flwr][INFO] - 	              (1, 0.9759),
[2024-12-30 23:48:06,503][flwr][INFO] - 	              (2, 0.9803),
[2024-12-30 23:48:06,503][flwr][INFO] - 	              (3, 0.9878),
[2024-12-30 23:48:06,503][flwr][INFO] - 	              (4, 0.9845),
[2024-12-30 23:48:06,503][flwr][INFO] - 	              (5, 0.9876),
[2024-12-30 23:48:06,503][flwr][INFO] - 	              (6, 0.988),
[2024-12-30 23:48:06,503][flwr][INFO] - 	              (7, 0.9883),
[2024-12-30 23:48:06,503][flwr][INFO] - 	              (8, 0.989),
[2024-12-30 23:48:06,503][flwr][INFO] - 	              (9, 0.9891),
[2024-12-30 23:48:06,503][flwr][INFO] - 	              (10, 0.9883)]}
[2024-12-30 23:48:06,504][flwr][INFO] - 
