[2025-01-07 19:37:39,960][flwr][INFO] - Starting Flower simulation, config: num_rounds=15, no round_timeout
[2025-01-07 19:37:43,486][flwr][INFO] - Flower VCE: Ray initialized with resources: {'CPU': 12.0, 'node:192.168.1.11': 1.0, 'memory': 6327000270.0, 'object_store_memory': 3163500134.0, 'node:__internal_head__': 1.0}
[2025-01-07 19:37:43,486][flwr][INFO] - Optimize your simulation with Flower VCE: https://flower.ai/docs/framework/how-to-run-simulations.html
[2025-01-07 19:37:43,486][flwr][INFO] - Flower VCE: Resources for each Virtual Client: {'num_cpus': 2, 'num_gpus': 0}
[2025-01-07 19:37:43,496][flwr][INFO] - Flower VCE: Creating VirtualClientEngineActorPool with 6 actors
[2025-01-07 19:37:43,496][flwr][INFO] - [INIT]
[2025-01-07 19:37:43,496][flwr][INFO] - Requesting initial parameters from one random client
[2025-01-07 19:37:46,069][flwr][INFO] - Received initial parameters from one random client
[2025-01-07 19:37:46,069][flwr][INFO] - Starting evaluation of initial global parameters
[2025-01-07 19:37:47,653][flwr][INFO] - initial parameters (loss, other metrics): 181.93324089050293, {'accuracy': 0.0979}
[2025-01-07 19:37:47,653][flwr][INFO] - 
[2025-01-07 19:37:47,654][flwr][INFO] - [ROUND 1]
[2025-01-07 19:37:47,654][flwr][INFO] - configure_fit: strategy sampled 2 clients (out of 5)
[2025-01-07 19:38:07,491][flwr][INFO] - aggregate_fit: received 2 results and 0 failures
[2025-01-07 19:38:07,495][flwr][WARNING] - No fit_metrics_aggregation_fn provided
[2025-01-07 19:38:08,618][flwr][INFO] - fit progress: (1, 182.09973740577698, {'accuracy': 0.1028}, 20.964205670999945)
[2025-01-07 19:38:08,618][flwr][INFO] - configure_evaluate: strategy sampled 3 clients (out of 5)
[2025-01-07 19:38:11,186][flwr][INFO] - aggregate_evaluate: received 3 results and 0 failures
[2025-01-07 19:38:11,186][flwr][WARNING] - No evaluate_metrics_aggregation_fn provided
[2025-01-07 19:38:11,186][flwr][INFO] - 
[2025-01-07 19:38:11,186][flwr][INFO] - [ROUND 2]
[2025-01-07 19:38:11,187][flwr][INFO] - configure_fit: strategy sampled 2 clients (out of 5)
[2025-01-07 19:38:24,707][flwr][INFO] - aggregate_fit: received 2 results and 0 failures
[2025-01-07 19:38:26,257][flwr][INFO] - fit progress: (2, 182.1440601348877, {'accuracy': 0.0892}, 38.60382271799608)
[2025-01-07 19:38:26,258][flwr][INFO] - configure_evaluate: strategy sampled 3 clients (out of 5)
[2025-01-07 19:38:26,941][flwr][INFO] - aggregate_evaluate: received 3 results and 0 failures
[2025-01-07 19:38:26,941][flwr][INFO] - 
[2025-01-07 19:38:26,941][flwr][INFO] - [ROUND 3]
[2025-01-07 19:38:26,942][flwr][INFO] - configure_fit: strategy sampled 2 clients (out of 5)
[2025-01-07 19:38:40,505][flwr][INFO] - aggregate_fit: received 2 results and 0 failures
[2025-01-07 19:38:41,854][flwr][INFO] - fit progress: (3, 182.25851035118103, {'accuracy': 0.1009}, 54.200552981994406)
[2025-01-07 19:38:41,854][flwr][INFO] - configure_evaluate: strategy sampled 3 clients (out of 5)
[2025-01-07 19:38:42,523][flwr][INFO] - aggregate_evaluate: received 3 results and 0 failures
[2025-01-07 19:38:42,523][flwr][INFO] - 
[2025-01-07 19:38:42,523][flwr][INFO] - [ROUND 4]
[2025-01-07 19:38:42,523][flwr][INFO] - configure_fit: strategy sampled 2 clients (out of 5)
[2025-01-07 19:38:56,194][flwr][INFO] - aggregate_fit: received 2 results and 0 failures
[2025-01-07 19:38:57,464][flwr][INFO] - fit progress: (4, 182.72583627700806, {'accuracy': 0.0958}, 69.81076570200094)
[2025-01-07 19:38:57,465][flwr][INFO] - configure_evaluate: strategy sampled 3 clients (out of 5)
[2025-01-07 19:38:58,163][flwr][INFO] - aggregate_evaluate: received 3 results and 0 failures
[2025-01-07 19:38:58,164][flwr][INFO] - 
[2025-01-07 19:38:58,164][flwr][INFO] - [ROUND 5]
[2025-01-07 19:38:58,164][flwr][INFO] - configure_fit: strategy sampled 2 clients (out of 5)
[2025-01-07 19:39:11,609][flwr][INFO] - aggregate_fit: received 2 results and 0 failures
[2025-01-07 19:39:12,801][flwr][INFO] - fit progress: (5, 181.99230360984802, {'accuracy': 0.1009}, 85.14717385299446)
[2025-01-07 19:39:12,801][flwr][INFO] - configure_evaluate: strategy sampled 3 clients (out of 5)
[2025-01-07 19:39:13,541][flwr][INFO] - aggregate_evaluate: received 3 results and 0 failures
[2025-01-07 19:39:13,541][flwr][INFO] - 
[2025-01-07 19:39:13,541][flwr][INFO] - [ROUND 6]
[2025-01-07 19:39:13,541][flwr][INFO] - configure_fit: strategy sampled 2 clients (out of 5)
[2025-01-07 19:39:27,206][flwr][INFO] - aggregate_fit: received 2 results and 0 failures
[2025-01-07 19:39:28,448][flwr][INFO] - fit progress: (6, 182.29179167747498, {'accuracy': 0.0958}, 100.79489205799473)
[2025-01-07 19:39:28,449][flwr][INFO] - configure_evaluate: strategy sampled 3 clients (out of 5)
[2025-01-07 19:39:29,165][flwr][INFO] - aggregate_evaluate: received 3 results and 0 failures
[2025-01-07 19:39:29,165][flwr][INFO] - 
[2025-01-07 19:39:29,165][flwr][INFO] - [ROUND 7]
[2025-01-07 19:39:29,165][flwr][INFO] - configure_fit: strategy sampled 2 clients (out of 5)
[2025-01-07 19:39:42,591][flwr][INFO] - aggregate_fit: received 2 results and 0 failures
[2025-01-07 19:39:44,340][flwr][INFO] - fit progress: (7, 181.91898798942566, {'accuracy': 0.1028}, 116.68670700000075)
[2025-01-07 19:39:44,340][flwr][INFO] - configure_evaluate: strategy sampled 3 clients (out of 5)
[2025-01-07 19:39:45,011][flwr][INFO] - aggregate_evaluate: received 3 results and 0 failures
[2025-01-07 19:39:45,012][flwr][INFO] - 
[2025-01-07 19:39:45,012][flwr][INFO] - [ROUND 8]
[2025-01-07 19:39:45,012][flwr][INFO] - configure_fit: strategy sampled 2 clients (out of 5)
[2025-01-07 19:39:58,418][flwr][INFO] - aggregate_fit: received 2 results and 0 failures
[2025-01-07 19:40:00,076][flwr][INFO] - fit progress: (8, 182.11089897155762, {'accuracy': 0.1009}, 132.42293649299972)
[2025-01-07 19:40:00,077][flwr][INFO] - configure_evaluate: strategy sampled 3 clients (out of 5)
[2025-01-07 19:40:00,716][flwr][INFO] - aggregate_evaluate: received 3 results and 0 failures
[2025-01-07 19:40:00,717][flwr][INFO] - 
[2025-01-07 19:40:00,717][flwr][INFO] - [ROUND 9]
[2025-01-07 19:40:00,717][flwr][INFO] - configure_fit: strategy sampled 2 clients (out of 5)
[2025-01-07 19:40:14,236][flwr][INFO] - aggregate_fit: received 2 results and 0 failures
[2025-01-07 19:40:15,541][flwr][INFO] - fit progress: (9, 182.38668203353882, {'accuracy': 0.0958}, 147.88744710299943)
[2025-01-07 19:40:15,541][flwr][INFO] - configure_evaluate: strategy sampled 3 clients (out of 5)
[2025-01-07 19:40:16,219][flwr][INFO] - aggregate_evaluate: received 3 results and 0 failures
[2025-01-07 19:40:16,220][flwr][INFO] - 
[2025-01-07 19:40:16,220][flwr][INFO] - [ROUND 10]
[2025-01-07 19:40:16,220][flwr][INFO] - configure_fit: strategy sampled 2 clients (out of 5)
[2025-01-07 19:40:29,604][flwr][INFO] - aggregate_fit: received 2 results and 0 failures
[2025-01-07 19:40:31,065][flwr][INFO] - fit progress: (10, 182.41800093650818, {'accuracy': 0.1135}, 163.41168584999832)
[2025-01-07 19:40:31,065][flwr][INFO] - configure_evaluate: strategy sampled 3 clients (out of 5)
[2025-01-07 19:40:31,878][flwr][INFO] - aggregate_evaluate: received 3 results and 0 failures
[2025-01-07 19:40:31,878][flwr][INFO] - 
[2025-01-07 19:40:31,878][flwr][INFO] - [ROUND 11]
[2025-01-07 19:40:31,879][flwr][INFO] - configure_fit: strategy sampled 2 clients (out of 5)
[2025-01-07 19:40:45,427][flwr][INFO] - aggregate_fit: received 2 results and 0 failures
[2025-01-07 19:40:46,828][flwr][INFO] - fit progress: (11, 182.22867488861084, {'accuracy': 0.1135}, 179.17413636399579)
[2025-01-07 19:40:46,828][flwr][INFO] - configure_evaluate: strategy sampled 3 clients (out of 5)
[2025-01-07 19:40:47,509][flwr][INFO] - aggregate_evaluate: received 3 results and 0 failures
[2025-01-07 19:40:47,509][flwr][INFO] - 
[2025-01-07 19:40:47,510][flwr][INFO] - [ROUND 12]
[2025-01-07 19:40:47,510][flwr][INFO] - configure_fit: strategy sampled 2 clients (out of 5)
[2025-01-07 19:41:00,906][flwr][INFO] - aggregate_fit: received 2 results and 0 failures
[2025-01-07 19:41:02,749][flwr][INFO] - fit progress: (12, 182.59905409812927, {'accuracy': 0.101}, 195.09533188399655)
[2025-01-07 19:41:02,749][flwr][INFO] - configure_evaluate: strategy sampled 3 clients (out of 5)
[2025-01-07 19:41:03,426][flwr][INFO] - aggregate_evaluate: received 3 results and 0 failures
[2025-01-07 19:41:03,426][flwr][INFO] - 
[2025-01-07 19:41:03,426][flwr][INFO] - [ROUND 13]
[2025-01-07 19:41:03,426][flwr][INFO] - configure_fit: strategy sampled 2 clients (out of 5)
[2025-01-07 19:41:16,938][flwr][INFO] - aggregate_fit: received 2 results and 0 failures
[2025-01-07 19:41:18,325][flwr][INFO] - fit progress: (13, 182.13782501220703, {'accuracy': 0.1135}, 210.67188909000106)
[2025-01-07 19:41:18,326][flwr][INFO] - configure_evaluate: strategy sampled 3 clients (out of 5)
[2025-01-07 19:41:19,024][flwr][INFO] - aggregate_evaluate: received 3 results and 0 failures
[2025-01-07 19:41:19,024][flwr][INFO] - 
[2025-01-07 19:41:19,024][flwr][INFO] - [ROUND 14]
[2025-01-07 19:41:19,024][flwr][INFO] - configure_fit: strategy sampled 2 clients (out of 5)
[2025-01-07 19:41:32,596][flwr][INFO] - aggregate_fit: received 2 results and 0 failures
[2025-01-07 19:41:34,141][flwr][INFO] - fit progress: (14, 182.11070013046265, {'accuracy': 0.1135}, 226.4878468120005)
[2025-01-07 19:41:34,142][flwr][INFO] - configure_evaluate: strategy sampled 3 clients (out of 5)
[2025-01-07 19:41:34,858][flwr][INFO] - aggregate_evaluate: received 3 results and 0 failures
[2025-01-07 19:41:34,859][flwr][INFO] - 
[2025-01-07 19:41:34,859][flwr][INFO] - [ROUND 15]
[2025-01-07 19:41:34,859][flwr][INFO] - configure_fit: strategy sampled 2 clients (out of 5)
[2025-01-07 19:41:48,164][flwr][INFO] - aggregate_fit: received 2 results and 0 failures
[2025-01-07 19:41:49,763][flwr][INFO] - fit progress: (15, 182.37218356132507, {'accuracy': 0.1135}, 242.10921458899975)
[2025-01-07 19:41:49,763][flwr][INFO] - configure_evaluate: strategy sampled 3 clients (out of 5)
[2025-01-07 19:41:50,426][flwr][INFO] - aggregate_evaluate: received 3 results and 0 failures
[2025-01-07 19:41:50,426][flwr][INFO] - 
[2025-01-07 19:41:50,426][flwr][INFO] - [SUMMARY]
[2025-01-07 19:41:50,426][flwr][INFO] - Run finished 15 round(s) in 242.77s
[2025-01-07 19:41:50,427][flwr][INFO] - 	History (loss, distributed):
[2025-01-07 19:41:50,427][flwr][INFO] - 		round 1: 172.86623946825662
[2025-01-07 19:41:50,427][flwr][INFO] - 		round 2: 172.91801007588705
[2025-01-07 19:41:50,427][flwr][INFO] - 		round 3: 173.00075395902
[2025-01-07 19:41:50,428][flwr][INFO] - 		round 4: 173.3449990749359
[2025-01-07 19:41:50,428][flwr][INFO] - 		round 5: 172.82683897018433
[2025-01-07 19:41:50,428][flwr][INFO] - 		round 6: 173.15221198399863
[2025-01-07 19:41:50,428][flwr][INFO] - 		round 7: 172.66861255963644
[2025-01-07 19:41:50,428][flwr][INFO] - 		round 8: 172.85485784212747
[2025-01-07 19:41:50,428][flwr][INFO] - 		round 9: 173.14156905810037
[2025-01-07 19:41:50,428][flwr][INFO] - 		round 10: 173.06813661257425
[2025-01-07 19:41:50,428][flwr][INFO] - 		round 11: 172.98703559239706
[2025-01-07 19:41:50,429][flwr][INFO] - 		round 12: 173.42089788118997
[2025-01-07 19:41:50,429][flwr][INFO] - 		round 13: 172.94075910250345
[2025-01-07 19:41:50,429][flwr][INFO] - 		round 14: 173.09816233317056
[2025-01-07 19:41:50,429][flwr][INFO] - 		round 15: 173.02848029136658
[2025-01-07 19:41:50,429][flwr][INFO] - 	History (loss, centralized):
[2025-01-07 19:41:50,429][flwr][INFO] - 		round 0: 181.93324089050293
[2025-01-07 19:41:50,429][flwr][INFO] - 		round 1: 182.09973740577698
[2025-01-07 19:41:50,429][flwr][INFO] - 		round 2: 182.1440601348877
[2025-01-07 19:41:50,430][flwr][INFO] - 		round 3: 182.25851035118103
[2025-01-07 19:41:50,430][flwr][INFO] - 		round 4: 182.72583627700806
[2025-01-07 19:41:50,430][flwr][INFO] - 		round 5: 181.99230360984802
[2025-01-07 19:41:50,430][flwr][INFO] - 		round 6: 182.29179167747498
[2025-01-07 19:41:50,430][flwr][INFO] - 		round 7: 181.91898798942566
[2025-01-07 19:41:50,430][flwr][INFO] - 		round 8: 182.11089897155762
[2025-01-07 19:41:50,430][flwr][INFO] - 		round 9: 182.38668203353882
[2025-01-07 19:41:50,430][flwr][INFO] - 		round 10: 182.41800093650818
[2025-01-07 19:41:50,430][flwr][INFO] - 		round 11: 182.22867488861084
[2025-01-07 19:41:50,430][flwr][INFO] - 		round 12: 182.59905409812927
[2025-01-07 19:41:50,430][flwr][INFO] - 		round 13: 182.13782501220703
[2025-01-07 19:41:50,430][flwr][INFO] - 		round 14: 182.11070013046265
[2025-01-07 19:41:50,430][flwr][INFO] - 		round 15: 182.37218356132507
[2025-01-07 19:41:50,430][flwr][INFO] - 	History (metrics, centralized):
[2025-01-07 19:41:50,430][flwr][INFO] - 	{'accuracy': [(0, 0.0979),
[2025-01-07 19:41:50,430][flwr][INFO] - 	              (1, 0.1028),
[2025-01-07 19:41:50,430][flwr][INFO] - 	              (2, 0.0892),
[2025-01-07 19:41:50,430][flwr][INFO] - 	              (3, 0.1009),
[2025-01-07 19:41:50,430][flwr][INFO] - 	              (4, 0.0958),
[2025-01-07 19:41:50,431][flwr][INFO] - 	              (5, 0.1009),
[2025-01-07 19:41:50,431][flwr][INFO] - 	              (6, 0.0958),
[2025-01-07 19:41:50,431][flwr][INFO] - 	              (7, 0.1028),
[2025-01-07 19:41:50,431][flwr][INFO] - 	              (8, 0.1009),
[2025-01-07 19:41:50,431][flwr][INFO] - 	              (9, 0.0958),
[2025-01-07 19:41:50,431][flwr][INFO] - 	              (10, 0.1135),
[2025-01-07 19:41:50,431][flwr][INFO] - 	              (11, 0.1135),
[2025-01-07 19:41:50,431][flwr][INFO] - 	              (12, 0.101),
[2025-01-07 19:41:50,431][flwr][INFO] - 	              (13, 0.1135),
[2025-01-07 19:41:50,431][flwr][INFO] - 	              (14, 0.1135),
[2025-01-07 19:41:50,431][flwr][INFO] - 	              (15, 0.1135)]}
[2025-01-07 19:41:50,431][flwr][INFO] - 
