[2024-12-31 13:00:41,613][flwr][INFO] - Starting Flower simulation, config: num_rounds=10, no round_timeout
[2024-12-31 13:00:45,141][flwr][INFO] - Flower VCE: Ray initialized with resources: {'node:__internal_head__': 1.0, 'object_store_memory': 2867677593.0, 'memory': 5735355188.0, 'CPU': 12.0, 'node:192.168.1.11': 1.0}
[2024-12-31 13:00:45,142][flwr][INFO] - Optimize your simulation with Flower VCE: https://flower.ai/docs/framework/how-to-run-simulations.html
[2024-12-31 13:00:45,142][flwr][INFO] - Flower VCE: Resources for each Virtual Client: {'num_cpus': 2, 'num_gpus': 0}
[2024-12-31 13:00:45,153][flwr][INFO] - Flower VCE: Creating VirtualClientEngineActorPool with 6 actors
[2024-12-31 13:00:45,154][flwr][INFO] - [INIT]
[2024-12-31 13:00:45,154][flwr][INFO] - Using initial global parameters provided by strategy
[2024-12-31 13:00:45,154][flwr][INFO] - Starting evaluation of initial global parameters
[2024-12-31 13:00:47,552][flwr][INFO] - initial parameters (loss, other metrics): 182.44641852378845, {'accuracy': 0.1053}
[2024-12-31 13:00:47,553][flwr][INFO] - 
[2024-12-31 13:00:47,553][flwr][INFO] - [ROUND 1]
[2024-12-31 13:00:47,553][flwr][INFO] - configure_fit: strategy sampled 2 clients (out of 10)
[2024-12-31 13:01:04,200][flwr][INFO] - aggregate_fit: received 2 results and 0 failures
[2024-12-31 13:01:04,206][flwr][WARNING] - No fit_metrics_aggregation_fn provided
[2024-12-31 13:01:05,406][flwr][INFO] - fit progress: (1, 178.98024916648865, {'accuracy': 0.1576}, 17.85311523299606)
[2024-12-31 13:01:05,406][flwr][INFO] - configure_evaluate: strategy sampled 2 clients (out of 10)
[2024-12-31 13:01:05,813][flwr][INFO] - aggregate_evaluate: received 2 results and 0 failures
[2024-12-31 13:01:05,813][flwr][WARNING] - No evaluate_metrics_aggregation_fn provided
[2024-12-31 13:01:05,813][flwr][INFO] - 
[2024-12-31 13:01:05,813][flwr][INFO] - [ROUND 2]
[2024-12-31 13:01:05,814][flwr][INFO] - configure_fit: strategy sampled 2 clients (out of 10)
[2024-12-31 13:01:18,352][flwr][INFO] - aggregate_fit: received 2 results and 0 failures
[2024-12-31 13:01:20,168][flwr][INFO] - fit progress: (2, 138.68073105812073, {'accuracy': 0.3904}, 32.61534221699549)
[2024-12-31 13:01:20,168][flwr][INFO] - configure_evaluate: strategy sampled 2 clients (out of 10)
[2024-12-31 13:01:20,595][flwr][INFO] - aggregate_evaluate: received 2 results and 0 failures
[2024-12-31 13:01:20,596][flwr][INFO] - 
[2024-12-31 13:01:20,596][flwr][INFO] - [ROUND 3]
[2024-12-31 13:01:20,596][flwr][INFO] - configure_fit: strategy sampled 2 clients (out of 10)
[2024-12-31 13:01:33,823][flwr][INFO] - aggregate_fit: received 2 results and 0 failures
[2024-12-31 13:01:35,131][flwr][INFO] - fit progress: (3, 194.17621874809265, {'accuracy': 0.1032}, 47.57861708099517)
[2024-12-31 13:01:35,131][flwr][INFO] - configure_evaluate: strategy sampled 2 clients (out of 10)
[2024-12-31 13:01:35,549][flwr][INFO] - aggregate_evaluate: received 2 results and 0 failures
[2024-12-31 13:01:35,549][flwr][INFO] - 
[2024-12-31 13:01:35,550][flwr][INFO] - [ROUND 4]
[2024-12-31 13:01:35,550][flwr][INFO] - configure_fit: strategy sampled 2 clients (out of 10)
[2024-12-31 13:01:50,326][flwr][INFO] - aggregate_fit: received 2 results and 0 failures
[2024-12-31 13:01:51,935][flwr][INFO] - fit progress: (4, 182.05055403709412, {'accuracy': 0.0958}, 64.38267312099924)
[2024-12-31 13:01:51,935][flwr][INFO] - configure_evaluate: strategy sampled 2 clients (out of 10)
[2024-12-31 13:01:52,361][flwr][INFO] - aggregate_evaluate: received 2 results and 0 failures
[2024-12-31 13:01:52,361][flwr][INFO] - 
[2024-12-31 13:01:52,361][flwr][INFO] - [ROUND 5]
[2024-12-31 13:01:52,361][flwr][INFO] - configure_fit: strategy sampled 2 clients (out of 10)
[2024-12-31 13:02:04,299][flwr][INFO] - aggregate_fit: received 2 results and 0 failures
[2024-12-31 13:02:06,237][flwr][INFO] - fit progress: (5, 182.1875569820404, {'accuracy': 0.1032}, 78.68477736099885)
[2024-12-31 13:02:06,238][flwr][INFO] - configure_evaluate: strategy sampled 2 clients (out of 10)
[2024-12-31 13:02:06,641][flwr][INFO] - aggregate_evaluate: received 2 results and 0 failures
[2024-12-31 13:02:06,641][flwr][INFO] - 
[2024-12-31 13:02:06,641][flwr][INFO] - [ROUND 6]
[2024-12-31 13:02:06,641][flwr][INFO] - configure_fit: strategy sampled 2 clients (out of 10)
[2024-12-31 13:02:19,996][flwr][INFO] - aggregate_fit: received 2 results and 0 failures
[2024-12-31 13:02:22,199][flwr][INFO] - fit progress: (6, 182.0411057472229, {'accuracy': 0.1009}, 94.64617095399444)
[2024-12-31 13:02:22,199][flwr][INFO] - configure_evaluate: strategy sampled 2 clients (out of 10)
[2024-12-31 13:02:22,606][flwr][INFO] - aggregate_evaluate: received 2 results and 0 failures
[2024-12-31 13:02:22,607][flwr][INFO] - 
[2024-12-31 13:02:22,607][flwr][INFO] - [ROUND 7]
[2024-12-31 13:02:22,607][flwr][INFO] - configure_fit: strategy sampled 2 clients (out of 10)
[2024-12-31 13:02:35,332][flwr][INFO] - aggregate_fit: received 2 results and 0 failures
[2024-12-31 13:02:37,415][flwr][INFO] - fit progress: (7, 181.99780225753784, {'accuracy': 0.0982}, 109.86271709299763)
[2024-12-31 13:02:37,416][flwr][INFO] - configure_evaluate: strategy sampled 2 clients (out of 10)
[2024-12-31 13:02:37,803][flwr][INFO] - aggregate_evaluate: received 2 results and 0 failures
[2024-12-31 13:02:37,804][flwr][INFO] - 
[2024-12-31 13:02:37,804][flwr][INFO] - [ROUND 8]
[2024-12-31 13:02:37,804][flwr][INFO] - configure_fit: strategy sampled 2 clients (out of 10)
[2024-12-31 13:02:50,249][flwr][INFO] - aggregate_fit: received 2 results and 0 failures
[2024-12-31 13:02:51,677][flwr][INFO] - fit progress: (8, 182.11902570724487, {'accuracy': 0.1135}, 124.12432901899592)
[2024-12-31 13:02:51,677][flwr][INFO] - configure_evaluate: strategy sampled 2 clients (out of 10)
[2024-12-31 13:02:52,102][flwr][INFO] - aggregate_evaluate: received 2 results and 0 failures
[2024-12-31 13:02:52,102][flwr][INFO] - 
[2024-12-31 13:02:52,102][flwr][INFO] - [ROUND 9]
[2024-12-31 13:02:52,103][flwr][INFO] - configure_fit: strategy sampled 2 clients (out of 10)
[2024-12-31 13:03:05,233][flwr][INFO] - aggregate_fit: received 2 results and 0 failures
[2024-12-31 13:03:07,059][flwr][INFO] - fit progress: (9, 182.06874299049377, {'accuracy': 0.1028}, 139.50629875499726)
[2024-12-31 13:03:07,059][flwr][INFO] - configure_evaluate: strategy sampled 2 clients (out of 10)
[2024-12-31 13:03:07,595][flwr][INFO] - aggregate_evaluate: received 2 results and 0 failures
[2024-12-31 13:03:07,596][flwr][INFO] - 
[2024-12-31 13:03:07,596][flwr][INFO] - [ROUND 10]
[2024-12-31 13:03:07,596][flwr][INFO] - configure_fit: strategy sampled 2 clients (out of 10)
[2024-12-31 13:03:22,669][flwr][INFO] - aggregate_fit: received 2 results and 0 failures
[2024-12-31 13:03:24,804][flwr][INFO] - fit progress: (10, 181.87410616874695, {'accuracy': 0.101}, 157.25192559800053)
[2024-12-31 13:03:24,805][flwr][INFO] - configure_evaluate: strategy sampled 2 clients (out of 10)
[2024-12-31 13:03:25,199][flwr][INFO] - aggregate_evaluate: received 2 results and 0 failures
[2024-12-31 13:03:25,199][flwr][INFO] - 
[2024-12-31 13:03:25,199][flwr][INFO] - [SUMMARY]
[2024-12-31 13:03:25,199][flwr][INFO] - Run finished 10 round(s) in 157.65s
[2024-12-31 13:03:25,200][flwr][INFO] - 	History (loss, distributed):
[2024-12-31 13:03:25,200][flwr][INFO] - 		round 1: 85.74781584739685
[2024-12-31 13:03:25,200][flwr][INFO] - 		round 2: 66.22724372148514
[2024-12-31 13:03:25,200][flwr][INFO] - 		round 3: 94.70376825332642
[2024-12-31 13:03:25,200][flwr][INFO] - 		round 4: 87.45005917549133
[2024-12-31 13:03:25,200][flwr][INFO] - 		round 5: 87.6573337316513
[2024-12-31 13:03:25,200][flwr][INFO] - 		round 6: 87.43496000766754
[2024-12-31 13:03:25,200][flwr][INFO] - 		round 7: 87.48488438129425
[2024-12-31 13:03:25,200][flwr][INFO] - 		round 8: 87.49419856071472
[2024-12-31 13:03:25,200][flwr][INFO] - 		round 9: 87.4540263414383
[2024-12-31 13:03:25,200][flwr][INFO] - 		round 10: 87.45238018035889
[2024-12-31 13:03:25,200][flwr][INFO] - 	History (loss, centralized):
[2024-12-31 13:03:25,200][flwr][INFO] - 		round 0: 182.44641852378845
[2024-12-31 13:03:25,200][flwr][INFO] - 		round 1: 178.98024916648865
[2024-12-31 13:03:25,200][flwr][INFO] - 		round 2: 138.68073105812073
[2024-12-31 13:03:25,200][flwr][INFO] - 		round 3: 194.17621874809265
[2024-12-31 13:03:25,200][flwr][INFO] - 		round 4: 182.05055403709412
[2024-12-31 13:03:25,201][flwr][INFO] - 		round 5: 182.1875569820404
[2024-12-31 13:03:25,201][flwr][INFO] - 		round 6: 182.0411057472229
[2024-12-31 13:03:25,201][flwr][INFO] - 		round 7: 181.99780225753784
[2024-12-31 13:03:25,201][flwr][INFO] - 		round 8: 182.11902570724487
[2024-12-31 13:03:25,201][flwr][INFO] - 		round 9: 182.06874299049377
[2024-12-31 13:03:25,201][flwr][INFO] - 		round 10: 181.87410616874695
[2024-12-31 13:03:25,201][flwr][INFO] - 	History (metrics, centralized):
[2024-12-31 13:03:25,201][flwr][INFO] - 	{'accuracy': [(0, 0.1053),
[2024-12-31 13:03:25,201][flwr][INFO] - 	              (1, 0.1576),
[2024-12-31 13:03:25,201][flwr][INFO] - 	              (2, 0.3904),
[2024-12-31 13:03:25,201][flwr][INFO] - 	              (3, 0.1032),
[2024-12-31 13:03:25,201][flwr][INFO] - 	              (4, 0.0958),
[2024-12-31 13:03:25,201][flwr][INFO] - 	              (5, 0.1032),
[2024-12-31 13:03:25,201][flwr][INFO] - 	              (6, 0.1009),
[2024-12-31 13:03:25,201][flwr][INFO] - 	              (7, 0.0982),
[2024-12-31 13:03:25,201][flwr][INFO] - 	              (8, 0.1135),
[2024-12-31 13:03:25,201][flwr][INFO] - 	              (9, 0.1028),
[2024-12-31 13:03:25,201][flwr][INFO] - 	              (10, 0.101)]}
[2024-12-31 13:03:25,201][flwr][INFO] - 
