[2024-12-31 22:45:40,876][flwr][INFO] - Starting Flower simulation, config: num_rounds=10, no round_timeout
[2024-12-31 22:45:44,389][flwr][INFO] - Flower VCE: Ray initialized with resources: {'node:__internal_head__': 1.0, 'memory': 6944806503.0, 'object_store_memory': 3472403251.0, 'CPU': 12.0, 'node:192.168.1.11': 1.0}
[2024-12-31 22:45:44,389][flwr][INFO] - Optimize your simulation with Flower VCE: https://flower.ai/docs/framework/how-to-run-simulations.html
[2024-12-31 22:45:44,390][flwr][INFO] - Flower VCE: Resources for each Virtual Client: {'num_cpus': 2, 'num_gpus': 0}
[2024-12-31 22:45:44,401][flwr][INFO] - Flower VCE: Creating VirtualClientEngineActorPool with 6 actors
[2024-12-31 22:45:44,401][flwr][INFO] - [INIT]
[2024-12-31 22:45:44,401][flwr][INFO] - Using initial global parameters provided by strategy
[2024-12-31 22:45:44,402][flwr][INFO] - Starting evaluation of initial global parameters
[2024-12-31 22:45:47,028][flwr][INFO] - initial parameters (loss, other metrics): 182.27027559280396, {'accuracy': 0.101}
[2024-12-31 22:45:47,029][flwr][INFO] - 
[2024-12-31 22:45:47,029][flwr][INFO] - [ROUND 1]
[2024-12-31 22:45:47,029][flwr][INFO] - configure_fit: strategy sampled 2 clients (out of 10)
[2024-12-31 22:46:04,603][flwr][INFO] - aggregate_fit: received 2 results and 0 failures
[2024-12-31 22:46:04,608][flwr][WARNING] - No fit_metrics_aggregation_fn provided
[2024-12-31 22:46:05,703][flwr][INFO] - fit progress: (1, nan, {'accuracy': 0.098}, 18.67442276100337)
[2024-12-31 22:46:05,703][flwr][INFO] - configure_evaluate: strategy sampled 2 clients (out of 10)
[2024-12-31 22:46:06,074][flwr][INFO] - aggregate_evaluate: received 2 results and 0 failures
[2024-12-31 22:46:06,074][flwr][WARNING] - No evaluate_metrics_aggregation_fn provided
[2024-12-31 22:46:06,075][flwr][INFO] - 
[2024-12-31 22:46:06,075][flwr][INFO] - [ROUND 2]
[2024-12-31 22:46:06,075][flwr][INFO] - configure_fit: strategy sampled 2 clients (out of 10)
[2024-12-31 22:46:18,945][flwr][INFO] - aggregate_fit: received 2 results and 0 failures
[2024-12-31 22:46:20,948][flwr][INFO] - fit progress: (2, nan, {'accuracy': 0.098}, 33.91972093700315)
[2024-12-31 22:46:20,949][flwr][INFO] - configure_evaluate: strategy sampled 2 clients (out of 10)
[2024-12-31 22:46:21,316][flwr][INFO] - aggregate_evaluate: received 2 results and 0 failures
[2024-12-31 22:46:21,316][flwr][INFO] - 
[2024-12-31 22:46:21,316][flwr][INFO] - [ROUND 3]
[2024-12-31 22:46:21,316][flwr][INFO] - configure_fit: strategy sampled 2 clients (out of 10)
[2024-12-31 22:46:34,042][flwr][INFO] - aggregate_fit: received 2 results and 0 failures
[2024-12-31 22:46:35,601][flwr][INFO] - fit progress: (3, nan, {'accuracy': 0.098}, 48.5721737260028)
[2024-12-31 22:46:35,601][flwr][INFO] - configure_evaluate: strategy sampled 2 clients (out of 10)
[2024-12-31 22:46:36,021][flwr][INFO] - aggregate_evaluate: received 2 results and 0 failures
[2024-12-31 22:46:36,021][flwr][INFO] - 
[2024-12-31 22:46:36,021][flwr][INFO] - [ROUND 4]
[2024-12-31 22:46:36,021][flwr][INFO] - configure_fit: strategy sampled 2 clients (out of 10)
[2024-12-31 22:46:48,225][flwr][INFO] - aggregate_fit: received 2 results and 0 failures
[2024-12-31 22:46:49,945][flwr][INFO] - fit progress: (4, nan, {'accuracy': 0.098}, 62.91582453400042)
[2024-12-31 22:46:49,945][flwr][INFO] - configure_evaluate: strategy sampled 2 clients (out of 10)
[2024-12-31 22:46:50,333][flwr][INFO] - aggregate_evaluate: received 2 results and 0 failures
[2024-12-31 22:46:50,333][flwr][INFO] - 
[2024-12-31 22:46:50,333][flwr][INFO] - [ROUND 5]
[2024-12-31 22:46:50,333][flwr][INFO] - configure_fit: strategy sampled 2 clients (out of 10)
[2024-12-31 22:47:04,322][flwr][INFO] - aggregate_fit: received 2 results and 0 failures
[2024-12-31 22:47:05,570][flwr][INFO] - fit progress: (5, nan, {'accuracy': 0.098}, 78.54102513800171)
[2024-12-31 22:47:05,570][flwr][INFO] - configure_evaluate: strategy sampled 2 clients (out of 10)
[2024-12-31 22:47:05,965][flwr][INFO] - aggregate_evaluate: received 2 results and 0 failures
[2024-12-31 22:47:05,965][flwr][INFO] - 
[2024-12-31 22:47:05,965][flwr][INFO] - [ROUND 6]
[2024-12-31 22:47:05,966][flwr][INFO] - configure_fit: strategy sampled 2 clients (out of 10)
[2024-12-31 22:47:17,710][flwr][INFO] - aggregate_fit: received 2 results and 0 failures
[2024-12-31 22:47:19,287][flwr][INFO] - fit progress: (6, nan, {'accuracy': 0.098}, 92.25780297599704)
[2024-12-31 22:47:19,287][flwr][INFO] - configure_evaluate: strategy sampled 2 clients (out of 10)
[2024-12-31 22:47:19,714][flwr][INFO] - aggregate_evaluate: received 2 results and 0 failures
[2024-12-31 22:47:19,714][flwr][INFO] - 
[2024-12-31 22:47:19,714][flwr][INFO] - [ROUND 7]
[2024-12-31 22:47:19,714][flwr][INFO] - configure_fit: strategy sampled 2 clients (out of 10)
[2024-12-31 22:47:31,167][flwr][INFO] - aggregate_fit: received 2 results and 0 failures
[2024-12-31 22:47:32,650][flwr][INFO] - fit progress: (7, nan, {'accuracy': 0.098}, 105.62111907800136)
[2024-12-31 22:47:32,650][flwr][INFO] - configure_evaluate: strategy sampled 2 clients (out of 10)
[2024-12-31 22:47:33,018][flwr][INFO] - aggregate_evaluate: received 2 results and 0 failures
[2024-12-31 22:47:33,018][flwr][INFO] - 
[2024-12-31 22:47:33,018][flwr][INFO] - [ROUND 8]
[2024-12-31 22:47:33,018][flwr][INFO] - configure_fit: strategy sampled 2 clients (out of 10)
[2024-12-31 22:47:43,739][flwr][INFO] - aggregate_fit: received 2 results and 0 failures
[2024-12-31 22:47:44,986][flwr][INFO] - fit progress: (8, nan, {'accuracy': 0.098}, 117.95749364900257)
[2024-12-31 22:47:44,986][flwr][INFO] - configure_evaluate: strategy sampled 2 clients (out of 10)
[2024-12-31 22:47:45,367][flwr][INFO] - aggregate_evaluate: received 2 results and 0 failures
[2024-12-31 22:47:45,368][flwr][INFO] - 
[2024-12-31 22:47:45,368][flwr][INFO] - [ROUND 9]
[2024-12-31 22:47:45,368][flwr][INFO] - configure_fit: strategy sampled 2 clients (out of 10)
[2024-12-31 22:47:57,832][flwr][INFO] - aggregate_fit: received 2 results and 0 failures
[2024-12-31 22:47:59,438][flwr][INFO] - fit progress: (9, nan, {'accuracy': 0.098}, 132.40934534499684)
[2024-12-31 22:47:59,438][flwr][INFO] - configure_evaluate: strategy sampled 2 clients (out of 10)
[2024-12-31 22:47:59,769][flwr][INFO] - aggregate_evaluate: received 2 results and 0 failures
[2024-12-31 22:47:59,770][flwr][INFO] - 
[2024-12-31 22:47:59,770][flwr][INFO] - [ROUND 10]
[2024-12-31 22:47:59,770][flwr][INFO] - configure_fit: strategy sampled 2 clients (out of 10)
[2024-12-31 22:48:11,085][flwr][INFO] - aggregate_fit: received 2 results and 0 failures
[2024-12-31 22:48:12,922][flwr][INFO] - fit progress: (10, nan, {'accuracy': 0.098}, 145.89351349099888)
[2024-12-31 22:48:12,923][flwr][INFO] - configure_evaluate: strategy sampled 2 clients (out of 10)
[2024-12-31 22:48:13,318][flwr][INFO] - aggregate_evaluate: received 2 results and 0 failures
[2024-12-31 22:48:13,318][flwr][INFO] - 
[2024-12-31 22:48:13,318][flwr][INFO] - [SUMMARY]
[2024-12-31 22:48:13,318][flwr][INFO] - Run finished 10 round(s) in 146.29s
[2024-12-31 22:48:13,318][flwr][INFO] - 	History (loss, distributed):
[2024-12-31 22:48:13,319][flwr][INFO] - 		round 1: nan
[2024-12-31 22:48:13,319][flwr][INFO] - 		round 2: nan
[2024-12-31 22:48:13,319][flwr][INFO] - 		round 3: nan
[2024-12-31 22:48:13,319][flwr][INFO] - 		round 4: nan
[2024-12-31 22:48:13,319][flwr][INFO] - 		round 5: nan
[2024-12-31 22:48:13,319][flwr][INFO] - 		round 6: nan
[2024-12-31 22:48:13,319][flwr][INFO] - 		round 7: nan
[2024-12-31 22:48:13,319][flwr][INFO] - 		round 8: nan
[2024-12-31 22:48:13,319][flwr][INFO] - 		round 9: nan
[2024-12-31 22:48:13,319][flwr][INFO] - 		round 10: nan
[2024-12-31 22:48:13,319][flwr][INFO] - 	History (loss, centralized):
[2024-12-31 22:48:13,319][flwr][INFO] - 		round 0: 182.27027559280396
[2024-12-31 22:48:13,319][flwr][INFO] - 		round 1: nan
[2024-12-31 22:48:13,319][flwr][INFO] - 		round 2: nan
[2024-12-31 22:48:13,319][flwr][INFO] - 		round 3: nan
[2024-12-31 22:48:13,319][flwr][INFO] - 		round 4: nan
[2024-12-31 22:48:13,319][flwr][INFO] - 		round 5: nan
[2024-12-31 22:48:13,319][flwr][INFO] - 		round 6: nan
[2024-12-31 22:48:13,319][flwr][INFO] - 		round 7: nan
[2024-12-31 22:48:13,319][flwr][INFO] - 		round 8: nan
[2024-12-31 22:48:13,319][flwr][INFO] - 		round 9: nan
[2024-12-31 22:48:13,319][flwr][INFO] - 		round 10: nan
[2024-12-31 22:48:13,320][flwr][INFO] - 	History (metrics, centralized):
[2024-12-31 22:48:13,320][flwr][INFO] - 	{'accuracy': [(0, 0.101),
[2024-12-31 22:48:13,320][flwr][INFO] - 	              (1, 0.098),
[2024-12-31 22:48:13,320][flwr][INFO] - 	              (2, 0.098),
[2024-12-31 22:48:13,320][flwr][INFO] - 	              (3, 0.098),
[2024-12-31 22:48:13,320][flwr][INFO] - 	              (4, 0.098),
[2024-12-31 22:48:13,320][flwr][INFO] - 	              (5, 0.098),
[2024-12-31 22:48:13,320][flwr][INFO] - 	              (6, 0.098),
[2024-12-31 22:48:13,320][flwr][INFO] - 	              (7, 0.098),
[2024-12-31 22:48:13,320][flwr][INFO] - 	              (8, 0.098),
[2024-12-31 22:48:13,320][flwr][INFO] - 	              (9, 0.098),
[2024-12-31 22:48:13,320][flwr][INFO] - 	              (10, 0.098)]}
[2024-12-31 22:48:13,320][flwr][INFO] - 
