[2025-01-07 18:00:25,277][flwr][INFO] - Starting Flower simulation, config: num_rounds=10, no round_timeout
[2025-01-07 18:00:28,816][flwr][INFO] - Flower VCE: Ray initialized with resources: {'node:__internal_head__': 1.0, 'memory': 6406311936.0, 'object_store_memory': 3203155968.0, 'CPU': 12.0, 'node:192.168.1.11': 1.0}
[2025-01-07 18:00:28,816][flwr][INFO] - Optimize your simulation with Flower VCE: https://flower.ai/docs/framework/how-to-run-simulations.html
[2025-01-07 18:00:28,816][flwr][INFO] - Flower VCE: Resources for each Virtual Client: {'num_cpus': 2, 'num_gpus': 0}
[2025-01-07 18:00:28,823][flwr][INFO] - Flower VCE: Creating VirtualClientEngineActorPool with 6 actors
[2025-01-07 18:00:28,825][flwr][INFO] - [INIT]
[2025-01-07 18:00:28,825][flwr][INFO] - Requesting initial parameters from one random client
[2025-01-07 18:00:31,543][flwr][INFO] - Received initial parameters from one random client
[2025-01-07 18:00:31,544][flwr][INFO] - Starting evaluation of initial global parameters
[2025-01-07 18:00:33,055][flwr][INFO] - initial parameters (loss, other metrics): 182.24100995063782, {'accuracy': 0.089}
[2025-01-07 18:00:33,055][flwr][INFO] - 
[2025-01-07 18:00:33,055][flwr][INFO] - [ROUND 1]
[2025-01-07 18:00:33,056][flwr][INFO] - configure_fit: strategy sampled 2 clients (out of 20)
[2025-01-07 18:00:41,438][flwr][INFO] - aggregate_fit: received 2 results and 0 failures
[2025-01-07 18:00:41,444][flwr][WARNING] - No fit_metrics_aggregation_fn provided
[2025-01-07 18:00:42,730][flwr][INFO] - fit progress: (1, 11.985184816643596, {'accuracy': 0.9526}, 9.674794623999333)
[2025-01-07 18:00:42,730][flwr][INFO] - configure_evaluate: strategy sampled 2 clients (out of 20)
[2025-01-07 18:00:43,074][flwr][INFO] - aggregate_evaluate: received 2 results and 0 failures
[2025-01-07 18:00:43,074][flwr][WARNING] - No evaluate_metrics_aggregation_fn provided
[2025-01-07 18:00:43,074][flwr][INFO] - 
[2025-01-07 18:00:43,074][flwr][INFO] - [ROUND 2]
[2025-01-07 18:00:43,074][flwr][INFO] - configure_fit: strategy sampled 2 clients (out of 20)
[2025-01-07 18:00:49,448][flwr][INFO] - aggregate_fit: received 2 results and 0 failures
[2025-01-07 18:00:51,018][flwr][INFO] - fit progress: (2, 7.426157310299459, {'accuracy': 0.9714}, 17.962790749996202)
[2025-01-07 18:00:51,018][flwr][INFO] - configure_evaluate: strategy sampled 2 clients (out of 20)
[2025-01-07 18:00:51,367][flwr][INFO] - aggregate_evaluate: received 2 results and 0 failures
[2025-01-07 18:00:51,367][flwr][INFO] - 
[2025-01-07 18:00:51,367][flwr][INFO] - [ROUND 3]
[2025-01-07 18:00:51,367][flwr][INFO] - configure_fit: strategy sampled 2 clients (out of 20)
[2025-01-07 18:00:57,506][flwr][INFO] - aggregate_fit: received 2 results and 0 failures
[2025-01-07 18:00:59,052][flwr][INFO] - fit progress: (3, 6.853719549122616, {'accuracy': 0.9777}, 25.996895119998953)
[2025-01-07 18:00:59,052][flwr][INFO] - configure_evaluate: strategy sampled 2 clients (out of 20)
[2025-01-07 18:00:59,397][flwr][INFO] - aggregate_evaluate: received 2 results and 0 failures
[2025-01-07 18:00:59,397][flwr][INFO] - 
[2025-01-07 18:00:59,397][flwr][INFO] - [ROUND 4]
[2025-01-07 18:00:59,397][flwr][INFO] - configure_fit: strategy sampled 2 clients (out of 20)
[2025-01-07 18:01:05,854][flwr][INFO] - aggregate_fit: received 2 results and 0 failures
[2025-01-07 18:01:07,501][flwr][INFO] - fit progress: (4, 6.495862173892419, {'accuracy': 0.9783}, 34.44532942099613)
[2025-01-07 18:01:07,501][flwr][INFO] - configure_evaluate: strategy sampled 2 clients (out of 20)
[2025-01-07 18:01:07,790][flwr][INFO] - aggregate_evaluate: received 2 results and 0 failures
[2025-01-07 18:01:07,790][flwr][INFO] - 
[2025-01-07 18:01:07,790][flwr][INFO] - [ROUND 5]
[2025-01-07 18:01:07,791][flwr][INFO] - configure_fit: strategy sampled 2 clients (out of 20)
[2025-01-07 18:01:14,010][flwr][INFO] - aggregate_fit: received 2 results and 0 failures
[2025-01-07 18:01:15,681][flwr][INFO] - fit progress: (5, 5.1099643711750105, {'accuracy': 0.9819}, 42.62546009699872)
[2025-01-07 18:01:15,681][flwr][INFO] - configure_evaluate: strategy sampled 2 clients (out of 20)
[2025-01-07 18:01:16,018][flwr][INFO] - aggregate_evaluate: received 2 results and 0 failures
[2025-01-07 18:01:16,018][flwr][INFO] - 
[2025-01-07 18:01:16,018][flwr][INFO] - [ROUND 6]
[2025-01-07 18:01:16,018][flwr][INFO] - configure_fit: strategy sampled 2 clients (out of 20)
[2025-01-07 18:01:22,387][flwr][INFO] - aggregate_fit: received 2 results and 0 failures
[2025-01-07 18:01:23,608][flwr][INFO] - fit progress: (6, 5.58700851051816, {'accuracy': 0.9831}, 50.55234436399769)
[2025-01-07 18:01:23,608][flwr][INFO] - configure_evaluate: strategy sampled 2 clients (out of 20)
[2025-01-07 18:01:23,944][flwr][INFO] - aggregate_evaluate: received 2 results and 0 failures
[2025-01-07 18:01:23,944][flwr][INFO] - 
[2025-01-07 18:01:23,945][flwr][INFO] - [ROUND 7]
[2025-01-07 18:01:23,945][flwr][INFO] - configure_fit: strategy sampled 2 clients (out of 20)
[2025-01-07 18:01:30,228][flwr][INFO] - aggregate_fit: received 2 results and 0 failures
[2025-01-07 18:01:31,496][flwr][INFO] - fit progress: (7, 5.175603779477797, {'accuracy': 0.9843}, 58.4408181789986)
[2025-01-07 18:01:31,496][flwr][INFO] - configure_evaluate: strategy sampled 2 clients (out of 20)
[2025-01-07 18:01:31,868][flwr][INFO] - aggregate_evaluate: received 2 results and 0 failures
[2025-01-07 18:01:31,868][flwr][INFO] - 
[2025-01-07 18:01:31,868][flwr][INFO] - [ROUND 8]
[2025-01-07 18:01:31,868][flwr][INFO] - configure_fit: strategy sampled 2 clients (out of 20)
[2025-01-07 18:01:38,122][flwr][INFO] - aggregate_fit: received 2 results and 0 failures
[2025-01-07 18:01:39,833][flwr][INFO] - fit progress: (8, 4.074162216379591, {'accuracy': 0.9866}, 66.77749499899801)
[2025-01-07 18:01:39,833][flwr][INFO] - configure_evaluate: strategy sampled 2 clients (out of 20)
[2025-01-07 18:01:40,143][flwr][INFO] - aggregate_evaluate: received 2 results and 0 failures
[2025-01-07 18:01:40,143][flwr][INFO] - 
[2025-01-07 18:01:40,144][flwr][INFO] - [ROUND 9]
[2025-01-07 18:01:40,144][flwr][INFO] - configure_fit: strategy sampled 2 clients (out of 20)
[2025-01-07 18:01:46,497][flwr][INFO] - aggregate_fit: received 2 results and 0 failures
[2025-01-07 18:01:47,674][flwr][INFO] - fit progress: (9, 3.8197533089869466, {'accuracy': 0.9866}, 74.61853737199999)
[2025-01-07 18:01:47,674][flwr][INFO] - configure_evaluate: strategy sampled 2 clients (out of 20)
[2025-01-07 18:01:48,010][flwr][INFO] - aggregate_evaluate: received 2 results and 0 failures
[2025-01-07 18:01:48,011][flwr][INFO] - 
[2025-01-07 18:01:48,011][flwr][INFO] - [ROUND 10]
[2025-01-07 18:01:48,011][flwr][INFO] - configure_fit: strategy sampled 2 clients (out of 20)
[2025-01-07 18:01:54,397][flwr][INFO] - aggregate_fit: received 2 results and 0 failures
[2025-01-07 18:01:55,650][flwr][INFO] - fit progress: (10, 3.8714620720070343, {'accuracy': 0.9867}, 82.59461721799744)
[2025-01-07 18:01:55,650][flwr][INFO] - configure_evaluate: strategy sampled 2 clients (out of 20)
[2025-01-07 18:01:55,989][flwr][INFO] - aggregate_evaluate: received 2 results and 0 failures
[2025-01-07 18:01:55,990][flwr][INFO] - 
[2025-01-07 18:01:55,990][flwr][INFO] - [SUMMARY]
[2025-01-07 18:01:55,990][flwr][INFO] - Run finished 10 round(s) in 82.93s
[2025-01-07 18:01:55,990][flwr][INFO] - 	History (loss, distributed):
[2025-01-07 18:01:55,991][flwr][INFO] - 		round 1: 2.9825305151753128
[2025-01-07 18:01:55,991][flwr][INFO] - 		round 2: 1.8069884223841655
[2025-01-07 18:01:55,991][flwr][INFO] - 		round 3: 2.297914236507495
[2025-01-07 18:01:55,991][flwr][INFO] - 		round 4: 2.68264205356445
[2025-01-07 18:01:55,991][flwr][INFO] - 		round 5: 1.5694381110479299
[2025-01-07 18:01:55,991][flwr][INFO] - 		round 6: 2.2649606211879245
[2025-01-07 18:01:55,991][flwr][INFO] - 		round 7: 1.4098663442613173
[2025-01-07 18:01:55,991][flwr][INFO] - 		round 8: 0.726472808038011
[2025-01-07 18:01:55,991][flwr][INFO] - 		round 9: 0.7239123827187086
[2025-01-07 18:01:55,992][flwr][INFO] - 		round 10: 2.005572063337638
[2025-01-07 18:01:55,992][flwr][INFO] - 	History (loss, centralized):
[2025-01-07 18:01:55,992][flwr][INFO] - 		round 0: 182.24100995063782
[2025-01-07 18:01:55,992][flwr][INFO] - 		round 1: 11.985184816643596
[2025-01-07 18:01:55,992][flwr][INFO] - 		round 2: 7.426157310299459
[2025-01-07 18:01:55,992][flwr][INFO] - 		round 3: 6.853719549122616
[2025-01-07 18:01:55,992][flwr][INFO] - 		round 4: 6.495862173892419
[2025-01-07 18:01:55,992][flwr][INFO] - 		round 5: 5.1099643711750105
[2025-01-07 18:01:55,992][flwr][INFO] - 		round 6: 5.58700851051816
[2025-01-07 18:01:55,992][flwr][INFO] - 		round 7: 5.175603779477797
[2025-01-07 18:01:55,992][flwr][INFO] - 		round 8: 4.074162216379591
[2025-01-07 18:01:55,992][flwr][INFO] - 		round 9: 3.8197533089869466
[2025-01-07 18:01:55,992][flwr][INFO] - 		round 10: 3.8714620720070343
[2025-01-07 18:01:55,993][flwr][INFO] - 	History (metrics, centralized):
[2025-01-07 18:01:55,993][flwr][INFO] - 	{'accuracy': [(0, 0.089),
[2025-01-07 18:01:55,993][flwr][INFO] - 	              (1, 0.9526),
[2025-01-07 18:01:55,993][flwr][INFO] - 	              (2, 0.9714),
[2025-01-07 18:01:55,993][flwr][INFO] - 	              (3, 0.9777),
[2025-01-07 18:01:55,993][flwr][INFO] - 	              (4, 0.9783),
[2025-01-07 18:01:55,993][flwr][INFO] - 	              (5, 0.9819),
[2025-01-07 18:01:55,993][flwr][INFO] - 	              (6, 0.9831),
[2025-01-07 18:01:55,993][flwr][INFO] - 	              (7, 0.9843),
[2025-01-07 18:01:55,993][flwr][INFO] - 	              (8, 0.9866),
[2025-01-07 18:01:55,993][flwr][INFO] - 	              (9, 0.9866),
[2025-01-07 18:01:55,993][flwr][INFO] - 	              (10, 0.9867)]}
[2025-01-07 18:01:55,993][flwr][INFO] - 
