[2025-01-07 14:38:59,974][flwr][INFO] - Starting Flower simulation, config: num_rounds=5, no round_timeout
[2025-01-07 14:39:03,363][flwr][INFO] - Flower VCE: Ray initialized with resources: {'node:__internal_head__': 1.0, 'node:192.168.1.11': 1.0, 'CPU': 12.0, 'object_store_memory': 3154583961.0, 'memory': 6309167924.0}
[2025-01-07 14:39:03,364][flwr][INFO] - Optimize your simulation with Flower VCE: https://flower.ai/docs/framework/how-to-run-simulations.html
[2025-01-07 14:39:03,364][flwr][INFO] - Flower VCE: Resources for each Virtual Client: {'num_cpus': 2, 'num_gpus': 0}
[2025-01-07 14:39:03,370][flwr][INFO] - Flower VCE: Creating VirtualClientEngineActorPool with 6 actors
[2025-01-07 14:39:03,371][flwr][INFO] - [INIT]
[2025-01-07 14:39:03,371][flwr][INFO] - Requesting initial parameters from one random client
[2025-01-07 14:39:06,191][flwr][INFO] - Received initial parameters from one random client
[2025-01-07 14:39:06,191][flwr][INFO] - Starting evaluation of initial global parameters
[2025-01-07 14:39:07,527][flwr][INFO] - initial parameters (loss, other metrics): 182.23391604423523, {'accuracy': 0.0958}
[2025-01-07 14:39:07,527][flwr][INFO] - 
[2025-01-07 14:39:07,527][flwr][INFO] - [ROUND 1]
[2025-01-07 14:39:07,528][flwr][INFO] - configure_fit: strategy sampled 2 clients (out of 20)
[2025-01-07 14:39:13,681][flwr][INFO] - aggregate_fit: received 2 results and 0 failures
[2025-01-07 14:39:13,686][flwr][WARNING] - No fit_metrics_aggregation_fn provided
[2025-01-07 14:39:15,089][flwr][INFO] - fit progress: (1, 144.17148733139038, {'accuracy': 0.3572}, 7.561583844002598)
[2025-01-07 14:39:15,089][flwr][INFO] - configure_evaluate: strategy sampled 5 clients (out of 20)
[2025-01-07 14:39:18,556][flwr][INFO] - aggregate_evaluate: received 5 results and 0 failures
[2025-01-07 14:39:18,556][flwr][WARNING] - No evaluate_metrics_aggregation_fn provided
[2025-01-07 14:39:18,556][flwr][INFO] - 
[2025-01-07 14:39:18,556][flwr][INFO] - [ROUND 2]
[2025-01-07 14:39:18,556][flwr][INFO] - configure_fit: strategy sampled 2 clients (out of 20)
[2025-01-07 14:39:22,467][flwr][INFO] - aggregate_fit: received 2 results and 0 failures
[2025-01-07 14:39:24,036][flwr][INFO] - fit progress: (2, 81.85574436187744, {'accuracy': 0.7306}, 16.5092639780014)
[2025-01-07 14:39:24,037][flwr][INFO] - configure_evaluate: strategy sampled 5 clients (out of 20)
[2025-01-07 14:39:24,633][flwr][INFO] - aggregate_evaluate: received 5 results and 0 failures
[2025-01-07 14:39:24,633][flwr][INFO] - 
[2025-01-07 14:39:24,633][flwr][INFO] - [ROUND 3]
[2025-01-07 14:39:24,634][flwr][INFO] - configure_fit: strategy sampled 2 clients (out of 20)
[2025-01-07 14:39:28,500][flwr][INFO] - aggregate_fit: received 2 results and 0 failures
[2025-01-07 14:39:29,967][flwr][INFO] - fit progress: (3, 70.08041709661484, {'accuracy': 0.7304}, 22.439935279002384)
[2025-01-07 14:39:29,967][flwr][INFO] - configure_evaluate: strategy sampled 5 clients (out of 20)
[2025-01-07 14:39:30,615][flwr][INFO] - aggregate_evaluate: received 5 results and 0 failures
[2025-01-07 14:39:30,616][flwr][INFO] - 
[2025-01-07 14:39:30,616][flwr][INFO] - [ROUND 4]
[2025-01-07 14:39:30,616][flwr][INFO] - configure_fit: strategy sampled 2 clients (out of 20)
[2025-01-07 14:39:34,526][flwr][INFO] - aggregate_fit: received 2 results and 0 failures
[2025-01-07 14:39:36,156][flwr][INFO] - fit progress: (4, 61.167695224285126, {'accuracy': 0.8091}, 28.629438038002263)
[2025-01-07 14:39:36,157][flwr][INFO] - configure_evaluate: strategy sampled 5 clients (out of 20)
[2025-01-07 14:39:36,785][flwr][INFO] - aggregate_evaluate: received 5 results and 0 failures
[2025-01-07 14:39:36,786][flwr][INFO] - 
[2025-01-07 14:39:36,786][flwr][INFO] - [ROUND 5]
[2025-01-07 14:39:36,786][flwr][INFO] - configure_fit: strategy sampled 2 clients (out of 20)
[2025-01-07 14:39:40,620][flwr][INFO] - aggregate_fit: received 2 results and 0 failures
[2025-01-07 14:39:42,574][flwr][INFO] - fit progress: (5, 155.29971289634705, {'accuracy': 0.3467}, 35.04674584700115)
[2025-01-07 14:39:42,574][flwr][INFO] - configure_evaluate: strategy sampled 5 clients (out of 20)
[2025-01-07 14:39:43,182][flwr][INFO] - aggregate_evaluate: received 5 results and 0 failures
[2025-01-07 14:39:43,182][flwr][INFO] - 
[2025-01-07 14:39:43,183][flwr][INFO] - [SUMMARY]
[2025-01-07 14:39:43,183][flwr][INFO] - Run finished 5 round(s) in 35.66s
[2025-01-07 14:39:43,183][flwr][INFO] - 	History (loss, distributed):
[2025-01-07 14:39:43,183][flwr][INFO] - 		round 1: 34.96547079086304
[2025-01-07 14:39:43,183][flwr][INFO] - 		round 2: 19.977794164419173
[2025-01-07 14:39:43,183][flwr][INFO] - 		round 3: 17.725339895486833
[2025-01-07 14:39:43,183][flwr][INFO] - 		round 4: 14.234908282756805
[2025-01-07 14:39:43,183][flwr][INFO] - 		round 5: 36.72868945598602
[2025-01-07 14:39:43,183][flwr][INFO] - 	History (loss, centralized):
[2025-01-07 14:39:43,183][flwr][INFO] - 		round 0: 182.23391604423523
[2025-01-07 14:39:43,183][flwr][INFO] - 		round 1: 144.17148733139038
[2025-01-07 14:39:43,183][flwr][INFO] - 		round 2: 81.85574436187744
[2025-01-07 14:39:43,183][flwr][INFO] - 		round 3: 70.08041709661484
[2025-01-07 14:39:43,183][flwr][INFO] - 		round 4: 61.167695224285126
[2025-01-07 14:39:43,183][flwr][INFO] - 		round 5: 155.29971289634705
[2025-01-07 14:39:43,183][flwr][INFO] - 	History (metrics, centralized):
[2025-01-07 14:39:43,183][flwr][INFO] - 	{'accuracy': [(0, 0.0958),
[2025-01-07 14:39:43,184][flwr][INFO] - 	              (1, 0.3572),
[2025-01-07 14:39:43,184][flwr][INFO] - 	              (2, 0.7306),
[2025-01-07 14:39:43,184][flwr][INFO] - 	              (3, 0.7304),
[2025-01-07 14:39:43,184][flwr][INFO] - 	              (4, 0.8091),
[2025-01-07 14:39:43,184][flwr][INFO] - 	              (5, 0.3467)]}
[2025-01-07 14:39:43,184][flwr][INFO] - 
