[2025-01-07 14:54:08,765][flwr][INFO] - Starting Flower simulation, config: num_rounds=10, no round_timeout
[2025-01-07 14:54:12,223][flwr][INFO] - Flower VCE: Ray initialized with resources: {'node:__internal_head__': 1.0, 'node:192.168.1.11': 1.0, 'CPU': 12.0, 'object_store_memory': 3118167244.0, 'memory': 6236334491.0}
[2025-01-07 14:54:12,223][flwr][INFO] - Optimize your simulation with Flower VCE: https://flower.ai/docs/framework/how-to-run-simulations.html
[2025-01-07 14:54:12,223][flwr][INFO] - Flower VCE: Resources for each Virtual Client: {'num_cpus': 2, 'num_gpus': 0}
[2025-01-07 14:54:12,233][flwr][INFO] - Flower VCE: Creating VirtualClientEngineActorPool with 6 actors
[2025-01-07 14:54:12,234][flwr][INFO] - [INIT]
[2025-01-07 14:54:12,234][flwr][INFO] - Requesting initial parameters from one random client
[2025-01-07 14:54:15,081][flwr][INFO] - Received initial parameters from one random client
[2025-01-07 14:54:15,082][flwr][INFO] - Starting evaluation of initial global parameters
[2025-01-07 14:54:16,521][flwr][INFO] - initial parameters (loss, other metrics): 181.85783505439758, {'accuracy': 0.1019}
[2025-01-07 14:54:16,522][flwr][INFO] - 
[2025-01-07 14:54:16,522][flwr][INFO] - [ROUND 1]
[2025-01-07 14:54:16,522][flwr][INFO] - configure_fit: strategy sampled 2 clients (out of 5)
[2025-01-07 14:54:32,603][flwr][INFO] - aggregate_fit: received 2 results and 0 failures
[2025-01-07 14:54:32,610][flwr][WARNING] - No fit_metrics_aggregation_fn provided
[2025-01-07 14:54:33,769][flwr][INFO] - fit progress: (1, 6.730779622332193, {'accuracy': 0.9736}, 17.247653703998367)
[2025-01-07 14:54:33,770][flwr][INFO] - configure_evaluate: strategy sampled 2 clients (out of 5)
[2025-01-07 14:54:34,324][flwr][INFO] - aggregate_evaluate: received 2 results and 0 failures
[2025-01-07 14:54:34,325][flwr][WARNING] - No evaluate_metrics_aggregation_fn provided
[2025-01-07 14:54:34,325][flwr][INFO] - 
[2025-01-07 14:54:34,325][flwr][INFO] - [ROUND 2]
[2025-01-07 14:54:34,325][flwr][INFO] - configure_fit: strategy sampled 2 clients (out of 5)
[2025-01-07 14:54:48,056][flwr][INFO] - aggregate_fit: received 2 results and 0 failures
[2025-01-07 14:54:49,432][flwr][INFO] - fit progress: (2, 4.728292505918944, {'accuracy': 0.9825}, 32.91012027499892)
[2025-01-07 14:54:49,432][flwr][INFO] - configure_evaluate: strategy sampled 2 clients (out of 5)
[2025-01-07 14:54:49,966][flwr][INFO] - aggregate_evaluate: received 2 results and 0 failures
[2025-01-07 14:54:49,966][flwr][INFO] - 
[2025-01-07 14:54:49,966][flwr][INFO] - [ROUND 3]
[2025-01-07 14:54:49,967][flwr][INFO] - configure_fit: strategy sampled 2 clients (out of 5)
[2025-01-07 14:55:03,812][flwr][INFO] - aggregate_fit: received 2 results and 0 failures
[2025-01-07 14:55:05,150][flwr][INFO] - fit progress: (3, 4.835424650234927, {'accuracy': 0.9832}, 48.62784039899998)
[2025-01-07 14:55:05,150][flwr][INFO] - configure_evaluate: strategy sampled 2 clients (out of 5)
[2025-01-07 14:55:05,692][flwr][INFO] - aggregate_evaluate: received 2 results and 0 failures
[2025-01-07 14:55:05,693][flwr][INFO] - 
[2025-01-07 14:55:05,693][flwr][INFO] - [ROUND 4]
[2025-01-07 14:55:05,693][flwr][INFO] - configure_fit: strategy sampled 2 clients (out of 5)
[2025-01-07 14:55:19,865][flwr][INFO] - aggregate_fit: received 2 results and 0 failures
[2025-01-07 14:55:21,326][flwr][INFO] - fit progress: (4, 3.7292793088490725, {'accuracy': 0.9853}, 64.80435596499956)
[2025-01-07 14:55:21,326][flwr][INFO] - configure_evaluate: strategy sampled 2 clients (out of 5)
[2025-01-07 14:55:21,867][flwr][INFO] - aggregate_evaluate: received 2 results and 0 failures
[2025-01-07 14:55:21,867][flwr][INFO] - 
[2025-01-07 14:55:21,867][flwr][INFO] - [ROUND 5]
[2025-01-07 14:55:21,868][flwr][INFO] - configure_fit: strategy sampled 2 clients (out of 5)
[2025-01-07 14:55:35,866][flwr][INFO] - aggregate_fit: received 2 results and 0 failures
[2025-01-07 14:55:37,675][flwr][INFO] - fit progress: (5, 4.881518550460896, {'accuracy': 0.9846}, 81.15291620899734)
[2025-01-07 14:55:37,675][flwr][INFO] - configure_evaluate: strategy sampled 2 clients (out of 5)
[2025-01-07 14:55:38,166][flwr][INFO] - aggregate_evaluate: received 2 results and 0 failures
[2025-01-07 14:55:38,166][flwr][INFO] - 
[2025-01-07 14:55:38,166][flwr][INFO] - [ROUND 6]
[2025-01-07 14:55:38,166][flwr][INFO] - configure_fit: strategy sampled 2 clients (out of 5)
[2025-01-07 14:55:51,927][flwr][INFO] - aggregate_fit: received 2 results and 0 failures
[2025-01-07 14:55:53,814][flwr][INFO] - fit progress: (6, 3.561265025553439, {'accuracy': 0.988}, 97.29230634899795)
[2025-01-07 14:55:53,814][flwr][INFO] - configure_evaluate: strategy sampled 2 clients (out of 5)
[2025-01-07 14:55:54,296][flwr][INFO] - aggregate_evaluate: received 2 results and 0 failures
[2025-01-07 14:55:54,296][flwr][INFO] - 
[2025-01-07 14:55:54,297][flwr][INFO] - [ROUND 7]
[2025-01-07 14:55:54,297][flwr][INFO] - configure_fit: strategy sampled 2 clients (out of 5)
[2025-01-07 14:56:08,172][flwr][INFO] - aggregate_fit: received 2 results and 0 failures
[2025-01-07 14:56:10,008][flwr][INFO] - fit progress: (7, 3.3998686947413717, {'accuracy': 0.9898}, 113.48613130299782)
[2025-01-07 14:56:10,008][flwr][INFO] - configure_evaluate: strategy sampled 2 clients (out of 5)
[2025-01-07 14:56:10,523][flwr][INFO] - aggregate_evaluate: received 2 results and 0 failures
[2025-01-07 14:56:10,523][flwr][INFO] - 
[2025-01-07 14:56:10,523][flwr][INFO] - [ROUND 8]
[2025-01-07 14:56:10,523][flwr][INFO] - configure_fit: strategy sampled 2 clients (out of 5)
[2025-01-07 14:56:24,376][flwr][INFO] - aggregate_fit: received 2 results and 0 failures
[2025-01-07 14:56:25,621][flwr][INFO] - fit progress: (8, 3.0925443029998405, {'accuracy': 0.9895}, 129.09891224499734)
[2025-01-07 14:56:25,621][flwr][INFO] - configure_evaluate: strategy sampled 2 clients (out of 5)
[2025-01-07 14:56:26,151][flwr][INFO] - aggregate_evaluate: received 2 results and 0 failures
[2025-01-07 14:56:26,152][flwr][INFO] - 
[2025-01-07 14:56:26,152][flwr][INFO] - [ROUND 9]
[2025-01-07 14:56:26,152][flwr][INFO] - configure_fit: strategy sampled 2 clients (out of 5)
[2025-01-07 14:56:39,894][flwr][INFO] - aggregate_fit: received 2 results and 0 failures
[2025-01-07 14:56:41,153][flwr][INFO] - fit progress: (9, 3.3097335195898268, {'accuracy': 0.9893}, 144.630906391998)
[2025-01-07 14:56:41,153][flwr][INFO] - configure_evaluate: strategy sampled 2 clients (out of 5)
[2025-01-07 14:56:41,696][flwr][INFO] - aggregate_evaluate: received 2 results and 0 failures
[2025-01-07 14:56:41,696][flwr][INFO] - 
[2025-01-07 14:56:41,696][flwr][INFO] - [ROUND 10]
[2025-01-07 14:56:41,697][flwr][INFO] - configure_fit: strategy sampled 2 clients (out of 5)
[2025-01-07 14:56:55,746][flwr][INFO] - aggregate_fit: received 2 results and 0 failures
[2025-01-07 14:56:57,209][flwr][INFO] - fit progress: (10, 3.470988508152743, {'accuracy': 0.9892}, 160.68698481499814)
[2025-01-07 14:56:57,209][flwr][INFO] - configure_evaluate: strategy sampled 2 clients (out of 5)
[2025-01-07 14:56:57,829][flwr][INFO] - aggregate_evaluate: received 2 results and 0 failures
[2025-01-07 14:56:57,829][flwr][INFO] - 
[2025-01-07 14:56:57,829][flwr][INFO] - [SUMMARY]
[2025-01-07 14:56:57,829][flwr][INFO] - Run finished 10 round(s) in 161.31s
[2025-01-07 14:56:57,830][flwr][INFO] - 	History (loss, distributed):
[2025-01-07 14:56:57,830][flwr][INFO] - 		round 1: 7.940647398470901
[2025-01-07 14:56:57,830][flwr][INFO] - 		round 2: 5.070713620785682
[2025-01-07 14:56:57,830][flwr][INFO] - 		round 3: 5.225673337993044
[2025-01-07 14:56:57,830][flwr][INFO] - 		round 4: 4.0902235324001595
[2025-01-07 14:56:57,830][flwr][INFO] - 		round 5: 5.4093894370596445
[2025-01-07 14:56:57,830][flwr][INFO] - 		round 6: 2.9364321260257498
[2025-01-07 14:56:57,830][flwr][INFO] - 		round 7: 3.644216225442925
[2025-01-07 14:56:57,830][flwr][INFO] - 		round 8: 3.6417436423870626
[2025-01-07 14:56:57,830][flwr][INFO] - 		round 9: 3.773124713063662
[2025-01-07 14:56:57,830][flwr][INFO] - 		round 10: 3.935731769017266
[2025-01-07 14:56:57,830][flwr][INFO] - 	History (loss, centralized):
[2025-01-07 14:56:57,830][flwr][INFO] - 		round 0: 181.85783505439758
[2025-01-07 14:56:57,830][flwr][INFO] - 		round 1: 6.730779622332193
[2025-01-07 14:56:57,830][flwr][INFO] - 		round 2: 4.728292505918944
[2025-01-07 14:56:57,830][flwr][INFO] - 		round 3: 4.835424650234927
[2025-01-07 14:56:57,831][flwr][INFO] - 		round 4: 3.7292793088490725
[2025-01-07 14:56:57,831][flwr][INFO] - 		round 5: 4.881518550460896
[2025-01-07 14:56:57,831][flwr][INFO] - 		round 6: 3.561265025553439
[2025-01-07 14:56:57,831][flwr][INFO] - 		round 7: 3.3998686947413717
[2025-01-07 14:56:57,831][flwr][INFO] - 		round 8: 3.0925443029998405
[2025-01-07 14:56:57,831][flwr][INFO] - 		round 9: 3.3097335195898268
[2025-01-07 14:56:57,831][flwr][INFO] - 		round 10: 3.470988508152743
[2025-01-07 14:56:57,831][flwr][INFO] - 	History (metrics, centralized):
[2025-01-07 14:56:57,831][flwr][INFO] - 	{'accuracy': [(0, 0.1019),
[2025-01-07 14:56:57,831][flwr][INFO] - 	              (1, 0.9736),
[2025-01-07 14:56:57,831][flwr][INFO] - 	              (2, 0.9825),
[2025-01-07 14:56:57,831][flwr][INFO] - 	              (3, 0.9832),
[2025-01-07 14:56:57,831][flwr][INFO] - 	              (4, 0.9853),
[2025-01-07 14:56:57,831][flwr][INFO] - 	              (5, 0.9846),
[2025-01-07 14:56:57,831][flwr][INFO] - 	              (6, 0.988),
[2025-01-07 14:56:57,831][flwr][INFO] - 	              (7, 0.9898),
[2025-01-07 14:56:57,831][flwr][INFO] - 	              (8, 0.9895),
[2025-01-07 14:56:57,831][flwr][INFO] - 	              (9, 0.9893),
[2025-01-07 14:56:57,831][flwr][INFO] - 	              (10, 0.9892)]}
[2025-01-07 14:56:57,831][flwr][INFO] - 
