[2025-01-09 19:05:38,501][flwr][INFO] - Starting Flower simulation, config: num_rounds=10, no round_timeout
[2025-01-09 19:05:42,116][flwr][INFO] - Flower VCE: Ray initialized with resources: {'node:__internal_head__': 1.0, 'CPU': 12.0, 'node:192.168.1.11': 1.0, 'memory': 4147143476.0, 'object_store_memory': 2073571737.0}
[2025-01-09 19:05:42,116][flwr][INFO] - Optimize your simulation with Flower VCE: https://flower.ai/docs/framework/how-to-run-simulations.html
[2025-01-09 19:05:42,116][flwr][INFO] - Flower VCE: Resources for each Virtual Client: {'num_cpus': 2, 'num_gpus': 0}
[2025-01-09 19:05:42,133][flwr][INFO] - Flower VCE: Creating VirtualClientEngineActorPool with 6 actors
[2025-01-09 19:05:42,133][flwr][INFO] - [INIT]
[2025-01-09 19:05:42,134][flwr][INFO] - Using initial global parameters provided by strategy
[2025-01-09 19:05:42,134][flwr][INFO] - Starting evaluation of initial global parameters
[2025-01-09 19:06:02,466][flwr][INFO] - initial parameters (loss, other metrics): 3917.9111437797546, {'accuracy': 0.5001406890244975}
[2025-01-09 19:06:02,467][flwr][INFO] - 
[2025-01-09 19:06:02,467][flwr][INFO] - [ROUND 1]
[2025-01-09 19:06:02,468][flwr][INFO] - configure_fit: strategy sampled 2 clients (out of 10)
[2025-01-09 19:06:36,085][flwr][INFO] - aggregate_fit: received 2 results and 0 failures
[2025-01-09 19:06:36,090][flwr][WARNING] - No fit_metrics_aggregation_fn provided
[2025-01-09 19:06:49,387][flwr][INFO] - fit progress: (1, 3125.9268782436848, {'accuracy': 0.8977718375745212}, 46.920281062004506)
[2025-01-09 19:06:49,388][flwr][INFO] - configure_evaluate: strategy sampled 5 clients (out of 10)
[2025-01-09 19:06:54,051][flwr][INFO] - aggregate_evaluate: received 5 results and 0 failures
[2025-01-09 19:06:54,051][flwr][WARNING] - No evaluate_metrics_aggregation_fn provided
[2025-01-09 19:06:54,052][flwr][INFO] - 
[2025-01-09 19:06:54,052][flwr][INFO] - [ROUND 2]
[2025-01-09 19:06:54,052][flwr][INFO] - configure_fit: strategy sampled 2 clients (out of 10)
[2025-01-09 19:07:24,761][flwr][INFO] - aggregate_fit: received 2 results and 0 failures
[2025-01-09 19:07:36,244][flwr][INFO] - fit progress: (2, 1061.2321870177984, {'accuracy': 0.9651618803088124}, 93.77666944000521)
[2025-01-09 19:07:36,244][flwr][INFO] - configure_evaluate: strategy sampled 5 clients (out of 10)
[2025-01-09 19:07:37,709][flwr][INFO] - aggregate_evaluate: received 5 results and 0 failures
[2025-01-09 19:07:37,710][flwr][INFO] - 
[2025-01-09 19:07:37,710][flwr][INFO] - [ROUND 3]
[2025-01-09 19:07:37,710][flwr][INFO] - configure_fit: strategy sampled 2 clients (out of 10)
[2025-01-09 19:08:11,371][flwr][INFO] - aggregate_fit: received 2 results and 0 failures
[2025-01-09 19:08:25,853][flwr][INFO] - fit progress: (3, 134.44517760220333, {'accuracy': 0.9969224275891178}, 143.3860560190078)
[2025-01-09 19:08:25,854][flwr][INFO] - configure_evaluate: strategy sampled 5 clients (out of 10)
[2025-01-09 19:08:27,967][flwr][INFO] - aggregate_evaluate: received 5 results and 0 failures
[2025-01-09 19:08:27,968][flwr][INFO] - 
[2025-01-09 19:08:27,968][flwr][INFO] - [ROUND 4]
[2025-01-09 19:08:27,968][flwr][INFO] - configure_fit: strategy sampled 2 clients (out of 10)
[2025-01-09 19:08:59,484][flwr][INFO] - aggregate_fit: received 2 results and 0 failures
[2025-01-09 19:09:19,803][flwr][INFO] - fit progress: (4, 94.91927441332531, {'accuracy': 0.9983469039621546}, 197.33568481600378)
[2025-01-09 19:09:19,803][flwr][INFO] - configure_evaluate: strategy sampled 5 clients (out of 10)
[2025-01-09 19:09:21,183][flwr][INFO] - aggregate_evaluate: received 5 results and 0 failures
[2025-01-09 19:09:21,183][flwr][INFO] - 
[2025-01-09 19:09:21,184][flwr][INFO] - [ROUND 5]
[2025-01-09 19:09:21,184][flwr][INFO] - configure_fit: strategy sampled 2 clients (out of 10)
[2025-01-09 19:10:00,360][flwr][INFO] - aggregate_fit: received 2 results and 0 failures
[2025-01-09 19:10:19,754][flwr][INFO] - fit progress: (5, 120.52802088872296, {'accuracy': 0.9985051791147143}, 257.28721229400253)
[2025-01-09 19:10:19,755][flwr][INFO] - configure_evaluate: strategy sampled 5 clients (out of 10)
[2025-01-09 19:10:21,083][flwr][INFO] - aggregate_evaluate: received 5 results and 0 failures
[2025-01-09 19:10:21,083][flwr][INFO] - 
[2025-01-09 19:10:21,084][flwr][INFO] - [ROUND 6]
[2025-01-09 19:10:21,084][flwr][INFO] - configure_fit: strategy sampled 2 clients (out of 10)
[2025-01-09 19:10:58,955][flwr][INFO] - aggregate_fit: received 2 results and 0 failures
[2025-01-09 19:11:11,338][flwr][INFO] - fit progress: (6, 161.61401508401926, {'accuracy': 0.9982765594499059}, 308.871548783005)
[2025-01-09 19:11:11,339][flwr][INFO] - configure_evaluate: strategy sampled 5 clients (out of 10)
[2025-01-09 19:11:12,609][flwr][INFO] - aggregate_evaluate: received 5 results and 0 failures
[2025-01-09 19:11:12,610][flwr][INFO] - 
[2025-01-09 19:11:12,610][flwr][INFO] - [ROUND 7]
[2025-01-09 19:11:12,610][flwr][INFO] - configure_fit: strategy sampled 2 clients (out of 10)
[2025-01-09 19:11:47,537][flwr][INFO] - aggregate_fit: received 2 results and 0 failures
[2025-01-09 19:12:12,327][flwr][INFO] - fit progress: (7, 198.1836072587967, {'accuracy': 0.9982677663858748}, 369.86027234799985)
[2025-01-09 19:12:12,328][flwr][INFO] - configure_evaluate: strategy sampled 5 clients (out of 10)
[2025-01-09 19:12:14,222][flwr][INFO] - aggregate_evaluate: received 5 results and 0 failures
[2025-01-09 19:12:14,222][flwr][INFO] - 
[2025-01-09 19:12:14,222][flwr][INFO] - [ROUND 8]
[2025-01-09 19:12:14,223][flwr][INFO] - configure_fit: strategy sampled 2 clients (out of 10)
[2025-01-09 19:12:52,653][flwr][INFO] - aggregate_fit: received 2 results and 0 failures
[2025-01-09 19:13:22,283][flwr][INFO] - fit progress: (8, 188.09543330449128, {'accuracy': 0.9989536253803}, 439.81567478399666)
[2025-01-09 19:13:22,283][flwr][INFO] - configure_evaluate: strategy sampled 5 clients (out of 10)
[2025-01-09 19:13:23,816][flwr][INFO] - aggregate_evaluate: received 5 results and 0 failures
[2025-01-09 19:13:23,817][flwr][INFO] - 
[2025-01-09 19:13:23,817][flwr][INFO] - [ROUND 9]
[2025-01-09 19:13:23,817][flwr][INFO] - configure_fit: strategy sampled 2 clients (out of 10)
[2025-01-09 19:14:11,703][flwr][INFO] - aggregate_fit: received 2 results and 0 failures
[2025-01-09 19:14:35,669][flwr][INFO] - fit progress: (9, 170.42704121178372, {'accuracy': 0.999138279724953}, 513.2021284410002)
[2025-01-09 19:14:35,670][flwr][INFO] - configure_evaluate: strategy sampled 5 clients (out of 10)
[2025-01-09 19:14:37,526][flwr][INFO] - aggregate_evaluate: received 5 results and 0 failures
[2025-01-09 19:14:37,526][flwr][INFO] - 
[2025-01-09 19:14:37,526][flwr][INFO] - [ROUND 10]
[2025-01-09 19:14:37,527][flwr][INFO] - configure_fit: strategy sampled 2 clients (out of 10)
[2025-01-09 19:15:19,667][flwr][INFO] - aggregate_fit: received 2 results and 0 failures
[2025-01-09 19:15:31,744][flwr][INFO] - fit progress: (10, 140.26745945551636, {'accuracy': 0.9991031074688286}, 569.2774986419972)
[2025-01-09 19:15:31,745][flwr][INFO] - configure_evaluate: strategy sampled 5 clients (out of 10)
[2025-01-09 19:15:33,280][flwr][INFO] - aggregate_evaluate: received 5 results and 0 failures
[2025-01-09 19:15:33,280][flwr][INFO] - 
[2025-01-09 19:15:33,280][flwr][INFO] - [SUMMARY]
[2025-01-09 19:15:33,280][flwr][INFO] - Run finished 10 round(s) in 570.81s
[2025-01-09 19:15:33,281][flwr][INFO] - 	History (loss, distributed):
[2025-01-09 19:15:33,281][flwr][INFO] - 		round 1: 125.38436261415481
[2025-01-09 19:15:33,281][flwr][INFO] - 		round 2: 42.67164223343134
[2025-01-09 19:15:33,281][flwr][INFO] - 		round 3: 5.085047658905387
[2025-01-09 19:15:33,282][flwr][INFO] - 		round 4: 1.3757354398314152
[2025-01-09 19:15:33,282][flwr][INFO] - 		round 5: 2.6195590451517803
[2025-01-09 19:15:33,282][flwr][INFO] - 		round 6: 7.745498552015426
[2025-01-09 19:15:33,282][flwr][INFO] - 		round 7: 7.192372944285444
[2025-01-09 19:15:33,282][flwr][INFO] - 		round 8: 6.810265123082554
[2025-01-09 19:15:33,282][flwr][INFO] - 		round 9: 4.219587896910576
[2025-01-09 19:15:33,282][flwr][INFO] - 		round 10: 5.486388348890643
[2025-01-09 19:15:33,283][flwr][INFO] - 	History (loss, centralized):
[2025-01-09 19:15:33,283][flwr][INFO] - 		round 0: 3917.9111437797546
[2025-01-09 19:15:33,283][flwr][INFO] - 		round 1: 3125.9268782436848
[2025-01-09 19:15:33,283][flwr][INFO] - 		round 2: 1061.2321870177984
[2025-01-09 19:15:33,283][flwr][INFO] - 		round 3: 134.44517760220333
[2025-01-09 19:15:33,283][flwr][INFO] - 		round 4: 94.91927441332531
[2025-01-09 19:15:33,283][flwr][INFO] - 		round 5: 120.52802088872296
[2025-01-09 19:15:33,283][flwr][INFO] - 		round 6: 161.61401508401926
[2025-01-09 19:15:33,284][flwr][INFO] - 		round 7: 198.1836072587967
[2025-01-09 19:15:33,284][flwr][INFO] - 		round 8: 188.09543330449128
[2025-01-09 19:15:33,284][flwr][INFO] - 		round 9: 170.42704121178372
[2025-01-09 19:15:33,284][flwr][INFO] - 		round 10: 140.26745945551636
[2025-01-09 19:15:33,284][flwr][INFO] - 	History (metrics, centralized):
[2025-01-09 19:15:33,284][flwr][INFO] - 	{'accuracy': [(0, 0.5001406890244975),
[2025-01-09 19:15:33,284][flwr][INFO] - 	              (1, 0.8977718375745212),
[2025-01-09 19:15:33,284][flwr][INFO] - 	              (2, 0.9651618803088124),
[2025-01-09 19:15:33,285][flwr][INFO] - 	              (3, 0.9969224275891178),
[2025-01-09 19:15:33,285][flwr][INFO] - 	              (4, 0.9983469039621546),
[2025-01-09 19:15:33,285][flwr][INFO] - 	              (5, 0.9985051791147143),
[2025-01-09 19:15:33,285][flwr][INFO] - 	              (6, 0.9982765594499059),
[2025-01-09 19:15:33,285][flwr][INFO] - 	              (7, 0.9982677663858748),
[2025-01-09 19:15:33,285][flwr][INFO] - 	              (8, 0.9989536253803),
[2025-01-09 19:15:33,285][flwr][INFO] - 	              (9, 0.999138279724953),
[2025-01-09 19:15:33,286][flwr][INFO] - 	              (10, 0.9991031074688286)]}
[2025-01-09 19:15:33,286][flwr][INFO] - 
