[2025-01-07 16:03:19,801][flwr][INFO] - Starting Flower simulation, config: num_rounds=10, no round_timeout
[2025-01-07 16:03:23,329][flwr][INFO] - Flower VCE: Ray initialized with resources: {'object_store_memory': 3164042035.0, 'memory': 6328084071.0, 'node:__internal_head__': 1.0, 'node:192.168.1.11': 1.0, 'CPU': 12.0}
[2025-01-07 16:03:23,329][flwr][INFO] - Optimize your simulation with Flower VCE: https://flower.ai/docs/framework/how-to-run-simulations.html
[2025-01-07 16:03:23,329][flwr][INFO] - Flower VCE: Resources for each Virtual Client: {'num_cpus': 2, 'num_gpus': 0}
[2025-01-07 16:03:23,337][flwr][INFO] - Flower VCE: Creating VirtualClientEngineActorPool with 6 actors
[2025-01-07 16:03:23,338][flwr][INFO] - [INIT]
[2025-01-07 16:03:23,338][flwr][INFO] - Requesting initial parameters from one random client
[2025-01-07 16:03:26,273][flwr][INFO] - Received initial parameters from one random client
[2025-01-07 16:03:26,274][flwr][INFO] - Starting evaluation of initial global parameters
[2025-01-07 16:03:27,952][flwr][INFO] - initial parameters (loss, other metrics): 181.64637351036072, {'accuracy': 0.0853}
[2025-01-07 16:03:27,952][flwr][INFO] - 
[2025-01-07 16:03:27,952][flwr][INFO] - [ROUND 1]
[2025-01-07 16:03:27,953][flwr][INFO] - configure_fit: strategy sampled 2 clients (out of 5)
[2025-01-07 16:03:46,811][flwr][INFO] - aggregate_fit: received 2 results and 0 failures
[2025-01-07 16:03:46,814][flwr][WARNING] - No fit_metrics_aggregation_fn provided
[2025-01-07 16:03:48,244][flwr][INFO] - fit progress: (1, 4.529930443735793, {'accuracy': 0.9808}, 20.291585185001168)
[2025-01-07 16:03:48,244][flwr][INFO] - configure_evaluate: strategy sampled 2 clients (out of 5)
[2025-01-07 16:03:48,731][flwr][INFO] - aggregate_evaluate: received 2 results and 0 failures
[2025-01-07 16:03:48,731][flwr][WARNING] - No evaluate_metrics_aggregation_fn provided
[2025-01-07 16:03:48,731][flwr][INFO] - 
[2025-01-07 16:03:48,731][flwr][INFO] - [ROUND 2]
[2025-01-07 16:03:48,732][flwr][INFO] - configure_fit: strategy sampled 2 clients (out of 5)
[2025-01-07 16:04:05,802][flwr][INFO] - aggregate_fit: received 2 results and 0 failures
[2025-01-07 16:04:07,278][flwr][INFO] - fit progress: (2, 3.0523479140647396, {'accuracy': 0.9891}, 39.32560690600076)
[2025-01-07 16:04:07,278][flwr][INFO] - configure_evaluate: strategy sampled 2 clients (out of 5)
[2025-01-07 16:04:07,757][flwr][INFO] - aggregate_evaluate: received 2 results and 0 failures
[2025-01-07 16:04:07,758][flwr][INFO] - 
[2025-01-07 16:04:07,758][flwr][INFO] - [ROUND 3]
[2025-01-07 16:04:07,758][flwr][INFO] - configure_fit: strategy sampled 2 clients (out of 5)
[2025-01-07 16:04:25,426][flwr][INFO] - aggregate_fit: received 2 results and 0 failures
[2025-01-07 16:04:27,454][flwr][INFO] - fit progress: (3, 3.1676501299348274, {'accuracy': 0.9884}, 59.501340079998045)
[2025-01-07 16:04:27,454][flwr][INFO] - configure_evaluate: strategy sampled 2 clients (out of 5)
[2025-01-07 16:04:27,888][flwr][INFO] - aggregate_evaluate: received 2 results and 0 failures
[2025-01-07 16:04:27,888][flwr][INFO] - 
[2025-01-07 16:04:27,888][flwr][INFO] - [ROUND 4]
[2025-01-07 16:04:27,888][flwr][INFO] - configure_fit: strategy sampled 2 clients (out of 5)
[2025-01-07 16:04:44,915][flwr][INFO] - aggregate_fit: received 2 results and 0 failures
[2025-01-07 16:04:46,416][flwr][INFO] - fit progress: (4, 2.978118319347658, {'accuracy': 0.9891}, 78.46381791800013)
[2025-01-07 16:04:46,416][flwr][INFO] - configure_evaluate: strategy sampled 2 clients (out of 5)
[2025-01-07 16:04:46,920][flwr][INFO] - aggregate_evaluate: received 2 results and 0 failures
[2025-01-07 16:04:46,920][flwr][INFO] - 
[2025-01-07 16:04:46,920][flwr][INFO] - [ROUND 5]
[2025-01-07 16:04:46,920][flwr][INFO] - configure_fit: strategy sampled 2 clients (out of 5)
[2025-01-07 16:05:03,819][flwr][INFO] - aggregate_fit: received 2 results and 0 failures
[2025-01-07 16:05:05,424][flwr][INFO] - fit progress: (5, 3.2151504632577623, {'accuracy': 0.9896}, 97.47180539599867)
[2025-01-07 16:05:05,424][flwr][INFO] - configure_evaluate: strategy sampled 2 clients (out of 5)
[2025-01-07 16:05:05,915][flwr][INFO] - aggregate_evaluate: received 2 results and 0 failures
[2025-01-07 16:05:05,916][flwr][INFO] - 
[2025-01-07 16:05:05,916][flwr][INFO] - [ROUND 6]
[2025-01-07 16:05:05,916][flwr][INFO] - configure_fit: strategy sampled 2 clients (out of 5)
[2025-01-07 16:05:22,898][flwr][INFO] - aggregate_fit: received 2 results and 0 failures
[2025-01-07 16:05:24,511][flwr][INFO] - fit progress: (6, 3.0647680091172163, {'accuracy': 0.9898}, 116.55889137299891)
[2025-01-07 16:05:24,511][flwr][INFO] - configure_evaluate: strategy sampled 2 clients (out of 5)
[2025-01-07 16:05:24,974][flwr][INFO] - aggregate_evaluate: received 2 results and 0 failures
[2025-01-07 16:05:24,974][flwr][INFO] - 
[2025-01-07 16:05:24,974][flwr][INFO] - [ROUND 7]
[2025-01-07 16:05:24,975][flwr][INFO] - configure_fit: strategy sampled 2 clients (out of 5)
[2025-01-07 16:05:41,347][flwr][INFO] - aggregate_fit: received 2 results and 0 failures
[2025-01-07 16:05:42,972][flwr][INFO] - fit progress: (7, 2.5507387296097903, {'accuracy': 0.9905}, 135.0198441040011)
[2025-01-07 16:05:42,972][flwr][INFO] - configure_evaluate: strategy sampled 2 clients (out of 5)
[2025-01-07 16:05:43,444][flwr][INFO] - aggregate_evaluate: received 2 results and 0 failures
[2025-01-07 16:05:43,444][flwr][INFO] - 
[2025-01-07 16:05:43,445][flwr][INFO] - [ROUND 8]
[2025-01-07 16:05:43,445][flwr][INFO] - configure_fit: strategy sampled 2 clients (out of 5)
[2025-01-07 16:05:59,864][flwr][INFO] - aggregate_fit: received 2 results and 0 failures
[2025-01-07 16:06:01,166][flwr][INFO] - fit progress: (8, 2.672308351445956, {'accuracy': 0.9903}, 153.21377275099803)
[2025-01-07 16:06:01,166][flwr][INFO] - configure_evaluate: strategy sampled 2 clients (out of 5)
[2025-01-07 16:06:01,663][flwr][INFO] - aggregate_evaluate: received 2 results and 0 failures
[2025-01-07 16:06:01,663][flwr][INFO] - 
[2025-01-07 16:06:01,663][flwr][INFO] - [ROUND 9]
[2025-01-07 16:06:01,664][flwr][INFO] - configure_fit: strategy sampled 2 clients (out of 5)
[2025-01-07 16:06:17,780][flwr][INFO] - aggregate_fit: received 2 results and 0 failures
[2025-01-07 16:06:19,002][flwr][INFO] - fit progress: (9, 2.68737841851447, {'accuracy': 0.9902}, 171.04965832499875)
[2025-01-07 16:06:19,002][flwr][INFO] - configure_evaluate: strategy sampled 2 clients (out of 5)
[2025-01-07 16:06:19,515][flwr][INFO] - aggregate_evaluate: received 2 results and 0 failures
[2025-01-07 16:06:19,515][flwr][INFO] - 
[2025-01-07 16:06:19,515][flwr][INFO] - [ROUND 10]
[2025-01-07 16:06:19,515][flwr][INFO] - configure_fit: strategy sampled 2 clients (out of 5)
[2025-01-07 16:06:36,000][flwr][INFO] - aggregate_fit: received 2 results and 0 failures
[2025-01-07 16:06:38,714][flwr][INFO] - fit progress: (10, 3.0958487790459204, {'accuracy': 0.9907}, 190.76209059699977)
[2025-01-07 16:06:38,715][flwr][INFO] - configure_evaluate: strategy sampled 2 clients (out of 5)
[2025-01-07 16:06:39,197][flwr][INFO] - aggregate_evaluate: received 2 results and 0 failures
[2025-01-07 16:06:39,198][flwr][INFO] - 
[2025-01-07 16:06:39,198][flwr][INFO] - [SUMMARY]
[2025-01-07 16:06:39,198][flwr][INFO] - Run finished 10 round(s) in 191.25s
[2025-01-07 16:06:39,198][flwr][INFO] - 	History (loss, distributed):
[2025-01-07 16:06:39,198][flwr][INFO] - 		round 1: 3.504480037954636
[2025-01-07 16:06:39,199][flwr][INFO] - 		round 2: 2.1682249211880844
[2025-01-07 16:06:39,199][flwr][INFO] - 		round 3: 2.5026594324845064
[2025-01-07 16:06:39,199][flwr][INFO] - 		round 4: 2.0677792592202877
[2025-01-07 16:06:39,199][flwr][INFO] - 		round 5: 1.6752270694020126
[2025-01-07 16:06:39,199][flwr][INFO] - 		round 6: 1.68735081597697
[2025-01-07 16:06:39,199][flwr][INFO] - 		round 7: 1.3072905886244826
[2025-01-07 16:06:39,199][flwr][INFO] - 		round 8: 1.4467199541751938
[2025-01-07 16:06:39,199][flwr][INFO] - 		round 9: 1.7278778794359937
[2025-01-07 16:06:39,199][flwr][INFO] - 		round 10: 2.08260040715367
[2025-01-07 16:06:39,200][flwr][INFO] - 	History (loss, centralized):
[2025-01-07 16:06:39,200][flwr][INFO] - 		round 0: 181.64637351036072
[2025-01-07 16:06:39,200][flwr][INFO] - 		round 1: 4.529930443735793
[2025-01-07 16:06:39,200][flwr][INFO] - 		round 2: 3.0523479140647396
[2025-01-07 16:06:39,200][flwr][INFO] - 		round 3: 3.1676501299348274
[2025-01-07 16:06:39,200][flwr][INFO] - 		round 4: 2.978118319347658
[2025-01-07 16:06:39,200][flwr][INFO] - 		round 5: 3.2151504632577623
[2025-01-07 16:06:39,200][flwr][INFO] - 		round 6: 3.0647680091172163
[2025-01-07 16:06:39,200][flwr][INFO] - 		round 7: 2.5507387296097903
[2025-01-07 16:06:39,200][flwr][INFO] - 		round 8: 2.672308351445956
[2025-01-07 16:06:39,201][flwr][INFO] - 		round 9: 2.68737841851447
[2025-01-07 16:06:39,201][flwr][INFO] - 		round 10: 3.0958487790459204
[2025-01-07 16:06:39,201][flwr][INFO] - 	History (metrics, centralized):
[2025-01-07 16:06:39,201][flwr][INFO] - 	{'accuracy': [(0, 0.0853),
[2025-01-07 16:06:39,201][flwr][INFO] - 	              (1, 0.9808),
[2025-01-07 16:06:39,201][flwr][INFO] - 	              (2, 0.9891),
[2025-01-07 16:06:39,201][flwr][INFO] - 	              (3, 0.9884),
[2025-01-07 16:06:39,201][flwr][INFO] - 	              (4, 0.9891),
[2025-01-07 16:06:39,201][flwr][INFO] - 	              (5, 0.9896),
[2025-01-07 16:06:39,202][flwr][INFO] - 	              (6, 0.9898),
[2025-01-07 16:06:39,202][flwr][INFO] - 	              (7, 0.9905),
[2025-01-07 16:06:39,202][flwr][INFO] - 	              (8, 0.9903),
[2025-01-07 16:06:39,202][flwr][INFO] - 	              (9, 0.9902),
[2025-01-07 16:06:39,202][flwr][INFO] - 	              (10, 0.9907)]}
[2025-01-07 16:06:39,202][flwr][INFO] - 
