[2025-01-07 14:29:43,026][flwr][INFO] - Starting Flower simulation, config: num_rounds=5, no round_timeout
[2025-01-07 14:29:46,569][flwr][INFO] - Flower VCE: Ray initialized with resources: {'node:__internal_head__': 1.0, 'memory': 6367044404.0, 'object_store_memory': 3183522201.0, 'node:192.168.1.11': 1.0, 'CPU': 12.0}
[2025-01-07 14:29:46,570][flwr][INFO] - Optimize your simulation with Flower VCE: https://flower.ai/docs/framework/how-to-run-simulations.html
[2025-01-07 14:29:46,570][flwr][INFO] - Flower VCE: Resources for each Virtual Client: {'num_cpus': 2, 'num_gpus': 0}
[2025-01-07 14:29:46,584][flwr][INFO] - Flower VCE: Creating VirtualClientEngineActorPool with 6 actors
[2025-01-07 14:29:46,584][flwr][INFO] - [INIT]
[2025-01-07 14:29:46,584][flwr][INFO] - Requesting initial parameters from one random client
[2025-01-07 14:29:49,192][flwr][INFO] - Received initial parameters from one random client
[2025-01-07 14:29:49,192][flwr][INFO] - Starting evaluation of initial global parameters
[2025-01-07 14:29:50,415][flwr][INFO] - initial parameters (loss, other metrics): 181.91603994369507, {'accuracy': 0.1009}
[2025-01-07 14:29:50,415][flwr][INFO] - 
[2025-01-07 14:29:50,415][flwr][INFO] - [ROUND 1]
[2025-01-07 14:29:50,415][flwr][INFO] - configure_fit: strategy sampled 2 clients (out of 20)
[2025-01-07 14:29:56,581][flwr][INFO] - aggregate_fit: received 2 results and 0 failures
[2025-01-07 14:29:56,584][flwr][WARNING] - No fit_metrics_aggregation_fn provided
[2025-01-07 14:29:57,887][flwr][INFO] - fit progress: (1, 158.42057812213898, {'accuracy': 0.2941}, 7.4714372269991145)
[2025-01-07 14:29:57,887][flwr][INFO] - configure_evaluate: strategy sampled 2 clients (out of 20)
[2025-01-07 14:29:58,234][flwr][INFO] - aggregate_evaluate: received 2 results and 0 failures
[2025-01-07 14:29:58,234][flwr][WARNING] - No evaluate_metrics_aggregation_fn provided
[2025-01-07 14:29:58,234][flwr][INFO] - 
[2025-01-07 14:29:58,234][flwr][INFO] - [ROUND 2]
[2025-01-07 14:29:58,234][flwr][INFO] - configure_fit: strategy sampled 2 clients (out of 20)
[2025-01-07 14:30:02,221][flwr][INFO] - aggregate_fit: received 2 results and 0 failures
[2025-01-07 14:30:03,590][flwr][INFO] - fit progress: (2, 79.77952820062637, {'accuracy': 0.7423}, 13.174490286000946)
[2025-01-07 14:30:03,590][flwr][INFO] - configure_evaluate: strategy sampled 2 clients (out of 20)
[2025-01-07 14:30:03,926][flwr][INFO] - aggregate_evaluate: received 2 results and 0 failures
[2025-01-07 14:30:03,926][flwr][INFO] - 
[2025-01-07 14:30:03,926][flwr][INFO] - [ROUND 3]
[2025-01-07 14:30:03,927][flwr][INFO] - configure_fit: strategy sampled 2 clients (out of 20)
[2025-01-07 14:30:07,673][flwr][INFO] - aggregate_fit: received 2 results and 0 failures
[2025-01-07 14:30:08,928][flwr][INFO] - fit progress: (3, 159.96109056472778, {'accuracy': 0.2927}, 18.512587068002176)
[2025-01-07 14:30:08,928][flwr][INFO] - configure_evaluate: strategy sampled 2 clients (out of 20)
[2025-01-07 14:30:09,270][flwr][INFO] - aggregate_evaluate: received 2 results and 0 failures
[2025-01-07 14:30:09,270][flwr][INFO] - 
[2025-01-07 14:30:09,270][flwr][INFO] - [ROUND 4]
[2025-01-07 14:30:09,271][flwr][INFO] - configure_fit: strategy sampled 2 clients (out of 20)
[2025-01-07 14:30:13,113][flwr][INFO] - aggregate_fit: received 2 results and 0 failures
[2025-01-07 14:30:14,855][flwr][INFO] - fit progress: (4, 1214.627932548523, {'accuracy': 0.2083}, 24.440185912000743)
[2025-01-07 14:30:14,856][flwr][INFO] - configure_evaluate: strategy sampled 2 clients (out of 20)
[2025-01-07 14:30:15,175][flwr][INFO] - aggregate_evaluate: received 2 results and 0 failures
[2025-01-07 14:30:15,175][flwr][INFO] - 
[2025-01-07 14:30:15,175][flwr][INFO] - [ROUND 5]
[2025-01-07 14:30:15,175][flwr][INFO] - configure_fit: strategy sampled 2 clients (out of 20)
[2025-01-07 14:30:18,847][flwr][INFO] - aggregate_fit: received 2 results and 0 failures
[2025-01-07 14:30:20,243][flwr][INFO] - fit progress: (5, 181.9513328075409, {'accuracy': 0.0982}, 29.82768127199961)
[2025-01-07 14:30:20,243][flwr][INFO] - configure_evaluate: strategy sampled 2 clients (out of 20)
[2025-01-07 14:30:20,571][flwr][INFO] - aggregate_evaluate: received 2 results and 0 failures
[2025-01-07 14:30:20,571][flwr][INFO] - 
[2025-01-07 14:30:20,571][flwr][INFO] - [SUMMARY]
[2025-01-07 14:30:20,571][flwr][INFO] - Run finished 5 round(s) in 30.16s
[2025-01-07 14:30:20,571][flwr][INFO] - 	History (loss, distributed):
[2025-01-07 14:30:20,571][flwr][INFO] - 		round 1: 38.35854321718216
[2025-01-07 14:30:20,571][flwr][INFO] - 		round 2: 18.394028216600418
[2025-01-07 14:30:20,572][flwr][INFO] - 		round 3: 38.205347537994385
[2025-01-07 14:30:20,572][flwr][INFO] - 		round 4: 306.86181592941284
[2025-01-07 14:30:20,572][flwr][INFO] - 		round 5: 43.758853912353516
[2025-01-07 14:30:20,572][flwr][INFO] - 	History (loss, centralized):
[2025-01-07 14:30:20,572][flwr][INFO] - 		round 0: 181.91603994369507
[2025-01-07 14:30:20,572][flwr][INFO] - 		round 1: 158.42057812213898
[2025-01-07 14:30:20,572][flwr][INFO] - 		round 2: 79.77952820062637
[2025-01-07 14:30:20,572][flwr][INFO] - 		round 3: 159.96109056472778
[2025-01-07 14:30:20,572][flwr][INFO] - 		round 4: 1214.627932548523
[2025-01-07 14:30:20,572][flwr][INFO] - 		round 5: 181.9513328075409
[2025-01-07 14:30:20,572][flwr][INFO] - 	History (metrics, centralized):
[2025-01-07 14:30:20,572][flwr][INFO] - 	{'accuracy': [(0, 0.1009),
[2025-01-07 14:30:20,572][flwr][INFO] - 	              (1, 0.2941),
[2025-01-07 14:30:20,572][flwr][INFO] - 	              (2, 0.7423),
[2025-01-07 14:30:20,572][flwr][INFO] - 	              (3, 0.2927),
[2025-01-07 14:30:20,572][flwr][INFO] - 	              (4, 0.2083),
[2025-01-07 14:30:20,572][flwr][INFO] - 	              (5, 0.0982)]}
[2025-01-07 14:30:20,572][flwr][INFO] - 
