[2025-01-09 17:45:32,727][flwr][INFO] - Starting Flower simulation, config: num_rounds=10, no round_timeout
[2025-01-09 17:45:32,801][filelock][INFO] - Lock 132443421954000 acquired on /tmp/ray/session_2025-01-09_17-45-32_800758_3004106/node_ip_address.json.lock
[2025-01-09 17:45:32,801][filelock][INFO] - Lock 132443421954000 released on /tmp/ray/session_2025-01-09_17-45-32_800758_3004106/node_ip_address.json.lock
[2025-01-09 17:45:32,801][filelock][INFO] - Lock 132443423326064 acquired on /tmp/ray/session_2025-01-09_17-45-32_800758_3004106/ports_by_node.json.lock
[2025-01-09 17:45:32,801][filelock][INFO] - Lock 132443423326064 released on /tmp/ray/session_2025-01-09_17-45-32_800758_3004106/ports_by_node.json.lock
[2025-01-09 17:45:32,802][filelock][INFO] - Lock 132443423299136 acquired on /tmp/ray/session_2025-01-09_17-45-32_800758_3004106/ports_by_node.json.lock
[2025-01-09 17:45:32,802][filelock][INFO] - Lock 132443423299136 released on /tmp/ray/session_2025-01-09_17-45-32_800758_3004106/ports_by_node.json.lock
[2025-01-09 17:45:32,802][filelock][INFO] - Lock 132443422943744 acquired on /tmp/ray/session_2025-01-09_17-45-32_800758_3004106/ports_by_node.json.lock
[2025-01-09 17:45:32,802][filelock][INFO] - Lock 132443422943744 released on /tmp/ray/session_2025-01-09_17-45-32_800758_3004106/ports_by_node.json.lock
[2025-01-09 17:45:32,802][filelock][INFO] - Lock 132443423215328 acquired on /tmp/ray/session_2025-01-09_17-45-32_800758_3004106/ports_by_node.json.lock
[2025-01-09 17:45:32,802][filelock][INFO] - Lock 132443423215328 released on /tmp/ray/session_2025-01-09_17-45-32_800758_3004106/ports_by_node.json.lock
[2025-01-09 17:45:32,802][filelock][INFO] - Lock 132443422916960 acquired on /tmp/ray/session_2025-01-09_17-45-32_800758_3004106/ports_by_node.json.lock
[2025-01-09 17:45:32,802][filelock][INFO] - Lock 132443422916960 released on /tmp/ray/session_2025-01-09_17-45-32_800758_3004106/ports_by_node.json.lock
[2025-01-09 17:45:35,009][flwr][INFO] - Flower VCE: Ray initialized with resources: {'memory': 4844610356.0, 'object_store_memory': 2422305177.0, 'node:__internal_head__': 1.0, 'node:192.168.1.11': 1.0, 'CPU': 12.0}
[2025-01-09 17:45:35,009][flwr][INFO] - Optimize your simulation with Flower VCE: https://flower.ai/docs/framework/how-to-run-simulations.html
[2025-01-09 17:45:35,009][flwr][INFO] - Flower VCE: Resources for each Virtual Client: {'num_cpus': 2, 'num_gpus': 0}
[2025-01-09 17:45:35,018][flwr][INFO] - Flower VCE: Creating VirtualClientEngineActorPool with 6 actors
[2025-01-09 17:45:35,018][flwr][INFO] - [INIT]
[2025-01-09 17:45:35,018][flwr][INFO] - Using initial global parameters provided by strategy
[2025-01-09 17:45:35,019][flwr][INFO] - Starting evaluation of initial global parameters
[2025-01-09 17:45:48,985][flwr][INFO] - initial parameters (loss, other metrics): 3963.5189824700356, {'accuracy': 0.5000439653201555}
[2025-01-09 17:45:48,985][flwr][INFO] - 
[2025-01-09 17:45:48,985][flwr][INFO] - [ROUND 1]
[2025-01-09 17:45:48,986][flwr][INFO] - configure_fit: strategy sampled 2 clients (out of 10)
[2025-01-09 17:46:18,896][flwr][INFO] - aggregate_fit: received 2 results and 0 failures
[2025-01-09 17:46:18,900][flwr][WARNING] - No fit_metrics_aggregation_fn provided
[2025-01-09 17:46:30,919][flwr][INFO] - fit progress: (1, 183.52047917082132, {'accuracy': 0.9948032991576244}, 41.93378382900846)
[2025-01-09 17:46:30,919][flwr][INFO] - configure_evaluate: strategy sampled 3 clients (out of 10)
[2025-01-09 17:46:34,047][flwr][INFO] - aggregate_evaluate: received 3 results and 0 failures
[2025-01-09 17:46:34,048][flwr][WARNING] - No evaluate_metrics_aggregation_fn provided
[2025-01-09 17:46:34,048][flwr][INFO] - 
[2025-01-09 17:46:34,048][flwr][INFO] - [ROUND 2]
[2025-01-09 17:46:34,048][flwr][INFO] - configure_fit: strategy sampled 2 clients (out of 10)
[2025-01-09 17:47:07,087][flwr][INFO] - aggregate_fit: received 2 results and 0 failures
[2025-01-09 17:47:21,352][flwr][INFO] - fit progress: (2, 125.67457870932236, {'accuracy': 0.9968872553329934}, 92.36643466900568)
[2025-01-09 17:47:21,352][flwr][INFO] - configure_evaluate: strategy sampled 3 clients (out of 10)
[2025-01-09 17:47:22,207][flwr][INFO] - aggregate_evaluate: received 3 results and 0 failures
[2025-01-09 17:47:22,207][flwr][INFO] - 
[2025-01-09 17:47:22,208][flwr][INFO] - [ROUND 3]
[2025-01-09 17:47:22,208][flwr][INFO] - configure_fit: strategy sampled 2 clients (out of 10)
[2025-01-09 17:47:54,377][flwr][INFO] - aggregate_fit: received 2 results and 0 failures
[2025-01-09 17:48:07,430][flwr][INFO] - fit progress: (3, 89.29852902133227, {'accuracy': 0.9982589733218438}, 138.4447626790061)
[2025-01-09 17:48:07,430][flwr][INFO] - configure_evaluate: strategy sampled 3 clients (out of 10)
[2025-01-09 17:48:08,248][flwr][INFO] - aggregate_evaluate: received 3 results and 0 failures
[2025-01-09 17:48:08,249][flwr][INFO] - 
[2025-01-09 17:48:08,249][flwr][INFO] - [ROUND 4]
[2025-01-09 17:48:08,249][flwr][INFO] - configure_fit: strategy sampled 2 clients (out of 10)
[2025-01-09 17:48:40,483][flwr][INFO] - aggregate_fit: received 2 results and 0 failures
[2025-01-09 17:48:53,835][flwr][INFO] - fit progress: (4, 62.28226624496672, {'accuracy': 0.999041556020611}, 184.8497797279997)
[2025-01-09 17:48:53,835][flwr][INFO] - configure_evaluate: strategy sampled 3 clients (out of 10)
[2025-01-09 17:48:54,682][flwr][INFO] - aggregate_evaluate: received 3 results and 0 failures
[2025-01-09 17:48:54,683][flwr][INFO] - 
[2025-01-09 17:48:54,683][flwr][INFO] - [ROUND 5]
[2025-01-09 17:48:54,683][flwr][INFO] - configure_fit: strategy sampled 2 clients (out of 10)
[2025-01-09 17:49:27,056][flwr][INFO] - aggregate_fit: received 2 results and 0 failures
[2025-01-09 17:49:40,740][flwr][INFO] - fit progress: (5, 29.03776203977222, {'accuracy': 0.9986722473313051}, 231.7548990290088)
[2025-01-09 17:49:40,740][flwr][INFO] - configure_evaluate: strategy sampled 3 clients (out of 10)
[2025-01-09 17:49:41,607][flwr][INFO] - aggregate_evaluate: received 3 results and 0 failures
[2025-01-09 17:49:41,607][flwr][INFO] - 
[2025-01-09 17:49:41,607][flwr][INFO] - [ROUND 6]
[2025-01-09 17:49:41,608][flwr][INFO] - configure_fit: strategy sampled 2 clients (out of 10)
[2025-01-09 17:50:11,816][flwr][INFO] - aggregate_fit: received 2 results and 0 failures
[2025-01-09 17:50:22,606][flwr][INFO] - fit progress: (6, 22.546294194711066, {'accuracy': 0.9990943144047975}, 273.6213011400105)
[2025-01-09 17:50:22,607][flwr][INFO] - configure_evaluate: strategy sampled 3 clients (out of 10)
[2025-01-09 17:50:23,373][flwr][INFO] - aggregate_evaluate: received 3 results and 0 failures
[2025-01-09 17:50:23,374][flwr][INFO] - 
[2025-01-09 17:50:23,374][flwr][INFO] - [ROUND 7]
[2025-01-09 17:50:23,375][flwr][INFO] - configure_fit: strategy sampled 2 clients (out of 10)
[2025-01-09 17:50:52,434][flwr][INFO] - aggregate_fit: received 2 results and 0 failures
[2025-01-09 17:51:03,725][flwr][INFO] - fit progress: (7, 19.50106179928535, {'accuracy': 0.9992350034292949}, 314.74017151001317)
[2025-01-09 17:51:03,726][flwr][INFO] - configure_evaluate: strategy sampled 3 clients (out of 10)
[2025-01-09 17:51:04,509][flwr][INFO] - aggregate_evaluate: received 3 results and 0 failures
[2025-01-09 17:51:04,510][flwr][INFO] - 
[2025-01-09 17:51:04,510][flwr][INFO] - [ROUND 8]
[2025-01-09 17:51:04,510][flwr][INFO] - configure_fit: strategy sampled 2 clients (out of 10)
[2025-01-09 17:51:33,589][flwr][INFO] - aggregate_fit: received 2 results and 0 failures
[2025-01-09 17:51:44,103][flwr][INFO] - fit progress: (8, 21.59790511702277, {'accuracy': 0.9991206935968908}, 355.11765276400547)
[2025-01-09 17:51:44,103][flwr][INFO] - configure_evaluate: strategy sampled 3 clients (out of 10)
[2025-01-09 17:51:44,863][flwr][INFO] - aggregate_evaluate: received 3 results and 0 failures
[2025-01-09 17:51:44,863][flwr][INFO] - 
[2025-01-09 17:51:44,863][flwr][INFO] - [ROUND 9]
[2025-01-09 17:51:44,864][flwr][INFO] - configure_fit: strategy sampled 2 clients (out of 10)
[2025-01-09 17:52:14,735][flwr][INFO] - aggregate_fit: received 2 results and 0 failures
[2025-01-09 17:52:25,126][flwr][INFO] - fit progress: (9, 19.060412852660157, {'accuracy': 0.9993053479415437}, 396.14097465500527)
[2025-01-09 17:52:25,127][flwr][INFO] - configure_evaluate: strategy sampled 3 clients (out of 10)
[2025-01-09 17:52:25,924][flwr][INFO] - aggregate_evaluate: received 3 results and 0 failures
[2025-01-09 17:52:25,924][flwr][INFO] - 
[2025-01-09 17:52:25,924][flwr][INFO] - [ROUND 10]
[2025-01-09 17:52:25,925][flwr][INFO] - configure_fit: strategy sampled 2 clients (out of 10)
[2025-01-09 17:52:56,096][flwr][INFO] - aggregate_fit: received 2 results and 0 failures
[2025-01-09 17:53:06,918][flwr][INFO] - fit progress: (10, 20.119433524962965, {'accuracy': 0.9992613826213882}, 437.93241554900305)
[2025-01-09 17:53:06,918][flwr][INFO] - configure_evaluate: strategy sampled 3 clients (out of 10)
[2025-01-09 17:53:07,832][flwr][INFO] - aggregate_evaluate: received 3 results and 0 failures
[2025-01-09 17:53:07,832][flwr][INFO] - 
[2025-01-09 17:53:07,832][flwr][INFO] - [SUMMARY]
[2025-01-09 17:53:07,832][flwr][INFO] - Run finished 10 round(s) in 438.85s
[2025-01-09 17:53:07,833][flwr][INFO] - 	History (loss, distributed):
[2025-01-09 17:53:07,833][flwr][INFO] - 		round 1: 3.4279344527427993
[2025-01-09 17:53:07,834][flwr][INFO] - 		round 2: 2.474115840188536
[2025-01-09 17:53:07,834][flwr][INFO] - 		round 3: 1.3405589300397243
[2025-01-09 17:53:07,834][flwr][INFO] - 		round 4: 0.45642550840148977
[2025-01-09 17:53:07,834][flwr][INFO] - 		round 5: 0.9374622607239569
[2025-01-09 17:53:07,834][flwr][INFO] - 		round 6: 0.7837373231925611
[2025-01-09 17:53:07,834][flwr][INFO] - 		round 7: 0.7488678457554864
[2025-01-09 17:53:07,834][flwr][INFO] - 		round 8: 0.5214256534344225
[2025-01-09 17:53:07,835][flwr][INFO] - 		round 9: 0.4353944325128439
[2025-01-09 17:53:07,835][flwr][INFO] - 		round 10: 0.7588404829135271
[2025-01-09 17:53:07,835][flwr][INFO] - 	History (loss, centralized):
[2025-01-09 17:53:07,835][flwr][INFO] - 		round 0: 3963.5189824700356
[2025-01-09 17:53:07,835][flwr][INFO] - 		round 1: 183.52047917082132
[2025-01-09 17:53:07,835][flwr][INFO] - 		round 2: 125.67457870932236
[2025-01-09 17:53:07,835][flwr][INFO] - 		round 3: 89.29852902133227
[2025-01-09 17:53:07,835][flwr][INFO] - 		round 4: 62.28226624496672
[2025-01-09 17:53:07,836][flwr][INFO] - 		round 5: 29.03776203977222
[2025-01-09 17:53:07,836][flwr][INFO] - 		round 6: 22.546294194711066
[2025-01-09 17:53:07,836][flwr][INFO] - 		round 7: 19.50106179928535
[2025-01-09 17:53:07,836][flwr][INFO] - 		round 8: 21.59790511702277
[2025-01-09 17:53:07,836][flwr][INFO] - 		round 9: 19.060412852660157
[2025-01-09 17:53:07,836][flwr][INFO] - 		round 10: 20.119433524962965
[2025-01-09 17:53:07,836][flwr][INFO] - 	History (metrics, centralized):
[2025-01-09 17:53:07,836][flwr][INFO] - 	{'accuracy': [(0, 0.5000439653201555),
[2025-01-09 17:53:07,836][flwr][INFO] - 	              (1, 0.9948032991576244),
[2025-01-09 17:53:07,836][flwr][INFO] - 	              (2, 0.9968872553329934),
[2025-01-09 17:53:07,837][flwr][INFO] - 	              (3, 0.9982589733218438),
[2025-01-09 17:53:07,837][flwr][INFO] - 	              (4, 0.999041556020611),
[2025-01-09 17:53:07,837][flwr][INFO] - 	              (5, 0.9986722473313051),
[2025-01-09 17:53:07,837][flwr][INFO] - 	              (6, 0.9990943144047975),
[2025-01-09 17:53:07,837][flwr][INFO] - 	              (7, 0.9992350034292949),
[2025-01-09 17:53:07,837][flwr][INFO] - 	              (8, 0.9991206935968908),
[2025-01-09 17:53:07,837][flwr][INFO] - 	              (9, 0.9993053479415437),
[2025-01-09 17:53:07,837][flwr][INFO] - 	              (10, 0.9992613826213882)]}
[2025-01-09 17:53:07,837][flwr][INFO] - 
