[2025-01-07 21:00:50,026][flwr][INFO] - Starting Flower simulation, config: num_rounds=15, no round_timeout
[2025-01-07 21:00:53,513][flwr][INFO] - Flower VCE: Ray initialized with resources: {'CPU': 12.0, 'node:192.168.1.11': 1.0, 'node:__internal_head__': 1.0, 'memory': 6310851380.0, 'object_store_memory': 3155425689.0}
[2025-01-07 21:00:53,513][flwr][INFO] - Optimize your simulation with Flower VCE: https://flower.ai/docs/framework/how-to-run-simulations.html
[2025-01-07 21:00:53,513][flwr][INFO] - Flower VCE: Resources for each Virtual Client: {'num_cpus': 2, 'num_gpus': 0}
[2025-01-07 21:00:53,520][flwr][INFO] - Flower VCE: Creating VirtualClientEngineActorPool with 6 actors
[2025-01-07 21:00:53,521][flwr][INFO] - [INIT]
[2025-01-07 21:00:53,521][flwr][INFO] - Requesting initial parameters from one random client
[2025-01-07 21:00:56,248][flwr][INFO] - Received initial parameters from one random client
[2025-01-07 21:00:56,248][flwr][INFO] - Starting evaluation of initial global parameters
[2025-01-07 21:00:57,429][flwr][INFO] - initial parameters (loss, other metrics): 182.2134108543396, {'accuracy': 0.0969}
[2025-01-07 21:00:57,430][flwr][INFO] - 
[2025-01-07 21:00:57,430][flwr][INFO] - [ROUND 1]
[2025-01-07 21:00:57,430][flwr][INFO] - configure_fit: strategy sampled 2 clients (out of 5)
[2025-01-07 21:01:10,529][flwr][INFO] - aggregate_fit: received 2 results and 0 failures
[2025-01-07 21:01:10,532][flwr][WARNING] - No fit_metrics_aggregation_fn provided
[2025-01-07 21:01:11,663][flwr][INFO] - fit progress: (1, 268.0779538154602, {'accuracy': 0.1745}, 14.233020237996243)
[2025-01-07 21:01:11,663][flwr][INFO] - configure_evaluate: strategy sampled 3 clients (out of 5)
[2025-01-07 21:01:14,150][flwr][INFO] - aggregate_evaluate: received 3 results and 0 failures
[2025-01-07 21:01:14,150][flwr][WARNING] - No evaluate_metrics_aggregation_fn provided
[2025-01-07 21:01:14,150][flwr][INFO] - 
[2025-01-07 21:01:14,150][flwr][INFO] - [ROUND 2]
[2025-01-07 21:01:14,150][flwr][INFO] - configure_fit: strategy sampled 2 clients (out of 5)
[2025-01-07 21:01:24,015][flwr][INFO] - aggregate_fit: received 2 results and 0 failures
[2025-01-07 21:01:25,785][flwr][INFO] - fit progress: (2, 193.3799901008606, {'accuracy': 0.098}, 28.35578569900099)
[2025-01-07 21:01:25,786][flwr][INFO] - configure_evaluate: strategy sampled 3 clients (out of 5)
[2025-01-07 21:01:26,351][flwr][INFO] - aggregate_evaluate: received 3 results and 0 failures
[2025-01-07 21:01:26,352][flwr][INFO] - 
[2025-01-07 21:01:26,352][flwr][INFO] - [ROUND 3]
[2025-01-07 21:01:26,352][flwr][INFO] - configure_fit: strategy sampled 2 clients (out of 5)
[2025-01-07 21:01:36,336][flwr][INFO] - aggregate_fit: received 2 results and 0 failures
[2025-01-07 21:01:38,157][flwr][INFO] - fit progress: (3, 182.2588291168213, {'accuracy': 0.1032}, 40.727545064997685)
[2025-01-07 21:01:38,157][flwr][INFO] - configure_evaluate: strategy sampled 3 clients (out of 5)
[2025-01-07 21:01:38,724][flwr][INFO] - aggregate_evaluate: received 3 results and 0 failures
[2025-01-07 21:01:38,724][flwr][INFO] - 
[2025-01-07 21:01:38,724][flwr][INFO] - [ROUND 4]
[2025-01-07 21:01:38,724][flwr][INFO] - configure_fit: strategy sampled 2 clients (out of 5)
[2025-01-07 21:01:48,180][flwr][INFO] - aggregate_fit: received 2 results and 0 failures
[2025-01-07 21:01:49,764][flwr][INFO] - fit progress: (4, 182.0619068145752, {'accuracy': 0.101}, 52.3348691880019)
[2025-01-07 21:01:49,765][flwr][INFO] - configure_evaluate: strategy sampled 3 clients (out of 5)
[2025-01-07 21:01:50,361][flwr][INFO] - aggregate_evaluate: received 3 results and 0 failures
[2025-01-07 21:01:50,362][flwr][INFO] - 
[2025-01-07 21:01:50,362][flwr][INFO] - [ROUND 5]
[2025-01-07 21:01:50,362][flwr][INFO] - configure_fit: strategy sampled 2 clients (out of 5)
[2025-01-07 21:02:00,000][flwr][INFO] - aggregate_fit: received 2 results and 0 failures
[2025-01-07 21:02:01,351][flwr][INFO] - fit progress: (5, 181.97821378707886, {'accuracy': 0.1135}, 63.9219638259965)
[2025-01-07 21:02:01,352][flwr][INFO] - configure_evaluate: strategy sampled 3 clients (out of 5)
[2025-01-07 21:02:01,994][flwr][INFO] - aggregate_evaluate: received 3 results and 0 failures
[2025-01-07 21:02:01,995][flwr][INFO] - 
[2025-01-07 21:02:01,995][flwr][INFO] - [ROUND 6]
[2025-01-07 21:02:01,995][flwr][INFO] - configure_fit: strategy sampled 2 clients (out of 5)
[2025-01-07 21:02:11,360][flwr][INFO] - aggregate_fit: received 2 results and 0 failures
[2025-01-07 21:02:12,767][flwr][INFO] - fit progress: (6, 181.91961431503296, {'accuracy': 0.1135}, 75.33748902400112)
[2025-01-07 21:02:12,767][flwr][INFO] - configure_evaluate: strategy sampled 3 clients (out of 5)
[2025-01-07 21:02:13,410][flwr][INFO] - aggregate_evaluate: received 3 results and 0 failures
[2025-01-07 21:02:13,410][flwr][INFO] - 
[2025-01-07 21:02:13,410][flwr][INFO] - [ROUND 7]
[2025-01-07 21:02:13,410][flwr][INFO] - configure_fit: strategy sampled 2 clients (out of 5)
[2025-01-07 21:02:22,948][flwr][INFO] - aggregate_fit: received 2 results and 0 failures
[2025-01-07 21:02:24,177][flwr][INFO] - fit progress: (7, 182.0125389099121, {'accuracy': 0.1135}, 86.7476396580023)
[2025-01-07 21:02:24,177][flwr][INFO] - configure_evaluate: strategy sampled 3 clients (out of 5)
[2025-01-07 21:02:24,825][flwr][INFO] - aggregate_evaluate: received 3 results and 0 failures
[2025-01-07 21:02:24,825][flwr][INFO] - 
[2025-01-07 21:02:24,825][flwr][INFO] - [ROUND 8]
[2025-01-07 21:02:24,826][flwr][INFO] - configure_fit: strategy sampled 2 clients (out of 5)
[2025-01-07 21:02:34,386][flwr][INFO] - aggregate_fit: received 2 results and 0 failures
[2025-01-07 21:02:35,772][flwr][INFO] - fit progress: (8, 182.17048358917236, {'accuracy': 0.0958}, 98.34236563900049)
[2025-01-07 21:02:35,772][flwr][INFO] - configure_evaluate: strategy sampled 3 clients (out of 5)
[2025-01-07 21:02:36,440][flwr][INFO] - aggregate_evaluate: received 3 results and 0 failures
[2025-01-07 21:02:36,440][flwr][INFO] - 
[2025-01-07 21:02:36,440][flwr][INFO] - [ROUND 9]
[2025-01-07 21:02:36,440][flwr][INFO] - configure_fit: strategy sampled 2 clients (out of 5)
[2025-01-07 21:02:46,021][flwr][INFO] - aggregate_fit: received 2 results and 0 failures
[2025-01-07 21:02:47,702][flwr][INFO] - fit progress: (9, 182.19377088546753, {'accuracy': 0.0974}, 110.27228334300162)
[2025-01-07 21:02:47,702][flwr][INFO] - configure_evaluate: strategy sampled 3 clients (out of 5)
[2025-01-07 21:02:48,247][flwr][INFO] - aggregate_evaluate: received 3 results and 0 failures
[2025-01-07 21:02:48,247][flwr][INFO] - 
[2025-01-07 21:02:48,247][flwr][INFO] - [ROUND 10]
[2025-01-07 21:02:48,247][flwr][INFO] - configure_fit: strategy sampled 2 clients (out of 5)
[2025-01-07 21:02:57,702][flwr][INFO] - aggregate_fit: received 2 results and 0 failures
[2025-01-07 21:02:59,579][flwr][INFO] - fit progress: (10, 182.20067620277405, {'accuracy': 0.101}, 122.14973115600151)
[2025-01-07 21:02:59,580][flwr][INFO] - configure_evaluate: strategy sampled 3 clients (out of 5)
[2025-01-07 21:03:00,176][flwr][INFO] - aggregate_evaluate: received 3 results and 0 failures
[2025-01-07 21:03:00,176][flwr][INFO] - 
[2025-01-07 21:03:00,176][flwr][INFO] - [ROUND 11]
[2025-01-07 21:03:00,177][flwr][INFO] - configure_fit: strategy sampled 2 clients (out of 5)
[2025-01-07 21:03:09,889][flwr][INFO] - aggregate_fit: received 2 results and 0 failures
[2025-01-07 21:03:11,230][flwr][INFO] - fit progress: (11, 182.07763671875, {'accuracy': 0.0974}, 133.80071891099942)
[2025-01-07 21:03:11,231][flwr][INFO] - configure_evaluate: strategy sampled 3 clients (out of 5)
[2025-01-07 21:03:11,857][flwr][INFO] - aggregate_evaluate: received 3 results and 0 failures
[2025-01-07 21:03:11,858][flwr][INFO] - 
[2025-01-07 21:03:11,858][flwr][INFO] - [ROUND 12]
[2025-01-07 21:03:11,858][flwr][INFO] - configure_fit: strategy sampled 2 clients (out of 5)
[2025-01-07 21:03:21,388][flwr][INFO] - aggregate_fit: received 2 results and 0 failures
[2025-01-07 21:03:22,940][flwr][INFO] - fit progress: (12, 182.00098514556885, {'accuracy': 0.1135}, 145.5105969819997)
[2025-01-07 21:03:22,940][flwr][INFO] - configure_evaluate: strategy sampled 3 clients (out of 5)
[2025-01-07 21:03:23,552][flwr][INFO] - aggregate_evaluate: received 3 results and 0 failures
[2025-01-07 21:03:23,552][flwr][INFO] - 
[2025-01-07 21:03:23,552][flwr][INFO] - [ROUND 13]
[2025-01-07 21:03:23,552][flwr][INFO] - configure_fit: strategy sampled 2 clients (out of 5)
[2025-01-07 21:03:33,071][flwr][INFO] - aggregate_fit: received 2 results and 0 failures
[2025-01-07 21:03:34,456][flwr][INFO] - fit progress: (13, 181.98644542694092, {'accuracy': 0.1135}, 157.02696957800072)
[2025-01-07 21:03:34,457][flwr][INFO] - configure_evaluate: strategy sampled 3 clients (out of 5)
[2025-01-07 21:03:35,095][flwr][INFO] - aggregate_evaluate: received 3 results and 0 failures
[2025-01-07 21:03:35,095][flwr][INFO] - 
[2025-01-07 21:03:35,095][flwr][INFO] - [ROUND 14]
[2025-01-07 21:03:35,095][flwr][INFO] - configure_fit: strategy sampled 2 clients (out of 5)
[2025-01-07 21:03:44,543][flwr][INFO] - aggregate_fit: received 2 results and 0 failures
[2025-01-07 21:03:46,045][flwr][INFO] - fit progress: (14, 182.19803643226624, {'accuracy': 0.1028}, 168.61596315399947)
[2025-01-07 21:03:46,046][flwr][INFO] - configure_evaluate: strategy sampled 3 clients (out of 5)
[2025-01-07 21:03:46,626][flwr][INFO] - aggregate_evaluate: received 3 results and 0 failures
[2025-01-07 21:03:46,626][flwr][INFO] - 
[2025-01-07 21:03:46,626][flwr][INFO] - [ROUND 15]
[2025-01-07 21:03:46,626][flwr][INFO] - configure_fit: strategy sampled 2 clients (out of 5)
[2025-01-07 21:03:56,071][flwr][INFO] - aggregate_fit: received 2 results and 0 failures
[2025-01-07 21:03:57,435][flwr][INFO] - fit progress: (15, 182.15841484069824, {'accuracy': 0.1135}, 180.00499685700197)
[2025-01-07 21:03:57,435][flwr][INFO] - configure_evaluate: strategy sampled 3 clients (out of 5)
[2025-01-07 21:03:58,126][flwr][INFO] - aggregate_evaluate: received 3 results and 0 failures
[2025-01-07 21:03:58,127][flwr][INFO] - 
[2025-01-07 21:03:58,127][flwr][INFO] - [SUMMARY]
[2025-01-07 21:03:58,127][flwr][INFO] - Run finished 15 round(s) in 180.70s
[2025-01-07 21:03:58,127][flwr][INFO] - 	History (loss, distributed):
[2025-01-07 21:03:58,127][flwr][INFO] - 		round 1: 124.75674613316853
[2025-01-07 21:03:58,127][flwr][INFO] - 		round 2: 92.75643682479858
[2025-01-07 21:03:58,127][flwr][INFO] - 		round 3: 87.71501723925273
[2025-01-07 21:03:58,127][flwr][INFO] - 		round 4: 87.51273290316264
[2025-01-07 21:03:58,127][flwr][INFO] - 		round 5: 87.52336120605469
[2025-01-07 21:03:58,128][flwr][INFO] - 		round 6: 87.4842894077301
[2025-01-07 21:03:58,128][flwr][INFO] - 		round 7: 87.55361676216125
[2025-01-07 21:03:58,128][flwr][INFO] - 		round 8: 87.61788042386372
[2025-01-07 21:03:58,128][flwr][INFO] - 		round 9: 87.58156593640645
[2025-01-07 21:03:58,128][flwr][INFO] - 		round 10: 87.65022253990173
[2025-01-07 21:03:58,128][flwr][INFO] - 		round 11: 87.62577112515767
[2025-01-07 21:03:58,128][flwr][INFO] - 		round 12: 87.53194793065389
[2025-01-07 21:03:58,128][flwr][INFO] - 		round 13: 87.56781649589539
[2025-01-07 21:03:58,128][flwr][INFO] - 		round 14: 87.66335217158
[2025-01-07 21:03:58,128][flwr][INFO] - 		round 15: 87.70103136698405
[2025-01-07 21:03:58,128][flwr][INFO] - 	History (loss, centralized):
[2025-01-07 21:03:58,128][flwr][INFO] - 		round 0: 182.2134108543396
[2025-01-07 21:03:58,128][flwr][INFO] - 		round 1: 268.0779538154602
[2025-01-07 21:03:58,128][flwr][INFO] - 		round 2: 193.3799901008606
[2025-01-07 21:03:58,128][flwr][INFO] - 		round 3: 182.2588291168213
[2025-01-07 21:03:58,128][flwr][INFO] - 		round 4: 182.0619068145752
[2025-01-07 21:03:58,128][flwr][INFO] - 		round 5: 181.97821378707886
[2025-01-07 21:03:58,128][flwr][INFO] - 		round 6: 181.91961431503296
[2025-01-07 21:03:58,128][flwr][INFO] - 		round 7: 182.0125389099121
[2025-01-07 21:03:58,128][flwr][INFO] - 		round 8: 182.17048358917236
[2025-01-07 21:03:58,128][flwr][INFO] - 		round 9: 182.19377088546753
[2025-01-07 21:03:58,128][flwr][INFO] - 		round 10: 182.20067620277405
[2025-01-07 21:03:58,129][flwr][INFO] - 		round 11: 182.07763671875
[2025-01-07 21:03:58,129][flwr][INFO] - 		round 12: 182.00098514556885
[2025-01-07 21:03:58,129][flwr][INFO] - 		round 13: 181.98644542694092
[2025-01-07 21:03:58,129][flwr][INFO] - 		round 14: 182.19803643226624
[2025-01-07 21:03:58,129][flwr][INFO] - 		round 15: 182.15841484069824
[2025-01-07 21:03:58,129][flwr][INFO] - 	History (metrics, centralized):
[2025-01-07 21:03:58,129][flwr][INFO] - 	{'accuracy': [(0, 0.0969),
[2025-01-07 21:03:58,129][flwr][INFO] - 	              (1, 0.1745),
[2025-01-07 21:03:58,129][flwr][INFO] - 	              (2, 0.098),
[2025-01-07 21:03:58,129][flwr][INFO] - 	              (3, 0.1032),
[2025-01-07 21:03:58,129][flwr][INFO] - 	              (4, 0.101),
[2025-01-07 21:03:58,129][flwr][INFO] - 	              (5, 0.1135),
[2025-01-07 21:03:58,129][flwr][INFO] - 	              (6, 0.1135),
[2025-01-07 21:03:58,129][flwr][INFO] - 	              (7, 0.1135),
[2025-01-07 21:03:58,129][flwr][INFO] - 	              (8, 0.0958),
[2025-01-07 21:03:58,129][flwr][INFO] - 	              (9, 0.0974),
[2025-01-07 21:03:58,129][flwr][INFO] - 	              (10, 0.101),
[2025-01-07 21:03:58,129][flwr][INFO] - 	              (11, 0.0974),
[2025-01-07 21:03:58,129][flwr][INFO] - 	              (12, 0.1135),
[2025-01-07 21:03:58,129][flwr][INFO] - 	              (13, 0.1135),
[2025-01-07 21:03:58,129][flwr][INFO] - 	              (14, 0.1028),
[2025-01-07 21:03:58,129][flwr][INFO] - 	              (15, 0.1135)]}
[2025-01-07 21:03:58,129][flwr][INFO] - 
