[2024-12-30 23:11:33,847][flwr][INFO] - Starting Flower simulation, config: num_rounds=10, no round_timeout
[2024-12-30 23:11:37,574][flwr][INFO] - Flower VCE: Ray initialized with resources: {'node:__internal_head__': 1.0, 'memory': 6016027854.0, 'object_store_memory': 3008013926.0, 'node:192.168.1.11': 1.0, 'CPU': 12.0}
[2024-12-30 23:11:37,575][flwr][INFO] - Optimize your simulation with Flower VCE: https://flower.ai/docs/framework/how-to-run-simulations.html
[2024-12-30 23:11:37,575][flwr][INFO] - Flower VCE: Resources for each Virtual Client: {'num_cpus': 2, 'num_gpus': 0}
[2024-12-30 23:11:37,586][flwr][INFO] - Flower VCE: Creating VirtualClientEngineActorPool with 6 actors
[2024-12-30 23:11:37,586][flwr][INFO] - [INIT]
[2024-12-30 23:11:37,586][flwr][INFO] - Using initial global parameters provided by strategy
[2024-12-30 23:11:37,586][flwr][INFO] - Starting evaluation of initial global parameters
[2024-12-30 23:11:40,662][flwr][INFO] - initial parameters (loss, other metrics): 182.2618272304535, {'accuracy': 0.0892}
[2024-12-30 23:11:40,662][flwr][INFO] - 
[2024-12-30 23:11:40,662][flwr][INFO] - [ROUND 1]
[2024-12-30 23:11:40,662][flwr][INFO] - configure_fit: strategy sampled 2 clients (out of 10)
[2024-12-30 23:11:55,640][flwr][INFO] - aggregate_fit: received 2 results and 0 failures
[2024-12-30 23:11:55,648][flwr][WARNING] - No fit_metrics_aggregation_fn provided
[2024-12-30 23:11:57,314][flwr][INFO] - fit progress: (1, 7.076811872771941, {'accuracy': 0.9724}, 16.651602411999193)
[2024-12-30 23:11:57,314][flwr][INFO] - configure_evaluate: strategy sampled 5 clients (out of 10)
[2024-12-30 23:12:01,478][flwr][INFO] - aggregate_evaluate: received 5 results and 0 failures
[2024-12-30 23:12:01,478][flwr][WARNING] - No evaluate_metrics_aggregation_fn provided
[2024-12-30 23:12:01,478][flwr][INFO] - 
[2024-12-30 23:12:01,478][flwr][INFO] - [ROUND 2]
[2024-12-30 23:12:01,478][flwr][INFO] - configure_fit: strategy sampled 2 clients (out of 10)
[2024-12-30 23:12:14,351][flwr][INFO] - aggregate_fit: received 2 results and 0 failures
[2024-12-30 23:12:16,412][flwr][INFO] - fit progress: (2, 5.527558177520405, {'accuracy': 0.9787}, 35.749868417999096)
[2024-12-30 23:12:16,412][flwr][INFO] - configure_evaluate: strategy sampled 5 clients (out of 10)
[2024-12-30 23:12:17,160][flwr][INFO] - aggregate_evaluate: received 5 results and 0 failures
[2024-12-30 23:12:17,160][flwr][INFO] - 
[2024-12-30 23:12:17,161][flwr][INFO] - [ROUND 3]
[2024-12-30 23:12:17,161][flwr][INFO] - configure_fit: strategy sampled 2 clients (out of 10)
[2024-12-30 23:12:29,779][flwr][INFO] - aggregate_fit: received 2 results and 0 failures
[2024-12-30 23:12:31,567][flwr][INFO] - fit progress: (3, 4.772896341213709, {'accuracy': 0.9828}, 50.90487958200174)
[2024-12-30 23:12:31,567][flwr][INFO] - configure_evaluate: strategy sampled 5 clients (out of 10)
[2024-12-30 23:12:32,354][flwr][INFO] - aggregate_evaluate: received 5 results and 0 failures
[2024-12-30 23:12:32,354][flwr][INFO] - 
[2024-12-30 23:12:32,354][flwr][INFO] - [ROUND 4]
[2024-12-30 23:12:32,354][flwr][INFO] - configure_fit: strategy sampled 2 clients (out of 10)
[2024-12-30 23:12:45,441][flwr][INFO] - aggregate_fit: received 2 results and 0 failures
[2024-12-30 23:12:47,417][flwr][INFO] - fit progress: (4, 4.657302404991697, {'accuracy': 0.9851}, 66.7550678530024)
[2024-12-30 23:12:47,417][flwr][INFO] - configure_evaluate: strategy sampled 5 clients (out of 10)
[2024-12-30 23:12:48,139][flwr][INFO] - aggregate_evaluate: received 5 results and 0 failures
[2024-12-30 23:12:48,139][flwr][INFO] - 
[2024-12-30 23:12:48,139][flwr][INFO] - [ROUND 5]
[2024-12-30 23:12:48,139][flwr][INFO] - configure_fit: strategy sampled 2 clients (out of 10)
[2024-12-30 23:13:01,171][flwr][INFO] - aggregate_fit: received 2 results and 0 failures
[2024-12-30 23:13:02,601][flwr][INFO] - fit progress: (5, 3.5925941511793553, {'accuracy': 0.9889}, 81.93864821700117)
[2024-12-30 23:13:02,601][flwr][INFO] - configure_evaluate: strategy sampled 5 clients (out of 10)
[2024-12-30 23:13:03,445][flwr][INFO] - aggregate_evaluate: received 5 results and 0 failures
[2024-12-30 23:13:03,445][flwr][INFO] - 
[2024-12-30 23:13:03,445][flwr][INFO] - [ROUND 6]
[2024-12-30 23:13:03,446][flwr][INFO] - configure_fit: strategy sampled 2 clients (out of 10)
[2024-12-30 23:13:16,076][flwr][INFO] - aggregate_fit: received 2 results and 0 failures
[2024-12-30 23:13:17,990][flwr][INFO] - fit progress: (6, 4.482369506891402, {'accuracy': 0.9872}, 97.32848166600161)
[2024-12-30 23:13:17,991][flwr][INFO] - configure_evaluate: strategy sampled 5 clients (out of 10)
[2024-12-30 23:13:18,772][flwr][INFO] - aggregate_evaluate: received 5 results and 0 failures
[2024-12-30 23:13:18,773][flwr][INFO] - 
[2024-12-30 23:13:18,773][flwr][INFO] - [ROUND 7]
[2024-12-30 23:13:18,773][flwr][INFO] - configure_fit: strategy sampled 2 clients (out of 10)
[2024-12-30 23:13:31,491][flwr][INFO] - aggregate_fit: received 2 results and 0 failures
[2024-12-30 23:13:33,081][flwr][INFO] - fit progress: (7, 3.903778229564864, {'accuracy': 0.9871}, 112.41889110400007)
[2024-12-30 23:13:33,081][flwr][INFO] - configure_evaluate: strategy sampled 5 clients (out of 10)
[2024-12-30 23:13:33,842][flwr][INFO] - aggregate_evaluate: received 5 results and 0 failures
[2024-12-30 23:13:33,843][flwr][INFO] - 
[2024-12-30 23:13:33,843][flwr][INFO] - [ROUND 8]
[2024-12-30 23:13:33,843][flwr][INFO] - configure_fit: strategy sampled 2 clients (out of 10)
[2024-12-30 23:13:46,429][flwr][INFO] - aggregate_fit: received 2 results and 0 failures
[2024-12-30 23:13:48,230][flwr][INFO] - fit progress: (8, 4.1881862649933055, {'accuracy': 0.9882}, 127.56786627800102)
[2024-12-30 23:13:48,230][flwr][INFO] - configure_evaluate: strategy sampled 5 clients (out of 10)
[2024-12-30 23:13:49,028][flwr][INFO] - aggregate_evaluate: received 5 results and 0 failures
[2024-12-30 23:13:49,028][flwr][INFO] - 
[2024-12-30 23:13:49,028][flwr][INFO] - [ROUND 9]
[2024-12-30 23:13:49,029][flwr][INFO] - configure_fit: strategy sampled 2 clients (out of 10)
[2024-12-30 23:14:01,641][flwr][INFO] - aggregate_fit: received 2 results and 0 failures
[2024-12-30 23:14:02,968][flwr][INFO] - fit progress: (9, 3.9081942394022775, {'accuracy': 0.9886}, 142.30627062500207)
[2024-12-30 23:14:02,969][flwr][INFO] - configure_evaluate: strategy sampled 5 clients (out of 10)
[2024-12-30 23:14:03,858][flwr][INFO] - aggregate_evaluate: received 5 results and 0 failures
[2024-12-30 23:14:03,859][flwr][INFO] - 
[2024-12-30 23:14:03,859][flwr][INFO] - [ROUND 10]
[2024-12-30 23:14:03,859][flwr][INFO] - configure_fit: strategy sampled 2 clients (out of 10)
[2024-12-30 23:14:16,443][flwr][INFO] - aggregate_fit: received 2 results and 0 failures
[2024-12-30 23:14:18,416][flwr][INFO] - fit progress: (10, 3.870998309246591, {'accuracy': 0.9896}, 157.75371815299877)
[2024-12-30 23:14:18,416][flwr][INFO] - configure_evaluate: strategy sampled 5 clients (out of 10)
[2024-12-30 23:14:19,146][flwr][INFO] - aggregate_evaluate: received 5 results and 0 failures
[2024-12-30 23:14:19,146][flwr][INFO] - 
[2024-12-30 23:14:19,146][flwr][INFO] - [SUMMARY]
[2024-12-30 23:14:19,146][flwr][INFO] - Run finished 10 round(s) in 158.48s
[2024-12-30 23:14:19,147][flwr][INFO] - 	History (loss, distributed):
[2024-12-30 23:14:19,147][flwr][INFO] - 		round 1: 4.276554089365527
[2024-12-30 23:14:19,147][flwr][INFO] - 		round 2: 3.588516631026869
[2024-12-30 23:14:19,147][flwr][INFO] - 		round 3: 2.5875944255716603
[2024-12-30 23:14:19,147][flwr][INFO] - 		round 4: 3.134881777647274
[2024-12-30 23:14:19,147][flwr][INFO] - 		round 5: 2.570747209933711
[2024-12-30 23:14:19,147][flwr][INFO] - 		round 6: 3.3438436871684387
[2024-12-30 23:14:19,147][flwr][INFO] - 		round 7: 2.5255169094171492
[2024-12-30 23:14:19,147][flwr][INFO] - 		round 8: 2.7608122783260884
[2024-12-30 23:14:19,147][flwr][INFO] - 		round 9: 2.6890585557380207
[2024-12-30 23:14:19,147][flwr][INFO] - 		round 10: 2.7321340048280813
[2024-12-30 23:14:19,147][flwr][INFO] - 	History (loss, centralized):
[2024-12-30 23:14:19,147][flwr][INFO] - 		round 0: 182.2618272304535
[2024-12-30 23:14:19,148][flwr][INFO] - 		round 1: 7.076811872771941
[2024-12-30 23:14:19,148][flwr][INFO] - 		round 2: 5.527558177520405
[2024-12-30 23:14:19,148][flwr][INFO] - 		round 3: 4.772896341213709
[2024-12-30 23:14:19,148][flwr][INFO] - 		round 4: 4.657302404991697
[2024-12-30 23:14:19,148][flwr][INFO] - 		round 5: 3.5925941511793553
[2024-12-30 23:14:19,148][flwr][INFO] - 		round 6: 4.482369506891402
[2024-12-30 23:14:19,148][flwr][INFO] - 		round 7: 3.903778229564864
[2024-12-30 23:14:19,148][flwr][INFO] - 		round 8: 4.1881862649933055
[2024-12-30 23:14:19,148][flwr][INFO] - 		round 9: 3.9081942394022775
[2024-12-30 23:14:19,148][flwr][INFO] - 		round 10: 3.870998309246591
[2024-12-30 23:14:19,148][flwr][INFO] - 	History (metrics, centralized):
[2024-12-30 23:14:19,148][flwr][INFO] - 	{'accuracy': [(0, 0.0892),
[2024-12-30 23:14:19,148][flwr][INFO] - 	              (1, 0.9724),
[2024-12-30 23:14:19,148][flwr][INFO] - 	              (2, 0.9787),
[2024-12-30 23:14:19,148][flwr][INFO] - 	              (3, 0.9828),
[2024-12-30 23:14:19,148][flwr][INFO] - 	              (4, 0.9851),
[2024-12-30 23:14:19,148][flwr][INFO] - 	              (5, 0.9889),
[2024-12-30 23:14:19,148][flwr][INFO] - 	              (6, 0.9872),
[2024-12-30 23:14:19,148][flwr][INFO] - 	              (7, 0.9871),
[2024-12-30 23:14:19,149][flwr][INFO] - 	              (8, 0.9882),
[2024-12-30 23:14:19,149][flwr][INFO] - 	              (9, 0.9886),
[2024-12-30 23:14:19,149][flwr][INFO] - 	              (10, 0.9896)]}
[2024-12-30 23:14:19,149][flwr][INFO] - 
