[2025-01-07 13:41:11,758][flwr][INFO] - Starting Flower simulation, config: num_rounds=5, no round_timeout
[2025-01-07 13:41:15,322][flwr][INFO] - Flower VCE: Ray initialized with resources: {'node:__internal_head__': 1.0, 'CPU': 12.0, 'node:192.168.1.11': 1.0, 'memory': 6326511207.0, 'object_store_memory': 3163255603.0}
[2025-01-07 13:41:15,322][flwr][INFO] - Optimize your simulation with Flower VCE: https://flower.ai/docs/framework/how-to-run-simulations.html
[2025-01-07 13:41:15,323][flwr][INFO] - Flower VCE: Resources for each Virtual Client: {'num_cpus': 2, 'num_gpus': 0}
[2025-01-07 13:41:15,330][flwr][INFO] - Flower VCE: Creating VirtualClientEngineActorPool with 6 actors
[2025-01-07 13:41:15,330][flwr][INFO] - [INIT]
[2025-01-07 13:41:15,330][flwr][INFO] - Requesting initial parameters from one random client
[2025-01-07 13:41:17,923][flwr][INFO] - Received initial parameters from one random client
[2025-01-07 13:41:17,923][flwr][INFO] - Starting evaluation of initial global parameters
[2025-01-07 13:41:19,279][flwr][INFO] - initial parameters (loss, other metrics): 181.8431179523468, {'accuracy': 0.0982}
[2025-01-07 13:41:19,279][flwr][INFO] - 
[2025-01-07 13:41:19,279][flwr][INFO] - [ROUND 1]
[2025-01-07 13:41:19,279][flwr][INFO] - configure_fit: strategy sampled 2 clients (out of 5)
[2025-01-07 13:41:30,903][flwr][INFO] - aggregate_fit: received 2 results and 0 failures
[2025-01-07 13:41:30,906][flwr][WARNING] - No fit_metrics_aggregation_fn provided
[2025-01-07 13:41:32,228][flwr][INFO] - fit progress: (1, 5.63385640377237, {'accuracy': 0.9765}, 12.948684183000296)
[2025-01-07 13:41:32,228][flwr][INFO] - configure_evaluate: strategy sampled 5 clients (out of 5)
[2025-01-07 13:41:36,119][flwr][INFO] - aggregate_evaluate: received 5 results and 0 failures
[2025-01-07 13:41:36,120][flwr][WARNING] - No evaluate_metrics_aggregation_fn provided
[2025-01-07 13:41:36,120][flwr][INFO] - 
[2025-01-07 13:41:36,120][flwr][INFO] - [ROUND 2]
[2025-01-07 13:41:36,120][flwr][INFO] - configure_fit: strategy sampled 2 clients (out of 5)
[2025-01-07 13:41:45,537][flwr][INFO] - aggregate_fit: received 2 results and 0 failures
[2025-01-07 13:41:46,887][flwr][INFO] - fit progress: (2, 4.060226669193071, {'accuracy': 0.9841}, 27.60759384800258)
[2025-01-07 13:41:46,887][flwr][INFO] - configure_evaluate: strategy sampled 5 clients (out of 5)
[2025-01-07 13:41:47,804][flwr][INFO] - aggregate_evaluate: received 5 results and 0 failures
[2025-01-07 13:41:47,805][flwr][INFO] - 
[2025-01-07 13:41:47,805][flwr][INFO] - [ROUND 3]
[2025-01-07 13:41:47,805][flwr][INFO] - configure_fit: strategy sampled 2 clients (out of 5)
[2025-01-07 13:41:57,461][flwr][INFO] - aggregate_fit: received 2 results and 0 failures
[2025-01-07 13:41:58,898][flwr][INFO] - fit progress: (3, 3.1704781076878135, {'accuracy': 0.988}, 39.61890429699997)
[2025-01-07 13:41:58,898][flwr][INFO] - configure_evaluate: strategy sampled 5 clients (out of 5)
[2025-01-07 13:41:59,853][flwr][INFO] - aggregate_evaluate: received 5 results and 0 failures
[2025-01-07 13:41:59,853][flwr][INFO] - 
[2025-01-07 13:41:59,854][flwr][INFO] - [ROUND 4]
[2025-01-07 13:41:59,854][flwr][INFO] - configure_fit: strategy sampled 2 clients (out of 5)
[2025-01-07 13:42:09,228][flwr][INFO] - aggregate_fit: received 2 results and 0 failures
[2025-01-07 13:42:10,754][flwr][INFO] - fit progress: (4, 3.760603449656628, {'accuracy': 0.9864}, 51.47464491500068)
[2025-01-07 13:42:10,754][flwr][INFO] - configure_evaluate: strategy sampled 5 clients (out of 5)
[2025-01-07 13:42:11,686][flwr][INFO] - aggregate_evaluate: received 5 results and 0 failures
[2025-01-07 13:42:11,686][flwr][INFO] - 
[2025-01-07 13:42:11,686][flwr][INFO] - [ROUND 5]
[2025-01-07 13:42:11,686][flwr][INFO] - configure_fit: strategy sampled 2 clients (out of 5)
[2025-01-07 13:42:21,093][flwr][INFO] - aggregate_fit: received 2 results and 0 failures
[2025-01-07 13:42:22,386][flwr][INFO] - fit progress: (5, 3.21539486374013, {'accuracy': 0.9881}, 63.10656808100248)
[2025-01-07 13:42:22,386][flwr][INFO] - configure_evaluate: strategy sampled 5 clients (out of 5)
[2025-01-07 13:42:23,279][flwr][INFO] - aggregate_evaluate: received 5 results and 0 failures
[2025-01-07 13:42:23,279][flwr][INFO] - 
[2025-01-07 13:42:23,279][flwr][INFO] - [SUMMARY]
[2025-01-07 13:42:23,280][flwr][INFO] - Run finished 5 round(s) in 64.00s
[2025-01-07 13:42:23,280][flwr][INFO] - 	History (loss, distributed):
[2025-01-07 13:42:23,280][flwr][INFO] - 		round 1: 3.423721339914482
[2025-01-07 13:42:23,280][flwr][INFO] - 		round 2: 2.3700122713577003
[2025-01-07 13:42:23,281][flwr][INFO] - 		round 3: 1.7621522610497777
[2025-01-07 13:42:23,281][flwr][INFO] - 		round 4: 1.9744926747458522
[2025-01-07 13:42:23,281][flwr][INFO] - 		round 5: 1.8162815814355782
[2025-01-07 13:42:23,281][flwr][INFO] - 	History (loss, centralized):
[2025-01-07 13:42:23,281][flwr][INFO] - 		round 0: 181.8431179523468
[2025-01-07 13:42:23,281][flwr][INFO] - 		round 1: 5.63385640377237
[2025-01-07 13:42:23,281][flwr][INFO] - 		round 2: 4.060226669193071
[2025-01-07 13:42:23,281][flwr][INFO] - 		round 3: 3.1704781076878135
[2025-01-07 13:42:23,281][flwr][INFO] - 		round 4: 3.760603449656628
[2025-01-07 13:42:23,281][flwr][INFO] - 		round 5: 3.21539486374013
[2025-01-07 13:42:23,281][flwr][INFO] - 	History (metrics, centralized):
[2025-01-07 13:42:23,281][flwr][INFO] - 	{'accuracy': [(0, 0.0982),
[2025-01-07 13:42:23,281][flwr][INFO] - 	              (1, 0.9765),
[2025-01-07 13:42:23,281][flwr][INFO] - 	              (2, 0.9841),
[2025-01-07 13:42:23,281][flwr][INFO] - 	              (3, 0.988),
[2025-01-07 13:42:23,281][flwr][INFO] - 	              (4, 0.9864),
[2025-01-07 13:42:23,282][flwr][INFO] - 	              (5, 0.9881)]}
[2025-01-07 13:42:23,282][flwr][INFO] - 
