[2024-12-31 00:03:57,173][flwr][INFO] - Starting Flower simulation, config: num_rounds=10, no round_timeout
[2024-12-31 00:04:00,620][flwr][INFO] - Flower VCE: Ray initialized with resources: {'node:__internal_head__': 1.0, 'object_store_memory': 3014758809.0, 'memory': 6029517620.0, 'node:192.168.1.11': 1.0, 'CPU': 12.0}
[2024-12-31 00:04:00,620][flwr][INFO] - Optimize your simulation with Flower VCE: https://flower.ai/docs/framework/how-to-run-simulations.html
[2024-12-31 00:04:00,620][flwr][INFO] - Flower VCE: Resources for each Virtual Client: {'num_cpus': 2, 'num_gpus': 0}
[2024-12-31 00:04:00,627][flwr][INFO] - Flower VCE: Creating VirtualClientEngineActorPool with 6 actors
[2024-12-31 00:04:00,628][flwr][INFO] - [INIT]
[2024-12-31 00:04:00,628][flwr][INFO] - Using initial global parameters provided by strategy
[2024-12-31 00:04:00,628][flwr][INFO] - Starting evaluation of initial global parameters
[2024-12-31 00:04:03,811][flwr][INFO] - initial parameters (loss, other metrics): 182.43844389915466, {'accuracy': 0.1336}
[2024-12-31 00:04:03,811][flwr][INFO] - 
[2024-12-31 00:04:03,811][flwr][INFO] - [ROUND 1]
[2024-12-31 00:04:03,814][flwr][INFO] - configure_fit: strategy sampled 2 clients (out of 10)
[2024-12-31 00:04:14,202][flwr][INFO] - aggregate_fit: received 2 results and 0 failures
[2024-12-31 00:04:15,709][flwr][WARNING] - No fit_metrics_aggregation_fn provided
[2024-12-31 00:04:17,424][flwr][INFO] - fit progress: (1, 181.9475314617157, {'accuracy': 0.1135}, 13.613201654003205)
[2024-12-31 00:04:17,424][flwr][INFO] - configure_evaluate: strategy sampled 2 clients (out of 10)
[2024-12-31 00:04:17,847][flwr][INFO] - aggregate_evaluate: received 2 results and 0 failures
[2024-12-31 00:04:17,847][flwr][WARNING] - No evaluate_metrics_aggregation_fn provided
[2024-12-31 00:04:17,847][flwr][INFO] - 
[2024-12-31 00:04:17,848][flwr][INFO] - [ROUND 2]
[2024-12-31 00:04:17,851][flwr][INFO] - configure_fit: strategy sampled 2 clients (out of 10)
[2024-12-31 00:04:25,796][flwr][INFO] - aggregate_fit: received 2 results and 0 failures
[2024-12-31 00:04:28,696][flwr][INFO] - fit progress: (2, 181.97540163993835, {'accuracy': 0.1136}, 24.884599829001672)
[2024-12-31 00:04:28,696][flwr][INFO] - configure_evaluate: strategy sampled 2 clients (out of 10)
[2024-12-31 00:04:29,119][flwr][INFO] - aggregate_evaluate: received 2 results and 0 failures
[2024-12-31 00:04:29,119][flwr][INFO] - 
[2024-12-31 00:04:29,119][flwr][INFO] - [ROUND 3]
[2024-12-31 00:04:29,122][flwr][INFO] - configure_fit: strategy sampled 2 clients (out of 10)
[2024-12-31 00:04:36,817][flwr][INFO] - aggregate_fit: received 2 results and 0 failures
[2024-12-31 00:04:40,192][flwr][INFO] - fit progress: (3, 181.6981053352356, {'accuracy': 0.1212}, 36.38137721499879)
[2024-12-31 00:04:40,193][flwr][INFO] - configure_evaluate: strategy sampled 2 clients (out of 10)
[2024-12-31 00:04:40,599][flwr][INFO] - aggregate_evaluate: received 2 results and 0 failures
[2024-12-31 00:04:40,599][flwr][INFO] - 
[2024-12-31 00:04:40,599][flwr][INFO] - [ROUND 4]
[2024-12-31 00:04:40,603][flwr][INFO] - configure_fit: strategy sampled 2 clients (out of 10)
[2024-12-31 00:04:48,139][flwr][INFO] - aggregate_fit: received 2 results and 0 failures
[2024-12-31 00:04:51,780][flwr][INFO] - fit progress: (4, 181.21286463737488, {'accuracy': 0.1334}, 47.968715062004776)
[2024-12-31 00:04:51,780][flwr][INFO] - configure_evaluate: strategy sampled 2 clients (out of 10)
[2024-12-31 00:04:52,172][flwr][INFO] - aggregate_evaluate: received 2 results and 0 failures
[2024-12-31 00:04:52,172][flwr][INFO] - 
[2024-12-31 00:04:52,172][flwr][INFO] - [ROUND 5]
[2024-12-31 00:04:52,175][flwr][INFO] - configure_fit: strategy sampled 2 clients (out of 10)
[2024-12-31 00:04:59,935][flwr][INFO] - aggregate_fit: received 2 results and 0 failures
[2024-12-31 00:05:02,957][flwr][INFO] - fit progress: (5, 180.71531414985657, {'accuracy': 0.1247}, 59.14571499700469)
[2024-12-31 00:05:02,957][flwr][INFO] - configure_evaluate: strategy sampled 2 clients (out of 10)
[2024-12-31 00:05:03,387][flwr][INFO] - aggregate_evaluate: received 2 results and 0 failures
[2024-12-31 00:05:03,387][flwr][INFO] - 
[2024-12-31 00:05:03,387][flwr][INFO] - [ROUND 6]
[2024-12-31 00:05:03,390][flwr][INFO] - configure_fit: strategy sampled 2 clients (out of 10)
[2024-12-31 00:05:11,464][flwr][INFO] - aggregate_fit: received 2 results and 0 failures
[2024-12-31 00:05:14,379][flwr][INFO] - fit progress: (6, 180.2522304058075, {'accuracy': 0.1212}, 70.56765159099814)
[2024-12-31 00:05:14,379][flwr][INFO] - configure_evaluate: strategy sampled 2 clients (out of 10)
[2024-12-31 00:05:14,873][flwr][INFO] - aggregate_evaluate: received 2 results and 0 failures
[2024-12-31 00:05:14,873][flwr][INFO] - 
[2024-12-31 00:05:14,873][flwr][INFO] - [ROUND 7]
[2024-12-31 00:05:14,876][flwr][INFO] - configure_fit: strategy sampled 2 clients (out of 10)
[2024-12-31 00:05:22,876][flwr][INFO] - aggregate_fit: received 2 results and 0 failures
[2024-12-31 00:05:25,609][flwr][INFO] - fit progress: (7, 179.00024461746216, {'accuracy': 0.1316}, 81.79779330900419)
[2024-12-31 00:05:25,609][flwr][INFO] - configure_evaluate: strategy sampled 2 clients (out of 10)
[2024-12-31 00:05:26,024][flwr][INFO] - aggregate_evaluate: received 2 results and 0 failures
[2024-12-31 00:05:26,024][flwr][INFO] - 
[2024-12-31 00:05:26,024][flwr][INFO] - [ROUND 8]
[2024-12-31 00:05:26,027][flwr][INFO] - configure_fit: strategy sampled 2 clients (out of 10)
[2024-12-31 00:05:33,811][flwr][INFO] - aggregate_fit: received 2 results and 0 failures
[2024-12-31 00:05:36,896][flwr][INFO] - fit progress: (8, 175.70581197738647, {'accuracy': 0.1679}, 93.0853239370008)
[2024-12-31 00:05:36,897][flwr][INFO] - configure_evaluate: strategy sampled 2 clients (out of 10)
[2024-12-31 00:05:37,339][flwr][INFO] - aggregate_evaluate: received 2 results and 0 failures
[2024-12-31 00:05:37,339][flwr][INFO] - 
[2024-12-31 00:05:37,339][flwr][INFO] - [ROUND 9]
[2024-12-31 00:05:37,343][flwr][INFO] - configure_fit: strategy sampled 2 clients (out of 10)
[2024-12-31 00:05:45,549][flwr][INFO] - aggregate_fit: received 2 results and 0 failures
[2024-12-31 00:05:49,126][flwr][INFO] - fit progress: (9, 171.24195337295532, {'accuracy': 0.2055}, 105.31513995400383)
[2024-12-31 00:05:49,126][flwr][INFO] - configure_evaluate: strategy sampled 2 clients (out of 10)
[2024-12-31 00:05:49,571][flwr][INFO] - aggregate_evaluate: received 2 results and 0 failures
[2024-12-31 00:05:49,572][flwr][INFO] - 
[2024-12-31 00:05:49,572][flwr][INFO] - [ROUND 10]
[2024-12-31 00:05:49,579][flwr][INFO] - configure_fit: strategy sampled 2 clients (out of 10)
[2024-12-31 00:05:57,839][flwr][INFO] - aggregate_fit: received 2 results and 0 failures
[2024-12-31 00:06:01,023][flwr][INFO] - fit progress: (10, 167.1571238040924, {'accuracy': 0.2577}, 117.2117931549983)
[2024-12-31 00:06:01,023][flwr][INFO] - configure_evaluate: strategy sampled 2 clients (out of 10)
[2024-12-31 00:06:01,512][flwr][INFO] - aggregate_evaluate: received 2 results and 0 failures
[2024-12-31 00:06:01,512][flwr][INFO] - 
[2024-12-31 00:06:01,512][flwr][INFO] - [SUMMARY]
[2024-12-31 00:06:01,513][flwr][INFO] - Run finished 10 round(s) in 117.70s
[2024-12-31 00:06:01,513][flwr][INFO] - 	History (loss, distributed):
[2024-12-31 00:06:01,513][flwr][INFO] - 		round 1: 87.35239541530609
[2024-12-31 00:06:01,513][flwr][INFO] - 		round 2: 87.4641695022583
[2024-12-31 00:06:01,513][flwr][INFO] - 		round 3: 87.55028522014618
[2024-12-31 00:06:01,513][flwr][INFO] - 		round 4: 86.99004888534546
[2024-12-31 00:06:01,514][flwr][INFO] - 		round 5: 86.98426485061646
[2024-12-31 00:06:01,514][flwr][INFO] - 		round 6: 86.85602879524231
[2024-12-31 00:06:01,514][flwr][INFO] - 		round 7: 85.93066334724426
[2024-12-31 00:06:01,514][flwr][INFO] - 		round 8: 84.70464265346527
[2024-12-31 00:06:01,514][flwr][INFO] - 		round 9: 83.32513165473938
[2024-12-31 00:06:01,514][flwr][INFO] - 		round 10: 79.79827785491943
[2024-12-31 00:06:01,514][flwr][INFO] - 	History (loss, centralized):
[2024-12-31 00:06:01,514][flwr][INFO] - 		round 0: 182.43844389915466
[2024-12-31 00:06:01,514][flwr][INFO] - 		round 1: 181.9475314617157
[2024-12-31 00:06:01,514][flwr][INFO] - 		round 2: 181.97540163993835
[2024-12-31 00:06:01,515][flwr][INFO] - 		round 3: 181.6981053352356
[2024-12-31 00:06:01,515][flwr][INFO] - 		round 4: 181.21286463737488
[2024-12-31 00:06:01,515][flwr][INFO] - 		round 5: 180.71531414985657
[2024-12-31 00:06:01,515][flwr][INFO] - 		round 6: 180.2522304058075
[2024-12-31 00:06:01,515][flwr][INFO] - 		round 7: 179.00024461746216
[2024-12-31 00:06:01,515][flwr][INFO] - 		round 8: 175.70581197738647
[2024-12-31 00:06:01,515][flwr][INFO] - 		round 9: 171.24195337295532
[2024-12-31 00:06:01,515][flwr][INFO] - 		round 10: 167.1571238040924
[2024-12-31 00:06:01,515][flwr][INFO] - 	History (metrics, centralized):
[2024-12-31 00:06:01,515][flwr][INFO] - 	{'accuracy': [(0, 0.1336),
[2024-12-31 00:06:01,515][flwr][INFO] - 	              (1, 0.1135),
[2024-12-31 00:06:01,515][flwr][INFO] - 	              (2, 0.1136),
[2024-12-31 00:06:01,515][flwr][INFO] - 	              (3, 0.1212),
[2024-12-31 00:06:01,515][flwr][INFO] - 	              (4, 0.1334),
[2024-12-31 00:06:01,515][flwr][INFO] - 	              (5, 0.1247),
[2024-12-31 00:06:01,515][flwr][INFO] - 	              (6, 0.1212),
[2024-12-31 00:06:01,515][flwr][INFO] - 	              (7, 0.1316),
[2024-12-31 00:06:01,515][flwr][INFO] - 	              (8, 0.1679),
[2024-12-31 00:06:01,515][flwr][INFO] - 	              (9, 0.2055),
[2024-12-31 00:06:01,516][flwr][INFO] - 	              (10, 0.2577)]}
[2024-12-31 00:06:01,516][flwr][INFO] - 
