[2025-01-08 10:55:16,638][flwr][INFO] - Starting Flower simulation, config: num_rounds=15, no round_timeout
[2025-01-08 10:55:21,469][flwr][INFO] - Flower VCE: Ray initialized with resources: {'node:__internal_head__': 1.0, 'object_store_memory': 2796096307.0, 'memory': 5592192615.0, 'CPU': 12.0, 'node:192.168.1.11': 1.0}
[2025-01-08 10:55:21,469][flwr][INFO] - Optimize your simulation with Flower VCE: https://flower.ai/docs/framework/how-to-run-simulations.html
[2025-01-08 10:55:21,469][flwr][INFO] - Flower VCE: Resources for each Virtual Client: {'num_cpus': 2, 'num_gpus': 0}
[2025-01-08 10:55:21,478][flwr][INFO] - Flower VCE: Creating VirtualClientEngineActorPool with 6 actors
[2025-01-08 10:55:21,479][flwr][INFO] - [INIT]
[2025-01-08 10:55:21,479][flwr][INFO] - Requesting initial parameters from one random client
[2025-01-08 10:55:23,873][flwr][INFO] - Received initial parameters from one random client
[2025-01-08 10:55:23,873][flwr][INFO] - Starting evaluation of initial global parameters
[2025-01-08 10:55:25,449][flwr][INFO] - initial parameters (loss, other metrics): 182.31107115745544, {'accuracy': 0.0465}
[2025-01-08 10:55:25,449][flwr][INFO] - 
[2025-01-08 10:55:25,450][flwr][INFO] - [ROUND 1]
[2025-01-08 10:55:25,450][flwr][INFO] - configure_fit: strategy sampled 2 clients (out of 20)
[2025-01-08 10:55:31,006][flwr][INFO] - aggregate_fit: received 2 results and 0 failures
[2025-01-08 10:55:31,009][flwr][WARNING] - No fit_metrics_aggregation_fn provided
[2025-01-08 10:55:32,050][flwr][INFO] - fit progress: (1, 92.39988046884537, {'accuracy': 0.6688}, 6.6010030250035925)
[2025-01-08 10:55:32,051][flwr][INFO] - configure_evaluate: strategy sampled 5 clients (out of 20)
[2025-01-08 10:55:34,778][flwr][INFO] - aggregate_evaluate: received 5 results and 0 failures
[2025-01-08 10:55:34,778][flwr][WARNING] - No evaluate_metrics_aggregation_fn provided
[2025-01-08 10:55:34,779][flwr][INFO] - 
[2025-01-08 10:55:34,779][flwr][INFO] - [ROUND 2]
[2025-01-08 10:55:34,779][flwr][INFO] - configure_fit: strategy sampled 2 clients (out of 20)
[2025-01-08 10:55:38,799][flwr][INFO] - aggregate_fit: received 2 results and 0 failures
[2025-01-08 10:55:40,080][flwr][INFO] - fit progress: (2, 17.14922153018415, {'accuracy': 0.9458}, 14.630204253000556)
[2025-01-08 10:55:40,080][flwr][INFO] - configure_evaluate: strategy sampled 5 clients (out of 20)
[2025-01-08 10:55:42,397][flwr][INFO] - aggregate_evaluate: received 5 results and 0 failures
[2025-01-08 10:55:42,398][flwr][INFO] - 
[2025-01-08 10:55:42,398][flwr][INFO] - [ROUND 3]
[2025-01-08 10:55:42,398][flwr][INFO] - configure_fit: strategy sampled 2 clients (out of 20)
[2025-01-08 10:55:46,379][flwr][INFO] - aggregate_fit: received 2 results and 0 failures
[2025-01-08 10:55:47,693][flwr][INFO] - fit progress: (3, 10.647334678040352, {'accuracy': 0.968}, 22.24310358200455)
[2025-01-08 10:55:47,693][flwr][INFO] - configure_evaluate: strategy sampled 5 clients (out of 20)
[2025-01-08 10:55:48,345][flwr][INFO] - aggregate_evaluate: received 5 results and 0 failures
[2025-01-08 10:55:48,345][flwr][INFO] - 
[2025-01-08 10:55:48,346][flwr][INFO] - [ROUND 4]
[2025-01-08 10:55:48,346][flwr][INFO] - configure_fit: strategy sampled 2 clients (out of 20)
[2025-01-08 10:55:52,930][flwr][INFO] - aggregate_fit: received 2 results and 0 failures
[2025-01-08 10:55:54,374][flwr][INFO] - fit progress: (4, 10.697688370477408, {'accuracy': 0.9691}, 28.924227457006054)
[2025-01-08 10:55:54,374][flwr][INFO] - configure_evaluate: strategy sampled 5 clients (out of 20)
[2025-01-08 10:55:55,012][flwr][INFO] - aggregate_evaluate: received 5 results and 0 failures
[2025-01-08 10:55:55,012][flwr][INFO] - 
[2025-01-08 10:55:55,012][flwr][INFO] - [ROUND 5]
[2025-01-08 10:55:55,012][flwr][INFO] - configure_fit: strategy sampled 2 clients (out of 20)
[2025-01-08 10:55:59,500][flwr][INFO] - aggregate_fit: received 2 results and 0 failures
[2025-01-08 10:56:00,720][flwr][INFO] - fit progress: (5, 14.090412062912947, {'accuracy': 0.9646}, 35.27087000800384)
[2025-01-08 10:56:00,721][flwr][INFO] - configure_evaluate: strategy sampled 5 clients (out of 20)
[2025-01-08 10:56:01,465][flwr][INFO] - aggregate_evaluate: received 5 results and 0 failures
[2025-01-08 10:56:01,466][flwr][INFO] - 
[2025-01-08 10:56:01,466][flwr][INFO] - [ROUND 6]
[2025-01-08 10:56:01,466][flwr][INFO] - configure_fit: strategy sampled 2 clients (out of 20)
[2025-01-08 10:56:06,334][flwr][INFO] - aggregate_fit: received 2 results and 0 failures
[2025-01-08 10:56:07,372][flwr][INFO] - fit progress: (6, 15.583182279020548, {'accuracy': 0.9546}, 41.92215274499904)
[2025-01-08 10:56:07,372][flwr][INFO] - configure_evaluate: strategy sampled 5 clients (out of 20)
[2025-01-08 10:56:08,032][flwr][INFO] - aggregate_evaluate: received 5 results and 0 failures
[2025-01-08 10:56:08,032][flwr][INFO] - 
[2025-01-08 10:56:08,032][flwr][INFO] - [ROUND 7]
[2025-01-08 10:56:08,033][flwr][INFO] - configure_fit: strategy sampled 2 clients (out of 20)
[2025-01-08 10:56:12,939][flwr][INFO] - aggregate_fit: received 2 results and 0 failures
[2025-01-08 10:56:14,052][flwr][INFO] - fit progress: (7, 17.795254738535732, {'accuracy': 0.952}, 48.60217478300183)
[2025-01-08 10:56:14,052][flwr][INFO] - configure_evaluate: strategy sampled 5 clients (out of 20)
[2025-01-08 10:56:14,619][flwr][INFO] - aggregate_evaluate: received 5 results and 0 failures
[2025-01-08 10:56:14,620][flwr][INFO] - 
[2025-01-08 10:56:14,620][flwr][INFO] - [ROUND 8]
[2025-01-08 10:56:14,620][flwr][INFO] - configure_fit: strategy sampled 2 clients (out of 20)
[2025-01-08 10:56:19,741][flwr][INFO] - aggregate_fit: received 2 results and 0 failures
[2025-01-08 10:56:21,253][flwr][INFO] - fit progress: (8, 187.18871092796326, {'accuracy': 0.1013}, 55.80357689000084)
[2025-01-08 10:56:21,253][flwr][INFO] - configure_evaluate: strategy sampled 5 clients (out of 20)
[2025-01-08 10:56:21,794][flwr][INFO] - aggregate_evaluate: received 5 results and 0 failures
[2025-01-08 10:56:21,794][flwr][INFO] - 
[2025-01-08 10:56:21,794][flwr][INFO] - [ROUND 9]
[2025-01-08 10:56:21,795][flwr][INFO] - configure_fit: strategy sampled 2 clients (out of 20)
[2025-01-08 10:56:26,833][flwr][INFO] - aggregate_fit: received 2 results and 0 failures
[2025-01-08 10:56:28,516][flwr][INFO] - fit progress: (9, 181.8306279182434, {'accuracy': 0.1135}, 63.066752537000866)
[2025-01-08 10:56:28,516][flwr][INFO] - configure_evaluate: strategy sampled 5 clients (out of 20)
[2025-01-08 10:56:29,150][flwr][INFO] - aggregate_evaluate: received 5 results and 0 failures
[2025-01-08 10:56:29,150][flwr][INFO] - 
[2025-01-08 10:56:29,150][flwr][INFO] - [ROUND 10]
[2025-01-08 10:56:29,151][flwr][INFO] - configure_fit: strategy sampled 2 clients (out of 20)
[2025-01-08 10:56:33,151][flwr][INFO] - aggregate_fit: received 2 results and 0 failures
[2025-01-08 10:56:35,064][flwr][INFO] - fit progress: (10, 181.92561745643616, {'accuracy': 0.1028}, 69.61490921000222)
[2025-01-08 10:56:35,065][flwr][INFO] - configure_evaluate: strategy sampled 5 clients (out of 20)
[2025-01-08 10:56:35,574][flwr][INFO] - aggregate_evaluate: received 5 results and 0 failures
[2025-01-08 10:56:35,574][flwr][INFO] - 
[2025-01-08 10:56:35,574][flwr][INFO] - [ROUND 11]
[2025-01-08 10:56:35,575][flwr][INFO] - configure_fit: strategy sampled 2 clients (out of 20)
[2025-01-08 10:56:39,537][flwr][INFO] - aggregate_fit: received 2 results and 0 failures
[2025-01-08 10:56:42,286][flwr][INFO] - fit progress: (11, 181.82042813301086, {'accuracy': 0.1135}, 76.8363436360014)
[2025-01-08 10:56:42,286][flwr][INFO] - configure_evaluate: strategy sampled 5 clients (out of 20)
[2025-01-08 10:56:42,902][flwr][INFO] - aggregate_evaluate: received 5 results and 0 failures
[2025-01-08 10:56:42,902][flwr][INFO] - 
[2025-01-08 10:56:42,902][flwr][INFO] - [ROUND 12]
[2025-01-08 10:56:42,903][flwr][INFO] - configure_fit: strategy sampled 2 clients (out of 20)
[2025-01-08 10:56:46,692][flwr][INFO] - aggregate_fit: received 2 results and 0 failures
[2025-01-08 10:56:49,197][flwr][INFO] - fit progress: (12, 181.9817759990692, {'accuracy': 0.0958}, 83.74705482800346)
[2025-01-08 10:56:49,197][flwr][INFO] - configure_evaluate: strategy sampled 5 clients (out of 20)
[2025-01-08 10:56:49,818][flwr][INFO] - aggregate_evaluate: received 5 results and 0 failures
[2025-01-08 10:56:49,819][flwr][INFO] - 
[2025-01-08 10:56:49,819][flwr][INFO] - [ROUND 13]
[2025-01-08 10:56:49,820][flwr][INFO] - configure_fit: strategy sampled 2 clients (out of 20)
[2025-01-08 10:56:53,630][flwr][INFO] - aggregate_fit: received 2 results and 0 failures
[2025-01-08 10:56:55,355][flwr][INFO] - fit progress: (13, 182.12282991409302, {'accuracy': 0.0958}, 89.90546328300115)
[2025-01-08 10:56:55,355][flwr][INFO] - configure_evaluate: strategy sampled 5 clients (out of 20)
[2025-01-08 10:56:56,105][flwr][INFO] - aggregate_evaluate: received 5 results and 0 failures
[2025-01-08 10:56:56,106][flwr][INFO] - 
[2025-01-08 10:56:56,106][flwr][INFO] - [ROUND 14]
[2025-01-08 10:56:56,106][flwr][INFO] - configure_fit: strategy sampled 2 clients (out of 20)
[2025-01-08 10:57:00,150][flwr][INFO] - aggregate_fit: received 2 results and 0 failures
[2025-01-08 10:57:01,402][flwr][INFO] - fit progress: (14, 181.9132707118988, {'accuracy': 0.1135}, 95.95270457299921)
[2025-01-08 10:57:01,402][flwr][INFO] - configure_evaluate: strategy sampled 5 clients (out of 20)
[2025-01-08 10:57:02,033][flwr][INFO] - aggregate_evaluate: received 5 results and 0 failures
[2025-01-08 10:57:02,034][flwr][INFO] - 
[2025-01-08 10:57:02,034][flwr][INFO] - [ROUND 15]
[2025-01-08 10:57:02,034][flwr][INFO] - configure_fit: strategy sampled 2 clients (out of 20)
[2025-01-08 10:57:06,412][flwr][INFO] - aggregate_fit: received 2 results and 0 failures
[2025-01-08 10:57:07,440][flwr][INFO] - fit progress: (15, 181.96979308128357, {'accuracy': 0.098}, 101.99057439700118)
[2025-01-08 10:57:07,440][flwr][INFO] - configure_evaluate: strategy sampled 5 clients (out of 20)
[2025-01-08 10:57:08,099][flwr][INFO] - aggregate_evaluate: received 5 results and 0 failures
[2025-01-08 10:57:08,100][flwr][INFO] - 
[2025-01-08 10:57:08,100][flwr][INFO] - [SUMMARY]
[2025-01-08 10:57:08,100][flwr][INFO] - Run finished 15 round(s) in 102.65s
[2025-01-08 10:57:08,100][flwr][INFO] - 	History (loss, distributed):
[2025-01-08 10:57:08,100][flwr][INFO] - 		round 1: 11.622315657138824
[2025-01-08 10:57:08,101][flwr][INFO] - 		round 2: 2.715932792797685
[2025-01-08 10:57:08,101][flwr][INFO] - 		round 3: 1.3775572646030922
[2025-01-08 10:57:08,101][flwr][INFO] - 		round 4: 1.7612229933030903
[2025-01-08 10:57:08,101][flwr][INFO] - 		round 5: 1.5816032089758665
[2025-01-08 10:57:08,101][flwr][INFO] - 		round 6: 2.2915027007460593
[2025-01-08 10:57:08,101][flwr][INFO] - 		round 7: 2.272384609922301
[2025-01-08 10:57:08,101][flwr][INFO] - 		round 8: 23.876694631576537
[2025-01-08 10:57:08,101][flwr][INFO] - 		round 9: 23.00584487915039
[2025-01-08 10:57:08,101][flwr][INFO] - 		round 10: 23.034580183029174
[2025-01-08 10:57:08,101][flwr][INFO] - 		round 11: 23.030353593826295
[2025-01-08 10:57:08,101][flwr][INFO] - 		round 12: 23.086259508132933
[2025-01-08 10:57:08,101][flwr][INFO] - 		round 13: 23.03851523399353
[2025-01-08 10:57:08,101][flwr][INFO] - 		round 14: 23.042357206344604
[2025-01-08 10:57:08,101][flwr][INFO] - 		round 15: 23.012857580184935
[2025-01-08 10:57:08,101][flwr][INFO] - 	History (loss, centralized):
[2025-01-08 10:57:08,101][flwr][INFO] - 		round 0: 182.31107115745544
[2025-01-08 10:57:08,101][flwr][INFO] - 		round 1: 92.39988046884537
[2025-01-08 10:57:08,101][flwr][INFO] - 		round 2: 17.14922153018415
[2025-01-08 10:57:08,101][flwr][INFO] - 		round 3: 10.647334678040352
[2025-01-08 10:57:08,101][flwr][INFO] - 		round 4: 10.697688370477408
[2025-01-08 10:57:08,101][flwr][INFO] - 		round 5: 14.090412062912947
[2025-01-08 10:57:08,101][flwr][INFO] - 		round 6: 15.583182279020548
[2025-01-08 10:57:08,101][flwr][INFO] - 		round 7: 17.795254738535732
[2025-01-08 10:57:08,101][flwr][INFO] - 		round 8: 187.18871092796326
[2025-01-08 10:57:08,101][flwr][INFO] - 		round 9: 181.8306279182434
[2025-01-08 10:57:08,102][flwr][INFO] - 		round 10: 181.92561745643616
[2025-01-08 10:57:08,102][flwr][INFO] - 		round 11: 181.82042813301086
[2025-01-08 10:57:08,102][flwr][INFO] - 		round 12: 181.9817759990692
[2025-01-08 10:57:08,102][flwr][INFO] - 		round 13: 182.12282991409302
[2025-01-08 10:57:08,102][flwr][INFO] - 		round 14: 181.9132707118988
[2025-01-08 10:57:08,102][flwr][INFO] - 		round 15: 181.96979308128357
[2025-01-08 10:57:08,102][flwr][INFO] - 	History (metrics, centralized):
[2025-01-08 10:57:08,102][flwr][INFO] - 	{'accuracy': [(0, 0.0465),
[2025-01-08 10:57:08,102][flwr][INFO] - 	              (1, 0.6688),
[2025-01-08 10:57:08,102][flwr][INFO] - 	              (2, 0.9458),
[2025-01-08 10:57:08,102][flwr][INFO] - 	              (3, 0.968),
[2025-01-08 10:57:08,102][flwr][INFO] - 	              (4, 0.9691),
[2025-01-08 10:57:08,102][flwr][INFO] - 	              (5, 0.9646),
[2025-01-08 10:57:08,102][flwr][INFO] - 	              (6, 0.9546),
[2025-01-08 10:57:08,102][flwr][INFO] - 	              (7, 0.952),
[2025-01-08 10:57:08,102][flwr][INFO] - 	              (8, 0.1013),
[2025-01-08 10:57:08,102][flwr][INFO] - 	              (9, 0.1135),
[2025-01-08 10:57:08,102][flwr][INFO] - 	              (10, 0.1028),
[2025-01-08 10:57:08,102][flwr][INFO] - 	              (11, 0.1135),
[2025-01-08 10:57:08,102][flwr][INFO] - 	              (12, 0.0958),
[2025-01-08 10:57:08,102][flwr][INFO] - 	              (13, 0.0958),
[2025-01-08 10:57:08,102][flwr][INFO] - 	              (14, 0.1135),
[2025-01-08 10:57:08,102][flwr][INFO] - 	              (15, 0.098)]}
[2025-01-08 10:57:08,102][flwr][INFO] - 
