[2025-01-07 20:21:18,448][flwr][INFO] - Starting Flower simulation, config: num_rounds=15, no round_timeout
[2025-01-07 20:21:21,911][flwr][INFO] - Flower VCE: Ray initialized with resources: {'node:__internal_head__': 1.0, 'memory': 6029974734.0, 'object_store_memory': 3014987366.0, 'node:192.168.1.11': 1.0, 'CPU': 12.0}
[2025-01-07 20:21:21,912][flwr][INFO] - Optimize your simulation with Flower VCE: https://flower.ai/docs/framework/how-to-run-simulations.html
[2025-01-07 20:21:21,912][flwr][INFO] - Flower VCE: Resources for each Virtual Client: {'num_cpus': 2, 'num_gpus': 0}
[2025-01-07 20:21:21,921][flwr][INFO] - Flower VCE: Creating VirtualClientEngineActorPool with 6 actors
[2025-01-07 20:21:21,922][flwr][INFO] - [INIT]
[2025-01-07 20:21:21,922][flwr][INFO] - Requesting initial parameters from one random client
[2025-01-07 20:21:24,808][flwr][INFO] - Received initial parameters from one random client
[2025-01-07 20:21:24,808][flwr][INFO] - Starting evaluation of initial global parameters
[2025-01-07 20:21:26,030][flwr][INFO] - initial parameters (loss, other metrics): 182.0512614250183, {'accuracy': 0.0945}
[2025-01-07 20:21:26,030][flwr][INFO] - 
[2025-01-07 20:21:26,030][flwr][INFO] - [ROUND 1]
[2025-01-07 20:21:26,031][flwr][INFO] - configure_fit: strategy sampled 2 clients (out of 5)
[2025-01-07 20:21:38,263][flwr][INFO] - aggregate_fit: received 2 results and 0 failures
[2025-01-07 20:21:38,266][flwr][WARNING] - No fit_metrics_aggregation_fn provided
[2025-01-07 20:21:39,441][flwr][INFO] - fit progress: (1, 5.577669326681644, {'accuracy': 0.9792}, 13.411183986994729)
[2025-01-07 20:21:39,442][flwr][INFO] - configure_evaluate: strategy sampled 2 clients (out of 5)
[2025-01-07 20:21:39,972][flwr][INFO] - aggregate_evaluate: received 2 results and 0 failures
[2025-01-07 20:21:39,972][flwr][WARNING] - No evaluate_metrics_aggregation_fn provided
[2025-01-07 20:21:39,972][flwr][INFO] - 
[2025-01-07 20:21:39,972][flwr][INFO] - [ROUND 2]
[2025-01-07 20:21:39,973][flwr][INFO] - configure_fit: strategy sampled 2 clients (out of 5)
[2025-01-07 20:21:49,803][flwr][INFO] - aggregate_fit: received 2 results and 0 failures
[2025-01-07 20:21:51,016][flwr][INFO] - fit progress: (2, 3.512213865382364, {'accuracy': 0.9858}, 24.98625480299961)
[2025-01-07 20:21:51,017][flwr][INFO] - configure_evaluate: strategy sampled 2 clients (out of 5)
[2025-01-07 20:21:51,507][flwr][INFO] - aggregate_evaluate: received 2 results and 0 failures
[2025-01-07 20:21:51,507][flwr][INFO] - 
[2025-01-07 20:21:51,507][flwr][INFO] - [ROUND 3]
[2025-01-07 20:21:51,507][flwr][INFO] - configure_fit: strategy sampled 2 clients (out of 5)
[2025-01-07 20:22:01,283][flwr][INFO] - aggregate_fit: received 2 results and 0 failures
[2025-01-07 20:22:02,546][flwr][INFO] - fit progress: (3, 3.9129158703508438, {'accuracy': 0.9859}, 36.5162189900002)
[2025-01-07 20:22:02,547][flwr][INFO] - configure_evaluate: strategy sampled 2 clients (out of 5)
[2025-01-07 20:22:03,050][flwr][INFO] - aggregate_evaluate: received 2 results and 0 failures
[2025-01-07 20:22:03,050][flwr][INFO] - 
[2025-01-07 20:22:03,050][flwr][INFO] - [ROUND 4]
[2025-01-07 20:22:03,050][flwr][INFO] - configure_fit: strategy sampled 2 clients (out of 5)
[2025-01-07 20:22:12,743][flwr][INFO] - aggregate_fit: received 2 results and 0 failures
[2025-01-07 20:22:14,239][flwr][INFO] - fit progress: (4, 3.247616134254713, {'accuracy': 0.9866}, 48.20874228199682)
[2025-01-07 20:22:14,239][flwr][INFO] - configure_evaluate: strategy sampled 2 clients (out of 5)
[2025-01-07 20:22:14,713][flwr][INFO] - aggregate_evaluate: received 2 results and 0 failures
[2025-01-07 20:22:14,713][flwr][INFO] - 
[2025-01-07 20:22:14,713][flwr][INFO] - [ROUND 5]
[2025-01-07 20:22:14,713][flwr][INFO] - configure_fit: strategy sampled 2 clients (out of 5)
[2025-01-07 20:22:24,309][flwr][INFO] - aggregate_fit: received 2 results and 0 failures
[2025-01-07 20:22:25,814][flwr][INFO] - fit progress: (5, 2.4874614848422425, {'accuracy': 0.9907}, 59.78347059799853)
[2025-01-07 20:22:25,814][flwr][INFO] - configure_evaluate: strategy sampled 2 clients (out of 5)
[2025-01-07 20:22:26,298][flwr][INFO] - aggregate_evaluate: received 2 results and 0 failures
[2025-01-07 20:22:26,298][flwr][INFO] - 
[2025-01-07 20:22:26,298][flwr][INFO] - [ROUND 6]
[2025-01-07 20:22:26,299][flwr][INFO] - configure_fit: strategy sampled 2 clients (out of 5)
[2025-01-07 20:22:36,101][flwr][INFO] - aggregate_fit: received 2 results and 0 failures
[2025-01-07 20:22:37,643][flwr][INFO] - fit progress: (6, 3.486515187052646, {'accuracy': 0.9874}, 71.61266160499508)
[2025-01-07 20:22:37,643][flwr][INFO] - configure_evaluate: strategy sampled 2 clients (out of 5)
[2025-01-07 20:22:38,113][flwr][INFO] - aggregate_evaluate: received 2 results and 0 failures
[2025-01-07 20:22:38,113][flwr][INFO] - 
[2025-01-07 20:22:38,113][flwr][INFO] - [ROUND 7]
[2025-01-07 20:22:38,113][flwr][INFO] - configure_fit: strategy sampled 2 clients (out of 5)
[2025-01-07 20:22:47,934][flwr][INFO] - aggregate_fit: received 2 results and 0 failures
[2025-01-07 20:22:49,392][flwr][INFO] - fit progress: (7, 3.002655669744854, {'accuracy': 0.9882}, 83.36161665299733)
[2025-01-07 20:22:49,392][flwr][INFO] - configure_evaluate: strategy sampled 2 clients (out of 5)
[2025-01-07 20:22:49,821][flwr][INFO] - aggregate_evaluate: received 2 results and 0 failures
[2025-01-07 20:22:49,822][flwr][INFO] - 
[2025-01-07 20:22:49,822][flwr][INFO] - [ROUND 8]
[2025-01-07 20:22:49,822][flwr][INFO] - configure_fit: strategy sampled 2 clients (out of 5)
[2025-01-07 20:22:59,633][flwr][INFO] - aggregate_fit: received 2 results and 0 failures
[2025-01-07 20:23:01,096][flwr][INFO] - fit progress: (8, 2.54192224619419, {'accuracy': 0.9904}, 95.06544034899707)
[2025-01-07 20:23:01,096][flwr][INFO] - configure_evaluate: strategy sampled 2 clients (out of 5)
[2025-01-07 20:23:01,540][flwr][INFO] - aggregate_evaluate: received 2 results and 0 failures
[2025-01-07 20:23:01,540][flwr][INFO] - 
[2025-01-07 20:23:01,540][flwr][INFO] - [ROUND 9]
[2025-01-07 20:23:01,540][flwr][INFO] - configure_fit: strategy sampled 2 clients (out of 5)
[2025-01-07 20:23:11,258][flwr][INFO] - aggregate_fit: received 2 results and 0 failures
[2025-01-07 20:23:12,529][flwr][INFO] - fit progress: (9, 2.6201030834470203, {'accuracy': 0.9903}, 106.49902727500012)
[2025-01-07 20:23:12,530][flwr][INFO] - configure_evaluate: strategy sampled 2 clients (out of 5)
[2025-01-07 20:23:13,049][flwr][INFO] - aggregate_evaluate: received 2 results and 0 failures
[2025-01-07 20:23:13,050][flwr][INFO] - 
[2025-01-07 20:23:13,050][flwr][INFO] - [ROUND 10]
[2025-01-07 20:23:13,050][flwr][INFO] - configure_fit: strategy sampled 2 clients (out of 5)
[2025-01-07 20:23:22,867][flwr][INFO] - aggregate_fit: received 2 results and 0 failures
[2025-01-07 20:23:24,329][flwr][INFO] - fit progress: (10, 2.606913933010219, {'accuracy': 0.9904}, 118.29874614199798)
[2025-01-07 20:23:24,329][flwr][INFO] - configure_evaluate: strategy sampled 2 clients (out of 5)
[2025-01-07 20:23:24,816][flwr][INFO] - aggregate_evaluate: received 2 results and 0 failures
[2025-01-07 20:23:24,816][flwr][INFO] - 
[2025-01-07 20:23:24,816][flwr][INFO] - [ROUND 11]
[2025-01-07 20:23:24,816][flwr][INFO] - configure_fit: strategy sampled 2 clients (out of 5)
[2025-01-07 20:23:34,586][flwr][INFO] - aggregate_fit: received 2 results and 0 failures
[2025-01-07 20:23:35,970][flwr][INFO] - fit progress: (11, 2.353789683129662, {'accuracy': 0.9918}, 129.9395467689974)
[2025-01-07 20:23:35,970][flwr][INFO] - configure_evaluate: strategy sampled 2 clients (out of 5)
[2025-01-07 20:23:36,445][flwr][INFO] - aggregate_evaluate: received 2 results and 0 failures
[2025-01-07 20:23:36,446][flwr][INFO] - 
[2025-01-07 20:23:36,446][flwr][INFO] - [ROUND 12]
[2025-01-07 20:23:36,446][flwr][INFO] - configure_fit: strategy sampled 2 clients (out of 5)
[2025-01-07 20:23:46,107][flwr][INFO] - aggregate_fit: received 2 results and 0 failures
[2025-01-07 20:23:47,411][flwr][INFO] - fit progress: (12, 2.3902634480164835, {'accuracy': 0.9926}, 141.38067722699634)
[2025-01-07 20:23:47,411][flwr][INFO] - configure_evaluate: strategy sampled 2 clients (out of 5)
[2025-01-07 20:23:47,927][flwr][INFO] - aggregate_evaluate: received 2 results and 0 failures
[2025-01-07 20:23:47,928][flwr][INFO] - 
[2025-01-07 20:23:47,928][flwr][INFO] - [ROUND 13]
[2025-01-07 20:23:47,928][flwr][INFO] - configure_fit: strategy sampled 2 clients (out of 5)
[2025-01-07 20:23:57,579][flwr][INFO] - aggregate_fit: received 2 results and 0 failures
[2025-01-07 20:23:58,810][flwr][INFO] - fit progress: (13, 2.3944364294776648, {'accuracy': 0.9923}, 152.7798659789987)
[2025-01-07 20:23:58,810][flwr][INFO] - configure_evaluate: strategy sampled 2 clients (out of 5)
[2025-01-07 20:23:59,264][flwr][INFO] - aggregate_evaluate: received 2 results and 0 failures
[2025-01-07 20:23:59,264][flwr][INFO] - 
[2025-01-07 20:23:59,264][flwr][INFO] - [ROUND 14]
[2025-01-07 20:23:59,265][flwr][INFO] - configure_fit: strategy sampled 2 clients (out of 5)
[2025-01-07 20:24:08,780][flwr][INFO] - aggregate_fit: received 2 results and 0 failures
[2025-01-07 20:24:10,055][flwr][INFO] - fit progress: (14, 2.427465408230468, {'accuracy': 0.9927}, 164.02439163999952)
[2025-01-07 20:24:10,055][flwr][INFO] - configure_evaluate: strategy sampled 2 clients (out of 5)
[2025-01-07 20:24:10,585][flwr][INFO] - aggregate_evaluate: received 2 results and 0 failures
[2025-01-07 20:24:10,585][flwr][INFO] - 
[2025-01-07 20:24:10,585][flwr][INFO] - [ROUND 15]
[2025-01-07 20:24:10,585][flwr][INFO] - configure_fit: strategy sampled 2 clients (out of 5)
[2025-01-07 20:24:20,321][flwr][INFO] - aggregate_fit: received 2 results and 0 failures
[2025-01-07 20:24:21,661][flwr][INFO] - fit progress: (15, 2.65674604808099, {'accuracy': 0.9918}, 175.63066336300108)
[2025-01-07 20:24:21,661][flwr][INFO] - configure_evaluate: strategy sampled 2 clients (out of 5)
[2025-01-07 20:24:22,205][flwr][INFO] - aggregate_evaluate: received 2 results and 0 failures
[2025-01-07 20:24:22,206][flwr][INFO] - 
[2025-01-07 20:24:22,206][flwr][INFO] - [SUMMARY]
[2025-01-07 20:24:22,206][flwr][INFO] - Run finished 15 round(s) in 176.18s
[2025-01-07 20:24:22,206][flwr][INFO] - 	History (loss, distributed):
[2025-01-07 20:24:22,207][flwr][INFO] - 		round 1: 3.630793174554128
[2025-01-07 20:24:22,207][flwr][INFO] - 		round 2: 2.688113033422269
[2025-01-07 20:24:22,207][flwr][INFO] - 		round 3: 2.4365658045171585
[2025-01-07 20:24:22,207][flwr][INFO] - 		round 4: 2.453928626880952
[2025-01-07 20:24:22,207][flwr][INFO] - 		round 5: 2.0073694847305887
[2025-01-07 20:24:22,207][flwr][INFO] - 		round 6: 2.401495635757783
[2025-01-07 20:24:22,207][flwr][INFO] - 		round 7: 2.4675644124326936
[2025-01-07 20:24:22,207][flwr][INFO] - 		round 8: 1.8891026967280595
[2025-01-07 20:24:22,208][flwr][INFO] - 		round 9: 1.8875351774031515
[2025-01-07 20:24:22,208][flwr][INFO] - 		round 10: 1.5819608875508493
[2025-01-07 20:24:22,208][flwr][INFO] - 		round 11: 1.3404512220801053
[2025-01-07 20:24:22,208][flwr][INFO] - 		round 12: 1.8250569989099006
[2025-01-07 20:24:22,208][flwr][INFO] - 		round 13: 2.9349898935618057
[2025-01-07 20:24:22,208][flwr][INFO] - 		round 14: 2.03006394166513
[2025-01-07 20:24:22,208][flwr][INFO] - 		round 15: 1.8715204382079946
[2025-01-07 20:24:22,208][flwr][INFO] - 	History (loss, centralized):
[2025-01-07 20:24:22,208][flwr][INFO] - 		round 0: 182.0512614250183
[2025-01-07 20:24:22,209][flwr][INFO] - 		round 1: 5.577669326681644
[2025-01-07 20:24:22,209][flwr][INFO] - 		round 2: 3.512213865382364
[2025-01-07 20:24:22,209][flwr][INFO] - 		round 3: 3.9129158703508438
[2025-01-07 20:24:22,209][flwr][INFO] - 		round 4: 3.247616134254713
[2025-01-07 20:24:22,209][flwr][INFO] - 		round 5: 2.4874614848422425
[2025-01-07 20:24:22,209][flwr][INFO] - 		round 6: 3.486515187052646
[2025-01-07 20:24:22,209][flwr][INFO] - 		round 7: 3.002655669744854
[2025-01-07 20:24:22,209][flwr][INFO] - 		round 8: 2.54192224619419
[2025-01-07 20:24:22,209][flwr][INFO] - 		round 9: 2.6201030834470203
[2025-01-07 20:24:22,210][flwr][INFO] - 		round 10: 2.606913933010219
[2025-01-07 20:24:22,210][flwr][INFO] - 		round 11: 2.353789683129662
[2025-01-07 20:24:22,210][flwr][INFO] - 		round 12: 2.3902634480164835
[2025-01-07 20:24:22,210][flwr][INFO] - 		round 13: 2.3944364294776648
[2025-01-07 20:24:22,210][flwr][INFO] - 		round 14: 2.427465408230468
[2025-01-07 20:24:22,210][flwr][INFO] - 		round 15: 2.65674604808099
[2025-01-07 20:24:22,210][flwr][INFO] - 	History (metrics, centralized):
[2025-01-07 20:24:22,210][flwr][INFO] - 	{'accuracy': [(0, 0.0945),
[2025-01-07 20:24:22,210][flwr][INFO] - 	              (1, 0.9792),
[2025-01-07 20:24:22,210][flwr][INFO] - 	              (2, 0.9858),
[2025-01-07 20:24:22,210][flwr][INFO] - 	              (3, 0.9859),
[2025-01-07 20:24:22,211][flwr][INFO] - 	              (4, 0.9866),
[2025-01-07 20:24:22,211][flwr][INFO] - 	              (5, 0.9907),
[2025-01-07 20:24:22,211][flwr][INFO] - 	              (6, 0.9874),
[2025-01-07 20:24:22,211][flwr][INFO] - 	              (7, 0.9882),
[2025-01-07 20:24:22,211][flwr][INFO] - 	              (8, 0.9904),
[2025-01-07 20:24:22,211][flwr][INFO] - 	              (9, 0.9903),
[2025-01-07 20:24:22,211][flwr][INFO] - 	              (10, 0.9904),
[2025-01-07 20:24:22,211][flwr][INFO] - 	              (11, 0.9918),
[2025-01-07 20:24:22,211][flwr][INFO] - 	              (12, 0.9926),
[2025-01-07 20:24:22,211][flwr][INFO] - 	              (13, 0.9923),
[2025-01-07 20:24:22,211][flwr][INFO] - 	              (14, 0.9927),
[2025-01-07 20:24:22,211][flwr][INFO] - 	              (15, 0.9918)]}
[2025-01-07 20:24:22,211][flwr][INFO] - 
