[2025-01-07 14:49:58,779][flwr][INFO] - Starting Flower simulation, config: num_rounds=5, no round_timeout
[2025-01-07 14:50:02,368][flwr][INFO] - Flower VCE: Ray initialized with resources: {'object_store_memory': 3151715942.0, 'memory': 6303431886.0, 'node:__internal_head__': 1.0, 'CPU': 12.0, 'node:192.168.1.11': 1.0}
[2025-01-07 14:50:02,368][flwr][INFO] - Optimize your simulation with Flower VCE: https://flower.ai/docs/framework/how-to-run-simulations.html
[2025-01-07 14:50:02,368][flwr][INFO] - Flower VCE: Resources for each Virtual Client: {'num_cpus': 2, 'num_gpus': 0}
[2025-01-07 14:50:02,375][flwr][INFO] - Flower VCE: Creating VirtualClientEngineActorPool with 6 actors
[2025-01-07 14:50:02,376][flwr][INFO] - [INIT]
[2025-01-07 14:50:02,376][flwr][INFO] - Requesting initial parameters from one random client
[2025-01-07 14:50:05,116][flwr][INFO] - Received initial parameters from one random client
[2025-01-07 14:50:05,117][flwr][INFO] - Starting evaluation of initial global parameters
[2025-01-07 14:50:06,262][flwr][INFO] - initial parameters (loss, other metrics): 182.20548462867737, {'accuracy': 0.0783}
[2025-01-07 14:50:06,262][flwr][INFO] - 
[2025-01-07 14:50:06,262][flwr][INFO] - [ROUND 1]
[2025-01-07 14:50:06,263][flwr][INFO] - configure_fit: strategy sampled 2 clients (out of 20)
[2025-01-07 14:50:11,132][flwr][INFO] - aggregate_fit: received 2 results and 0 failures
[2025-01-07 14:50:11,137][flwr][WARNING] - No fit_metrics_aggregation_fn provided
[2025-01-07 14:50:12,310][flwr][INFO] - fit progress: (1, 17.51280562952161, {'accuracy': 0.93}, 6.047391052998137)
[2025-01-07 14:50:12,310][flwr][INFO] - configure_evaluate: strategy sampled 5 clients (out of 20)
[2025-01-07 14:50:15,875][flwr][INFO] - aggregate_evaluate: received 5 results and 0 failures
[2025-01-07 14:50:15,875][flwr][WARNING] - No evaluate_metrics_aggregation_fn provided
[2025-01-07 14:50:15,876][flwr][INFO] - 
[2025-01-07 14:50:15,876][flwr][INFO] - [ROUND 2]
[2025-01-07 14:50:15,876][flwr][INFO] - configure_fit: strategy sampled 2 clients (out of 20)
[2025-01-07 14:50:18,715][flwr][INFO] - aggregate_fit: received 2 results and 0 failures
[2025-01-07 14:50:20,038][flwr][INFO] - fit progress: (2, 8.520845375664067, {'accuracy': 0.9675}, 13.775707691998832)
[2025-01-07 14:50:20,038][flwr][INFO] - configure_evaluate: strategy sampled 5 clients (out of 20)
[2025-01-07 14:50:20,802][flwr][INFO] - aggregate_evaluate: received 5 results and 0 failures
[2025-01-07 14:50:20,803][flwr][INFO] - 
[2025-01-07 14:50:20,803][flwr][INFO] - [ROUND 3]
[2025-01-07 14:50:20,803][flwr][INFO] - configure_fit: strategy sampled 2 clients (out of 20)
[2025-01-07 14:50:23,614][flwr][INFO] - aggregate_fit: received 2 results and 0 failures
[2025-01-07 14:50:25,044][flwr][INFO] - fit progress: (3, 7.121480054993299, {'accuracy': 0.9721}, 18.781657872001233)
[2025-01-07 14:50:25,044][flwr][INFO] - configure_evaluate: strategy sampled 5 clients (out of 20)
[2025-01-07 14:50:25,679][flwr][INFO] - aggregate_evaluate: received 5 results and 0 failures
[2025-01-07 14:50:25,680][flwr][INFO] - 
[2025-01-07 14:50:25,680][flwr][INFO] - [ROUND 4]
[2025-01-07 14:50:25,680][flwr][INFO] - configure_fit: strategy sampled 2 clients (out of 20)
[2025-01-07 14:50:28,497][flwr][INFO] - aggregate_fit: received 2 results and 0 failures
[2025-01-07 14:50:30,037][flwr][INFO] - fit progress: (4, 6.11771405673062, {'accuracy': 0.9753}, 23.774393225001404)
[2025-01-07 14:50:30,037][flwr][INFO] - configure_evaluate: strategy sampled 5 clients (out of 20)
[2025-01-07 14:50:30,605][flwr][INFO] - aggregate_evaluate: received 5 results and 0 failures
[2025-01-07 14:50:30,605][flwr][INFO] - 
[2025-01-07 14:50:30,605][flwr][INFO] - [ROUND 5]
[2025-01-07 14:50:30,605][flwr][INFO] - configure_fit: strategy sampled 2 clients (out of 20)
[2025-01-07 14:50:33,420][flwr][INFO] - aggregate_fit: received 2 results and 0 failures
[2025-01-07 14:50:34,626][flwr][INFO] - fit progress: (5, 5.593369957176037, {'accuracy': 0.9783}, 28.36356152499866)
[2025-01-07 14:50:34,626][flwr][INFO] - configure_evaluate: strategy sampled 5 clients (out of 20)
[2025-01-07 14:50:35,236][flwr][INFO] - aggregate_evaluate: received 5 results and 0 failures
[2025-01-07 14:50:35,237][flwr][INFO] - 
[2025-01-07 14:50:35,237][flwr][INFO] - [SUMMARY]
[2025-01-07 14:50:35,237][flwr][INFO] - Run finished 5 round(s) in 28.97s
[2025-01-07 14:50:35,237][flwr][INFO] - 	History (loss, distributed):
[2025-01-07 14:50:35,238][flwr][INFO] - 		round 1: 2.0143284499645233
[2025-01-07 14:50:35,238][flwr][INFO] - 		round 2: 1.4754926592111588
[2025-01-07 14:50:35,238][flwr][INFO] - 		round 3: 1.0196009895880707
[2025-01-07 14:50:35,238][flwr][INFO] - 		round 4: 1.0209185690415326
[2025-01-07 14:50:35,238][flwr][INFO] - 		round 5: 0.7900348850089358
[2025-01-07 14:50:35,238][flwr][INFO] - 	History (loss, centralized):
[2025-01-07 14:50:35,238][flwr][INFO] - 		round 0: 182.20548462867737
[2025-01-07 14:50:35,239][flwr][INFO] - 		round 1: 17.51280562952161
[2025-01-07 14:50:35,239][flwr][INFO] - 		round 2: 8.520845375664067
[2025-01-07 14:50:35,239][flwr][INFO] - 		round 3: 7.121480054993299
[2025-01-07 14:50:35,239][flwr][INFO] - 		round 4: 6.11771405673062
[2025-01-07 14:50:35,239][flwr][INFO] - 		round 5: 5.593369957176037
[2025-01-07 14:50:35,239][flwr][INFO] - 	History (metrics, centralized):
[2025-01-07 14:50:35,239][flwr][INFO] - 	{'accuracy': [(0, 0.0783),
[2025-01-07 14:50:35,239][flwr][INFO] - 	              (1, 0.93),
[2025-01-07 14:50:35,240][flwr][INFO] - 	              (2, 0.9675),
[2025-01-07 14:50:35,240][flwr][INFO] - 	              (3, 0.9721),
[2025-01-07 14:50:35,240][flwr][INFO] - 	              (4, 0.9753),
[2025-01-07 14:50:35,240][flwr][INFO] - 	              (5, 0.9783)]}
[2025-01-07 14:50:35,240][flwr][INFO] - 
