[2025-01-07 14:18:39,464][flwr][INFO] - Starting Flower simulation, config: num_rounds=5, no round_timeout
[2025-01-07 14:18:43,034][flwr][INFO] - Flower VCE: Ray initialized with resources: {'node:__internal_head__': 1.0, 'node:192.168.1.11': 1.0, 'CPU': 12.0, 'object_store_memory': 3184861593.0, 'memory': 6369723188.0}
[2025-01-07 14:18:43,034][flwr][INFO] - Optimize your simulation with Flower VCE: https://flower.ai/docs/framework/how-to-run-simulations.html
[2025-01-07 14:18:43,034][flwr][INFO] - Flower VCE: Resources for each Virtual Client: {'num_cpus': 2, 'num_gpus': 0}
[2025-01-07 14:18:43,040][flwr][INFO] - Flower VCE: Creating VirtualClientEngineActorPool with 6 actors
[2025-01-07 14:18:43,040][flwr][INFO] - [INIT]
[2025-01-07 14:18:43,040][flwr][INFO] - Requesting initial parameters from one random client
[2025-01-07 14:18:45,638][flwr][INFO] - Received initial parameters from one random client
[2025-01-07 14:18:45,638][flwr][INFO] - Starting evaluation of initial global parameters
[2025-01-07 14:18:46,816][flwr][INFO] - initial parameters (loss, other metrics): 182.18083333969116, {'accuracy': 0.0958}
[2025-01-07 14:18:46,816][flwr][INFO] - 
[2025-01-07 14:18:46,816][flwr][INFO] - [ROUND 1]
[2025-01-07 14:18:46,817][flwr][INFO] - configure_fit: strategy sampled 2 clients (out of 10)
[2025-01-07 14:18:54,262][flwr][INFO] - aggregate_fit: received 2 results and 0 failures
[2025-01-07 14:18:54,267][flwr][WARNING] - No fit_metrics_aggregation_fn provided
[2025-01-07 14:18:55,795][flwr][INFO] - fit progress: (1, 65.96985095739365, {'accuracy': 0.8144}, 8.978930510998907)
[2025-01-07 14:18:55,795][flwr][INFO] - configure_evaluate: strategy sampled 3 clients (out of 10)
[2025-01-07 14:18:57,923][flwr][INFO] - aggregate_evaluate: received 3 results and 0 failures
[2025-01-07 14:18:57,923][flwr][WARNING] - No evaluate_metrics_aggregation_fn provided
[2025-01-07 14:18:57,923][flwr][INFO] - 
[2025-01-07 14:18:57,923][flwr][INFO] - [ROUND 2]
[2025-01-07 14:18:57,924][flwr][INFO] - configure_fit: strategy sampled 2 clients (out of 10)
[2025-01-07 14:19:02,846][flwr][INFO] - aggregate_fit: received 2 results and 0 failures
[2025-01-07 14:19:04,182][flwr][INFO] - fit progress: (2, 12.107899339171126, {'accuracy': 0.9601}, 17.365727045998938)
[2025-01-07 14:19:04,182][flwr][INFO] - configure_evaluate: strategy sampled 3 clients (out of 10)
[2025-01-07 14:19:04,708][flwr][INFO] - aggregate_evaluate: received 3 results and 0 failures
[2025-01-07 14:19:04,708][flwr][INFO] - 
[2025-01-07 14:19:04,708][flwr][INFO] - [ROUND 3]
[2025-01-07 14:19:04,708][flwr][INFO] - configure_fit: strategy sampled 2 clients (out of 10)
[2025-01-07 14:19:09,881][flwr][INFO] - aggregate_fit: received 2 results and 0 failures
[2025-01-07 14:19:11,117][flwr][INFO] - fit progress: (3, 12.838517256081104, {'accuracy': 0.9638}, 24.301004233999265)
[2025-01-07 14:19:11,117][flwr][INFO] - configure_evaluate: strategy sampled 3 clients (out of 10)
[2025-01-07 14:19:11,657][flwr][INFO] - aggregate_evaluate: received 3 results and 0 failures
[2025-01-07 14:19:11,658][flwr][INFO] - 
[2025-01-07 14:19:11,658][flwr][INFO] - [ROUND 4]
[2025-01-07 14:19:11,658][flwr][INFO] - configure_fit: strategy sampled 2 clients (out of 10)
[2025-01-07 14:19:16,981][flwr][INFO] - aggregate_fit: received 2 results and 0 failures
[2025-01-07 14:19:18,747][flwr][INFO] - fit progress: (4, 13.054785015527159, {'accuracy': 0.9598}, 31.93094397799723)
[2025-01-07 14:19:18,747][flwr][INFO] - configure_evaluate: strategy sampled 3 clients (out of 10)
[2025-01-07 14:19:19,184][flwr][INFO] - aggregate_evaluate: received 3 results and 0 failures
[2025-01-07 14:19:19,184][flwr][INFO] - 
[2025-01-07 14:19:19,184][flwr][INFO] - [ROUND 5]
[2025-01-07 14:19:19,184][flwr][INFO] - configure_fit: strategy sampled 2 clients (out of 10)
[2025-01-07 14:19:24,317][flwr][INFO] - aggregate_fit: received 2 results and 0 failures
[2025-01-07 14:19:25,738][flwr][INFO] - fit progress: (5, 12.310742886271328, {'accuracy': 0.9651}, 38.92155776800064)
[2025-01-07 14:19:25,738][flwr][INFO] - configure_evaluate: strategy sampled 3 clients (out of 10)
[2025-01-07 14:19:26,185][flwr][INFO] - aggregate_evaluate: received 3 results and 0 failures
[2025-01-07 14:19:26,186][flwr][INFO] - 
[2025-01-07 14:19:26,186][flwr][INFO] - [SUMMARY]
[2025-01-07 14:19:26,186][flwr][INFO] - Run finished 5 round(s) in 39.37s
[2025-01-07 14:19:26,186][flwr][INFO] - 	History (loss, distributed):
[2025-01-07 14:19:26,186][flwr][INFO] - 		round 1: 16.356996953487396
[2025-01-07 14:19:26,186][flwr][INFO] - 		round 2: 3.0756017367045083
[2025-01-07 14:19:26,187][flwr][INFO] - 		round 3: 2.990107821300626
[2025-01-07 14:19:26,187][flwr][INFO] - 		round 4: 3.9966265849458673
[2025-01-07 14:19:26,187][flwr][INFO] - 		round 5: 3.5555189374523857
[2025-01-07 14:19:26,187][flwr][INFO] - 	History (loss, centralized):
[2025-01-07 14:19:26,187][flwr][INFO] - 		round 0: 182.18083333969116
[2025-01-07 14:19:26,187][flwr][INFO] - 		round 1: 65.96985095739365
[2025-01-07 14:19:26,187][flwr][INFO] - 		round 2: 12.107899339171126
[2025-01-07 14:19:26,187][flwr][INFO] - 		round 3: 12.838517256081104
[2025-01-07 14:19:26,187][flwr][INFO] - 		round 4: 13.054785015527159
[2025-01-07 14:19:26,188][flwr][INFO] - 		round 5: 12.310742886271328
[2025-01-07 14:19:26,188][flwr][INFO] - 	History (metrics, centralized):
[2025-01-07 14:19:26,188][flwr][INFO] - 	{'accuracy': [(0, 0.0958),
[2025-01-07 14:19:26,188][flwr][INFO] - 	              (1, 0.8144),
[2025-01-07 14:19:26,188][flwr][INFO] - 	              (2, 0.9601),
[2025-01-07 14:19:26,188][flwr][INFO] - 	              (3, 0.9638),
[2025-01-07 14:19:26,188][flwr][INFO] - 	              (4, 0.9598),
[2025-01-07 14:19:26,188][flwr][INFO] - 	              (5, 0.9651)]}
[2025-01-07 14:19:26,189][flwr][INFO] - 
