[2024-12-30 23:43:43,018][flwr][INFO] - Starting Flower simulation, config: num_rounds=10, no round_timeout
[2024-12-30 23:43:46,418][flwr][INFO] - Flower VCE: Ray initialized with resources: {'CPU': 12.0, 'node:192.168.1.11': 1.0, 'node:__internal_head__': 1.0, 'object_store_memory': 3033409536.0, 'memory': 6066819072.0}
[2024-12-30 23:43:46,418][flwr][INFO] - Optimize your simulation with Flower VCE: https://flower.ai/docs/framework/how-to-run-simulations.html
[2024-12-30 23:43:46,418][flwr][INFO] - Flower VCE: Resources for each Virtual Client: {'num_cpus': 2, 'num_gpus': 0}
[2024-12-30 23:43:46,424][flwr][INFO] - Flower VCE: Creating VirtualClientEngineActorPool with 6 actors
[2024-12-30 23:43:46,424][flwr][INFO] - [INIT]
[2024-12-30 23:43:46,424][flwr][INFO] - Using initial global parameters provided by strategy
[2024-12-30 23:43:46,425][flwr][INFO] - Starting evaluation of initial global parameters
[2024-12-30 23:43:49,155][flwr][INFO] - initial parameters (loss, other metrics): 181.84817218780518, {'accuracy': 0.1071}
[2024-12-30 23:43:49,155][flwr][INFO] - 
[2024-12-30 23:43:49,156][flwr][INFO] - [ROUND 1]
[2024-12-30 23:43:49,158][flwr][INFO] - configure_fit: strategy sampled 2 clients (out of 10)
[2024-12-30 23:44:00,552][flwr][INFO] - aggregate_fit: received 2 results and 0 failures
[2024-12-30 23:44:02,123][flwr][WARNING] - No fit_metrics_aggregation_fn provided
[2024-12-30 23:44:03,391][flwr][INFO] - fit progress: (1, 39.88457217812538, {'accuracy': 0.962}, 14.235082155999407)
[2024-12-30 23:44:03,391][flwr][INFO] - configure_evaluate: strategy sampled 2 clients (out of 10)
[2024-12-30 23:44:03,861][flwr][INFO] - aggregate_evaluate: received 2 results and 0 failures
[2024-12-30 23:44:03,861][flwr][WARNING] - No evaluate_metrics_aggregation_fn provided
[2024-12-30 23:44:03,861][flwr][INFO] - 
[2024-12-30 23:44:03,861][flwr][INFO] - [ROUND 2]
[2024-12-30 23:44:03,865][flwr][INFO] - configure_fit: strategy sampled 2 clients (out of 10)
[2024-12-30 23:44:12,841][flwr][INFO] - aggregate_fit: received 2 results and 0 failures
[2024-12-30 23:44:16,500][flwr][INFO] - fit progress: (2, 6.354137576650828, {'accuracy': 0.9791}, 27.344224047999887)
[2024-12-30 23:44:16,500][flwr][INFO] - configure_evaluate: strategy sampled 2 clients (out of 10)
[2024-12-30 23:44:16,867][flwr][INFO] - aggregate_evaluate: received 2 results and 0 failures
[2024-12-30 23:44:16,867][flwr][INFO] - 
[2024-12-30 23:44:16,867][flwr][INFO] - [ROUND 3]
[2024-12-30 23:44:16,871][flwr][INFO] - configure_fit: strategy sampled 2 clients (out of 10)
[2024-12-30 23:44:25,860][flwr][INFO] - aggregate_fit: received 2 results and 0 failures
[2024-12-30 23:44:29,630][flwr][INFO] - fit progress: (3, 4.5028049850370735, {'accuracy': 0.9833}, 40.47464870600015)
[2024-12-30 23:44:29,630][flwr][INFO] - configure_evaluate: strategy sampled 2 clients (out of 10)
[2024-12-30 23:44:30,046][flwr][INFO] - aggregate_evaluate: received 2 results and 0 failures
[2024-12-30 23:44:30,046][flwr][INFO] - 
[2024-12-30 23:44:30,046][flwr][INFO] - [ROUND 4]
[2024-12-30 23:44:30,049][flwr][INFO] - configure_fit: strategy sampled 2 clients (out of 10)
[2024-12-30 23:44:39,010][flwr][INFO] - aggregate_fit: received 2 results and 0 failures
[2024-12-30 23:44:41,741][flwr][INFO] - fit progress: (4, 3.950066295597935, {'accuracy': 0.9843}, 52.585595087999536)
[2024-12-30 23:44:41,741][flwr][INFO] - configure_evaluate: strategy sampled 2 clients (out of 10)
[2024-12-30 23:44:42,159][flwr][INFO] - aggregate_evaluate: received 2 results and 0 failures
[2024-12-30 23:44:42,159][flwr][INFO] - 
[2024-12-30 23:44:42,160][flwr][INFO] - [ROUND 5]
[2024-12-30 23:44:42,162][flwr][INFO] - configure_fit: strategy sampled 2 clients (out of 10)
[2024-12-30 23:44:50,940][flwr][INFO] - aggregate_fit: received 2 results and 0 failures
[2024-12-30 23:44:54,115][flwr][INFO] - fit progress: (5, 3.6809701435267925, {'accuracy': 0.9854}, 64.95966960399892)
[2024-12-30 23:44:54,115][flwr][INFO] - configure_evaluate: strategy sampled 2 clients (out of 10)
[2024-12-30 23:44:54,498][flwr][INFO] - aggregate_evaluate: received 2 results and 0 failures
[2024-12-30 23:44:54,498][flwr][INFO] - 
[2024-12-30 23:44:54,499][flwr][INFO] - [ROUND 6]
[2024-12-30 23:44:54,501][flwr][INFO] - configure_fit: strategy sampled 2 clients (out of 10)
[2024-12-30 23:45:03,464][flwr][INFO] - aggregate_fit: received 2 results and 0 failures
[2024-12-30 23:45:06,809][flwr][INFO] - fit progress: (6, 3.479472758619522, {'accuracy': 0.9869}, 77.65386272400065)
[2024-12-30 23:45:06,810][flwr][INFO] - configure_evaluate: strategy sampled 2 clients (out of 10)
[2024-12-30 23:45:07,197][flwr][INFO] - aggregate_evaluate: received 2 results and 0 failures
[2024-12-30 23:45:07,197][flwr][INFO] - 
[2024-12-30 23:45:07,197][flwr][INFO] - [ROUND 7]
[2024-12-30 23:45:07,199][flwr][INFO] - configure_fit: strategy sampled 2 clients (out of 10)
[2024-12-30 23:45:16,245][flwr][INFO] - aggregate_fit: received 2 results and 0 failures
[2024-12-30 23:45:19,569][flwr][INFO] - fit progress: (7, 3.442751614304143, {'accuracy': 0.9866}, 90.41378082099982)
[2024-12-30 23:45:19,570][flwr][INFO] - configure_evaluate: strategy sampled 2 clients (out of 10)
[2024-12-30 23:45:19,931][flwr][INFO] - aggregate_evaluate: received 2 results and 0 failures
[2024-12-30 23:45:19,931][flwr][INFO] - 
[2024-12-30 23:45:19,931][flwr][INFO] - [ROUND 8]
[2024-12-30 23:45:19,935][flwr][INFO] - configure_fit: strategy sampled 2 clients (out of 10)
[2024-12-30 23:45:29,065][flwr][INFO] - aggregate_fit: received 2 results and 0 failures
[2024-12-30 23:45:32,713][flwr][INFO] - fit progress: (8, 3.4336923333103186, {'accuracy': 0.9867}, 103.55779580799936)
[2024-12-30 23:45:32,714][flwr][INFO] - configure_evaluate: strategy sampled 2 clients (out of 10)
[2024-12-30 23:45:33,087][flwr][INFO] - aggregate_evaluate: received 2 results and 0 failures
[2024-12-30 23:45:33,087][flwr][INFO] - 
[2024-12-30 23:45:33,087][flwr][INFO] - [ROUND 9]
[2024-12-30 23:45:33,091][flwr][INFO] - configure_fit: strategy sampled 2 clients (out of 10)
[2024-12-30 23:45:42,176][flwr][INFO] - aggregate_fit: received 2 results and 0 failures
[2024-12-30 23:45:45,131][flwr][INFO] - fit progress: (9, 3.483895658962865, {'accuracy': 0.9866}, 115.97572654900068)
[2024-12-30 23:45:45,132][flwr][INFO] - configure_evaluate: strategy sampled 2 clients (out of 10)
[2024-12-30 23:45:45,533][flwr][INFO] - aggregate_evaluate: received 2 results and 0 failures
[2024-12-30 23:45:45,533][flwr][INFO] - 
[2024-12-30 23:45:45,533][flwr][INFO] - [ROUND 10]
[2024-12-30 23:45:45,537][flwr][INFO] - configure_fit: strategy sampled 2 clients (out of 10)
[2024-12-30 23:45:54,553][flwr][INFO] - aggregate_fit: received 2 results and 0 failures
[2024-12-30 23:45:57,668][flwr][INFO] - fit progress: (10, 3.3048129092921954, {'accuracy': 0.9878}, 128.51237003500137)
[2024-12-30 23:45:57,668][flwr][INFO] - configure_evaluate: strategy sampled 2 clients (out of 10)
[2024-12-30 23:45:58,066][flwr][INFO] - aggregate_evaluate: received 2 results and 0 failures
[2024-12-30 23:45:58,066][flwr][INFO] - 
[2024-12-30 23:45:58,066][flwr][INFO] - [SUMMARY]
[2024-12-30 23:45:58,066][flwr][INFO] - Run finished 10 round(s) in 128.91s
[2024-12-30 23:45:58,067][flwr][INFO] - 	History (loss, distributed):
[2024-12-30 23:45:58,067][flwr][INFO] - 		round 1: 10.157126858830452
[2024-12-30 23:45:58,067][flwr][INFO] - 		round 2: 1.850944111123681
[2024-12-30 23:45:58,067][flwr][INFO] - 		round 3: 1.126432852819562
[2024-12-30 23:45:58,067][flwr][INFO] - 		round 4: 1.1427149639930576
[2024-12-30 23:45:58,067][flwr][INFO] - 		round 5: 0.8348700058704708
[2024-12-30 23:45:58,067][flwr][INFO] - 		round 6: 0.8454210146155674
[2024-12-30 23:45:58,067][flwr][INFO] - 		round 7: 1.1816160912858322
[2024-12-30 23:45:58,067][flwr][INFO] - 		round 8: 1.2565720751299523
[2024-12-30 23:45:58,067][flwr][INFO] - 		round 9: 1.3869431844832434
[2024-12-30 23:45:58,067][flwr][INFO] - 		round 10: 0.9181215257776785
[2024-12-30 23:45:58,068][flwr][INFO] - 	History (loss, centralized):
[2024-12-30 23:45:58,068][flwr][INFO] - 		round 0: 181.84817218780518
[2024-12-30 23:45:58,068][flwr][INFO] - 		round 1: 39.88457217812538
[2024-12-30 23:45:58,068][flwr][INFO] - 		round 2: 6.354137576650828
[2024-12-30 23:45:58,068][flwr][INFO] - 		round 3: 4.5028049850370735
[2024-12-30 23:45:58,068][flwr][INFO] - 		round 4: 3.950066295597935
[2024-12-30 23:45:58,068][flwr][INFO] - 		round 5: 3.6809701435267925
[2024-12-30 23:45:58,068][flwr][INFO] - 		round 6: 3.479472758619522
[2024-12-30 23:45:58,068][flwr][INFO] - 		round 7: 3.442751614304143
[2024-12-30 23:45:58,068][flwr][INFO] - 		round 8: 3.4336923333103186
[2024-12-30 23:45:58,068][flwr][INFO] - 		round 9: 3.483895658962865
[2024-12-30 23:45:58,068][flwr][INFO] - 		round 10: 3.3048129092921954
[2024-12-30 23:45:58,069][flwr][INFO] - 	History (metrics, centralized):
[2024-12-30 23:45:58,069][flwr][INFO] - 	{'accuracy': [(0, 0.1071),
[2024-12-30 23:45:58,069][flwr][INFO] - 	              (1, 0.962),
[2024-12-30 23:45:58,069][flwr][INFO] - 	              (2, 0.9791),
[2024-12-30 23:45:58,069][flwr][INFO] - 	              (3, 0.9833),
[2024-12-30 23:45:58,069][flwr][INFO] - 	              (4, 0.9843),
[2024-12-30 23:45:58,069][flwr][INFO] - 	              (5, 0.9854),
[2024-12-30 23:45:58,069][flwr][INFO] - 	              (6, 0.9869),
[2024-12-30 23:45:58,069][flwr][INFO] - 	              (7, 0.9866),
[2024-12-30 23:45:58,069][flwr][INFO] - 	              (8, 0.9867),
[2024-12-30 23:45:58,069][flwr][INFO] - 	              (9, 0.9866),
[2024-12-30 23:45:58,069][flwr][INFO] - 	              (10, 0.9878)]}
[2024-12-30 23:45:58,070][flwr][INFO] - 
