[2025-01-07 21:11:57,761][flwr][INFO] - Starting Flower simulation, config: num_rounds=15, no round_timeout
[2025-01-07 21:12:01,180][flwr][INFO] - Flower VCE: Ray initialized with resources: {'memory': 6259472795.0, 'object_store_memory': 3129736396.0, 'node:__internal_head__': 1.0, 'CPU': 12.0, 'node:192.168.1.11': 1.0}
[2025-01-07 21:12:01,180][flwr][INFO] - Optimize your simulation with Flower VCE: https://flower.ai/docs/framework/how-to-run-simulations.html
[2025-01-07 21:12:01,180][flwr][INFO] - Flower VCE: Resources for each Virtual Client: {'num_cpus': 2, 'num_gpus': 0}
[2025-01-07 21:12:01,191][flwr][INFO] - Flower VCE: Creating VirtualClientEngineActorPool with 6 actors
[2025-01-07 21:12:01,191][flwr][INFO] - [INIT]
[2025-01-07 21:12:01,192][flwr][INFO] - Requesting initial parameters from one random client
[2025-01-07 21:12:03,984][flwr][INFO] - Received initial parameters from one random client
[2025-01-07 21:12:03,984][flwr][INFO] - Starting evaluation of initial global parameters
[2025-01-07 21:12:05,162][flwr][INFO] - initial parameters (loss, other metrics): 182.6044144630432, {'accuracy': 0.0931}
[2025-01-07 21:12:05,162][flwr][INFO] - 
[2025-01-07 21:12:05,162][flwr][INFO] - [ROUND 1]
[2025-01-07 21:12:05,163][flwr][INFO] - configure_fit: strategy sampled 2 clients (out of 5)
[2025-01-07 21:12:23,647][flwr][INFO] - aggregate_fit: received 2 results and 0 failures
[2025-01-07 21:12:23,652][flwr][WARNING] - No fit_metrics_aggregation_fn provided
[2025-01-07 21:12:24,781][flwr][INFO] - fit progress: (1, 4.962005989800673, {'accuracy': 0.9793}, 19.6181811580027)
[2025-01-07 21:12:24,781][flwr][INFO] - configure_evaluate: strategy sampled 5 clients (out of 5)
[2025-01-07 21:12:28,781][flwr][INFO] - aggregate_evaluate: received 5 results and 0 failures
[2025-01-07 21:12:28,781][flwr][WARNING] - No evaluate_metrics_aggregation_fn provided
[2025-01-07 21:12:28,781][flwr][INFO] - 
[2025-01-07 21:12:28,781][flwr][INFO] - [ROUND 2]
[2025-01-07 21:12:28,781][flwr][INFO] - configure_fit: strategy sampled 2 clients (out of 5)
[2025-01-07 21:12:44,983][flwr][INFO] - aggregate_fit: received 2 results and 0 failures
[2025-01-07 21:12:46,234][flwr][INFO] - fit progress: (2, 3.4388990129773447, {'accuracy': 0.9861}, 41.07123011600197)
[2025-01-07 21:12:46,234][flwr][INFO] - configure_evaluate: strategy sampled 5 clients (out of 5)
[2025-01-07 21:12:47,244][flwr][INFO] - aggregate_evaluate: received 5 results and 0 failures
[2025-01-07 21:12:47,244][flwr][INFO] - 
[2025-01-07 21:12:47,244][flwr][INFO] - [ROUND 3]
[2025-01-07 21:12:47,245][flwr][INFO] - configure_fit: strategy sampled 2 clients (out of 5)
[2025-01-07 21:13:03,317][flwr][INFO] - aggregate_fit: received 2 results and 0 failures
[2025-01-07 21:13:05,037][flwr][INFO] - fit progress: (3, 3.467196098153181, {'accuracy': 0.9875}, 59.87475863200234)
[2025-01-07 21:13:05,037][flwr][INFO] - configure_evaluate: strategy sampled 5 clients (out of 5)
[2025-01-07 21:13:05,972][flwr][INFO] - aggregate_evaluate: received 5 results and 0 failures
[2025-01-07 21:13:05,973][flwr][INFO] - 
[2025-01-07 21:13:05,973][flwr][INFO] - [ROUND 4]
[2025-01-07 21:13:05,973][flwr][INFO] - configure_fit: strategy sampled 2 clients (out of 5)
[2025-01-07 21:13:22,264][flwr][INFO] - aggregate_fit: received 2 results and 0 failures
[2025-01-07 21:13:23,489][flwr][INFO] - fit progress: (4, 3.1934790548141905, {'accuracy': 0.9884}, 78.32668085199839)
[2025-01-07 21:13:23,489][flwr][INFO] - configure_evaluate: strategy sampled 5 clients (out of 5)
[2025-01-07 21:13:24,465][flwr][INFO] - aggregate_evaluate: received 5 results and 0 failures
[2025-01-07 21:13:24,465][flwr][INFO] - 
[2025-01-07 21:13:24,466][flwr][INFO] - [ROUND 5]
[2025-01-07 21:13:24,466][flwr][INFO] - configure_fit: strategy sampled 2 clients (out of 5)
[2025-01-07 21:13:40,544][flwr][INFO] - aggregate_fit: received 2 results and 0 failures
[2025-01-07 21:13:42,199][flwr][INFO] - fit progress: (5, 3.4859973916667393, {'accuracy': 0.9897}, 97.03697520000424)
[2025-01-07 21:13:42,200][flwr][INFO] - configure_evaluate: strategy sampled 5 clients (out of 5)
[2025-01-07 21:13:43,228][flwr][INFO] - aggregate_evaluate: received 5 results and 0 failures
[2025-01-07 21:13:43,229][flwr][INFO] - 
[2025-01-07 21:13:43,229][flwr][INFO] - [ROUND 6]
[2025-01-07 21:13:43,229][flwr][INFO] - configure_fit: strategy sampled 2 clients (out of 5)
[2025-01-07 21:13:59,115][flwr][INFO] - aggregate_fit: received 2 results and 0 failures
[2025-01-07 21:14:00,753][flwr][INFO] - fit progress: (6, 2.799939865475835, {'accuracy': 0.9902}, 115.59025697600009)
[2025-01-07 21:14:00,753][flwr][INFO] - configure_evaluate: strategy sampled 5 clients (out of 5)
[2025-01-07 21:14:01,714][flwr][INFO] - aggregate_evaluate: received 5 results and 0 failures
[2025-01-07 21:14:01,714][flwr][INFO] - 
[2025-01-07 21:14:01,714][flwr][INFO] - [ROUND 7]
[2025-01-07 21:14:01,715][flwr][INFO] - configure_fit: strategy sampled 2 clients (out of 5)
[2025-01-07 21:14:17,615][flwr][INFO] - aggregate_fit: received 2 results and 0 failures
[2025-01-07 21:14:19,219][flwr][INFO] - fit progress: (7, 2.8861968688539434, {'accuracy': 0.9899}, 134.05634322400147)
[2025-01-07 21:14:19,219][flwr][INFO] - configure_evaluate: strategy sampled 5 clients (out of 5)
[2025-01-07 21:14:20,198][flwr][INFO] - aggregate_evaluate: received 5 results and 0 failures
[2025-01-07 21:14:20,198][flwr][INFO] - 
[2025-01-07 21:14:20,198][flwr][INFO] - [ROUND 8]
[2025-01-07 21:14:20,199][flwr][INFO] - configure_fit: strategy sampled 2 clients (out of 5)
[2025-01-07 21:14:36,273][flwr][INFO] - aggregate_fit: received 2 results and 0 failures
[2025-01-07 21:14:37,545][flwr][INFO] - fit progress: (8, 2.7663750703014287, {'accuracy': 0.9909}, 152.38240968299942)
[2025-01-07 21:14:37,545][flwr][INFO] - configure_evaluate: strategy sampled 5 clients (out of 5)
[2025-01-07 21:14:38,519][flwr][INFO] - aggregate_evaluate: received 5 results and 0 failures
[2025-01-07 21:14:38,519][flwr][INFO] - 
[2025-01-07 21:14:38,519][flwr][INFO] - [ROUND 9]
[2025-01-07 21:14:38,519][flwr][INFO] - configure_fit: strategy sampled 2 clients (out of 5)
[2025-01-07 21:14:54,529][flwr][INFO] - aggregate_fit: received 2 results and 0 failures
[2025-01-07 21:14:55,782][flwr][INFO] - fit progress: (9, 2.9582121673352253, {'accuracy': 0.9909}, 170.62009666299855)
[2025-01-07 21:14:55,783][flwr][INFO] - configure_evaluate: strategy sampled 5 clients (out of 5)
[2025-01-07 21:14:56,749][flwr][INFO] - aggregate_evaluate: received 5 results and 0 failures
[2025-01-07 21:14:56,749][flwr][INFO] - 
[2025-01-07 21:14:56,750][flwr][INFO] - [ROUND 10]
[2025-01-07 21:14:56,750][flwr][INFO] - configure_fit: strategy sampled 2 clients (out of 5)
[2025-01-07 21:15:12,725][flwr][INFO] - aggregate_fit: received 2 results and 0 failures
[2025-01-07 21:15:14,093][flwr][INFO] - fit progress: (10, 2.762772177386661, {'accuracy': 0.9917}, 188.93075657499867)
[2025-01-07 21:15:14,093][flwr][INFO] - configure_evaluate: strategy sampled 5 clients (out of 5)
[2025-01-07 21:15:15,062][flwr][INFO] - aggregate_evaluate: received 5 results and 0 failures
[2025-01-07 21:15:15,062][flwr][INFO] - 
[2025-01-07 21:15:15,062][flwr][INFO] - [ROUND 11]
[2025-01-07 21:15:15,062][flwr][INFO] - configure_fit: strategy sampled 2 clients (out of 5)
[2025-01-07 21:15:30,984][flwr][INFO] - aggregate_fit: received 2 results and 0 failures
[2025-01-07 21:15:32,383][flwr][INFO] - fit progress: (11, 3.021783055516039, {'accuracy': 0.9912}, 207.22116637800355)
[2025-01-07 21:15:32,384][flwr][INFO] - configure_evaluate: strategy sampled 5 clients (out of 5)
[2025-01-07 21:15:33,346][flwr][INFO] - aggregate_evaluate: received 5 results and 0 failures
[2025-01-07 21:15:33,346][flwr][INFO] - 
[2025-01-07 21:15:33,346][flwr][INFO] - [ROUND 12]
[2025-01-07 21:15:33,346][flwr][INFO] - configure_fit: strategy sampled 2 clients (out of 5)
[2025-01-07 21:15:49,422][flwr][INFO] - aggregate_fit: received 2 results and 0 failures
[2025-01-07 21:15:50,807][flwr][INFO] - fit progress: (12, 3.0266428387200772, {'accuracy': 0.9914}, 225.644819576999)
[2025-01-07 21:15:50,807][flwr][INFO] - configure_evaluate: strategy sampled 5 clients (out of 5)
[2025-01-07 21:15:51,788][flwr][INFO] - aggregate_evaluate: received 5 results and 0 failures
[2025-01-07 21:15:51,788][flwr][INFO] - 
[2025-01-07 21:15:51,788][flwr][INFO] - [ROUND 13]
[2025-01-07 21:15:51,788][flwr][INFO] - configure_fit: strategy sampled 2 clients (out of 5)
[2025-01-07 21:16:07,885][flwr][INFO] - aggregate_fit: received 2 results and 0 failures
[2025-01-07 21:16:09,287][flwr][INFO] - fit progress: (13, 3.02513211986592, {'accuracy': 0.9913}, 244.12474389099953)
[2025-01-07 21:16:09,287][flwr][INFO] - configure_evaluate: strategy sampled 5 clients (out of 5)
[2025-01-07 21:16:10,214][flwr][INFO] - aggregate_evaluate: received 5 results and 0 failures
[2025-01-07 21:16:10,214][flwr][INFO] - 
[2025-01-07 21:16:10,215][flwr][INFO] - [ROUND 14]
[2025-01-07 21:16:10,215][flwr][INFO] - configure_fit: strategy sampled 2 clients (out of 5)
[2025-01-07 21:16:26,159][flwr][INFO] - aggregate_fit: received 2 results and 0 failures
[2025-01-07 21:16:27,743][flwr][INFO] - fit progress: (14, 3.2680029477838524, {'accuracy': 0.9909}, 262.5804525659987)
[2025-01-07 21:16:27,743][flwr][INFO] - configure_evaluate: strategy sampled 5 clients (out of 5)
[2025-01-07 21:16:28,712][flwr][INFO] - aggregate_evaluate: received 5 results and 0 failures
[2025-01-07 21:16:28,712][flwr][INFO] - 
[2025-01-07 21:16:28,713][flwr][INFO] - [ROUND 15]
[2025-01-07 21:16:28,713][flwr][INFO] - configure_fit: strategy sampled 2 clients (out of 5)
[2025-01-07 21:16:45,080][flwr][INFO] - aggregate_fit: received 2 results and 0 failures
[2025-01-07 21:16:46,445][flwr][INFO] - fit progress: (15, 3.2196603909155908, {'accuracy': 0.9914}, 281.28308048000326)
[2025-01-07 21:16:46,446][flwr][INFO] - configure_evaluate: strategy sampled 5 clients (out of 5)
[2025-01-07 21:16:47,438][flwr][INFO] - aggregate_evaluate: received 5 results and 0 failures
[2025-01-07 21:16:47,438][flwr][INFO] - 
[2025-01-07 21:16:47,438][flwr][INFO] - [SUMMARY]
[2025-01-07 21:16:47,438][flwr][INFO] - Run finished 15 round(s) in 282.28s
[2025-01-07 21:16:47,438][flwr][INFO] - 	History (loss, distributed):
[2025-01-07 21:16:47,439][flwr][INFO] - 		round 1: 2.8086239464115352
[2025-01-07 21:16:47,439][flwr][INFO] - 		round 2: 2.132227337474615
[2025-01-07 21:16:47,439][flwr][INFO] - 		round 3: 2.2105687183488043
[2025-01-07 21:16:47,439][flwr][INFO] - 		round 4: 1.7640615203248218
[2025-01-07 21:16:47,439][flwr][INFO] - 		round 5: 2.158513105344775
[2025-01-07 21:16:47,439][flwr][INFO] - 		round 6: 2.009931347204764
[2025-01-07 21:16:47,439][flwr][INFO] - 		round 7: 1.793510740579771
[2025-01-07 21:16:47,439][flwr][INFO] - 		round 8: 1.7339782609117378
[2025-01-07 21:16:47,439][flwr][INFO] - 		round 9: 1.6127592981933958
[2025-01-07 21:16:47,439][flwr][INFO] - 		round 10: 1.5297830017058216
[2025-01-07 21:16:47,439][flwr][INFO] - 		round 11: 1.4392050346170948
[2025-01-07 21:16:47,439][flwr][INFO] - 		round 12: 1.4052966615057028
[2025-01-07 21:16:47,439][flwr][INFO] - 		round 13: 1.536928750651284
[2025-01-07 21:16:47,439][flwr][INFO] - 		round 14: 1.8355100725664102
[2025-01-07 21:16:47,439][flwr][INFO] - 		round 15: 1.7422348747165044
[2025-01-07 21:16:47,439][flwr][INFO] - 	History (loss, centralized):
[2025-01-07 21:16:47,439][flwr][INFO] - 		round 0: 182.6044144630432
[2025-01-07 21:16:47,439][flwr][INFO] - 		round 1: 4.962005989800673
[2025-01-07 21:16:47,440][flwr][INFO] - 		round 2: 3.4388990129773447
[2025-01-07 21:16:47,440][flwr][INFO] - 		round 3: 3.467196098153181
[2025-01-07 21:16:47,440][flwr][INFO] - 		round 4: 3.1934790548141905
[2025-01-07 21:16:47,440][flwr][INFO] - 		round 5: 3.4859973916667393
[2025-01-07 21:16:47,440][flwr][INFO] - 		round 6: 2.799939865475835
[2025-01-07 21:16:47,440][flwr][INFO] - 		round 7: 2.8861968688539434
[2025-01-07 21:16:47,440][flwr][INFO] - 		round 8: 2.7663750703014287
[2025-01-07 21:16:47,440][flwr][INFO] - 		round 9: 2.9582121673352253
[2025-01-07 21:16:47,440][flwr][INFO] - 		round 10: 2.762772177386661
[2025-01-07 21:16:47,440][flwr][INFO] - 		round 11: 3.021783055516039
[2025-01-07 21:16:47,440][flwr][INFO] - 		round 12: 3.0266428387200772
[2025-01-07 21:16:47,440][flwr][INFO] - 		round 13: 3.02513211986592
[2025-01-07 21:16:47,440][flwr][INFO] - 		round 14: 3.2680029477838524
[2025-01-07 21:16:47,440][flwr][INFO] - 		round 15: 3.2196603909155908
[2025-01-07 21:16:47,440][flwr][INFO] - 	History (metrics, centralized):
[2025-01-07 21:16:47,440][flwr][INFO] - 	{'accuracy': [(0, 0.0931),
[2025-01-07 21:16:47,440][flwr][INFO] - 	              (1, 0.9793),
[2025-01-07 21:16:47,440][flwr][INFO] - 	              (2, 0.9861),
[2025-01-07 21:16:47,440][flwr][INFO] - 	              (3, 0.9875),
[2025-01-07 21:16:47,440][flwr][INFO] - 	              (4, 0.9884),
[2025-01-07 21:16:47,441][flwr][INFO] - 	              (5, 0.9897),
[2025-01-07 21:16:47,441][flwr][INFO] - 	              (6, 0.9902),
[2025-01-07 21:16:47,441][flwr][INFO] - 	              (7, 0.9899),
[2025-01-07 21:16:47,441][flwr][INFO] - 	              (8, 0.9909),
[2025-01-07 21:16:47,441][flwr][INFO] - 	              (9, 0.9909),
[2025-01-07 21:16:47,441][flwr][INFO] - 	              (10, 0.9917),
[2025-01-07 21:16:47,441][flwr][INFO] - 	              (11, 0.9912),
[2025-01-07 21:16:47,441][flwr][INFO] - 	              (12, 0.9914),
[2025-01-07 21:16:47,441][flwr][INFO] - 	              (13, 0.9913),
[2025-01-07 21:16:47,441][flwr][INFO] - 	              (14, 0.9909),
[2025-01-07 21:16:47,441][flwr][INFO] - 	              (15, 0.9914)]}
[2025-01-07 21:16:47,441][flwr][INFO] - 
