[2025-01-07 21:03:58,372][flwr][INFO] - Starting Flower simulation, config: num_rounds=15, no round_timeout
[2025-01-07 21:04:01,942][flwr][INFO] - Flower VCE: Ray initialized with resources: {'memory': 6335247975.0, 'object_store_memory': 3167623987.0, 'node:192.168.1.11': 1.0, 'CPU': 12.0, 'node:__internal_head__': 1.0}
[2025-01-07 21:04:01,943][flwr][INFO] - Optimize your simulation with Flower VCE: https://flower.ai/docs/framework/how-to-run-simulations.html
[2025-01-07 21:04:01,943][flwr][INFO] - Flower VCE: Resources for each Virtual Client: {'num_cpus': 2, 'num_gpus': 0}
[2025-01-07 21:04:01,953][flwr][INFO] - Flower VCE: Creating VirtualClientEngineActorPool with 6 actors
[2025-01-07 21:04:01,954][flwr][INFO] - [INIT]
[2025-01-07 21:04:01,954][flwr][INFO] - Requesting initial parameters from one random client
[2025-01-07 21:04:04,725][flwr][INFO] - Received initial parameters from one random client
[2025-01-07 21:04:04,725][flwr][INFO] - Starting evaluation of initial global parameters
[2025-01-07 21:04:05,812][flwr][INFO] - initial parameters (loss, other metrics): 182.07750248908997, {'accuracy': 0.0779}
[2025-01-07 21:04:05,812][flwr][INFO] - 
[2025-01-07 21:04:05,812][flwr][INFO] - [ROUND 1]
[2025-01-07 21:04:05,812][flwr][INFO] - configure_fit: strategy sampled 2 clients (out of 5)
[2025-01-07 21:04:25,316][flwr][INFO] - aggregate_fit: received 2 results and 0 failures
[2025-01-07 21:04:25,320][flwr][WARNING] - No fit_metrics_aggregation_fn provided
[2025-01-07 21:04:26,394][flwr][INFO] - fit progress: (1, 190.26230549812317, {'accuracy': 0.0968}, 20.58224196199444)
[2025-01-07 21:04:26,394][flwr][INFO] - configure_evaluate: strategy sampled 3 clients (out of 5)
[2025-01-07 21:04:28,849][flwr][INFO] - aggregate_evaluate: received 3 results and 0 failures
[2025-01-07 21:04:28,849][flwr][WARNING] - No evaluate_metrics_aggregation_fn provided
[2025-01-07 21:04:28,850][flwr][INFO] - 
[2025-01-07 21:04:28,850][flwr][INFO] - [ROUND 2]
[2025-01-07 21:04:28,850][flwr][INFO] - configure_fit: strategy sampled 2 clients (out of 5)
[2025-01-07 21:04:45,308][flwr][INFO] - aggregate_fit: received 2 results and 0 failures
[2025-01-07 21:04:46,832][flwr][INFO] - fit progress: (2, 191.08715057373047, {'accuracy': 0.1025}, 41.0199990359979)
[2025-01-07 21:04:46,832][flwr][INFO] - configure_evaluate: strategy sampled 3 clients (out of 5)
[2025-01-07 21:04:47,469][flwr][INFO] - aggregate_evaluate: received 3 results and 0 failures
[2025-01-07 21:04:47,469][flwr][INFO] - 
[2025-01-07 21:04:47,469][flwr][INFO] - [ROUND 3]
[2025-01-07 21:04:47,469][flwr][INFO] - configure_fit: strategy sampled 2 clients (out of 5)
[2025-01-07 21:05:03,230][flwr][INFO] - aggregate_fit: received 2 results and 0 failures
[2025-01-07 21:05:04,554][flwr][INFO] - fit progress: (3, 182.04072904586792, {'accuracy': 0.0958}, 58.74191892599629)
[2025-01-07 21:05:04,554][flwr][INFO] - configure_evaluate: strategy sampled 3 clients (out of 5)
[2025-01-07 21:05:05,176][flwr][INFO] - aggregate_evaluate: received 3 results and 0 failures
[2025-01-07 21:05:05,176][flwr][INFO] - 
[2025-01-07 21:05:05,176][flwr][INFO] - [ROUND 4]
[2025-01-07 21:05:05,177][flwr][INFO] - configure_fit: strategy sampled 2 clients (out of 5)
[2025-01-07 21:05:21,255][flwr][INFO] - aggregate_fit: received 2 results and 0 failures
[2025-01-07 21:05:22,538][flwr][INFO] - fit progress: (4, 181.95572757720947, {'accuracy': 0.1028}, 76.72664381799405)
[2025-01-07 21:05:22,539][flwr][INFO] - configure_evaluate: strategy sampled 3 clients (out of 5)
[2025-01-07 21:05:23,207][flwr][INFO] - aggregate_evaluate: received 3 results and 0 failures
[2025-01-07 21:05:23,207][flwr][INFO] - 
[2025-01-07 21:05:23,207][flwr][INFO] - [ROUND 5]
[2025-01-07 21:05:23,208][flwr][INFO] - configure_fit: strategy sampled 2 clients (out of 5)
[2025-01-07 21:05:38,890][flwr][INFO] - aggregate_fit: received 2 results and 0 failures
[2025-01-07 21:05:40,106][flwr][INFO] - fit progress: (5, 181.96686458587646, {'accuracy': 0.0974}, 94.29378199499479)
[2025-01-07 21:05:40,106][flwr][INFO] - configure_evaluate: strategy sampled 3 clients (out of 5)
[2025-01-07 21:05:40,750][flwr][INFO] - aggregate_evaluate: received 3 results and 0 failures
[2025-01-07 21:05:40,750][flwr][INFO] - 
[2025-01-07 21:05:40,750][flwr][INFO] - [ROUND 6]
[2025-01-07 21:05:40,750][flwr][INFO] - configure_fit: strategy sampled 2 clients (out of 5)
[2025-01-07 21:05:56,449][flwr][INFO] - aggregate_fit: received 2 results and 0 failures
[2025-01-07 21:05:57,666][flwr][INFO] - fit progress: (6, 181.90850710868835, {'accuracy': 0.101}, 111.85401556899888)
[2025-01-07 21:05:57,666][flwr][INFO] - configure_evaluate: strategy sampled 3 clients (out of 5)
[2025-01-07 21:05:58,297][flwr][INFO] - aggregate_evaluate: received 3 results and 0 failures
[2025-01-07 21:05:58,298][flwr][INFO] - 
[2025-01-07 21:05:58,298][flwr][INFO] - [ROUND 7]
[2025-01-07 21:05:58,298][flwr][INFO] - configure_fit: strategy sampled 2 clients (out of 5)
[2025-01-07 21:06:14,100][flwr][INFO] - aggregate_fit: received 2 results and 0 failures
[2025-01-07 21:06:15,514][flwr][INFO] - fit progress: (7, 181.91150975227356, {'accuracy': 0.1135}, 129.70203647000017)
[2025-01-07 21:06:15,514][flwr][INFO] - configure_evaluate: strategy sampled 3 clients (out of 5)
[2025-01-07 21:06:16,135][flwr][INFO] - aggregate_evaluate: received 3 results and 0 failures
[2025-01-07 21:06:16,135][flwr][INFO] - 
[2025-01-07 21:06:16,135][flwr][INFO] - [ROUND 8]
[2025-01-07 21:06:16,135][flwr][INFO] - configure_fit: strategy sampled 2 clients (out of 5)
[2025-01-07 21:06:32,025][flwr][INFO] - aggregate_fit: received 2 results and 0 failures
[2025-01-07 21:06:33,609][flwr][INFO] - fit progress: (8, 181.98860335350037, {'accuracy': 0.1028}, 147.79676608599402)
[2025-01-07 21:06:33,609][flwr][INFO] - configure_evaluate: strategy sampled 3 clients (out of 5)
[2025-01-07 21:06:34,185][flwr][INFO] - aggregate_evaluate: received 3 results and 0 failures
[2025-01-07 21:06:34,185][flwr][INFO] - 
[2025-01-07 21:06:34,185][flwr][INFO] - [ROUND 9]
[2025-01-07 21:06:34,185][flwr][INFO] - configure_fit: strategy sampled 2 clients (out of 5)
[2025-01-07 21:06:50,074][flwr][INFO] - aggregate_fit: received 2 results and 0 failures
[2025-01-07 21:06:51,638][flwr][INFO] - fit progress: (9, 182.09957265853882, {'accuracy': 0.0974}, 165.825677144996)
[2025-01-07 21:06:51,638][flwr][INFO] - configure_evaluate: strategy sampled 3 clients (out of 5)
[2025-01-07 21:06:52,282][flwr][INFO] - aggregate_evaluate: received 3 results and 0 failures
[2025-01-07 21:06:52,282][flwr][INFO] - 
[2025-01-07 21:06:52,282][flwr][INFO] - [ROUND 10]
[2025-01-07 21:06:52,282][flwr][INFO] - configure_fit: strategy sampled 2 clients (out of 5)
[2025-01-07 21:07:08,618][flwr][INFO] - aggregate_fit: received 2 results and 0 failures
[2025-01-07 21:07:10,022][flwr][INFO] - fit progress: (10, 182.474027633667, {'accuracy': 0.098}, 184.209713283999)
[2025-01-07 21:07:10,022][flwr][INFO] - configure_evaluate: strategy sampled 3 clients (out of 5)
[2025-01-07 21:07:10,704][flwr][INFO] - aggregate_evaluate: received 3 results and 0 failures
[2025-01-07 21:07:10,704][flwr][INFO] - 
[2025-01-07 21:07:10,705][flwr][INFO] - [ROUND 11]
[2025-01-07 21:07:10,705][flwr][INFO] - configure_fit: strategy sampled 2 clients (out of 5)
[2025-01-07 21:07:26,837][flwr][INFO] - aggregate_fit: received 2 results and 0 failures
[2025-01-07 21:07:28,401][flwr][INFO] - fit progress: (11, 181.92636108398438, {'accuracy': 0.1135}, 202.5892143279998)
[2025-01-07 21:07:28,401][flwr][INFO] - configure_evaluate: strategy sampled 3 clients (out of 5)
[2025-01-07 21:07:29,043][flwr][INFO] - aggregate_evaluate: received 3 results and 0 failures
[2025-01-07 21:07:29,043][flwr][INFO] - 
[2025-01-07 21:07:29,044][flwr][INFO] - [ROUND 12]
[2025-01-07 21:07:29,044][flwr][INFO] - configure_fit: strategy sampled 2 clients (out of 5)
[2025-01-07 21:07:44,690][flwr][INFO] - aggregate_fit: received 2 results and 0 failures
[2025-01-07 21:07:46,362][flwr][INFO] - fit progress: (12, 182.09078979492188, {'accuracy': 0.1028}, 220.55052878399874)
[2025-01-07 21:07:46,363][flwr][INFO] - configure_evaluate: strategy sampled 3 clients (out of 5)
[2025-01-07 21:07:46,971][flwr][INFO] - aggregate_evaluate: received 3 results and 0 failures
[2025-01-07 21:07:46,971][flwr][INFO] - 
[2025-01-07 21:07:46,971][flwr][INFO] - [ROUND 13]
[2025-01-07 21:07:46,972][flwr][INFO] - configure_fit: strategy sampled 2 clients (out of 5)
[2025-01-07 21:08:02,588][flwr][INFO] - aggregate_fit: received 2 results and 0 failures
[2025-01-07 21:08:04,095][flwr][INFO] - fit progress: (13, 181.96045303344727, {'accuracy': 0.1135}, 238.2836366449992)
[2025-01-07 21:08:04,096][flwr][INFO] - configure_evaluate: strategy sampled 3 clients (out of 5)
[2025-01-07 21:08:04,687][flwr][INFO] - aggregate_evaluate: received 3 results and 0 failures
[2025-01-07 21:08:04,687][flwr][INFO] - 
[2025-01-07 21:08:04,688][flwr][INFO] - [ROUND 14]
[2025-01-07 21:08:04,688][flwr][INFO] - configure_fit: strategy sampled 2 clients (out of 5)
[2025-01-07 21:08:20,560][flwr][INFO] - aggregate_fit: received 2 results and 0 failures
[2025-01-07 21:08:22,237][flwr][INFO] - fit progress: (14, 182.0050585269928, {'accuracy': 0.1135}, 256.42478967299394)
[2025-01-07 21:08:22,237][flwr][INFO] - configure_evaluate: strategy sampled 3 clients (out of 5)
[2025-01-07 21:08:22,847][flwr][INFO] - aggregate_evaluate: received 3 results and 0 failures
[2025-01-07 21:08:22,847][flwr][INFO] - 
[2025-01-07 21:08:22,847][flwr][INFO] - [ROUND 15]
[2025-01-07 21:08:22,847][flwr][INFO] - configure_fit: strategy sampled 2 clients (out of 5)
[2025-01-07 21:08:38,795][flwr][INFO] - aggregate_fit: received 2 results and 0 failures
[2025-01-07 21:08:40,188][flwr][INFO] - fit progress: (15, 182.1740403175354, {'accuracy': 0.101}, 274.37603699899773)
[2025-01-07 21:08:40,188][flwr][INFO] - configure_evaluate: strategy sampled 3 clients (out of 5)
[2025-01-07 21:08:40,784][flwr][INFO] - aggregate_evaluate: received 3 results and 0 failures
[2025-01-07 21:08:40,784][flwr][INFO] - 
[2025-01-07 21:08:40,784][flwr][INFO] - [SUMMARY]
[2025-01-07 21:08:40,784][flwr][INFO] - Run finished 15 round(s) in 274.97s
[2025-01-07 21:08:40,784][flwr][INFO] - 	History (loss, distributed):
[2025-01-07 21:08:40,784][flwr][INFO] - 		round 1: 91.28256622950236
[2025-01-07 21:08:40,784][flwr][INFO] - 		round 2: 91.23390332857768
[2025-01-07 21:08:40,784][flwr][INFO] - 		round 3: 87.573171377182
[2025-01-07 21:08:40,785][flwr][INFO] - 		round 4: 87.53493666648865
[2025-01-07 21:08:40,785][flwr][INFO] - 		round 5: 87.48534123102824
[2025-01-07 21:08:40,785][flwr][INFO] - 		round 6: 87.58136296272278
[2025-01-07 21:08:40,785][flwr][INFO] - 		round 7: 87.44834629694621
[2025-01-07 21:08:40,785][flwr][INFO] - 		round 8: 87.53444759051006
[2025-01-07 21:08:40,785][flwr][INFO] - 		round 9: 87.63563410441081
[2025-01-07 21:08:40,785][flwr][INFO] - 		round 10: 87.77517374356587
[2025-01-07 21:08:40,785][flwr][INFO] - 		round 11: 87.51820055643718
[2025-01-07 21:08:40,785][flwr][INFO] - 		round 12: 87.6424544652303
[2025-01-07 21:08:40,785][flwr][INFO] - 		round 13: 87.57779216766357
[2025-01-07 21:08:40,785][flwr][INFO] - 		round 14: 87.60674635569255
[2025-01-07 21:08:40,785][flwr][INFO] - 		round 15: 87.76602760950725
[2025-01-07 21:08:40,785][flwr][INFO] - 	History (loss, centralized):
[2025-01-07 21:08:40,785][flwr][INFO] - 		round 0: 182.07750248908997
[2025-01-07 21:08:40,785][flwr][INFO] - 		round 1: 190.26230549812317
[2025-01-07 21:08:40,785][flwr][INFO] - 		round 2: 191.08715057373047
[2025-01-07 21:08:40,785][flwr][INFO] - 		round 3: 182.04072904586792
[2025-01-07 21:08:40,785][flwr][INFO] - 		round 4: 181.95572757720947
[2025-01-07 21:08:40,785][flwr][INFO] - 		round 5: 181.96686458587646
[2025-01-07 21:08:40,785][flwr][INFO] - 		round 6: 181.90850710868835
[2025-01-07 21:08:40,785][flwr][INFO] - 		round 7: 181.91150975227356
[2025-01-07 21:08:40,785][flwr][INFO] - 		round 8: 181.98860335350037
[2025-01-07 21:08:40,785][flwr][INFO] - 		round 9: 182.09957265853882
[2025-01-07 21:08:40,786][flwr][INFO] - 		round 10: 182.474027633667
[2025-01-07 21:08:40,786][flwr][INFO] - 		round 11: 181.92636108398438
[2025-01-07 21:08:40,786][flwr][INFO] - 		round 12: 182.09078979492188
[2025-01-07 21:08:40,786][flwr][INFO] - 		round 13: 181.96045303344727
[2025-01-07 21:08:40,786][flwr][INFO] - 		round 14: 182.0050585269928
[2025-01-07 21:08:40,786][flwr][INFO] - 		round 15: 182.1740403175354
[2025-01-07 21:08:40,786][flwr][INFO] - 	History (metrics, centralized):
[2025-01-07 21:08:40,786][flwr][INFO] - 	{'accuracy': [(0, 0.0779),
[2025-01-07 21:08:40,786][flwr][INFO] - 	              (1, 0.0968),
[2025-01-07 21:08:40,786][flwr][INFO] - 	              (2, 0.1025),
[2025-01-07 21:08:40,786][flwr][INFO] - 	              (3, 0.0958),
[2025-01-07 21:08:40,786][flwr][INFO] - 	              (4, 0.1028),
[2025-01-07 21:08:40,786][flwr][INFO] - 	              (5, 0.0974),
[2025-01-07 21:08:40,786][flwr][INFO] - 	              (6, 0.101),
[2025-01-07 21:08:40,786][flwr][INFO] - 	              (7, 0.1135),
[2025-01-07 21:08:40,786][flwr][INFO] - 	              (8, 0.1028),
[2025-01-07 21:08:40,786][flwr][INFO] - 	              (9, 0.0974),
[2025-01-07 21:08:40,786][flwr][INFO] - 	              (10, 0.098),
[2025-01-07 21:08:40,786][flwr][INFO] - 	              (11, 0.1135),
[2025-01-07 21:08:40,786][flwr][INFO] - 	              (12, 0.1028),
[2025-01-07 21:08:40,786][flwr][INFO] - 	              (13, 0.1135),
[2025-01-07 21:08:40,786][flwr][INFO] - 	              (14, 0.1135),
[2025-01-07 21:08:40,787][flwr][INFO] - 	              (15, 0.101)]}
[2025-01-07 21:08:40,787][flwr][INFO] - 
