[2025-01-07 12:47:07,670][flwr][INFO] - Starting Flower simulation, config: num_rounds=5, no round_timeout
[2025-01-07 12:47:11,282][flwr][INFO] - Flower VCE: Ray initialized with resources: {'node:192.168.1.11': 1.0, 'CPU': 12.0, 'node:__internal_head__': 1.0, 'memory': 5008394651.0, 'object_store_memory': 2504197324.0}
[2025-01-07 12:47:11,282][flwr][INFO] - Optimize your simulation with Flower VCE: https://flower.ai/docs/framework/how-to-run-simulations.html
[2025-01-07 12:47:11,282][flwr][INFO] - Flower VCE: Resources for each Virtual Client: {'num_cpus': 2, 'num_gpus': 0}
[2025-01-07 12:47:11,298][flwr][INFO] - Flower VCE: Creating VirtualClientEngineActorPool with 6 actors
[2025-01-07 12:47:11,298][flwr][INFO] - [INIT]
[2025-01-07 12:47:11,299][flwr][INFO] - Requesting initial parameters from one random client
[2025-01-07 12:47:13,845][flwr][INFO] - Received initial parameters from one random client
[2025-01-07 12:47:13,845][flwr][INFO] - Starting evaluation of initial global parameters
[2025-01-07 12:47:15,352][flwr][INFO] - initial parameters (loss, other metrics): 182.17392134666443, {'accuracy': 0.0974}
[2025-01-07 12:47:15,352][flwr][INFO] - 
[2025-01-07 12:47:15,352][flwr][INFO] - [ROUND 1]
[2025-01-07 12:47:15,352][flwr][INFO] - configure_fit: strategy sampled 2 clients (out of 5)
[2025-01-07 12:47:36,124][flwr][INFO] - aggregate_fit: received 2 results and 0 failures
[2025-01-07 12:47:36,129][flwr][WARNING] - No fit_metrics_aggregation_fn provided
[2025-01-07 12:47:38,005][flwr][INFO] - fit progress: (1, 190.35652995109558, {'accuracy': 0.1135}, 22.652760266999394)
[2025-01-07 12:47:38,005][flwr][INFO] - configure_evaluate: strategy sampled 2 clients (out of 5)
[2025-01-07 12:47:38,541][flwr][INFO] - aggregate_evaluate: received 2 results and 0 failures
[2025-01-07 12:47:38,542][flwr][WARNING] - No evaluate_metrics_aggregation_fn provided
[2025-01-07 12:47:38,542][flwr][INFO] - 
[2025-01-07 12:47:38,542][flwr][INFO] - [ROUND 2]
[2025-01-07 12:47:38,542][flwr][INFO] - configure_fit: strategy sampled 2 clients (out of 5)
[2025-01-07 12:47:53,551][flwr][INFO] - aggregate_fit: received 2 results and 0 failures
[2025-01-07 12:47:54,996][flwr][INFO] - fit progress: (2, 182.17244148254395, {'accuracy': 0.1135}, 39.64432441399913)
[2025-01-07 12:47:54,997][flwr][INFO] - configure_evaluate: strategy sampled 2 clients (out of 5)
[2025-01-07 12:47:55,623][flwr][INFO] - aggregate_evaluate: received 2 results and 0 failures
[2025-01-07 12:47:55,624][flwr][INFO] - 
[2025-01-07 12:47:55,624][flwr][INFO] - [ROUND 3]
[2025-01-07 12:47:55,624][flwr][INFO] - configure_fit: strategy sampled 2 clients (out of 5)
[2025-01-07 12:48:10,465][flwr][INFO] - aggregate_fit: received 2 results and 0 failures
[2025-01-07 12:48:12,698][flwr][INFO] - fit progress: (3, 182.20373582839966, {'accuracy': 0.1135}, 57.34603794099894)
[2025-01-07 12:48:12,698][flwr][INFO] - configure_evaluate: strategy sampled 2 clients (out of 5)
[2025-01-07 12:48:13,173][flwr][INFO] - aggregate_evaluate: received 2 results and 0 failures
[2025-01-07 12:48:13,173][flwr][INFO] - 
[2025-01-07 12:48:13,174][flwr][INFO] - [ROUND 4]
[2025-01-07 12:48:13,174][flwr][INFO] - configure_fit: strategy sampled 2 clients (out of 5)
[2025-01-07 12:48:28,127][flwr][INFO] - aggregate_fit: received 2 results and 0 failures
[2025-01-07 12:48:29,721][flwr][INFO] - fit progress: (4, 182.13222694396973, {'accuracy': 0.1135}, 74.36916037899937)
[2025-01-07 12:48:29,722][flwr][INFO] - configure_evaluate: strategy sampled 2 clients (out of 5)
[2025-01-07 12:48:30,283][flwr][INFO] - aggregate_evaluate: received 2 results and 0 failures
[2025-01-07 12:48:30,284][flwr][INFO] - 
[2025-01-07 12:48:30,284][flwr][INFO] - [ROUND 5]
[2025-01-07 12:48:30,284][flwr][INFO] - configure_fit: strategy sampled 2 clients (out of 5)
[2025-01-07 12:48:45,404][flwr][INFO] - aggregate_fit: received 2 results and 0 failures
[2025-01-07 12:48:47,377][flwr][INFO] - fit progress: (5, 182.1126744747162, {'accuracy': 0.1028}, 92.02547067799969)
[2025-01-07 12:48:47,378][flwr][INFO] - configure_evaluate: strategy sampled 2 clients (out of 5)
[2025-01-07 12:48:47,917][flwr][INFO] - aggregate_evaluate: received 2 results and 0 failures
[2025-01-07 12:48:47,918][flwr][INFO] - 
[2025-01-07 12:48:47,918][flwr][INFO] - [SUMMARY]
[2025-01-07 12:48:47,918][flwr][INFO] - Run finished 5 round(s) in 92.57s
[2025-01-07 12:48:47,918][flwr][INFO] - 	History (loss, distributed):
[2025-01-07 12:48:47,919][flwr][INFO] - 		round 1: 181.37216889858246
[2025-01-07 12:48:47,919][flwr][INFO] - 		round 2: 172.88013112545013
[2025-01-07 12:48:47,919][flwr][INFO] - 		round 3: 173.27219676971436
[2025-01-07 12:48:47,919][flwr][INFO] - 		round 4: 172.68352448940277
[2025-01-07 12:48:47,919][flwr][INFO] - 		round 5: 173.2028968334198
[2025-01-07 12:48:47,919][flwr][INFO] - 	History (loss, centralized):
[2025-01-07 12:48:47,919][flwr][INFO] - 		round 0: 182.17392134666443
[2025-01-07 12:48:47,919][flwr][INFO] - 		round 1: 190.35652995109558
[2025-01-07 12:48:47,919][flwr][INFO] - 		round 2: 182.17244148254395
[2025-01-07 12:48:47,920][flwr][INFO] - 		round 3: 182.20373582839966
[2025-01-07 12:48:47,920][flwr][INFO] - 		round 4: 182.13222694396973
[2025-01-07 12:48:47,920][flwr][INFO] - 		round 5: 182.1126744747162
[2025-01-07 12:48:47,920][flwr][INFO] - 	History (metrics, centralized):
[2025-01-07 12:48:47,920][flwr][INFO] - 	{'accuracy': [(0, 0.0974),
[2025-01-07 12:48:47,920][flwr][INFO] - 	              (1, 0.1135),
[2025-01-07 12:48:47,920][flwr][INFO] - 	              (2, 0.1135),
[2025-01-07 12:48:47,920][flwr][INFO] - 	              (3, 0.1135),
[2025-01-07 12:48:47,921][flwr][INFO] - 	              (4, 0.1135),
[2025-01-07 12:48:47,921][flwr][INFO] - 	              (5, 0.1028)]}
[2025-01-07 12:48:47,921][flwr][INFO] - 
