[2025-01-07 17:43:49,338][flwr][INFO] - Starting Flower simulation, config: num_rounds=10, no round_timeout
[2025-01-07 17:43:52,864][flwr][INFO] - Flower VCE: Ray initialized with resources: {'node:__internal_head__': 1.0, 'memory': 6382952448.0, 'object_store_memory': 3191476224.0, 'CPU': 12.0, 'node:192.168.1.11': 1.0}
[2025-01-07 17:43:52,865][flwr][INFO] - Optimize your simulation with Flower VCE: https://flower.ai/docs/framework/how-to-run-simulations.html
[2025-01-07 17:43:52,865][flwr][INFO] - Flower VCE: Resources for each Virtual Client: {'num_cpus': 2, 'num_gpus': 0}
[2025-01-07 17:43:52,871][flwr][INFO] - Flower VCE: Creating VirtualClientEngineActorPool with 6 actors
[2025-01-07 17:43:52,872][flwr][INFO] - [INIT]
[2025-01-07 17:43:52,872][flwr][INFO] - Requesting initial parameters from one random client
[2025-01-07 17:43:55,490][flwr][INFO] - Received initial parameters from one random client
[2025-01-07 17:43:55,490][flwr][INFO] - Starting evaluation of initial global parameters
[2025-01-07 17:43:57,473][flwr][INFO] - initial parameters (loss, other metrics): 182.1138505935669, {'accuracy': 0.0882}
[2025-01-07 17:43:57,473][flwr][INFO] - 
[2025-01-07 17:43:57,473][flwr][INFO] - [ROUND 1]
[2025-01-07 17:43:57,473][flwr][INFO] - configure_fit: strategy sampled 2 clients (out of 10)
[2025-01-07 17:44:07,897][flwr][INFO] - aggregate_fit: received 2 results and 0 failures
[2025-01-07 17:44:07,904][flwr][WARNING] - No fit_metrics_aggregation_fn provided
[2025-01-07 17:44:09,330][flwr][INFO] - fit progress: (1, 43.02156499028206, {'accuracy': 0.8779}, 11.857303192999098)
[2025-01-07 17:44:09,331][flwr][INFO] - configure_evaluate: strategy sampled 3 clients (out of 10)
[2025-01-07 17:44:11,549][flwr][INFO] - aggregate_evaluate: received 3 results and 0 failures
[2025-01-07 17:44:11,549][flwr][WARNING] - No evaluate_metrics_aggregation_fn provided
[2025-01-07 17:44:11,549][flwr][INFO] - 
[2025-01-07 17:44:11,549][flwr][INFO] - [ROUND 2]
[2025-01-07 17:44:11,549][flwr][INFO] - configure_fit: strategy sampled 2 clients (out of 10)
[2025-01-07 17:44:19,722][flwr][INFO] - aggregate_fit: received 2 results and 0 failures
[2025-01-07 17:44:21,197][flwr][INFO] - fit progress: (2, 14.382308878935874, {'accuracy': 0.966}, 23.72399791800126)
[2025-01-07 17:44:21,197][flwr][INFO] - configure_evaluate: strategy sampled 3 clients (out of 10)
[2025-01-07 17:44:21,680][flwr][INFO] - aggregate_evaluate: received 3 results and 0 failures
[2025-01-07 17:44:21,680][flwr][INFO] - 
[2025-01-07 17:44:21,681][flwr][INFO] - [ROUND 3]
[2025-01-07 17:44:21,681][flwr][INFO] - configure_fit: strategy sampled 2 clients (out of 10)
[2025-01-07 17:44:30,725][flwr][INFO] - aggregate_fit: received 2 results and 0 failures
[2025-01-07 17:44:32,894][flwr][INFO] - fit progress: (3, 17.71481890231371, {'accuracy': 0.9678}, 35.42096166800184)
[2025-01-07 17:44:32,894][flwr][INFO] - configure_evaluate: strategy sampled 3 clients (out of 10)
[2025-01-07 17:44:33,324][flwr][INFO] - aggregate_evaluate: received 3 results and 0 failures
[2025-01-07 17:44:33,324][flwr][INFO] - 
[2025-01-07 17:44:33,324][flwr][INFO] - [ROUND 4]
[2025-01-07 17:44:33,324][flwr][INFO] - configure_fit: strategy sampled 2 clients (out of 10)
[2025-01-07 17:44:42,658][flwr][INFO] - aggregate_fit: received 2 results and 0 failures
[2025-01-07 17:44:43,943][flwr][INFO] - fit progress: (4, 182.7721107006073, {'accuracy': 0.1135}, 46.47011242000008)
[2025-01-07 17:44:43,944][flwr][INFO] - configure_evaluate: strategy sampled 3 clients (out of 10)
[2025-01-07 17:44:44,426][flwr][INFO] - aggregate_evaluate: received 3 results and 0 failures
[2025-01-07 17:44:44,426][flwr][INFO] - 
[2025-01-07 17:44:44,427][flwr][INFO] - [ROUND 5]
[2025-01-07 17:44:44,427][flwr][INFO] - configure_fit: strategy sampled 2 clients (out of 10)
[2025-01-07 17:44:52,590][flwr][INFO] - aggregate_fit: received 2 results and 0 failures
[2025-01-07 17:44:54,197][flwr][INFO] - fit progress: (5, 181.90572214126587, {'accuracy': 0.1135}, 56.72371104200283)
[2025-01-07 17:44:54,197][flwr][INFO] - configure_evaluate: strategy sampled 3 clients (out of 10)
[2025-01-07 17:44:54,694][flwr][INFO] - aggregate_evaluate: received 3 results and 0 failures
[2025-01-07 17:44:54,695][flwr][INFO] - 
[2025-01-07 17:44:54,695][flwr][INFO] - [ROUND 6]
[2025-01-07 17:44:54,695][flwr][INFO] - configure_fit: strategy sampled 2 clients (out of 10)
[2025-01-07 17:45:02,850][flwr][INFO] - aggregate_fit: received 2 results and 0 failures
[2025-01-07 17:45:04,491][flwr][INFO] - fit progress: (6, 181.8549449443817, {'accuracy': 0.1135}, 67.01747912500286)
[2025-01-07 17:45:04,491][flwr][INFO] - configure_evaluate: strategy sampled 3 clients (out of 10)
[2025-01-07 17:45:04,911][flwr][INFO] - aggregate_evaluate: received 3 results and 0 failures
[2025-01-07 17:45:04,912][flwr][INFO] - 
[2025-01-07 17:45:04,912][flwr][INFO] - [ROUND 7]
[2025-01-07 17:45:04,912][flwr][INFO] - configure_fit: strategy sampled 2 clients (out of 10)
[2025-01-07 17:45:13,172][flwr][INFO] - aggregate_fit: received 2 results and 0 failures
[2025-01-07 17:45:14,803][flwr][INFO] - fit progress: (7, 181.97225737571716, {'accuracy': 0.1135}, 77.32954784399772)
[2025-01-07 17:45:14,803][flwr][INFO] - configure_evaluate: strategy sampled 3 clients (out of 10)
[2025-01-07 17:45:15,282][flwr][INFO] - aggregate_evaluate: received 3 results and 0 failures
[2025-01-07 17:45:15,282][flwr][INFO] - 
[2025-01-07 17:45:15,282][flwr][INFO] - [ROUND 8]
[2025-01-07 17:45:15,283][flwr][INFO] - configure_fit: strategy sampled 2 clients (out of 10)
[2025-01-07 17:45:23,377][flwr][INFO] - aggregate_fit: received 2 results and 0 failures
[2025-01-07 17:45:25,244][flwr][INFO] - fit progress: (8, 181.8484423160553, {'accuracy': 0.1135}, 87.77104375999625)
[2025-01-07 17:45:25,244][flwr][INFO] - configure_evaluate: strategy sampled 3 clients (out of 10)
[2025-01-07 17:45:25,680][flwr][INFO] - aggregate_evaluate: received 3 results and 0 failures
[2025-01-07 17:45:25,680][flwr][INFO] - 
[2025-01-07 17:45:25,680][flwr][INFO] - [ROUND 9]
[2025-01-07 17:45:25,680][flwr][INFO] - configure_fit: strategy sampled 2 clients (out of 10)
[2025-01-07 17:45:33,966][flwr][INFO] - aggregate_fit: received 2 results and 0 failures
[2025-01-07 17:45:35,319][flwr][INFO] - fit progress: (9, 181.93600034713745, {'accuracy': 0.1028}, 97.84621616899676)
[2025-01-07 17:45:35,320][flwr][INFO] - configure_evaluate: strategy sampled 3 clients (out of 10)
[2025-01-07 17:45:35,780][flwr][INFO] - aggregate_evaluate: received 3 results and 0 failures
[2025-01-07 17:45:35,780][flwr][INFO] - 
[2025-01-07 17:45:35,780][flwr][INFO] - [ROUND 10]
[2025-01-07 17:45:35,780][flwr][INFO] - configure_fit: strategy sampled 2 clients (out of 10)
[2025-01-07 17:45:44,020][flwr][INFO] - aggregate_fit: received 2 results and 0 failures
[2025-01-07 17:45:45,430][flwr][INFO] - fit progress: (10, 181.96245169639587, {'accuracy': 0.1135}, 107.95713949199853)
[2025-01-07 17:45:45,431][flwr][INFO] - configure_evaluate: strategy sampled 3 clients (out of 10)
[2025-01-07 17:45:45,923][flwr][INFO] - aggregate_evaluate: received 3 results and 0 failures
[2025-01-07 17:45:45,923][flwr][INFO] - 
[2025-01-07 17:45:45,923][flwr][INFO] - [SUMMARY]
[2025-01-07 17:45:45,923][flwr][INFO] - Run finished 10 round(s) in 108.45s
[2025-01-07 17:45:45,924][flwr][INFO] - 	History (loss, distributed):
[2025-01-07 17:45:45,924][flwr][INFO] - 		round 1: 10.954906741778055
[2025-01-07 17:45:45,924][flwr][INFO] - 		round 2: 3.8165933390458426
[2025-01-07 17:45:45,924][flwr][INFO] - 		round 3: 4.47153677418828
[2025-01-07 17:45:45,924][flwr][INFO] - 		round 4: 43.911501010258995
[2025-01-07 17:45:45,924][flwr][INFO] - 		round 5: 43.717089732488
[2025-01-07 17:45:45,924][flwr][INFO] - 		round 6: 43.70085565249125
[2025-01-07 17:45:45,925][flwr][INFO] - 		round 7: 43.73077583312988
[2025-01-07 17:45:45,925][flwr][INFO] - 		round 8: 43.693439245224
[2025-01-07 17:45:45,925][flwr][INFO] - 		round 9: 43.86265500386556
[2025-01-07 17:45:45,925][flwr][INFO] - 		round 10: 43.754416147867836
[2025-01-07 17:45:45,925][flwr][INFO] - 	History (loss, centralized):
[2025-01-07 17:45:45,925][flwr][INFO] - 		round 0: 182.1138505935669
[2025-01-07 17:45:45,925][flwr][INFO] - 		round 1: 43.02156499028206
[2025-01-07 17:45:45,925][flwr][INFO] - 		round 2: 14.382308878935874
[2025-01-07 17:45:45,926][flwr][INFO] - 		round 3: 17.71481890231371
[2025-01-07 17:45:45,926][flwr][INFO] - 		round 4: 182.7721107006073
[2025-01-07 17:45:45,926][flwr][INFO] - 		round 5: 181.90572214126587
[2025-01-07 17:45:45,926][flwr][INFO] - 		round 6: 181.8549449443817
[2025-01-07 17:45:45,926][flwr][INFO] - 		round 7: 181.97225737571716
[2025-01-07 17:45:45,926][flwr][INFO] - 		round 8: 181.8484423160553
[2025-01-07 17:45:45,926][flwr][INFO] - 		round 9: 181.93600034713745
[2025-01-07 17:45:45,926][flwr][INFO] - 		round 10: 181.96245169639587
[2025-01-07 17:45:45,927][flwr][INFO] - 	History (metrics, centralized):
[2025-01-07 17:45:45,927][flwr][INFO] - 	{'accuracy': [(0, 0.0882),
[2025-01-07 17:45:45,927][flwr][INFO] - 	              (1, 0.8779),
[2025-01-07 17:45:45,927][flwr][INFO] - 	              (2, 0.966),
[2025-01-07 17:45:45,927][flwr][INFO] - 	              (3, 0.9678),
[2025-01-07 17:45:45,927][flwr][INFO] - 	              (4, 0.1135),
[2025-01-07 17:45:45,927][flwr][INFO] - 	              (5, 0.1135),
[2025-01-07 17:45:45,927][flwr][INFO] - 	              (6, 0.1135),
[2025-01-07 17:45:45,927][flwr][INFO] - 	              (7, 0.1135),
[2025-01-07 17:45:45,928][flwr][INFO] - 	              (8, 0.1135),
[2025-01-07 17:45:45,928][flwr][INFO] - 	              (9, 0.1028),
[2025-01-07 17:45:45,928][flwr][INFO] - 	              (10, 0.1135)]}
[2025-01-07 17:45:45,928][flwr][INFO] - 
