[2024-12-31 22:48:13,544][flwr][INFO] - Starting Flower simulation, config: num_rounds=10, no round_timeout
[2024-12-31 22:48:17,359][flwr][INFO] - Flower VCE: Ray initialized with resources: {'node:192.168.1.11': 1.0, 'CPU': 12.0, 'node:__internal_head__': 1.0, 'object_store_memory': 3355775385.0, 'memory': 6711550772.0}
[2024-12-31 22:48:17,359][flwr][INFO] - Optimize your simulation with Flower VCE: https://flower.ai/docs/framework/how-to-run-simulations.html
[2024-12-31 22:48:17,359][flwr][INFO] - Flower VCE: Resources for each Virtual Client: {'num_cpus': 2, 'num_gpus': 0}
[2024-12-31 22:48:17,370][flwr][INFO] - Flower VCE: Creating VirtualClientEngineActorPool with 6 actors
[2024-12-31 22:48:17,370][flwr][INFO] - [INIT]
[2024-12-31 22:48:17,370][flwr][INFO] - Using initial global parameters provided by strategy
[2024-12-31 22:48:17,370][flwr][INFO] - Starting evaluation of initial global parameters
[2024-12-31 22:48:19,882][flwr][INFO] - initial parameters (loss, other metrics): 182.28368711471558, {'accuracy': 0.1161}
[2024-12-31 22:48:19,883][flwr][INFO] - 
[2024-12-31 22:48:19,883][flwr][INFO] - [ROUND 1]
[2024-12-31 22:48:19,884][flwr][INFO] - configure_fit: strategy sampled 2 clients (out of 10)
[2024-12-31 22:48:37,859][flwr][INFO] - aggregate_fit: received 2 results and 0 failures
[2024-12-31 22:48:37,863][flwr][WARNING] - No fit_metrics_aggregation_fn provided
[2024-12-31 22:48:39,546][flwr][INFO] - fit progress: (1, 186.5033414363861, {'accuracy': 0.098}, 19.663467222999316)
[2024-12-31 22:48:39,547][flwr][INFO] - configure_evaluate: strategy sampled 2 clients (out of 10)
[2024-12-31 22:48:39,924][flwr][INFO] - aggregate_evaluate: received 2 results and 0 failures
[2024-12-31 22:48:39,925][flwr][WARNING] - No evaluate_metrics_aggregation_fn provided
[2024-12-31 22:48:39,925][flwr][INFO] - 
[2024-12-31 22:48:39,925][flwr][INFO] - [ROUND 2]
[2024-12-31 22:48:39,925][flwr][INFO] - configure_fit: strategy sampled 2 clients (out of 10)
[2024-12-31 22:48:53,085][flwr][INFO] - aggregate_fit: received 2 results and 0 failures
[2024-12-31 22:48:55,219][flwr][INFO] - fit progress: (2, 186.34736323356628, {'accuracy': 0.1032}, 35.33643856699928)
[2024-12-31 22:48:55,220][flwr][INFO] - configure_evaluate: strategy sampled 2 clients (out of 10)
[2024-12-31 22:48:55,644][flwr][INFO] - aggregate_evaluate: received 2 results and 0 failures
[2024-12-31 22:48:55,644][flwr][INFO] - 
[2024-12-31 22:48:55,644][flwr][INFO] - [ROUND 3]
[2024-12-31 22:48:55,645][flwr][INFO] - configure_fit: strategy sampled 2 clients (out of 10)
[2024-12-31 22:49:07,450][flwr][INFO] - aggregate_fit: received 2 results and 0 failures
[2024-12-31 22:49:09,108][flwr][INFO] - fit progress: (3, 185.10773587226868, {'accuracy': 0.1028}, 49.22499151700322)
[2024-12-31 22:49:09,108][flwr][INFO] - configure_evaluate: strategy sampled 2 clients (out of 10)
[2024-12-31 22:49:09,523][flwr][INFO] - aggregate_evaluate: received 2 results and 0 failures
[2024-12-31 22:49:09,524][flwr][INFO] - 
[2024-12-31 22:49:09,524][flwr][INFO] - [ROUND 4]
[2024-12-31 22:49:09,524][flwr][INFO] - configure_fit: strategy sampled 2 clients (out of 10)
[2024-12-31 22:49:22,161][flwr][INFO] - aggregate_fit: received 2 results and 0 failures
[2024-12-31 22:49:23,554][flwr][INFO] - fit progress: (4, 185.9025309085846, {'accuracy': 0.1028}, 63.670764454000164)
[2024-12-31 22:49:23,554][flwr][INFO] - configure_evaluate: strategy sampled 2 clients (out of 10)
[2024-12-31 22:49:23,978][flwr][INFO] - aggregate_evaluate: received 2 results and 0 failures
[2024-12-31 22:49:23,978][flwr][INFO] - 
[2024-12-31 22:49:23,978][flwr][INFO] - [ROUND 5]
[2024-12-31 22:49:23,978][flwr][INFO] - configure_fit: strategy sampled 2 clients (out of 10)
[2024-12-31 22:49:36,330][flwr][INFO] - aggregate_fit: received 2 results and 0 failures
[2024-12-31 22:49:38,434][flwr][INFO] - fit progress: (5, 185.59122562408447, {'accuracy': 0.1028}, 78.55088461900596)
[2024-12-31 22:49:38,434][flwr][INFO] - configure_evaluate: strategy sampled 2 clients (out of 10)
[2024-12-31 22:49:38,830][flwr][INFO] - aggregate_evaluate: received 2 results and 0 failures
[2024-12-31 22:49:38,830][flwr][INFO] - 
[2024-12-31 22:49:38,830][flwr][INFO] - [ROUND 6]
[2024-12-31 22:49:38,830][flwr][INFO] - configure_fit: strategy sampled 2 clients (out of 10)
[2024-12-31 22:49:51,584][flwr][INFO] - aggregate_fit: received 2 results and 0 failures
[2024-12-31 22:49:53,693][flwr][INFO] - fit progress: (6, 195.07737112045288, {'accuracy': 0.101}, 93.81056727100076)
[2024-12-31 22:49:53,694][flwr][INFO] - configure_evaluate: strategy sampled 2 clients (out of 10)
[2024-12-31 22:49:54,088][flwr][INFO] - aggregate_evaluate: received 2 results and 0 failures
[2024-12-31 22:49:54,088][flwr][INFO] - 
[2024-12-31 22:49:54,088][flwr][INFO] - [ROUND 7]
[2024-12-31 22:49:54,088][flwr][INFO] - configure_fit: strategy sampled 2 clients (out of 10)
[2024-12-31 22:50:05,986][flwr][INFO] - aggregate_fit: received 2 results and 0 failures
[2024-12-31 22:50:08,029][flwr][INFO] - fit progress: (7, 186.67661833763123, {'accuracy': 0.1135}, 108.14658875500027)
[2024-12-31 22:50:08,030][flwr][INFO] - configure_evaluate: strategy sampled 2 clients (out of 10)
[2024-12-31 22:50:08,406][flwr][INFO] - aggregate_evaluate: received 2 results and 0 failures
[2024-12-31 22:50:08,406][flwr][INFO] - 
[2024-12-31 22:50:08,407][flwr][INFO] - [ROUND 8]
[2024-12-31 22:50:08,407][flwr][INFO] - configure_fit: strategy sampled 2 clients (out of 10)
[2024-12-31 22:50:20,192][flwr][INFO] - aggregate_fit: received 2 results and 0 failures
[2024-12-31 22:50:21,658][flwr][INFO] - fit progress: (8, 185.49456548690796, {'accuracy': 0.0958}, 121.77472942100576)
[2024-12-31 22:50:21,658][flwr][INFO] - configure_evaluate: strategy sampled 2 clients (out of 10)
[2024-12-31 22:50:22,044][flwr][INFO] - aggregate_evaluate: received 2 results and 0 failures
[2024-12-31 22:50:22,044][flwr][INFO] - 
[2024-12-31 22:50:22,044][flwr][INFO] - [ROUND 9]
[2024-12-31 22:50:22,044][flwr][INFO] - configure_fit: strategy sampled 2 clients (out of 10)
[2024-12-31 22:50:34,103][flwr][INFO] - aggregate_fit: received 2 results and 0 failures
[2024-12-31 22:50:35,699][flwr][INFO] - fit progress: (9, 188.04540634155273, {'accuracy': 0.101}, 135.81583724700613)
[2024-12-31 22:50:35,699][flwr][INFO] - configure_evaluate: strategy sampled 2 clients (out of 10)
[2024-12-31 22:50:36,108][flwr][INFO] - aggregate_evaluate: received 2 results and 0 failures
[2024-12-31 22:50:36,108][flwr][INFO] - 
[2024-12-31 22:50:36,108][flwr][INFO] - [ROUND 10]
[2024-12-31 22:50:36,108][flwr][INFO] - configure_fit: strategy sampled 2 clients (out of 10)
[2024-12-31 22:50:48,841][flwr][INFO] - aggregate_fit: received 2 results and 0 failures
[2024-12-31 22:50:50,840][flwr][INFO] - fit progress: (10, 193.61556220054626, {'accuracy': 0.0892}, 150.9573885120044)
[2024-12-31 22:50:50,840][flwr][INFO] - configure_evaluate: strategy sampled 2 clients (out of 10)
[2024-12-31 22:50:51,251][flwr][INFO] - aggregate_evaluate: received 2 results and 0 failures
[2024-12-31 22:50:51,251][flwr][INFO] - 
[2024-12-31 22:50:51,251][flwr][INFO] - [SUMMARY]
[2024-12-31 22:50:51,251][flwr][INFO] - Run finished 10 round(s) in 151.37s
[2024-12-31 22:50:51,252][flwr][INFO] - 	History (loss, distributed):
[2024-12-31 22:50:51,252][flwr][INFO] - 		round 1: 90.61091756820679
[2024-12-31 22:50:51,252][flwr][INFO] - 		round 2: 89.68862271308899
[2024-12-31 22:50:51,252][flwr][INFO] - 		round 3: 88.91447174549103
[2024-12-31 22:50:51,252][flwr][INFO] - 		round 4: 89.01397001743317
[2024-12-31 22:50:51,252][flwr][INFO] - 		round 5: 89.22968244552612
[2024-12-31 22:50:51,252][flwr][INFO] - 		round 6: 94.19532513618469
[2024-12-31 22:50:51,252][flwr][INFO] - 		round 7: 89.99010336399078
[2024-12-31 22:50:51,252][flwr][INFO] - 		round 8: 89.02690982818604
[2024-12-31 22:50:51,252][flwr][INFO] - 		round 9: 89.69992363452911
[2024-12-31 22:50:51,252][flwr][INFO] - 		round 10: 93.75566506385803
[2024-12-31 22:50:51,252][flwr][INFO] - 	History (loss, centralized):
[2024-12-31 22:50:51,252][flwr][INFO] - 		round 0: 182.28368711471558
[2024-12-31 22:50:51,252][flwr][INFO] - 		round 1: 186.5033414363861
[2024-12-31 22:50:51,252][flwr][INFO] - 		round 2: 186.34736323356628
[2024-12-31 22:50:51,252][flwr][INFO] - 		round 3: 185.10773587226868
[2024-12-31 22:50:51,252][flwr][INFO] - 		round 4: 185.9025309085846
[2024-12-31 22:50:51,253][flwr][INFO] - 		round 5: 185.59122562408447
[2024-12-31 22:50:51,253][flwr][INFO] - 		round 6: 195.07737112045288
[2024-12-31 22:50:51,253][flwr][INFO] - 		round 7: 186.67661833763123
[2024-12-31 22:50:51,253][flwr][INFO] - 		round 8: 185.49456548690796
[2024-12-31 22:50:51,253][flwr][INFO] - 		round 9: 188.04540634155273
[2024-12-31 22:50:51,253][flwr][INFO] - 		round 10: 193.61556220054626
[2024-12-31 22:50:51,253][flwr][INFO] - 	History (metrics, centralized):
[2024-12-31 22:50:51,253][flwr][INFO] - 	{'accuracy': [(0, 0.1161),
[2024-12-31 22:50:51,253][flwr][INFO] - 	              (1, 0.098),
[2024-12-31 22:50:51,253][flwr][INFO] - 	              (2, 0.1032),
[2024-12-31 22:50:51,253][flwr][INFO] - 	              (3, 0.1028),
[2024-12-31 22:50:51,253][flwr][INFO] - 	              (4, 0.1028),
[2024-12-31 22:50:51,253][flwr][INFO] - 	              (5, 0.1028),
[2024-12-31 22:50:51,253][flwr][INFO] - 	              (6, 0.101),
[2024-12-31 22:50:51,253][flwr][INFO] - 	              (7, 0.1135),
[2024-12-31 22:50:51,253][flwr][INFO] - 	              (8, 0.0958),
[2024-12-31 22:50:51,253][flwr][INFO] - 	              (9, 0.101),
[2024-12-31 22:50:51,253][flwr][INFO] - 	              (10, 0.0892)]}
[2024-12-31 22:50:51,253][flwr][INFO] - 
