[2025-01-07 13:06:33,950][flwr][INFO] - Starting Flower simulation, config: num_rounds=5, no round_timeout
[2025-01-07 13:06:37,933][flwr][INFO] - Flower VCE: Ray initialized with resources: {'node:__internal_head__': 1.0, 'memory': 3492517479.0, 'object_store_memory': 1746258739.0, 'CPU': 12.0, 'node:192.168.1.11': 1.0}
[2025-01-07 13:06:37,933][flwr][INFO] - Optimize your simulation with Flower VCE: https://flower.ai/docs/framework/how-to-run-simulations.html
[2025-01-07 13:06:37,933][flwr][INFO] - Flower VCE: Resources for each Virtual Client: {'num_cpus': 2, 'num_gpus': 0}
[2025-01-07 13:06:37,956][flwr][INFO] - Flower VCE: Creating VirtualClientEngineActorPool with 6 actors
[2025-01-07 13:06:37,956][flwr][INFO] - [INIT]
[2025-01-07 13:06:37,956][flwr][INFO] - Requesting initial parameters from one random client
[2025-01-07 13:06:43,645][flwr][INFO] - Received initial parameters from one random client
[2025-01-07 13:06:43,645][flwr][INFO] - Starting evaluation of initial global parameters
[2025-01-07 13:06:48,001][flwr][INFO] - initial parameters (loss, other metrics): 182.27778148651123, {'accuracy': 0.1197}
[2025-01-07 13:06:48,002][flwr][INFO] - 
[2025-01-07 13:06:48,002][flwr][INFO] - [ROUND 1]
[2025-01-07 13:06:48,002][flwr][INFO] - configure_fit: strategy sampled 2 clients (out of 5)
[2025-01-07 13:07:23,053][flwr][INFO] - aggregate_fit: received 2 results and 0 failures
[2025-01-07 13:07:23,066][flwr][WARNING] - No fit_metrics_aggregation_fn provided
[2025-01-07 13:07:31,449][flwr][INFO] - fit progress: (1, 6.383855683263391, {'accuracy': 0.9752}, 43.44742681199932)
[2025-01-07 13:07:31,457][flwr][INFO] - configure_evaluate: strategy sampled 5 clients (out of 5)
[2025-01-07 13:07:40,448][flwr][INFO] - aggregate_evaluate: received 5 results and 0 failures
[2025-01-07 13:07:40,449][flwr][WARNING] - No evaluate_metrics_aggregation_fn provided
[2025-01-07 13:07:40,449][flwr][INFO] - 
[2025-01-07 13:07:40,449][flwr][INFO] - [ROUND 2]
[2025-01-07 13:07:40,450][flwr][INFO] - configure_fit: strategy sampled 2 clients (out of 5)
[2025-01-07 13:08:03,373][flwr][INFO] - aggregate_fit: received 2 results and 0 failures
[2025-01-07 13:08:06,974][flwr][INFO] - fit progress: (2, 4.201594282698352, {'accuracy': 0.9833}, 78.97209531599947)
[2025-01-07 13:08:06,974][flwr][INFO] - configure_evaluate: strategy sampled 5 clients (out of 5)
[2025-01-07 13:08:08,827][flwr][INFO] - aggregate_evaluate: received 5 results and 0 failures
[2025-01-07 13:08:08,827][flwr][INFO] - 
[2025-01-07 13:08:08,827][flwr][INFO] - [ROUND 3]
[2025-01-07 13:08:08,827][flwr][INFO] - configure_fit: strategy sampled 2 clients (out of 5)
[2025-01-07 13:08:30,163][flwr][INFO] - aggregate_fit: received 2 results and 0 failures
[2025-01-07 13:08:34,327][flwr][INFO] - fit progress: (3, 3.0966549314989607, {'accuracy': 0.9878}, 106.3252145860024)
[2025-01-07 13:08:34,327][flwr][INFO] - configure_evaluate: strategy sampled 5 clients (out of 5)
[2025-01-07 13:08:36,258][flwr][INFO] - aggregate_evaluate: received 5 results and 0 failures
[2025-01-07 13:08:36,258][flwr][INFO] - 
[2025-01-07 13:08:36,258][flwr][INFO] - [ROUND 4]
[2025-01-07 13:08:36,259][flwr][INFO] - configure_fit: strategy sampled 2 clients (out of 5)
[2025-01-07 13:08:59,686][flwr][INFO] - aggregate_fit: received 2 results and 0 failures
[2025-01-07 13:09:02,880][flwr][INFO] - fit progress: (4, 3.9978805456448754, {'accuracy': 0.9847}, 134.87832703399908)
[2025-01-07 13:09:02,880][flwr][INFO] - configure_evaluate: strategy sampled 5 clients (out of 5)
[2025-01-07 13:09:05,027][flwr][INFO] - aggregate_evaluate: received 5 results and 0 failures
[2025-01-07 13:09:05,028][flwr][INFO] - 
[2025-01-07 13:09:05,028][flwr][INFO] - [ROUND 5]
[2025-01-07 13:09:05,029][flwr][INFO] - configure_fit: strategy sampled 2 clients (out of 5)
[2025-01-07 13:09:35,101][flwr][INFO] - aggregate_fit: received 2 results and 0 failures
[2025-01-07 13:09:37,721][flwr][INFO] - fit progress: (5, 4.263474962562668, {'accuracy': 0.9873}, 169.7192572870008)
[2025-01-07 13:09:37,721][flwr][INFO] - configure_evaluate: strategy sampled 5 clients (out of 5)
[2025-01-07 13:09:39,669][flwr][INFO] - aggregate_evaluate: received 5 results and 0 failures
[2025-01-07 13:09:39,669][flwr][INFO] - 
[2025-01-07 13:09:39,669][flwr][INFO] - [SUMMARY]
[2025-01-07 13:09:39,669][flwr][INFO] - Run finished 5 round(s) in 171.67s
[2025-01-07 13:09:39,670][flwr][INFO] - 	History (loss, distributed):
[2025-01-07 13:09:39,670][flwr][INFO] - 		round 1: 7.00708356059622
[2025-01-07 13:09:39,670][flwr][INFO] - 		round 2: 5.058519421009715
[2025-01-07 13:09:39,670][flwr][INFO] - 		round 3: 4.11270305356079
[2025-01-07 13:09:39,670][flwr][INFO] - 		round 4: 4.460495577517759
[2025-01-07 13:09:39,671][flwr][INFO] - 		round 5: 5.054907288663872
[2025-01-07 13:09:39,671][flwr][INFO] - 	History (loss, centralized):
[2025-01-07 13:09:39,671][flwr][INFO] - 		round 0: 182.27778148651123
[2025-01-07 13:09:39,671][flwr][INFO] - 		round 1: 6.383855683263391
[2025-01-07 13:09:39,671][flwr][INFO] - 		round 2: 4.201594282698352
[2025-01-07 13:09:39,671][flwr][INFO] - 		round 3: 3.0966549314989607
[2025-01-07 13:09:39,671][flwr][INFO] - 		round 4: 3.9978805456448754
[2025-01-07 13:09:39,671][flwr][INFO] - 		round 5: 4.263474962562668
[2025-01-07 13:09:39,672][flwr][INFO] - 	History (metrics, centralized):
[2025-01-07 13:09:39,672][flwr][INFO] - 	{'accuracy': [(0, 0.1197),
[2025-01-07 13:09:39,672][flwr][INFO] - 	              (1, 0.9752),
[2025-01-07 13:09:39,672][flwr][INFO] - 	              (2, 0.9833),
[2025-01-07 13:09:39,672][flwr][INFO] - 	              (3, 0.9878),
[2025-01-07 13:09:39,672][flwr][INFO] - 	              (4, 0.9847),
[2025-01-07 13:09:39,672][flwr][INFO] - 	              (5, 0.9873)]}
[2025-01-07 13:09:39,672][flwr][INFO] - 
