[2024-12-31 13:40:57,701][flwr][INFO] - Starting Flower simulation, config: num_rounds=10, no round_timeout
[2024-12-31 13:41:01,286][flwr][INFO] - Flower VCE: Ray initialized with resources: {'object_store_memory': 3186375475.0, 'memory': 6372750951.0, 'CPU': 12.0, 'node:192.168.1.11': 1.0, 'node:__internal_head__': 1.0}
[2024-12-31 13:41:01,287][flwr][INFO] - Optimize your simulation with Flower VCE: https://flower.ai/docs/framework/how-to-run-simulations.html
[2024-12-31 13:41:01,287][flwr][INFO] - Flower VCE: Resources for each Virtual Client: {'num_cpus': 2, 'num_gpus': 0}
[2024-12-31 13:41:01,295][flwr][INFO] - Flower VCE: Creating VirtualClientEngineActorPool with 6 actors
[2024-12-31 13:41:01,295][flwr][INFO] - [INIT]
[2024-12-31 13:41:01,295][flwr][INFO] - Using initial global parameters provided by strategy
[2024-12-31 13:41:01,295][flwr][INFO] - Starting evaluation of initial global parameters
[2024-12-31 13:41:03,879][flwr][INFO] - initial parameters (loss, other metrics): 182.06704449653625, {'accuracy': 0.0974}
[2024-12-31 13:41:03,879][flwr][INFO] - 
[2024-12-31 13:41:03,879][flwr][INFO] - [ROUND 1]
[2024-12-31 13:41:03,880][flwr][INFO] - configure_fit: strategy sampled 2 clients (out of 10)
[2024-12-31 13:41:18,733][flwr][INFO] - aggregate_fit: received 2 results and 0 failures
[2024-12-31 13:41:18,738][flwr][WARNING] - No fit_metrics_aggregation_fn provided
[2024-12-31 13:41:20,115][flwr][INFO] - fit progress: (1, 58.93597275018692, {'accuracy': 0.801}, 16.23518875100126)
[2024-12-31 13:41:20,115][flwr][INFO] - configure_evaluate: strategy sampled 5 clients (out of 10)
[2024-12-31 13:41:23,732][flwr][INFO] - aggregate_evaluate: received 5 results and 0 failures
[2024-12-31 13:41:23,732][flwr][WARNING] - No evaluate_metrics_aggregation_fn provided
[2024-12-31 13:41:23,732][flwr][INFO] - 
[2024-12-31 13:41:23,732][flwr][INFO] - [ROUND 2]
[2024-12-31 13:41:23,733][flwr][INFO] - configure_fit: strategy sampled 2 clients (out of 10)
[2024-12-31 13:41:35,350][flwr][INFO] - aggregate_fit: received 2 results and 0 failures
[2024-12-31 13:41:36,594][flwr][INFO] - fit progress: (2, 182.96171402931213, {'accuracy': 0.101}, 32.71471799699793)
[2024-12-31 13:41:36,594][flwr][INFO] - configure_evaluate: strategy sampled 5 clients (out of 10)
[2024-12-31 13:41:37,299][flwr][INFO] - aggregate_evaluate: received 5 results and 0 failures
[2024-12-31 13:41:37,300][flwr][INFO] - 
[2024-12-31 13:41:37,300][flwr][INFO] - [ROUND 3]
[2024-12-31 13:41:37,300][flwr][INFO] - configure_fit: strategy sampled 2 clients (out of 10)
[2024-12-31 13:41:48,388][flwr][INFO] - aggregate_fit: received 2 results and 0 failures
[2024-12-31 13:41:49,524][flwr][INFO] - fit progress: (3, 182.2542805671692, {'accuracy': 0.1135}, 45.64416879900091)
[2024-12-31 13:41:49,524][flwr][INFO] - configure_evaluate: strategy sampled 5 clients (out of 10)
[2024-12-31 13:41:50,251][flwr][INFO] - aggregate_evaluate: received 5 results and 0 failures
[2024-12-31 13:41:50,251][flwr][INFO] - 
[2024-12-31 13:41:50,251][flwr][INFO] - [ROUND 4]
[2024-12-31 13:41:50,252][flwr][INFO] - configure_fit: strategy sampled 2 clients (out of 10)
[2024-12-31 13:42:01,419][flwr][INFO] - aggregate_fit: received 2 results and 0 failures
[2024-12-31 13:42:02,573][flwr][INFO] - fit progress: (4, 181.9426281452179, {'accuracy': 0.1135}, 58.69363472399709)
[2024-12-31 13:42:02,573][flwr][INFO] - configure_evaluate: strategy sampled 5 clients (out of 10)
[2024-12-31 13:42:03,313][flwr][INFO] - aggregate_evaluate: received 5 results and 0 failures
[2024-12-31 13:42:03,313][flwr][INFO] - 
[2024-12-31 13:42:03,313][flwr][INFO] - [ROUND 5]
[2024-12-31 13:42:03,314][flwr][INFO] - configure_fit: strategy sampled 2 clients (out of 10)
[2024-12-31 13:42:14,609][flwr][INFO] - aggregate_fit: received 2 results and 0 failures
[2024-12-31 13:42:15,980][flwr][INFO] - fit progress: (5, 182.39701199531555, {'accuracy': 0.0974}, 72.10114117500052)
[2024-12-31 13:42:15,981][flwr][INFO] - configure_evaluate: strategy sampled 5 clients (out of 10)
[2024-12-31 13:42:16,731][flwr][INFO] - aggregate_evaluate: received 5 results and 0 failures
[2024-12-31 13:42:16,731][flwr][INFO] - 
[2024-12-31 13:42:16,731][flwr][INFO] - [ROUND 6]
[2024-12-31 13:42:16,732][flwr][INFO] - configure_fit: strategy sampled 2 clients (out of 10)
[2024-12-31 13:42:27,815][flwr][INFO] - aggregate_fit: received 2 results and 0 failures
[2024-12-31 13:42:29,260][flwr][INFO] - fit progress: (6, 182.3587601184845, {'accuracy': 0.0974}, 85.3802636429973)
[2024-12-31 13:42:29,260][flwr][INFO] - configure_evaluate: strategy sampled 5 clients (out of 10)
[2024-12-31 13:42:30,000][flwr][INFO] - aggregate_evaluate: received 5 results and 0 failures
[2024-12-31 13:42:30,000][flwr][INFO] - 
[2024-12-31 13:42:30,000][flwr][INFO] - [ROUND 7]
[2024-12-31 13:42:30,000][flwr][INFO] - configure_fit: strategy sampled 2 clients (out of 10)
[2024-12-31 13:42:40,982][flwr][INFO] - aggregate_fit: received 2 results and 0 failures
[2024-12-31 13:42:42,307][flwr][INFO] - fit progress: (7, 182.20989298820496, {'accuracy': 0.1135}, 98.427484257998)
[2024-12-31 13:42:42,307][flwr][INFO] - configure_evaluate: strategy sampled 5 clients (out of 10)
[2024-12-31 13:42:43,000][flwr][INFO] - aggregate_evaluate: received 5 results and 0 failures
[2024-12-31 13:42:43,000][flwr][INFO] - 
[2024-12-31 13:42:43,000][flwr][INFO] - [ROUND 8]
[2024-12-31 13:42:43,001][flwr][INFO] - configure_fit: strategy sampled 2 clients (out of 10)
[2024-12-31 13:42:54,016][flwr][INFO] - aggregate_fit: received 2 results and 0 failures
[2024-12-31 13:42:55,629][flwr][INFO] - fit progress: (8, 182.1608247756958, {'accuracy': 0.0974}, 111.74957869399805)
[2024-12-31 13:42:55,629][flwr][INFO] - configure_evaluate: strategy sampled 5 clients (out of 10)
[2024-12-31 13:42:56,286][flwr][INFO] - aggregate_evaluate: received 5 results and 0 failures
[2024-12-31 13:42:56,286][flwr][INFO] - 
[2024-12-31 13:42:56,286][flwr][INFO] - [ROUND 9]
[2024-12-31 13:42:56,287][flwr][INFO] - configure_fit: strategy sampled 2 clients (out of 10)
[2024-12-31 13:43:07,377][flwr][INFO] - aggregate_fit: received 2 results and 0 failures
[2024-12-31 13:43:08,570][flwr][INFO] - fit progress: (9, 182.08803057670593, {'accuracy': 0.1135}, 124.69051100799697)
[2024-12-31 13:43:08,570][flwr][INFO] - configure_evaluate: strategy sampled 5 clients (out of 10)
[2024-12-31 13:43:09,283][flwr][INFO] - aggregate_evaluate: received 5 results and 0 failures
[2024-12-31 13:43:09,284][flwr][INFO] - 
[2024-12-31 13:43:09,284][flwr][INFO] - [ROUND 10]
[2024-12-31 13:43:09,284][flwr][INFO] - configure_fit: strategy sampled 2 clients (out of 10)
[2024-12-31 13:43:20,314][flwr][INFO] - aggregate_fit: received 2 results and 0 failures
[2024-12-31 13:43:21,500][flwr][INFO] - fit progress: (10, 181.95739006996155, {'accuracy': 0.1135}, 137.62018665600044)
[2024-12-31 13:43:21,500][flwr][INFO] - configure_evaluate: strategy sampled 5 clients (out of 10)
[2024-12-31 13:43:22,266][flwr][INFO] - aggregate_evaluate: received 5 results and 0 failures
[2024-12-31 13:43:22,266][flwr][INFO] - 
[2024-12-31 13:43:22,267][flwr][INFO] - [SUMMARY]
[2024-12-31 13:43:22,267][flwr][INFO] - Run finished 10 round(s) in 138.39s
[2024-12-31 13:43:22,267][flwr][INFO] - 	History (loss, distributed):
[2024-12-31 13:43:22,268][flwr][INFO] - 		round 1: 29.27436483427882
[2024-12-31 13:43:22,268][flwr][INFO] - 		round 2: 87.82963080406189
[2024-12-31 13:43:22,268][flwr][INFO] - 		round 3: 87.88017177581787
[2024-12-31 13:43:22,268][flwr][INFO] - 		round 4: 87.52446222305298
[2024-12-31 13:43:22,268][flwr][INFO] - 		round 5: 87.64515252113343
[2024-12-31 13:43:22,268][flwr][INFO] - 		round 6: 87.7406539440155
[2024-12-31 13:43:22,268][flwr][INFO] - 		round 7: 87.67854123115539
[2024-12-31 13:43:22,268][flwr][INFO] - 		round 8: 87.55809650421142
[2024-12-31 13:43:22,268][flwr][INFO] - 		round 9: 87.56642298698425
[2024-12-31 13:43:22,268][flwr][INFO] - 		round 10: 87.43478350639343
[2024-12-31 13:43:22,269][flwr][INFO] - 	History (loss, centralized):
[2024-12-31 13:43:22,269][flwr][INFO] - 		round 0: 182.06704449653625
[2024-12-31 13:43:22,269][flwr][INFO] - 		round 1: 58.93597275018692
[2024-12-31 13:43:22,269][flwr][INFO] - 		round 2: 182.96171402931213
[2024-12-31 13:43:22,269][flwr][INFO] - 		round 3: 182.2542805671692
[2024-12-31 13:43:22,269][flwr][INFO] - 		round 4: 181.9426281452179
[2024-12-31 13:43:22,269][flwr][INFO] - 		round 5: 182.39701199531555
[2024-12-31 13:43:22,269][flwr][INFO] - 		round 6: 182.3587601184845
[2024-12-31 13:43:22,269][flwr][INFO] - 		round 7: 182.20989298820496
[2024-12-31 13:43:22,269][flwr][INFO] - 		round 8: 182.1608247756958
[2024-12-31 13:43:22,270][flwr][INFO] - 		round 9: 182.08803057670593
[2024-12-31 13:43:22,270][flwr][INFO] - 		round 10: 181.95739006996155
[2024-12-31 13:43:22,270][flwr][INFO] - 	History (metrics, centralized):
[2024-12-31 13:43:22,270][flwr][INFO] - 	{'accuracy': [(0, 0.0974),
[2024-12-31 13:43:22,270][flwr][INFO] - 	              (1, 0.801),
[2024-12-31 13:43:22,270][flwr][INFO] - 	              (2, 0.101),
[2024-12-31 13:43:22,270][flwr][INFO] - 	              (3, 0.1135),
[2024-12-31 13:43:22,270][flwr][INFO] - 	              (4, 0.1135),
[2024-12-31 13:43:22,270][flwr][INFO] - 	              (5, 0.0974),
[2024-12-31 13:43:22,270][flwr][INFO] - 	              (6, 0.0974),
[2024-12-31 13:43:22,270][flwr][INFO] - 	              (7, 0.1135),
[2024-12-31 13:43:22,270][flwr][INFO] - 	              (8, 0.0974),
[2024-12-31 13:43:22,270][flwr][INFO] - 	              (9, 0.1135),
[2024-12-31 13:43:22,270][flwr][INFO] - 	              (10, 0.1135)]}
[2024-12-31 13:43:22,270][flwr][INFO] - 
