[2024-12-31 14:33:00,669][flwr][INFO] - Starting Flower simulation, config: num_rounds=10, no round_timeout
[2024-12-31 14:33:04,107][flwr][INFO] - Flower VCE: Ray initialized with resources: {'node:__internal_head__': 1.0, 'node:192.168.1.11': 1.0, 'CPU': 12.0, 'memory': 6334183835.0, 'object_store_memory': 3167091916.0}
[2024-12-31 14:33:04,107][flwr][INFO] - Optimize your simulation with Flower VCE: https://flower.ai/docs/framework/how-to-run-simulations.html
[2024-12-31 14:33:04,107][flwr][INFO] - Flower VCE: Resources for each Virtual Client: {'num_cpus': 2, 'num_gpus': 0}
[2024-12-31 14:33:04,117][flwr][INFO] - Flower VCE: Creating VirtualClientEngineActorPool with 6 actors
[2024-12-31 14:33:04,117][flwr][INFO] - [INIT]
[2024-12-31 14:33:04,117][flwr][INFO] - Using initial global parameters provided by strategy
[2024-12-31 14:33:04,117][flwr][INFO] - Starting evaluation of initial global parameters
[2024-12-31 14:33:06,582][flwr][INFO] - initial parameters (loss, other metrics): 181.94270062446594, {'accuracy': 0.1323}
[2024-12-31 14:33:06,583][flwr][INFO] - 
[2024-12-31 14:33:06,583][flwr][INFO] - [ROUND 1]
[2024-12-31 14:33:06,586][flwr][INFO] - configure_fit: strategy sampled 2 clients (out of 10)
[2024-12-31 14:33:16,286][flwr][INFO] - aggregate_fit: received 2 results and 0 failures
[2024-12-31 14:33:17,490][flwr][WARNING] - No fit_metrics_aggregation_fn provided
[2024-12-31 14:33:18,678][flwr][INFO] - fit progress: (1, 181.97314596176147, {'accuracy': 0.1028}, 12.095605074006016)
[2024-12-31 14:33:18,679][flwr][INFO] - configure_evaluate: strategy sampled 5 clients (out of 10)
[2024-12-31 14:33:22,315][flwr][INFO] - aggregate_evaluate: received 5 results and 0 failures
[2024-12-31 14:33:22,315][flwr][WARNING] - No evaluate_metrics_aggregation_fn provided
[2024-12-31 14:33:22,315][flwr][INFO] - 
[2024-12-31 14:33:22,315][flwr][INFO] - [ROUND 2]
[2024-12-31 14:33:22,317][flwr][INFO] - configure_fit: strategy sampled 2 clients (out of 10)
[2024-12-31 14:33:29,610][flwr][INFO] - aggregate_fit: received 2 results and 0 failures
[2024-12-31 14:33:33,491][flwr][INFO] - fit progress: (2, 181.94616842269897, {'accuracy': 0.1028}, 26.90863600400189)
[2024-12-31 14:33:33,492][flwr][INFO] - configure_evaluate: strategy sampled 5 clients (out of 10)
[2024-12-31 14:33:34,257][flwr][INFO] - aggregate_evaluate: received 5 results and 0 failures
[2024-12-31 14:33:34,257][flwr][INFO] - 
[2024-12-31 14:33:34,257][flwr][INFO] - [ROUND 3]
[2024-12-31 14:33:34,260][flwr][INFO] - configure_fit: strategy sampled 2 clients (out of 10)
[2024-12-31 14:33:42,293][flwr][INFO] - aggregate_fit: received 2 results and 0 failures
[2024-12-31 14:33:45,067][flwr][INFO] - fit progress: (3, 181.9274935722351, {'accuracy': 0.1028}, 38.484170388001075)
[2024-12-31 14:33:45,067][flwr][INFO] - configure_evaluate: strategy sampled 5 clients (out of 10)
[2024-12-31 14:33:45,862][flwr][INFO] - aggregate_evaluate: received 5 results and 0 failures
[2024-12-31 14:33:45,862][flwr][INFO] - 
[2024-12-31 14:33:45,862][flwr][INFO] - [ROUND 4]
[2024-12-31 14:33:45,867][flwr][INFO] - configure_fit: strategy sampled 2 clients (out of 10)
[2024-12-31 14:33:54,248][flwr][INFO] - aggregate_fit: received 2 results and 0 failures
[2024-12-31 14:33:58,300][flwr][INFO] - fit progress: (4, 181.92612648010254, {'accuracy': 0.1028}, 51.71733425799903)
[2024-12-31 14:33:58,300][flwr][INFO] - configure_evaluate: strategy sampled 5 clients (out of 10)
[2024-12-31 14:33:59,231][flwr][INFO] - aggregate_evaluate: received 5 results and 0 failures
[2024-12-31 14:33:59,232][flwr][INFO] - 
[2024-12-31 14:33:59,232][flwr][INFO] - [ROUND 5]
[2024-12-31 14:33:59,235][flwr][INFO] - configure_fit: strategy sampled 2 clients (out of 10)
[2024-12-31 14:34:09,936][flwr][INFO] - aggregate_fit: received 2 results and 0 failures
[2024-12-31 14:34:13,999][flwr][INFO] - fit progress: (5, 181.94484663009644, {'accuracy': 0.1028}, 67.41665787400416)
[2024-12-31 14:34:14,000][flwr][INFO] - configure_evaluate: strategy sampled 5 clients (out of 10)
[2024-12-31 14:34:14,941][flwr][INFO] - aggregate_evaluate: received 5 results and 0 failures
[2024-12-31 14:34:14,941][flwr][INFO] - 
[2024-12-31 14:34:14,941][flwr][INFO] - [ROUND 6]
[2024-12-31 14:34:14,946][flwr][INFO] - configure_fit: strategy sampled 2 clients (out of 10)
[2024-12-31 14:34:24,655][flwr][INFO] - aggregate_fit: received 2 results and 0 failures
[2024-12-31 14:34:31,682][flwr][INFO] - fit progress: (6, 182.20505833625793, {'accuracy': 0.1032}, 85.0991850010032)
[2024-12-31 14:34:31,682][flwr][INFO] - configure_evaluate: strategy sampled 5 clients (out of 10)
[2024-12-31 14:34:32,761][flwr][INFO] - aggregate_evaluate: received 5 results and 0 failures
[2024-12-31 14:34:32,762][flwr][INFO] - 
[2024-12-31 14:34:32,762][flwr][INFO] - [ROUND 7]
[2024-12-31 14:34:32,769][flwr][INFO] - configure_fit: strategy sampled 2 clients (out of 10)
[2024-12-31 14:34:41,718][flwr][INFO] - aggregate_fit: received 2 results and 0 failures
[2024-12-31 14:34:47,857][flwr][INFO] - fit progress: (7, 182.15438985824585, {'accuracy': 0.098}, 101.27470841100148)
[2024-12-31 14:34:47,858][flwr][INFO] - configure_evaluate: strategy sampled 5 clients (out of 10)
[2024-12-31 14:34:49,669][flwr][INFO] - aggregate_evaluate: received 5 results and 0 failures
[2024-12-31 14:34:49,670][flwr][INFO] - 
[2024-12-31 14:34:49,670][flwr][INFO] - [ROUND 8]
[2024-12-31 14:34:49,677][flwr][INFO] - configure_fit: strategy sampled 2 clients (out of 10)
[2024-12-31 14:35:00,507][flwr][INFO] - aggregate_fit: received 2 results and 0 failures
[2024-12-31 14:35:12,135][flwr][INFO] - fit progress: (8, 182.3494837284088, {'accuracy': 0.1135}, 125.55245154700242)
[2024-12-31 14:35:12,135][flwr][INFO] - configure_evaluate: strategy sampled 5 clients (out of 10)
[2024-12-31 14:35:13,065][flwr][INFO] - aggregate_evaluate: received 5 results and 0 failures
[2024-12-31 14:35:13,065][flwr][INFO] - 
[2024-12-31 14:35:13,065][flwr][INFO] - [ROUND 9]
[2024-12-31 14:35:13,069][flwr][INFO] - configure_fit: strategy sampled 2 clients (out of 10)
[2024-12-31 14:35:26,787][flwr][INFO] - aggregate_fit: received 2 results and 0 failures
[2024-12-31 14:35:47,977][flwr][INFO] - fit progress: (9, 182.29852294921875, {'accuracy': 0.1135}, 161.39449231899926)
[2024-12-31 14:35:47,978][flwr][INFO] - configure_evaluate: strategy sampled 5 clients (out of 10)
[2024-12-31 14:35:50,174][flwr][INFO] - aggregate_evaluate: received 5 results and 0 failures
[2024-12-31 14:35:50,174][flwr][INFO] - 
[2024-12-31 14:35:50,174][flwr][INFO] - [ROUND 10]
[2024-12-31 14:35:50,183][flwr][INFO] - configure_fit: strategy sampled 2 clients (out of 10)
[2024-12-31 14:36:10,207][flwr][INFO] - aggregate_fit: received 2 results and 0 failures
[2024-12-31 14:36:30,470][flwr][INFO] - fit progress: (10, 182.2179811000824, {'accuracy': 0.0974}, 203.8875016430029)
[2024-12-31 14:36:30,471][flwr][INFO] - configure_evaluate: strategy sampled 5 clients (out of 10)
[2024-12-31 14:36:31,944][flwr][INFO] - aggregate_evaluate: received 5 results and 0 failures
[2024-12-31 14:36:31,944][flwr][INFO] - 
[2024-12-31 14:36:31,945][flwr][INFO] - [SUMMARY]
[2024-12-31 14:36:31,945][flwr][INFO] - Run finished 10 round(s) in 205.36s
[2024-12-31 14:36:31,946][flwr][INFO] - 	History (loss, distributed):
[2024-12-31 14:36:31,946][flwr][INFO] - 		round 1: 87.51534790992737
[2024-12-31 14:36:31,947][flwr][INFO] - 		round 2: 87.517795753479
[2024-12-31 14:36:31,947][flwr][INFO] - 		round 3: 87.42626190185547
[2024-12-31 14:36:31,947][flwr][INFO] - 		round 4: 87.57640519142151
[2024-12-31 14:36:31,947][flwr][INFO] - 		round 5: 87.46991834640502
[2024-12-31 14:36:31,947][flwr][INFO] - 		round 6: 87.64467267990112
[2024-12-31 14:36:31,947][flwr][INFO] - 		round 7: 87.55009970664977
[2024-12-31 14:36:31,948][flwr][INFO] - 		round 8: 87.68015193939209
[2024-12-31 14:36:31,948][flwr][INFO] - 		round 9: 87.58363633155822
[2024-12-31 14:36:31,948][flwr][INFO] - 		round 10: 87.69647130966186
[2024-12-31 14:36:31,948][flwr][INFO] - 	History (loss, centralized):
[2024-12-31 14:36:31,948][flwr][INFO] - 		round 0: 181.94270062446594
[2024-12-31 14:36:31,948][flwr][INFO] - 		round 1: 181.97314596176147
[2024-12-31 14:36:31,949][flwr][INFO] - 		round 2: 181.94616842269897
[2024-12-31 14:36:31,949][flwr][INFO] - 		round 3: 181.9274935722351
[2024-12-31 14:36:31,949][flwr][INFO] - 		round 4: 181.92612648010254
[2024-12-31 14:36:31,949][flwr][INFO] - 		round 5: 181.94484663009644
[2024-12-31 14:36:31,949][flwr][INFO] - 		round 6: 182.20505833625793
[2024-12-31 14:36:31,949][flwr][INFO] - 		round 7: 182.15438985824585
[2024-12-31 14:36:31,949][flwr][INFO] - 		round 8: 182.3494837284088
[2024-12-31 14:36:31,950][flwr][INFO] - 		round 9: 182.29852294921875
[2024-12-31 14:36:31,950][flwr][INFO] - 		round 10: 182.2179811000824
[2024-12-31 14:36:31,950][flwr][INFO] - 	History (metrics, centralized):
[2024-12-31 14:36:31,950][flwr][INFO] - 	{'accuracy': [(0, 0.1323),
[2024-12-31 14:36:31,950][flwr][INFO] - 	              (1, 0.1028),
[2024-12-31 14:36:31,950][flwr][INFO] - 	              (2, 0.1028),
[2024-12-31 14:36:31,950][flwr][INFO] - 	              (3, 0.1028),
[2024-12-31 14:36:31,951][flwr][INFO] - 	              (4, 0.1028),
[2024-12-31 14:36:31,951][flwr][INFO] - 	              (5, 0.1028),
[2024-12-31 14:36:31,951][flwr][INFO] - 	              (6, 0.1032),
[2024-12-31 14:36:31,951][flwr][INFO] - 	              (7, 0.098),
[2024-12-31 14:36:31,951][flwr][INFO] - 	              (8, 0.1135),
[2024-12-31 14:36:31,951][flwr][INFO] - 	              (9, 0.1135),
[2024-12-31 14:36:31,952][flwr][INFO] - 	              (10, 0.0974)]}
[2024-12-31 14:36:31,952][flwr][INFO] - 
