[2024-12-31 13:59:38,067][flwr][INFO] - Starting Flower simulation, config: num_rounds=10, no round_timeout
[2024-12-31 13:59:41,532][flwr][INFO] - Flower VCE: Ray initialized with resources: {'object_store_memory': 3183578726.0, 'memory': 6367157454.0, 'node:__internal_head__': 1.0, 'node:192.168.1.11': 1.0, 'CPU': 12.0}
[2024-12-31 13:59:41,532][flwr][INFO] - Optimize your simulation with Flower VCE: https://flower.ai/docs/framework/how-to-run-simulations.html
[2024-12-31 13:59:41,532][flwr][INFO] - Flower VCE: Resources for each Virtual Client: {'num_cpus': 2, 'num_gpus': 0}
[2024-12-31 13:59:41,538][flwr][INFO] - Flower VCE: Creating VirtualClientEngineActorPool with 6 actors
[2024-12-31 13:59:41,538][flwr][INFO] - [INIT]
[2024-12-31 13:59:41,538][flwr][INFO] - Using initial global parameters provided by strategy
[2024-12-31 13:59:41,538][flwr][INFO] - Starting evaluation of initial global parameters
[2024-12-31 13:59:43,969][flwr][INFO] - initial parameters (loss, other metrics): 182.3084671497345, {'accuracy': 0.1052}
[2024-12-31 13:59:43,970][flwr][INFO] - 
[2024-12-31 13:59:43,970][flwr][INFO] - [ROUND 1]
[2024-12-31 13:59:43,970][flwr][INFO] - configure_fit: strategy sampled 2 clients (out of 10)
[2024-12-31 13:59:53,971][flwr][INFO] - aggregate_fit: received 2 results and 0 failures
[2024-12-31 13:59:53,976][flwr][WARNING] - No fit_metrics_aggregation_fn provided
[2024-12-31 13:59:55,156][flwr][INFO] - fit progress: (1, 65.01775920391083, {'accuracy': 0.7885}, 11.186708524997812)
[2024-12-31 13:59:55,157][flwr][INFO] - configure_evaluate: strategy sampled 2 clients (out of 10)
[2024-12-31 13:59:55,552][flwr][INFO] - aggregate_evaluate: received 2 results and 0 failures
[2024-12-31 13:59:55,552][flwr][WARNING] - No evaluate_metrics_aggregation_fn provided
[2024-12-31 13:59:55,552][flwr][INFO] - 
[2024-12-31 13:59:55,552][flwr][INFO] - [ROUND 2]
[2024-12-31 13:59:55,553][flwr][INFO] - configure_fit: strategy sampled 2 clients (out of 10)
[2024-12-31 14:00:03,489][flwr][INFO] - aggregate_fit: received 2 results and 0 failures
[2024-12-31 14:00:04,756][flwr][INFO] - fit progress: (2, 13.27612161822617, {'accuracy': 0.9622}, 20.78654716500023)
[2024-12-31 14:00:04,757][flwr][INFO] - configure_evaluate: strategy sampled 2 clients (out of 10)
[2024-12-31 14:00:05,109][flwr][INFO] - aggregate_evaluate: received 2 results and 0 failures
[2024-12-31 14:00:05,109][flwr][INFO] - 
[2024-12-31 14:00:05,109][flwr][INFO] - [ROUND 3]
[2024-12-31 14:00:05,109][flwr][INFO] - configure_fit: strategy sampled 2 clients (out of 10)
[2024-12-31 14:00:13,198][flwr][INFO] - aggregate_fit: received 2 results and 0 failures
[2024-12-31 14:00:14,300][flwr][INFO] - fit progress: (3, 17.908121146261692, {'accuracy': 0.9483}, 30.330115015000047)
[2024-12-31 14:00:14,300][flwr][INFO] - configure_evaluate: strategy sampled 2 clients (out of 10)
[2024-12-31 14:00:14,660][flwr][INFO] - aggregate_evaluate: received 2 results and 0 failures
[2024-12-31 14:00:14,660][flwr][INFO] - 
[2024-12-31 14:00:14,660][flwr][INFO] - [ROUND 4]
[2024-12-31 14:00:14,660][flwr][INFO] - configure_fit: strategy sampled 2 clients (out of 10)
[2024-12-31 14:00:23,805][flwr][INFO] - aggregate_fit: received 2 results and 0 failures
[2024-12-31 14:00:24,832][flwr][INFO] - fit progress: (4, 46.80868126451969, {'accuracy': 0.8469}, 40.862232610998035)
[2024-12-31 14:00:24,832][flwr][INFO] - configure_evaluate: strategy sampled 2 clients (out of 10)
[2024-12-31 14:00:25,218][flwr][INFO] - aggregate_evaluate: received 2 results and 0 failures
[2024-12-31 14:00:25,219][flwr][INFO] - 
[2024-12-31 14:00:25,219][flwr][INFO] - [ROUND 5]
[2024-12-31 14:00:25,219][flwr][INFO] - configure_fit: strategy sampled 2 clients (out of 10)
[2024-12-31 14:00:34,320][flwr][INFO] - aggregate_fit: received 2 results and 0 failures
[2024-12-31 14:00:35,760][flwr][INFO] - fit progress: (5, 183.18487644195557, {'accuracy': 0.0974}, 51.79039215599914)
[2024-12-31 14:00:35,760][flwr][INFO] - configure_evaluate: strategy sampled 2 clients (out of 10)
[2024-12-31 14:00:36,091][flwr][INFO] - aggregate_evaluate: received 2 results and 0 failures
[2024-12-31 14:00:36,092][flwr][INFO] - 
[2024-12-31 14:00:36,092][flwr][INFO] - [ROUND 6]
[2024-12-31 14:00:36,092][flwr][INFO] - configure_fit: strategy sampled 2 clients (out of 10)
[2024-12-31 14:00:43,792][flwr][INFO] - aggregate_fit: received 2 results and 0 failures
[2024-12-31 14:00:45,049][flwr][INFO] - fit progress: (6, 181.91122961044312, {'accuracy': 0.1135}, 61.079470151998976)
[2024-12-31 14:00:45,050][flwr][INFO] - configure_evaluate: strategy sampled 2 clients (out of 10)
[2024-12-31 14:00:45,410][flwr][INFO] - aggregate_evaluate: received 2 results and 0 failures
[2024-12-31 14:00:45,410][flwr][INFO] - 
[2024-12-31 14:00:45,410][flwr][INFO] - [ROUND 7]
[2024-12-31 14:00:45,411][flwr][INFO] - configure_fit: strategy sampled 2 clients (out of 10)
[2024-12-31 14:00:53,168][flwr][INFO] - aggregate_fit: received 2 results and 0 failures
[2024-12-31 14:00:54,255][flwr][INFO] - fit progress: (7, 181.9390048980713, {'accuracy': 0.1028}, 70.28502108999965)
[2024-12-31 14:00:54,255][flwr][INFO] - configure_evaluate: strategy sampled 2 clients (out of 10)
[2024-12-31 14:00:54,637][flwr][INFO] - aggregate_evaluate: received 2 results and 0 failures
[2024-12-31 14:00:54,638][flwr][INFO] - 
[2024-12-31 14:00:54,638][flwr][INFO] - [ROUND 8]
[2024-12-31 14:00:54,638][flwr][INFO] - configure_fit: strategy sampled 2 clients (out of 10)
[2024-12-31 14:01:02,752][flwr][INFO] - aggregate_fit: received 2 results and 0 failures
[2024-12-31 14:01:04,253][flwr][INFO] - fit progress: (8, 181.9400942325592, {'accuracy': 0.1135}, 80.28315378200205)
[2024-12-31 14:01:04,253][flwr][INFO] - configure_evaluate: strategy sampled 2 clients (out of 10)
[2024-12-31 14:01:04,637][flwr][INFO] - aggregate_evaluate: received 2 results and 0 failures
[2024-12-31 14:01:04,637][flwr][INFO] - 
[2024-12-31 14:01:04,637][flwr][INFO] - [ROUND 9]
[2024-12-31 14:01:04,637][flwr][INFO] - configure_fit: strategy sampled 2 clients (out of 10)
[2024-12-31 14:01:12,581][flwr][INFO] - aggregate_fit: received 2 results and 0 failures
[2024-12-31 14:01:13,911][flwr][INFO] - fit progress: (9, 181.93766331672668, {'accuracy': 0.1135}, 89.94130286900327)
[2024-12-31 14:01:13,911][flwr][INFO] - configure_evaluate: strategy sampled 2 clients (out of 10)
[2024-12-31 14:01:14,246][flwr][INFO] - aggregate_evaluate: received 2 results and 0 failures
[2024-12-31 14:01:14,246][flwr][INFO] - 
[2024-12-31 14:01:14,246][flwr][INFO] - [ROUND 10]
[2024-12-31 14:01:14,247][flwr][INFO] - configure_fit: strategy sampled 2 clients (out of 10)
[2024-12-31 14:01:22,104][flwr][INFO] - aggregate_fit: received 2 results and 0 failures
[2024-12-31 14:01:23,371][flwr][INFO] - fit progress: (10, 181.98935675621033, {'accuracy': 0.1135}, 99.40117860399914)
[2024-12-31 14:01:23,371][flwr][INFO] - configure_evaluate: strategy sampled 2 clients (out of 10)
[2024-12-31 14:01:23,766][flwr][INFO] - aggregate_evaluate: received 2 results and 0 failures
[2024-12-31 14:01:23,766][flwr][INFO] - 
[2024-12-31 14:01:23,766][flwr][INFO] - [SUMMARY]
[2024-12-31 14:01:23,766][flwr][INFO] - Run finished 10 round(s) in 99.80s
[2024-12-31 14:01:23,767][flwr][INFO] - 	History (loss, distributed):
[2024-12-31 14:01:23,767][flwr][INFO] - 		round 1: 16.33370840549469
[2024-12-31 14:01:23,767][flwr][INFO] - 		round 2: 4.062950657680631
[2024-12-31 14:01:23,767][flwr][INFO] - 		round 3: 4.949973038863391
[2024-12-31 14:01:23,767][flwr][INFO] - 		round 4: 11.543970376253128
[2024-12-31 14:01:23,767][flwr][INFO] - 		round 5: 44.279842257499695
[2024-12-31 14:01:23,767][flwr][INFO] - 		round 6: 43.69708597660065
[2024-12-31 14:01:23,767][flwr][INFO] - 		round 7: 43.7921187877655
[2024-12-31 14:01:23,767][flwr][INFO] - 		round 8: 43.762561321258545
[2024-12-31 14:01:23,768][flwr][INFO] - 		round 9: 43.67784905433655
[2024-12-31 14:01:23,768][flwr][INFO] - 		round 10: 43.70275545120239
[2024-12-31 14:01:23,768][flwr][INFO] - 	History (loss, centralized):
[2024-12-31 14:01:23,768][flwr][INFO] - 		round 0: 182.3084671497345
[2024-12-31 14:01:23,768][flwr][INFO] - 		round 1: 65.01775920391083
[2024-12-31 14:01:23,768][flwr][INFO] - 		round 2: 13.27612161822617
[2024-12-31 14:01:23,768][flwr][INFO] - 		round 3: 17.908121146261692
[2024-12-31 14:01:23,768][flwr][INFO] - 		round 4: 46.80868126451969
[2024-12-31 14:01:23,768][flwr][INFO] - 		round 5: 183.18487644195557
[2024-12-31 14:01:23,768][flwr][INFO] - 		round 6: 181.91122961044312
[2024-12-31 14:01:23,768][flwr][INFO] - 		round 7: 181.9390048980713
[2024-12-31 14:01:23,768][flwr][INFO] - 		round 8: 181.9400942325592
[2024-12-31 14:01:23,769][flwr][INFO] - 		round 9: 181.93766331672668
[2024-12-31 14:01:23,769][flwr][INFO] - 		round 10: 181.98935675621033
[2024-12-31 14:01:23,769][flwr][INFO] - 	History (metrics, centralized):
[2024-12-31 14:01:23,769][flwr][INFO] - 	{'accuracy': [(0, 0.1052),
[2024-12-31 14:01:23,769][flwr][INFO] - 	              (1, 0.7885),
[2024-12-31 14:01:23,769][flwr][INFO] - 	              (2, 0.9622),
[2024-12-31 14:01:23,769][flwr][INFO] - 	              (3, 0.9483),
[2024-12-31 14:01:23,769][flwr][INFO] - 	              (4, 0.8469),
[2024-12-31 14:01:23,769][flwr][INFO] - 	              (5, 0.0974),
[2024-12-31 14:01:23,769][flwr][INFO] - 	              (6, 0.1135),
[2024-12-31 14:01:23,769][flwr][INFO] - 	              (7, 0.1028),
[2024-12-31 14:01:23,769][flwr][INFO] - 	              (8, 0.1135),
[2024-12-31 14:01:23,770][flwr][INFO] - 	              (9, 0.1135),
[2024-12-31 14:01:23,770][flwr][INFO] - 	              (10, 0.1135)]}
[2024-12-31 14:01:23,770][flwr][INFO] - 
