[2025-01-07 14:14:02,260][flwr][INFO] - Starting Flower simulation, config: num_rounds=5, no round_timeout
[2025-01-07 14:14:05,687][flwr][INFO] - Flower VCE: Ray initialized with resources: {'CPU': 12.0, 'node:192.168.1.11': 1.0, 'memory': 6331578779.0, 'object_store_memory': 3165789388.0, 'node:__internal_head__': 1.0}
[2025-01-07 14:14:05,687][flwr][INFO] - Optimize your simulation with Flower VCE: https://flower.ai/docs/framework/how-to-run-simulations.html
[2025-01-07 14:14:05,687][flwr][INFO] - Flower VCE: Resources for each Virtual Client: {'num_cpus': 2, 'num_gpus': 0}
[2025-01-07 14:14:05,693][flwr][INFO] - Flower VCE: Creating VirtualClientEngineActorPool with 6 actors
[2025-01-07 14:14:05,693][flwr][INFO] - [INIT]
[2025-01-07 14:14:05,694][flwr][INFO] - Requesting initial parameters from one random client
[2025-01-07 14:14:08,377][flwr][INFO] - Received initial parameters from one random client
[2025-01-07 14:14:08,377][flwr][INFO] - Starting evaluation of initial global parameters
[2025-01-07 14:14:09,780][flwr][INFO] - initial parameters (loss, other metrics): 182.2687201499939, {'accuracy': 0.1017}
[2025-01-07 14:14:09,780][flwr][INFO] - 
[2025-01-07 14:14:09,780][flwr][INFO] - [ROUND 1]
[2025-01-07 14:14:09,780][flwr][INFO] - configure_fit: strategy sampled 2 clients (out of 10)
[2025-01-07 14:14:20,169][flwr][INFO] - aggregate_fit: received 2 results and 0 failures
[2025-01-07 14:14:20,173][flwr][WARNING] - No fit_metrics_aggregation_fn provided
[2025-01-07 14:14:21,363][flwr][INFO] - fit progress: (1, 61.78594836592674, {'accuracy': 0.839}, 11.582710561000567)
[2025-01-07 14:14:21,363][flwr][INFO] - configure_evaluate: strategy sampled 2 clients (out of 10)
[2025-01-07 14:14:21,750][flwr][INFO] - aggregate_evaluate: received 2 results and 0 failures
[2025-01-07 14:14:21,751][flwr][WARNING] - No evaluate_metrics_aggregation_fn provided
[2025-01-07 14:14:21,751][flwr][INFO] - 
[2025-01-07 14:14:21,751][flwr][INFO] - [ROUND 2]
[2025-01-07 14:14:21,751][flwr][INFO] - configure_fit: strategy sampled 2 clients (out of 10)
[2025-01-07 14:14:30,352][flwr][INFO] - aggregate_fit: received 2 results and 0 failures
[2025-01-07 14:14:31,907][flwr][INFO] - fit progress: (2, 16.382453912869096, {'accuracy': 0.956}, 22.12709577699934)
[2025-01-07 14:14:31,907][flwr][INFO] - configure_evaluate: strategy sampled 2 clients (out of 10)
[2025-01-07 14:14:32,271][flwr][INFO] - aggregate_evaluate: received 2 results and 0 failures
[2025-01-07 14:14:32,272][flwr][INFO] - 
[2025-01-07 14:14:32,272][flwr][INFO] - [ROUND 3]
[2025-01-07 14:14:32,272][flwr][INFO] - configure_fit: strategy sampled 2 clients (out of 10)
[2025-01-07 14:14:41,066][flwr][INFO] - aggregate_fit: received 2 results and 0 failures
[2025-01-07 14:14:42,237][flwr][INFO] - fit progress: (3, 10.391965036280453, {'accuracy': 0.9733}, 32.45722418399964)
[2025-01-07 14:14:42,237][flwr][INFO] - configure_evaluate: strategy sampled 2 clients (out of 10)
[2025-01-07 14:14:42,628][flwr][INFO] - aggregate_evaluate: received 2 results and 0 failures
[2025-01-07 14:14:42,628][flwr][INFO] - 
[2025-01-07 14:14:42,629][flwr][INFO] - [ROUND 4]
[2025-01-07 14:14:42,629][flwr][INFO] - configure_fit: strategy sampled 2 clients (out of 10)
[2025-01-07 14:14:51,895][flwr][INFO] - aggregate_fit: received 2 results and 0 failures
[2025-01-07 14:14:53,461][flwr][INFO] - fit progress: (4, 242.62360072135925, {'accuracy': 0.159}, 43.68105873899913)
[2025-01-07 14:14:53,461][flwr][INFO] - configure_evaluate: strategy sampled 2 clients (out of 10)
[2025-01-07 14:14:53,852][flwr][INFO] - aggregate_evaluate: received 2 results and 0 failures
[2025-01-07 14:14:53,852][flwr][INFO] - 
[2025-01-07 14:14:53,852][flwr][INFO] - [ROUND 5]
[2025-01-07 14:14:53,853][flwr][INFO] - configure_fit: strategy sampled 2 clients (out of 10)
[2025-01-07 14:15:02,034][flwr][INFO] - aggregate_fit: received 2 results and 0 failures
[2025-01-07 14:15:03,395][flwr][INFO] - fit progress: (5, 181.88699412345886, {'accuracy': 0.1135}, 53.614709282999684)
[2025-01-07 14:15:03,395][flwr][INFO] - configure_evaluate: strategy sampled 2 clients (out of 10)
[2025-01-07 14:15:03,793][flwr][INFO] - aggregate_evaluate: received 2 results and 0 failures
[2025-01-07 14:15:03,794][flwr][INFO] - 
[2025-01-07 14:15:03,794][flwr][INFO] - [SUMMARY]
[2025-01-07 14:15:03,794][flwr][INFO] - Run finished 5 round(s) in 54.01s
[2025-01-07 14:15:03,794][flwr][INFO] - 	History (loss, distributed):
[2025-01-07 14:15:03,794][flwr][INFO] - 		round 1: 15.308132573962212
[2025-01-07 14:15:03,794][flwr][INFO] - 		round 2: 4.055547941476107
[2025-01-07 14:15:03,794][flwr][INFO] - 		round 3: 3.0376996276900172
[2025-01-07 14:15:03,794][flwr][INFO] - 		round 4: 56.948992133140564
[2025-01-07 14:15:03,794][flwr][INFO] - 		round 5: 43.66973340511322
[2025-01-07 14:15:03,794][flwr][INFO] - 	History (loss, centralized):
[2025-01-07 14:15:03,794][flwr][INFO] - 		round 0: 182.2687201499939
[2025-01-07 14:15:03,794][flwr][INFO] - 		round 1: 61.78594836592674
[2025-01-07 14:15:03,794][flwr][INFO] - 		round 2: 16.382453912869096
[2025-01-07 14:15:03,794][flwr][INFO] - 		round 3: 10.391965036280453
[2025-01-07 14:15:03,795][flwr][INFO] - 		round 4: 242.62360072135925
[2025-01-07 14:15:03,795][flwr][INFO] - 		round 5: 181.88699412345886
[2025-01-07 14:15:03,795][flwr][INFO] - 	History (metrics, centralized):
[2025-01-07 14:15:03,795][flwr][INFO] - 	{'accuracy': [(0, 0.1017),
[2025-01-07 14:15:03,795][flwr][INFO] - 	              (1, 0.839),
[2025-01-07 14:15:03,795][flwr][INFO] - 	              (2, 0.956),
[2025-01-07 14:15:03,795][flwr][INFO] - 	              (3, 0.9733),
[2025-01-07 14:15:03,795][flwr][INFO] - 	              (4, 0.159),
[2025-01-07 14:15:03,795][flwr][INFO] - 	              (5, 0.1135)]}
[2025-01-07 14:15:03,795][flwr][INFO] - 
