[2025-01-07 13:16:15,255][flwr][INFO] - Starting Flower simulation, config: num_rounds=5, no round_timeout
[2025-01-07 13:16:19,676][flwr][INFO] - Flower VCE: Ray initialized with resources: {'node:__internal_head__': 1.0, 'object_store_memory': 1675977523.0, 'memory': 3351955047.0, 'node:192.168.1.11': 1.0, 'CPU': 12.0}
[2025-01-07 13:16:19,677][flwr][INFO] - Optimize your simulation with Flower VCE: https://flower.ai/docs/framework/how-to-run-simulations.html
[2025-01-07 13:16:19,677][flwr][INFO] - Flower VCE: Resources for each Virtual Client: {'num_cpus': 2, 'num_gpus': 0}
[2025-01-07 13:16:19,703][flwr][INFO] - Flower VCE: Creating VirtualClientEngineActorPool with 6 actors
[2025-01-07 13:16:19,704][flwr][INFO] - [INIT]
[2025-01-07 13:16:19,704][flwr][INFO] - Requesting initial parameters from one random client
[2025-01-07 13:16:24,293][flwr][INFO] - Received initial parameters from one random client
[2025-01-07 13:16:24,293][flwr][INFO] - Starting evaluation of initial global parameters
[2025-01-07 13:16:26,663][flwr][INFO] - initial parameters (loss, other metrics): 182.46676635742188, {'accuracy': 0.0429}
[2025-01-07 13:16:26,663][flwr][INFO] - 
[2025-01-07 13:16:26,663][flwr][INFO] - [ROUND 1]
[2025-01-07 13:16:26,663][flwr][INFO] - configure_fit: strategy sampled 2 clients (out of 5)
[2025-01-07 13:17:03,788][flwr][INFO] - aggregate_fit: received 2 results and 0 failures
[2025-01-07 13:17:03,791][flwr][WARNING] - No fit_metrics_aggregation_fn provided
[2025-01-07 13:17:06,361][flwr][INFO] - fit progress: (1, 178.52878618240356, {'accuracy': 0.1617}, 39.6981269780008)
[2025-01-07 13:17:06,361][flwr][INFO] - configure_evaluate: strategy sampled 5 clients (out of 5)
[2025-01-07 13:17:13,897][flwr][INFO] - aggregate_evaluate: received 5 results and 0 failures
[2025-01-07 13:17:13,897][flwr][WARNING] - No evaluate_metrics_aggregation_fn provided
[2025-01-07 13:17:13,897][flwr][INFO] - 
[2025-01-07 13:17:13,897][flwr][INFO] - [ROUND 2]
[2025-01-07 13:17:13,898][flwr][INFO] - configure_fit: strategy sampled 2 clients (out of 5)
[2025-01-07 13:17:46,237][flwr][INFO] - aggregate_fit: received 2 results and 0 failures
[2025-01-07 13:17:47,935][flwr][INFO] - fit progress: (2, 168.16215765476227, {'accuracy': 0.1863}, 81.27233780299866)
[2025-01-07 13:17:47,935][flwr][INFO] - configure_evaluate: strategy sampled 5 clients (out of 5)
[2025-01-07 13:17:49,144][flwr][INFO] - aggregate_evaluate: received 5 results and 0 failures
[2025-01-07 13:17:49,144][flwr][INFO] - 
[2025-01-07 13:17:49,144][flwr][INFO] - [ROUND 3]
[2025-01-07 13:17:49,144][flwr][INFO] - configure_fit: strategy sampled 2 clients (out of 5)
[2025-01-07 13:18:11,392][flwr][INFO] - aggregate_fit: received 2 results and 0 failures
[2025-01-07 13:18:12,612][flwr][INFO] - fit progress: (3, 181.9810869693756, {'accuracy': 0.1028}, 105.94913661499959)
[2025-01-07 13:18:12,612][flwr][INFO] - configure_evaluate: strategy sampled 5 clients (out of 5)
[2025-01-07 13:18:13,818][flwr][INFO] - aggregate_evaluate: received 5 results and 0 failures
[2025-01-07 13:18:13,818][flwr][INFO] - 
[2025-01-07 13:18:13,818][flwr][INFO] - [ROUND 4]
[2025-01-07 13:18:13,818][flwr][INFO] - configure_fit: strategy sampled 2 clients (out of 5)
[2025-01-07 13:18:38,798][flwr][INFO] - aggregate_fit: received 2 results and 0 failures
[2025-01-07 13:18:40,638][flwr][INFO] - fit progress: (4, 182.03035759925842, {'accuracy': 0.1028}, 133.97493810300148)
[2025-01-07 13:18:40,638][flwr][INFO] - configure_evaluate: strategy sampled 5 clients (out of 5)
[2025-01-07 13:18:41,773][flwr][INFO] - aggregate_evaluate: received 5 results and 0 failures
[2025-01-07 13:18:41,773][flwr][INFO] - 
[2025-01-07 13:18:41,773][flwr][INFO] - [ROUND 5]
[2025-01-07 13:18:41,773][flwr][INFO] - configure_fit: strategy sampled 2 clients (out of 5)
[2025-01-07 13:19:05,294][flwr][INFO] - aggregate_fit: received 2 results and 0 failures
[2025-01-07 13:19:07,383][flwr][INFO] - fit progress: (5, 181.9981141090393, {'accuracy': 0.101}, 160.72005687699857)
[2025-01-07 13:19:07,383][flwr][INFO] - configure_evaluate: strategy sampled 5 clients (out of 5)
[2025-01-07 13:19:08,737][flwr][INFO] - aggregate_evaluate: received 5 results and 0 failures
[2025-01-07 13:19:08,737][flwr][INFO] - 
[2025-01-07 13:19:08,737][flwr][INFO] - [SUMMARY]
[2025-01-07 13:19:08,737][flwr][INFO] - Run finished 5 round(s) in 162.07s
[2025-01-07 13:19:08,738][flwr][INFO] - 	History (loss, distributed):
[2025-01-07 13:19:08,738][flwr][INFO] - 		round 1: 169.4965518951416
[2025-01-07 13:19:08,738][flwr][INFO] - 		round 2: 159.77955660820007
[2025-01-07 13:19:08,739][flwr][INFO] - 		round 3: 172.75522589683533
[2025-01-07 13:19:08,739][flwr][INFO] - 		round 4: 172.85993127822877
[2025-01-07 13:19:08,739][flwr][INFO] - 		round 5: 172.82253980636597
[2025-01-07 13:19:08,739][flwr][INFO] - 	History (loss, centralized):
[2025-01-07 13:19:08,739][flwr][INFO] - 		round 0: 182.46676635742188
[2025-01-07 13:19:08,739][flwr][INFO] - 		round 1: 178.52878618240356
[2025-01-07 13:19:08,740][flwr][INFO] - 		round 2: 168.16215765476227
[2025-01-07 13:19:08,740][flwr][INFO] - 		round 3: 181.9810869693756
[2025-01-07 13:19:08,740][flwr][INFO] - 		round 4: 182.03035759925842
[2025-01-07 13:19:08,740][flwr][INFO] - 		round 5: 181.9981141090393
[2025-01-07 13:19:08,740][flwr][INFO] - 	History (metrics, centralized):
[2025-01-07 13:19:08,740][flwr][INFO] - 	{'accuracy': [(0, 0.0429),
[2025-01-07 13:19:08,741][flwr][INFO] - 	              (1, 0.1617),
[2025-01-07 13:19:08,741][flwr][INFO] - 	              (2, 0.1863),
[2025-01-07 13:19:08,741][flwr][INFO] - 	              (3, 0.1028),
[2025-01-07 13:19:08,741][flwr][INFO] - 	              (4, 0.1028),
[2025-01-07 13:19:08,741][flwr][INFO] - 	              (5, 0.101)]}
[2025-01-07 13:19:08,741][flwr][INFO] - 
