[2025-01-07 22:37:52,656][flwr][INFO] - Starting Flower simulation, config: num_rounds=15, no round_timeout
[2025-01-07 22:37:56,179][flwr][INFO] - Flower VCE: Ray initialized with resources: {'memory': 6265314510.0, 'object_store_memory': 3132657254.0, 'node:__internal_head__': 1.0, 'node:192.168.1.11': 1.0, 'CPU': 12.0}
[2025-01-07 22:37:56,179][flwr][INFO] - Optimize your simulation with Flower VCE: https://flower.ai/docs/framework/how-to-run-simulations.html
[2025-01-07 22:37:56,179][flwr][INFO] - Flower VCE: Resources for each Virtual Client: {'num_cpus': 2, 'num_gpus': 0}
[2025-01-07 22:37:56,188][flwr][INFO] - Flower VCE: Creating VirtualClientEngineActorPool with 6 actors
[2025-01-07 22:37:56,189][flwr][INFO] - [INIT]
[2025-01-07 22:37:56,189][flwr][INFO] - Requesting initial parameters from one random client
[2025-01-07 22:37:58,679][flwr][INFO] - Received initial parameters from one random client
[2025-01-07 22:37:58,680][flwr][INFO] - Starting evaluation of initial global parameters
[2025-01-07 22:38:00,045][flwr][INFO] - initial parameters (loss, other metrics): 182.40114831924438, {'accuracy': 0.0892}
[2025-01-07 22:38:00,046][flwr][INFO] - 
[2025-01-07 22:38:00,046][flwr][INFO] - [ROUND 1]
[2025-01-07 22:38:00,046][flwr][INFO] - configure_fit: strategy sampled 2 clients (out of 10)
[2025-01-07 22:38:07,519][flwr][INFO] - aggregate_fit: received 2 results and 0 failures
[2025-01-07 22:38:07,523][flwr][WARNING] - No fit_metrics_aggregation_fn provided
[2025-01-07 22:38:08,776][flwr][INFO] - fit progress: (1, 188.34135699272156, {'accuracy': 0.1153}, 8.730240599004901)
[2025-01-07 22:38:08,776][flwr][INFO] - configure_evaluate: strategy sampled 2 clients (out of 10)
[2025-01-07 22:38:09,171][flwr][INFO] - aggregate_evaluate: received 2 results and 0 failures
[2025-01-07 22:38:09,171][flwr][WARNING] - No evaluate_metrics_aggregation_fn provided
[2025-01-07 22:38:09,171][flwr][INFO] - 
[2025-01-07 22:38:09,171][flwr][INFO] - [ROUND 2]
[2025-01-07 22:38:09,172][flwr][INFO] - configure_fit: strategy sampled 2 clients (out of 10)
[2025-01-07 22:38:14,302][flwr][INFO] - aggregate_fit: received 2 results and 0 failures
[2025-01-07 22:38:16,113][flwr][INFO] - fit progress: (2, 131.38108444213867, {'accuracy': 0.4486}, 16.066780147004465)
[2025-01-07 22:38:16,113][flwr][INFO] - configure_evaluate: strategy sampled 2 clients (out of 10)
[2025-01-07 22:38:16,431][flwr][INFO] - aggregate_evaluate: received 2 results and 0 failures
[2025-01-07 22:38:16,431][flwr][INFO] - 
[2025-01-07 22:38:16,431][flwr][INFO] - [ROUND 3]
[2025-01-07 22:38:16,431][flwr][INFO] - configure_fit: strategy sampled 2 clients (out of 10)
[2025-01-07 22:38:21,346][flwr][INFO] - aggregate_fit: received 2 results and 0 failures
[2025-01-07 22:38:22,889][flwr][INFO] - fit progress: (3, 86.69345754384995, {'accuracy': 0.749}, 22.8431380309994)
[2025-01-07 22:38:22,889][flwr][INFO] - configure_evaluate: strategy sampled 2 clients (out of 10)
[2025-01-07 22:38:23,235][flwr][INFO] - aggregate_evaluate: received 2 results and 0 failures
[2025-01-07 22:38:23,236][flwr][INFO] - 
[2025-01-07 22:38:23,236][flwr][INFO] - [ROUND 4]
[2025-01-07 22:38:23,236][flwr][INFO] - configure_fit: strategy sampled 2 clients (out of 10)
[2025-01-07 22:38:28,262][flwr][INFO] - aggregate_fit: received 2 results and 0 failures
[2025-01-07 22:38:29,982][flwr][INFO] - fit progress: (4, 187.93536686897278, {'accuracy': 0.101}, 29.93672888000583)
[2025-01-07 22:38:29,983][flwr][INFO] - configure_evaluate: strategy sampled 2 clients (out of 10)
[2025-01-07 22:38:30,306][flwr][INFO] - aggregate_evaluate: received 2 results and 0 failures
[2025-01-07 22:38:30,307][flwr][INFO] - 
[2025-01-07 22:38:30,307][flwr][INFO] - [ROUND 5]
[2025-01-07 22:38:30,307][flwr][INFO] - configure_fit: strategy sampled 2 clients (out of 10)
[2025-01-07 22:38:35,106][flwr][INFO] - aggregate_fit: received 2 results and 0 failures
[2025-01-07 22:38:36,572][flwr][INFO] - fit progress: (5, 181.95302152633667, {'accuracy': 0.1135}, 36.525917883001966)
[2025-01-07 22:38:36,572][flwr][INFO] - configure_evaluate: strategy sampled 2 clients (out of 10)
[2025-01-07 22:38:36,918][flwr][INFO] - aggregate_evaluate: received 2 results and 0 failures
[2025-01-07 22:38:36,918][flwr][INFO] - 
[2025-01-07 22:38:36,918][flwr][INFO] - [ROUND 6]
[2025-01-07 22:38:36,918][flwr][INFO] - configure_fit: strategy sampled 2 clients (out of 10)
[2025-01-07 22:38:41,703][flwr][INFO] - aggregate_fit: received 2 results and 0 failures
[2025-01-07 22:38:42,868][flwr][INFO] - fit progress: (6, 182.2606475353241, {'accuracy': 0.101}, 42.82266005300335)
[2025-01-07 22:38:42,869][flwr][INFO] - configure_evaluate: strategy sampled 2 clients (out of 10)
[2025-01-07 22:38:43,263][flwr][INFO] - aggregate_evaluate: received 2 results and 0 failures
[2025-01-07 22:38:43,263][flwr][INFO] - 
[2025-01-07 22:38:43,263][flwr][INFO] - [ROUND 7]
[2025-01-07 22:38:43,263][flwr][INFO] - configure_fit: strategy sampled 2 clients (out of 10)
[2025-01-07 22:38:48,131][flwr][INFO] - aggregate_fit: received 2 results and 0 failures
[2025-01-07 22:38:49,480][flwr][INFO] - fit progress: (7, 181.94585943222046, {'accuracy': 0.1032}, 49.433807444002014)
[2025-01-07 22:38:49,480][flwr][INFO] - configure_evaluate: strategy sampled 2 clients (out of 10)
[2025-01-07 22:38:49,851][flwr][INFO] - aggregate_evaluate: received 2 results and 0 failures
[2025-01-07 22:38:49,851][flwr][INFO] - 
[2025-01-07 22:38:49,852][flwr][INFO] - [ROUND 8]
[2025-01-07 22:38:49,852][flwr][INFO] - configure_fit: strategy sampled 2 clients (out of 10)
[2025-01-07 22:38:54,723][flwr][INFO] - aggregate_fit: received 2 results and 0 failures
[2025-01-07 22:38:55,972][flwr][INFO] - fit progress: (8, 182.26014971733093, {'accuracy': 0.0974}, 55.92634650400578)
[2025-01-07 22:38:55,972][flwr][INFO] - configure_evaluate: strategy sampled 2 clients (out of 10)
[2025-01-07 22:38:56,350][flwr][INFO] - aggregate_evaluate: received 2 results and 0 failures
[2025-01-07 22:38:56,351][flwr][INFO] - 
[2025-01-07 22:38:56,351][flwr][INFO] - [ROUND 9]
[2025-01-07 22:38:56,351][flwr][INFO] - configure_fit: strategy sampled 2 clients (out of 10)
[2025-01-07 22:39:01,187][flwr][INFO] - aggregate_fit: received 2 results and 0 failures
[2025-01-07 22:39:02,979][flwr][INFO] - fit progress: (9, 182.03059220314026, {'accuracy': 0.1135}, 62.93298563600547)
[2025-01-07 22:39:02,979][flwr][INFO] - configure_evaluate: strategy sampled 2 clients (out of 10)
[2025-01-07 22:39:03,334][flwr][INFO] - aggregate_evaluate: received 2 results and 0 failures
[2025-01-07 22:39:03,334][flwr][INFO] - 
[2025-01-07 22:39:03,334][flwr][INFO] - [ROUND 10]
[2025-01-07 22:39:03,334][flwr][INFO] - configure_fit: strategy sampled 2 clients (out of 10)
[2025-01-07 22:39:08,116][flwr][INFO] - aggregate_fit: received 2 results and 0 failures
[2025-01-07 22:39:09,846][flwr][INFO] - fit progress: (10, 181.92895007133484, {'accuracy': 0.1135}, 69.8000465820005)
[2025-01-07 22:39:09,846][flwr][INFO] - configure_evaluate: strategy sampled 2 clients (out of 10)
[2025-01-07 22:39:10,179][flwr][INFO] - aggregate_evaluate: received 2 results and 0 failures
[2025-01-07 22:39:10,179][flwr][INFO] - 
[2025-01-07 22:39:10,179][flwr][INFO] - [ROUND 11]
[2025-01-07 22:39:10,180][flwr][INFO] - configure_fit: strategy sampled 2 clients (out of 10)
[2025-01-07 22:39:14,888][flwr][INFO] - aggregate_fit: received 2 results and 0 failures
[2025-01-07 22:39:16,318][flwr][INFO] - fit progress: (11, 182.14348578453064, {'accuracy': 0.101}, 76.27215519700258)
[2025-01-07 22:39:16,318][flwr][INFO] - configure_evaluate: strategy sampled 2 clients (out of 10)
[2025-01-07 22:39:16,717][flwr][INFO] - aggregate_evaluate: received 2 results and 0 failures
[2025-01-07 22:39:16,717][flwr][INFO] - 
[2025-01-07 22:39:16,717][flwr][INFO] - [ROUND 12]
[2025-01-07 22:39:16,717][flwr][INFO] - configure_fit: strategy sampled 2 clients (out of 10)
[2025-01-07 22:39:21,710][flwr][INFO] - aggregate_fit: received 2 results and 0 failures
[2025-01-07 22:39:23,122][flwr][INFO] - fit progress: (12, 182.14862871170044, {'accuracy': 0.1032}, 83.07643287500105)
[2025-01-07 22:39:23,122][flwr][INFO] - configure_evaluate: strategy sampled 2 clients (out of 10)
[2025-01-07 22:39:23,490][flwr][INFO] - aggregate_evaluate: received 2 results and 0 failures
[2025-01-07 22:39:23,490][flwr][INFO] - 
[2025-01-07 22:39:23,490][flwr][INFO] - [ROUND 13]
[2025-01-07 22:39:23,491][flwr][INFO] - configure_fit: strategy sampled 2 clients (out of 10)
[2025-01-07 22:39:28,305][flwr][INFO] - aggregate_fit: received 2 results and 0 failures
[2025-01-07 22:39:29,897][flwr][INFO] - fit progress: (13, 181.92968153953552, {'accuracy': 0.1135}, 89.85158838600182)
[2025-01-07 22:39:29,898][flwr][INFO] - configure_evaluate: strategy sampled 2 clients (out of 10)
[2025-01-07 22:39:30,268][flwr][INFO] - aggregate_evaluate: received 2 results and 0 failures
[2025-01-07 22:39:30,268][flwr][INFO] - 
[2025-01-07 22:39:30,302][flwr][INFO] - [ROUND 14]
[2025-01-07 22:39:30,303][flwr][INFO] - configure_fit: strategy sampled 2 clients (out of 10)
[2025-01-07 22:39:35,217][flwr][INFO] - aggregate_fit: received 2 results and 0 failures
[2025-01-07 22:39:36,615][flwr][INFO] - fit progress: (14, 182.20547795295715, {'accuracy': 0.101}, 96.56901200500579)
[2025-01-07 22:39:36,615][flwr][INFO] - configure_evaluate: strategy sampled 2 clients (out of 10)
[2025-01-07 22:39:37,004][flwr][INFO] - aggregate_evaluate: received 2 results and 0 failures
[2025-01-07 22:39:37,004][flwr][INFO] - 
[2025-01-07 22:39:37,004][flwr][INFO] - [ROUND 15]
[2025-01-07 22:39:37,004][flwr][INFO] - configure_fit: strategy sampled 2 clients (out of 10)
[2025-01-07 22:39:41,960][flwr][INFO] - aggregate_fit: received 2 results and 0 failures
[2025-01-07 22:39:43,495][flwr][INFO] - fit progress: (15, 182.04657816886902, {'accuracy': 0.1032}, 103.44881468400126)
[2025-01-07 22:39:43,495][flwr][INFO] - configure_evaluate: strategy sampled 2 clients (out of 10)
[2025-01-07 22:39:43,837][flwr][INFO] - aggregate_evaluate: received 2 results and 0 failures
[2025-01-07 22:39:43,837][flwr][INFO] - 
[2025-01-07 22:39:43,837][flwr][INFO] - [SUMMARY]
[2025-01-07 22:39:43,837][flwr][INFO] - Run finished 15 round(s) in 103.79s
[2025-01-07 22:39:43,837][flwr][INFO] - 	History (loss, distributed):
[2025-01-07 22:39:43,837][flwr][INFO] - 		round 1: 44.888166546821594
[2025-01-07 22:39:43,838][flwr][INFO] - 		round 2: 32.03007489442825
[2025-01-07 22:39:43,838][flwr][INFO] - 		round 3: 21.812742441892624
[2025-01-07 22:39:43,838][flwr][INFO] - 		round 4: 45.22816705703735
[2025-01-07 22:39:43,838][flwr][INFO] - 		round 5: 43.81598973274231
[2025-01-07 22:39:43,838][flwr][INFO] - 		round 6: 43.776193261146545
[2025-01-07 22:39:43,838][flwr][INFO] - 		round 7: 43.78569424152374
[2025-01-07 22:39:43,838][flwr][INFO] - 		round 8: 43.81232249736786
[2025-01-07 22:39:43,838][flwr][INFO] - 		round 9: 43.66732907295227
[2025-01-07 22:39:43,838][flwr][INFO] - 		round 10: 43.72541332244873
[2025-01-07 22:39:43,838][flwr][INFO] - 		round 11: 43.82469832897186
[2025-01-07 22:39:43,838][flwr][INFO] - 		round 12: 43.931509017944336
[2025-01-07 22:39:43,838][flwr][INFO] - 		round 13: 43.70389246940613
[2025-01-07 22:39:43,838][flwr][INFO] - 		round 14: 43.800063610076904
[2025-01-07 22:39:43,838][flwr][INFO] - 		round 15: 43.82074475288391
[2025-01-07 22:39:43,838][flwr][INFO] - 	History (loss, centralized):
[2025-01-07 22:39:43,838][flwr][INFO] - 		round 0: 182.40114831924438
[2025-01-07 22:39:43,838][flwr][INFO] - 		round 1: 188.34135699272156
[2025-01-07 22:39:43,838][flwr][INFO] - 		round 2: 131.38108444213867
[2025-01-07 22:39:43,838][flwr][INFO] - 		round 3: 86.69345754384995
[2025-01-07 22:39:43,838][flwr][INFO] - 		round 4: 187.93536686897278
[2025-01-07 22:39:43,838][flwr][INFO] - 		round 5: 181.95302152633667
[2025-01-07 22:39:43,838][flwr][INFO] - 		round 6: 182.2606475353241
[2025-01-07 22:39:43,838][flwr][INFO] - 		round 7: 181.94585943222046
[2025-01-07 22:39:43,838][flwr][INFO] - 		round 8: 182.26014971733093
[2025-01-07 22:39:43,838][flwr][INFO] - 		round 9: 182.03059220314026
[2025-01-07 22:39:43,838][flwr][INFO] - 		round 10: 181.92895007133484
[2025-01-07 22:39:43,838][flwr][INFO] - 		round 11: 182.14348578453064
[2025-01-07 22:39:43,839][flwr][INFO] - 		round 12: 182.14862871170044
[2025-01-07 22:39:43,839][flwr][INFO] - 		round 13: 181.92968153953552
[2025-01-07 22:39:43,839][flwr][INFO] - 		round 14: 182.20547795295715
[2025-01-07 22:39:43,839][flwr][INFO] - 		round 15: 182.04657816886902
[2025-01-07 22:39:43,839][flwr][INFO] - 	History (metrics, centralized):
[2025-01-07 22:39:43,839][flwr][INFO] - 	{'accuracy': [(0, 0.0892),
[2025-01-07 22:39:43,839][flwr][INFO] - 	              (1, 0.1153),
[2025-01-07 22:39:43,839][flwr][INFO] - 	              (2, 0.4486),
[2025-01-07 22:39:43,839][flwr][INFO] - 	              (3, 0.749),
[2025-01-07 22:39:43,839][flwr][INFO] - 	              (4, 0.101),
[2025-01-07 22:39:43,839][flwr][INFO] - 	              (5, 0.1135),
[2025-01-07 22:39:43,839][flwr][INFO] - 	              (6, 0.101),
[2025-01-07 22:39:43,839][flwr][INFO] - 	              (7, 0.1032),
[2025-01-07 22:39:43,839][flwr][INFO] - 	              (8, 0.0974),
[2025-01-07 22:39:43,839][flwr][INFO] - 	              (9, 0.1135),
[2025-01-07 22:39:43,839][flwr][INFO] - 	              (10, 0.1135),
[2025-01-07 22:39:43,839][flwr][INFO] - 	              (11, 0.101),
[2025-01-07 22:39:43,839][flwr][INFO] - 	              (12, 0.1032),
[2025-01-07 22:39:43,839][flwr][INFO] - 	              (13, 0.1135),
[2025-01-07 22:39:43,839][flwr][INFO] - 	              (14, 0.101),
[2025-01-07 22:39:43,839][flwr][INFO] - 	              (15, 0.1032)]}
[2025-01-07 22:39:43,839][flwr][INFO] - 
