[2025-01-07 13:26:30,989][flwr][INFO] - Starting Flower simulation, config: num_rounds=5, no round_timeout
[2025-01-07 13:26:34,409][flwr][INFO] - Flower VCE: Ray initialized with resources: {'node:__internal_head__': 1.0, 'memory': 6798159054.0, 'object_store_memory': 3399079526.0, 'node:192.168.1.11': 1.0, 'CPU': 12.0}
[2025-01-07 13:26:34,409][flwr][INFO] - Optimize your simulation with Flower VCE: https://flower.ai/docs/framework/how-to-run-simulations.html
[2025-01-07 13:26:34,409][flwr][INFO] - Flower VCE: Resources for each Virtual Client: {'num_cpus': 2, 'num_gpus': 0}
[2025-01-07 13:26:34,416][flwr][INFO] - Flower VCE: Creating VirtualClientEngineActorPool with 6 actors
[2025-01-07 13:26:34,417][flwr][INFO] - [INIT]
[2025-01-07 13:26:34,417][flwr][INFO] - Requesting initial parameters from one random client
[2025-01-07 13:26:37,122][flwr][INFO] - Received initial parameters from one random client
[2025-01-07 13:26:37,123][flwr][INFO] - Starting evaluation of initial global parameters
[2025-01-07 13:26:38,175][flwr][INFO] - initial parameters (loss, other metrics): 182.10604047775269, {'accuracy': 0.0981}
[2025-01-07 13:26:38,175][flwr][INFO] - 
[2025-01-07 13:26:38,175][flwr][INFO] - [ROUND 1]
[2025-01-07 13:26:38,175][flwr][INFO] - configure_fit: strategy sampled 2 clients (out of 5)
[2025-01-07 13:26:50,845][flwr][INFO] - aggregate_fit: received 2 results and 0 failures
[2025-01-07 13:26:50,848][flwr][WARNING] - No fit_metrics_aggregation_fn provided
[2025-01-07 13:26:52,340][flwr][INFO] - fit progress: (1, 78.53173762559891, {'accuracy': 0.8382}, 14.165237809997052)
[2025-01-07 13:26:52,340][flwr][INFO] - configure_evaluate: strategy sampled 2 clients (out of 5)
[2025-01-07 13:26:52,812][flwr][INFO] - aggregate_evaluate: received 2 results and 0 failures
[2025-01-07 13:26:52,813][flwr][WARNING] - No evaluate_metrics_aggregation_fn provided
[2025-01-07 13:26:52,813][flwr][INFO] - 
[2025-01-07 13:26:52,813][flwr][INFO] - [ROUND 2]
[2025-01-07 13:26:52,813][flwr][INFO] - configure_fit: strategy sampled 2 clients (out of 5)
[2025-01-07 13:27:02,478][flwr][INFO] - aggregate_fit: received 2 results and 0 failures
[2025-01-07 13:27:03,779][flwr][INFO] - fit progress: (2, 16.054113679099828, {'accuracy': 0.9576}, 25.604115234997153)
[2025-01-07 13:27:03,779][flwr][INFO] - configure_evaluate: strategy sampled 2 clients (out of 5)
[2025-01-07 13:27:04,285][flwr][INFO] - aggregate_evaluate: received 2 results and 0 failures
[2025-01-07 13:27:04,285][flwr][INFO] - 
[2025-01-07 13:27:04,285][flwr][INFO] - [ROUND 3]
[2025-01-07 13:27:04,285][flwr][INFO] - configure_fit: strategy sampled 2 clients (out of 5)
[2025-01-07 13:27:14,050][flwr][INFO] - aggregate_fit: received 2 results and 0 failures
[2025-01-07 13:27:15,786][flwr][INFO] - fit progress: (3, 21.241112917661667, {'accuracy': 0.9312}, 37.61084682599903)
[2025-01-07 13:27:15,786][flwr][INFO] - configure_evaluate: strategy sampled 2 clients (out of 5)
[2025-01-07 13:27:16,277][flwr][INFO] - aggregate_evaluate: received 2 results and 0 failures
[2025-01-07 13:27:16,278][flwr][INFO] - 
[2025-01-07 13:27:16,278][flwr][INFO] - [ROUND 4]
[2025-01-07 13:27:16,278][flwr][INFO] - configure_fit: strategy sampled 2 clients (out of 5)
[2025-01-07 13:27:26,629][flwr][INFO] - aggregate_fit: received 2 results and 0 failures
[2025-01-07 13:27:27,926][flwr][INFO] - fit progress: (4, 182.667973279953, {'accuracy': 0.1137}, 49.75085378499716)
[2025-01-07 13:27:27,926][flwr][INFO] - configure_evaluate: strategy sampled 2 clients (out of 5)
[2025-01-07 13:27:28,472][flwr][INFO] - aggregate_evaluate: received 2 results and 0 failures
[2025-01-07 13:27:28,472][flwr][INFO] - 
[2025-01-07 13:27:28,472][flwr][INFO] - [ROUND 5]
[2025-01-07 13:27:28,472][flwr][INFO] - configure_fit: strategy sampled 2 clients (out of 5)
[2025-01-07 13:27:37,992][flwr][INFO] - aggregate_fit: received 2 results and 0 failures
[2025-01-07 13:27:39,549][flwr][INFO] - fit progress: (5, 181.92308974266052, {'accuracy': 0.1028}, 61.3744654339971)
[2025-01-07 13:27:39,550][flwr][INFO] - configure_evaluate: strategy sampled 2 clients (out of 5)
[2025-01-07 13:27:39,997][flwr][INFO] - aggregate_evaluate: received 2 results and 0 failures
[2025-01-07 13:27:39,998][flwr][INFO] - 
[2025-01-07 13:27:39,998][flwr][INFO] - [SUMMARY]
[2025-01-07 13:27:39,998][flwr][INFO] - Run finished 5 round(s) in 61.82s
[2025-01-07 13:27:39,998][flwr][INFO] - 	History (loss, distributed):
[2025-01-07 13:27:39,998][flwr][INFO] - 		round 1: 38.46703100204468
[2025-01-07 13:27:39,998][flwr][INFO] - 		round 2: 8.912707526702434
[2025-01-07 13:27:39,999][flwr][INFO] - 		round 3: 11.730792690999806
[2025-01-07 13:27:39,999][flwr][INFO] - 		round 4: 87.71814930438995
[2025-01-07 13:27:39,999][flwr][INFO] - 		round 5: 87.55729186534882
[2025-01-07 13:27:39,999][flwr][INFO] - 	History (loss, centralized):
[2025-01-07 13:27:39,999][flwr][INFO] - 		round 0: 182.10604047775269
[2025-01-07 13:27:39,999][flwr][INFO] - 		round 1: 78.53173762559891
[2025-01-07 13:27:39,999][flwr][INFO] - 		round 2: 16.054113679099828
[2025-01-07 13:27:39,999][flwr][INFO] - 		round 3: 21.241112917661667
[2025-01-07 13:27:39,999][flwr][INFO] - 		round 4: 182.667973279953
[2025-01-07 13:27:39,999][flwr][INFO] - 		round 5: 181.92308974266052
[2025-01-07 13:27:40,000][flwr][INFO] - 	History (metrics, centralized):
[2025-01-07 13:27:40,000][flwr][INFO] - 	{'accuracy': [(0, 0.0981),
[2025-01-07 13:27:40,000][flwr][INFO] - 	              (1, 0.8382),
[2025-01-07 13:27:40,000][flwr][INFO] - 	              (2, 0.9576),
[2025-01-07 13:27:40,000][flwr][INFO] - 	              (3, 0.9312),
[2025-01-07 13:27:40,000][flwr][INFO] - 	              (4, 0.1137),
[2025-01-07 13:27:40,000][flwr][INFO] - 	              (5, 0.1028)]}
[2025-01-07 13:27:40,000][flwr][INFO] - 
