[2025-01-07 17:16:20,174][flwr][INFO] - Starting Flower simulation, config: num_rounds=10, no round_timeout
[2025-01-07 17:16:23,526][flwr][INFO] - Flower VCE: Ray initialized with resources: {'node:__internal_head__': 1.0, 'CPU': 12.0, 'node:192.168.1.11': 1.0, 'object_store_memory': 3189322137.0, 'memory': 6378644276.0}
[2025-01-07 17:16:23,527][flwr][INFO] - Optimize your simulation with Flower VCE: https://flower.ai/docs/framework/how-to-run-simulations.html
[2025-01-07 17:16:23,527][flwr][INFO] - Flower VCE: Resources for each Virtual Client: {'num_cpus': 2, 'num_gpus': 0}
[2025-01-07 17:16:23,537][flwr][INFO] - Flower VCE: Creating VirtualClientEngineActorPool with 6 actors
[2025-01-07 17:16:23,537][flwr][INFO] - [INIT]
[2025-01-07 17:16:23,537][flwr][INFO] - Requesting initial parameters from one random client
[2025-01-07 17:16:26,238][flwr][INFO] - Received initial parameters from one random client
[2025-01-07 17:16:26,238][flwr][INFO] - Starting evaluation of initial global parameters
[2025-01-07 17:16:27,467][flwr][INFO] - initial parameters (loss, other metrics): 182.01458311080933, {'accuracy': 0.0958}
[2025-01-07 17:16:27,467][flwr][INFO] - 
[2025-01-07 17:16:27,468][flwr][INFO] - [ROUND 1]
[2025-01-07 17:16:27,468][flwr][INFO] - configure_fit: strategy sampled 2 clients (out of 10)
[2025-01-07 17:16:36,917][flwr][INFO] - aggregate_fit: received 2 results and 0 failures
[2025-01-07 17:16:36,921][flwr][WARNING] - No fit_metrics_aggregation_fn provided
[2025-01-07 17:16:38,439][flwr][INFO] - fit progress: (1, 9.115130318328738, {'accuracy': 0.966}, 10.971172641999146)
[2025-01-07 17:16:38,439][flwr][INFO] - configure_evaluate: strategy sampled 5 clients (out of 10)
[2025-01-07 17:16:42,207][flwr][INFO] - aggregate_evaluate: received 5 results and 0 failures
[2025-01-07 17:16:42,207][flwr][WARNING] - No evaluate_metrics_aggregation_fn provided
[2025-01-07 17:16:42,207][flwr][INFO] - 
[2025-01-07 17:16:42,207][flwr][INFO] - [ROUND 2]
[2025-01-07 17:16:42,207][flwr][INFO] - configure_fit: strategy sampled 2 clients (out of 10)
[2025-01-07 17:16:49,430][flwr][INFO] - aggregate_fit: received 2 results and 0 failures
[2025-01-07 17:16:50,710][flwr][INFO] - fit progress: (2, 4.456935568887275, {'accuracy': 0.9827}, 23.24202572699869)
[2025-01-07 17:16:50,710][flwr][INFO] - configure_evaluate: strategy sampled 5 clients (out of 10)
[2025-01-07 17:16:51,518][flwr][INFO] - aggregate_evaluate: received 5 results and 0 failures
[2025-01-07 17:16:51,518][flwr][INFO] - 
[2025-01-07 17:16:51,518][flwr][INFO] - [ROUND 3]
[2025-01-07 17:16:51,519][flwr][INFO] - configure_fit: strategy sampled 2 clients (out of 10)
[2025-01-07 17:16:58,909][flwr][INFO] - aggregate_fit: received 2 results and 0 failures
[2025-01-07 17:17:00,686][flwr][INFO] - fit progress: (3, 5.259039652468346, {'accuracy': 0.9805}, 33.218745630998455)
[2025-01-07 17:17:00,687][flwr][INFO] - configure_evaluate: strategy sampled 5 clients (out of 10)
[2025-01-07 17:17:01,423][flwr][INFO] - aggregate_evaluate: received 5 results and 0 failures
[2025-01-07 17:17:01,423][flwr][INFO] - 
[2025-01-07 17:17:01,423][flwr][INFO] - [ROUND 4]
[2025-01-07 17:17:01,423][flwr][INFO] - configure_fit: strategy sampled 2 clients (out of 10)
[2025-01-07 17:17:08,825][flwr][INFO] - aggregate_fit: received 2 results and 0 failures
[2025-01-07 17:17:10,530][flwr][INFO] - fit progress: (4, 4.78623652587703, {'accuracy': 0.9836}, 43.06237658700411)
[2025-01-07 17:17:10,530][flwr][INFO] - configure_evaluate: strategy sampled 5 clients (out of 10)
[2025-01-07 17:17:11,283][flwr][INFO] - aggregate_evaluate: received 5 results and 0 failures
[2025-01-07 17:17:11,283][flwr][INFO] - 
[2025-01-07 17:17:11,283][flwr][INFO] - [ROUND 5]
[2025-01-07 17:17:11,283][flwr][INFO] - configure_fit: strategy sampled 2 clients (out of 10)
[2025-01-07 17:17:18,384][flwr][INFO] - aggregate_fit: received 2 results and 0 failures
[2025-01-07 17:17:20,227][flwr][INFO] - fit progress: (5, 3.895059407401277, {'accuracy': 0.9868}, 52.75973756600433)
[2025-01-07 17:17:20,227][flwr][INFO] - configure_evaluate: strategy sampled 5 clients (out of 10)
[2025-01-07 17:17:20,967][flwr][INFO] - aggregate_evaluate: received 5 results and 0 failures
[2025-01-07 17:17:20,967][flwr][INFO] - 
[2025-01-07 17:17:20,967][flwr][INFO] - [ROUND 6]
[2025-01-07 17:17:20,967][flwr][INFO] - configure_fit: strategy sampled 2 clients (out of 10)
[2025-01-07 17:17:28,179][flwr][INFO] - aggregate_fit: received 2 results and 0 failures
[2025-01-07 17:17:29,922][flwr][INFO] - fit progress: (6, 3.836844667128389, {'accuracy': 0.9871}, 62.4545149810001)
[2025-01-07 17:17:29,922][flwr][INFO] - configure_evaluate: strategy sampled 5 clients (out of 10)
[2025-01-07 17:17:30,694][flwr][INFO] - aggregate_evaluate: received 5 results and 0 failures
[2025-01-07 17:17:30,694][flwr][INFO] - 
[2025-01-07 17:17:30,694][flwr][INFO] - [ROUND 7]
[2025-01-07 17:17:30,695][flwr][INFO] - configure_fit: strategy sampled 2 clients (out of 10)
[2025-01-07 17:17:38,115][flwr][INFO] - aggregate_fit: received 2 results and 0 failures
[2025-01-07 17:17:39,291][flwr][INFO] - fit progress: (7, 3.8500589328868955, {'accuracy': 0.9863}, 71.82325315000344)
[2025-01-07 17:17:39,291][flwr][INFO] - configure_evaluate: strategy sampled 5 clients (out of 10)
[2025-01-07 17:17:40,108][flwr][INFO] - aggregate_evaluate: received 5 results and 0 failures
[2025-01-07 17:17:40,108][flwr][INFO] - 
[2025-01-07 17:17:40,108][flwr][INFO] - [ROUND 8]
[2025-01-07 17:17:40,108][flwr][INFO] - configure_fit: strategy sampled 2 clients (out of 10)
[2025-01-07 17:17:47,373][flwr][INFO] - aggregate_fit: received 2 results and 0 failures
[2025-01-07 17:17:48,660][flwr][INFO] - fit progress: (8, 3.7748300438720435, {'accuracy': 0.988}, 81.19208200900175)
[2025-01-07 17:17:48,660][flwr][INFO] - configure_evaluate: strategy sampled 5 clients (out of 10)
[2025-01-07 17:17:49,455][flwr][INFO] - aggregate_evaluate: received 5 results and 0 failures
[2025-01-07 17:17:49,455][flwr][INFO] - 
[2025-01-07 17:17:49,455][flwr][INFO] - [ROUND 9]
[2025-01-07 17:17:49,455][flwr][INFO] - configure_fit: strategy sampled 2 clients (out of 10)
[2025-01-07 17:17:56,732][flwr][INFO] - aggregate_fit: received 2 results and 0 failures
[2025-01-07 17:17:58,114][flwr][INFO] - fit progress: (9, 3.470067029266602, {'accuracy': 0.9882}, 90.64603261899902)
[2025-01-07 17:17:58,114][flwr][INFO] - configure_evaluate: strategy sampled 5 clients (out of 10)
[2025-01-07 17:17:58,898][flwr][INFO] - aggregate_evaluate: received 5 results and 0 failures
[2025-01-07 17:17:58,898][flwr][INFO] - 
[2025-01-07 17:17:58,898][flwr][INFO] - [ROUND 10]
[2025-01-07 17:17:58,898][flwr][INFO] - configure_fit: strategy sampled 2 clients (out of 10)
[2025-01-07 17:18:06,145][flwr][INFO] - aggregate_fit: received 2 results and 0 failures
[2025-01-07 17:18:07,582][flwr][INFO] - fit progress: (10, 3.629812075052655, {'accuracy': 0.9894}, 100.11473246700189)
[2025-01-07 17:18:07,583][flwr][INFO] - configure_evaluate: strategy sampled 5 clients (out of 10)
[2025-01-07 17:18:08,385][flwr][INFO] - aggregate_evaluate: received 5 results and 0 failures
[2025-01-07 17:18:08,385][flwr][INFO] - 
[2025-01-07 17:18:08,385][flwr][INFO] - [SUMMARY]
[2025-01-07 17:18:08,386][flwr][INFO] - Run finished 10 round(s) in 100.92s
[2025-01-07 17:18:08,386][flwr][INFO] - 	History (loss, distributed):
[2025-01-07 17:18:08,386][flwr][INFO] - 		round 1: 4.955434715095907
[2025-01-07 17:18:08,386][flwr][INFO] - 		round 2: 2.284619374673639
[2025-01-07 17:18:08,387][flwr][INFO] - 		round 3: 2.854134435231754
[2025-01-07 17:18:08,387][flwr][INFO] - 		round 4: 3.2047034689836438
[2025-01-07 17:18:08,387][flwr][INFO] - 		round 5: 2.228737616900253
[2025-01-07 17:18:08,387][flwr][INFO] - 		round 6: 1.9556581546198686
[2025-01-07 17:18:08,387][flwr][INFO] - 		round 7: 2.3832817349413062
[2025-01-07 17:18:08,387][flwr][INFO] - 		round 8: 2.7741087341215067
[2025-01-07 17:18:08,387][flwr][INFO] - 		round 9: 2.7082142020792133
[2025-01-07 17:18:08,388][flwr][INFO] - 		round 10: 2.8521690985941155
[2025-01-07 17:18:08,388][flwr][INFO] - 	History (loss, centralized):
[2025-01-07 17:18:08,388][flwr][INFO] - 		round 0: 182.01458311080933
[2025-01-07 17:18:08,388][flwr][INFO] - 		round 1: 9.115130318328738
[2025-01-07 17:18:08,388][flwr][INFO] - 		round 2: 4.456935568887275
[2025-01-07 17:18:08,388][flwr][INFO] - 		round 3: 5.259039652468346
[2025-01-07 17:18:08,388][flwr][INFO] - 		round 4: 4.78623652587703
[2025-01-07 17:18:08,388][flwr][INFO] - 		round 5: 3.895059407401277
[2025-01-07 17:18:08,389][flwr][INFO] - 		round 6: 3.836844667128389
[2025-01-07 17:18:08,389][flwr][INFO] - 		round 7: 3.8500589328868955
[2025-01-07 17:18:08,389][flwr][INFO] - 		round 8: 3.7748300438720435
[2025-01-07 17:18:08,389][flwr][INFO] - 		round 9: 3.470067029266602
[2025-01-07 17:18:08,389][flwr][INFO] - 		round 10: 3.629812075052655
[2025-01-07 17:18:08,389][flwr][INFO] - 	History (metrics, centralized):
[2025-01-07 17:18:08,389][flwr][INFO] - 	{'accuracy': [(0, 0.0958),
[2025-01-07 17:18:08,389][flwr][INFO] - 	              (1, 0.966),
[2025-01-07 17:18:08,390][flwr][INFO] - 	              (2, 0.9827),
[2025-01-07 17:18:08,390][flwr][INFO] - 	              (3, 0.9805),
[2025-01-07 17:18:08,390][flwr][INFO] - 	              (4, 0.9836),
[2025-01-07 17:18:08,390][flwr][INFO] - 	              (5, 0.9868),
[2025-01-07 17:18:08,390][flwr][INFO] - 	              (6, 0.9871),
[2025-01-07 17:18:08,390][flwr][INFO] - 	              (7, 0.9863),
[2025-01-07 17:18:08,390][flwr][INFO] - 	              (8, 0.988),
[2025-01-07 17:18:08,390][flwr][INFO] - 	              (9, 0.9882),
[2025-01-07 17:18:08,390][flwr][INFO] - 	              (10, 0.9894)]}
[2025-01-07 17:18:08,391][flwr][INFO] - 
