[2025-01-07 14:17:36,169][flwr][INFO] - Starting Flower simulation, config: num_rounds=5, no round_timeout
[2025-01-07 14:17:39,672][flwr][INFO] - Flower VCE: Ray initialized with resources: {'object_store_memory': 3178398105.0, 'memory': 6356796212.0, 'node:__internal_head__': 1.0, 'node:192.168.1.11': 1.0, 'CPU': 12.0}
[2025-01-07 14:17:39,672][flwr][INFO] - Optimize your simulation with Flower VCE: https://flower.ai/docs/framework/how-to-run-simulations.html
[2025-01-07 14:17:39,672][flwr][INFO] - Flower VCE: Resources for each Virtual Client: {'num_cpus': 2, 'num_gpus': 0}
[2025-01-07 14:17:39,678][flwr][INFO] - Flower VCE: Creating VirtualClientEngineActorPool with 6 actors
[2025-01-07 14:17:39,678][flwr][INFO] - [INIT]
[2025-01-07 14:17:39,679][flwr][INFO] - Requesting initial parameters from one random client
[2025-01-07 14:17:42,483][flwr][INFO] - Received initial parameters from one random client
[2025-01-07 14:17:42,483][flwr][INFO] - Starting evaluation of initial global parameters
[2025-01-07 14:17:43,874][flwr][INFO] - initial parameters (loss, other metrics): 182.2822654247284, {'accuracy': 0.0957}
[2025-01-07 14:17:43,874][flwr][INFO] - 
[2025-01-07 14:17:43,874][flwr][INFO] - [ROUND 1]
[2025-01-07 14:17:43,875][flwr][INFO] - configure_fit: strategy sampled 2 clients (out of 10)
[2025-01-07 14:17:54,588][flwr][INFO] - aggregate_fit: received 2 results and 0 failures
[2025-01-07 14:17:54,594][flwr][WARNING] - No fit_metrics_aggregation_fn provided
[2025-01-07 14:17:55,703][flwr][INFO] - fit progress: (1, 8.519710514228791, {'accuracy': 0.9675}, 11.828587823001726)
[2025-01-07 14:17:55,703][flwr][INFO] - configure_evaluate: strategy sampled 3 clients (out of 10)
[2025-01-07 14:17:57,925][flwr][INFO] - aggregate_evaluate: received 3 results and 0 failures
[2025-01-07 14:17:57,925][flwr][WARNING] - No evaluate_metrics_aggregation_fn provided
[2025-01-07 14:17:57,926][flwr][INFO] - 
[2025-01-07 14:17:57,926][flwr][INFO] - [ROUND 2]
[2025-01-07 14:17:57,926][flwr][INFO] - configure_fit: strategy sampled 2 clients (out of 10)
[2025-01-07 14:18:06,088][flwr][INFO] - aggregate_fit: received 2 results and 0 failures
[2025-01-07 14:18:07,925][flwr][INFO] - fit progress: (2, 5.394346808518094, {'accuracy': 0.9792}, 24.050832230001106)
[2025-01-07 14:18:07,925][flwr][INFO] - configure_evaluate: strategy sampled 3 clients (out of 10)
[2025-01-07 14:18:08,449][flwr][INFO] - aggregate_evaluate: received 3 results and 0 failures
[2025-01-07 14:18:08,449][flwr][INFO] - 
[2025-01-07 14:18:08,449][flwr][INFO] - [ROUND 3]
[2025-01-07 14:18:08,449][flwr][INFO] - configure_fit: strategy sampled 2 clients (out of 10)
[2025-01-07 14:18:16,880][flwr][INFO] - aggregate_fit: received 2 results and 0 failures
[2025-01-07 14:18:18,114][flwr][INFO] - fit progress: (3, 4.2611732819568715, {'accuracy': 0.9843}, 34.240094370001316)
[2025-01-07 14:18:18,115][flwr][INFO] - configure_evaluate: strategy sampled 3 clients (out of 10)
[2025-01-07 14:18:18,613][flwr][INFO] - aggregate_evaluate: received 3 results and 0 failures
[2025-01-07 14:18:18,614][flwr][INFO] - 
[2025-01-07 14:18:18,614][flwr][INFO] - [ROUND 4]
[2025-01-07 14:18:18,614][flwr][INFO] - configure_fit: strategy sampled 2 clients (out of 10)
[2025-01-07 14:18:27,165][flwr][INFO] - aggregate_fit: received 2 results and 0 failures
[2025-01-07 14:18:28,511][flwr][INFO] - fit progress: (4, 3.6318978172712377, {'accuracy': 0.9869}, 44.637115058001655)
[2025-01-07 14:18:28,512][flwr][INFO] - configure_evaluate: strategy sampled 3 clients (out of 10)
[2025-01-07 14:18:29,019][flwr][INFO] - aggregate_evaluate: received 3 results and 0 failures
[2025-01-07 14:18:29,019][flwr][INFO] - 
[2025-01-07 14:18:29,019][flwr][INFO] - [ROUND 5]
[2025-01-07 14:18:29,019][flwr][INFO] - configure_fit: strategy sampled 2 clients (out of 10)
[2025-01-07 14:18:37,406][flwr][INFO] - aggregate_fit: received 2 results and 0 failures
[2025-01-07 14:18:38,694][flwr][INFO] - fit progress: (5, 3.6530022854698245, {'accuracy': 0.9879}, 54.82012392899924)
[2025-01-07 14:18:38,695][flwr][INFO] - configure_evaluate: strategy sampled 3 clients (out of 10)
[2025-01-07 14:18:39,200][flwr][INFO] - aggregate_evaluate: received 3 results and 0 failures
[2025-01-07 14:18:39,201][flwr][INFO] - 
[2025-01-07 14:18:39,201][flwr][INFO] - [SUMMARY]
[2025-01-07 14:18:39,201][flwr][INFO] - Run finished 5 round(s) in 55.33s
[2025-01-07 14:18:39,202][flwr][INFO] - 	History (loss, distributed):
[2025-01-07 14:18:39,202][flwr][INFO] - 		round 1: 2.7142270947806537
[2025-01-07 14:18:39,202][flwr][INFO] - 		round 2: 1.9449944334337488
[2025-01-07 14:18:39,203][flwr][INFO] - 		round 3: 1.5139101669119555
[2025-01-07 14:18:39,203][flwr][INFO] - 		round 4: 1.1920889606068765
[2025-01-07 14:18:39,203][flwr][INFO] - 		round 5: 1.0813009490431493
[2025-01-07 14:18:39,203][flwr][INFO] - 	History (loss, centralized):
[2025-01-07 14:18:39,203][flwr][INFO] - 		round 0: 182.2822654247284
[2025-01-07 14:18:39,203][flwr][INFO] - 		round 1: 8.519710514228791
[2025-01-07 14:18:39,203][flwr][INFO] - 		round 2: 5.394346808518094
[2025-01-07 14:18:39,204][flwr][INFO] - 		round 3: 4.2611732819568715
[2025-01-07 14:18:39,204][flwr][INFO] - 		round 4: 3.6318978172712377
[2025-01-07 14:18:39,204][flwr][INFO] - 		round 5: 3.6530022854698245
[2025-01-07 14:18:39,204][flwr][INFO] - 	History (metrics, centralized):
[2025-01-07 14:18:39,204][flwr][INFO] - 	{'accuracy': [(0, 0.0957),
[2025-01-07 14:18:39,205][flwr][INFO] - 	              (1, 0.9675),
[2025-01-07 14:18:39,205][flwr][INFO] - 	              (2, 0.9792),
[2025-01-07 14:18:39,205][flwr][INFO] - 	              (3, 0.9843),
[2025-01-07 14:18:39,205][flwr][INFO] - 	              (4, 0.9869),
[2025-01-07 14:18:39,205][flwr][INFO] - 	              (5, 0.9879)]}
[2025-01-07 14:18:39,205][flwr][INFO] - 
