[2025-01-07 17:37:17,855][flwr][INFO] - Starting Flower simulation, config: num_rounds=10, no round_timeout
[2025-01-07 17:37:21,303][flwr][INFO] - Flower VCE: Ray initialized with resources: {'node:__internal_head__': 1.0, 'object_store_memory': 3190966272.0, 'memory': 6381932544.0, 'CPU': 12.0, 'node:192.168.1.11': 1.0}
[2025-01-07 17:37:21,303][flwr][INFO] - Optimize your simulation with Flower VCE: https://flower.ai/docs/framework/how-to-run-simulations.html
[2025-01-07 17:37:21,303][flwr][INFO] - Flower VCE: Resources for each Virtual Client: {'num_cpus': 2, 'num_gpus': 0}
[2025-01-07 17:37:21,312][flwr][INFO] - Flower VCE: Creating VirtualClientEngineActorPool with 6 actors
[2025-01-07 17:37:21,312][flwr][INFO] - [INIT]
[2025-01-07 17:37:21,312][flwr][INFO] - Requesting initial parameters from one random client
[2025-01-07 17:37:24,025][flwr][INFO] - Received initial parameters from one random client
[2025-01-07 17:37:24,025][flwr][INFO] - Starting evaluation of initial global parameters
[2025-01-07 17:37:25,874][flwr][INFO] - initial parameters (loss, other metrics): 182.17722916603088, {'accuracy': 0.1009}
[2025-01-07 17:37:25,874][flwr][INFO] - 
[2025-01-07 17:37:25,874][flwr][INFO] - [ROUND 1]
[2025-01-07 17:37:25,874][flwr][INFO] - configure_fit: strategy sampled 2 clients (out of 10)
[2025-01-07 17:37:36,539][flwr][INFO] - aggregate_fit: received 2 results and 0 failures
[2025-01-07 17:37:36,542][flwr][WARNING] - No fit_metrics_aggregation_fn provided
[2025-01-07 17:37:37,759][flwr][INFO] - fit progress: (1, 181.3193039894104, {'accuracy': 0.1601}, 11.884648482999182)
[2025-01-07 17:37:37,759][flwr][INFO] - configure_evaluate: strategy sampled 2 clients (out of 10)
[2025-01-07 17:37:38,103][flwr][INFO] - aggregate_evaluate: received 2 results and 0 failures
[2025-01-07 17:37:38,104][flwr][WARNING] - No evaluate_metrics_aggregation_fn provided
[2025-01-07 17:37:38,104][flwr][INFO] - 
[2025-01-07 17:37:38,104][flwr][INFO] - [ROUND 2]
[2025-01-07 17:37:38,104][flwr][INFO] - configure_fit: strategy sampled 2 clients (out of 10)
[2025-01-07 17:37:46,444][flwr][INFO] - aggregate_fit: received 2 results and 0 failures
[2025-01-07 17:37:47,705][flwr][INFO] - fit progress: (2, 182.15530276298523, {'accuracy': 0.1135}, 21.830621329005226)
[2025-01-07 17:37:47,705][flwr][INFO] - configure_evaluate: strategy sampled 2 clients (out of 10)
[2025-01-07 17:37:48,069][flwr][INFO] - aggregate_evaluate: received 2 results and 0 failures
[2025-01-07 17:37:48,069][flwr][INFO] - 
[2025-01-07 17:37:48,069][flwr][INFO] - [ROUND 3]
[2025-01-07 17:37:48,069][flwr][INFO] - configure_fit: strategy sampled 2 clients (out of 10)
[2025-01-07 17:37:56,343][flwr][INFO] - aggregate_fit: received 2 results and 0 failures
[2025-01-07 17:37:57,584][flwr][INFO] - fit progress: (3, 181.91967105865479, {'accuracy': 0.1135}, 31.71029849000479)
[2025-01-07 17:37:57,585][flwr][INFO] - configure_evaluate: strategy sampled 2 clients (out of 10)
[2025-01-07 17:37:57,980][flwr][INFO] - aggregate_evaluate: received 2 results and 0 failures
[2025-01-07 17:37:57,980][flwr][INFO] - 
[2025-01-07 17:37:57,980][flwr][INFO] - [ROUND 4]
[2025-01-07 17:37:57,981][flwr][INFO] - configure_fit: strategy sampled 2 clients (out of 10)
[2025-01-07 17:38:06,281][flwr][INFO] - aggregate_fit: received 2 results and 0 failures
[2025-01-07 17:38:07,882][flwr][INFO] - fit progress: (4, 181.93910551071167, {'accuracy': 0.098}, 42.00818047099892)
[2025-01-07 17:38:07,882][flwr][INFO] - configure_evaluate: strategy sampled 2 clients (out of 10)
[2025-01-07 17:38:08,244][flwr][INFO] - aggregate_evaluate: received 2 results and 0 failures
[2025-01-07 17:38:08,245][flwr][INFO] - 
[2025-01-07 17:38:08,245][flwr][INFO] - [ROUND 5]
[2025-01-07 17:38:08,245][flwr][INFO] - configure_fit: strategy sampled 2 clients (out of 10)
[2025-01-07 17:38:16,347][flwr][INFO] - aggregate_fit: received 2 results and 0 failures
[2025-01-07 17:38:17,637][flwr][INFO] - fit progress: (5, 181.8550968170166, {'accuracy': 0.1135}, 51.76275826799974)
[2025-01-07 17:38:17,637][flwr][INFO] - configure_evaluate: strategy sampled 2 clients (out of 10)
[2025-01-07 17:38:17,988][flwr][INFO] - aggregate_evaluate: received 2 results and 0 failures
[2025-01-07 17:38:17,988][flwr][INFO] - 
[2025-01-07 17:38:17,988][flwr][INFO] - [ROUND 6]
[2025-01-07 17:38:17,988][flwr][INFO] - configure_fit: strategy sampled 2 clients (out of 10)
[2025-01-07 17:38:26,173][flwr][INFO] - aggregate_fit: received 2 results and 0 failures
[2025-01-07 17:38:27,418][flwr][INFO] - fit progress: (6, 182.24759078025818, {'accuracy': 0.1135}, 61.54386838800565)
[2025-01-07 17:38:27,418][flwr][INFO] - configure_evaluate: strategy sampled 2 clients (out of 10)
[2025-01-07 17:38:27,827][flwr][INFO] - aggregate_evaluate: received 2 results and 0 failures
[2025-01-07 17:38:27,827][flwr][INFO] - 
[2025-01-07 17:38:27,827][flwr][INFO] - [ROUND 7]
[2025-01-07 17:38:27,828][flwr][INFO] - configure_fit: strategy sampled 2 clients (out of 10)
[2025-01-07 17:38:36,215][flwr][INFO] - aggregate_fit: received 2 results and 0 failures
[2025-01-07 17:38:37,403][flwr][INFO] - fit progress: (7, 182.1479136943817, {'accuracy': 0.101}, 71.52937608000502)
[2025-01-07 17:38:37,404][flwr][INFO] - configure_evaluate: strategy sampled 2 clients (out of 10)
[2025-01-07 17:38:37,813][flwr][INFO] - aggregate_evaluate: received 2 results and 0 failures
[2025-01-07 17:38:37,813][flwr][INFO] - 
[2025-01-07 17:38:37,813][flwr][INFO] - [ROUND 8]
[2025-01-07 17:38:37,813][flwr][INFO] - configure_fit: strategy sampled 2 clients (out of 10)
[2025-01-07 17:38:46,037][flwr][INFO] - aggregate_fit: received 2 results and 0 failures
[2025-01-07 17:38:47,237][flwr][INFO] - fit progress: (8, 182.43339824676514, {'accuracy': 0.098}, 81.36248269800126)
[2025-01-07 17:38:47,237][flwr][INFO] - configure_evaluate: strategy sampled 2 clients (out of 10)
[2025-01-07 17:38:47,601][flwr][INFO] - aggregate_evaluate: received 2 results and 0 failures
[2025-01-07 17:38:47,602][flwr][INFO] - 
[2025-01-07 17:38:47,602][flwr][INFO] - [ROUND 9]
[2025-01-07 17:38:47,602][flwr][INFO] - configure_fit: strategy sampled 2 clients (out of 10)
[2025-01-07 17:38:55,860][flwr][INFO] - aggregate_fit: received 2 results and 0 failures
[2025-01-07 17:38:57,084][flwr][INFO] - fit progress: (9, 181.91347408294678, {'accuracy': 0.098}, 91.20954156600055)
[2025-01-07 17:38:57,084][flwr][INFO] - configure_evaluate: strategy sampled 2 clients (out of 10)
[2025-01-07 17:38:57,465][flwr][INFO] - aggregate_evaluate: received 2 results and 0 failures
[2025-01-07 17:38:57,465][flwr][INFO] - 
[2025-01-07 17:38:57,466][flwr][INFO] - [ROUND 10]
[2025-01-07 17:38:57,466][flwr][INFO] - configure_fit: strategy sampled 2 clients (out of 10)
[2025-01-07 17:39:05,820][flwr][INFO] - aggregate_fit: received 2 results and 0 failures
[2025-01-07 17:39:07,100][flwr][INFO] - fit progress: (10, 181.96967720985413, {'accuracy': 0.101}, 101.22605837800074)
[2025-01-07 17:39:07,100][flwr][INFO] - configure_evaluate: strategy sampled 2 clients (out of 10)
[2025-01-07 17:39:07,485][flwr][INFO] - aggregate_evaluate: received 2 results and 0 failures
[2025-01-07 17:39:07,486][flwr][INFO] - 
[2025-01-07 17:39:07,486][flwr][INFO] - [SUMMARY]
[2025-01-07 17:39:07,486][flwr][INFO] - Run finished 10 round(s) in 101.61s
[2025-01-07 17:39:07,486][flwr][INFO] - 	History (loss, distributed):
[2025-01-07 17:39:07,486][flwr][INFO] - 		round 1: 44.30327367782593
[2025-01-07 17:39:07,487][flwr][INFO] - 		round 2: 43.797306060791016
[2025-01-07 17:39:07,487][flwr][INFO] - 		round 3: 43.89872062206268
[2025-01-07 17:39:07,487][flwr][INFO] - 		round 4: 43.766641497612
[2025-01-07 17:39:07,487][flwr][INFO] - 		round 5: 43.802722573280334
[2025-01-07 17:39:07,487][flwr][INFO] - 		round 6: 43.76980447769165
[2025-01-07 17:39:07,487][flwr][INFO] - 		round 7: 43.71500766277313
[2025-01-07 17:39:07,487][flwr][INFO] - 		round 8: 43.97019624710083
[2025-01-07 17:39:07,487][flwr][INFO] - 		round 9: 43.779873847961426
[2025-01-07 17:39:07,487][flwr][INFO] - 		round 10: 43.68620479106903
[2025-01-07 17:39:07,487][flwr][INFO] - 	History (loss, centralized):
[2025-01-07 17:39:07,487][flwr][INFO] - 		round 0: 182.17722916603088
[2025-01-07 17:39:07,487][flwr][INFO] - 		round 1: 181.3193039894104
[2025-01-07 17:39:07,487][flwr][INFO] - 		round 2: 182.15530276298523
[2025-01-07 17:39:07,487][flwr][INFO] - 		round 3: 181.91967105865479
[2025-01-07 17:39:07,487][flwr][INFO] - 		round 4: 181.93910551071167
[2025-01-07 17:39:07,487][flwr][INFO] - 		round 5: 181.8550968170166
[2025-01-07 17:39:07,487][flwr][INFO] - 		round 6: 182.24759078025818
[2025-01-07 17:39:07,487][flwr][INFO] - 		round 7: 182.1479136943817
[2025-01-07 17:39:07,487][flwr][INFO] - 		round 8: 182.43339824676514
[2025-01-07 17:39:07,487][flwr][INFO] - 		round 9: 181.91347408294678
[2025-01-07 17:39:07,487][flwr][INFO] - 		round 10: 181.96967720985413
[2025-01-07 17:39:07,487][flwr][INFO] - 	History (metrics, centralized):
[2025-01-07 17:39:07,488][flwr][INFO] - 	{'accuracy': [(0, 0.1009),
[2025-01-07 17:39:07,488][flwr][INFO] - 	              (1, 0.1601),
[2025-01-07 17:39:07,488][flwr][INFO] - 	              (2, 0.1135),
[2025-01-07 17:39:07,488][flwr][INFO] - 	              (3, 0.1135),
[2025-01-07 17:39:07,488][flwr][INFO] - 	              (4, 0.098),
[2025-01-07 17:39:07,488][flwr][INFO] - 	              (5, 0.1135),
[2025-01-07 17:39:07,488][flwr][INFO] - 	              (6, 0.1135),
[2025-01-07 17:39:07,488][flwr][INFO] - 	              (7, 0.101),
[2025-01-07 17:39:07,488][flwr][INFO] - 	              (8, 0.098),
[2025-01-07 17:39:07,488][flwr][INFO] - 	              (9, 0.098),
[2025-01-07 17:39:07,488][flwr][INFO] - 	              (10, 0.101)]}
[2025-01-07 17:39:07,488][flwr][INFO] - 
