[2025-01-07 17:09:31,375][flwr][INFO] - Starting Flower simulation, config: num_rounds=10, no round_timeout
[2025-01-07 17:09:34,876][flwr][INFO] - Flower VCE: Ray initialized with resources: {'object_store_memory': 3211243929.0, 'memory': 6422487860.0, 'node:__internal_head__': 1.0, 'CPU': 12.0, 'node:192.168.1.11': 1.0}
[2025-01-07 17:09:34,876][flwr][INFO] - Optimize your simulation with Flower VCE: https://flower.ai/docs/framework/how-to-run-simulations.html
[2025-01-07 17:09:34,876][flwr][INFO] - Flower VCE: Resources for each Virtual Client: {'num_cpus': 2, 'num_gpus': 0}
[2025-01-07 17:09:34,882][flwr][INFO] - Flower VCE: Creating VirtualClientEngineActorPool with 6 actors
[2025-01-07 17:09:34,883][flwr][INFO] - [INIT]
[2025-01-07 17:09:34,883][flwr][INFO] - Requesting initial parameters from one random client
[2025-01-07 17:09:37,627][flwr][INFO] - Received initial parameters from one random client
[2025-01-07 17:09:37,627][flwr][INFO] - Starting evaluation of initial global parameters
[2025-01-07 17:09:39,112][flwr][INFO] - initial parameters (loss, other metrics): 182.10181260108948, {'accuracy': 0.103}
[2025-01-07 17:09:39,112][flwr][INFO] - 
[2025-01-07 17:09:39,112][flwr][INFO] - [ROUND 1]
[2025-01-07 17:09:39,112][flwr][INFO] - configure_fit: strategy sampled 2 clients (out of 10)
[2025-01-07 17:09:53,969][flwr][INFO] - aggregate_fit: received 2 results and 0 failures
[2025-01-07 17:09:53,976][flwr][WARNING] - No fit_metrics_aggregation_fn provided
[2025-01-07 17:09:55,538][flwr][INFO] - fit progress: (1, 172.21497654914856, {'accuracy': 0.1701}, 16.42588191899995)
[2025-01-07 17:09:55,538][flwr][INFO] - configure_evaluate: strategy sampled 3 clients (out of 10)
[2025-01-07 17:09:57,697][flwr][INFO] - aggregate_evaluate: received 3 results and 0 failures
[2025-01-07 17:09:57,697][flwr][WARNING] - No evaluate_metrics_aggregation_fn provided
[2025-01-07 17:09:57,697][flwr][INFO] - 
[2025-01-07 17:09:57,697][flwr][INFO] - [ROUND 2]
[2025-01-07 17:09:57,697][flwr][INFO] - configure_fit: strategy sampled 2 clients (out of 10)
[2025-01-07 17:10:09,831][flwr][INFO] - aggregate_fit: received 2 results and 0 failures
[2025-01-07 17:10:11,145][flwr][INFO] - fit progress: (2, 92.72216475009918, {'accuracy': 0.6531}, 32.03263901399623)
[2025-01-07 17:10:11,145][flwr][INFO] - configure_evaluate: strategy sampled 3 clients (out of 10)
[2025-01-07 17:10:11,689][flwr][INFO] - aggregate_evaluate: received 3 results and 0 failures
[2025-01-07 17:10:11,689][flwr][INFO] - 
[2025-01-07 17:10:11,689][flwr][INFO] - [ROUND 3]
[2025-01-07 17:10:11,689][flwr][INFO] - configure_fit: strategy sampled 2 clients (out of 10)
[2025-01-07 17:10:24,182][flwr][INFO] - aggregate_fit: received 2 results and 0 failures
[2025-01-07 17:10:25,752][flwr][INFO] - fit progress: (3, 153.3711760044098, {'accuracy': 0.2739}, 46.63995517099829)
[2025-01-07 17:10:25,752][flwr][INFO] - configure_evaluate: strategy sampled 3 clients (out of 10)
[2025-01-07 17:10:26,227][flwr][INFO] - aggregate_evaluate: received 3 results and 0 failures
[2025-01-07 17:10:26,227][flwr][INFO] - 
[2025-01-07 17:10:26,227][flwr][INFO] - [ROUND 4]
[2025-01-07 17:10:26,227][flwr][INFO] - configure_fit: strategy sampled 2 clients (out of 10)
[2025-01-07 17:10:39,374][flwr][INFO] - aggregate_fit: received 2 results and 0 failures
[2025-01-07 17:10:40,629][flwr][INFO] - fit progress: (4, 182.05308485031128, {'accuracy': 0.1145}, 61.516831353997986)
[2025-01-07 17:10:40,629][flwr][INFO] - configure_evaluate: strategy sampled 3 clients (out of 10)
[2025-01-07 17:10:41,160][flwr][INFO] - aggregate_evaluate: received 3 results and 0 failures
[2025-01-07 17:10:41,161][flwr][INFO] - 
[2025-01-07 17:10:41,161][flwr][INFO] - [ROUND 5]
[2025-01-07 17:10:41,161][flwr][INFO] - configure_fit: strategy sampled 2 clients (out of 10)
[2025-01-07 17:10:52,928][flwr][INFO] - aggregate_fit: received 2 results and 0 failures
[2025-01-07 17:10:54,324][flwr][INFO] - fit progress: (5, 188.49306964874268, {'accuracy': 0.098}, 75.21221361099742)
[2025-01-07 17:10:54,324][flwr][INFO] - configure_evaluate: strategy sampled 3 clients (out of 10)
[2025-01-07 17:10:54,817][flwr][INFO] - aggregate_evaluate: received 3 results and 0 failures
[2025-01-07 17:10:54,818][flwr][INFO] - 
[2025-01-07 17:10:54,818][flwr][INFO] - [ROUND 6]
[2025-01-07 17:10:54,818][flwr][INFO] - configure_fit: strategy sampled 2 clients (out of 10)
[2025-01-07 17:11:06,660][flwr][INFO] - aggregate_fit: received 2 results and 0 failures
[2025-01-07 17:11:08,005][flwr][INFO] - fit progress: (6, 182.1256103515625, {'accuracy': 0.101}, 88.89292837699759)
[2025-01-07 17:11:08,005][flwr][INFO] - configure_evaluate: strategy sampled 3 clients (out of 10)
[2025-01-07 17:11:08,524][flwr][INFO] - aggregate_evaluate: received 3 results and 0 failures
[2025-01-07 17:11:08,525][flwr][INFO] - 
[2025-01-07 17:11:08,525][flwr][INFO] - [ROUND 7]
[2025-01-07 17:11:08,525][flwr][INFO] - configure_fit: strategy sampled 2 clients (out of 10)
[2025-01-07 17:11:20,229][flwr][INFO] - aggregate_fit: received 2 results and 0 failures
[2025-01-07 17:11:21,528][flwr][INFO] - fit progress: (7, 182.2173511981964, {'accuracy': 0.1135}, 102.41592402699462)
[2025-01-07 17:11:21,528][flwr][INFO] - configure_evaluate: strategy sampled 3 clients (out of 10)
[2025-01-07 17:11:22,076][flwr][INFO] - aggregate_evaluate: received 3 results and 0 failures
[2025-01-07 17:11:22,076][flwr][INFO] - 
[2025-01-07 17:11:22,076][flwr][INFO] - [ROUND 8]
[2025-01-07 17:11:22,076][flwr][INFO] - configure_fit: strategy sampled 2 clients (out of 10)
[2025-01-07 17:11:33,608][flwr][INFO] - aggregate_fit: received 2 results and 0 failures
[2025-01-07 17:11:34,956][flwr][INFO] - fit progress: (8, 182.08656334877014, {'accuracy': 0.0958}, 115.84396648999973)
[2025-01-07 17:11:34,956][flwr][INFO] - configure_evaluate: strategy sampled 3 clients (out of 10)
[2025-01-07 17:11:35,434][flwr][INFO] - aggregate_evaluate: received 3 results and 0 failures
[2025-01-07 17:11:35,434][flwr][INFO] - 
[2025-01-07 17:11:35,434][flwr][INFO] - [ROUND 9]
[2025-01-07 17:11:35,435][flwr][INFO] - configure_fit: strategy sampled 2 clients (out of 10)
[2025-01-07 17:11:47,142][flwr][INFO] - aggregate_fit: received 2 results and 0 failures
[2025-01-07 17:11:49,148][flwr][INFO] - fit progress: (9, 182.06949877738953, {'accuracy': 0.1135}, 130.0365837979989)
[2025-01-07 17:11:49,149][flwr][INFO] - configure_evaluate: strategy sampled 3 clients (out of 10)
[2025-01-07 17:11:49,616][flwr][INFO] - aggregate_evaluate: received 3 results and 0 failures
[2025-01-07 17:11:49,616][flwr][INFO] - 
[2025-01-07 17:11:49,616][flwr][INFO] - [ROUND 10]
[2025-01-07 17:11:49,616][flwr][INFO] - configure_fit: strategy sampled 2 clients (out of 10)
[2025-01-07 17:12:01,042][flwr][INFO] - aggregate_fit: received 2 results and 0 failures
[2025-01-07 17:12:02,444][flwr][INFO] - fit progress: (10, 182.00389790534973, {'accuracy': 0.1032}, 143.33235873399826)
[2025-01-07 17:12:02,445][flwr][INFO] - configure_evaluate: strategy sampled 3 clients (out of 10)
[2025-01-07 17:12:03,017][flwr][INFO] - aggregate_evaluate: received 3 results and 0 failures
[2025-01-07 17:12:03,018][flwr][INFO] - 
[2025-01-07 17:12:03,018][flwr][INFO] - [SUMMARY]
[2025-01-07 17:12:03,018][flwr][INFO] - Run finished 10 round(s) in 143.91s
[2025-01-07 17:12:03,018][flwr][INFO] - 	History (loss, distributed):
[2025-01-07 17:12:03,019][flwr][INFO] - 		round 1: 82.99465652306874
[2025-01-07 17:12:03,019][flwr][INFO] - 		round 2: 46.79458896319071
[2025-01-07 17:12:03,019][flwr][INFO] - 		round 3: 72.62971476713817
[2025-01-07 17:12:03,019][flwr][INFO] - 		round 4: 87.53512104352315
[2025-01-07 17:12:03,019][flwr][INFO] - 		round 5: 90.69073621431987
[2025-01-07 17:12:03,019][flwr][INFO] - 		round 6: 87.65387320518494
[2025-01-07 17:12:03,019][flwr][INFO] - 		round 7: 87.88142617543538
[2025-01-07 17:12:03,020][flwr][INFO] - 		round 8: 87.58976062138875
[2025-01-07 17:12:03,020][flwr][INFO] - 		round 9: 87.6541748046875
[2025-01-07 17:12:03,020][flwr][INFO] - 		round 10: 87.4731109937032
[2025-01-07 17:12:03,020][flwr][INFO] - 	History (loss, centralized):
[2025-01-07 17:12:03,020][flwr][INFO] - 		round 0: 182.10181260108948
[2025-01-07 17:12:03,020][flwr][INFO] - 		round 1: 172.21497654914856
[2025-01-07 17:12:03,020][flwr][INFO] - 		round 2: 92.72216475009918
[2025-01-07 17:12:03,020][flwr][INFO] - 		round 3: 153.3711760044098
[2025-01-07 17:12:03,021][flwr][INFO] - 		round 4: 182.05308485031128
[2025-01-07 17:12:03,021][flwr][INFO] - 		round 5: 188.49306964874268
[2025-01-07 17:12:03,021][flwr][INFO] - 		round 6: 182.1256103515625
[2025-01-07 17:12:03,021][flwr][INFO] - 		round 7: 182.2173511981964
[2025-01-07 17:12:03,021][flwr][INFO] - 		round 8: 182.08656334877014
[2025-01-07 17:12:03,021][flwr][INFO] - 		round 9: 182.06949877738953
[2025-01-07 17:12:03,021][flwr][INFO] - 		round 10: 182.00389790534973
[2025-01-07 17:12:03,021][flwr][INFO] - 	History (metrics, centralized):
[2025-01-07 17:12:03,021][flwr][INFO] - 	{'accuracy': [(0, 0.103),
[2025-01-07 17:12:03,021][flwr][INFO] - 	              (1, 0.1701),
[2025-01-07 17:12:03,021][flwr][INFO] - 	              (2, 0.6531),
[2025-01-07 17:12:03,022][flwr][INFO] - 	              (3, 0.2739),
[2025-01-07 17:12:03,022][flwr][INFO] - 	              (4, 0.1145),
[2025-01-07 17:12:03,022][flwr][INFO] - 	              (5, 0.098),
[2025-01-07 17:12:03,022][flwr][INFO] - 	              (6, 0.101),
[2025-01-07 17:12:03,022][flwr][INFO] - 	              (7, 0.1135),
[2025-01-07 17:12:03,022][flwr][INFO] - 	              (8, 0.0958),
[2025-01-07 17:12:03,022][flwr][INFO] - 	              (9, 0.1135),
[2025-01-07 17:12:03,022][flwr][INFO] - 	              (10, 0.1032)]}
[2025-01-07 17:12:03,022][flwr][INFO] - 
