[2025-01-07 14:53:22,973][flwr][INFO] - Starting Flower simulation, config: num_rounds=5, no round_timeout
[2025-01-07 14:53:26,529][flwr][INFO] - Flower VCE: Ray initialized with resources: {'memory': 6247885211.0, 'object_store_memory': 3123942604.0, 'node:192.168.1.11': 1.0, 'CPU': 12.0, 'node:__internal_head__': 1.0}
[2025-01-07 14:53:26,529][flwr][INFO] - Optimize your simulation with Flower VCE: https://flower.ai/docs/framework/how-to-run-simulations.html
[2025-01-07 14:53:26,529][flwr][INFO] - Flower VCE: Resources for each Virtual Client: {'num_cpus': 2, 'num_gpus': 0}
[2025-01-07 14:53:26,536][flwr][INFO] - Flower VCE: Creating VirtualClientEngineActorPool with 6 actors
[2025-01-07 14:53:26,537][flwr][INFO] - [INIT]
[2025-01-07 14:53:26,537][flwr][INFO] - Requesting initial parameters from one random client
[2025-01-07 14:53:29,306][flwr][INFO] - Received initial parameters from one random client
[2025-01-07 14:53:29,306][flwr][INFO] - Starting evaluation of initial global parameters
[2025-01-07 14:53:30,686][flwr][INFO] - initial parameters (loss, other metrics): 181.97445607185364, {'accuracy': 0.0975}
[2025-01-07 14:53:30,686][flwr][INFO] - 
[2025-01-07 14:53:30,686][flwr][INFO] - [ROUND 1]
[2025-01-07 14:53:30,686][flwr][INFO] - configure_fit: strategy sampled 2 clients (out of 20)
[2025-01-07 14:53:37,562][flwr][INFO] - aggregate_fit: received 2 results and 0 failures
[2025-01-07 14:53:37,567][flwr][WARNING] - No fit_metrics_aggregation_fn provided
[2025-01-07 14:53:38,870][flwr][INFO] - fit progress: (1, 181.57291531562805, {'accuracy': 0.1019}, 8.183979546000046)
[2025-01-07 14:53:38,870][flwr][INFO] - configure_evaluate: strategy sampled 5 clients (out of 20)
[2025-01-07 14:53:42,525][flwr][INFO] - aggregate_evaluate: received 5 results and 0 failures
[2025-01-07 14:53:42,525][flwr][WARNING] - No evaluate_metrics_aggregation_fn provided
[2025-01-07 14:53:42,525][flwr][INFO] - 
[2025-01-07 14:53:42,525][flwr][INFO] - [ROUND 2]
[2025-01-07 14:53:42,525][flwr][INFO] - configure_fit: strategy sampled 2 clients (out of 20)
[2025-01-07 14:53:46,907][flwr][INFO] - aggregate_fit: received 2 results and 0 failures
[2025-01-07 14:53:48,203][flwr][INFO] - fit progress: (2, 150.06365275382996, {'accuracy': 0.3429}, 17.516956194001978)
[2025-01-07 14:53:48,203][flwr][INFO] - configure_evaluate: strategy sampled 5 clients (out of 20)
[2025-01-07 14:53:48,846][flwr][INFO] - aggregate_evaluate: received 5 results and 0 failures
[2025-01-07 14:53:48,846][flwr][INFO] - 
[2025-01-07 14:53:48,846][flwr][INFO] - [ROUND 3]
[2025-01-07 14:53:48,847][flwr][INFO] - configure_fit: strategy sampled 2 clients (out of 20)
[2025-01-07 14:53:53,373][flwr][INFO] - aggregate_fit: received 2 results and 0 failures
[2025-01-07 14:53:54,597][flwr][INFO] - fit progress: (3, 101.64372408390045, {'accuracy': 0.6174}, 23.910988974999782)
[2025-01-07 14:53:54,597][flwr][INFO] - configure_evaluate: strategy sampled 5 clients (out of 20)
[2025-01-07 14:53:55,198][flwr][INFO] - aggregate_evaluate: received 5 results and 0 failures
[2025-01-07 14:53:55,198][flwr][INFO] - 
[2025-01-07 14:53:55,198][flwr][INFO] - [ROUND 4]
[2025-01-07 14:53:55,199][flwr][INFO] - configure_fit: strategy sampled 2 clients (out of 20)
[2025-01-07 14:53:59,659][flwr][INFO] - aggregate_fit: received 2 results and 0 failures
[2025-01-07 14:54:01,374][flwr][INFO] - fit progress: (4, 89.70226472616196, {'accuracy': 0.6563}, 30.688580409001588)
[2025-01-07 14:54:01,375][flwr][INFO] - configure_evaluate: strategy sampled 5 clients (out of 20)
[2025-01-07 14:54:01,966][flwr][INFO] - aggregate_evaluate: received 5 results and 0 failures
[2025-01-07 14:54:01,966][flwr][INFO] - 
[2025-01-07 14:54:01,966][flwr][INFO] - [ROUND 5]
[2025-01-07 14:54:01,966][flwr][INFO] - configure_fit: strategy sampled 2 clients (out of 20)
[2025-01-07 14:54:06,360][flwr][INFO] - aggregate_fit: received 2 results and 0 failures
[2025-01-07 14:54:07,956][flwr][INFO] - fit progress: (5, 203.06138014793396, {'accuracy': 0.1135}, 37.269792915001744)
[2025-01-07 14:54:07,956][flwr][INFO] - configure_evaluate: strategy sampled 5 clients (out of 20)
[2025-01-07 14:54:08,516][flwr][INFO] - aggregate_evaluate: received 5 results and 0 failures
[2025-01-07 14:54:08,516][flwr][INFO] - 
[2025-01-07 14:54:08,516][flwr][INFO] - [SUMMARY]
[2025-01-07 14:54:08,516][flwr][INFO] - Run finished 5 round(s) in 37.83s
[2025-01-07 14:54:08,517][flwr][INFO] - 	History (loss, distributed):
[2025-01-07 14:54:08,517][flwr][INFO] - 		round 1: 22.99675908088684
[2025-01-07 14:54:08,517][flwr][INFO] - 		round 2: 18.907425498962404
[2025-01-07 14:54:08,517][flwr][INFO] - 		round 3: 13.244519197940827
[2025-01-07 14:54:08,517][flwr][INFO] - 		round 4: 11.277398896217345
[2025-01-07 14:54:08,517][flwr][INFO] - 		round 5: 25.571312189102173
[2025-01-07 14:54:08,517][flwr][INFO] - 	History (loss, centralized):
[2025-01-07 14:54:08,517][flwr][INFO] - 		round 0: 181.97445607185364
[2025-01-07 14:54:08,517][flwr][INFO] - 		round 1: 181.57291531562805
[2025-01-07 14:54:08,517][flwr][INFO] - 		round 2: 150.06365275382996
[2025-01-07 14:54:08,517][flwr][INFO] - 		round 3: 101.64372408390045
[2025-01-07 14:54:08,517][flwr][INFO] - 		round 4: 89.70226472616196
[2025-01-07 14:54:08,517][flwr][INFO] - 		round 5: 203.06138014793396
[2025-01-07 14:54:08,517][flwr][INFO] - 	History (metrics, centralized):
[2025-01-07 14:54:08,517][flwr][INFO] - 	{'accuracy': [(0, 0.0975),
[2025-01-07 14:54:08,517][flwr][INFO] - 	              (1, 0.1019),
[2025-01-07 14:54:08,517][flwr][INFO] - 	              (2, 0.3429),
[2025-01-07 14:54:08,517][flwr][INFO] - 	              (3, 0.6174),
[2025-01-07 14:54:08,517][flwr][INFO] - 	              (4, 0.6563),
[2025-01-07 14:54:08,517][flwr][INFO] - 	              (5, 0.1135)]}
[2025-01-07 14:54:08,517][flwr][INFO] - 
