[2024-12-31 23:22:28,463][flwr][INFO] - Starting Flower simulation, config: num_rounds=10, no round_timeout
[2024-12-31 23:22:32,153][flwr][INFO] - Flower VCE: Ray initialized with resources: {'node:192.168.1.11': 1.0, 'CPU': 12.0, 'object_store_memory': 3225017548.0, 'memory': 6450035099.0, 'node:__internal_head__': 1.0}
[2024-12-31 23:22:32,153][flwr][INFO] - Optimize your simulation with Flower VCE: https://flower.ai/docs/framework/how-to-run-simulations.html
[2024-12-31 23:22:32,153][flwr][INFO] - Flower VCE: Resources for each Virtual Client: {'num_cpus': 2, 'num_gpus': 0}
[2024-12-31 23:22:32,166][flwr][INFO] - Flower VCE: Creating VirtualClientEngineActorPool with 6 actors
[2024-12-31 23:22:32,167][flwr][INFO] - [INIT]
[2024-12-31 23:22:32,167][flwr][INFO] - Using initial global parameters provided by strategy
[2024-12-31 23:22:32,167][flwr][INFO] - Starting evaluation of initial global parameters
[2024-12-31 23:22:35,515][flwr][INFO] - initial parameters (loss, other metrics): 181.79857087135315, {'accuracy': 0.0873}
[2024-12-31 23:22:35,515][flwr][INFO] - 
[2024-12-31 23:22:35,515][flwr][INFO] - [ROUND 1]
[2024-12-31 23:22:35,517][flwr][INFO] - configure_fit: strategy sampled 2 clients (out of 10)
[2024-12-31 23:22:43,670][flwr][INFO] - aggregate_fit: received 2 results and 0 failures
[2024-12-31 23:22:45,669][flwr][WARNING] - No fit_metrics_aggregation_fn provided
[2024-12-31 23:22:47,921][flwr][INFO] - fit progress: (1, 181.8346951007843, {'accuracy': 0.0888}, 12.405825844994979)
[2024-12-31 23:22:47,921][flwr][INFO] - configure_evaluate: strategy sampled 5 clients (out of 10)
[2024-12-31 23:22:51,978][flwr][INFO] - aggregate_evaluate: received 5 results and 0 failures
[2024-12-31 23:22:51,978][flwr][WARNING] - No evaluate_metrics_aggregation_fn provided
[2024-12-31 23:22:51,979][flwr][INFO] - 
[2024-12-31 23:22:51,979][flwr][INFO] - [ROUND 2]
[2024-12-31 23:22:51,982][flwr][INFO] - configure_fit: strategy sampled 2 clients (out of 10)
[2024-12-31 23:22:57,634][flwr][INFO] - aggregate_fit: received 2 results and 0 failures
[2024-12-31 23:23:00,910][flwr][INFO] - fit progress: (2, 182.08020091056824, {'accuracy': 0.0892}, 25.395248590000847)
[2024-12-31 23:23:00,911][flwr][INFO] - configure_evaluate: strategy sampled 5 clients (out of 10)
[2024-12-31 23:23:01,742][flwr][INFO] - aggregate_evaluate: received 5 results and 0 failures
[2024-12-31 23:23:01,742][flwr][INFO] - 
[2024-12-31 23:23:01,742][flwr][INFO] - [ROUND 3]
[2024-12-31 23:23:01,747][flwr][INFO] - configure_fit: strategy sampled 2 clients (out of 10)
[2024-12-31 23:23:07,154][flwr][INFO] - aggregate_fit: received 2 results and 0 failures
[2024-12-31 23:23:10,774][flwr][INFO] - fit progress: (3, 182.08020091056824, {'accuracy': 0.0892}, 35.25876088199584)
[2024-12-31 23:23:10,774][flwr][INFO] - configure_evaluate: strategy sampled 5 clients (out of 10)
[2024-12-31 23:23:11,532][flwr][INFO] - aggregate_evaluate: received 5 results and 0 failures
[2024-12-31 23:23:11,532][flwr][INFO] - 
[2024-12-31 23:23:11,532][flwr][INFO] - [ROUND 4]
[2024-12-31 23:23:11,535][flwr][INFO] - configure_fit: strategy sampled 2 clients (out of 10)
[2024-12-31 23:23:17,063][flwr][INFO] - aggregate_fit: received 2 results and 0 failures
[2024-12-31 23:23:21,009][flwr][INFO] - fit progress: (4, 182.08047246932983, {'accuracy': 0.0892}, 45.49381014199753)
[2024-12-31 23:23:21,009][flwr][INFO] - configure_evaluate: strategy sampled 5 clients (out of 10)
[2024-12-31 23:23:21,741][flwr][INFO] - aggregate_evaluate: received 5 results and 0 failures
[2024-12-31 23:23:21,741][flwr][INFO] - 
[2024-12-31 23:23:21,741][flwr][INFO] - [ROUND 5]
[2024-12-31 23:23:21,745][flwr][INFO] - configure_fit: strategy sampled 2 clients (out of 10)
[2024-12-31 23:23:27,585][flwr][INFO] - aggregate_fit: received 2 results and 0 failures
[2024-12-31 23:23:31,434][flwr][INFO] - fit progress: (5, 182.07864952087402, {'accuracy': 0.0892}, 55.91928480700153)
[2024-12-31 23:23:31,435][flwr][INFO] - configure_evaluate: strategy sampled 5 clients (out of 10)
[2024-12-31 23:23:32,170][flwr][INFO] - aggregate_evaluate: received 5 results and 0 failures
[2024-12-31 23:23:32,170][flwr][INFO] - 
[2024-12-31 23:23:32,170][flwr][INFO] - [ROUND 6]
[2024-12-31 23:23:32,174][flwr][INFO] - configure_fit: strategy sampled 2 clients (out of 10)
[2024-12-31 23:23:37,944][flwr][INFO] - aggregate_fit: received 2 results and 0 failures
[2024-12-31 23:23:41,159][flwr][INFO] - fit progress: (6, nan, {'accuracy': 0.098}, 65.64372665299743)
[2024-12-31 23:23:41,159][flwr][INFO] - configure_evaluate: strategy sampled 5 clients (out of 10)
[2024-12-31 23:23:41,938][flwr][INFO] - aggregate_evaluate: received 5 results and 0 failures
[2024-12-31 23:23:41,939][flwr][INFO] - 
[2024-12-31 23:23:41,939][flwr][INFO] - [ROUND 7]
[2024-12-31 23:23:41,942][flwr][INFO] - configure_fit: strategy sampled 2 clients (out of 10)
[2024-12-31 23:23:47,482][flwr][INFO] - aggregate_fit: received 2 results and 0 failures
[2024-12-31 23:23:50,997][flwr][INFO] - fit progress: (7, nan, {'accuracy': 0.098}, 75.48187416399742)
[2024-12-31 23:23:50,997][flwr][INFO] - configure_evaluate: strategy sampled 5 clients (out of 10)
[2024-12-31 23:23:52,017][flwr][INFO] - aggregate_evaluate: received 5 results and 0 failures
[2024-12-31 23:23:52,017][flwr][INFO] - 
[2024-12-31 23:23:52,017][flwr][INFO] - [ROUND 8]
[2024-12-31 23:23:52,022][flwr][INFO] - configure_fit: strategy sampled 2 clients (out of 10)
[2024-12-31 23:23:57,849][flwr][INFO] - aggregate_fit: received 2 results and 0 failures
[2024-12-31 23:24:01,226][flwr][INFO] - fit progress: (8, nan, {'accuracy': 0.098}, 85.7111474830017)
[2024-12-31 23:24:01,226][flwr][INFO] - configure_evaluate: strategy sampled 5 clients (out of 10)
[2024-12-31 23:24:02,008][flwr][INFO] - aggregate_evaluate: received 5 results and 0 failures
[2024-12-31 23:24:02,008][flwr][INFO] - 
[2024-12-31 23:24:02,008][flwr][INFO] - [ROUND 9]
[2024-12-31 23:24:02,011][flwr][INFO] - configure_fit: strategy sampled 2 clients (out of 10)
[2024-12-31 23:24:07,599][flwr][INFO] - aggregate_fit: received 2 results and 0 failures
[2024-12-31 23:24:11,451][flwr][INFO] - fit progress: (9, nan, {'accuracy': 0.098}, 95.9361776759979)
[2024-12-31 23:24:11,451][flwr][INFO] - configure_evaluate: strategy sampled 5 clients (out of 10)
[2024-12-31 23:24:12,167][flwr][INFO] - aggregate_evaluate: received 5 results and 0 failures
[2024-12-31 23:24:12,167][flwr][INFO] - 
[2024-12-31 23:24:12,168][flwr][INFO] - [ROUND 10]
[2024-12-31 23:24:12,177][flwr][INFO] - configure_fit: strategy sampled 2 clients (out of 10)
[2024-12-31 23:24:17,914][flwr][INFO] - aggregate_fit: received 2 results and 0 failures
[2024-12-31 23:24:21,674][flwr][INFO] - fit progress: (10, nan, {'accuracy': 0.098}, 106.1588833259957)
[2024-12-31 23:24:21,674][flwr][INFO] - configure_evaluate: strategy sampled 5 clients (out of 10)
[2024-12-31 23:24:22,366][flwr][INFO] - aggregate_evaluate: received 5 results and 0 failures
[2024-12-31 23:24:22,366][flwr][INFO] - 
[2024-12-31 23:24:22,366][flwr][INFO] - [SUMMARY]
[2024-12-31 23:24:22,366][flwr][INFO] - Run finished 10 round(s) in 106.85s
[2024-12-31 23:24:22,367][flwr][INFO] - 	History (loss, distributed):
[2024-12-31 23:24:22,367][flwr][INFO] - 		round 1: 43.699617338180545
[2024-12-31 23:24:22,367][flwr][INFO] - 		round 2: 43.77611365318298
[2024-12-31 23:24:22,367][flwr][INFO] - 		round 3: 43.77755041122437
[2024-12-31 23:24:22,367][flwr][INFO] - 		round 4: 43.799543905258176
[2024-12-31 23:24:22,367][flwr][INFO] - 		round 5: 43.78295001983643
[2024-12-31 23:24:22,367][flwr][INFO] - 		round 6: nan
[2024-12-31 23:24:22,367][flwr][INFO] - 		round 7: nan
[2024-12-31 23:24:22,368][flwr][INFO] - 		round 8: nan
[2024-12-31 23:24:22,368][flwr][INFO] - 		round 9: nan
[2024-12-31 23:24:22,368][flwr][INFO] - 		round 10: nan
[2024-12-31 23:24:22,368][flwr][INFO] - 	History (loss, centralized):
[2024-12-31 23:24:22,368][flwr][INFO] - 		round 0: 181.79857087135315
[2024-12-31 23:24:22,368][flwr][INFO] - 		round 1: 181.8346951007843
[2024-12-31 23:24:22,368][flwr][INFO] - 		round 2: 182.08020091056824
[2024-12-31 23:24:22,368][flwr][INFO] - 		round 3: 182.08020091056824
[2024-12-31 23:24:22,368][flwr][INFO] - 		round 4: 182.08047246932983
[2024-12-31 23:24:22,368][flwr][INFO] - 		round 5: 182.07864952087402
[2024-12-31 23:24:22,369][flwr][INFO] - 		round 6: nan
[2024-12-31 23:24:22,369][flwr][INFO] - 		round 7: nan
[2024-12-31 23:24:22,369][flwr][INFO] - 		round 8: nan
[2024-12-31 23:24:22,369][flwr][INFO] - 		round 9: nan
[2024-12-31 23:24:22,369][flwr][INFO] - 		round 10: nan
[2024-12-31 23:24:22,369][flwr][INFO] - 	History (metrics, centralized):
[2024-12-31 23:24:22,369][flwr][INFO] - 	{'accuracy': [(0, 0.0873),
[2024-12-31 23:24:22,369][flwr][INFO] - 	              (1, 0.0888),
[2024-12-31 23:24:22,369][flwr][INFO] - 	              (2, 0.0892),
[2024-12-31 23:24:22,369][flwr][INFO] - 	              (3, 0.0892),
[2024-12-31 23:24:22,369][flwr][INFO] - 	              (4, 0.0892),
[2024-12-31 23:24:22,369][flwr][INFO] - 	              (5, 0.0892),
[2024-12-31 23:24:22,369][flwr][INFO] - 	              (6, 0.098),
[2024-12-31 23:24:22,369][flwr][INFO] - 	              (7, 0.098),
[2024-12-31 23:24:22,369][flwr][INFO] - 	              (8, 0.098),
[2024-12-31 23:24:22,369][flwr][INFO] - 	              (9, 0.098),
[2024-12-31 23:24:22,369][flwr][INFO] - 	              (10, 0.098)]}
[2024-12-31 23:24:22,369][flwr][INFO] - 
