[2024-12-31 15:22:31,977][flwr][INFO] - Starting Flower simulation, config: num_rounds=10, no round_timeout
[2024-12-31 15:22:35,498][flwr][INFO] - Flower VCE: Ray initialized with resources: {'node:__internal_head__': 1.0, 'memory': 5871776564.0, 'object_store_memory': 2935888281.0, 'CPU': 12.0, 'node:192.168.1.11': 1.0}
[2024-12-31 15:22:35,498][flwr][INFO] - Optimize your simulation with Flower VCE: https://flower.ai/docs/framework/how-to-run-simulations.html
[2024-12-31 15:22:35,498][flwr][INFO] - Flower VCE: Resources for each Virtual Client: {'num_cpus': 2, 'num_gpus': 0}
[2024-12-31 15:22:35,508][flwr][INFO] - Flower VCE: Creating VirtualClientEngineActorPool with 6 actors
[2024-12-31 15:22:35,508][flwr][INFO] - [INIT]
[2024-12-31 15:22:35,508][flwr][INFO] - Using initial global parameters provided by strategy
[2024-12-31 15:22:35,508][flwr][INFO] - Starting evaluation of initial global parameters
[2024-12-31 15:22:38,200][flwr][INFO] - initial parameters (loss, other metrics): 182.24076056480408, {'accuracy': 0.0982}
[2024-12-31 15:22:38,200][flwr][INFO] - 
[2024-12-31 15:22:38,200][flwr][INFO] - [ROUND 1]
[2024-12-31 15:22:38,201][flwr][INFO] - configure_fit: strategy sampled 2 clients (out of 10)
[2024-12-31 15:22:45,577][flwr][INFO] - aggregate_fit: received 2 results and 0 failures
[2024-12-31 15:22:45,581][flwr][WARNING] - No fit_metrics_aggregation_fn provided
[2024-12-31 15:22:47,554][flwr][INFO] - fit progress: (1, 182.75893330574036, {'accuracy': 0.101}, 9.354080739001802)
[2024-12-31 15:22:47,555][flwr][INFO] - configure_evaluate: strategy sampled 5 clients (out of 10)
[2024-12-31 15:22:51,134][flwr][INFO] - aggregate_evaluate: received 5 results and 0 failures
[2024-12-31 15:22:51,134][flwr][WARNING] - No evaluate_metrics_aggregation_fn provided
[2024-12-31 15:22:51,134][flwr][INFO] - 
[2024-12-31 15:22:51,134][flwr][INFO] - [ROUND 2]
[2024-12-31 15:22:51,134][flwr][INFO] - configure_fit: strategy sampled 2 clients (out of 10)
[2024-12-31 15:22:56,324][flwr][INFO] - aggregate_fit: received 2 results and 0 failures
[2024-12-31 15:22:57,928][flwr][INFO] - fit progress: (2, 182.10608983039856, {'accuracy': 0.101}, 19.727533809003944)
[2024-12-31 15:22:57,928][flwr][INFO] - configure_evaluate: strategy sampled 5 clients (out of 10)
[2024-12-31 15:22:58,748][flwr][INFO] - aggregate_evaluate: received 5 results and 0 failures
[2024-12-31 15:22:58,749][flwr][INFO] - 
[2024-12-31 15:22:58,749][flwr][INFO] - [ROUND 3]
[2024-12-31 15:22:58,749][flwr][INFO] - configure_fit: strategy sampled 2 clients (out of 10)
[2024-12-31 15:23:04,200][flwr][INFO] - aggregate_fit: received 2 results and 0 failures
[2024-12-31 15:23:06,217][flwr][INFO] - fit progress: (3, 181.91344261169434, {'accuracy': 0.101}, 28.01639344900468)
[2024-12-31 15:23:06,217][flwr][INFO] - configure_evaluate: strategy sampled 5 clients (out of 10)
[2024-12-31 15:23:06,879][flwr][INFO] - aggregate_evaluate: received 5 results and 0 failures
[2024-12-31 15:23:06,880][flwr][INFO] - 
[2024-12-31 15:23:06,880][flwr][INFO] - [ROUND 4]
[2024-12-31 15:23:06,880][flwr][INFO] - configure_fit: strategy sampled 2 clients (out of 10)
[2024-12-31 15:23:12,187][flwr][INFO] - aggregate_fit: received 2 results and 0 failures
[2024-12-31 15:23:13,839][flwr][INFO] - fit progress: (4, 181.89264965057373, {'accuracy': 0.101}, 35.638477234002494)
[2024-12-31 15:23:13,839][flwr][INFO] - configure_evaluate: strategy sampled 5 clients (out of 10)
[2024-12-31 15:23:14,775][flwr][INFO] - aggregate_evaluate: received 5 results and 0 failures
[2024-12-31 15:23:14,775][flwr][INFO] - 
[2024-12-31 15:23:14,775][flwr][INFO] - [ROUND 5]
[2024-12-31 15:23:14,776][flwr][INFO] - configure_fit: strategy sampled 2 clients (out of 10)
[2024-12-31 15:23:20,544][flwr][INFO] - aggregate_fit: received 2 results and 0 failures
[2024-12-31 15:23:23,077][flwr][INFO] - fit progress: (5, 181.8512442111969, {'accuracy': 0.101}, 44.87659240100038)
[2024-12-31 15:23:23,077][flwr][INFO] - configure_evaluate: strategy sampled 5 clients (out of 10)
[2024-12-31 15:23:23,940][flwr][INFO] - aggregate_evaluate: received 5 results and 0 failures
[2024-12-31 15:23:23,940][flwr][INFO] - 
[2024-12-31 15:23:23,940][flwr][INFO] - [ROUND 6]
[2024-12-31 15:23:23,941][flwr][INFO] - configure_fit: strategy sampled 2 clients (out of 10)
[2024-12-31 15:23:30,397][flwr][INFO] - aggregate_fit: received 2 results and 0 failures
[2024-12-31 15:23:32,669][flwr][INFO] - fit progress: (6, 181.80433869361877, {'accuracy': 0.1135}, 54.46917811100138)
[2024-12-31 15:23:32,670][flwr][INFO] - configure_evaluate: strategy sampled 5 clients (out of 10)
[2024-12-31 15:23:33,434][flwr][INFO] - aggregate_evaluate: received 5 results and 0 failures
[2024-12-31 15:23:33,434][flwr][INFO] - 
[2024-12-31 15:23:33,434][flwr][INFO] - [ROUND 7]
[2024-12-31 15:23:33,435][flwr][INFO] - configure_fit: strategy sampled 2 clients (out of 10)
[2024-12-31 15:23:39,378][flwr][INFO] - aggregate_fit: received 2 results and 0 failures
[2024-12-31 15:23:41,015][flwr][INFO] - fit progress: (7, 181.83984398841858, {'accuracy': 0.1135}, 62.81532464599877)
[2024-12-31 15:23:41,016][flwr][INFO] - configure_evaluate: strategy sampled 5 clients (out of 10)
[2024-12-31 15:23:41,757][flwr][INFO] - aggregate_evaluate: received 5 results and 0 failures
[2024-12-31 15:23:41,757][flwr][INFO] - 
[2024-12-31 15:23:41,757][flwr][INFO] - [ROUND 8]
[2024-12-31 15:23:41,757][flwr][INFO] - configure_fit: strategy sampled 2 clients (out of 10)
[2024-12-31 15:23:47,366][flwr][INFO] - aggregate_fit: received 2 results and 0 failures
[2024-12-31 15:23:49,005][flwr][INFO] - fit progress: (8, 181.82835841178894, {'accuracy': 0.1135}, 70.80470503400284)
[2024-12-31 15:23:49,005][flwr][INFO] - configure_evaluate: strategy sampled 5 clients (out of 10)
[2024-12-31 15:23:49,691][flwr][INFO] - aggregate_evaluate: received 5 results and 0 failures
[2024-12-31 15:23:49,691][flwr][INFO] - 
[2024-12-31 15:23:49,692][flwr][INFO] - [ROUND 9]
[2024-12-31 15:23:49,692][flwr][INFO] - configure_fit: strategy sampled 2 clients (out of 10)
[2024-12-31 15:23:55,031][flwr][INFO] - aggregate_fit: received 2 results and 0 failures
[2024-12-31 15:23:56,773][flwr][INFO] - fit progress: (9, 181.8644163608551, {'accuracy': 0.1135}, 78.5727461570059)
[2024-12-31 15:23:56,773][flwr][INFO] - configure_evaluate: strategy sampled 5 clients (out of 10)
[2024-12-31 15:23:57,564][flwr][INFO] - aggregate_evaluate: received 5 results and 0 failures
[2024-12-31 15:23:57,564][flwr][INFO] - 
[2024-12-31 15:23:57,564][flwr][INFO] - [ROUND 10]
[2024-12-31 15:23:57,565][flwr][INFO] - configure_fit: strategy sampled 2 clients (out of 10)
[2024-12-31 15:24:03,016][flwr][INFO] - aggregate_fit: received 2 results and 0 failures
[2024-12-31 15:24:05,052][flwr][INFO] - fit progress: (10, 181.83005166053772, {'accuracy': 0.1135}, 86.85168146900105)
[2024-12-31 15:24:05,052][flwr][INFO] - configure_evaluate: strategy sampled 5 clients (out of 10)
[2024-12-31 15:24:05,777][flwr][INFO] - aggregate_evaluate: received 5 results and 0 failures
[2024-12-31 15:24:05,777][flwr][INFO] - 
[2024-12-31 15:24:05,777][flwr][INFO] - [SUMMARY]
[2024-12-31 15:24:05,777][flwr][INFO] - Run finished 10 round(s) in 87.58s
[2024-12-31 15:24:05,778][flwr][INFO] - 	History (loss, distributed):
[2024-12-31 15:24:05,778][flwr][INFO] - 		round 1: 43.95018882751465
[2024-12-31 15:24:05,778][flwr][INFO] - 		round 2: 43.80325984954834
[2024-12-31 15:24:05,778][flwr][INFO] - 		round 3: 43.74629549980163
[2024-12-31 15:24:05,778][flwr][INFO] - 		round 4: 43.74073634147644
[2024-12-31 15:24:05,778][flwr][INFO] - 		round 5: 43.739241695404054
[2024-12-31 15:24:05,779][flwr][INFO] - 		round 6: 43.72262544631958
[2024-12-31 15:24:05,779][flwr][INFO] - 		round 7: 43.71514000892639
[2024-12-31 15:24:05,779][flwr][INFO] - 		round 8: 43.77149963378906
[2024-12-31 15:24:05,779][flwr][INFO] - 		round 9: 43.751104021072386
[2024-12-31 15:24:05,779][flwr][INFO] - 		round 10: 43.73209238052368
[2024-12-31 15:24:05,779][flwr][INFO] - 	History (loss, centralized):
[2024-12-31 15:24:05,779][flwr][INFO] - 		round 0: 182.24076056480408
[2024-12-31 15:24:05,779][flwr][INFO] - 		round 1: 182.75893330574036
[2024-12-31 15:24:05,779][flwr][INFO] - 		round 2: 182.10608983039856
[2024-12-31 15:24:05,779][flwr][INFO] - 		round 3: 181.91344261169434
[2024-12-31 15:24:05,780][flwr][INFO] - 		round 4: 181.89264965057373
[2024-12-31 15:24:05,780][flwr][INFO] - 		round 5: 181.8512442111969
[2024-12-31 15:24:05,780][flwr][INFO] - 		round 6: 181.80433869361877
[2024-12-31 15:24:05,780][flwr][INFO] - 		round 7: 181.83984398841858
[2024-12-31 15:24:05,780][flwr][INFO] - 		round 8: 181.82835841178894
[2024-12-31 15:24:05,780][flwr][INFO] - 		round 9: 181.8644163608551
[2024-12-31 15:24:05,780][flwr][INFO] - 		round 10: 181.83005166053772
[2024-12-31 15:24:05,780][flwr][INFO] - 	History (metrics, centralized):
[2024-12-31 15:24:05,780][flwr][INFO] - 	{'accuracy': [(0, 0.0982),
[2024-12-31 15:24:05,780][flwr][INFO] - 	              (1, 0.101),
[2024-12-31 15:24:05,780][flwr][INFO] - 	              (2, 0.101),
[2024-12-31 15:24:05,781][flwr][INFO] - 	              (3, 0.101),
[2024-12-31 15:24:05,781][flwr][INFO] - 	              (4, 0.101),
[2024-12-31 15:24:05,781][flwr][INFO] - 	              (5, 0.101),
[2024-12-31 15:24:05,781][flwr][INFO] - 	              (6, 0.1135),
[2024-12-31 15:24:05,781][flwr][INFO] - 	              (7, 0.1135),
[2024-12-31 15:24:05,781][flwr][INFO] - 	              (8, 0.1135),
[2024-12-31 15:24:05,781][flwr][INFO] - 	              (9, 0.1135),
[2024-12-31 15:24:05,781][flwr][INFO] - 	              (10, 0.1135)]}
[2024-12-31 15:24:05,781][flwr][INFO] - 
