[2024-12-31 14:24:32,961][flwr][INFO] - Starting Flower simulation, config: num_rounds=10, no round_timeout
[2024-12-31 14:24:36,362][flwr][INFO] - Flower VCE: Ray initialized with resources: {'node:__internal_head__': 1.0, 'CPU': 12.0, 'node:192.168.1.11': 1.0, 'memory': 6361509888.0, 'object_store_memory': 3180754944.0}
[2024-12-31 14:24:36,362][flwr][INFO] - Optimize your simulation with Flower VCE: https://flower.ai/docs/framework/how-to-run-simulations.html
[2024-12-31 14:24:36,362][flwr][INFO] - Flower VCE: Resources for each Virtual Client: {'num_cpus': 2, 'num_gpus': 0}
[2024-12-31 14:24:36,368][flwr][INFO] - Flower VCE: Creating VirtualClientEngineActorPool with 6 actors
[2024-12-31 14:24:36,368][flwr][INFO] - [INIT]
[2024-12-31 14:24:36,368][flwr][INFO] - Using initial global parameters provided by strategy
[2024-12-31 14:24:36,368][flwr][INFO] - Starting evaluation of initial global parameters
[2024-12-31 14:24:38,775][flwr][INFO] - initial parameters (loss, other metrics): 182.0535488128662, {'accuracy': 0.1023}
[2024-12-31 14:24:38,776][flwr][INFO] - 
[2024-12-31 14:24:38,776][flwr][INFO] - [ROUND 1]
[2024-12-31 14:24:38,780][flwr][INFO] - configure_fit: strategy sampled 2 clients (out of 10)
[2024-12-31 14:24:48,109][flwr][INFO] - aggregate_fit: received 2 results and 0 failures
[2024-12-31 14:24:49,266][flwr][WARNING] - No fit_metrics_aggregation_fn provided
[2024-12-31 14:24:50,486][flwr][INFO] - fit progress: (1, 182.1661684513092, {'accuracy': 0.0902}, 11.709643681999296)
[2024-12-31 14:24:50,486][flwr][INFO] - configure_evaluate: strategy sampled 2 clients (out of 10)
[2024-12-31 14:24:50,854][flwr][INFO] - aggregate_evaluate: received 2 results and 0 failures
[2024-12-31 14:24:50,854][flwr][WARNING] - No evaluate_metrics_aggregation_fn provided
[2024-12-31 14:24:50,855][flwr][INFO] - 
[2024-12-31 14:24:50,855][flwr][INFO] - [ROUND 2]
[2024-12-31 14:24:50,857][flwr][INFO] - configure_fit: strategy sampled 2 clients (out of 10)
[2024-12-31 14:24:58,262][flwr][INFO] - aggregate_fit: received 2 results and 0 failures
[2024-12-31 14:25:00,738][flwr][INFO] - fit progress: (2, 182.05033612251282, {'accuracy': 0.0892}, 21.962398299998313)
[2024-12-31 14:25:00,739][flwr][INFO] - configure_evaluate: strategy sampled 2 clients (out of 10)
[2024-12-31 14:25:01,147][flwr][INFO] - aggregate_evaluate: received 2 results and 0 failures
[2024-12-31 14:25:01,148][flwr][INFO] - 
[2024-12-31 14:25:01,148][flwr][INFO] - [ROUND 3]
[2024-12-31 14:25:01,151][flwr][INFO] - configure_fit: strategy sampled 2 clients (out of 10)
[2024-12-31 14:25:08,372][flwr][INFO] - aggregate_fit: received 2 results and 0 failures
[2024-12-31 14:25:10,947][flwr][INFO] - fit progress: (3, 182.0257728099823, {'accuracy': 0.0928}, 32.17121500399662)
[2024-12-31 14:25:10,947][flwr][INFO] - configure_evaluate: strategy sampled 2 clients (out of 10)
[2024-12-31 14:25:11,325][flwr][INFO] - aggregate_evaluate: received 2 results and 0 failures
[2024-12-31 14:25:11,325][flwr][INFO] - 
[2024-12-31 14:25:11,325][flwr][INFO] - [ROUND 4]
[2024-12-31 14:25:11,328][flwr][INFO] - configure_fit: strategy sampled 2 clients (out of 10)
[2024-12-31 14:25:18,375][flwr][INFO] - aggregate_fit: received 2 results and 0 failures
[2024-12-31 14:25:20,741][flwr][INFO] - fit progress: (4, 181.89527821540833, {'accuracy': 0.0891}, 41.9655194109946)
[2024-12-31 14:25:20,742][flwr][INFO] - configure_evaluate: strategy sampled 2 clients (out of 10)
[2024-12-31 14:25:21,134][flwr][INFO] - aggregate_evaluate: received 2 results and 0 failures
[2024-12-31 14:25:21,134][flwr][INFO] - 
[2024-12-31 14:25:21,134][flwr][INFO] - [ROUND 5]
[2024-12-31 14:25:21,136][flwr][INFO] - configure_fit: strategy sampled 2 clients (out of 10)
[2024-12-31 14:25:28,371][flwr][INFO] - aggregate_fit: received 2 results and 0 failures
[2024-12-31 14:25:30,796][flwr][INFO] - fit progress: (5, 181.9323217868805, {'accuracy': 0.1135}, 52.02010733499628)
[2024-12-31 14:25:30,796][flwr][INFO] - configure_evaluate: strategy sampled 2 clients (out of 10)
[2024-12-31 14:25:31,207][flwr][INFO] - aggregate_evaluate: received 2 results and 0 failures
[2024-12-31 14:25:31,207][flwr][INFO] - 
[2024-12-31 14:25:31,207][flwr][INFO] - [ROUND 6]
[2024-12-31 14:25:31,210][flwr][INFO] - configure_fit: strategy sampled 2 clients (out of 10)
[2024-12-31 14:25:37,871][flwr][INFO] - aggregate_fit: received 2 results and 0 failures
[2024-12-31 14:25:40,771][flwr][INFO] - fit progress: (6, 181.94094562530518, {'accuracy': 0.0974}, 61.995355283994286)
[2024-12-31 14:25:40,772][flwr][INFO] - configure_evaluate: strategy sampled 2 clients (out of 10)
[2024-12-31 14:25:41,124][flwr][INFO] - aggregate_evaluate: received 2 results and 0 failures
[2024-12-31 14:25:41,125][flwr][INFO] - 
[2024-12-31 14:25:41,125][flwr][INFO] - [ROUND 7]
[2024-12-31 14:25:41,127][flwr][INFO] - configure_fit: strategy sampled 2 clients (out of 10)
[2024-12-31 14:25:47,808][flwr][INFO] - aggregate_fit: received 2 results and 0 failures
[2024-12-31 14:25:50,211][flwr][INFO] - fit progress: (7, 182.1043622493744, {'accuracy': 0.1135}, 71.43552379699395)
[2024-12-31 14:25:50,212][flwr][INFO] - configure_evaluate: strategy sampled 2 clients (out of 10)
[2024-12-31 14:25:50,623][flwr][INFO] - aggregate_evaluate: received 2 results and 0 failures
[2024-12-31 14:25:50,623][flwr][INFO] - 
[2024-12-31 14:25:50,623][flwr][INFO] - [ROUND 8]
[2024-12-31 14:25:50,625][flwr][INFO] - configure_fit: strategy sampled 2 clients (out of 10)
[2024-12-31 14:25:57,265][flwr][INFO] - aggregate_fit: received 2 results and 0 failures
[2024-12-31 14:26:00,132][flwr][INFO] - fit progress: (8, 182.00452065467834, {'accuracy': 0.098}, 81.35629463899386)
[2024-12-31 14:26:00,133][flwr][INFO] - configure_evaluate: strategy sampled 2 clients (out of 10)
[2024-12-31 14:26:00,524][flwr][INFO] - aggregate_evaluate: received 2 results and 0 failures
[2024-12-31 14:26:00,525][flwr][INFO] - 
[2024-12-31 14:26:00,525][flwr][INFO] - [ROUND 9]
[2024-12-31 14:26:00,528][flwr][INFO] - configure_fit: strategy sampled 2 clients (out of 10)
[2024-12-31 14:26:07,470][flwr][INFO] - aggregate_fit: received 2 results and 0 failures
[2024-12-31 14:26:09,862][flwr][INFO] - fit progress: (9, 181.98694014549255, {'accuracy': 0.1135}, 91.0856811939957)
[2024-12-31 14:26:09,862][flwr][INFO] - configure_evaluate: strategy sampled 2 clients (out of 10)
[2024-12-31 14:26:10,245][flwr][INFO] - aggregate_evaluate: received 2 results and 0 failures
[2024-12-31 14:26:10,246][flwr][INFO] - 
[2024-12-31 14:26:10,246][flwr][INFO] - [ROUND 10]
[2024-12-31 14:26:10,249][flwr][INFO] - configure_fit: strategy sampled 2 clients (out of 10)
[2024-12-31 14:26:16,884][flwr][INFO] - aggregate_fit: received 2 results and 0 failures
[2024-12-31 14:26:19,523][flwr][INFO] - fit progress: (10, 182.56907868385315, {'accuracy': 0.101}, 100.74699293499725)
[2024-12-31 14:26:19,523][flwr][INFO] - configure_evaluate: strategy sampled 2 clients (out of 10)
[2024-12-31 14:26:19,876][flwr][INFO] - aggregate_evaluate: received 2 results and 0 failures
[2024-12-31 14:26:19,876][flwr][INFO] - 
[2024-12-31 14:26:19,876][flwr][INFO] - [SUMMARY]
[2024-12-31 14:26:19,876][flwr][INFO] - Run finished 10 round(s) in 101.10s
[2024-12-31 14:26:19,877][flwr][INFO] - 	History (loss, distributed):
[2024-12-31 14:26:19,877][flwr][INFO] - 		round 1: 87.66732263565063
[2024-12-31 14:26:19,877][flwr][INFO] - 		round 2: 87.5264642238617
[2024-12-31 14:26:19,877][flwr][INFO] - 		round 3: 87.45652747154236
[2024-12-31 14:26:19,877][flwr][INFO] - 		round 4: 87.4329549074173
[2024-12-31 14:26:19,877][flwr][INFO] - 		round 5: 87.3849241733551
[2024-12-31 14:26:19,877][flwr][INFO] - 		round 6: 87.58313345909119
[2024-12-31 14:26:19,878][flwr][INFO] - 		round 7: 87.66803288459778
[2024-12-31 14:26:19,878][flwr][INFO] - 		round 8: 87.5313366651535
[2024-12-31 14:26:19,878][flwr][INFO] - 		round 9: 87.61689388751984
[2024-12-31 14:26:19,878][flwr][INFO] - 		round 10: 87.88290345668793
[2024-12-31 14:26:19,878][flwr][INFO] - 	History (loss, centralized):
[2024-12-31 14:26:19,878][flwr][INFO] - 		round 0: 182.0535488128662
[2024-12-31 14:26:19,878][flwr][INFO] - 		round 1: 182.1661684513092
[2024-12-31 14:26:19,878][flwr][INFO] - 		round 2: 182.05033612251282
[2024-12-31 14:26:19,878][flwr][INFO] - 		round 3: 182.0257728099823
[2024-12-31 14:26:19,878][flwr][INFO] - 		round 4: 181.89527821540833
[2024-12-31 14:26:19,878][flwr][INFO] - 		round 5: 181.9323217868805
[2024-12-31 14:26:19,878][flwr][INFO] - 		round 6: 181.94094562530518
[2024-12-31 14:26:19,878][flwr][INFO] - 		round 7: 182.1043622493744
[2024-12-31 14:26:19,879][flwr][INFO] - 		round 8: 182.00452065467834
[2024-12-31 14:26:19,879][flwr][INFO] - 		round 9: 181.98694014549255
[2024-12-31 14:26:19,879][flwr][INFO] - 		round 10: 182.56907868385315
[2024-12-31 14:26:19,879][flwr][INFO] - 	History (metrics, centralized):
[2024-12-31 14:26:19,879][flwr][INFO] - 	{'accuracy': [(0, 0.1023),
[2024-12-31 14:26:19,879][flwr][INFO] - 	              (1, 0.0902),
[2024-12-31 14:26:19,879][flwr][INFO] - 	              (2, 0.0892),
[2024-12-31 14:26:19,879][flwr][INFO] - 	              (3, 0.0928),
[2024-12-31 14:26:19,879][flwr][INFO] - 	              (4, 0.0891),
[2024-12-31 14:26:19,879][flwr][INFO] - 	              (5, 0.1135),
[2024-12-31 14:26:19,879][flwr][INFO] - 	              (6, 0.0974),
[2024-12-31 14:26:19,879][flwr][INFO] - 	              (7, 0.1135),
[2024-12-31 14:26:19,879][flwr][INFO] - 	              (8, 0.098),
[2024-12-31 14:26:19,880][flwr][INFO] - 	              (9, 0.1135),
[2024-12-31 14:26:19,880][flwr][INFO] - 	              (10, 0.101)]}
[2024-12-31 14:26:19,880][flwr][INFO] - 
