[2025-01-07 14:22:21,070][flwr][INFO] - Starting Flower simulation, config: num_rounds=5, no round_timeout
[2025-01-07 14:22:24,692][flwr][INFO] - Flower VCE: Ray initialized with resources: {'object_store_memory': 3172690329.0, 'memory': 6345380660.0, 'node:__internal_head__': 1.0, 'node:192.168.1.11': 1.0, 'CPU': 12.0}
[2025-01-07 14:22:24,692][flwr][INFO] - Optimize your simulation with Flower VCE: https://flower.ai/docs/framework/how-to-run-simulations.html
[2025-01-07 14:22:24,692][flwr][INFO] - Flower VCE: Resources for each Virtual Client: {'num_cpus': 2, 'num_gpus': 0}
[2025-01-07 14:22:24,706][flwr][INFO] - Flower VCE: Creating VirtualClientEngineActorPool with 6 actors
[2025-01-07 14:22:24,706][flwr][INFO] - [INIT]
[2025-01-07 14:22:24,706][flwr][INFO] - Requesting initial parameters from one random client
[2025-01-07 14:22:27,297][flwr][INFO] - Received initial parameters from one random client
[2025-01-07 14:22:27,297][flwr][INFO] - Starting evaluation of initial global parameters
[2025-01-07 14:22:28,668][flwr][INFO] - initial parameters (loss, other metrics): 181.94189023971558, {'accuracy': 0.1055}
[2025-01-07 14:22:28,668][flwr][INFO] - 
[2025-01-07 14:22:28,668][flwr][INFO] - [ROUND 1]
[2025-01-07 14:22:28,669][flwr][INFO] - configure_fit: strategy sampled 2 clients (out of 10)
[2025-01-07 14:22:36,005][flwr][INFO] - aggregate_fit: received 2 results and 0 failures
[2025-01-07 14:22:36,011][flwr][WARNING] - No fit_metrics_aggregation_fn provided
[2025-01-07 14:22:37,224][flwr][INFO] - fit progress: (1, 7.2708937738789245, {'accuracy': 0.9717}, 8.555747533999238)
[2025-01-07 14:22:37,224][flwr][INFO] - configure_evaluate: strategy sampled 5 clients (out of 10)
[2025-01-07 14:22:41,067][flwr][INFO] - aggregate_evaluate: received 5 results and 0 failures
[2025-01-07 14:22:41,067][flwr][WARNING] - No evaluate_metrics_aggregation_fn provided
[2025-01-07 14:22:41,067][flwr][INFO] - 
[2025-01-07 14:22:41,067][flwr][INFO] - [ROUND 2]
[2025-01-07 14:22:41,067][flwr][INFO] - configure_fit: strategy sampled 2 clients (out of 10)
[2025-01-07 14:22:45,977][flwr][INFO] - aggregate_fit: received 2 results and 0 failures
[2025-01-07 14:22:47,506][flwr][INFO] - fit progress: (2, 5.300475228985306, {'accuracy': 0.9783}, 18.838138412000262)
[2025-01-07 14:22:47,507][flwr][INFO] - configure_evaluate: strategy sampled 5 clients (out of 10)
[2025-01-07 14:22:48,192][flwr][INFO] - aggregate_evaluate: received 5 results and 0 failures
[2025-01-07 14:22:48,192][flwr][INFO] - 
[2025-01-07 14:22:48,192][flwr][INFO] - [ROUND 3]
[2025-01-07 14:22:48,193][flwr][INFO] - configure_fit: strategy sampled 2 clients (out of 10)
[2025-01-07 14:22:53,343][flwr][INFO] - aggregate_fit: received 2 results and 0 failures
[2025-01-07 14:22:55,010][flwr][INFO] - fit progress: (3, 4.143149979499867, {'accuracy': 0.9824}, 26.342135431001225)
[2025-01-07 14:22:55,011][flwr][INFO] - configure_evaluate: strategy sampled 5 clients (out of 10)
[2025-01-07 14:22:55,670][flwr][INFO] - aggregate_evaluate: received 5 results and 0 failures
[2025-01-07 14:22:55,670][flwr][INFO] - 
[2025-01-07 14:22:55,670][flwr][INFO] - [ROUND 4]
[2025-01-07 14:22:55,671][flwr][INFO] - configure_fit: strategy sampled 2 clients (out of 10)
[2025-01-07 14:23:00,742][flwr][INFO] - aggregate_fit: received 2 results and 0 failures
[2025-01-07 14:23:02,397][flwr][INFO] - fit progress: (4, 4.665085971395456, {'accuracy': 0.9804}, 33.7290634480014)
[2025-01-07 14:23:02,398][flwr][INFO] - configure_evaluate: strategy sampled 5 clients (out of 10)
[2025-01-07 14:23:03,133][flwr][INFO] - aggregate_evaluate: received 5 results and 0 failures
[2025-01-07 14:23:03,133][flwr][INFO] - 
[2025-01-07 14:23:03,134][flwr][INFO] - [ROUND 5]
[2025-01-07 14:23:03,134][flwr][INFO] - configure_fit: strategy sampled 2 clients (out of 10)
[2025-01-07 14:23:08,300][flwr][INFO] - aggregate_fit: received 2 results and 0 failures
[2025-01-07 14:23:10,028][flwr][INFO] - fit progress: (5, 3.837005147128366, {'accuracy': 0.9841}, 41.359477497000626)
[2025-01-07 14:23:10,028][flwr][INFO] - configure_evaluate: strategy sampled 5 clients (out of 10)
[2025-01-07 14:23:10,696][flwr][INFO] - aggregate_evaluate: received 5 results and 0 failures
[2025-01-07 14:23:10,697][flwr][INFO] - 
[2025-01-07 14:23:10,697][flwr][INFO] - [SUMMARY]
[2025-01-07 14:23:10,697][flwr][INFO] - Run finished 5 round(s) in 42.03s
[2025-01-07 14:23:10,697][flwr][INFO] - 	History (loss, distributed):
[2025-01-07 14:23:10,697][flwr][INFO] - 		round 1: 2.2392375830560924
[2025-01-07 14:23:10,697][flwr][INFO] - 		round 2: 1.6534654147224501
[2025-01-07 14:23:10,697][flwr][INFO] - 		round 3: 1.1633170333923772
[2025-01-07 14:23:10,697][flwr][INFO] - 		round 4: 1.2690789687098003
[2025-01-07 14:23:10,697][flwr][INFO] - 		round 5: 1.352068189944839
[2025-01-07 14:23:10,698][flwr][INFO] - 	History (loss, centralized):
[2025-01-07 14:23:10,698][flwr][INFO] - 		round 0: 181.94189023971558
[2025-01-07 14:23:10,698][flwr][INFO] - 		round 1: 7.2708937738789245
[2025-01-07 14:23:10,698][flwr][INFO] - 		round 2: 5.300475228985306
[2025-01-07 14:23:10,698][flwr][INFO] - 		round 3: 4.143149979499867
[2025-01-07 14:23:10,698][flwr][INFO] - 		round 4: 4.665085971395456
[2025-01-07 14:23:10,698][flwr][INFO] - 		round 5: 3.837005147128366
[2025-01-07 14:23:10,698][flwr][INFO] - 	History (metrics, centralized):
[2025-01-07 14:23:10,698][flwr][INFO] - 	{'accuracy': [(0, 0.1055),
[2025-01-07 14:23:10,698][flwr][INFO] - 	              (1, 0.9717),
[2025-01-07 14:23:10,698][flwr][INFO] - 	              (2, 0.9783),
[2025-01-07 14:23:10,698][flwr][INFO] - 	              (3, 0.9824),
[2025-01-07 14:23:10,698][flwr][INFO] - 	              (4, 0.9804),
[2025-01-07 14:23:10,698][flwr][INFO] - 	              (5, 0.9841)]}
[2025-01-07 14:23:10,698][flwr][INFO] - 
