[2024-12-31 12:56:27,245][flwr][INFO] - Starting Flower simulation, config: num_rounds=10, no round_timeout
[2024-12-31 12:56:31,536][flwr][INFO] - Flower VCE: Ray initialized with resources: {'object_store_memory': 2893349683.0, 'memory': 5786699367.0, 'node:__internal_head__': 1.0, 'CPU': 12.0, 'node:192.168.1.11': 1.0}
[2024-12-31 12:56:31,536][flwr][INFO] - Optimize your simulation with Flower VCE: https://flower.ai/docs/framework/how-to-run-simulations.html
[2024-12-31 12:56:31,536][flwr][INFO] - Flower VCE: Resources for each Virtual Client: {'num_cpus': 2, 'num_gpus': 0}
[2024-12-31 12:56:31,550][flwr][INFO] - Flower VCE: Creating VirtualClientEngineActorPool with 6 actors
[2024-12-31 12:56:31,551][flwr][INFO] - [INIT]
[2024-12-31 12:56:31,551][flwr][INFO] - Using initial global parameters provided by strategy
[2024-12-31 12:56:31,551][flwr][INFO] - Starting evaluation of initial global parameters
[2024-12-31 12:56:35,151][flwr][INFO] - initial parameters (loss, other metrics): 182.10750532150269, {'accuracy': 0.1115}
[2024-12-31 12:56:35,151][flwr][INFO] - 
[2024-12-31 12:56:35,151][flwr][INFO] - [ROUND 1]
[2024-12-31 12:56:35,152][flwr][INFO] - configure_fit: strategy sampled 2 clients (out of 10)
[2024-12-31 12:56:45,750][flwr][INFO] - aggregate_fit: received 2 results and 0 failures
[2024-12-31 12:56:45,758][flwr][WARNING] - No fit_metrics_aggregation_fn provided
[2024-12-31 12:56:47,372][flwr][INFO] - fit progress: (1, 67.90865299105644, {'accuracy': 0.7715}, 12.220415935997153)
[2024-12-31 12:56:47,372][flwr][INFO] - configure_evaluate: strategy sampled 5 clients (out of 10)
[2024-12-31 12:56:51,279][flwr][INFO] - aggregate_evaluate: received 5 results and 0 failures
[2024-12-31 12:56:51,280][flwr][WARNING] - No evaluate_metrics_aggregation_fn provided
[2024-12-31 12:56:51,280][flwr][INFO] - 
[2024-12-31 12:56:51,280][flwr][INFO] - [ROUND 2]
[2024-12-31 12:56:51,280][flwr][INFO] - configure_fit: strategy sampled 2 clients (out of 10)
[2024-12-31 12:56:58,782][flwr][INFO] - aggregate_fit: received 2 results and 0 failures
[2024-12-31 12:57:00,723][flwr][INFO] - fit progress: (2, 114.45722657442093, {'accuracy': 0.7398}, 25.571308512997348)
[2024-12-31 12:57:00,723][flwr][INFO] - configure_evaluate: strategy sampled 5 clients (out of 10)
[2024-12-31 12:57:01,383][flwr][INFO] - aggregate_evaluate: received 5 results and 0 failures
[2024-12-31 12:57:01,383][flwr][INFO] - 
[2024-12-31 12:57:01,383][flwr][INFO] - [ROUND 3]
[2024-12-31 12:57:01,384][flwr][INFO] - configure_fit: strategy sampled 2 clients (out of 10)
[2024-12-31 12:57:09,649][flwr][INFO] - aggregate_fit: received 2 results and 0 failures
[2024-12-31 12:57:12,617][flwr][INFO] - fit progress: (3, 182.09429264068604, {'accuracy': 0.0974}, 37.46604903900152)
[2024-12-31 12:57:12,618][flwr][INFO] - configure_evaluate: strategy sampled 5 clients (out of 10)
[2024-12-31 12:57:13,480][flwr][INFO] - aggregate_evaluate: received 5 results and 0 failures
[2024-12-31 12:57:13,480][flwr][INFO] - 
[2024-12-31 12:57:13,480][flwr][INFO] - [ROUND 4]
[2024-12-31 12:57:13,481][flwr][INFO] - configure_fit: strategy sampled 2 clients (out of 10)
[2024-12-31 12:57:21,114][flwr][INFO] - aggregate_fit: received 2 results and 0 failures
[2024-12-31 12:57:22,551][flwr][INFO] - fit progress: (4, 182.2918074131012, {'accuracy': 0.1028}, 47.39948935100256)
[2024-12-31 12:57:22,551][flwr][INFO] - configure_evaluate: strategy sampled 5 clients (out of 10)
[2024-12-31 12:57:23,353][flwr][INFO] - aggregate_evaluate: received 5 results and 0 failures
[2024-12-31 12:57:23,353][flwr][INFO] - 
[2024-12-31 12:57:23,353][flwr][INFO] - [ROUND 5]
[2024-12-31 12:57:23,353][flwr][INFO] - configure_fit: strategy sampled 2 clients (out of 10)
[2024-12-31 12:57:31,435][flwr][INFO] - aggregate_fit: received 2 results and 0 failures
[2024-12-31 12:57:33,374][flwr][INFO] - fit progress: (5, 182.3226191997528, {'accuracy': 0.101}, 58.22275603599701)
[2024-12-31 12:57:33,374][flwr][INFO] - configure_evaluate: strategy sampled 5 clients (out of 10)
[2024-12-31 12:57:34,191][flwr][INFO] - aggregate_evaluate: received 5 results and 0 failures
[2024-12-31 12:57:34,191][flwr][INFO] - 
[2024-12-31 12:57:34,191][flwr][INFO] - [ROUND 6]
[2024-12-31 12:57:34,192][flwr][INFO] - configure_fit: strategy sampled 2 clients (out of 10)
[2024-12-31 12:57:42,299][flwr][INFO] - aggregate_fit: received 2 results and 0 failures
[2024-12-31 12:57:44,361][flwr][INFO] - fit progress: (6, 182.3551800251007, {'accuracy': 0.1032}, 69.20965878399875)
[2024-12-31 12:57:44,361][flwr][INFO] - configure_evaluate: strategy sampled 5 clients (out of 10)
[2024-12-31 12:57:45,104][flwr][INFO] - aggregate_evaluate: received 5 results and 0 failures
[2024-12-31 12:57:45,104][flwr][INFO] - 
[2024-12-31 12:57:45,104][flwr][INFO] - [ROUND 7]
[2024-12-31 12:57:45,104][flwr][INFO] - configure_fit: strategy sampled 2 clients (out of 10)
[2024-12-31 12:57:52,839][flwr][INFO] - aggregate_fit: received 2 results and 0 failures
[2024-12-31 12:57:54,644][flwr][INFO] - fit progress: (7, 182.74583268165588, {'accuracy': 0.098}, 79.49310611499823)
[2024-12-31 12:57:54,645][flwr][INFO] - configure_evaluate: strategy sampled 5 clients (out of 10)
[2024-12-31 12:57:55,545][flwr][INFO] - aggregate_evaluate: received 5 results and 0 failures
[2024-12-31 12:57:55,545][flwr][INFO] - 
[2024-12-31 12:57:55,545][flwr][INFO] - [ROUND 8]
[2024-12-31 12:57:55,546][flwr][INFO] - configure_fit: strategy sampled 2 clients (out of 10)
[2024-12-31 12:58:03,838][flwr][INFO] - aggregate_fit: received 2 results and 0 failures
[2024-12-31 12:58:05,773][flwr][INFO] - fit progress: (8, 182.72397780418396, {'accuracy': 0.0974}, 90.62201345500216)
[2024-12-31 12:58:05,773][flwr][INFO] - configure_evaluate: strategy sampled 5 clients (out of 10)
[2024-12-31 12:58:06,474][flwr][INFO] - aggregate_evaluate: received 5 results and 0 failures
[2024-12-31 12:58:06,474][flwr][INFO] - 
[2024-12-31 12:58:06,474][flwr][INFO] - [ROUND 9]
[2024-12-31 12:58:06,475][flwr][INFO] - configure_fit: strategy sampled 2 clients (out of 10)
[2024-12-31 12:58:13,764][flwr][INFO] - aggregate_fit: received 2 results and 0 failures
[2024-12-31 12:58:15,118][flwr][INFO] - fit progress: (9, 182.14184165000916, {'accuracy': 0.1032}, 99.96683686000324)
[2024-12-31 12:58:15,118][flwr][INFO] - configure_evaluate: strategy sampled 5 clients (out of 10)
[2024-12-31 12:58:15,860][flwr][INFO] - aggregate_evaluate: received 5 results and 0 failures
[2024-12-31 12:58:15,860][flwr][INFO] - 
[2024-12-31 12:58:15,860][flwr][INFO] - [ROUND 10]
[2024-12-31 12:58:15,860][flwr][INFO] - configure_fit: strategy sampled 2 clients (out of 10)
[2024-12-31 12:58:24,028][flwr][INFO] - aggregate_fit: received 2 results and 0 failures
[2024-12-31 12:58:25,237][flwr][INFO] - fit progress: (10, 182.29227709770203, {'accuracy': 0.1135}, 110.08628806300112)
[2024-12-31 12:58:25,238][flwr][INFO] - configure_evaluate: strategy sampled 5 clients (out of 10)
[2024-12-31 12:58:26,034][flwr][INFO] - aggregate_evaluate: received 5 results and 0 failures
[2024-12-31 12:58:26,035][flwr][INFO] - 
[2024-12-31 12:58:26,035][flwr][INFO] - [SUMMARY]
[2024-12-31 12:58:26,035][flwr][INFO] - Run finished 10 round(s) in 110.88s
[2024-12-31 12:58:26,035][flwr][INFO] - 	History (loss, distributed):
[2024-12-31 12:58:26,036][flwr][INFO] - 		round 1: 33.693958294391635
[2024-12-31 12:58:26,036][flwr][INFO] - 		round 2: 48.98678819388151
[2024-12-31 12:58:26,036][flwr][INFO] - 		round 3: 87.57412238121033
[2024-12-31 12:58:26,036][flwr][INFO] - 		round 4: 87.65275421142579
[2024-12-31 12:58:26,036][flwr][INFO] - 		round 5: 87.6703122138977
[2024-12-31 12:58:26,036][flwr][INFO] - 		round 6: 87.9295247554779
[2024-12-31 12:58:26,036][flwr][INFO] - 		round 7: 87.93502225875855
[2024-12-31 12:58:26,036][flwr][INFO] - 		round 8: 87.7932246685028
[2024-12-31 12:58:26,036][flwr][INFO] - 		round 9: 87.70620307922363
[2024-12-31 12:58:26,037][flwr][INFO] - 		round 10: 87.64884552955627
[2024-12-31 12:58:26,037][flwr][INFO] - 	History (loss, centralized):
[2024-12-31 12:58:26,037][flwr][INFO] - 		round 0: 182.10750532150269
[2024-12-31 12:58:26,037][flwr][INFO] - 		round 1: 67.90865299105644
[2024-12-31 12:58:26,037][flwr][INFO] - 		round 2: 114.45722657442093
[2024-12-31 12:58:26,037][flwr][INFO] - 		round 3: 182.09429264068604
[2024-12-31 12:58:26,037][flwr][INFO] - 		round 4: 182.2918074131012
[2024-12-31 12:58:26,037][flwr][INFO] - 		round 5: 182.3226191997528
[2024-12-31 12:58:26,037][flwr][INFO] - 		round 6: 182.3551800251007
[2024-12-31 12:58:26,037][flwr][INFO] - 		round 7: 182.74583268165588
[2024-12-31 12:58:26,038][flwr][INFO] - 		round 8: 182.72397780418396
[2024-12-31 12:58:26,038][flwr][INFO] - 		round 9: 182.14184165000916
[2024-12-31 12:58:26,038][flwr][INFO] - 		round 10: 182.29227709770203
[2024-12-31 12:58:26,038][flwr][INFO] - 	History (metrics, centralized):
[2024-12-31 12:58:26,038][flwr][INFO] - 	{'accuracy': [(0, 0.1115),
[2024-12-31 12:58:26,038][flwr][INFO] - 	              (1, 0.7715),
[2024-12-31 12:58:26,038][flwr][INFO] - 	              (2, 0.7398),
[2024-12-31 12:58:26,038][flwr][INFO] - 	              (3, 0.0974),
[2024-12-31 12:58:26,038][flwr][INFO] - 	              (4, 0.1028),
[2024-12-31 12:58:26,038][flwr][INFO] - 	              (5, 0.101),
[2024-12-31 12:58:26,039][flwr][INFO] - 	              (6, 0.1032),
[2024-12-31 12:58:26,039][flwr][INFO] - 	              (7, 0.098),
[2024-12-31 12:58:26,039][flwr][INFO] - 	              (8, 0.0974),
[2024-12-31 12:58:26,039][flwr][INFO] - 	              (9, 0.1032),
[2024-12-31 12:58:26,039][flwr][INFO] - 	              (10, 0.1135)]}
[2024-12-31 12:58:26,039][flwr][INFO] - 
