[2024-12-30 23:35:40,146][flwr][INFO] - Starting Flower simulation, config: num_rounds=10, no round_timeout
[2024-12-30 23:35:43,589][flwr][INFO] - Flower VCE: Ray initialized with resources: {'node:__internal_head__': 1.0, 'memory': 6083493888.0, 'object_store_memory': 3041746944.0, 'node:192.168.1.11': 1.0, 'CPU': 12.0}
[2024-12-30 23:35:43,589][flwr][INFO] - Optimize your simulation with Flower VCE: https://flower.ai/docs/framework/how-to-run-simulations.html
[2024-12-30 23:35:43,589][flwr][INFO] - Flower VCE: Resources for each Virtual Client: {'num_cpus': 2, 'num_gpus': 0}
[2024-12-30 23:35:43,595][flwr][INFO] - Flower VCE: Creating VirtualClientEngineActorPool with 6 actors
[2024-12-30 23:35:43,596][flwr][INFO] - [INIT]
[2024-12-30 23:35:43,596][flwr][INFO] - Using initial global parameters provided by strategy
[2024-12-30 23:35:43,596][flwr][INFO] - Starting evaluation of initial global parameters
[2024-12-30 23:35:46,611][flwr][INFO] - initial parameters (loss, other metrics): 181.5802538394928, {'accuracy': 0.1835}
[2024-12-30 23:35:46,611][flwr][INFO] - 
[2024-12-30 23:35:46,612][flwr][INFO] - [ROUND 1]
[2024-12-30 23:35:46,612][flwr][INFO] - configure_fit: strategy sampled 2 clients (out of 10)
[2024-12-30 23:35:58,004][flwr][INFO] - aggregate_fit: received 2 results and 0 failures
[2024-12-30 23:35:58,010][flwr][WARNING] - No fit_metrics_aggregation_fn provided
[2024-12-30 23:35:59,475][flwr][INFO] - fit progress: (1, 8.64320166152902, {'accuracy': 0.9674}, 12.863348941002187)
[2024-12-30 23:35:59,475][flwr][INFO] - configure_evaluate: strategy sampled 2 clients (out of 10)
[2024-12-30 23:35:59,896][flwr][INFO] - aggregate_evaluate: received 2 results and 0 failures
[2024-12-30 23:35:59,897][flwr][WARNING] - No evaluate_metrics_aggregation_fn provided
[2024-12-30 23:35:59,897][flwr][INFO] - 
[2024-12-30 23:35:59,897][flwr][INFO] - [ROUND 2]
[2024-12-30 23:35:59,897][flwr][INFO] - configure_fit: strategy sampled 2 clients (out of 10)
[2024-12-30 23:36:08,926][flwr][INFO] - aggregate_fit: received 2 results and 0 failures
[2024-12-30 23:36:10,379][flwr][INFO] - fit progress: (2, 4.764866161385726, {'accuracy': 0.982}, 23.767292747001193)
[2024-12-30 23:36:10,379][flwr][INFO] - configure_evaluate: strategy sampled 2 clients (out of 10)
[2024-12-30 23:36:10,797][flwr][INFO] - aggregate_evaluate: received 2 results and 0 failures
[2024-12-30 23:36:10,797][flwr][INFO] - 
[2024-12-30 23:36:10,797][flwr][INFO] - [ROUND 3]
[2024-12-30 23:36:10,797][flwr][INFO] - configure_fit: strategy sampled 2 clients (out of 10)
[2024-12-30 23:36:19,915][flwr][INFO] - aggregate_fit: received 2 results and 0 failures
[2024-12-30 23:36:21,508][flwr][INFO] - fit progress: (3, 4.344897845672676, {'accuracy': 0.9846}, 34.89613957600159)
[2024-12-30 23:36:21,508][flwr][INFO] - configure_evaluate: strategy sampled 2 clients (out of 10)
[2024-12-30 23:36:21,928][flwr][INFO] - aggregate_evaluate: received 2 results and 0 failures
[2024-12-30 23:36:21,929][flwr][INFO] - 
[2024-12-30 23:36:21,929][flwr][INFO] - [ROUND 4]
[2024-12-30 23:36:21,929][flwr][INFO] - configure_fit: strategy sampled 2 clients (out of 10)
[2024-12-30 23:36:30,954][flwr][INFO] - aggregate_fit: received 2 results and 0 failures
[2024-12-30 23:36:32,665][flwr][INFO] - fit progress: (4, 3.8479355565968945, {'accuracy': 0.9862}, 46.053954147002514)
[2024-12-30 23:36:32,666][flwr][INFO] - configure_evaluate: strategy sampled 2 clients (out of 10)
[2024-12-30 23:36:33,047][flwr][INFO] - aggregate_evaluate: received 2 results and 0 failures
[2024-12-30 23:36:33,048][flwr][INFO] - 
[2024-12-30 23:36:33,048][flwr][INFO] - [ROUND 5]
[2024-12-30 23:36:33,048][flwr][INFO] - configure_fit: strategy sampled 2 clients (out of 10)
[2024-12-30 23:36:42,047][flwr][INFO] - aggregate_fit: received 2 results and 0 failures
[2024-12-30 23:36:43,744][flwr][INFO] - fit progress: (5, 4.038001483333801, {'accuracy': 0.9874}, 57.13253998000073)
[2024-12-30 23:36:43,744][flwr][INFO] - configure_evaluate: strategy sampled 2 clients (out of 10)
[2024-12-30 23:36:44,098][flwr][INFO] - aggregate_evaluate: received 2 results and 0 failures
[2024-12-30 23:36:44,099][flwr][INFO] - 
[2024-12-30 23:36:44,099][flwr][INFO] - [ROUND 6]
[2024-12-30 23:36:44,099][flwr][INFO] - configure_fit: strategy sampled 2 clients (out of 10)
[2024-12-30 23:36:52,966][flwr][INFO] - aggregate_fit: received 2 results and 0 failures
[2024-12-30 23:36:54,637][flwr][INFO] - fit progress: (6, 3.776407069362733, {'accuracy': 0.9874}, 68.0259990270024)
[2024-12-30 23:36:54,638][flwr][INFO] - configure_evaluate: strategy sampled 2 clients (out of 10)
[2024-12-30 23:36:55,001][flwr][INFO] - aggregate_evaluate: received 2 results and 0 failures
[2024-12-30 23:36:55,002][flwr][INFO] - 
[2024-12-30 23:36:55,002][flwr][INFO] - [ROUND 7]
[2024-12-30 23:36:55,002][flwr][INFO] - configure_fit: strategy sampled 2 clients (out of 10)
[2024-12-30 23:37:04,190][flwr][INFO] - aggregate_fit: received 2 results and 0 failures
[2024-12-30 23:37:05,800][flwr][INFO] - fit progress: (7, 3.127135030444151, {'accuracy': 0.9891}, 79.18862467700092)
[2024-12-30 23:37:05,800][flwr][INFO] - configure_evaluate: strategy sampled 2 clients (out of 10)
[2024-12-30 23:37:06,184][flwr][INFO] - aggregate_evaluate: received 2 results and 0 failures
[2024-12-30 23:37:06,185][flwr][INFO] - 
[2024-12-30 23:37:06,185][flwr][INFO] - [ROUND 8]
[2024-12-30 23:37:06,185][flwr][INFO] - configure_fit: strategy sampled 2 clients (out of 10)
[2024-12-30 23:37:15,340][flwr][INFO] - aggregate_fit: received 2 results and 0 failures
[2024-12-30 23:37:17,096][flwr][INFO] - fit progress: (8, 3.371284694467022, {'accuracy': 0.9883}, 90.48475946800318)
[2024-12-30 23:37:17,096][flwr][INFO] - configure_evaluate: strategy sampled 2 clients (out of 10)
[2024-12-30 23:37:17,472][flwr][INFO] - aggregate_evaluate: received 2 results and 0 failures
[2024-12-30 23:37:17,472][flwr][INFO] - 
[2024-12-30 23:37:17,472][flwr][INFO] - [ROUND 9]
[2024-12-30 23:37:17,472][flwr][INFO] - configure_fit: strategy sampled 2 clients (out of 10)
[2024-12-30 23:37:26,423][flwr][INFO] - aggregate_fit: received 2 results and 0 failures
[2024-12-30 23:37:27,945][flwr][INFO] - fit progress: (9, 3.744396985685981, {'accuracy': 0.9884}, 101.33311614500053)
[2024-12-30 23:37:27,945][flwr][INFO] - configure_evaluate: strategy sampled 2 clients (out of 10)
[2024-12-30 23:37:28,343][flwr][INFO] - aggregate_evaluate: received 2 results and 0 failures
[2024-12-30 23:37:28,343][flwr][INFO] - 
[2024-12-30 23:37:28,343][flwr][INFO] - [ROUND 10]
[2024-12-30 23:37:28,343][flwr][INFO] - configure_fit: strategy sampled 2 clients (out of 10)
[2024-12-30 23:37:37,445][flwr][INFO] - aggregate_fit: received 2 results and 0 failures
[2024-12-30 23:37:39,045][flwr][INFO] - fit progress: (10, 3.4864747243345846, {'accuracy': 0.9891}, 112.43366313300066)
[2024-12-30 23:37:39,045][flwr][INFO] - configure_evaluate: strategy sampled 2 clients (out of 10)
[2024-12-30 23:37:39,442][flwr][INFO] - aggregate_evaluate: received 2 results and 0 failures
[2024-12-30 23:37:39,443][flwr][INFO] - 
[2024-12-30 23:37:39,443][flwr][INFO] - [SUMMARY]
[2024-12-30 23:37:39,443][flwr][INFO] - Run finished 10 round(s) in 112.83s
[2024-12-30 23:37:39,443][flwr][INFO] - 	History (loss, distributed):
[2024-12-30 23:37:39,443][flwr][INFO] - 		round 1: 2.2131120685953647
[2024-12-30 23:37:39,443][flwr][INFO] - 		round 2: 0.9429741191270296
[2024-12-30 23:37:39,444][flwr][INFO] - 		round 3: 1.433916120282447
[2024-12-30 23:37:39,444][flwr][INFO] - 		round 4: 1.6544209383719135
[2024-12-30 23:37:39,444][flwr][INFO] - 		round 5: 1.4549373817126252
[2024-12-30 23:37:39,444][flwr][INFO] - 		round 6: 0.6450605778063618
[2024-12-30 23:37:39,444][flwr][INFO] - 		round 7: 1.1895999934813517
[2024-12-30 23:37:39,444][flwr][INFO] - 		round 8: 1.4724158433514845
[2024-12-30 23:37:39,444][flwr][INFO] - 		round 9: 0.996149973867773
[2024-12-30 23:37:39,444][flwr][INFO] - 		round 10: 1.2939138595966142
[2024-12-30 23:37:39,444][flwr][INFO] - 	History (loss, centralized):
[2024-12-30 23:37:39,444][flwr][INFO] - 		round 0: 181.5802538394928
[2024-12-30 23:37:39,444][flwr][INFO] - 		round 1: 8.64320166152902
[2024-12-30 23:37:39,445][flwr][INFO] - 		round 2: 4.764866161385726
[2024-12-30 23:37:39,445][flwr][INFO] - 		round 3: 4.344897845672676
[2024-12-30 23:37:39,445][flwr][INFO] - 		round 4: 3.8479355565968945
[2024-12-30 23:37:39,445][flwr][INFO] - 		round 5: 4.038001483333801
[2024-12-30 23:37:39,445][flwr][INFO] - 		round 6: 3.776407069362733
[2024-12-30 23:37:39,445][flwr][INFO] - 		round 7: 3.127135030444151
[2024-12-30 23:37:39,445][flwr][INFO] - 		round 8: 3.371284694467022
[2024-12-30 23:37:39,445][flwr][INFO] - 		round 9: 3.744396985685981
[2024-12-30 23:37:39,445][flwr][INFO] - 		round 10: 3.4864747243345846
[2024-12-30 23:37:39,445][flwr][INFO] - 	History (metrics, centralized):
[2024-12-30 23:37:39,445][flwr][INFO] - 	{'accuracy': [(0, 0.1835),
[2024-12-30 23:37:39,446][flwr][INFO] - 	              (1, 0.9674),
[2024-12-30 23:37:39,446][flwr][INFO] - 	              (2, 0.982),
[2024-12-30 23:37:39,446][flwr][INFO] - 	              (3, 0.9846),
[2024-12-30 23:37:39,446][flwr][INFO] - 	              (4, 0.9862),
[2024-12-30 23:37:39,446][flwr][INFO] - 	              (5, 0.9874),
[2024-12-30 23:37:39,446][flwr][INFO] - 	              (6, 0.9874),
[2024-12-30 23:37:39,446][flwr][INFO] - 	              (7, 0.9891),
[2024-12-30 23:37:39,446][flwr][INFO] - 	              (8, 0.9883),
[2024-12-30 23:37:39,446][flwr][INFO] - 	              (9, 0.9884),
[2024-12-30 23:37:39,446][flwr][INFO] - 	              (10, 0.9891)]}
[2024-12-30 23:37:39,446][flwr][INFO] - 
