[2024-12-31 22:54:02,710][flwr][INFO] - Starting Flower simulation, config: num_rounds=10, no round_timeout
[2024-12-31 22:54:06,203][flwr][INFO] - Flower VCE: Ray initialized with resources: {'CPU': 12.0, 'node:192.168.1.11': 1.0, 'node:__internal_head__': 1.0, 'memory': 6640545792.0, 'object_store_memory': 3320272896.0}
[2024-12-31 22:54:06,203][flwr][INFO] - Optimize your simulation with Flower VCE: https://flower.ai/docs/framework/how-to-run-simulations.html
[2024-12-31 22:54:06,203][flwr][INFO] - Flower VCE: Resources for each Virtual Client: {'num_cpus': 2, 'num_gpus': 0}
[2024-12-31 22:54:06,211][flwr][INFO] - Flower VCE: Creating VirtualClientEngineActorPool with 6 actors
[2024-12-31 22:54:06,212][flwr][INFO] - [INIT]
[2024-12-31 22:54:06,212][flwr][INFO] - Using initial global parameters provided by strategy
[2024-12-31 22:54:06,212][flwr][INFO] - Starting evaluation of initial global parameters
[2024-12-31 22:54:08,511][flwr][INFO] - initial parameters (loss, other metrics): 181.95522141456604, {'accuracy': 0.0892}
[2024-12-31 22:54:08,512][flwr][INFO] - 
[2024-12-31 22:54:08,512][flwr][INFO] - [ROUND 1]
[2024-12-31 22:54:08,512][flwr][INFO] - configure_fit: strategy sampled 2 clients (out of 10)
[2024-12-31 22:54:25,440][flwr][INFO] - aggregate_fit: received 2 results and 0 failures
[2024-12-31 22:54:25,444][flwr][WARNING] - No fit_metrics_aggregation_fn provided
[2024-12-31 22:54:27,369][flwr][INFO] - fit progress: (1, 186.57038021087646, {'accuracy': 0.0892}, 18.857632801002183)
[2024-12-31 22:54:27,370][flwr][INFO] - configure_evaluate: strategy sampled 5 clients (out of 10)
[2024-12-31 22:54:31,172][flwr][INFO] - aggregate_evaluate: received 5 results and 0 failures
[2024-12-31 22:54:31,172][flwr][WARNING] - No evaluate_metrics_aggregation_fn provided
[2024-12-31 22:54:31,172][flwr][INFO] - 
[2024-12-31 22:54:31,172][flwr][INFO] - [ROUND 2]
[2024-12-31 22:54:31,172][flwr][INFO] - configure_fit: strategy sampled 2 clients (out of 10)
[2024-12-31 22:54:43,360][flwr][INFO] - aggregate_fit: received 2 results and 0 failures
[2024-12-31 22:54:44,798][flwr][INFO] - fit progress: (2, 187.68528747558594, {'accuracy': 0.0982}, 36.286756899004104)
[2024-12-31 22:54:44,799][flwr][INFO] - configure_evaluate: strategy sampled 5 clients (out of 10)
[2024-12-31 22:54:45,628][flwr][INFO] - aggregate_evaluate: received 5 results and 0 failures
[2024-12-31 22:54:45,629][flwr][INFO] - 
[2024-12-31 22:54:45,629][flwr][INFO] - [ROUND 3]
[2024-12-31 22:54:45,629][flwr][INFO] - configure_fit: strategy sampled 2 clients (out of 10)
[2024-12-31 22:54:58,080][flwr][INFO] - aggregate_fit: received 2 results and 0 failures
[2024-12-31 22:54:59,815][flwr][INFO] - fit progress: (3, 182.8815746307373, {'accuracy': 0.1028}, 51.30382622300385)
[2024-12-31 22:54:59,816][flwr][INFO] - configure_evaluate: strategy sampled 5 clients (out of 10)
[2024-12-31 22:55:00,579][flwr][INFO] - aggregate_evaluate: received 5 results and 0 failures
[2024-12-31 22:55:00,580][flwr][INFO] - 
[2024-12-31 22:55:00,580][flwr][INFO] - [ROUND 4]
[2024-12-31 22:55:00,580][flwr][INFO] - configure_fit: strategy sampled 2 clients (out of 10)
[2024-12-31 22:55:12,783][flwr][INFO] - aggregate_fit: received 2 results and 0 failures
[2024-12-31 22:55:14,914][flwr][INFO] - fit progress: (4, 182.9692850112915, {'accuracy': 0.0892}, 66.40237877499749)
[2024-12-31 22:55:14,914][flwr][INFO] - configure_evaluate: strategy sampled 5 clients (out of 10)
[2024-12-31 22:55:15,667][flwr][INFO] - aggregate_evaluate: received 5 results and 0 failures
[2024-12-31 22:55:15,668][flwr][INFO] - 
[2024-12-31 22:55:15,668][flwr][INFO] - [ROUND 5]
[2024-12-31 22:55:15,668][flwr][INFO] - configure_fit: strategy sampled 2 clients (out of 10)
[2024-12-31 22:55:28,779][flwr][INFO] - aggregate_fit: received 2 results and 0 failures
[2024-12-31 22:55:30,755][flwr][INFO] - fit progress: (5, 183.35639214515686, {'accuracy': 0.1032}, 82.24305445700156)
[2024-12-31 22:55:30,755][flwr][INFO] - configure_evaluate: strategy sampled 5 clients (out of 10)
[2024-12-31 22:55:31,580][flwr][INFO] - aggregate_evaluate: received 5 results and 0 failures
[2024-12-31 22:55:31,580][flwr][INFO] - 
[2024-12-31 22:55:31,580][flwr][INFO] - [ROUND 6]
[2024-12-31 22:55:31,581][flwr][INFO] - configure_fit: strategy sampled 2 clients (out of 10)
[2024-12-31 22:55:44,538][flwr][INFO] - aggregate_fit: received 2 results and 0 failures
[2024-12-31 22:55:46,318][flwr][INFO] - fit progress: (6, 185.24607014656067, {'accuracy': 0.1135}, 97.80625139100448)
[2024-12-31 22:55:46,318][flwr][INFO] - configure_evaluate: strategy sampled 5 clients (out of 10)
[2024-12-31 22:55:47,081][flwr][INFO] - aggregate_evaluate: received 5 results and 0 failures
[2024-12-31 22:55:47,081][flwr][INFO] - 
[2024-12-31 22:55:47,081][flwr][INFO] - [ROUND 7]
[2024-12-31 22:55:47,082][flwr][INFO] - configure_fit: strategy sampled 2 clients (out of 10)
[2024-12-31 22:55:59,792][flwr][INFO] - aggregate_fit: received 2 results and 0 failures
[2024-12-31 22:56:01,399][flwr][INFO] - fit progress: (7, 184.4160943031311, {'accuracy': 0.101}, 112.8869695070025)
[2024-12-31 22:56:01,399][flwr][INFO] - configure_evaluate: strategy sampled 5 clients (out of 10)
[2024-12-31 22:56:02,297][flwr][INFO] - aggregate_evaluate: received 5 results and 0 failures
[2024-12-31 22:56:02,297][flwr][INFO] - 
[2024-12-31 22:56:02,297][flwr][INFO] - [ROUND 8]
[2024-12-31 22:56:02,298][flwr][INFO] - configure_fit: strategy sampled 2 clients (out of 10)
[2024-12-31 22:56:14,997][flwr][INFO] - aggregate_fit: received 2 results and 0 failures
[2024-12-31 22:56:16,459][flwr][INFO] - fit progress: (8, 183.6390359401703, {'accuracy': 0.101}, 127.94696744799876)
[2024-12-31 22:56:16,459][flwr][INFO] - configure_evaluate: strategy sampled 5 clients (out of 10)
[2024-12-31 22:56:17,243][flwr][INFO] - aggregate_evaluate: received 5 results and 0 failures
[2024-12-31 22:56:17,243][flwr][INFO] - 
[2024-12-31 22:56:17,243][flwr][INFO] - [ROUND 9]
[2024-12-31 22:56:17,243][flwr][INFO] - configure_fit: strategy sampled 2 clients (out of 10)
[2024-12-31 22:56:29,496][flwr][INFO] - aggregate_fit: received 2 results and 0 failures
[2024-12-31 22:56:31,231][flwr][INFO] - fit progress: (9, 183.67919969558716, {'accuracy': 0.1135}, 142.7198235820033)
[2024-12-31 22:56:31,232][flwr][INFO] - configure_evaluate: strategy sampled 5 clients (out of 10)
[2024-12-31 22:56:32,001][flwr][INFO] - aggregate_evaluate: received 5 results and 0 failures
[2024-12-31 22:56:32,002][flwr][INFO] - 
[2024-12-31 22:56:32,002][flwr][INFO] - [ROUND 10]
[2024-12-31 22:56:32,002][flwr][INFO] - configure_fit: strategy sampled 2 clients (out of 10)
[2024-12-31 22:56:44,840][flwr][INFO] - aggregate_fit: received 2 results and 0 failures
[2024-12-31 22:56:46,382][flwr][INFO] - fit progress: (10, 183.1993284225464, {'accuracy': 0.0958}, 157.8700151899975)
[2024-12-31 22:56:46,382][flwr][INFO] - configure_evaluate: strategy sampled 5 clients (out of 10)
[2024-12-31 22:56:47,143][flwr][INFO] - aggregate_evaluate: received 5 results and 0 failures
[2024-12-31 22:56:47,143][flwr][INFO] - 
[2024-12-31 22:56:47,143][flwr][INFO] - [SUMMARY]
[2024-12-31 22:56:47,143][flwr][INFO] - Run finished 10 round(s) in 158.63s
[2024-12-31 22:56:47,144][flwr][INFO] - 	History (loss, distributed):
[2024-12-31 22:56:47,144][flwr][INFO] - 		round 1: 89.53928651809693
[2024-12-31 22:56:47,144][flwr][INFO] - 		round 2: 90.4477617263794
[2024-12-31 22:56:47,144][flwr][INFO] - 		round 3: 88.00277695655822
[2024-12-31 22:56:47,144][flwr][INFO] - 		round 4: 88.20040154457092
[2024-12-31 22:56:47,144][flwr][INFO] - 		round 5: 88.3376513004303
[2024-12-31 22:56:47,144][flwr][INFO] - 		round 6: 89.277357006073
[2024-12-31 22:56:47,144][flwr][INFO] - 		round 7: 88.40777854919433
[2024-12-31 22:56:47,144][flwr][INFO] - 		round 8: 88.1582552433014
[2024-12-31 22:56:47,144][flwr][INFO] - 		round 9: 88.14934768676758
[2024-12-31 22:56:47,144][flwr][INFO] - 		round 10: 88.14031901359559
[2024-12-31 22:56:47,144][flwr][INFO] - 	History (loss, centralized):
[2024-12-31 22:56:47,144][flwr][INFO] - 		round 0: 181.95522141456604
[2024-12-31 22:56:47,144][flwr][INFO] - 		round 1: 186.57038021087646
[2024-12-31 22:56:47,144][flwr][INFO] - 		round 2: 187.68528747558594
[2024-12-31 22:56:47,145][flwr][INFO] - 		round 3: 182.8815746307373
[2024-12-31 22:56:47,145][flwr][INFO] - 		round 4: 182.9692850112915
[2024-12-31 22:56:47,145][flwr][INFO] - 		round 5: 183.35639214515686
[2024-12-31 22:56:47,145][flwr][INFO] - 		round 6: 185.24607014656067
[2024-12-31 22:56:47,145][flwr][INFO] - 		round 7: 184.4160943031311
[2024-12-31 22:56:47,145][flwr][INFO] - 		round 8: 183.6390359401703
[2024-12-31 22:56:47,145][flwr][INFO] - 		round 9: 183.67919969558716
[2024-12-31 22:56:47,145][flwr][INFO] - 		round 10: 183.1993284225464
[2024-12-31 22:56:47,145][flwr][INFO] - 	History (metrics, centralized):
[2024-12-31 22:56:47,145][flwr][INFO] - 	{'accuracy': [(0, 0.0892),
[2024-12-31 22:56:47,145][flwr][INFO] - 	              (1, 0.0892),
[2024-12-31 22:56:47,145][flwr][INFO] - 	              (2, 0.0982),
[2024-12-31 22:56:47,145][flwr][INFO] - 	              (3, 0.1028),
[2024-12-31 22:56:47,146][flwr][INFO] - 	              (4, 0.0892),
[2024-12-31 22:56:47,146][flwr][INFO] - 	              (5, 0.1032),
[2024-12-31 22:56:47,146][flwr][INFO] - 	              (6, 0.1135),
[2024-12-31 22:56:47,146][flwr][INFO] - 	              (7, 0.101),
[2024-12-31 22:56:47,146][flwr][INFO] - 	              (8, 0.101),
[2024-12-31 22:56:47,146][flwr][INFO] - 	              (9, 0.1135),
[2024-12-31 22:56:47,146][flwr][INFO] - 	              (10, 0.0958)]}
[2024-12-31 22:56:47,146][flwr][INFO] - 
