[2024-12-31 15:14:29,162][flwr][INFO] - Starting Flower simulation, config: num_rounds=10, no round_timeout
[2024-12-31 15:14:32,667][flwr][INFO] - Flower VCE: Ray initialized with resources: {'object_store_memory': 2912188416.0, 'memory': 5824376832.0, 'node:__internal_head__': 1.0, 'CPU': 12.0, 'node:192.168.1.11': 1.0}
[2024-12-31 15:14:32,667][flwr][INFO] - Optimize your simulation with Flower VCE: https://flower.ai/docs/framework/how-to-run-simulations.html
[2024-12-31 15:14:32,667][flwr][INFO] - Flower VCE: Resources for each Virtual Client: {'num_cpus': 2, 'num_gpus': 0}
[2024-12-31 15:14:32,673][flwr][INFO] - Flower VCE: Creating VirtualClientEngineActorPool with 6 actors
[2024-12-31 15:14:32,674][flwr][INFO] - [INIT]
[2024-12-31 15:14:32,674][flwr][INFO] - Using initial global parameters provided by strategy
[2024-12-31 15:14:32,674][flwr][INFO] - Starting evaluation of initial global parameters
[2024-12-31 15:14:36,234][flwr][INFO] - initial parameters (loss, other metrics): 182.06472253799438, {'accuracy': 0.0885}
[2024-12-31 15:14:36,234][flwr][INFO] - 
[2024-12-31 15:14:36,235][flwr][INFO] - [ROUND 1]
[2024-12-31 15:14:36,235][flwr][INFO] - configure_fit: strategy sampled 2 clients (out of 10)
[2024-12-31 15:14:43,459][flwr][INFO] - aggregate_fit: received 2 results and 0 failures
[2024-12-31 15:14:43,467][flwr][WARNING] - No fit_metrics_aggregation_fn provided
[2024-12-31 15:14:45,083][flwr][INFO] - fit progress: (1, 182.2487075328827, {'accuracy': 0.0928}, 8.848848950001411)
[2024-12-31 15:14:45,084][flwr][INFO] - configure_evaluate: strategy sampled 2 clients (out of 10)
[2024-12-31 15:14:45,520][flwr][INFO] - aggregate_evaluate: received 2 results and 0 failures
[2024-12-31 15:14:45,520][flwr][WARNING] - No evaluate_metrics_aggregation_fn provided
[2024-12-31 15:14:45,521][flwr][INFO] - 
[2024-12-31 15:14:45,521][flwr][INFO] - [ROUND 2]
[2024-12-31 15:14:45,521][flwr][INFO] - configure_fit: strategy sampled 2 clients (out of 10)
[2024-12-31 15:14:52,145][flwr][INFO] - aggregate_fit: received 2 results and 0 failures
[2024-12-31 15:14:54,065][flwr][INFO] - fit progress: (2, 180.65828037261963, {'accuracy': 0.149}, 17.830484034006076)
[2024-12-31 15:14:54,065][flwr][INFO] - configure_evaluate: strategy sampled 2 clients (out of 10)
[2024-12-31 15:14:54,473][flwr][INFO] - aggregate_evaluate: received 2 results and 0 failures
[2024-12-31 15:14:54,473][flwr][INFO] - 
[2024-12-31 15:14:54,473][flwr][INFO] - [ROUND 3]
[2024-12-31 15:14:54,473][flwr][INFO] - configure_fit: strategy sampled 2 clients (out of 10)
[2024-12-31 15:15:00,131][flwr][INFO] - aggregate_fit: received 2 results and 0 failures
[2024-12-31 15:15:02,527][flwr][INFO] - fit progress: (3, 179.02891492843628, {'accuracy': 0.1373}, 26.292530121005257)
[2024-12-31 15:15:02,527][flwr][INFO] - configure_evaluate: strategy sampled 2 clients (out of 10)
[2024-12-31 15:15:02,876][flwr][INFO] - aggregate_evaluate: received 2 results and 0 failures
[2024-12-31 15:15:02,876][flwr][INFO] - 
[2024-12-31 15:15:02,876][flwr][INFO] - [ROUND 4]
[2024-12-31 15:15:02,877][flwr][INFO] - configure_fit: strategy sampled 2 clients (out of 10)
[2024-12-31 15:15:08,890][flwr][INFO] - aggregate_fit: received 2 results and 0 failures
[2024-12-31 15:15:11,200][flwr][INFO] - fit progress: (4, 176.1325969696045, {'accuracy': 0.1624}, 34.96543991500221)
[2024-12-31 15:15:11,200][flwr][INFO] - configure_evaluate: strategy sampled 2 clients (out of 10)
[2024-12-31 15:15:11,644][flwr][INFO] - aggregate_evaluate: received 2 results and 0 failures
[2024-12-31 15:15:11,644][flwr][INFO] - 
[2024-12-31 15:15:11,644][flwr][INFO] - [ROUND 5]
[2024-12-31 15:15:11,645][flwr][INFO] - configure_fit: strategy sampled 2 clients (out of 10)
[2024-12-31 15:15:17,707][flwr][INFO] - aggregate_fit: received 2 results and 0 failures
[2024-12-31 15:15:19,910][flwr][INFO] - fit progress: (5, 172.96030974388123, {'accuracy': 0.1915}, 43.675191231006465)
[2024-12-31 15:15:19,910][flwr][INFO] - configure_evaluate: strategy sampled 2 clients (out of 10)
[2024-12-31 15:15:20,298][flwr][INFO] - aggregate_evaluate: received 2 results and 0 failures
[2024-12-31 15:15:20,298][flwr][INFO] - 
[2024-12-31 15:15:20,298][flwr][INFO] - [ROUND 6]
[2024-12-31 15:15:20,298][flwr][INFO] - configure_fit: strategy sampled 2 clients (out of 10)
[2024-12-31 15:15:26,242][flwr][INFO] - aggregate_fit: received 2 results and 0 failures
[2024-12-31 15:15:29,049][flwr][INFO] - fit progress: (6, 168.8009901046753, {'accuracy': 0.2329}, 52.81480857900169)
[2024-12-31 15:15:29,050][flwr][INFO] - configure_evaluate: strategy sampled 2 clients (out of 10)
[2024-12-31 15:15:29,552][flwr][INFO] - aggregate_evaluate: received 2 results and 0 failures
[2024-12-31 15:15:29,553][flwr][INFO] - 
[2024-12-31 15:15:29,553][flwr][INFO] - [ROUND 7]
[2024-12-31 15:15:29,553][flwr][INFO] - configure_fit: strategy sampled 2 clients (out of 10)
[2024-12-31 15:15:35,243][flwr][INFO] - aggregate_fit: received 2 results and 0 failures
[2024-12-31 15:15:37,552][flwr][INFO] - fit progress: (7, 170.6329128742218, {'accuracy': 0.194}, 61.31714350100083)
[2024-12-31 15:15:37,552][flwr][INFO] - configure_evaluate: strategy sampled 2 clients (out of 10)
[2024-12-31 15:15:37,957][flwr][INFO] - aggregate_evaluate: received 2 results and 0 failures
[2024-12-31 15:15:37,957][flwr][INFO] - 
[2024-12-31 15:15:37,958][flwr][INFO] - [ROUND 8]
[2024-12-31 15:15:37,958][flwr][INFO] - configure_fit: strategy sampled 2 clients (out of 10)
[2024-12-31 15:15:43,698][flwr][INFO] - aggregate_fit: received 2 results and 0 failures
[2024-12-31 15:15:46,077][flwr][INFO] - fit progress: (8, 170.04665875434875, {'accuracy': 0.2151}, 69.84275968300062)
[2024-12-31 15:15:46,078][flwr][INFO] - configure_evaluate: strategy sampled 2 clients (out of 10)
[2024-12-31 15:15:46,514][flwr][INFO] - aggregate_evaluate: received 2 results and 0 failures
[2024-12-31 15:15:46,514][flwr][INFO] - 
[2024-12-31 15:15:46,514][flwr][INFO] - [ROUND 9]
[2024-12-31 15:15:46,514][flwr][INFO] - configure_fit: strategy sampled 2 clients (out of 10)
[2024-12-31 15:15:52,630][flwr][INFO] - aggregate_fit: received 2 results and 0 failures
[2024-12-31 15:15:55,150][flwr][INFO] - fit progress: (9, 168.8618803024292, {'accuracy': 0.2569}, 78.91581714399945)
[2024-12-31 15:15:55,151][flwr][INFO] - configure_evaluate: strategy sampled 2 clients (out of 10)
[2024-12-31 15:15:55,526][flwr][INFO] - aggregate_evaluate: received 2 results and 0 failures
[2024-12-31 15:15:55,526][flwr][INFO] - 
[2024-12-31 15:15:55,526][flwr][INFO] - [ROUND 10]
[2024-12-31 15:15:55,526][flwr][INFO] - configure_fit: strategy sampled 2 clients (out of 10)
[2024-12-31 15:16:01,253][flwr][INFO] - aggregate_fit: received 2 results and 0 failures
[2024-12-31 15:16:03,658][flwr][INFO] - fit progress: (10, 168.23930263519287, {'accuracy': 0.2691}, 87.4237384290027)
[2024-12-31 15:16:03,659][flwr][INFO] - configure_evaluate: strategy sampled 2 clients (out of 10)
[2024-12-31 15:16:04,051][flwr][INFO] - aggregate_evaluate: received 2 results and 0 failures
[2024-12-31 15:16:04,051][flwr][INFO] - 
[2024-12-31 15:16:04,051][flwr][INFO] - [SUMMARY]
[2024-12-31 15:16:04,051][flwr][INFO] - Run finished 10 round(s) in 87.82s
[2024-12-31 15:16:04,052][flwr][INFO] - 	History (loss, distributed):
[2024-12-31 15:16:04,052][flwr][INFO] - 		round 1: 43.79882860183716
[2024-12-31 15:16:04,052][flwr][INFO] - 		round 2: 43.48565626144409
[2024-12-31 15:16:04,052][flwr][INFO] - 		round 3: 42.97502672672272
[2024-12-31 15:16:04,052][flwr][INFO] - 		round 4: 42.63828122615814
[2024-12-31 15:16:04,052][flwr][INFO] - 		round 5: 41.42937350273132
[2024-12-31 15:16:04,052][flwr][INFO] - 		round 6: 40.38301169872284
[2024-12-31 15:16:04,052][flwr][INFO] - 		round 7: 41.36436319351196
[2024-12-31 15:16:04,052][flwr][INFO] - 		round 8: 41.1980277299881
[2024-12-31 15:16:04,052][flwr][INFO] - 		round 9: 41.242480993270874
[2024-12-31 15:16:04,052][flwr][INFO] - 		round 10: 40.27626186609268
[2024-12-31 15:16:04,052][flwr][INFO] - 	History (loss, centralized):
[2024-12-31 15:16:04,052][flwr][INFO] - 		round 0: 182.06472253799438
[2024-12-31 15:16:04,052][flwr][INFO] - 		round 1: 182.2487075328827
[2024-12-31 15:16:04,052][flwr][INFO] - 		round 2: 180.65828037261963
[2024-12-31 15:16:04,052][flwr][INFO] - 		round 3: 179.02891492843628
[2024-12-31 15:16:04,053][flwr][INFO] - 		round 4: 176.1325969696045
[2024-12-31 15:16:04,053][flwr][INFO] - 		round 5: 172.96030974388123
[2024-12-31 15:16:04,053][flwr][INFO] - 		round 6: 168.8009901046753
[2024-12-31 15:16:04,053][flwr][INFO] - 		round 7: 170.6329128742218
[2024-12-31 15:16:04,053][flwr][INFO] - 		round 8: 170.04665875434875
[2024-12-31 15:16:04,053][flwr][INFO] - 		round 9: 168.8618803024292
[2024-12-31 15:16:04,053][flwr][INFO] - 		round 10: 168.23930263519287
[2024-12-31 15:16:04,053][flwr][INFO] - 	History (metrics, centralized):
[2024-12-31 15:16:04,053][flwr][INFO] - 	{'accuracy': [(0, 0.0885),
[2024-12-31 15:16:04,053][flwr][INFO] - 	              (1, 0.0928),
[2024-12-31 15:16:04,053][flwr][INFO] - 	              (2, 0.149),
[2024-12-31 15:16:04,053][flwr][INFO] - 	              (3, 0.1373),
[2024-12-31 15:16:04,053][flwr][INFO] - 	              (4, 0.1624),
[2024-12-31 15:16:04,053][flwr][INFO] - 	              (5, 0.1915),
[2024-12-31 15:16:04,053][flwr][INFO] - 	              (6, 0.2329),
[2024-12-31 15:16:04,053][flwr][INFO] - 	              (7, 0.194),
[2024-12-31 15:16:04,053][flwr][INFO] - 	              (8, 0.2151),
[2024-12-31 15:16:04,053][flwr][INFO] - 	              (9, 0.2569),
[2024-12-31 15:16:04,053][flwr][INFO] - 	              (10, 0.2691)]}
[2024-12-31 15:16:04,053][flwr][INFO] - 
