[2025-01-07 22:42:22,452][flwr][INFO] - Starting Flower simulation, config: num_rounds=15, no round_timeout
[2025-01-07 22:42:26,077][flwr][INFO] - Flower VCE: Ray initialized with resources: {'object_store_memory': 3135814041.0, 'memory': 6271628084.0, 'CPU': 12.0, 'node:192.168.1.11': 1.0, 'node:__internal_head__': 1.0}
[2025-01-07 22:42:26,077][flwr][INFO] - Optimize your simulation with Flower VCE: https://flower.ai/docs/framework/how-to-run-simulations.html
[2025-01-07 22:42:26,077][flwr][INFO] - Flower VCE: Resources for each Virtual Client: {'num_cpus': 2, 'num_gpus': 0}
[2025-01-07 22:42:26,088][flwr][INFO] - Flower VCE: Creating VirtualClientEngineActorPool with 6 actors
[2025-01-07 22:42:26,089][flwr][INFO] - [INIT]
[2025-01-07 22:42:26,089][flwr][INFO] - Requesting initial parameters from one random client
[2025-01-07 22:42:28,378][flwr][INFO] - Received initial parameters from one random client
[2025-01-07 22:42:28,379][flwr][INFO] - Starting evaluation of initial global parameters
[2025-01-07 22:42:29,956][flwr][INFO] - initial parameters (loss, other metrics): 181.97017884254456, {'accuracy': 0.1764}
[2025-01-07 22:42:29,956][flwr][INFO] - 
[2025-01-07 22:42:29,956][flwr][INFO] - [ROUND 1]
[2025-01-07 22:42:29,957][flwr][INFO] - configure_fit: strategy sampled 2 clients (out of 10)
[2025-01-07 22:42:37,473][flwr][INFO] - aggregate_fit: received 2 results and 0 failures
[2025-01-07 22:42:37,478][flwr][WARNING] - No fit_metrics_aggregation_fn provided
[2025-01-07 22:42:39,033][flwr][INFO] - fit progress: (1, 8.174534073797986, {'accuracy': 0.9652}, 9.076942100000451)
[2025-01-07 22:42:39,034][flwr][INFO] - configure_evaluate: strategy sampled 3 clients (out of 10)
[2025-01-07 22:42:41,178][flwr][INFO] - aggregate_evaluate: received 3 results and 0 failures
[2025-01-07 22:42:41,179][flwr][WARNING] - No evaluate_metrics_aggregation_fn provided
[2025-01-07 22:42:41,179][flwr][INFO] - 
[2025-01-07 22:42:41,179][flwr][INFO] - [ROUND 2]
[2025-01-07 22:42:41,179][flwr][INFO] - configure_fit: strategy sampled 2 clients (out of 10)
[2025-01-07 22:42:46,192][flwr][INFO] - aggregate_fit: received 2 results and 0 failures
[2025-01-07 22:42:47,654][flwr][INFO] - fit progress: (2, 5.8164520382124465, {'accuracy': 0.9752}, 17.697202201998152)
[2025-01-07 22:42:47,654][flwr][INFO] - configure_evaluate: strategy sampled 3 clients (out of 10)
[2025-01-07 22:42:48,127][flwr][INFO] - aggregate_evaluate: received 3 results and 0 failures
[2025-01-07 22:42:48,127][flwr][INFO] - 
[2025-01-07 22:42:48,127][flwr][INFO] - [ROUND 3]
[2025-01-07 22:42:48,127][flwr][INFO] - configure_fit: strategy sampled 2 clients (out of 10)
[2025-01-07 22:42:53,124][flwr][INFO] - aggregate_fit: received 2 results and 0 failures
[2025-01-07 22:42:54,452][flwr][INFO] - fit progress: (3, 5.22907106493949, {'accuracy': 0.9785}, 24.49610513299558)
[2025-01-07 22:42:54,453][flwr][INFO] - configure_evaluate: strategy sampled 3 clients (out of 10)
[2025-01-07 22:42:54,925][flwr][INFO] - aggregate_evaluate: received 3 results and 0 failures
[2025-01-07 22:42:54,926][flwr][INFO] - 
[2025-01-07 22:42:54,926][flwr][INFO] - [ROUND 4]
[2025-01-07 22:42:54,926][flwr][INFO] - configure_fit: strategy sampled 2 clients (out of 10)
[2025-01-07 22:43:00,004][flwr][INFO] - aggregate_fit: received 2 results and 0 failures
[2025-01-07 22:43:01,881][flwr][INFO] - fit progress: (4, 4.449031505499079, {'accuracy': 0.9821}, 31.92423280699586)
[2025-01-07 22:43:01,881][flwr][INFO] - configure_evaluate: strategy sampled 3 clients (out of 10)
[2025-01-07 22:43:02,293][flwr][INFO] - aggregate_evaluate: received 3 results and 0 failures
[2025-01-07 22:43:02,293][flwr][INFO] - 
[2025-01-07 22:43:02,294][flwr][INFO] - [ROUND 5]
[2025-01-07 22:43:02,294][flwr][INFO] - configure_fit: strategy sampled 2 clients (out of 10)
[2025-01-07 22:43:07,294][flwr][INFO] - aggregate_fit: received 2 results and 0 failures
[2025-01-07 22:43:08,570][flwr][INFO] - fit progress: (5, 4.0088220068601, {'accuracy': 0.9847}, 38.61329104699689)
[2025-01-07 22:43:08,570][flwr][INFO] - configure_evaluate: strategy sampled 3 clients (out of 10)
[2025-01-07 22:43:09,063][flwr][INFO] - aggregate_evaluate: received 3 results and 0 failures
[2025-01-07 22:43:09,063][flwr][INFO] - 
[2025-01-07 22:43:09,063][flwr][INFO] - [ROUND 6]
[2025-01-07 22:43:09,063][flwr][INFO] - configure_fit: strategy sampled 2 clients (out of 10)
[2025-01-07 22:43:14,007][flwr][INFO] - aggregate_fit: received 2 results and 0 failures
[2025-01-07 22:43:15,737][flwr][INFO] - fit progress: (6, 4.458717748077106, {'accuracy': 0.9837}, 45.78090230900125)
[2025-01-07 22:43:15,738][flwr][INFO] - configure_evaluate: strategy sampled 3 clients (out of 10)
[2025-01-07 22:43:16,203][flwr][INFO] - aggregate_evaluate: received 3 results and 0 failures
[2025-01-07 22:43:16,203][flwr][INFO] - 
[2025-01-07 22:43:16,203][flwr][INFO] - [ROUND 7]
[2025-01-07 22:43:16,203][flwr][INFO] - configure_fit: strategy sampled 2 clients (out of 10)
[2025-01-07 22:43:21,097][flwr][INFO] - aggregate_fit: received 2 results and 0 failures
[2025-01-07 22:43:22,473][flwr][INFO] - fit progress: (7, 3.4466214242220303, {'accuracy': 0.9858}, 52.51658484599466)
[2025-01-07 22:43:22,473][flwr][INFO] - configure_evaluate: strategy sampled 3 clients (out of 10)
[2025-01-07 22:43:22,954][flwr][INFO] - aggregate_evaluate: received 3 results and 0 failures
[2025-01-07 22:43:22,954][flwr][INFO] - 
[2025-01-07 22:43:22,954][flwr][INFO] - [ROUND 8]
[2025-01-07 22:43:22,954][flwr][INFO] - configure_fit: strategy sampled 2 clients (out of 10)
[2025-01-07 22:43:27,996][flwr][INFO] - aggregate_fit: received 2 results and 0 failures
[2025-01-07 22:43:29,314][flwr][INFO] - fit progress: (8, 3.2082435035381422, {'accuracy': 0.9873}, 59.35719773599703)
[2025-01-07 22:43:29,314][flwr][INFO] - configure_evaluate: strategy sampled 3 clients (out of 10)
[2025-01-07 22:43:29,794][flwr][INFO] - aggregate_evaluate: received 3 results and 0 failures
[2025-01-07 22:43:29,794][flwr][INFO] - 
[2025-01-07 22:43:29,794][flwr][INFO] - [ROUND 9]
[2025-01-07 22:43:29,794][flwr][INFO] - configure_fit: strategy sampled 2 clients (out of 10)
[2025-01-07 22:43:34,801][flwr][INFO] - aggregate_fit: received 2 results and 0 failures
[2025-01-07 22:43:36,191][flwr][INFO] - fit progress: (9, 3.4206661995322065, {'accuracy': 0.9876}, 66.23505919499439)
[2025-01-07 22:43:36,192][flwr][INFO] - configure_evaluate: strategy sampled 3 clients (out of 10)
[2025-01-07 22:43:36,711][flwr][INFO] - aggregate_evaluate: received 3 results and 0 failures
[2025-01-07 22:43:36,711][flwr][INFO] - 
[2025-01-07 22:43:36,711][flwr][INFO] - [ROUND 10]
[2025-01-07 22:43:36,711][flwr][INFO] - configure_fit: strategy sampled 2 clients (out of 10)
[2025-01-07 22:43:41,704][flwr][INFO] - aggregate_fit: received 2 results and 0 failures
[2025-01-07 22:43:43,190][flwr][INFO] - fit progress: (10, 2.8300073437567335, {'accuracy': 0.9893}, 73.23341110299953)
[2025-01-07 22:43:43,190][flwr][INFO] - configure_evaluate: strategy sampled 3 clients (out of 10)
[2025-01-07 22:43:43,645][flwr][INFO] - aggregate_evaluate: received 3 results and 0 failures
[2025-01-07 22:43:43,645][flwr][INFO] - 
[2025-01-07 22:43:43,645][flwr][INFO] - [ROUND 11]
[2025-01-07 22:43:43,645][flwr][INFO] - configure_fit: strategy sampled 2 clients (out of 10)
[2025-01-07 22:43:48,746][flwr][INFO] - aggregate_fit: received 2 results and 0 failures
[2025-01-07 22:43:49,996][flwr][INFO] - fit progress: (11, 3.1841842680478294, {'accuracy': 0.9876}, 80.03928655899654)
[2025-01-07 22:43:49,996][flwr][INFO] - configure_evaluate: strategy sampled 3 clients (out of 10)
[2025-01-07 22:43:50,471][flwr][INFO] - aggregate_evaluate: received 3 results and 0 failures
[2025-01-07 22:43:50,472][flwr][INFO] - 
[2025-01-07 22:43:50,472][flwr][INFO] - [ROUND 12]
[2025-01-07 22:43:50,472][flwr][INFO] - configure_fit: strategy sampled 2 clients (out of 10)
[2025-01-07 22:43:55,474][flwr][INFO] - aggregate_fit: received 2 results and 0 failures
[2025-01-07 22:43:56,895][flwr][INFO] - fit progress: (12, 3.197952381228106, {'accuracy': 0.9887}, 86.93858093799645)
[2025-01-07 22:43:56,895][flwr][INFO] - configure_evaluate: strategy sampled 3 clients (out of 10)
[2025-01-07 22:43:57,343][flwr][INFO] - aggregate_evaluate: received 3 results and 0 failures
[2025-01-07 22:43:57,344][flwr][INFO] - 
[2025-01-07 22:43:57,344][flwr][INFO] - [ROUND 13]
[2025-01-07 22:43:57,344][flwr][INFO] - configure_fit: strategy sampled 2 clients (out of 10)
[2025-01-07 22:44:02,396][flwr][INFO] - aggregate_fit: received 2 results and 0 failures
[2025-01-07 22:44:03,593][flwr][INFO] - fit progress: (13, 2.906530347264834, {'accuracy': 0.9897}, 93.63647741299792)
[2025-01-07 22:44:03,593][flwr][INFO] - configure_evaluate: strategy sampled 3 clients (out of 10)
[2025-01-07 22:44:04,070][flwr][INFO] - aggregate_evaluate: received 3 results and 0 failures
[2025-01-07 22:44:04,070][flwr][INFO] - 
[2025-01-07 22:44:04,070][flwr][INFO] - [ROUND 14]
[2025-01-07 22:44:04,070][flwr][INFO] - configure_fit: strategy sampled 2 clients (out of 10)
[2025-01-07 22:44:09,201][flwr][INFO] - aggregate_fit: received 2 results and 0 failures
[2025-01-07 22:44:10,471][flwr][INFO] - fit progress: (14, 3.127553247891683, {'accuracy': 0.9894}, 100.51478256299742)
[2025-01-07 22:44:10,471][flwr][INFO] - configure_evaluate: strategy sampled 3 clients (out of 10)
[2025-01-07 22:44:10,929][flwr][INFO] - aggregate_evaluate: received 3 results and 0 failures
[2025-01-07 22:44:10,929][flwr][INFO] - 
[2025-01-07 22:44:10,929][flwr][INFO] - [ROUND 15]
[2025-01-07 22:44:10,930][flwr][INFO] - configure_fit: strategy sampled 2 clients (out of 10)
[2025-01-07 22:44:15,950][flwr][INFO] - aggregate_fit: received 2 results and 0 failures
[2025-01-07 22:44:17,795][flwr][INFO] - fit progress: (15, 3.217001618818813, {'accuracy': 0.989}, 107.8383879030007)
[2025-01-07 22:44:17,795][flwr][INFO] - configure_evaluate: strategy sampled 3 clients (out of 10)
[2025-01-07 22:44:18,191][flwr][INFO] - aggregate_evaluate: received 3 results and 0 failures
[2025-01-07 22:44:18,191][flwr][INFO] - 
[2025-01-07 22:44:18,192][flwr][INFO] - [SUMMARY]
[2025-01-07 22:44:18,192][flwr][INFO] - Run finished 15 round(s) in 108.24s
[2025-01-07 22:44:18,192][flwr][INFO] - 	History (loss, distributed):
[2025-01-07 22:44:18,192][flwr][INFO] - 		round 1: 2.517298466525972
[2025-01-07 22:44:18,192][flwr][INFO] - 		round 2: 1.660762555198744
[2025-01-07 22:44:18,193][flwr][INFO] - 		round 3: 1.6157580109429546
[2025-01-07 22:44:18,193][flwr][INFO] - 		round 4: 1.489058926294092
[2025-01-07 22:44:18,193][flwr][INFO] - 		round 5: 1.350330941704063
[2025-01-07 22:44:18,193][flwr][INFO] - 		round 6: 1.2627582859507431
[2025-01-07 22:44:18,193][flwr][INFO] - 		round 7: 1.2080392782894098
[2025-01-07 22:44:18,193][flwr][INFO] - 		round 8: 1.156474001005942
[2025-01-07 22:44:18,193][flwr][INFO] - 		round 9: 0.8873771183704472
[2025-01-07 22:44:18,193][flwr][INFO] - 		round 10: 1.1644923914688359
[2025-01-07 22:44:18,193][flwr][INFO] - 		round 11: 0.9069694250550432
[2025-01-07 22:44:18,194][flwr][INFO] - 		round 12: 0.9144615783989897
[2025-01-07 22:44:18,194][flwr][INFO] - 		round 13: 1.1467289935909928
[2025-01-07 22:44:18,194][flwr][INFO] - 		round 14: 0.9571657132119071
[2025-01-07 22:44:18,194][flwr][INFO] - 		round 15: 1.0204012913936822
[2025-01-07 22:44:18,194][flwr][INFO] - 	History (loss, centralized):
[2025-01-07 22:44:18,194][flwr][INFO] - 		round 0: 181.97017884254456
[2025-01-07 22:44:18,194][flwr][INFO] - 		round 1: 8.174534073797986
[2025-01-07 22:44:18,194][flwr][INFO] - 		round 2: 5.8164520382124465
[2025-01-07 22:44:18,194][flwr][INFO] - 		round 3: 5.22907106493949
[2025-01-07 22:44:18,194][flwr][INFO] - 		round 4: 4.449031505499079
[2025-01-07 22:44:18,195][flwr][INFO] - 		round 5: 4.0088220068601
[2025-01-07 22:44:18,195][flwr][INFO] - 		round 6: 4.458717748077106
[2025-01-07 22:44:18,195][flwr][INFO] - 		round 7: 3.4466214242220303
[2025-01-07 22:44:18,195][flwr][INFO] - 		round 8: 3.2082435035381422
[2025-01-07 22:44:18,195][flwr][INFO] - 		round 9: 3.4206661995322065
[2025-01-07 22:44:18,195][flwr][INFO] - 		round 10: 2.8300073437567335
[2025-01-07 22:44:18,195][flwr][INFO] - 		round 11: 3.1841842680478294
[2025-01-07 22:44:18,195][flwr][INFO] - 		round 12: 3.197952381228106
[2025-01-07 22:44:18,195][flwr][INFO] - 		round 13: 2.906530347264834
[2025-01-07 22:44:18,195][flwr][INFO] - 		round 14: 3.127553247891683
[2025-01-07 22:44:18,195][flwr][INFO] - 		round 15: 3.217001618818813
[2025-01-07 22:44:18,195][flwr][INFO] - 	History (metrics, centralized):
[2025-01-07 22:44:18,195][flwr][INFO] - 	{'accuracy': [(0, 0.1764),
[2025-01-07 22:44:18,196][flwr][INFO] - 	              (1, 0.9652),
[2025-01-07 22:44:18,196][flwr][INFO] - 	              (2, 0.9752),
[2025-01-07 22:44:18,196][flwr][INFO] - 	              (3, 0.9785),
[2025-01-07 22:44:18,196][flwr][INFO] - 	              (4, 0.9821),
[2025-01-07 22:44:18,196][flwr][INFO] - 	              (5, 0.9847),
[2025-01-07 22:44:18,196][flwr][INFO] - 	              (6, 0.9837),
[2025-01-07 22:44:18,196][flwr][INFO] - 	              (7, 0.9858),
[2025-01-07 22:44:18,196][flwr][INFO] - 	              (8, 0.9873),
[2025-01-07 22:44:18,196][flwr][INFO] - 	              (9, 0.9876),
[2025-01-07 22:44:18,196][flwr][INFO] - 	              (10, 0.9893),
[2025-01-07 22:44:18,196][flwr][INFO] - 	              (11, 0.9876),
[2025-01-07 22:44:18,196][flwr][INFO] - 	              (12, 0.9887),
[2025-01-07 22:44:18,196][flwr][INFO] - 	              (13, 0.9897),
[2025-01-07 22:44:18,196][flwr][INFO] - 	              (14, 0.9894),
[2025-01-07 22:44:18,196][flwr][INFO] - 	              (15, 0.989)]}
[2025-01-07 22:44:18,196][flwr][INFO] - 
