[2025-01-07 12:40:23,042][flwr][INFO] - Starting Flower simulation, config: num_rounds=5, no round_timeout
[2025-01-07 12:40:26,701][flwr][INFO] - Flower VCE: Ray initialized with resources: {'node:__internal_head__': 1.0, 'memory': 4807856948.0, 'object_store_memory': 2403928473.0, 'node:192.168.1.11': 1.0, 'CPU': 12.0}
[2025-01-07 12:40:26,701][flwr][INFO] - Optimize your simulation with Flower VCE: https://flower.ai/docs/framework/how-to-run-simulations.html
[2025-01-07 12:40:26,701][flwr][INFO] - Flower VCE: Resources for each Virtual Client: {'num_cpus': 2, 'num_gpus': 0}
[2025-01-07 12:40:26,714][flwr][INFO] - Flower VCE: Creating VirtualClientEngineActorPool with 6 actors
[2025-01-07 12:40:26,714][flwr][INFO] - [INIT]
[2025-01-07 12:40:26,714][flwr][INFO] - Requesting initial parameters from one random client
[2025-01-07 12:40:29,301][flwr][INFO] - Received initial parameters from one random client
[2025-01-07 12:40:29,302][flwr][INFO] - Starting evaluation of initial global parameters
[2025-01-07 12:40:30,502][flwr][INFO] - initial parameters (loss, other metrics): 182.28948831558228, {'accuracy': 0.0878}
[2025-01-07 12:40:30,502][flwr][INFO] - 
[2025-01-07 12:40:30,502][flwr][INFO] - [ROUND 1]
[2025-01-07 12:40:30,503][flwr][INFO] - configure_fit: strategy sampled 2 clients (out of 5)
[2025-01-07 12:40:58,674][flwr][INFO] - aggregate_fit: received 2 results and 0 failures
[2025-01-07 12:40:58,681][flwr][WARNING] - No fit_metrics_aggregation_fn provided
[2025-01-07 12:41:00,455][flwr][INFO] - fit progress: (1, 6.094912494649179, {'accuracy': 0.9776}, 29.952606850001757)
[2025-01-07 12:41:00,455][flwr][INFO] - configure_evaluate: strategy sampled 2 clients (out of 5)
[2025-01-07 12:41:01,046][flwr][INFO] - aggregate_evaluate: received 2 results and 0 failures
[2025-01-07 12:41:01,047][flwr][WARNING] - No evaluate_metrics_aggregation_fn provided
[2025-01-07 12:41:01,047][flwr][INFO] - 
[2025-01-07 12:41:01,047][flwr][INFO] - [ROUND 2]
[2025-01-07 12:41:01,047][flwr][INFO] - configure_fit: strategy sampled 2 clients (out of 5)
[2025-01-07 12:41:26,399][flwr][INFO] - aggregate_fit: received 2 results and 0 failures
[2025-01-07 12:41:27,960][flwr][INFO] - fit progress: (2, 4.447256423798535, {'accuracy': 0.9846}, 57.457939012998395)
[2025-01-07 12:41:27,961][flwr][INFO] - configure_evaluate: strategy sampled 2 clients (out of 5)
[2025-01-07 12:41:28,631][flwr][INFO] - aggregate_evaluate: received 2 results and 0 failures
[2025-01-07 12:41:28,631][flwr][INFO] - 
[2025-01-07 12:41:28,631][flwr][INFO] - [ROUND 3]
[2025-01-07 12:41:28,632][flwr][INFO] - configure_fit: strategy sampled 2 clients (out of 5)
[2025-01-07 12:41:53,712][flwr][INFO] - aggregate_fit: received 2 results and 0 failures
[2025-01-07 12:41:55,160][flwr][INFO] - fit progress: (3, 3.7026468507119716, {'accuracy': 0.9876}, 84.65734789400085)
[2025-01-07 12:41:55,160][flwr][INFO] - configure_evaluate: strategy sampled 2 clients (out of 5)
[2025-01-07 12:41:55,725][flwr][INFO] - aggregate_evaluate: received 2 results and 0 failures
[2025-01-07 12:41:55,725][flwr][INFO] - 
[2025-01-07 12:41:55,725][flwr][INFO] - [ROUND 4]
[2025-01-07 12:41:55,725][flwr][INFO] - configure_fit: strategy sampled 2 clients (out of 5)
[2025-01-07 12:42:20,947][flwr][INFO] - aggregate_fit: received 2 results and 0 failures
[2025-01-07 12:42:22,441][flwr][INFO] - fit progress: (4, 3.574046215051112, {'accuracy': 0.9889}, 111.93825961699986)
[2025-01-07 12:42:22,441][flwr][INFO] - configure_evaluate: strategy sampled 2 clients (out of 5)
[2025-01-07 12:42:23,002][flwr][INFO] - aggregate_evaluate: received 2 results and 0 failures
[2025-01-07 12:42:23,002][flwr][INFO] - 
[2025-01-07 12:42:23,003][flwr][INFO] - [ROUND 5]
[2025-01-07 12:42:23,003][flwr][INFO] - configure_fit: strategy sampled 2 clients (out of 5)
[2025-01-07 12:42:48,389][flwr][INFO] - aggregate_fit: received 2 results and 0 failures
[2025-01-07 12:42:50,270][flwr][INFO] - fit progress: (5, 3.7910554761312865, {'accuracy': 0.9902}, 139.7674902990002)
[2025-01-07 12:42:50,270][flwr][INFO] - configure_evaluate: strategy sampled 2 clients (out of 5)
[2025-01-07 12:42:50,816][flwr][INFO] - aggregate_evaluate: received 2 results and 0 failures
[2025-01-07 12:42:50,816][flwr][INFO] - 
[2025-01-07 12:42:50,816][flwr][INFO] - [SUMMARY]
[2025-01-07 12:42:50,817][flwr][INFO] - Run finished 5 round(s) in 140.31s
[2025-01-07 12:42:50,817][flwr][INFO] - 	History (loss, distributed):
[2025-01-07 12:42:50,817][flwr][INFO] - 		round 1: 5.947818086948246
[2025-01-07 12:42:50,817][flwr][INFO] - 		round 2: 4.432630391290331
[2025-01-07 12:42:50,817][flwr][INFO] - 		round 3: 4.125743364911614
[2025-01-07 12:42:50,817][flwr][INFO] - 		round 4: 4.679748800308431
[2025-01-07 12:42:50,817][flwr][INFO] - 		round 5: 4.8726385712205875
[2025-01-07 12:42:50,817][flwr][INFO] - 	History (loss, centralized):
[2025-01-07 12:42:50,817][flwr][INFO] - 		round 0: 182.28948831558228
[2025-01-07 12:42:50,817][flwr][INFO] - 		round 1: 6.094912494649179
[2025-01-07 12:42:50,817][flwr][INFO] - 		round 2: 4.447256423798535
[2025-01-07 12:42:50,817][flwr][INFO] - 		round 3: 3.7026468507119716
[2025-01-07 12:42:50,817][flwr][INFO] - 		round 4: 3.574046215051112
[2025-01-07 12:42:50,817][flwr][INFO] - 		round 5: 3.7910554761312865
[2025-01-07 12:42:50,817][flwr][INFO] - 	History (metrics, centralized):
[2025-01-07 12:42:50,818][flwr][INFO] - 	{'accuracy': [(0, 0.0878),
[2025-01-07 12:42:50,818][flwr][INFO] - 	              (1, 0.9776),
[2025-01-07 12:42:50,818][flwr][INFO] - 	              (2, 0.9846),
[2025-01-07 12:42:50,818][flwr][INFO] - 	              (3, 0.9876),
[2025-01-07 12:42:50,818][flwr][INFO] - 	              (4, 0.9889),
[2025-01-07 12:42:50,818][flwr][INFO] - 	              (5, 0.9902)]}
[2025-01-07 12:42:50,818][flwr][INFO] - 
