[2025-01-29 12:43:09,673][numexpr.utils][INFO] - Note: NumExpr detected 12 cores but "NUMEXPR_MAX_THREADS" not set, so enforcing safe limit of 8.
[2025-01-29 12:43:09,673][numexpr.utils][INFO] - NumExpr defaulting to 8 threads.
[2025-01-29 12:43:13,669][flwr][INFO] - Starting Flower simulation, config: num_rounds=10, no round_timeout
[2025-01-29 12:43:13,717][filelock][INFO] - Lock 125101473683248 acquired on /tmp/ray/session_2025-01-29_12-43-13_716769_90200/node_ip_address.json.lock
[2025-01-29 12:43:13,717][filelock][INFO] - Lock 125101473683248 released on /tmp/ray/session_2025-01-29_12-43-13_716769_90200/node_ip_address.json.lock
[2025-01-29 12:43:13,721][filelock][INFO] - Lock 125101473683632 acquired on /tmp/ray/session_2025-01-29_12-43-13_716769_90200/ports_by_node.json.lock
[2025-01-29 12:43:13,721][filelock][INFO] - Lock 125101473683632 released on /tmp/ray/session_2025-01-29_12-43-13_716769_90200/ports_by_node.json.lock
[2025-01-29 12:43:13,721][filelock][INFO] - Lock 125101473683152 acquired on /tmp/ray/session_2025-01-29_12-43-13_716769_90200/ports_by_node.json.lock
[2025-01-29 12:43:13,721][filelock][INFO] - Lock 125101473683152 released on /tmp/ray/session_2025-01-29_12-43-13_716769_90200/ports_by_node.json.lock
[2025-01-29 12:43:13,721][filelock][INFO] - Lock 125101473682912 acquired on /tmp/ray/session_2025-01-29_12-43-13_716769_90200/ports_by_node.json.lock
[2025-01-29 12:43:13,721][filelock][INFO] - Lock 125101473682912 released on /tmp/ray/session_2025-01-29_12-43-13_716769_90200/ports_by_node.json.lock
[2025-01-29 12:43:13,721][filelock][INFO] - Lock 125101464661344 acquired on /tmp/ray/session_2025-01-29_12-43-13_716769_90200/ports_by_node.json.lock
[2025-01-29 12:43:13,722][filelock][INFO] - Lock 125101464661344 released on /tmp/ray/session_2025-01-29_12-43-13_716769_90200/ports_by_node.json.lock
[2025-01-29 12:43:13,722][filelock][INFO] - Lock 125101464660288 acquired on /tmp/ray/session_2025-01-29_12-43-13_716769_90200/ports_by_node.json.lock
[2025-01-29 12:43:13,722][filelock][INFO] - Lock 125101464660288 released on /tmp/ray/session_2025-01-29_12-43-13_716769_90200/ports_by_node.json.lock
[2025-01-29 12:43:15,814][flwr][INFO] - Flower VCE: Ray initialized with resources: {'object_store_memory': 1972393574.0, 'memory': 3944787150.0, 'CPU': 12.0, 'node:192.168.1.11': 1.0, 'node:__internal_head__': 1.0}
[2025-01-29 12:43:15,814][flwr][INFO] - Optimize your simulation with Flower VCE: https://flower.ai/docs/framework/how-to-run-simulations.html
[2025-01-29 12:43:15,814][flwr][INFO] - Flower VCE: Resources for each Virtual Client: {'num_cpus': 2, 'num_gpus': 0}
[2025-01-29 12:43:15,823][flwr][INFO] - Flower VCE: Creating VirtualClientEngineActorPool with 6 actors
[2025-01-29 12:43:15,824][flwr][INFO] - [INIT]
[2025-01-29 12:43:15,824][flwr][INFO] - Requesting initial parameters from one random client
[2025-01-29 12:43:18,175][flwr][INFO] - Received initial parameters from one random client
[2025-01-29 12:43:18,175][flwr][INFO] - Starting evaluation of initial global parameters
[2025-01-29 12:43:38,453][flwr][INFO] - initial parameters (loss, other metrics): 22678.292656183243, {'accuracy': 0.22887320567280678}
[2025-01-29 12:43:38,453][flwr][INFO] - 
[2025-01-29 12:43:38,454][flwr][INFO] - [ROUND 1]
[2025-01-29 12:43:38,454][flwr][INFO] - configure_fit: strategy sampled 2 clients (out of 10)
[2025-01-29 12:43:47,634][flwr][INFO] - aggregate_fit: received 2 results and 0 failures
[2025-01-29 12:43:47,639][flwr][WARNING] - No fit_metrics_aggregation_fn provided
[2025-01-29 12:44:08,208][flwr][INFO] - fit progress: (1, 4742.426825970411, {'accuracy': 0.8036188594935131}, 29.754966319999767)
[2025-01-29 12:44:08,209][flwr][INFO] - configure_evaluate: strategy sampled 2 clients (out of 10)
[2025-01-29 12:44:10,212][flwr][INFO] - aggregate_evaluate: received 2 results and 0 failures
[2025-01-29 12:44:10,212][flwr][WARNING] - No evaluate_metrics_aggregation_fn provided
[2025-01-29 12:44:10,212][flwr][INFO] - 
[2025-01-29 12:44:10,212][flwr][INFO] - [ROUND 2]
[2025-01-29 12:44:10,213][flwr][INFO] - configure_fit: strategy sampled 2 clients (out of 10)
[2025-01-29 12:44:21,869][flwr][INFO] - aggregate_fit: received 2 results and 0 failures
[2025-01-29 12:44:41,921][flwr][INFO] - fit progress: (2, 4073.9359797909856, {'accuracy': 0.8182227890341078}, 63.46784942300019)
[2025-01-29 12:44:41,922][flwr][INFO] - configure_evaluate: strategy sampled 2 clients (out of 10)
[2025-01-29 12:44:44,023][flwr][INFO] - aggregate_evaluate: received 2 results and 0 failures
[2025-01-29 12:44:44,023][flwr][INFO] - 
[2025-01-29 12:44:44,024][flwr][INFO] - [ROUND 3]
[2025-01-29 12:44:44,024][flwr][INFO] - configure_fit: strategy sampled 2 clients (out of 10)
[2025-01-29 12:45:00,420][flwr][INFO] - aggregate_fit: received 2 results and 0 failures
[2025-01-29 12:45:21,095][flwr][INFO] - fit progress: (3, 3880.402723751962, {'accuracy': 0.835132854526451}, 102.64200570000048)
[2025-01-29 12:45:21,096][flwr][INFO] - configure_evaluate: strategy sampled 2 clients (out of 10)
[2025-01-29 12:45:22,106][flwr][INFO] - aggregate_evaluate: received 2 results and 0 failures
[2025-01-29 12:45:22,106][flwr][INFO] - 
[2025-01-29 12:45:22,106][flwr][INFO] - [ROUND 4]
[2025-01-29 12:45:22,107][flwr][INFO] - configure_fit: strategy sampled 2 clients (out of 10)
[2025-01-29 12:45:29,389][flwr][INFO] - aggregate_fit: received 2 results and 0 failures
[2025-01-29 12:45:49,068][flwr][INFO] - fit progress: (4, 3814.2997859045863, {'accuracy': 0.8370746114089005}, 130.61472164099996)
[2025-01-29 12:45:49,069][flwr][INFO] - configure_evaluate: strategy sampled 2 clients (out of 10)
[2025-01-29 12:45:50,065][flwr][INFO] - aggregate_evaluate: received 2 results and 0 failures
[2025-01-29 12:45:50,065][flwr][INFO] - 
[2025-01-29 12:45:50,065][flwr][INFO] - [ROUND 5]
[2025-01-29 12:45:50,065][flwr][INFO] - configure_fit: strategy sampled 2 clients (out of 10)
[2025-01-29 12:45:57,382][flwr][INFO] - aggregate_fit: received 2 results and 0 failures
[2025-01-29 12:46:17,468][flwr][INFO] - fit progress: (5, 3750.2127569168806, {'accuracy': 0.8380143258507772}, 159.01441157000045)
[2025-01-29 12:46:17,468][flwr][INFO] - configure_evaluate: strategy sampled 2 clients (out of 10)
[2025-01-29 12:46:18,379][flwr][INFO] - aggregate_evaluate: received 2 results and 0 failures
[2025-01-29 12:46:18,379][flwr][INFO] - 
[2025-01-29 12:46:18,379][flwr][INFO] - [ROUND 6]
[2025-01-29 12:46:18,379][flwr][INFO] - configure_fit: strategy sampled 2 clients (out of 10)
[2025-01-29 12:46:44,352][flwr][INFO] - aggregate_fit: received 2 results and 0 failures
[2025-01-29 12:47:05,960][flwr][INFO] - fit progress: (6, 3644.240107089281, {'accuracy': 0.8408622359450363}, 207.50680713600013)
[2025-01-29 12:47:05,961][flwr][INFO] - configure_evaluate: strategy sampled 2 clients (out of 10)
[2025-01-29 12:47:06,465][flwr][INFO] - aggregate_evaluate: received 2 results and 0 failures
[2025-01-29 12:47:06,465][flwr][INFO] - 
[2025-01-29 12:47:06,465][flwr][INFO] - [ROUND 7]
[2025-01-29 12:47:06,466][flwr][INFO] - configure_fit: strategy sampled 2 clients (out of 10)
[2025-01-29 12:47:24,938][flwr][INFO] - aggregate_fit: received 2 results and 0 failures
[2025-01-29 12:47:44,896][flwr][INFO] - fit progress: (7, 3598.1109892241657, {'accuracy': 0.8414855159319954}, 246.4422605640002)
[2025-01-29 12:47:44,896][flwr][INFO] - configure_evaluate: strategy sampled 2 clients (out of 10)
[2025-01-29 12:47:45,832][flwr][INFO] - aggregate_evaluate: received 2 results and 0 failures
[2025-01-29 12:47:45,832][flwr][INFO] - 
[2025-01-29 12:47:45,832][flwr][INFO] - [ROUND 8]
[2025-01-29 12:47:45,833][flwr][INFO] - configure_fit: strategy sampled 2 clients (out of 10)
[2025-01-29 12:48:02,626][flwr][INFO] - aggregate_fit: received 2 results and 0 failures
[2025-01-29 12:48:22,269][flwr][INFO] - fit progress: (8, 3529.7717018052936, {'accuracy': 0.8529346898462896}, 283.8155145290002)
[2025-01-29 12:48:22,269][flwr][INFO] - configure_evaluate: strategy sampled 2 clients (out of 10)
[2025-01-29 12:48:23,197][flwr][INFO] - aggregate_evaluate: received 2 results and 0 failures
[2025-01-29 12:48:23,197][flwr][INFO] - 
[2025-01-29 12:48:23,197][flwr][INFO] - [ROUND 9]
[2025-01-29 12:48:23,197][flwr][INFO] - configure_fit: strategy sampled 2 clients (out of 10)
[2025-01-29 12:48:34,365][flwr][INFO] - aggregate_fit: received 2 results and 0 failures
[2025-01-29 12:48:53,610][flwr][INFO] - fit progress: (9, 3508.547643009573, {'accuracy': 0.8493388437676795}, 315.1560745280003)
[2025-01-29 12:48:53,610][flwr][INFO] - configure_evaluate: strategy sampled 2 clients (out of 10)
[2025-01-29 12:48:55,534][flwr][INFO] - aggregate_evaluate: received 2 results and 0 failures
[2025-01-29 12:48:55,535][flwr][INFO] - 
[2025-01-29 12:48:55,535][flwr][INFO] - [ROUND 10]
[2025-01-29 12:48:55,535][flwr][INFO] - configure_fit: strategy sampled 2 clients (out of 10)
[2025-01-29 12:49:09,170][flwr][INFO] - aggregate_fit: received 2 results and 0 failures
[2025-01-29 12:49:30,241][flwr][INFO] - fit progress: (10, 3505.759919865057, {'accuracy': 0.8461936770642554}, 351.78731813800005)
[2025-01-29 12:49:30,241][flwr][INFO] - configure_evaluate: strategy sampled 2 clients (out of 10)
[2025-01-29 12:49:31,760][flwr][INFO] - aggregate_evaluate: received 2 results and 0 failures
[2025-01-29 12:49:31,760][flwr][INFO] - 
[2025-01-29 12:49:31,760][flwr][INFO] - [SUMMARY]
[2025-01-29 12:49:31,760][flwr][INFO] - Run finished 10 round(s) in 353.31s
[2025-01-29 12:49:31,760][flwr][INFO] - 	History (loss, distributed):
[2025-01-29 12:49:31,761][flwr][INFO] - 		round 1: 527.6736291513216
[2025-01-29 12:49:31,761][flwr][INFO] - 		round 2: 393.97836691120995
[2025-01-29 12:49:31,761][flwr][INFO] - 		round 3: 155.7505818079208
[2025-01-29 12:49:31,761][flwr][INFO] - 		round 4: 164.41911897213194
[2025-01-29 12:49:31,761][flwr][INFO] - 		round 5: 153.95269529901023
[2025-01-29 12:49:31,761][flwr][INFO] - 		round 6: 27.1350539319572
[2025-01-29 12:49:31,761][flwr][INFO] - 		round 7: 145.10475154706964
[2025-01-29 12:49:31,761][flwr][INFO] - 		round 8: 146.67727107737423
[2025-01-29 12:49:31,761][flwr][INFO] - 		round 9: 284.6918789330186
[2025-01-29 12:49:31,761][flwr][INFO] - 		round 10: 246.37570471432474
[2025-01-29 12:49:31,761][flwr][INFO] - 	History (loss, centralized):
[2025-01-29 12:49:31,761][flwr][INFO] - 		round 0: 22678.292656183243
[2025-01-29 12:49:31,761][flwr][INFO] - 		round 1: 4742.426825970411
[2025-01-29 12:49:31,761][flwr][INFO] - 		round 2: 4073.9359797909856
[2025-01-29 12:49:31,761][flwr][INFO] - 		round 3: 3880.402723751962
[2025-01-29 12:49:31,761][flwr][INFO] - 		round 4: 3814.2997859045863
[2025-01-29 12:49:31,761][flwr][INFO] - 		round 5: 3750.2127569168806
[2025-01-29 12:49:31,761][flwr][INFO] - 		round 6: 3644.240107089281
[2025-01-29 12:49:31,761][flwr][INFO] - 		round 7: 3598.1109892241657
[2025-01-29 12:49:31,761][flwr][INFO] - 		round 8: 3529.7717018052936
[2025-01-29 12:49:31,761][flwr][INFO] - 		round 9: 3508.547643009573
[2025-01-29 12:49:31,761][flwr][INFO] - 		round 10: 3505.759919865057
[2025-01-29 12:49:31,761][flwr][INFO] - 	History (metrics, centralized):
[2025-01-29 12:49:31,761][flwr][INFO] - 	{'accuracy': [(0, 0.22887320567280678),
[2025-01-29 12:49:31,761][flwr][INFO] - 	              (1, 0.8036188594935131),
[2025-01-29 12:49:31,761][flwr][INFO] - 	              (2, 0.8182227890341078),
[2025-01-29 12:49:31,761][flwr][INFO] - 	              (3, 0.835132854526451),
[2025-01-29 12:49:31,762][flwr][INFO] - 	              (4, 0.8370746114089005),
[2025-01-29 12:49:31,762][flwr][INFO] - 	              (5, 0.8380143258507772),
[2025-01-29 12:49:31,762][flwr][INFO] - 	              (6, 0.8408622359450363),
[2025-01-29 12:49:31,762][flwr][INFO] - 	              (7, 0.8414855159319954),
[2025-01-29 12:49:31,762][flwr][INFO] - 	              (8, 0.8529346898462896),
[2025-01-29 12:49:31,762][flwr][INFO] - 	              (9, 0.8493388437676795),
[2025-01-29 12:49:31,762][flwr][INFO] - 	              (10, 0.8461936770642554)]}
[2025-01-29 12:49:31,762][flwr][INFO] - 
