[2024-12-31 23:43:07,011][flwr][INFO] - Starting Flower simulation, config: num_rounds=10, no round_timeout
[2024-12-31 23:43:10,551][flwr][INFO] - Flower VCE: Ray initialized with resources: {'node:192.168.1.11': 1.0, 'CPU': 12.0, 'node:__internal_head__': 1.0, 'object_store_memory': 3203008512.0, 'memory': 6406017024.0}
[2024-12-31 23:43:10,551][flwr][INFO] - Optimize your simulation with Flower VCE: https://flower.ai/docs/framework/how-to-run-simulations.html
[2024-12-31 23:43:10,551][flwr][INFO] - Flower VCE: Resources for each Virtual Client: {'num_cpus': 2, 'num_gpus': 0}
[2024-12-31 23:43:10,565][flwr][INFO] - Flower VCE: Creating VirtualClientEngineActorPool with 6 actors
[2024-12-31 23:43:10,565][flwr][INFO] - [INIT]
[2024-12-31 23:43:10,565][flwr][INFO] - Using initial global parameters provided by strategy
[2024-12-31 23:43:10,565][flwr][INFO] - Starting evaluation of initial global parameters
[2024-12-31 23:43:13,797][flwr][INFO] - initial parameters (loss, other metrics): 182.05603408813477, {'accuracy': 0.0782}
[2024-12-31 23:43:13,797][flwr][INFO] - 
[2024-12-31 23:43:13,798][flwr][INFO] - [ROUND 1]
[2024-12-31 23:43:13,801][flwr][INFO] - configure_fit: strategy sampled 2 clients (out of 10)
[2024-12-31 23:43:25,750][flwr][INFO] - aggregate_fit: received 2 results and 0 failures
[2024-12-31 23:43:28,280][flwr][WARNING] - No fit_metrics_aggregation_fn provided
[2024-12-31 23:43:30,024][flwr][INFO] - fit progress: (1, 182.0962884426117, {'accuracy': 0.0712}, 16.226596546999644)
[2024-12-31 23:43:30,024][flwr][INFO] - configure_evaluate: strategy sampled 5 clients (out of 10)
[2024-12-31 23:43:33,938][flwr][INFO] - aggregate_evaluate: received 5 results and 0 failures
[2024-12-31 23:43:33,939][flwr][WARNING] - No evaluate_metrics_aggregation_fn provided
[2024-12-31 23:43:33,939][flwr][INFO] - 
[2024-12-31 23:43:33,939][flwr][INFO] - [ROUND 2]
[2024-12-31 23:43:33,943][flwr][INFO] - configure_fit: strategy sampled 2 clients (out of 10)
[2024-12-31 23:43:43,383][flwr][INFO] - aggregate_fit: received 2 results and 0 failures
[2024-12-31 23:43:47,584][flwr][INFO] - fit progress: (2, 182.11306524276733, {'accuracy': 0.0612}, 33.786505723997834)
[2024-12-31 23:43:47,584][flwr][INFO] - configure_evaluate: strategy sampled 5 clients (out of 10)
[2024-12-31 23:43:48,291][flwr][INFO] - aggregate_evaluate: received 5 results and 0 failures
[2024-12-31 23:43:48,291][flwr][INFO] - 
[2024-12-31 23:43:48,292][flwr][INFO] - [ROUND 3]
[2024-12-31 23:43:48,296][flwr][INFO] - configure_fit: strategy sampled 2 clients (out of 10)
[2024-12-31 23:43:57,832][flwr][INFO] - aggregate_fit: received 2 results and 0 failures
[2024-12-31 23:44:01,687][flwr][INFO] - fit progress: (3, nan, {'accuracy': 0.098}, 47.88960538999527)
[2024-12-31 23:44:01,687][flwr][INFO] - configure_evaluate: strategy sampled 5 clients (out of 10)
[2024-12-31 23:44:02,382][flwr][INFO] - aggregate_evaluate: received 5 results and 0 failures
[2024-12-31 23:44:02,382][flwr][INFO] - 
[2024-12-31 23:44:02,382][flwr][INFO] - [ROUND 4]
[2024-12-31 23:44:02,386][flwr][INFO] - configure_fit: strategy sampled 2 clients (out of 10)
[2024-12-31 23:44:11,856][flwr][INFO] - aggregate_fit: received 2 results and 0 failures
[2024-12-31 23:44:15,884][flwr][INFO] - fit progress: (4, nan, {'accuracy': 0.098}, 62.08616948699637)
[2024-12-31 23:44:15,884][flwr][INFO] - configure_evaluate: strategy sampled 5 clients (out of 10)
[2024-12-31 23:44:16,649][flwr][INFO] - aggregate_evaluate: received 5 results and 0 failures
[2024-12-31 23:44:16,650][flwr][INFO] - 
[2024-12-31 23:44:16,650][flwr][INFO] - [ROUND 5]
[2024-12-31 23:44:16,654][flwr][INFO] - configure_fit: strategy sampled 2 clients (out of 10)
[2024-12-31 23:44:26,096][flwr][INFO] - aggregate_fit: received 2 results and 0 failures
[2024-12-31 23:44:29,703][flwr][INFO] - fit progress: (5, nan, {'accuracy': 0.098}, 75.90516669399949)
[2024-12-31 23:44:29,703][flwr][INFO] - configure_evaluate: strategy sampled 5 clients (out of 10)
[2024-12-31 23:44:30,491][flwr][INFO] - aggregate_evaluate: received 5 results and 0 failures
[2024-12-31 23:44:30,491][flwr][INFO] - 
[2024-12-31 23:44:30,491][flwr][INFO] - [ROUND 6]
[2024-12-31 23:44:30,494][flwr][INFO] - configure_fit: strategy sampled 2 clients (out of 10)
[2024-12-31 23:44:39,724][flwr][INFO] - aggregate_fit: received 2 results and 0 failures
[2024-12-31 23:44:43,171][flwr][INFO] - fit progress: (6, nan, {'accuracy': 0.098}, 89.37341447899962)
[2024-12-31 23:44:43,171][flwr][INFO] - configure_evaluate: strategy sampled 5 clients (out of 10)
[2024-12-31 23:44:43,907][flwr][INFO] - aggregate_evaluate: received 5 results and 0 failures
[2024-12-31 23:44:43,908][flwr][INFO] - 
[2024-12-31 23:44:43,908][flwr][INFO] - [ROUND 7]
[2024-12-31 23:44:43,911][flwr][INFO] - configure_fit: strategy sampled 2 clients (out of 10)
[2024-12-31 23:44:53,341][flwr][INFO] - aggregate_fit: received 2 results and 0 failures
[2024-12-31 23:44:57,269][flwr][INFO] - fit progress: (7, nan, {'accuracy': 0.098}, 103.47112042600202)
[2024-12-31 23:44:57,269][flwr][INFO] - configure_evaluate: strategy sampled 5 clients (out of 10)
[2024-12-31 23:44:58,075][flwr][INFO] - aggregate_evaluate: received 5 results and 0 failures
[2024-12-31 23:44:58,075][flwr][INFO] - 
[2024-12-31 23:44:58,075][flwr][INFO] - [ROUND 8]
[2024-12-31 23:44:58,080][flwr][INFO] - configure_fit: strategy sampled 2 clients (out of 10)
[2024-12-31 23:45:07,458][flwr][INFO] - aggregate_fit: received 2 results and 0 failures
[2024-12-31 23:45:11,830][flwr][INFO] - fit progress: (8, nan, {'accuracy': 0.098}, 118.03265254200232)
[2024-12-31 23:45:11,831][flwr][INFO] - configure_evaluate: strategy sampled 5 clients (out of 10)
[2024-12-31 23:45:12,637][flwr][INFO] - aggregate_evaluate: received 5 results and 0 failures
[2024-12-31 23:45:12,637][flwr][INFO] - 
[2024-12-31 23:45:12,638][flwr][INFO] - [ROUND 9]
[2024-12-31 23:45:12,644][flwr][INFO] - configure_fit: strategy sampled 2 clients (out of 10)
[2024-12-31 23:45:21,298][flwr][INFO] - aggregate_fit: received 2 results and 0 failures
[2024-12-31 23:45:24,991][flwr][INFO] - fit progress: (9, nan, {'accuracy': 0.098}, 131.19303750000108)
[2024-12-31 23:45:24,991][flwr][INFO] - configure_evaluate: strategy sampled 5 clients (out of 10)
[2024-12-31 23:45:25,785][flwr][INFO] - aggregate_evaluate: received 5 results and 0 failures
[2024-12-31 23:45:25,786][flwr][INFO] - 
[2024-12-31 23:45:25,786][flwr][INFO] - [ROUND 10]
[2024-12-31 23:45:25,789][flwr][INFO] - configure_fit: strategy sampled 2 clients (out of 10)
[2024-12-31 23:45:35,343][flwr][INFO] - aggregate_fit: received 2 results and 0 failures
[2024-12-31 23:45:38,767][flwr][INFO] - fit progress: (10, nan, {'accuracy': 0.098}, 144.96999674499966)
[2024-12-31 23:45:38,768][flwr][INFO] - configure_evaluate: strategy sampled 5 clients (out of 10)
[2024-12-31 23:45:39,593][flwr][INFO] - aggregate_evaluate: received 5 results and 0 failures
[2024-12-31 23:45:39,593][flwr][INFO] - 
[2024-12-31 23:45:39,593][flwr][INFO] - [SUMMARY]
[2024-12-31 23:45:39,593][flwr][INFO] - Run finished 10 round(s) in 145.80s
[2024-12-31 23:45:39,594][flwr][INFO] - 	History (loss, distributed):
[2024-12-31 23:45:39,594][flwr][INFO] - 		round 1: 43.800569200515746
[2024-12-31 23:45:39,594][flwr][INFO] - 		round 2: 43.826108360290526
[2024-12-31 23:45:39,594][flwr][INFO] - 		round 3: nan
[2024-12-31 23:45:39,594][flwr][INFO] - 		round 4: nan
[2024-12-31 23:45:39,594][flwr][INFO] - 		round 5: nan
[2024-12-31 23:45:39,594][flwr][INFO] - 		round 6: nan
[2024-12-31 23:45:39,594][flwr][INFO] - 		round 7: nan
[2024-12-31 23:45:39,594][flwr][INFO] - 		round 8: nan
[2024-12-31 23:45:39,594][flwr][INFO] - 		round 9: nan
[2024-12-31 23:45:39,594][flwr][INFO] - 		round 10: nan
[2024-12-31 23:45:39,594][flwr][INFO] - 	History (loss, centralized):
[2024-12-31 23:45:39,594][flwr][INFO] - 		round 0: 182.05603408813477
[2024-12-31 23:45:39,594][flwr][INFO] - 		round 1: 182.0962884426117
[2024-12-31 23:45:39,594][flwr][INFO] - 		round 2: 182.11306524276733
[2024-12-31 23:45:39,594][flwr][INFO] - 		round 3: nan
[2024-12-31 23:45:39,595][flwr][INFO] - 		round 4: nan
[2024-12-31 23:45:39,595][flwr][INFO] - 		round 5: nan
[2024-12-31 23:45:39,595][flwr][INFO] - 		round 6: nan
[2024-12-31 23:45:39,595][flwr][INFO] - 		round 7: nan
[2024-12-31 23:45:39,595][flwr][INFO] - 		round 8: nan
[2024-12-31 23:45:39,595][flwr][INFO] - 		round 9: nan
[2024-12-31 23:45:39,595][flwr][INFO] - 		round 10: nan
[2024-12-31 23:45:39,595][flwr][INFO] - 	History (metrics, centralized):
[2024-12-31 23:45:39,595][flwr][INFO] - 	{'accuracy': [(0, 0.0782),
[2024-12-31 23:45:39,595][flwr][INFO] - 	              (1, 0.0712),
[2024-12-31 23:45:39,595][flwr][INFO] - 	              (2, 0.0612),
[2024-12-31 23:45:39,595][flwr][INFO] - 	              (3, 0.098),
[2024-12-31 23:45:39,595][flwr][INFO] - 	              (4, 0.098),
[2024-12-31 23:45:39,595][flwr][INFO] - 	              (5, 0.098),
[2024-12-31 23:45:39,595][flwr][INFO] - 	              (6, 0.098),
[2024-12-31 23:45:39,595][flwr][INFO] - 	              (7, 0.098),
[2024-12-31 23:45:39,595][flwr][INFO] - 	              (8, 0.098),
[2024-12-31 23:45:39,596][flwr][INFO] - 	              (9, 0.098),
[2024-12-31 23:45:39,596][flwr][INFO] - 	              (10, 0.098)]}
[2024-12-31 23:45:39,596][flwr][INFO] - 
