[2025-01-07 18:31:21,587][flwr][INFO] - Starting Flower simulation, config: num_rounds=10, no round_timeout
[2025-01-07 18:31:24,955][flwr][INFO] - Flower VCE: Ray initialized with resources: {'node:__internal_head__': 1.0, 'memory': 6356565198.0, 'object_store_memory': 3178282598.0, 'CPU': 12.0, 'node:192.168.1.11': 1.0}
[2025-01-07 18:31:24,955][flwr][INFO] - Optimize your simulation with Flower VCE: https://flower.ai/docs/framework/how-to-run-simulations.html
[2025-01-07 18:31:24,955][flwr][INFO] - Flower VCE: Resources for each Virtual Client: {'num_cpus': 2, 'num_gpus': 0}
[2025-01-07 18:31:24,964][flwr][INFO] - Flower VCE: Creating VirtualClientEngineActorPool with 6 actors
[2025-01-07 18:31:24,965][flwr][INFO] - [INIT]
[2025-01-07 18:31:24,965][flwr][INFO] - Requesting initial parameters from one random client
[2025-01-07 18:31:27,628][flwr][INFO] - Received initial parameters from one random client
[2025-01-07 18:31:27,628][flwr][INFO] - Starting evaluation of initial global parameters
[2025-01-07 18:31:29,337][flwr][INFO] - initial parameters (loss, other metrics): 181.85740780830383, {'accuracy': 0.0922}
[2025-01-07 18:31:29,337][flwr][INFO] - 
[2025-01-07 18:31:29,337][flwr][INFO] - [ROUND 1]
[2025-01-07 18:31:29,337][flwr][INFO] - configure_fit: strategy sampled 2 clients (out of 20)
[2025-01-07 18:31:36,023][flwr][INFO] - aggregate_fit: received 2 results and 0 failures
[2025-01-07 18:31:36,026][flwr][WARNING] - No fit_metrics_aggregation_fn provided
[2025-01-07 18:31:37,412][flwr][INFO] - fit progress: (1, 11.03480602428317, {'accuracy': 0.9562}, 8.074806060998526)
[2025-01-07 18:31:37,412][flwr][INFO] - configure_evaluate: strategy sampled 3 clients (out of 20)
[2025-01-07 18:31:39,561][flwr][INFO] - aggregate_evaluate: received 3 results and 0 failures
[2025-01-07 18:31:39,562][flwr][WARNING] - No evaluate_metrics_aggregation_fn provided
[2025-01-07 18:31:39,562][flwr][INFO] - 
[2025-01-07 18:31:39,562][flwr][INFO] - [ROUND 2]
[2025-01-07 18:31:39,562][flwr][INFO] - configure_fit: strategy sampled 2 clients (out of 20)
[2025-01-07 18:31:43,974][flwr][INFO] - aggregate_fit: received 2 results and 0 failures
[2025-01-07 18:31:45,338][flwr][INFO] - fit progress: (2, 7.54839869675925, {'accuracy': 0.9721}, 16.001434769998014)
[2025-01-07 18:31:45,339][flwr][INFO] - configure_evaluate: strategy sampled 3 clients (out of 20)
[2025-01-07 18:31:45,781][flwr][INFO] - aggregate_evaluate: received 3 results and 0 failures
[2025-01-07 18:31:45,781][flwr][INFO] - 
[2025-01-07 18:31:45,781][flwr][INFO] - [ROUND 3]
[2025-01-07 18:31:45,782][flwr][INFO] - configure_fit: strategy sampled 2 clients (out of 20)
[2025-01-07 18:31:50,417][flwr][INFO] - aggregate_fit: received 2 results and 0 failures
[2025-01-07 18:31:51,675][flwr][INFO] - fit progress: (3, 6.173920200035354, {'accuracy': 0.9773}, 22.338105046997953)
[2025-01-07 18:31:51,675][flwr][INFO] - configure_evaluate: strategy sampled 3 clients (out of 20)
[2025-01-07 18:31:52,128][flwr][INFO] - aggregate_evaluate: received 3 results and 0 failures
[2025-01-07 18:31:52,128][flwr][INFO] - 
[2025-01-07 18:31:52,128][flwr][INFO] - [ROUND 4]
[2025-01-07 18:31:52,129][flwr][INFO] - configure_fit: strategy sampled 2 clients (out of 20)
[2025-01-07 18:31:56,625][flwr][INFO] - aggregate_fit: received 2 results and 0 failures
[2025-01-07 18:31:58,147][flwr][INFO] - fit progress: (4, 5.223348546402121, {'accuracy': 0.9814}, 28.810094705004303)
[2025-01-07 18:31:58,147][flwr][INFO] - configure_evaluate: strategy sampled 3 clients (out of 20)
[2025-01-07 18:31:58,542][flwr][INFO] - aggregate_evaluate: received 3 results and 0 failures
[2025-01-07 18:31:58,542][flwr][INFO] - 
[2025-01-07 18:31:58,542][flwr][INFO] - [ROUND 5]
[2025-01-07 18:31:58,542][flwr][INFO] - configure_fit: strategy sampled 2 clients (out of 20)
[2025-01-07 18:32:03,060][flwr][INFO] - aggregate_fit: received 2 results and 0 failures
[2025-01-07 18:32:04,786][flwr][INFO] - fit progress: (5, 4.790698319257899, {'accuracy': 0.9836}, 35.448537469004805)
[2025-01-07 18:32:04,786][flwr][INFO] - configure_evaluate: strategy sampled 3 clients (out of 20)
[2025-01-07 18:32:05,149][flwr][INFO] - aggregate_evaluate: received 3 results and 0 failures
[2025-01-07 18:32:05,149][flwr][INFO] - 
[2025-01-07 18:32:05,149][flwr][INFO] - [ROUND 6]
[2025-01-07 18:32:05,150][flwr][INFO] - configure_fit: strategy sampled 2 clients (out of 20)
[2025-01-07 18:32:09,571][flwr][INFO] - aggregate_fit: received 2 results and 0 failures
[2025-01-07 18:32:11,020][flwr][INFO] - fit progress: (6, 4.286061512108972, {'accuracy': 0.9853}, 41.68320855699858)
[2025-01-07 18:32:11,021][flwr][INFO] - configure_evaluate: strategy sampled 3 clients (out of 20)
[2025-01-07 18:32:11,438][flwr][INFO] - aggregate_evaluate: received 3 results and 0 failures
[2025-01-07 18:32:11,439][flwr][INFO] - 
[2025-01-07 18:32:11,439][flwr][INFO] - [ROUND 7]
[2025-01-07 18:32:11,439][flwr][INFO] - configure_fit: strategy sampled 2 clients (out of 20)
[2025-01-07 18:32:15,987][flwr][INFO] - aggregate_fit: received 2 results and 0 failures
[2025-01-07 18:32:17,786][flwr][INFO] - fit progress: (7, 4.316533560060634, {'accuracy': 0.9861}, 48.44898404600099)
[2025-01-07 18:32:17,786][flwr][INFO] - configure_evaluate: strategy sampled 3 clients (out of 20)
[2025-01-07 18:32:18,194][flwr][INFO] - aggregate_evaluate: received 3 results and 0 failures
[2025-01-07 18:32:18,194][flwr][INFO] - 
[2025-01-07 18:32:18,194][flwr][INFO] - [ROUND 8]
[2025-01-07 18:32:18,194][flwr][INFO] - configure_fit: strategy sampled 2 clients (out of 20)
[2025-01-07 18:32:22,724][flwr][INFO] - aggregate_fit: received 2 results and 0 failures
[2025-01-07 18:32:24,217][flwr][INFO] - fit progress: (8, 3.9266291899414227, {'accuracy': 0.9863}, 54.87952595599927)
[2025-01-07 18:32:24,217][flwr][INFO] - configure_evaluate: strategy sampled 3 clients (out of 20)
[2025-01-07 18:32:24,626][flwr][INFO] - aggregate_evaluate: received 3 results and 0 failures
[2025-01-07 18:32:24,626][flwr][INFO] - 
[2025-01-07 18:32:24,627][flwr][INFO] - [ROUND 9]
[2025-01-07 18:32:24,627][flwr][INFO] - configure_fit: strategy sampled 2 clients (out of 20)
[2025-01-07 18:32:29,202][flwr][INFO] - aggregate_fit: received 2 results and 0 failures
[2025-01-07 18:32:30,593][flwr][INFO] - fit progress: (9, 3.880806150309354, {'accuracy': 0.9874}, 61.255556780000916)
[2025-01-07 18:32:30,593][flwr][INFO] - configure_evaluate: strategy sampled 3 clients (out of 20)
[2025-01-07 18:32:30,984][flwr][INFO] - aggregate_evaluate: received 3 results and 0 failures
[2025-01-07 18:32:30,984][flwr][INFO] - 
[2025-01-07 18:32:30,984][flwr][INFO] - [ROUND 10]
[2025-01-07 18:32:30,984][flwr][INFO] - configure_fit: strategy sampled 2 clients (out of 20)
[2025-01-07 18:32:35,546][flwr][INFO] - aggregate_fit: received 2 results and 0 failures
[2025-01-07 18:32:36,978][flwr][INFO] - fit progress: (10, 3.380892941726529, {'accuracy': 0.9885}, 67.64077648200328)
[2025-01-07 18:32:36,978][flwr][INFO] - configure_evaluate: strategy sampled 3 clients (out of 20)
[2025-01-07 18:32:37,415][flwr][INFO] - aggregate_evaluate: received 3 results and 0 failures
[2025-01-07 18:32:37,415][flwr][INFO] - 
[2025-01-07 18:32:37,415][flwr][INFO] - [SUMMARY]
[2025-01-07 18:32:37,415][flwr][INFO] - Run finished 10 round(s) in 68.08s
[2025-01-07 18:32:37,416][flwr][INFO] - 	History (loss, distributed):
[2025-01-07 18:32:37,416][flwr][INFO] - 		round 1: 1.3035587190339963
[2025-01-07 18:32:37,416][flwr][INFO] - 		round 2: 1.1854263090838988
[2025-01-07 18:32:37,416][flwr][INFO] - 		round 3: 1.1752220970702183
[2025-01-07 18:32:37,416][flwr][INFO] - 		round 4: 0.8270083401415226
[2025-01-07 18:32:37,416][flwr][INFO] - 		round 5: 1.291270519909934
[2025-01-07 18:32:37,416][flwr][INFO] - 		round 6: 0.7026269771622538
[2025-01-07 18:32:37,416][flwr][INFO] - 		round 7: 1.5706644485683985
[2025-01-07 18:32:37,416][flwr][INFO] - 		round 8: 0.7548237179764783
[2025-01-07 18:32:37,416][flwr][INFO] - 		round 9: 0.5711979149106506
[2025-01-07 18:32:37,416][flwr][INFO] - 		round 10: 0.49314236437627795
[2025-01-07 18:32:37,416][flwr][INFO] - 	History (loss, centralized):
[2025-01-07 18:32:37,416][flwr][INFO] - 		round 0: 181.85740780830383
[2025-01-07 18:32:37,416][flwr][INFO] - 		round 1: 11.03480602428317
[2025-01-07 18:32:37,416][flwr][INFO] - 		round 2: 7.54839869675925
[2025-01-07 18:32:37,416][flwr][INFO] - 		round 3: 6.173920200035354
[2025-01-07 18:32:37,416][flwr][INFO] - 		round 4: 5.223348546402121
[2025-01-07 18:32:37,416][flwr][INFO] - 		round 5: 4.790698319257899
[2025-01-07 18:32:37,416][flwr][INFO] - 		round 6: 4.286061512108972
[2025-01-07 18:32:37,416][flwr][INFO] - 		round 7: 4.316533560060634
[2025-01-07 18:32:37,416][flwr][INFO] - 		round 8: 3.9266291899414227
[2025-01-07 18:32:37,416][flwr][INFO] - 		round 9: 3.880806150309354
[2025-01-07 18:32:37,416][flwr][INFO] - 		round 10: 3.380892941726529
[2025-01-07 18:32:37,416][flwr][INFO] - 	History (metrics, centralized):
[2025-01-07 18:32:37,417][flwr][INFO] - 	{'accuracy': [(0, 0.0922),
[2025-01-07 18:32:37,417][flwr][INFO] - 	              (1, 0.9562),
[2025-01-07 18:32:37,417][flwr][INFO] - 	              (2, 0.9721),
[2025-01-07 18:32:37,417][flwr][INFO] - 	              (3, 0.9773),
[2025-01-07 18:32:37,417][flwr][INFO] - 	              (4, 0.9814),
[2025-01-07 18:32:37,417][flwr][INFO] - 	              (5, 0.9836),
[2025-01-07 18:32:37,417][flwr][INFO] - 	              (6, 0.9853),
[2025-01-07 18:32:37,417][flwr][INFO] - 	              (7, 0.9861),
[2025-01-07 18:32:37,417][flwr][INFO] - 	              (8, 0.9863),
[2025-01-07 18:32:37,417][flwr][INFO] - 	              (9, 0.9874),
[2025-01-07 18:32:37,417][flwr][INFO] - 	              (10, 0.9885)]}
[2025-01-07 18:32:37,417][flwr][INFO] - 
