[2025-01-07 14:48:38,525][flwr][INFO] - Starting Flower simulation, config: num_rounds=5, no round_timeout
[2025-01-07 14:48:41,821][flwr][INFO] - Flower VCE: Ray initialized with resources: {'node:__internal_head__': 1.0, 'CPU': 12.0, 'node:192.168.1.11': 1.0, 'object_store_memory': 3156891648.0, 'memory': 6313783296.0}
[2025-01-07 14:48:41,821][flwr][INFO] - Optimize your simulation with Flower VCE: https://flower.ai/docs/framework/how-to-run-simulations.html
[2025-01-07 14:48:41,821][flwr][INFO] - Flower VCE: Resources for each Virtual Client: {'num_cpus': 2, 'num_gpus': 0}
[2025-01-07 14:48:41,828][flwr][INFO] - Flower VCE: Creating VirtualClientEngineActorPool with 6 actors
[2025-01-07 14:48:41,829][flwr][INFO] - [INIT]
[2025-01-07 14:48:41,829][flwr][INFO] - Requesting initial parameters from one random client
[2025-01-07 14:48:44,537][flwr][INFO] - Received initial parameters from one random client
[2025-01-07 14:48:44,537][flwr][INFO] - Starting evaluation of initial global parameters
[2025-01-07 14:48:46,577][flwr][INFO] - initial parameters (loss, other metrics): 182.00190424919128, {'accuracy': 0.0736}
[2025-01-07 14:48:46,578][flwr][INFO] - 
[2025-01-07 14:48:46,578][flwr][INFO] - [ROUND 1]
[2025-01-07 14:48:46,578][flwr][INFO] - configure_fit: strategy sampled 2 clients (out of 20)
[2025-01-07 14:48:51,454][flwr][INFO] - aggregate_fit: received 2 results and 0 failures
[2025-01-07 14:48:51,461][flwr][WARNING] - No fit_metrics_aggregation_fn provided
[2025-01-07 14:48:53,397][flwr][INFO] - fit progress: (1, 183.94621419906616, {'accuracy': 0.1007}, 6.819114600002649)
[2025-01-07 14:48:53,397][flwr][INFO] - configure_evaluate: strategy sampled 3 clients (out of 20)
[2025-01-07 14:48:55,567][flwr][INFO] - aggregate_evaluate: received 3 results and 0 failures
[2025-01-07 14:48:55,567][flwr][WARNING] - No evaluate_metrics_aggregation_fn provided
[2025-01-07 14:48:55,568][flwr][INFO] - 
[2025-01-07 14:48:55,568][flwr][INFO] - [ROUND 2]
[2025-01-07 14:48:55,568][flwr][INFO] - configure_fit: strategy sampled 2 clients (out of 20)
[2025-01-07 14:48:58,217][flwr][INFO] - aggregate_fit: received 2 results and 0 failures
[2025-01-07 14:48:59,486][flwr][INFO] - fit progress: (2, 134.35895669460297, {'accuracy': 0.4575}, 12.908879923001223)
[2025-01-07 14:48:59,487][flwr][INFO] - configure_evaluate: strategy sampled 3 clients (out of 20)
[2025-01-07 14:48:59,940][flwr][INFO] - aggregate_evaluate: received 3 results and 0 failures
[2025-01-07 14:48:59,940][flwr][INFO] - 
[2025-01-07 14:48:59,940][flwr][INFO] - [ROUND 3]
[2025-01-07 14:48:59,940][flwr][INFO] - configure_fit: strategy sampled 2 clients (out of 20)
[2025-01-07 14:49:02,891][flwr][INFO] - aggregate_fit: received 2 results and 0 failures
[2025-01-07 14:49:04,520][flwr][INFO] - fit progress: (3, 93.5586399435997, {'accuracy': 0.6036}, 17.94233352900119)
[2025-01-07 14:49:04,520][flwr][INFO] - configure_evaluate: strategy sampled 3 clients (out of 20)
[2025-01-07 14:49:04,970][flwr][INFO] - aggregate_evaluate: received 3 results and 0 failures
[2025-01-07 14:49:04,970][flwr][INFO] - 
[2025-01-07 14:49:04,970][flwr][INFO] - [ROUND 4]
[2025-01-07 14:49:04,970][flwr][INFO] - configure_fit: strategy sampled 2 clients (out of 20)
[2025-01-07 14:49:07,637][flwr][INFO] - aggregate_fit: received 2 results and 0 failures
[2025-01-07 14:49:09,192][flwr][INFO] - fit progress: (4, 59.53299102187157, {'accuracy': 0.7682}, 22.614557684002648)
[2025-01-07 14:49:09,192][flwr][INFO] - configure_evaluate: strategy sampled 3 clients (out of 20)
[2025-01-07 14:49:09,550][flwr][INFO] - aggregate_evaluate: received 3 results and 0 failures
[2025-01-07 14:49:09,551][flwr][INFO] - 
[2025-01-07 14:49:09,551][flwr][INFO] - [ROUND 5]
[2025-01-07 14:49:09,551][flwr][INFO] - configure_fit: strategy sampled 2 clients (out of 20)
[2025-01-07 14:49:12,231][flwr][INFO] - aggregate_fit: received 2 results and 0 failures
[2025-01-07 14:49:13,610][flwr][INFO] - fit progress: (5, 197.08343482017517, {'accuracy': 0.0892}, 27.032847649003088)
[2025-01-07 14:49:13,611][flwr][INFO] - configure_evaluate: strategy sampled 3 clients (out of 20)
[2025-01-07 14:49:14,007][flwr][INFO] - aggregate_evaluate: received 3 results and 0 failures
[2025-01-07 14:49:14,007][flwr][INFO] - 
[2025-01-07 14:49:14,007][flwr][INFO] - [SUMMARY]
[2025-01-07 14:49:14,007][flwr][INFO] - Run finished 5 round(s) in 27.43s
[2025-01-07 14:49:14,008][flwr][INFO] - 	History (loss, distributed):
[2025-01-07 14:49:14,008][flwr][INFO] - 		round 1: 23.44776709874471
[2025-01-07 14:49:14,008][flwr][INFO] - 		round 2: 17.265344778696697
[2025-01-07 14:49:14,008][flwr][INFO] - 		round 3: 11.735869506994883
[2025-01-07 14:49:14,008][flwr][INFO] - 		round 4: 7.67667260269324
[2025-01-07 14:49:14,008][flwr][INFO] - 		round 5: 25.138498067855835
[2025-01-07 14:49:14,008][flwr][INFO] - 	History (loss, centralized):
[2025-01-07 14:49:14,008][flwr][INFO] - 		round 0: 182.00190424919128
[2025-01-07 14:49:14,008][flwr][INFO] - 		round 1: 183.94621419906616
[2025-01-07 14:49:14,008][flwr][INFO] - 		round 2: 134.35895669460297
[2025-01-07 14:49:14,008][flwr][INFO] - 		round 3: 93.5586399435997
[2025-01-07 14:49:14,008][flwr][INFO] - 		round 4: 59.53299102187157
[2025-01-07 14:49:14,008][flwr][INFO] - 		round 5: 197.08343482017517
[2025-01-07 14:49:14,008][flwr][INFO] - 	History (metrics, centralized):
[2025-01-07 14:49:14,008][flwr][INFO] - 	{'accuracy': [(0, 0.0736),
[2025-01-07 14:49:14,008][flwr][INFO] - 	              (1, 0.1007),
[2025-01-07 14:49:14,008][flwr][INFO] - 	              (2, 0.4575),
[2025-01-07 14:49:14,008][flwr][INFO] - 	              (3, 0.6036),
[2025-01-07 14:49:14,008][flwr][INFO] - 	              (4, 0.7682),
[2025-01-07 14:49:14,009][flwr][INFO] - 	              (5, 0.0892)]}
[2025-01-07 14:49:14,009][flwr][INFO] - 
