[2025-01-07 14:35:47,253][flwr][INFO] - Starting Flower simulation, config: num_rounds=5, no round_timeout
[2025-01-07 14:35:51,848][flwr][INFO] - Flower VCE: Ray initialized with resources: {'object_store_memory': 3165431808.0, 'memory': 6330863616.0, 'CPU': 12.0, 'node:192.168.1.11': 1.0, 'node:__internal_head__': 1.0}
[2025-01-07 14:35:51,848][flwr][INFO] - Optimize your simulation with Flower VCE: https://flower.ai/docs/framework/how-to-run-simulations.html
[2025-01-07 14:35:51,849][flwr][INFO] - Flower VCE: Resources for each Virtual Client: {'num_cpus': 2, 'num_gpus': 0}
[2025-01-07 14:35:51,854][flwr][INFO] - Flower VCE: Creating VirtualClientEngineActorPool with 6 actors
[2025-01-07 14:35:51,855][flwr][INFO] - [INIT]
[2025-01-07 14:35:51,855][flwr][INFO] - Requesting initial parameters from one random client
[2025-01-07 14:35:54,225][flwr][INFO] - Received initial parameters from one random client
[2025-01-07 14:35:54,226][flwr][INFO] - Starting evaluation of initial global parameters
[2025-01-07 14:35:55,700][flwr][INFO] - initial parameters (loss, other metrics): 182.4796679019928, {'accuracy': 0.0877}
[2025-01-07 14:35:55,701][flwr][INFO] - 
[2025-01-07 14:35:55,701][flwr][INFO] - [ROUND 1]
[2025-01-07 14:35:55,701][flwr][INFO] - configure_fit: strategy sampled 2 clients (out of 20)
[2025-01-07 14:36:01,521][flwr][INFO] - aggregate_fit: received 2 results and 0 failures
[2025-01-07 14:36:01,525][flwr][WARNING] - No fit_metrics_aggregation_fn provided
[2025-01-07 14:36:02,962][flwr][INFO] - fit progress: (1, 182.05405187606812, {'accuracy': 0.1135}, 7.261052537000069)
[2025-01-07 14:36:02,962][flwr][INFO] - configure_evaluate: strategy sampled 3 clients (out of 20)
[2025-01-07 14:36:05,193][flwr][INFO] - aggregate_evaluate: received 3 results and 0 failures
[2025-01-07 14:36:05,193][flwr][WARNING] - No evaluate_metrics_aggregation_fn provided
[2025-01-07 14:36:05,194][flwr][INFO] - 
[2025-01-07 14:36:05,194][flwr][INFO] - [ROUND 2]
[2025-01-07 14:36:05,194][flwr][INFO] - configure_fit: strategy sampled 2 clients (out of 20)
[2025-01-07 14:36:09,042][flwr][INFO] - aggregate_fit: received 2 results and 0 failures
[2025-01-07 14:36:10,294][flwr][INFO] - fit progress: (2, 181.98010063171387, {'accuracy': 0.1135}, 14.593455833000917)
[2025-01-07 14:36:10,294][flwr][INFO] - configure_evaluate: strategy sampled 3 clients (out of 20)
[2025-01-07 14:36:10,733][flwr][INFO] - aggregate_evaluate: received 3 results and 0 failures
[2025-01-07 14:36:10,734][flwr][INFO] - 
[2025-01-07 14:36:10,734][flwr][INFO] - [ROUND 3]
[2025-01-07 14:36:10,734][flwr][INFO] - configure_fit: strategy sampled 2 clients (out of 20)
[2025-01-07 14:36:14,544][flwr][INFO] - aggregate_fit: received 2 results and 0 failures
[2025-01-07 14:36:16,316][flwr][INFO] - fit progress: (3, 181.89475750923157, {'accuracy': 0.1032}, 20.61498543000198)
[2025-01-07 14:36:16,316][flwr][INFO] - configure_evaluate: strategy sampled 3 clients (out of 20)
[2025-01-07 14:36:16,747][flwr][INFO] - aggregate_evaluate: received 3 results and 0 failures
[2025-01-07 14:36:16,747][flwr][INFO] - 
[2025-01-07 14:36:16,747][flwr][INFO] - [ROUND 4]
[2025-01-07 14:36:16,748][flwr][INFO] - configure_fit: strategy sampled 2 clients (out of 20)
[2025-01-07 14:36:20,530][flwr][INFO] - aggregate_fit: received 2 results and 0 failures
[2025-01-07 14:36:21,908][flwr][INFO] - fit progress: (4, 182.1403648853302, {'accuracy': 0.1135}, 26.2076067779999)
[2025-01-07 14:36:21,908][flwr][INFO] - configure_evaluate: strategy sampled 3 clients (out of 20)
[2025-01-07 14:36:22,326][flwr][INFO] - aggregate_evaluate: received 3 results and 0 failures
[2025-01-07 14:36:22,326][flwr][INFO] - 
[2025-01-07 14:36:22,326][flwr][INFO] - [ROUND 5]
[2025-01-07 14:36:22,327][flwr][INFO] - configure_fit: strategy sampled 2 clients (out of 20)
[2025-01-07 14:36:26,247][flwr][INFO] - aggregate_fit: received 2 results and 0 failures
[2025-01-07 14:36:27,900][flwr][INFO] - fit progress: (5, 182.60185170173645, {'accuracy': 0.1028}, 32.19962062200284)
[2025-01-07 14:36:27,900][flwr][INFO] - configure_evaluate: strategy sampled 3 clients (out of 20)
[2025-01-07 14:36:28,347][flwr][INFO] - aggregate_evaluate: received 3 results and 0 failures
[2025-01-07 14:36:28,347][flwr][INFO] - 
[2025-01-07 14:36:28,348][flwr][INFO] - [SUMMARY]
[2025-01-07 14:36:28,348][flwr][INFO] - Run finished 5 round(s) in 32.65s
[2025-01-07 14:36:28,348][flwr][INFO] - 	History (loss, distributed):
[2025-01-07 14:36:28,348][flwr][INFO] - 		round 1: 43.78017028172811
[2025-01-07 14:36:28,348][flwr][INFO] - 		round 2: 43.81655550003052
[2025-01-07 14:36:28,348][flwr][INFO] - 		round 3: 43.77683838208517
[2025-01-07 14:36:28,348][flwr][INFO] - 		round 4: 43.89035201072693
[2025-01-07 14:36:28,349][flwr][INFO] - 		round 5: 43.7772733370463
[2025-01-07 14:36:28,349][flwr][INFO] - 	History (loss, centralized):
[2025-01-07 14:36:28,349][flwr][INFO] - 		round 0: 182.4796679019928
[2025-01-07 14:36:28,349][flwr][INFO] - 		round 1: 182.05405187606812
[2025-01-07 14:36:28,349][flwr][INFO] - 		round 2: 181.98010063171387
[2025-01-07 14:36:28,349][flwr][INFO] - 		round 3: 181.89475750923157
[2025-01-07 14:36:28,349][flwr][INFO] - 		round 4: 182.1403648853302
[2025-01-07 14:36:28,349][flwr][INFO] - 		round 5: 182.60185170173645
[2025-01-07 14:36:28,349][flwr][INFO] - 	History (metrics, centralized):
[2025-01-07 14:36:28,349][flwr][INFO] - 	{'accuracy': [(0, 0.0877),
[2025-01-07 14:36:28,349][flwr][INFO] - 	              (1, 0.1135),
[2025-01-07 14:36:28,349][flwr][INFO] - 	              (2, 0.1135),
[2025-01-07 14:36:28,350][flwr][INFO] - 	              (3, 0.1032),
[2025-01-07 14:36:28,350][flwr][INFO] - 	              (4, 0.1135),
[2025-01-07 14:36:28,350][flwr][INFO] - 	              (5, 0.1028)]}
[2025-01-07 14:36:28,350][flwr][INFO] - 
