[2024-12-31 14:50:33,547][flwr][INFO] - Starting Flower simulation, config: num_rounds=10, no round_timeout
[2024-12-31 14:50:37,844][flwr][INFO] - Flower VCE: Ray initialized with resources: {'node:__internal_head__': 1.0, 'node:192.168.1.11': 1.0, 'CPU': 12.0, 'object_store_memory': 1726429593.0, 'memory': 3452859188.0}
[2024-12-31 14:50:37,845][flwr][INFO] - Optimize your simulation with Flower VCE: https://flower.ai/docs/framework/how-to-run-simulations.html
[2024-12-31 14:50:37,845][flwr][INFO] - Flower VCE: Resources for each Virtual Client: {'num_cpus': 2, 'num_gpus': 0}
[2024-12-31 14:50:37,862][flwr][INFO] - Flower VCE: Creating VirtualClientEngineActorPool with 6 actors
[2024-12-31 14:50:37,863][flwr][INFO] - [INIT]
[2024-12-31 14:50:37,863][flwr][INFO] - Using initial global parameters provided by strategy
[2024-12-31 14:50:37,863][flwr][INFO] - Starting evaluation of initial global parameters
[2024-12-31 14:50:42,036][flwr][INFO] - initial parameters (loss, other metrics): 182.07461786270142, {'accuracy': 0.0987}
[2024-12-31 14:50:42,037][flwr][INFO] - 
[2024-12-31 14:50:42,037][flwr][INFO] - [ROUND 1]
[2024-12-31 14:50:42,038][flwr][INFO] - configure_fit: strategy sampled 2 clients (out of 10)
[2024-12-31 14:51:03,888][flwr][INFO] - aggregate_fit: received 2 results and 0 failures
[2024-12-31 14:51:03,896][flwr][WARNING] - No fit_metrics_aggregation_fn provided
[2024-12-31 14:51:06,522][flwr][INFO] - fit progress: (1, 182.889235496521, {'accuracy': 0.1135}, 24.484821630001534)
[2024-12-31 14:51:06,522][flwr][INFO] - configure_evaluate: strategy sampled 2 clients (out of 10)
[2024-12-31 14:51:07,107][flwr][INFO] - aggregate_evaluate: received 2 results and 0 failures
[2024-12-31 14:51:07,108][flwr][WARNING] - No evaluate_metrics_aggregation_fn provided
[2024-12-31 14:51:07,108][flwr][INFO] - 
[2024-12-31 14:51:07,108][flwr][INFO] - [ROUND 2]
[2024-12-31 14:51:07,108][flwr][INFO] - configure_fit: strategy sampled 2 clients (out of 10)
[2024-12-31 14:51:24,472][flwr][INFO] - aggregate_fit: received 2 results and 0 failures
[2024-12-31 14:51:27,307][flwr][INFO] - fit progress: (2, 183.5677933692932, {'accuracy': 0.1135}, 45.269970041001216)
[2024-12-31 14:51:27,307][flwr][INFO] - configure_evaluate: strategy sampled 2 clients (out of 10)
[2024-12-31 14:51:27,831][flwr][INFO] - aggregate_evaluate: received 2 results and 0 failures
[2024-12-31 14:51:27,831][flwr][INFO] - 
[2024-12-31 14:51:27,831][flwr][INFO] - [ROUND 3]
[2024-12-31 14:51:27,831][flwr][INFO] - configure_fit: strategy sampled 2 clients (out of 10)
[2024-12-31 14:51:45,549][flwr][INFO] - aggregate_fit: received 2 results and 0 failures
[2024-12-31 14:51:49,589][flwr][INFO] - fit progress: (3, 182.15893697738647, {'accuracy': 0.098}, 67.55234049700084)
[2024-12-31 14:51:49,589][flwr][INFO] - configure_evaluate: strategy sampled 2 clients (out of 10)
[2024-12-31 14:51:50,117][flwr][INFO] - aggregate_evaluate: received 2 results and 0 failures
[2024-12-31 14:51:50,117][flwr][INFO] - 
[2024-12-31 14:51:50,117][flwr][INFO] - [ROUND 4]
[2024-12-31 14:51:50,118][flwr][INFO] - configure_fit: strategy sampled 2 clients (out of 10)
[2024-12-31 14:52:06,755][flwr][INFO] - aggregate_fit: received 2 results and 0 failures
[2024-12-31 14:52:09,512][flwr][INFO] - fit progress: (4, 182.88500499725342, {'accuracy': 0.1135}, 87.47535731099924)
[2024-12-31 14:52:09,512][flwr][INFO] - configure_evaluate: strategy sampled 2 clients (out of 10)
[2024-12-31 14:52:10,068][flwr][INFO] - aggregate_evaluate: received 2 results and 0 failures
[2024-12-31 14:52:10,068][flwr][INFO] - 
[2024-12-31 14:52:10,069][flwr][INFO] - [ROUND 5]
[2024-12-31 14:52:10,069][flwr][INFO] - configure_fit: strategy sampled 2 clients (out of 10)
[2024-12-31 14:52:26,261][flwr][INFO] - aggregate_fit: received 2 results and 0 failures
[2024-12-31 14:52:28,665][flwr][INFO] - fit progress: (5, 182.39705443382263, {'accuracy': 0.0982}, 106.62854612000228)
[2024-12-31 14:52:28,666][flwr][INFO] - configure_evaluate: strategy sampled 2 clients (out of 10)
[2024-12-31 14:52:29,126][flwr][INFO] - aggregate_evaluate: received 2 results and 0 failures
[2024-12-31 14:52:29,126][flwr][INFO] - 
[2024-12-31 14:52:29,126][flwr][INFO] - [ROUND 6]
[2024-12-31 14:52:29,127][flwr][INFO] - configure_fit: strategy sampled 2 clients (out of 10)
[2024-12-31 14:52:45,729][flwr][INFO] - aggregate_fit: received 2 results and 0 failures
[2024-12-31 14:52:48,327][flwr][INFO] - fit progress: (6, 182.36161160469055, {'accuracy': 0.0974}, 126.29022662000352)
[2024-12-31 14:52:48,327][flwr][INFO] - configure_evaluate: strategy sampled 2 clients (out of 10)
[2024-12-31 14:52:48,889][flwr][INFO] - aggregate_evaluate: received 2 results and 0 failures
[2024-12-31 14:52:48,889][flwr][INFO] - 
[2024-12-31 14:52:48,889][flwr][INFO] - [ROUND 7]
[2024-12-31 14:52:48,890][flwr][INFO] - configure_fit: strategy sampled 2 clients (out of 10)
[2024-12-31 14:53:05,794][flwr][INFO] - aggregate_fit: received 2 results and 0 failures
[2024-12-31 14:53:08,391][flwr][INFO] - fit progress: (7, 183.20806169509888, {'accuracy': 0.1135}, 146.3544885720039)
[2024-12-31 14:53:08,392][flwr][INFO] - configure_evaluate: strategy sampled 2 clients (out of 10)
[2024-12-31 14:53:08,885][flwr][INFO] - aggregate_evaluate: received 2 results and 0 failures
[2024-12-31 14:53:08,885][flwr][INFO] - 
[2024-12-31 14:53:08,885][flwr][INFO] - [ROUND 8]
[2024-12-31 14:53:08,886][flwr][INFO] - configure_fit: strategy sampled 2 clients (out of 10)
[2024-12-31 14:53:25,414][flwr][INFO] - aggregate_fit: received 2 results and 0 failures
[2024-12-31 14:53:27,766][flwr][INFO] - fit progress: (8, 182.66439151763916, {'accuracy': 0.1135}, 165.72929243899853)
[2024-12-31 14:53:27,766][flwr][INFO] - configure_evaluate: strategy sampled 2 clients (out of 10)
[2024-12-31 14:53:28,241][flwr][INFO] - aggregate_evaluate: received 2 results and 0 failures
[2024-12-31 14:53:28,241][flwr][INFO] - 
[2024-12-31 14:53:28,241][flwr][INFO] - [ROUND 9]
[2024-12-31 14:53:28,241][flwr][INFO] - configure_fit: strategy sampled 2 clients (out of 10)
[2024-12-31 14:53:43,468][flwr][INFO] - aggregate_fit: received 2 results and 0 failures
[2024-12-31 14:53:45,865][flwr][INFO] - fit progress: (9, 182.3128252029419, {'accuracy': 0.1028}, 183.82822325800225)
[2024-12-31 14:53:45,865][flwr][INFO] - configure_evaluate: strategy sampled 2 clients (out of 10)
[2024-12-31 14:53:46,314][flwr][INFO] - aggregate_evaluate: received 2 results and 0 failures
[2024-12-31 14:53:46,314][flwr][INFO] - 
[2024-12-31 14:53:46,314][flwr][INFO] - [ROUND 10]
[2024-12-31 14:53:46,314][flwr][INFO] - configure_fit: strategy sampled 2 clients (out of 10)
[2024-12-31 14:54:01,877][flwr][INFO] - aggregate_fit: received 2 results and 0 failures
[2024-12-31 14:54:04,277][flwr][INFO] - fit progress: (10, 182.8544418811798, {'accuracy': 0.101}, 202.24008482800127)
[2024-12-31 14:54:04,277][flwr][INFO] - configure_evaluate: strategy sampled 2 clients (out of 10)
[2024-12-31 14:54:04,748][flwr][INFO] - aggregate_evaluate: received 2 results and 0 failures
[2024-12-31 14:54:04,748][flwr][INFO] - 
[2024-12-31 14:54:04,748][flwr][INFO] - [SUMMARY]
[2024-12-31 14:54:04,748][flwr][INFO] - Run finished 10 round(s) in 202.71s
[2024-12-31 14:54:04,749][flwr][INFO] - 	History (loss, distributed):
[2024-12-31 14:54:04,749][flwr][INFO] - 		round 1: 88.08983397483826
[2024-12-31 14:54:04,749][flwr][INFO] - 		round 2: 88.49194598197937
[2024-12-31 14:54:04,749][flwr][INFO] - 		round 3: 87.56967651844025
[2024-12-31 14:54:04,749][flwr][INFO] - 		round 4: 88.06271588802338
[2024-12-31 14:54:04,749][flwr][INFO] - 		round 5: 87.76478362083435
[2024-12-31 14:54:04,749][flwr][INFO] - 		round 6: 87.57524383068085
[2024-12-31 14:54:04,749][flwr][INFO] - 		round 7: 87.7831346988678
[2024-12-31 14:54:04,749][flwr][INFO] - 		round 8: 88.06012654304504
[2024-12-31 14:54:04,749][flwr][INFO] - 		round 9: 87.75775599479675
[2024-12-31 14:54:04,749][flwr][INFO] - 		round 10: 87.87408077716827
[2024-12-31 14:54:04,749][flwr][INFO] - 	History (loss, centralized):
[2024-12-31 14:54:04,749][flwr][INFO] - 		round 0: 182.07461786270142
[2024-12-31 14:54:04,749][flwr][INFO] - 		round 1: 182.889235496521
[2024-12-31 14:54:04,750][flwr][INFO] - 		round 2: 183.5677933692932
[2024-12-31 14:54:04,750][flwr][INFO] - 		round 3: 182.15893697738647
[2024-12-31 14:54:04,750][flwr][INFO] - 		round 4: 182.88500499725342
[2024-12-31 14:54:04,750][flwr][INFO] - 		round 5: 182.39705443382263
[2024-12-31 14:54:04,750][flwr][INFO] - 		round 6: 182.36161160469055
[2024-12-31 14:54:04,750][flwr][INFO] - 		round 7: 183.20806169509888
[2024-12-31 14:54:04,750][flwr][INFO] - 		round 8: 182.66439151763916
[2024-12-31 14:54:04,750][flwr][INFO] - 		round 9: 182.3128252029419
[2024-12-31 14:54:04,750][flwr][INFO] - 		round 10: 182.8544418811798
[2024-12-31 14:54:04,750][flwr][INFO] - 	History (metrics, centralized):
[2024-12-31 14:54:04,750][flwr][INFO] - 	{'accuracy': [(0, 0.0987),
[2024-12-31 14:54:04,750][flwr][INFO] - 	              (1, 0.1135),
[2024-12-31 14:54:04,750][flwr][INFO] - 	              (2, 0.1135),
[2024-12-31 14:54:04,750][flwr][INFO] - 	              (3, 0.098),
[2024-12-31 14:54:04,750][flwr][INFO] - 	              (4, 0.1135),
[2024-12-31 14:54:04,750][flwr][INFO] - 	              (5, 0.0982),
[2024-12-31 14:54:04,750][flwr][INFO] - 	              (6, 0.0974),
[2024-12-31 14:54:04,750][flwr][INFO] - 	              (7, 0.1135),
[2024-12-31 14:54:04,750][flwr][INFO] - 	              (8, 0.1135),
[2024-12-31 14:54:04,750][flwr][INFO] - 	              (9, 0.1028),
[2024-12-31 14:54:04,750][flwr][INFO] - 	              (10, 0.101)]}
[2024-12-31 14:54:04,751][flwr][INFO] - 
