[2025-01-07 15:56:27,890][flwr][INFO] - Starting Flower simulation, config: num_rounds=10, no round_timeout
[2025-01-07 15:56:31,485][flwr][INFO] - Flower VCE: Ray initialized with resources: {'node:__internal_head__': 1.0, 'object_store_memory': 3144810086.0, 'memory': 6289620174.0, 'node:192.168.1.11': 1.0, 'CPU': 12.0}
[2025-01-07 15:56:31,485][flwr][INFO] - Optimize your simulation with Flower VCE: https://flower.ai/docs/framework/how-to-run-simulations.html
[2025-01-07 15:56:31,485][flwr][INFO] - Flower VCE: Resources for each Virtual Client: {'num_cpus': 2, 'num_gpus': 0}
[2025-01-07 15:56:31,496][flwr][INFO] - Flower VCE: Creating VirtualClientEngineActorPool with 6 actors
[2025-01-07 15:56:31,497][flwr][INFO] - [INIT]
[2025-01-07 15:56:31,497][flwr][INFO] - Requesting initial parameters from one random client
[2025-01-07 15:56:34,390][flwr][INFO] - Received initial parameters from one random client
[2025-01-07 15:56:34,390][flwr][INFO] - Starting evaluation of initial global parameters
[2025-01-07 15:56:36,060][flwr][INFO] - initial parameters (loss, other metrics): 182.30644369125366, {'accuracy': 0.1487}
[2025-01-07 15:56:36,060][flwr][INFO] - 
[2025-01-07 15:56:36,060][flwr][INFO] - [ROUND 1]
[2025-01-07 15:56:36,060][flwr][INFO] - configure_fit: strategy sampled 2 clients (out of 5)
[2025-01-07 15:57:09,284][flwr][INFO] - aggregate_fit: received 2 results and 0 failures
[2025-01-07 15:57:09,289][flwr][WARNING] - No fit_metrics_aggregation_fn provided
[2025-01-07 15:57:11,194][flwr][INFO] - fit progress: (1, 182.17149186134338, {'accuracy': 0.1135}, 35.1341665300024)
[2025-01-07 15:57:11,194][flwr][INFO] - configure_evaluate: strategy sampled 5 clients (out of 5)
[2025-01-07 15:57:15,152][flwr][INFO] - aggregate_evaluate: received 5 results and 0 failures
[2025-01-07 15:57:15,152][flwr][WARNING] - No evaluate_metrics_aggregation_fn provided
[2025-01-07 15:57:15,152][flwr][INFO] - 
[2025-01-07 15:57:15,152][flwr][INFO] - [ROUND 2]
[2025-01-07 15:57:15,152][flwr][INFO] - configure_fit: strategy sampled 2 clients (out of 5)
[2025-01-07 15:57:40,563][flwr][INFO] - aggregate_fit: received 2 results and 0 failures
[2025-01-07 15:57:42,265][flwr][INFO] - fit progress: (2, 182.53222942352295, {'accuracy': 0.1009}, 66.20475334000002)
[2025-01-07 15:57:42,265][flwr][INFO] - configure_evaluate: strategy sampled 5 clients (out of 5)
[2025-01-07 15:57:43,345][flwr][INFO] - aggregate_evaluate: received 5 results and 0 failures
[2025-01-07 15:57:43,346][flwr][INFO] - 
[2025-01-07 15:57:43,346][flwr][INFO] - [ROUND 3]
[2025-01-07 15:57:43,346][flwr][INFO] - configure_fit: strategy sampled 2 clients (out of 5)
[2025-01-07 15:58:06,543][flwr][INFO] - aggregate_fit: received 2 results and 0 failures
[2025-01-07 15:58:08,002][flwr][INFO] - fit progress: (3, 182.45911741256714, {'accuracy': 0.098}, 91.94177101999958)
[2025-01-07 15:58:08,002][flwr][INFO] - configure_evaluate: strategy sampled 5 clients (out of 5)
[2025-01-07 15:58:09,193][flwr][INFO] - aggregate_evaluate: received 5 results and 0 failures
[2025-01-07 15:58:09,193][flwr][INFO] - 
[2025-01-07 15:58:09,194][flwr][INFO] - [ROUND 4]
[2025-01-07 15:58:09,194][flwr][INFO] - configure_fit: strategy sampled 2 clients (out of 5)
[2025-01-07 15:58:33,684][flwr][INFO] - aggregate_fit: received 2 results and 0 failures
[2025-01-07 15:58:35,596][flwr][INFO] - fit progress: (4, 182.10497093200684, {'accuracy': 0.1009}, 119.5365829120019)
[2025-01-07 15:58:35,597][flwr][INFO] - configure_evaluate: strategy sampled 5 clients (out of 5)
[2025-01-07 15:58:36,970][flwr][INFO] - aggregate_evaluate: received 5 results and 0 failures
[2025-01-07 15:58:36,970][flwr][INFO] - 
[2025-01-07 15:58:36,970][flwr][INFO] - [ROUND 5]
[2025-01-07 15:58:36,971][flwr][INFO] - configure_fit: strategy sampled 2 clients (out of 5)
[2025-01-07 15:59:00,463][flwr][INFO] - aggregate_fit: received 2 results and 0 failures
[2025-01-07 15:59:01,824][flwr][INFO] - fit progress: (5, 182.54513573646545, {'accuracy': 0.098}, 145.76454171799924)
[2025-01-07 15:59:01,825][flwr][INFO] - configure_evaluate: strategy sampled 5 clients (out of 5)
[2025-01-07 15:59:02,926][flwr][INFO] - aggregate_evaluate: received 5 results and 0 failures
[2025-01-07 15:59:02,926][flwr][INFO] - 
[2025-01-07 15:59:02,926][flwr][INFO] - [ROUND 6]
[2025-01-07 15:59:02,927][flwr][INFO] - configure_fit: strategy sampled 2 clients (out of 5)
[2025-01-07 15:59:25,724][flwr][INFO] - aggregate_fit: received 2 results and 0 failures
[2025-01-07 15:59:27,350][flwr][INFO] - fit progress: (6, 182.52169966697693, {'accuracy': 0.0982}, 171.28993825100042)
[2025-01-07 15:59:27,350][flwr][INFO] - configure_evaluate: strategy sampled 5 clients (out of 5)
[2025-01-07 15:59:28,440][flwr][INFO] - aggregate_evaluate: received 5 results and 0 failures
[2025-01-07 15:59:28,440][flwr][INFO] - 
[2025-01-07 15:59:28,440][flwr][INFO] - [ROUND 7]
[2025-01-07 15:59:28,440][flwr][INFO] - configure_fit: strategy sampled 2 clients (out of 5)
[2025-01-07 15:59:52,687][flwr][INFO] - aggregate_fit: received 2 results and 0 failures
[2025-01-07 15:59:54,630][flwr][INFO] - fit progress: (7, 182.80321669578552, {'accuracy': 0.098}, 198.57034043599924)
[2025-01-07 15:59:54,631][flwr][INFO] - configure_evaluate: strategy sampled 5 clients (out of 5)
[2025-01-07 15:59:55,729][flwr][INFO] - aggregate_evaluate: received 5 results and 0 failures
[2025-01-07 15:59:55,729][flwr][INFO] - 
[2025-01-07 15:59:55,730][flwr][INFO] - [ROUND 8]
[2025-01-07 15:59:55,730][flwr][INFO] - configure_fit: strategy sampled 2 clients (out of 5)
[2025-01-07 16:00:18,150][flwr][INFO] - aggregate_fit: received 2 results and 0 failures
[2025-01-07 16:00:19,421][flwr][INFO] - fit progress: (8, 181.9371371269226, {'accuracy': 0.1135}, 223.36091845600095)
[2025-01-07 16:00:19,421][flwr][INFO] - configure_evaluate: strategy sampled 5 clients (out of 5)
[2025-01-07 16:00:20,543][flwr][INFO] - aggregate_evaluate: received 5 results and 0 failures
[2025-01-07 16:00:20,544][flwr][INFO] - 
[2025-01-07 16:00:20,544][flwr][INFO] - [ROUND 9]
[2025-01-07 16:00:20,544][flwr][INFO] - configure_fit: strategy sampled 2 clients (out of 5)
[2025-01-07 16:00:43,112][flwr][INFO] - aggregate_fit: received 2 results and 0 failures
[2025-01-07 16:00:44,513][flwr][INFO] - fit progress: (9, 182.2977945804596, {'accuracy': 0.1135}, 248.4530831330012)
[2025-01-07 16:00:44,513][flwr][INFO] - configure_evaluate: strategy sampled 5 clients (out of 5)
[2025-01-07 16:00:45,582][flwr][INFO] - aggregate_evaluate: received 5 results and 0 failures
[2025-01-07 16:00:45,583][flwr][INFO] - 
[2025-01-07 16:00:45,583][flwr][INFO] - [ROUND 10]
[2025-01-07 16:00:45,583][flwr][INFO] - configure_fit: strategy sampled 2 clients (out of 5)
[2025-01-07 16:01:09,322][flwr][INFO] - aggregate_fit: received 2 results and 0 failures
[2025-01-07 16:01:10,826][flwr][INFO] - fit progress: (10, 182.1116623878479, {'accuracy': 0.0974}, 274.76618355699975)
[2025-01-07 16:01:10,826][flwr][INFO] - configure_evaluate: strategy sampled 5 clients (out of 5)
[2025-01-07 16:01:11,951][flwr][INFO] - aggregate_evaluate: received 5 results and 0 failures
[2025-01-07 16:01:11,952][flwr][INFO] - 
[2025-01-07 16:01:11,952][flwr][INFO] - [SUMMARY]
[2025-01-07 16:01:11,952][flwr][INFO] - Run finished 10 round(s) in 275.89s
[2025-01-07 16:01:11,952][flwr][INFO] - 	History (loss, distributed):
[2025-01-07 16:01:11,952][flwr][INFO] - 		round 1: 173.04809999465942
[2025-01-07 16:01:11,952][flwr][INFO] - 		round 2: 173.2367076396942
[2025-01-07 16:01:11,952][flwr][INFO] - 		round 3: 173.22150073051452
[2025-01-07 16:01:11,952][flwr][INFO] - 		round 4: 172.90466465950013
[2025-01-07 16:01:11,952][flwr][INFO] - 		round 5: 173.3287371635437
[2025-01-07 16:01:11,952][flwr][INFO] - 		round 6: 173.3474085330963
[2025-01-07 16:01:11,953][flwr][INFO] - 		round 7: 173.49103116989136
[2025-01-07 16:01:11,953][flwr][INFO] - 		round 8: 172.78749127388
[2025-01-07 16:01:11,953][flwr][INFO] - 		round 9: 173.24156246185302
[2025-01-07 16:01:11,953][flwr][INFO] - 		round 10: 172.88845434188843
[2025-01-07 16:01:11,953][flwr][INFO] - 	History (loss, centralized):
[2025-01-07 16:01:11,953][flwr][INFO] - 		round 0: 182.30644369125366
[2025-01-07 16:01:11,953][flwr][INFO] - 		round 1: 182.17149186134338
[2025-01-07 16:01:11,953][flwr][INFO] - 		round 2: 182.53222942352295
[2025-01-07 16:01:11,953][flwr][INFO] - 		round 3: 182.45911741256714
[2025-01-07 16:01:11,953][flwr][INFO] - 		round 4: 182.10497093200684
[2025-01-07 16:01:11,953][flwr][INFO] - 		round 5: 182.54513573646545
[2025-01-07 16:01:11,953][flwr][INFO] - 		round 6: 182.52169966697693
[2025-01-07 16:01:11,953][flwr][INFO] - 		round 7: 182.80321669578552
[2025-01-07 16:01:11,953][flwr][INFO] - 		round 8: 181.9371371269226
[2025-01-07 16:01:11,953][flwr][INFO] - 		round 9: 182.2977945804596
[2025-01-07 16:01:11,953][flwr][INFO] - 		round 10: 182.1116623878479
[2025-01-07 16:01:11,953][flwr][INFO] - 	History (metrics, centralized):
[2025-01-07 16:01:11,953][flwr][INFO] - 	{'accuracy': [(0, 0.1487),
[2025-01-07 16:01:11,953][flwr][INFO] - 	              (1, 0.1135),
[2025-01-07 16:01:11,954][flwr][INFO] - 	              (2, 0.1009),
[2025-01-07 16:01:11,954][flwr][INFO] - 	              (3, 0.098),
[2025-01-07 16:01:11,954][flwr][INFO] - 	              (4, 0.1009),
[2025-01-07 16:01:11,954][flwr][INFO] - 	              (5, 0.098),
[2025-01-07 16:01:11,954][flwr][INFO] - 	              (6, 0.0982),
[2025-01-07 16:01:11,954][flwr][INFO] - 	              (7, 0.098),
[2025-01-07 16:01:11,954][flwr][INFO] - 	              (8, 0.1135),
[2025-01-07 16:01:11,954][flwr][INFO] - 	              (9, 0.1135),
[2025-01-07 16:01:11,954][flwr][INFO] - 	              (10, 0.0974)]}
[2025-01-07 16:01:11,954][flwr][INFO] - 
