[2025-01-07 14:15:04,027][flwr][INFO] - Starting Flower simulation, config: num_rounds=5, no round_timeout
[2025-01-07 14:15:07,646][flwr][INFO] - Flower VCE: Ray initialized with resources: {'node:__internal_head__': 1.0, 'memory': 6371077326.0, 'object_store_memory': 3185538662.0, 'node:192.168.1.11': 1.0, 'CPU': 12.0}
[2025-01-07 14:15:07,646][flwr][INFO] - Optimize your simulation with Flower VCE: https://flower.ai/docs/framework/how-to-run-simulations.html
[2025-01-07 14:15:07,647][flwr][INFO] - Flower VCE: Resources for each Virtual Client: {'num_cpus': 2, 'num_gpus': 0}
[2025-01-07 14:15:07,652][flwr][INFO] - Flower VCE: Creating VirtualClientEngineActorPool with 6 actors
[2025-01-07 14:15:07,652][flwr][INFO] - [INIT]
[2025-01-07 14:15:07,653][flwr][INFO] - Requesting initial parameters from one random client
[2025-01-07 14:15:10,290][flwr][INFO] - Received initial parameters from one random client
[2025-01-07 14:15:10,290][flwr][INFO] - Starting evaluation of initial global parameters
[2025-01-07 14:15:11,684][flwr][INFO] - initial parameters (loss, other metrics): 182.5087010860443, {'accuracy': 0.095}
[2025-01-07 14:15:11,684][flwr][INFO] - 
[2025-01-07 14:15:11,684][flwr][INFO] - [ROUND 1]
[2025-01-07 14:15:11,685][flwr][INFO] - configure_fit: strategy sampled 2 clients (out of 10)
[2025-01-07 14:15:19,068][flwr][INFO] - aggregate_fit: received 2 results and 0 failures
[2025-01-07 14:15:19,074][flwr][WARNING] - No fit_metrics_aggregation_fn provided
[2025-01-07 14:15:20,591][flwr][INFO] - fit progress: (1, 164.93160116672516, {'accuracy': 0.3005}, 8.906502821002505)
[2025-01-07 14:15:20,591][flwr][INFO] - configure_evaluate: strategy sampled 2 clients (out of 10)
[2025-01-07 14:15:20,966][flwr][INFO] - aggregate_evaluate: received 2 results and 0 failures
[2025-01-07 14:15:20,967][flwr][WARNING] - No evaluate_metrics_aggregation_fn provided
[2025-01-07 14:15:20,967][flwr][INFO] - 
[2025-01-07 14:15:20,967][flwr][INFO] - [ROUND 2]
[2025-01-07 14:15:20,967][flwr][INFO] - configure_fit: strategy sampled 2 clients (out of 10)
[2025-01-07 14:15:26,003][flwr][INFO] - aggregate_fit: received 2 results and 0 failures
[2025-01-07 14:15:27,458][flwr][INFO] - fit progress: (2, 77.73618823289871, {'accuracy': 0.7776}, 15.773445700000593)
[2025-01-07 14:15:27,458][flwr][INFO] - configure_evaluate: strategy sampled 2 clients (out of 10)
[2025-01-07 14:15:27,830][flwr][INFO] - aggregate_evaluate: received 2 results and 0 failures
[2025-01-07 14:15:27,830][flwr][INFO] - 
[2025-01-07 14:15:27,830][flwr][INFO] - [ROUND 3]
[2025-01-07 14:15:27,831][flwr][INFO] - configure_fit: strategy sampled 2 clients (out of 10)
[2025-01-07 14:15:33,041][flwr][INFO] - aggregate_fit: received 2 results and 0 failures
[2025-01-07 14:15:34,243][flwr][INFO] - fit progress: (3, 91.00992918014526, {'accuracy': 0.6608}, 22.559096324002894)
[2025-01-07 14:15:34,244][flwr][INFO] - configure_evaluate: strategy sampled 2 clients (out of 10)
[2025-01-07 14:15:34,678][flwr][INFO] - aggregate_evaluate: received 2 results and 0 failures
[2025-01-07 14:15:34,678][flwr][INFO] - 
[2025-01-07 14:15:34,678][flwr][INFO] - [ROUND 4]
[2025-01-07 14:15:34,678][flwr][INFO] - configure_fit: strategy sampled 2 clients (out of 10)
[2025-01-07 14:15:39,745][flwr][INFO] - aggregate_fit: received 2 results and 0 failures
[2025-01-07 14:15:41,006][flwr][INFO] - fit progress: (4, 115.70826935768127, {'accuracy': 0.5314}, 29.321762284002034)
[2025-01-07 14:15:41,006][flwr][INFO] - configure_evaluate: strategy sampled 2 clients (out of 10)
[2025-01-07 14:15:41,373][flwr][INFO] - aggregate_evaluate: received 2 results and 0 failures
[2025-01-07 14:15:41,373][flwr][INFO] - 
[2025-01-07 14:15:41,373][flwr][INFO] - [ROUND 5]
[2025-01-07 14:15:41,373][flwr][INFO] - configure_fit: strategy sampled 2 clients (out of 10)
[2025-01-07 14:15:46,400][flwr][INFO] - aggregate_fit: received 2 results and 0 failures
[2025-01-07 14:15:48,224][flwr][INFO] - fit progress: (5, 191.1499834060669, {'accuracy': 0.0939}, 36.539459455001634)
[2025-01-07 14:15:48,224][flwr][INFO] - configure_evaluate: strategy sampled 2 clients (out of 10)
[2025-01-07 14:15:48,590][flwr][INFO] - aggregate_evaluate: received 2 results and 0 failures
[2025-01-07 14:15:48,590][flwr][INFO] - 
[2025-01-07 14:15:48,590][flwr][INFO] - [SUMMARY]
[2025-01-07 14:15:48,590][flwr][INFO] - Run finished 5 round(s) in 36.91s
[2025-01-07 14:15:48,591][flwr][INFO] - 	History (loss, distributed):
[2025-01-07 14:15:48,591][flwr][INFO] - 		round 1: 39.81666296720505
[2025-01-07 14:15:48,591][flwr][INFO] - 		round 2: 18.722758382558823
[2025-01-07 14:15:48,591][flwr][INFO] - 		round 3: 22.110166668891907
[2025-01-07 14:15:48,591][flwr][INFO] - 		round 4: 29.519878387451172
[2025-01-07 14:15:48,591][flwr][INFO] - 		round 5: 45.829490423202515
[2025-01-07 14:15:48,591][flwr][INFO] - 	History (loss, centralized):
[2025-01-07 14:15:48,591][flwr][INFO] - 		round 0: 182.5087010860443
[2025-01-07 14:15:48,591][flwr][INFO] - 		round 1: 164.93160116672516
[2025-01-07 14:15:48,591][flwr][INFO] - 		round 2: 77.73618823289871
[2025-01-07 14:15:48,591][flwr][INFO] - 		round 3: 91.00992918014526
[2025-01-07 14:15:48,591][flwr][INFO] - 		round 4: 115.70826935768127
[2025-01-07 14:15:48,591][flwr][INFO] - 		round 5: 191.1499834060669
[2025-01-07 14:15:48,591][flwr][INFO] - 	History (metrics, centralized):
[2025-01-07 14:15:48,591][flwr][INFO] - 	{'accuracy': [(0, 0.095),
[2025-01-07 14:15:48,591][flwr][INFO] - 	              (1, 0.3005),
[2025-01-07 14:15:48,591][flwr][INFO] - 	              (2, 0.7776),
[2025-01-07 14:15:48,591][flwr][INFO] - 	              (3, 0.6608),
[2025-01-07 14:15:48,591][flwr][INFO] - 	              (4, 0.5314),
[2025-01-07 14:15:48,591][flwr][INFO] - 	              (5, 0.0939)]}
[2025-01-07 14:15:48,591][flwr][INFO] - 
