[2024-12-31 17:06:00,814][flwr][INFO] - Starting Flower simulation, config: num_rounds=10, no round_timeout
[2024-12-31 17:06:04,802][flwr][INFO] - Flower VCE: Ray initialized with resources: {'CPU': 12.0, 'node:192.168.1.11': 1.0, 'memory': 3402635675.0, 'object_store_memory': 1701317836.0, 'node:__internal_head__': 1.0}
[2024-12-31 17:06:04,803][flwr][INFO] - Optimize your simulation with Flower VCE: https://flower.ai/docs/framework/how-to-run-simulations.html
[2024-12-31 17:06:04,803][flwr][INFO] - Flower VCE: Resources for each Virtual Client: {'num_cpus': 2, 'num_gpus': 0}
[2024-12-31 17:06:04,819][flwr][INFO] - Flower VCE: Creating VirtualClientEngineActorPool with 6 actors
[2024-12-31 17:06:04,820][flwr][INFO] - [INIT]
[2024-12-31 17:06:04,820][flwr][INFO] - Using initial global parameters provided by strategy
[2024-12-31 17:06:04,820][flwr][INFO] - Starting evaluation of initial global parameters
[2024-12-31 17:06:08,976][flwr][INFO] - initial parameters (loss, other metrics): 182.31572484970093, {'accuracy': 0.1028}
[2024-12-31 17:06:08,976][flwr][INFO] - 
[2024-12-31 17:06:08,976][flwr][INFO] - [ROUND 1]
[2024-12-31 17:06:08,977][flwr][INFO] - configure_fit: strategy sampled 2 clients (out of 10)
[2024-12-31 17:06:28,546][flwr][INFO] - aggregate_fit: received 2 results and 0 failures
[2024-12-31 17:06:28,554][flwr][WARNING] - No fit_metrics_aggregation_fn provided
[2024-12-31 17:06:30,538][flwr][INFO] - fit progress: (1, 183.1154270172119, {'accuracy': 0.1135}, 21.56195306799782)
[2024-12-31 17:06:30,539][flwr][INFO] - configure_evaluate: strategy sampled 2 clients (out of 10)
[2024-12-31 17:06:31,003][flwr][INFO] - aggregate_evaluate: received 2 results and 0 failures
[2024-12-31 17:06:31,004][flwr][WARNING] - No evaluate_metrics_aggregation_fn provided
[2024-12-31 17:06:31,004][flwr][INFO] - 
[2024-12-31 17:06:31,004][flwr][INFO] - [ROUND 2]
[2024-12-31 17:06:31,004][flwr][INFO] - configure_fit: strategy sampled 2 clients (out of 10)
[2024-12-31 17:06:46,254][flwr][INFO] - aggregate_fit: received 2 results and 0 failures
[2024-12-31 17:06:49,286][flwr][INFO] - fit progress: (2, 189.85022068023682, {'accuracy': 0.0892}, 40.30992207399686)
[2024-12-31 17:06:49,287][flwr][INFO] - configure_evaluate: strategy sampled 2 clients (out of 10)
[2024-12-31 17:06:49,821][flwr][INFO] - aggregate_evaluate: received 2 results and 0 failures
[2024-12-31 17:06:49,821][flwr][INFO] - 
[2024-12-31 17:06:49,821][flwr][INFO] - [ROUND 3]
[2024-12-31 17:06:49,821][flwr][INFO] - configure_fit: strategy sampled 2 clients (out of 10)
[2024-12-31 17:07:05,693][flwr][INFO] - aggregate_fit: received 2 results and 0 failures
[2024-12-31 17:07:08,028][flwr][INFO] - fit progress: (3, 182.59849882125854, {'accuracy': 0.1135}, 59.05222929599404)
[2024-12-31 17:07:08,029][flwr][INFO] - configure_evaluate: strategy sampled 2 clients (out of 10)
[2024-12-31 17:07:08,484][flwr][INFO] - aggregate_evaluate: received 2 results and 0 failures
[2024-12-31 17:07:08,484][flwr][INFO] - 
[2024-12-31 17:07:08,484][flwr][INFO] - [ROUND 4]
[2024-12-31 17:07:08,484][flwr][INFO] - configure_fit: strategy sampled 2 clients (out of 10)
[2024-12-31 17:07:24,208][flwr][INFO] - aggregate_fit: received 2 results and 0 failures
[2024-12-31 17:07:26,838][flwr][INFO] - fit progress: (4, 186.12763476371765, {'accuracy': 0.098}, 77.8619281719948)
[2024-12-31 17:07:26,839][flwr][INFO] - configure_evaluate: strategy sampled 2 clients (out of 10)
[2024-12-31 17:07:27,310][flwr][INFO] - aggregate_evaluate: received 2 results and 0 failures
[2024-12-31 17:07:27,311][flwr][INFO] - 
[2024-12-31 17:07:27,311][flwr][INFO] - [ROUND 5]
[2024-12-31 17:07:27,311][flwr][INFO] - configure_fit: strategy sampled 2 clients (out of 10)
[2024-12-31 17:07:43,544][flwr][INFO] - aggregate_fit: received 2 results and 0 failures
[2024-12-31 17:07:45,597][flwr][INFO] - fit progress: (5, 183.0050072669983, {'accuracy': 0.1135}, 96.62095953300013)
[2024-12-31 17:07:45,598][flwr][INFO] - configure_evaluate: strategy sampled 2 clients (out of 10)
[2024-12-31 17:07:46,118][flwr][INFO] - aggregate_evaluate: received 2 results and 0 failures
[2024-12-31 17:07:46,119][flwr][INFO] - 
[2024-12-31 17:07:46,119][flwr][INFO] - [ROUND 6]
[2024-12-31 17:07:46,119][flwr][INFO] - configure_fit: strategy sampled 2 clients (out of 10)
[2024-12-31 17:08:01,459][flwr][INFO] - aggregate_fit: received 2 results and 0 failures
[2024-12-31 17:08:03,693][flwr][INFO] - fit progress: (6, 184.8735544681549, {'accuracy': 0.0974}, 114.71672246399976)
[2024-12-31 17:08:03,693][flwr][INFO] - configure_evaluate: strategy sampled 2 clients (out of 10)
[2024-12-31 17:08:04,198][flwr][INFO] - aggregate_evaluate: received 2 results and 0 failures
[2024-12-31 17:08:04,198][flwr][INFO] - 
[2024-12-31 17:08:04,199][flwr][INFO] - [ROUND 7]
[2024-12-31 17:08:04,199][flwr][INFO] - configure_fit: strategy sampled 2 clients (out of 10)
[2024-12-31 17:08:19,068][flwr][INFO] - aggregate_fit: received 2 results and 0 failures
[2024-12-31 17:08:20,817][flwr][INFO] - fit progress: (7, 184.30300068855286, {'accuracy': 0.1135}, 131.84032643799583)
[2024-12-31 17:08:20,817][flwr][INFO] - configure_evaluate: strategy sampled 2 clients (out of 10)
[2024-12-31 17:08:21,327][flwr][INFO] - aggregate_evaluate: received 2 results and 0 failures
[2024-12-31 17:08:21,327][flwr][INFO] - 
[2024-12-31 17:08:21,327][flwr][INFO] - [ROUND 8]
[2024-12-31 17:08:21,327][flwr][INFO] - configure_fit: strategy sampled 2 clients (out of 10)
[2024-12-31 17:08:36,165][flwr][INFO] - aggregate_fit: received 2 results and 0 failures
[2024-12-31 17:08:38,497][flwr][INFO] - fit progress: (8, 185.87294459342957, {'accuracy': 0.1135}, 149.5207192739981)
[2024-12-31 17:08:38,498][flwr][INFO] - configure_evaluate: strategy sampled 2 clients (out of 10)
[2024-12-31 17:08:39,002][flwr][INFO] - aggregate_evaluate: received 2 results and 0 failures
[2024-12-31 17:08:39,003][flwr][INFO] - 
[2024-12-31 17:08:39,003][flwr][INFO] - [ROUND 9]
[2024-12-31 17:08:39,003][flwr][INFO] - configure_fit: strategy sampled 2 clients (out of 10)
[2024-12-31 17:08:55,064][flwr][INFO] - aggregate_fit: received 2 results and 0 failures
[2024-12-31 17:08:57,618][flwr][INFO] - fit progress: (9, 183.90994501113892, {'accuracy': 0.1135}, 168.64143525399413)
[2024-12-31 17:08:57,618][flwr][INFO] - configure_evaluate: strategy sampled 2 clients (out of 10)
[2024-12-31 17:08:58,101][flwr][INFO] - aggregate_evaluate: received 2 results and 0 failures
[2024-12-31 17:08:58,102][flwr][INFO] - 
[2024-12-31 17:08:58,102][flwr][INFO] - [ROUND 10]
[2024-12-31 17:08:58,102][flwr][INFO] - configure_fit: strategy sampled 2 clients (out of 10)
[2024-12-31 17:09:13,761][flwr][INFO] - aggregate_fit: received 2 results and 0 failures
[2024-12-31 17:09:16,022][flwr][INFO] - fit progress: (10, 183.8702826499939, {'accuracy': 0.0958}, 187.04524757799663)
[2024-12-31 17:09:16,022][flwr][INFO] - configure_evaluate: strategy sampled 2 clients (out of 10)
[2024-12-31 17:09:16,594][flwr][INFO] - aggregate_evaluate: received 2 results and 0 failures
[2024-12-31 17:09:16,594][flwr][INFO] - 
[2024-12-31 17:09:16,595][flwr][INFO] - [SUMMARY]
[2024-12-31 17:09:16,595][flwr][INFO] - Run finished 10 round(s) in 187.62s
[2024-12-31 17:09:16,595][flwr][INFO] - 	History (loss, distributed):
[2024-12-31 17:09:16,595][flwr][INFO] - 		round 1: 87.99629724025726
[2024-12-31 17:09:16,595][flwr][INFO] - 		round 2: 91.5534896850586
[2024-12-31 17:09:16,595][flwr][INFO] - 		round 3: 87.54419839382172
[2024-12-31 17:09:16,595][flwr][INFO] - 		round 4: 88.72267711162567
[2024-12-31 17:09:16,595][flwr][INFO] - 		round 5: 88.38864231109619
[2024-12-31 17:09:16,596][flwr][INFO] - 		round 6: 88.83704853057861
[2024-12-31 17:09:16,596][flwr][INFO] - 		round 7: 87.94608771800995
[2024-12-31 17:09:16,596][flwr][INFO] - 		round 8: 89.18674969673157
[2024-12-31 17:09:16,596][flwr][INFO] - 		round 9: 88.54911720752716
[2024-12-31 17:09:16,596][flwr][INFO] - 		round 10: 87.76488423347473
[2024-12-31 17:09:16,596][flwr][INFO] - 	History (loss, centralized):
[2024-12-31 17:09:16,596][flwr][INFO] - 		round 0: 182.31572484970093
[2024-12-31 17:09:16,596][flwr][INFO] - 		round 1: 183.1154270172119
[2024-12-31 17:09:16,596][flwr][INFO] - 		round 2: 189.85022068023682
[2024-12-31 17:09:16,596][flwr][INFO] - 		round 3: 182.59849882125854
[2024-12-31 17:09:16,596][flwr][INFO] - 		round 4: 186.12763476371765
[2024-12-31 17:09:16,596][flwr][INFO] - 		round 5: 183.0050072669983
[2024-12-31 17:09:16,596][flwr][INFO] - 		round 6: 184.8735544681549
[2024-12-31 17:09:16,596][flwr][INFO] - 		round 7: 184.30300068855286
[2024-12-31 17:09:16,596][flwr][INFO] - 		round 8: 185.87294459342957
[2024-12-31 17:09:16,596][flwr][INFO] - 		round 9: 183.90994501113892
[2024-12-31 17:09:16,596][flwr][INFO] - 		round 10: 183.8702826499939
[2024-12-31 17:09:16,597][flwr][INFO] - 	History (metrics, centralized):
[2024-12-31 17:09:16,597][flwr][INFO] - 	{'accuracy': [(0, 0.1028),
[2024-12-31 17:09:16,597][flwr][INFO] - 	              (1, 0.1135),
[2024-12-31 17:09:16,597][flwr][INFO] - 	              (2, 0.0892),
[2024-12-31 17:09:16,597][flwr][INFO] - 	              (3, 0.1135),
[2024-12-31 17:09:16,597][flwr][INFO] - 	              (4, 0.098),
[2024-12-31 17:09:16,597][flwr][INFO] - 	              (5, 0.1135),
[2024-12-31 17:09:16,597][flwr][INFO] - 	              (6, 0.0974),
[2024-12-31 17:09:16,597][flwr][INFO] - 	              (7, 0.1135),
[2024-12-31 17:09:16,597][flwr][INFO] - 	              (8, 0.1135),
[2024-12-31 17:09:16,597][flwr][INFO] - 	              (9, 0.1135),
[2024-12-31 17:09:16,597][flwr][INFO] - 	              (10, 0.0958)]}
[2024-12-31 17:09:16,597][flwr][INFO] - 
