[2025-01-07 17:42:25,173][flwr][INFO] - Starting Flower simulation, config: num_rounds=10, no round_timeout
[2025-01-07 17:42:28,547][flwr][INFO] - Flower VCE: Ray initialized with resources: {'node:__internal_head__': 1.0, 'memory': 6339052340.0, 'object_store_memory': 3169526169.0, 'CPU': 12.0, 'node:192.168.1.11': 1.0}
[2025-01-07 17:42:28,548][flwr][INFO] - Optimize your simulation with Flower VCE: https://flower.ai/docs/framework/how-to-run-simulations.html
[2025-01-07 17:42:28,548][flwr][INFO] - Flower VCE: Resources for each Virtual Client: {'num_cpus': 2, 'num_gpus': 0}
[2025-01-07 17:42:28,557][flwr][INFO] - Flower VCE: Creating VirtualClientEngineActorPool with 6 actors
[2025-01-07 17:42:28,557][flwr][INFO] - [INIT]
[2025-01-07 17:42:28,557][flwr][INFO] - Requesting initial parameters from one random client
[2025-01-07 17:42:31,379][flwr][INFO] - Received initial parameters from one random client
[2025-01-07 17:42:31,379][flwr][INFO] - Starting evaluation of initial global parameters
[2025-01-07 17:42:32,922][flwr][INFO] - initial parameters (loss, other metrics): 181.8743236064911, {'accuracy': 0.0968}
[2025-01-07 17:42:32,922][flwr][INFO] - 
[2025-01-07 17:42:32,922][flwr][INFO] - [ROUND 1]
[2025-01-07 17:42:32,922][flwr][INFO] - configure_fit: strategy sampled 2 clients (out of 10)
[2025-01-07 17:42:40,133][flwr][INFO] - aggregate_fit: received 2 results and 0 failures
[2025-01-07 17:42:40,138][flwr][WARNING] - No fit_metrics_aggregation_fn provided
[2025-01-07 17:42:42,002][flwr][INFO] - fit progress: (1, 55.85983341932297, {'accuracy': 0.864}, 9.080098753998755)
[2025-01-07 17:42:42,002][flwr][INFO] - configure_evaluate: strategy sampled 3 clients (out of 10)
[2025-01-07 17:42:44,132][flwr][INFO] - aggregate_evaluate: received 3 results and 0 failures
[2025-01-07 17:42:44,132][flwr][WARNING] - No evaluate_metrics_aggregation_fn provided
[2025-01-07 17:42:44,132][flwr][INFO] - 
[2025-01-07 17:42:44,132][flwr][INFO] - [ROUND 2]
[2025-01-07 17:42:44,133][flwr][INFO] - configure_fit: strategy sampled 2 clients (out of 10)
[2025-01-07 17:42:49,051][flwr][INFO] - aggregate_fit: received 2 results and 0 failures
[2025-01-07 17:42:50,471][flwr][INFO] - fit progress: (2, 14.588244281243533, {'accuracy': 0.9561}, 17.548964429995976)
[2025-01-07 17:42:50,471][flwr][INFO] - configure_evaluate: strategy sampled 3 clients (out of 10)
[2025-01-07 17:42:50,964][flwr][INFO] - aggregate_evaluate: received 3 results and 0 failures
[2025-01-07 17:42:50,964][flwr][INFO] - 
[2025-01-07 17:42:50,964][flwr][INFO] - [ROUND 3]
[2025-01-07 17:42:50,965][flwr][INFO] - configure_fit: strategy sampled 2 clients (out of 10)
[2025-01-07 17:42:56,003][flwr][INFO] - aggregate_fit: received 2 results and 0 failures
[2025-01-07 17:42:57,408][flwr][INFO] - fit progress: (3, 10.981813160091406, {'accuracy': 0.968}, 24.48661196699686)
[2025-01-07 17:42:57,409][flwr][INFO] - configure_evaluate: strategy sampled 3 clients (out of 10)
[2025-01-07 17:42:57,885][flwr][INFO] - aggregate_evaluate: received 3 results and 0 failures
[2025-01-07 17:42:57,885][flwr][INFO] - 
[2025-01-07 17:42:57,885][flwr][INFO] - [ROUND 4]
[2025-01-07 17:42:57,885][flwr][INFO] - configure_fit: strategy sampled 2 clients (out of 10)
[2025-01-07 17:43:02,984][flwr][INFO] - aggregate_fit: received 2 results and 0 failures
[2025-01-07 17:43:04,494][flwr][INFO] - fit progress: (4, 8.705009067314677, {'accuracy': 0.9728}, 31.57227955399867)
[2025-01-07 17:43:04,494][flwr][INFO] - configure_evaluate: strategy sampled 3 clients (out of 10)
[2025-01-07 17:43:04,992][flwr][INFO] - aggregate_evaluate: received 3 results and 0 failures
[2025-01-07 17:43:04,992][flwr][INFO] - 
[2025-01-07 17:43:04,992][flwr][INFO] - [ROUND 5]
[2025-01-07 17:43:04,993][flwr][INFO] - configure_fit: strategy sampled 2 clients (out of 10)
[2025-01-07 17:43:10,248][flwr][INFO] - aggregate_fit: received 2 results and 0 failures
[2025-01-07 17:43:11,808][flwr][INFO] - fit progress: (5, 11.201904958114028, {'accuracy': 0.9669}, 38.886499981999805)
[2025-01-07 17:43:11,809][flwr][INFO] - configure_evaluate: strategy sampled 3 clients (out of 10)
[2025-01-07 17:43:12,277][flwr][INFO] - aggregate_evaluate: received 3 results and 0 failures
[2025-01-07 17:43:12,277][flwr][INFO] - 
[2025-01-07 17:43:12,277][flwr][INFO] - [ROUND 6]
[2025-01-07 17:43:12,278][flwr][INFO] - configure_fit: strategy sampled 2 clients (out of 10)
[2025-01-07 17:43:18,017][flwr][INFO] - aggregate_fit: received 2 results and 0 failures
[2025-01-07 17:43:19,209][flwr][INFO] - fit progress: (6, 13.060638920636848, {'accuracy': 0.9657}, 46.28712453800108)
[2025-01-07 17:43:19,209][flwr][INFO] - configure_evaluate: strategy sampled 3 clients (out of 10)
[2025-01-07 17:43:19,702][flwr][INFO] - aggregate_evaluate: received 3 results and 0 failures
[2025-01-07 17:43:19,702][flwr][INFO] - 
[2025-01-07 17:43:19,702][flwr][INFO] - [ROUND 7]
[2025-01-07 17:43:19,702][flwr][INFO] - configure_fit: strategy sampled 2 clients (out of 10)
[2025-01-07 17:43:25,539][flwr][INFO] - aggregate_fit: received 2 results and 0 failures
[2025-01-07 17:43:26,657][flwr][INFO] - fit progress: (7, 14.018594527267851, {'accuracy': 0.9672}, 53.73521205999714)
[2025-01-07 17:43:26,657][flwr][INFO] - configure_evaluate: strategy sampled 3 clients (out of 10)
[2025-01-07 17:43:27,140][flwr][INFO] - aggregate_evaluate: received 3 results and 0 failures
[2025-01-07 17:43:27,141][flwr][INFO] - 
[2025-01-07 17:43:27,141][flwr][INFO] - [ROUND 8]
[2025-01-07 17:43:27,141][flwr][INFO] - configure_fit: strategy sampled 2 clients (out of 10)
[2025-01-07 17:43:33,522][flwr][INFO] - aggregate_fit: received 2 results and 0 failures
[2025-01-07 17:43:34,822][flwr][INFO] - fit progress: (8, 182.87242460250854, {'accuracy': 0.1009}, 61.899970471000415)
[2025-01-07 17:43:34,822][flwr][INFO] - configure_evaluate: strategy sampled 3 clients (out of 10)
[2025-01-07 17:43:35,311][flwr][INFO] - aggregate_evaluate: received 3 results and 0 failures
[2025-01-07 17:43:35,312][flwr][INFO] - 
[2025-01-07 17:43:35,312][flwr][INFO] - [ROUND 9]
[2025-01-07 17:43:35,312][flwr][INFO] - configure_fit: strategy sampled 2 clients (out of 10)
[2025-01-07 17:43:40,360][flwr][INFO] - aggregate_fit: received 2 results and 0 failures
[2025-01-07 17:43:41,643][flwr][INFO] - fit progress: (9, 182.01561331748962, {'accuracy': 0.0974}, 68.72147204099747)
[2025-01-07 17:43:41,644][flwr][INFO] - configure_evaluate: strategy sampled 3 clients (out of 10)
[2025-01-07 17:43:42,142][flwr][INFO] - aggregate_evaluate: received 3 results and 0 failures
[2025-01-07 17:43:42,142][flwr][INFO] - 
[2025-01-07 17:43:42,142][flwr][INFO] - [ROUND 10]
[2025-01-07 17:43:42,142][flwr][INFO] - configure_fit: strategy sampled 2 clients (out of 10)
[2025-01-07 17:43:47,258][flwr][INFO] - aggregate_fit: received 2 results and 0 failures
[2025-01-07 17:43:48,626][flwr][INFO] - fit progress: (10, 181.84569764137268, {'accuracy': 0.1135}, 75.70454284200241)
[2025-01-07 17:43:48,627][flwr][INFO] - configure_evaluate: strategy sampled 3 clients (out of 10)
[2025-01-07 17:43:49,114][flwr][INFO] - aggregate_evaluate: received 3 results and 0 failures
[2025-01-07 17:43:49,114][flwr][INFO] - 
[2025-01-07 17:43:49,114][flwr][INFO] - [SUMMARY]
[2025-01-07 17:43:49,114][flwr][INFO] - Run finished 10 round(s) in 76.19s
[2025-01-07 17:43:49,115][flwr][INFO] - 	History (loss, distributed):
[2025-01-07 17:43:49,115][flwr][INFO] - 		round 1: 13.965289245049158
[2025-01-07 17:43:49,115][flwr][INFO] - 		round 2: 4.739544240136941
[2025-01-07 17:43:49,115][flwr][INFO] - 		round 3: 3.2587024595547214
[2025-01-07 17:43:49,115][flwr][INFO] - 		round 4: 2.4571028907472887
[2025-01-07 17:43:49,115][flwr][INFO] - 		round 5: 3.1878705068180957
[2025-01-07 17:43:49,115][flwr][INFO] - 		round 6: 4.237990611232817
[2025-01-07 17:43:49,115][flwr][INFO] - 		round 7: 4.010664976817982
[2025-01-07 17:43:49,115][flwr][INFO] - 		round 8: 43.99954334894816
[2025-01-07 17:43:49,115][flwr][INFO] - 		round 9: 43.72588300704956
[2025-01-07 17:43:49,115][flwr][INFO] - 		round 10: 43.72981723149618
[2025-01-07 17:43:49,115][flwr][INFO] - 	History (loss, centralized):
[2025-01-07 17:43:49,115][flwr][INFO] - 		round 0: 181.8743236064911
[2025-01-07 17:43:49,115][flwr][INFO] - 		round 1: 55.85983341932297
[2025-01-07 17:43:49,115][flwr][INFO] - 		round 2: 14.588244281243533
[2025-01-07 17:43:49,115][flwr][INFO] - 		round 3: 10.981813160091406
[2025-01-07 17:43:49,115][flwr][INFO] - 		round 4: 8.705009067314677
[2025-01-07 17:43:49,116][flwr][INFO] - 		round 5: 11.201904958114028
[2025-01-07 17:43:49,116][flwr][INFO] - 		round 6: 13.060638920636848
[2025-01-07 17:43:49,116][flwr][INFO] - 		round 7: 14.018594527267851
[2025-01-07 17:43:49,116][flwr][INFO] - 		round 8: 182.87242460250854
[2025-01-07 17:43:49,116][flwr][INFO] - 		round 9: 182.01561331748962
[2025-01-07 17:43:49,116][flwr][INFO] - 		round 10: 181.84569764137268
[2025-01-07 17:43:49,116][flwr][INFO] - 	History (metrics, centralized):
[2025-01-07 17:43:49,116][flwr][INFO] - 	{'accuracy': [(0, 0.0968),
[2025-01-07 17:43:49,116][flwr][INFO] - 	              (1, 0.864),
[2025-01-07 17:43:49,116][flwr][INFO] - 	              (2, 0.9561),
[2025-01-07 17:43:49,116][flwr][INFO] - 	              (3, 0.968),
[2025-01-07 17:43:49,116][flwr][INFO] - 	              (4, 0.9728),
[2025-01-07 17:43:49,116][flwr][INFO] - 	              (5, 0.9669),
[2025-01-07 17:43:49,116][flwr][INFO] - 	              (6, 0.9657),
[2025-01-07 17:43:49,116][flwr][INFO] - 	              (7, 0.9672),
[2025-01-07 17:43:49,116][flwr][INFO] - 	              (8, 0.1009),
[2025-01-07 17:43:49,116][flwr][INFO] - 	              (9, 0.0974),
[2025-01-07 17:43:49,116][flwr][INFO] - 	              (10, 0.1135)]}
[2025-01-07 17:43:49,116][flwr][INFO] - 
