[2024-12-31 15:21:01,992][flwr][INFO] - Starting Flower simulation, config: num_rounds=10, no round_timeout
[2024-12-31 15:21:05,586][flwr][INFO] - Flower VCE: Ray initialized with resources: {'node:__internal_head__': 1.0, 'node:192.168.1.11': 1.0, 'CPU': 12.0, 'object_store_memory': 3041401651.0, 'memory': 6082803303.0}
[2024-12-31 15:21:05,586][flwr][INFO] - Optimize your simulation with Flower VCE: https://flower.ai/docs/framework/how-to-run-simulations.html
[2024-12-31 15:21:05,586][flwr][INFO] - Flower VCE: Resources for each Virtual Client: {'num_cpus': 2, 'num_gpus': 0}
[2024-12-31 15:21:05,595][flwr][INFO] - Flower VCE: Creating VirtualClientEngineActorPool with 6 actors
[2024-12-31 15:21:05,595][flwr][INFO] - [INIT]
[2024-12-31 15:21:05,595][flwr][INFO] - Using initial global parameters provided by strategy
[2024-12-31 15:21:05,596][flwr][INFO] - Starting evaluation of initial global parameters
[2024-12-31 15:21:08,288][flwr][INFO] - initial parameters (loss, other metrics): 182.2594244480133, {'accuracy': 0.1021}
[2024-12-31 15:21:08,288][flwr][INFO] - 
[2024-12-31 15:21:08,288][flwr][INFO] - [ROUND 1]
[2024-12-31 15:21:08,289][flwr][INFO] - configure_fit: strategy sampled 2 clients (out of 10)
[2024-12-31 15:21:15,927][flwr][INFO] - aggregate_fit: received 2 results and 0 failures
[2024-12-31 15:21:15,931][flwr][WARNING] - No fit_metrics_aggregation_fn provided
[2024-12-31 15:21:17,392][flwr][INFO] - fit progress: (1, 171.4078073501587, {'accuracy': 0.223}, 9.103759631005232)
[2024-12-31 15:21:17,392][flwr][INFO] - configure_evaluate: strategy sampled 5 clients (out of 10)
[2024-12-31 15:21:21,127][flwr][INFO] - aggregate_evaluate: received 5 results and 0 failures
[2024-12-31 15:21:21,127][flwr][WARNING] - No evaluate_metrics_aggregation_fn provided
[2024-12-31 15:21:21,127][flwr][INFO] - 
[2024-12-31 15:21:21,127][flwr][INFO] - [ROUND 2]
[2024-12-31 15:21:21,127][flwr][INFO] - configure_fit: strategy sampled 2 clients (out of 10)
[2024-12-31 15:21:26,710][flwr][INFO] - aggregate_fit: received 2 results and 0 failures
[2024-12-31 15:21:27,986][flwr][INFO] - fit progress: (2, 79.74603354930878, {'accuracy': 0.7045}, 19.697874648001743)
[2024-12-31 15:21:27,986][flwr][INFO] - configure_evaluate: strategy sampled 5 clients (out of 10)
[2024-12-31 15:21:28,727][flwr][INFO] - aggregate_evaluate: received 5 results and 0 failures
[2024-12-31 15:21:28,727][flwr][INFO] - 
[2024-12-31 15:21:28,727][flwr][INFO] - [ROUND 3]
[2024-12-31 15:21:28,727][flwr][INFO] - configure_fit: strategy sampled 2 clients (out of 10)
[2024-12-31 15:21:34,049][flwr][INFO] - aggregate_fit: received 2 results and 0 failures
[2024-12-31 15:21:35,465][flwr][INFO] - fit progress: (3, 187.78929495811462, {'accuracy': 0.101}, 27.176791006000713)
[2024-12-31 15:21:35,465][flwr][INFO] - configure_evaluate: strategy sampled 5 clients (out of 10)
[2024-12-31 15:21:36,265][flwr][INFO] - aggregate_evaluate: received 5 results and 0 failures
[2024-12-31 15:21:36,265][flwr][INFO] - 
[2024-12-31 15:21:36,265][flwr][INFO] - [ROUND 4]
[2024-12-31 15:21:36,265][flwr][INFO] - configure_fit: strategy sampled 2 clients (out of 10)
[2024-12-31 15:21:41,609][flwr][INFO] - aggregate_fit: received 2 results and 0 failures
[2024-12-31 15:21:43,448][flwr][INFO] - fit progress: (4, 181.8754427433014, {'accuracy': 0.1135}, 35.15972350499942)
[2024-12-31 15:21:43,448][flwr][INFO] - configure_evaluate: strategy sampled 5 clients (out of 10)
[2024-12-31 15:21:44,251][flwr][INFO] - aggregate_evaluate: received 5 results and 0 failures
[2024-12-31 15:21:44,251][flwr][INFO] - 
[2024-12-31 15:21:44,251][flwr][INFO] - [ROUND 5]
[2024-12-31 15:21:44,252][flwr][INFO] - configure_fit: strategy sampled 2 clients (out of 10)
[2024-12-31 15:21:49,724][flwr][INFO] - aggregate_fit: received 2 results and 0 failures
[2024-12-31 15:21:52,658][flwr][INFO] - fit progress: (5, 181.9228081703186, {'accuracy': 0.1135}, 44.36952161500085)
[2024-12-31 15:21:52,658][flwr][INFO] - configure_evaluate: strategy sampled 5 clients (out of 10)
[2024-12-31 15:21:53,424][flwr][INFO] - aggregate_evaluate: received 5 results and 0 failures
[2024-12-31 15:21:53,424][flwr][INFO] - 
[2024-12-31 15:21:53,425][flwr][INFO] - [ROUND 6]
[2024-12-31 15:21:53,425][flwr][INFO] - configure_fit: strategy sampled 2 clients (out of 10)
[2024-12-31 15:21:58,769][flwr][INFO] - aggregate_fit: received 2 results and 0 failures
[2024-12-31 15:22:00,457][flwr][INFO] - fit progress: (6, 181.8072543144226, {'accuracy': 0.1135}, 52.169209069004864)
[2024-12-31 15:22:00,458][flwr][INFO] - configure_evaluate: strategy sampled 5 clients (out of 10)
[2024-12-31 15:22:01,197][flwr][INFO] - aggregate_evaluate: received 5 results and 0 failures
[2024-12-31 15:22:01,197][flwr][INFO] - 
[2024-12-31 15:22:01,198][flwr][INFO] - [ROUND 7]
[2024-12-31 15:22:01,198][flwr][INFO] - configure_fit: strategy sampled 2 clients (out of 10)
[2024-12-31 15:22:07,044][flwr][INFO] - aggregate_fit: received 2 results and 0 failures
[2024-12-31 15:22:08,500][flwr][INFO] - fit progress: (7, 181.91486883163452, {'accuracy': 0.1028}, 60.21222863000003)
[2024-12-31 15:22:08,501][flwr][INFO] - configure_evaluate: strategy sampled 5 clients (out of 10)
[2024-12-31 15:22:09,252][flwr][INFO] - aggregate_evaluate: received 5 results and 0 failures
[2024-12-31 15:22:09,252][flwr][INFO] - 
[2024-12-31 15:22:09,252][flwr][INFO] - [ROUND 8]
[2024-12-31 15:22:09,252][flwr][INFO] - configure_fit: strategy sampled 2 clients (out of 10)
[2024-12-31 15:22:14,771][flwr][INFO] - aggregate_fit: received 2 results and 0 failures
[2024-12-31 15:22:16,312][flwr][INFO] - fit progress: (8, 182.20801281929016, {'accuracy': 0.0974}, 68.02369636799995)
[2024-12-31 15:22:16,312][flwr][INFO] - configure_evaluate: strategy sampled 5 clients (out of 10)
[2024-12-31 15:22:17,031][flwr][INFO] - aggregate_evaluate: received 5 results and 0 failures
[2024-12-31 15:22:17,031][flwr][INFO] - 
[2024-12-31 15:22:17,031][flwr][INFO] - [ROUND 9]
[2024-12-31 15:22:17,032][flwr][INFO] - configure_fit: strategy sampled 2 clients (out of 10)
[2024-12-31 15:22:22,345][flwr][INFO] - aggregate_fit: received 2 results and 0 failures
[2024-12-31 15:22:23,855][flwr][INFO] - fit progress: (9, 182.17985701560974, {'accuracy': 0.1032}, 75.56683251399954)
[2024-12-31 15:22:23,855][flwr][INFO] - configure_evaluate: strategy sampled 5 clients (out of 10)
[2024-12-31 15:22:24,545][flwr][INFO] - aggregate_evaluate: received 5 results and 0 failures
[2024-12-31 15:22:24,545][flwr][INFO] - 
[2024-12-31 15:22:24,545][flwr][INFO] - [ROUND 10]
[2024-12-31 15:22:24,546][flwr][INFO] - configure_fit: strategy sampled 2 clients (out of 10)
[2024-12-31 15:22:29,650][flwr][INFO] - aggregate_fit: received 2 results and 0 failures
[2024-12-31 15:22:30,988][flwr][INFO] - fit progress: (10, 182.0291199684143, {'accuracy': 0.0958}, 82.69999573200039)
[2024-12-31 15:22:30,988][flwr][INFO] - configure_evaluate: strategy sampled 5 clients (out of 10)
[2024-12-31 15:22:31,705][flwr][INFO] - aggregate_evaluate: received 5 results and 0 failures
[2024-12-31 15:22:31,705][flwr][INFO] - 
[2024-12-31 15:22:31,705][flwr][INFO] - [SUMMARY]
[2024-12-31 15:22:31,705][flwr][INFO] - Run finished 10 round(s) in 83.42s
[2024-12-31 15:22:31,706][flwr][INFO] - 	History (loss, distributed):
[2024-12-31 15:22:31,706][flwr][INFO] - 		round 1: 41.20017676353454
[2024-12-31 15:22:31,706][flwr][INFO] - 		round 2: 19.99399290084839
[2024-12-31 15:22:31,706][flwr][INFO] - 		round 3: 45.35030541419983
[2024-12-31 15:22:31,706][flwr][INFO] - 		round 4: 43.76201105117798
[2024-12-31 15:22:31,706][flwr][INFO] - 		round 5: 43.73982887268066
[2024-12-31 15:22:31,706][flwr][INFO] - 		round 6: 43.78125047683716
[2024-12-31 15:22:31,707][flwr][INFO] - 		round 7: 43.720182704925534
[2024-12-31 15:22:31,707][flwr][INFO] - 		round 8: 43.853233623504636
[2024-12-31 15:22:31,707][flwr][INFO] - 		round 9: 43.80096926689148
[2024-12-31 15:22:31,707][flwr][INFO] - 		round 10: 43.80270347595215
[2024-12-31 15:22:31,707][flwr][INFO] - 	History (loss, centralized):
[2024-12-31 15:22:31,707][flwr][INFO] - 		round 0: 182.2594244480133
[2024-12-31 15:22:31,707][flwr][INFO] - 		round 1: 171.4078073501587
[2024-12-31 15:22:31,707][flwr][INFO] - 		round 2: 79.74603354930878
[2024-12-31 15:22:31,707][flwr][INFO] - 		round 3: 187.78929495811462
[2024-12-31 15:22:31,708][flwr][INFO] - 		round 4: 181.8754427433014
[2024-12-31 15:22:31,708][flwr][INFO] - 		round 5: 181.9228081703186
[2024-12-31 15:22:31,708][flwr][INFO] - 		round 6: 181.8072543144226
[2024-12-31 15:22:31,708][flwr][INFO] - 		round 7: 181.91486883163452
[2024-12-31 15:22:31,708][flwr][INFO] - 		round 8: 182.20801281929016
[2024-12-31 15:22:31,708][flwr][INFO] - 		round 9: 182.17985701560974
[2024-12-31 15:22:31,708][flwr][INFO] - 		round 10: 182.0291199684143
[2024-12-31 15:22:31,708][flwr][INFO] - 	History (metrics, centralized):
[2024-12-31 15:22:31,708][flwr][INFO] - 	{'accuracy': [(0, 0.1021),
[2024-12-31 15:22:31,708][flwr][INFO] - 	              (1, 0.223),
[2024-12-31 15:22:31,709][flwr][INFO] - 	              (2, 0.7045),
[2024-12-31 15:22:31,709][flwr][INFO] - 	              (3, 0.101),
[2024-12-31 15:22:31,709][flwr][INFO] - 	              (4, 0.1135),
[2024-12-31 15:22:31,709][flwr][INFO] - 	              (5, 0.1135),
[2024-12-31 15:22:31,709][flwr][INFO] - 	              (6, 0.1135),
[2024-12-31 15:22:31,709][flwr][INFO] - 	              (7, 0.1028),
[2024-12-31 15:22:31,709][flwr][INFO] - 	              (8, 0.0974),
[2024-12-31 15:22:31,709][flwr][INFO] - 	              (9, 0.1032),
[2024-12-31 15:22:31,709][flwr][INFO] - 	              (10, 0.0958)]}
[2024-12-31 15:22:31,709][flwr][INFO] - 
