[2025-01-07 21:47:50,109][flwr][INFO] - Starting Flower simulation, config: num_rounds=15, no round_timeout
[2025-01-07 21:47:53,944][flwr][INFO] - Flower VCE: Ray initialized with resources: {'node:__internal_head__': 1.0, 'CPU': 12.0, 'node:192.168.1.11': 1.0, 'object_store_memory': 3127119052.0, 'memory': 6254238107.0}
[2025-01-07 21:47:53,944][flwr][INFO] - Optimize your simulation with Flower VCE: https://flower.ai/docs/framework/how-to-run-simulations.html
[2025-01-07 21:47:53,945][flwr][INFO] - Flower VCE: Resources for each Virtual Client: {'num_cpus': 2, 'num_gpus': 0}
[2025-01-07 21:47:53,969][flwr][INFO] - Flower VCE: Creating VirtualClientEngineActorPool with 6 actors
[2025-01-07 21:47:53,969][flwr][INFO] - [INIT]
[2025-01-07 21:47:53,969][flwr][INFO] - Requesting initial parameters from one random client
[2025-01-07 21:47:57,132][flwr][INFO] - Received initial parameters from one random client
[2025-01-07 21:47:57,133][flwr][INFO] - Starting evaluation of initial global parameters
[2025-01-07 21:47:58,963][flwr][INFO] - initial parameters (loss, other metrics): 182.7735378742218, {'accuracy': 0.1108}
[2025-01-07 21:47:58,964][flwr][INFO] - 
[2025-01-07 21:47:58,964][flwr][INFO] - [ROUND 1]
[2025-01-07 21:47:58,964][flwr][INFO] - configure_fit: strategy sampled 2 clients (out of 10)
[2025-01-07 21:48:16,618][flwr][INFO] - aggregate_fit: received 2 results and 0 failures
[2025-01-07 21:48:16,621][flwr][WARNING] - No fit_metrics_aggregation_fn provided
[2025-01-07 21:48:17,928][flwr][INFO] - fit progress: (1, 182.6558496952057, {'accuracy': 0.098}, 18.964359845995205)
[2025-01-07 21:48:17,928][flwr][INFO] - configure_evaluate: strategy sampled 2 clients (out of 10)
[2025-01-07 21:48:18,330][flwr][INFO] - aggregate_evaluate: received 2 results and 0 failures
[2025-01-07 21:48:18,330][flwr][WARNING] - No evaluate_metrics_aggregation_fn provided
[2025-01-07 21:48:18,330][flwr][INFO] - 
[2025-01-07 21:48:18,330][flwr][INFO] - [ROUND 2]
[2025-01-07 21:48:18,331][flwr][INFO] - configure_fit: strategy sampled 2 clients (out of 10)
[2025-01-07 21:48:30,286][flwr][INFO] - aggregate_fit: received 2 results and 0 failures
[2025-01-07 21:48:31,847][flwr][INFO] - fit progress: (2, 182.1422049999237, {'accuracy': 0.101}, 32.883684314001584)
[2025-01-07 21:48:31,848][flwr][INFO] - configure_evaluate: strategy sampled 2 clients (out of 10)
[2025-01-07 21:48:32,237][flwr][INFO] - aggregate_evaluate: received 2 results and 0 failures
[2025-01-07 21:48:32,237][flwr][INFO] - 
[2025-01-07 21:48:32,237][flwr][INFO] - [ROUND 3]
[2025-01-07 21:48:32,237][flwr][INFO] - configure_fit: strategy sampled 2 clients (out of 10)
[2025-01-07 21:48:43,841][flwr][INFO] - aggregate_fit: received 2 results and 0 failures
[2025-01-07 21:48:45,433][flwr][INFO] - fit progress: (3, 182.04476690292358, {'accuracy': 0.1032}, 46.46944844399695)
[2025-01-07 21:48:45,433][flwr][INFO] - configure_evaluate: strategy sampled 2 clients (out of 10)
[2025-01-07 21:48:45,869][flwr][INFO] - aggregate_evaluate: received 2 results and 0 failures
[2025-01-07 21:48:45,870][flwr][INFO] - 
[2025-01-07 21:48:45,870][flwr][INFO] - [ROUND 4]
[2025-01-07 21:48:45,870][flwr][INFO] - configure_fit: strategy sampled 2 clients (out of 10)
[2025-01-07 21:48:57,377][flwr][INFO] - aggregate_fit: received 2 results and 0 failures
[2025-01-07 21:48:59,350][flwr][INFO] - fit progress: (4, 182.6673493385315, {'accuracy': 0.0982}, 60.38615671300067)
[2025-01-07 21:48:59,350][flwr][INFO] - configure_evaluate: strategy sampled 2 clients (out of 10)
[2025-01-07 21:48:59,697][flwr][INFO] - aggregate_evaluate: received 2 results and 0 failures
[2025-01-07 21:48:59,698][flwr][INFO] - 
[2025-01-07 21:48:59,698][flwr][INFO] - [ROUND 5]
[2025-01-07 21:48:59,698][flwr][INFO] - configure_fit: strategy sampled 2 clients (out of 10)
[2025-01-07 21:49:11,161][flwr][INFO] - aggregate_fit: received 2 results and 0 failures
[2025-01-07 21:49:12,742][flwr][INFO] - fit progress: (5, 182.07185292243958, {'accuracy': 0.1135}, 73.77868994599703)
[2025-01-07 21:49:12,743][flwr][INFO] - configure_evaluate: strategy sampled 2 clients (out of 10)
[2025-01-07 21:49:13,147][flwr][INFO] - aggregate_evaluate: received 2 results and 0 failures
[2025-01-07 21:49:13,147][flwr][INFO] - 
[2025-01-07 21:49:13,147][flwr][INFO] - [ROUND 6]
[2025-01-07 21:49:13,148][flwr][INFO] - configure_fit: strategy sampled 2 clients (out of 10)
[2025-01-07 21:49:24,723][flwr][INFO] - aggregate_fit: received 2 results and 0 failures
[2025-01-07 21:49:26,138][flwr][INFO] - fit progress: (6, 182.14356875419617, {'accuracy': 0.101}, 87.17406135000056)
[2025-01-07 21:49:26,138][flwr][INFO] - configure_evaluate: strategy sampled 2 clients (out of 10)
[2025-01-07 21:49:26,542][flwr][INFO] - aggregate_evaluate: received 2 results and 0 failures
[2025-01-07 21:49:26,542][flwr][INFO] - 
[2025-01-07 21:49:26,542][flwr][INFO] - [ROUND 7]
[2025-01-07 21:49:26,542][flwr][INFO] - configure_fit: strategy sampled 2 clients (out of 10)
[2025-01-07 21:49:38,309][flwr][INFO] - aggregate_fit: received 2 results and 0 failures
[2025-01-07 21:49:39,907][flwr][INFO] - fit progress: (7, 182.50638055801392, {'accuracy': 0.0958}, 100.94352974800131)
[2025-01-07 21:49:39,907][flwr][INFO] - configure_evaluate: strategy sampled 2 clients (out of 10)
[2025-01-07 21:49:40,306][flwr][INFO] - aggregate_evaluate: received 2 results and 0 failures
[2025-01-07 21:49:40,306][flwr][INFO] - 
[2025-01-07 21:49:40,306][flwr][INFO] - [ROUND 8]
[2025-01-07 21:49:40,306][flwr][INFO] - configure_fit: strategy sampled 2 clients (out of 10)
[2025-01-07 21:49:51,827][flwr][INFO] - aggregate_fit: received 2 results and 0 failures
[2025-01-07 21:49:53,462][flwr][INFO] - fit progress: (8, 182.52559852600098, {'accuracy': 0.0958}, 114.4982486680019)
[2025-01-07 21:49:53,462][flwr][INFO] - configure_evaluate: strategy sampled 2 clients (out of 10)
[2025-01-07 21:49:53,846][flwr][INFO] - aggregate_evaluate: received 2 results and 0 failures
[2025-01-07 21:49:53,846][flwr][INFO] - 
[2025-01-07 21:49:53,846][flwr][INFO] - [ROUND 9]
[2025-01-07 21:49:53,846][flwr][INFO] - configure_fit: strategy sampled 2 clients (out of 10)
[2025-01-07 21:50:05,252][flwr][INFO] - aggregate_fit: received 2 results and 0 failures
[2025-01-07 21:50:06,695][flwr][INFO] - fit progress: (9, 182.85738587379456, {'accuracy': 0.0982}, 127.73125246800191)
[2025-01-07 21:50:06,695][flwr][INFO] - configure_evaluate: strategy sampled 2 clients (out of 10)
[2025-01-07 21:50:07,104][flwr][INFO] - aggregate_evaluate: received 2 results and 0 failures
[2025-01-07 21:50:07,105][flwr][INFO] - 
[2025-01-07 21:50:07,105][flwr][INFO] - [ROUND 10]
[2025-01-07 21:50:07,105][flwr][INFO] - configure_fit: strategy sampled 2 clients (out of 10)
[2025-01-07 21:50:18,613][flwr][INFO] - aggregate_fit: received 2 results and 0 failures
[2025-01-07 21:50:19,927][flwr][INFO] - fit progress: (10, 182.32760977745056, {'accuracy': 0.1032}, 140.96303294300014)
[2025-01-07 21:50:19,927][flwr][INFO] - configure_evaluate: strategy sampled 2 clients (out of 10)
[2025-01-07 21:50:20,354][flwr][INFO] - aggregate_evaluate: received 2 results and 0 failures
[2025-01-07 21:50:20,354][flwr][INFO] - 
[2025-01-07 21:50:20,354][flwr][INFO] - [ROUND 11]
[2025-01-07 21:50:20,355][flwr][INFO] - configure_fit: strategy sampled 2 clients (out of 10)
[2025-01-07 21:50:31,860][flwr][INFO] - aggregate_fit: received 2 results and 0 failures
[2025-01-07 21:50:33,171][flwr][INFO] - fit progress: (11, 182.45025849342346, {'accuracy': 0.0892}, 154.2074196379981)
[2025-01-07 21:50:33,171][flwr][INFO] - configure_evaluate: strategy sampled 2 clients (out of 10)
[2025-01-07 21:50:33,568][flwr][INFO] - aggregate_evaluate: received 2 results and 0 failures
[2025-01-07 21:50:33,568][flwr][INFO] - 
[2025-01-07 21:50:33,568][flwr][INFO] - [ROUND 12]
[2025-01-07 21:50:33,568][flwr][INFO] - configure_fit: strategy sampled 2 clients (out of 10)
[2025-01-07 21:50:45,135][flwr][INFO] - aggregate_fit: received 2 results and 0 failures
[2025-01-07 21:50:46,802][flwr][INFO] - fit progress: (12, 182.09983229637146, {'accuracy': 0.1135}, 167.83864803199685)
[2025-01-07 21:50:46,803][flwr][INFO] - configure_evaluate: strategy sampled 2 clients (out of 10)
[2025-01-07 21:50:47,173][flwr][INFO] - aggregate_evaluate: received 2 results and 0 failures
[2025-01-07 21:50:47,173][flwr][INFO] - 
[2025-01-07 21:50:47,173][flwr][INFO] - [ROUND 13]
[2025-01-07 21:50:47,173][flwr][INFO] - configure_fit: strategy sampled 2 clients (out of 10)
[2025-01-07 21:50:58,973][flwr][INFO] - aggregate_fit: received 2 results and 0 failures
[2025-01-07 21:51:01,185][flwr][INFO] - fit progress: (13, 182.1546597480774, {'accuracy': 0.1135}, 182.22142039000028)
[2025-01-07 21:51:01,185][flwr][INFO] - configure_evaluate: strategy sampled 2 clients (out of 10)
[2025-01-07 21:51:01,615][flwr][INFO] - aggregate_evaluate: received 2 results and 0 failures
[2025-01-07 21:51:01,615][flwr][INFO] - 
[2025-01-07 21:51:01,615][flwr][INFO] - [ROUND 14]
[2025-01-07 21:51:01,615][flwr][INFO] - configure_fit: strategy sampled 2 clients (out of 10)
[2025-01-07 21:51:13,303][flwr][INFO] - aggregate_fit: received 2 results and 0 failures
[2025-01-07 21:51:14,854][flwr][INFO] - fit progress: (14, 181.9091603755951, {'accuracy': 0.1135}, 195.89068413299537)
[2025-01-07 21:51:14,855][flwr][INFO] - configure_evaluate: strategy sampled 2 clients (out of 10)
[2025-01-07 21:51:15,261][flwr][INFO] - aggregate_evaluate: received 2 results and 0 failures
[2025-01-07 21:51:15,261][flwr][INFO] - 
[2025-01-07 21:51:15,261][flwr][INFO] - [ROUND 15]
[2025-01-07 21:51:15,261][flwr][INFO] - configure_fit: strategy sampled 2 clients (out of 10)
[2025-01-07 21:51:26,670][flwr][INFO] - aggregate_fit: received 2 results and 0 failures
[2025-01-07 21:51:28,786][flwr][INFO] - fit progress: (15, 182.31053066253662, {'accuracy': 0.1032}, 209.8224903579976)
[2025-01-07 21:51:28,786][flwr][INFO] - configure_evaluate: strategy sampled 2 clients (out of 10)
[2025-01-07 21:51:29,136][flwr][INFO] - aggregate_evaluate: received 2 results and 0 failures
[2025-01-07 21:51:29,137][flwr][INFO] - 
[2025-01-07 21:51:29,137][flwr][INFO] - [SUMMARY]
[2025-01-07 21:51:29,137][flwr][INFO] - Run finished 15 round(s) in 210.17s
[2025-01-07 21:51:29,137][flwr][INFO] - 	History (loss, distributed):
[2025-01-07 21:51:29,137][flwr][INFO] - 		round 1: 87.48908519744873
[2025-01-07 21:51:29,138][flwr][INFO] - 		round 2: 87.50946795940399
[2025-01-07 21:51:29,138][flwr][INFO] - 		round 3: 87.74118614196777
[2025-01-07 21:51:29,138][flwr][INFO] - 		round 4: 88.08719754219055
[2025-01-07 21:51:29,138][flwr][INFO] - 		round 5: 87.44838833808899
[2025-01-07 21:51:29,138][flwr][INFO] - 		round 6: 87.55381989479065
[2025-01-07 21:51:29,138][flwr][INFO] - 		round 7: 87.92950332164764
[2025-01-07 21:51:29,138][flwr][INFO] - 		round 8: 87.88294649124146
[2025-01-07 21:51:29,138][flwr][INFO] - 		round 9: 88.10636222362518
[2025-01-07 21:51:29,138][flwr][INFO] - 		round 10: 87.77061855792999
[2025-01-07 21:51:29,138][flwr][INFO] - 		round 11: 87.62438380718231
[2025-01-07 21:51:29,138][flwr][INFO] - 		round 12: 87.70220899581909
[2025-01-07 21:51:29,138][flwr][INFO] - 		round 13: 87.72458946704865
[2025-01-07 21:51:29,138][flwr][INFO] - 		round 14: 87.46570777893066
[2025-01-07 21:51:29,138][flwr][INFO] - 		round 15: 87.58543062210083
[2025-01-07 21:51:29,138][flwr][INFO] - 	History (loss, centralized):
[2025-01-07 21:51:29,138][flwr][INFO] - 		round 0: 182.7735378742218
[2025-01-07 21:51:29,138][flwr][INFO] - 		round 1: 182.6558496952057
[2025-01-07 21:51:29,138][flwr][INFO] - 		round 2: 182.1422049999237
[2025-01-07 21:51:29,138][flwr][INFO] - 		round 3: 182.04476690292358
[2025-01-07 21:51:29,138][flwr][INFO] - 		round 4: 182.6673493385315
[2025-01-07 21:51:29,138][flwr][INFO] - 		round 5: 182.07185292243958
[2025-01-07 21:51:29,138][flwr][INFO] - 		round 6: 182.14356875419617
[2025-01-07 21:51:29,138][flwr][INFO] - 		round 7: 182.50638055801392
[2025-01-07 21:51:29,138][flwr][INFO] - 		round 8: 182.52559852600098
[2025-01-07 21:51:29,138][flwr][INFO] - 		round 9: 182.85738587379456
[2025-01-07 21:51:29,138][flwr][INFO] - 		round 10: 182.32760977745056
[2025-01-07 21:51:29,139][flwr][INFO] - 		round 11: 182.45025849342346
[2025-01-07 21:51:29,139][flwr][INFO] - 		round 12: 182.09983229637146
[2025-01-07 21:51:29,139][flwr][INFO] - 		round 13: 182.1546597480774
[2025-01-07 21:51:29,139][flwr][INFO] - 		round 14: 181.9091603755951
[2025-01-07 21:51:29,139][flwr][INFO] - 		round 15: 182.31053066253662
[2025-01-07 21:51:29,139][flwr][INFO] - 	History (metrics, centralized):
[2025-01-07 21:51:29,139][flwr][INFO] - 	{'accuracy': [(0, 0.1108),
[2025-01-07 21:51:29,139][flwr][INFO] - 	              (1, 0.098),
[2025-01-07 21:51:29,139][flwr][INFO] - 	              (2, 0.101),
[2025-01-07 21:51:29,139][flwr][INFO] - 	              (3, 0.1032),
[2025-01-07 21:51:29,139][flwr][INFO] - 	              (4, 0.0982),
[2025-01-07 21:51:29,139][flwr][INFO] - 	              (5, 0.1135),
[2025-01-07 21:51:29,139][flwr][INFO] - 	              (6, 0.101),
[2025-01-07 21:51:29,139][flwr][INFO] - 	              (7, 0.0958),
[2025-01-07 21:51:29,139][flwr][INFO] - 	              (8, 0.0958),
[2025-01-07 21:51:29,139][flwr][INFO] - 	              (9, 0.0982),
[2025-01-07 21:51:29,139][flwr][INFO] - 	              (10, 0.1032),
[2025-01-07 21:51:29,139][flwr][INFO] - 	              (11, 0.0892),
[2025-01-07 21:51:29,139][flwr][INFO] - 	              (12, 0.1135),
[2025-01-07 21:51:29,139][flwr][INFO] - 	              (13, 0.1135),
[2025-01-07 21:51:29,139][flwr][INFO] - 	              (14, 0.1135),
[2025-01-07 21:51:29,139][flwr][INFO] - 	              (15, 0.1032)]}
[2025-01-07 21:51:29,139][flwr][INFO] - 
