[2025-01-07 17:25:05,115][flwr][INFO] - Starting Flower simulation, config: num_rounds=10, no round_timeout
[2025-01-07 17:25:08,517][flwr][INFO] - Flower VCE: Ray initialized with resources: {'memory': 6404984832.0, 'object_store_memory': 3202492416.0, 'node:__internal_head__': 1.0, 'node:192.168.1.11': 1.0, 'CPU': 12.0}
[2025-01-07 17:25:08,517][flwr][INFO] - Optimize your simulation with Flower VCE: https://flower.ai/docs/framework/how-to-run-simulations.html
[2025-01-07 17:25:08,517][flwr][INFO] - Flower VCE: Resources for each Virtual Client: {'num_cpus': 2, 'num_gpus': 0}
[2025-01-07 17:25:08,524][flwr][INFO] - Flower VCE: Creating VirtualClientEngineActorPool with 6 actors
[2025-01-07 17:25:08,524][flwr][INFO] - [INIT]
[2025-01-07 17:25:08,524][flwr][INFO] - Requesting initial parameters from one random client
[2025-01-07 17:25:11,241][flwr][INFO] - Received initial parameters from one random client
[2025-01-07 17:25:11,241][flwr][INFO] - Starting evaluation of initial global parameters
[2025-01-07 17:25:12,447][flwr][INFO] - initial parameters (loss, other metrics): 181.97381234169006, {'accuracy': 0.098}
[2025-01-07 17:25:12,447][flwr][INFO] - 
[2025-01-07 17:25:12,447][flwr][INFO] - [ROUND 1]
[2025-01-07 17:25:12,447][flwr][INFO] - configure_fit: strategy sampled 2 clients (out of 10)
[2025-01-07 17:25:22,630][flwr][INFO] - aggregate_fit: received 2 results and 0 failures
[2025-01-07 17:25:22,636][flwr][WARNING] - No fit_metrics_aggregation_fn provided
[2025-01-07 17:25:23,839][flwr][INFO] - fit progress: (1, 42362.00665283203, {'accuracy': 0.0958}, 11.392492625993327)
[2025-01-07 17:25:23,840][flwr][INFO] - configure_evaluate: strategy sampled 5 clients (out of 10)
[2025-01-07 17:25:27,602][flwr][INFO] - aggregate_evaluate: received 5 results and 0 failures
[2025-01-07 17:25:27,603][flwr][WARNING] - No evaluate_metrics_aggregation_fn provided
[2025-01-07 17:25:27,603][flwr][INFO] - 
[2025-01-07 17:25:27,603][flwr][INFO] - [ROUND 2]
[2025-01-07 17:25:27,603][flwr][INFO] - configure_fit: strategy sampled 2 clients (out of 10)
[2025-01-07 17:25:34,765][flwr][INFO] - aggregate_fit: received 2 results and 0 failures
[2025-01-07 17:25:36,238][flwr][INFO] - fit progress: (2, 182.0033688545227, {'accuracy': 0.1028}, 23.790824113995768)
[2025-01-07 17:25:36,238][flwr][INFO] - configure_evaluate: strategy sampled 5 clients (out of 10)
[2025-01-07 17:25:37,045][flwr][INFO] - aggregate_evaluate: received 5 results and 0 failures
[2025-01-07 17:25:37,046][flwr][INFO] - 
[2025-01-07 17:25:37,046][flwr][INFO] - [ROUND 3]
[2025-01-07 17:25:37,046][flwr][INFO] - configure_fit: strategy sampled 2 clients (out of 10)
[2025-01-07 17:25:44,201][flwr][INFO] - aggregate_fit: received 2 results and 0 failures
[2025-01-07 17:25:45,745][flwr][INFO] - fit progress: (3, 182.0787274837494, {'accuracy': 0.101}, 33.29842005699902)
[2025-01-07 17:25:45,746][flwr][INFO] - configure_evaluate: strategy sampled 5 clients (out of 10)
[2025-01-07 17:25:46,682][flwr][INFO] - aggregate_evaluate: received 5 results and 0 failures
[2025-01-07 17:25:46,682][flwr][INFO] - 
[2025-01-07 17:25:46,683][flwr][INFO] - [ROUND 4]
[2025-01-07 17:25:46,683][flwr][INFO] - configure_fit: strategy sampled 2 clients (out of 10)
[2025-01-07 17:25:53,831][flwr][INFO] - aggregate_fit: received 2 results and 0 failures
[2025-01-07 17:25:55,495][flwr][INFO] - fit progress: (4, 182.51539969444275, {'accuracy': 0.1032}, 43.04867402099626)
[2025-01-07 17:25:55,496][flwr][INFO] - configure_evaluate: strategy sampled 5 clients (out of 10)
[2025-01-07 17:25:56,322][flwr][INFO] - aggregate_evaluate: received 5 results and 0 failures
[2025-01-07 17:25:56,322][flwr][INFO] - 
[2025-01-07 17:25:56,322][flwr][INFO] - [ROUND 5]
[2025-01-07 17:25:56,322][flwr][INFO] - configure_fit: strategy sampled 2 clients (out of 10)
[2025-01-07 17:26:03,606][flwr][INFO] - aggregate_fit: received 2 results and 0 failures
[2025-01-07 17:26:04,824][flwr][INFO] - fit progress: (5, 182.28538990020752, {'accuracy': 0.0974}, 52.37678271699406)
[2025-01-07 17:26:04,824][flwr][INFO] - configure_evaluate: strategy sampled 5 clients (out of 10)
[2025-01-07 17:26:05,617][flwr][INFO] - aggregate_evaluate: received 5 results and 0 failures
[2025-01-07 17:26:05,617][flwr][INFO] - 
[2025-01-07 17:26:05,617][flwr][INFO] - [ROUND 6]
[2025-01-07 17:26:05,618][flwr][INFO] - configure_fit: strategy sampled 2 clients (out of 10)
[2025-01-07 17:26:12,817][flwr][INFO] - aggregate_fit: received 2 results and 0 failures
[2025-01-07 17:26:14,633][flwr][INFO] - fit progress: (6, 182.57210159301758, {'accuracy': 0.0958}, 62.18632296499709)
[2025-01-07 17:26:14,633][flwr][INFO] - configure_evaluate: strategy sampled 5 clients (out of 10)
[2025-01-07 17:26:15,335][flwr][INFO] - aggregate_evaluate: received 5 results and 0 failures
[2025-01-07 17:26:15,335][flwr][INFO] - 
[2025-01-07 17:26:15,335][flwr][INFO] - [ROUND 7]
[2025-01-07 17:26:15,336][flwr][INFO] - configure_fit: strategy sampled 2 clients (out of 10)
[2025-01-07 17:26:22,561][flwr][INFO] - aggregate_fit: received 2 results and 0 failures
[2025-01-07 17:26:24,802][flwr][INFO] - fit progress: (7, 182.0666320323944, {'accuracy': 0.0982}, 72.35535881599935)
[2025-01-07 17:26:24,802][flwr][INFO] - configure_evaluate: strategy sampled 5 clients (out of 10)
[2025-01-07 17:26:25,492][flwr][INFO] - aggregate_evaluate: received 5 results and 0 failures
[2025-01-07 17:26:25,492][flwr][INFO] - 
[2025-01-07 17:26:25,492][flwr][INFO] - [ROUND 8]
[2025-01-07 17:26:25,493][flwr][INFO] - configure_fit: strategy sampled 2 clients (out of 10)
[2025-01-07 17:26:32,886][flwr][INFO] - aggregate_fit: received 2 results and 0 failures
[2025-01-07 17:26:34,322][flwr][INFO] - fit progress: (8, 182.1341528892517, {'accuracy': 0.1135}, 81.87489965099667)
[2025-01-07 17:26:34,322][flwr][INFO] - configure_evaluate: strategy sampled 5 clients (out of 10)
[2025-01-07 17:26:35,096][flwr][INFO] - aggregate_evaluate: received 5 results and 0 failures
[2025-01-07 17:26:35,096][flwr][INFO] - 
[2025-01-07 17:26:35,096][flwr][INFO] - [ROUND 9]
[2025-01-07 17:26:35,096][flwr][INFO] - configure_fit: strategy sampled 2 clients (out of 10)
[2025-01-07 17:26:42,417][flwr][INFO] - aggregate_fit: received 2 results and 0 failures
[2025-01-07 17:26:43,900][flwr][INFO] - fit progress: (9, 182.4990315437317, {'accuracy': 0.1028}, 91.45273857899883)
[2025-01-07 17:26:43,900][flwr][INFO] - configure_evaluate: strategy sampled 5 clients (out of 10)
[2025-01-07 17:26:44,686][flwr][INFO] - aggregate_evaluate: received 5 results and 0 failures
[2025-01-07 17:26:44,686][flwr][INFO] - 
[2025-01-07 17:26:44,686][flwr][INFO] - [ROUND 10]
[2025-01-07 17:26:44,687][flwr][INFO] - configure_fit: strategy sampled 2 clients (out of 10)
[2025-01-07 17:26:51,717][flwr][INFO] - aggregate_fit: received 2 results and 0 failures
[2025-01-07 17:26:53,203][flwr][INFO] - fit progress: (10, 182.21023678779602, {'accuracy': 0.1028}, 100.7560424369949)
[2025-01-07 17:26:53,203][flwr][INFO] - configure_evaluate: strategy sampled 5 clients (out of 10)
[2025-01-07 17:26:53,942][flwr][INFO] - aggregate_evaluate: received 5 results and 0 failures
[2025-01-07 17:26:53,943][flwr][INFO] - 
[2025-01-07 17:26:53,943][flwr][INFO] - [SUMMARY]
[2025-01-07 17:26:53,943][flwr][INFO] - Run finished 10 round(s) in 101.50s
[2025-01-07 17:26:53,943][flwr][INFO] - 	History (loss, distributed):
[2025-01-07 17:26:53,943][flwr][INFO] - 		round 1: 20106.790505981444
[2025-01-07 17:26:53,943][flwr][INFO] - 		round 2: 87.53518171310425
[2025-01-07 17:26:53,943][flwr][INFO] - 		round 3: 87.62848315238952
[2025-01-07 17:26:53,943][flwr][INFO] - 		round 4: 87.90088367462158
[2025-01-07 17:26:53,943][flwr][INFO] - 		round 5: 87.69917283058166
[2025-01-07 17:26:53,944][flwr][INFO] - 		round 6: 87.77423248291015
[2025-01-07 17:26:53,944][flwr][INFO] - 		round 7: 87.65656127929688
[2025-01-07 17:26:53,944][flwr][INFO] - 		round 8: 87.52931804656983
[2025-01-07 17:26:53,944][flwr][INFO] - 		round 9: 87.82944769859314
[2025-01-07 17:26:53,944][flwr][INFO] - 		round 10: 87.61923999786377
[2025-01-07 17:26:53,944][flwr][INFO] - 	History (loss, centralized):
[2025-01-07 17:26:53,944][flwr][INFO] - 		round 0: 181.97381234169006
[2025-01-07 17:26:53,944][flwr][INFO] - 		round 1: 42362.00665283203
[2025-01-07 17:26:53,944][flwr][INFO] - 		round 2: 182.0033688545227
[2025-01-07 17:26:53,944][flwr][INFO] - 		round 3: 182.0787274837494
[2025-01-07 17:26:53,944][flwr][INFO] - 		round 4: 182.51539969444275
[2025-01-07 17:26:53,944][flwr][INFO] - 		round 5: 182.28538990020752
[2025-01-07 17:26:53,944][flwr][INFO] - 		round 6: 182.57210159301758
[2025-01-07 17:26:53,944][flwr][INFO] - 		round 7: 182.0666320323944
[2025-01-07 17:26:53,944][flwr][INFO] - 		round 8: 182.1341528892517
[2025-01-07 17:26:53,944][flwr][INFO] - 		round 9: 182.4990315437317
[2025-01-07 17:26:53,944][flwr][INFO] - 		round 10: 182.21023678779602
[2025-01-07 17:26:53,944][flwr][INFO] - 	History (metrics, centralized):
[2025-01-07 17:26:53,944][flwr][INFO] - 	{'accuracy': [(0, 0.098),
[2025-01-07 17:26:53,944][flwr][INFO] - 	              (1, 0.0958),
[2025-01-07 17:26:53,945][flwr][INFO] - 	              (2, 0.1028),
[2025-01-07 17:26:53,945][flwr][INFO] - 	              (3, 0.101),
[2025-01-07 17:26:53,945][flwr][INFO] - 	              (4, 0.1032),
[2025-01-07 17:26:53,945][flwr][INFO] - 	              (5, 0.0974),
[2025-01-07 17:26:53,945][flwr][INFO] - 	              (6, 0.0958),
[2025-01-07 17:26:53,945][flwr][INFO] - 	              (7, 0.0982),
[2025-01-07 17:26:53,945][flwr][INFO] - 	              (8, 0.1135),
[2025-01-07 17:26:53,945][flwr][INFO] - 	              (9, 0.1028),
[2025-01-07 17:26:53,945][flwr][INFO] - 	              (10, 0.1028)]}
[2025-01-07 17:26:53,945][flwr][INFO] - 
