[2024-12-31 00:02:11,345][flwr][INFO] - Starting Flower simulation, config: num_rounds=10, no round_timeout
[2024-12-31 00:02:14,640][flwr][INFO] - Flower VCE: Ray initialized with resources: {'node:__internal_head__': 1.0, 'object_store_memory': 2990407680.0, 'memory': 5980815360.0, 'node:192.168.1.11': 1.0, 'CPU': 12.0}
[2024-12-31 00:02:14,641][flwr][INFO] - Optimize your simulation with Flower VCE: https://flower.ai/docs/framework/how-to-run-simulations.html
[2024-12-31 00:02:14,641][flwr][INFO] - Flower VCE: Resources for each Virtual Client: {'num_cpus': 2, 'num_gpus': 0}
[2024-12-31 00:02:14,648][flwr][INFO] - Flower VCE: Creating VirtualClientEngineActorPool with 6 actors
[2024-12-31 00:02:14,648][flwr][INFO] - [INIT]
[2024-12-31 00:02:14,649][flwr][INFO] - Using initial global parameters provided by strategy
[2024-12-31 00:02:14,649][flwr][INFO] - Starting evaluation of initial global parameters
[2024-12-31 00:02:17,594][flwr][INFO] - initial parameters (loss, other metrics): 182.0380735397339, {'accuracy': 0.0974}
[2024-12-31 00:02:17,594][flwr][INFO] - 
[2024-12-31 00:02:17,594][flwr][INFO] - [ROUND 1]
[2024-12-31 00:02:17,594][flwr][INFO] - configure_fit: strategy sampled 2 clients (out of 10)
[2024-12-31 00:02:27,725][flwr][INFO] - aggregate_fit: received 2 results and 0 failures
[2024-12-31 00:02:27,729][flwr][WARNING] - No fit_metrics_aggregation_fn provided
[2024-12-31 00:02:29,123][flwr][INFO] - fit progress: (1, 138.16384255886078, {'accuracy': 0.3967}, 11.528819800001656)
[2024-12-31 00:02:29,123][flwr][INFO] - configure_evaluate: strategy sampled 2 clients (out of 10)
[2024-12-31 00:02:29,551][flwr][INFO] - aggregate_evaluate: received 2 results and 0 failures
[2024-12-31 00:02:29,551][flwr][WARNING] - No evaluate_metrics_aggregation_fn provided
[2024-12-31 00:02:29,551][flwr][INFO] - 
[2024-12-31 00:02:29,551][flwr][INFO] - [ROUND 2]
[2024-12-31 00:02:29,551][flwr][INFO] - configure_fit: strategy sampled 2 clients (out of 10)
[2024-12-31 00:02:37,374][flwr][INFO] - aggregate_fit: received 2 results and 0 failures
[2024-12-31 00:02:39,047][flwr][INFO] - fit progress: (2, 182.19343852996826, {'accuracy': 0.1032}, 21.45278739599962)
[2024-12-31 00:02:39,047][flwr][INFO] - configure_evaluate: strategy sampled 2 clients (out of 10)
[2024-12-31 00:02:39,517][flwr][INFO] - aggregate_evaluate: received 2 results and 0 failures
[2024-12-31 00:02:39,517][flwr][INFO] - 
[2024-12-31 00:02:39,517][flwr][INFO] - [ROUND 3]
[2024-12-31 00:02:39,518][flwr][INFO] - configure_fit: strategy sampled 2 clients (out of 10)
[2024-12-31 00:02:47,131][flwr][INFO] - aggregate_fit: received 2 results and 0 failures
[2024-12-31 00:02:48,679][flwr][INFO] - fit progress: (3, 182.59774589538574, {'accuracy': 0.1135}, 31.084766443000262)
[2024-12-31 00:02:48,679][flwr][INFO] - configure_evaluate: strategy sampled 2 clients (out of 10)
[2024-12-31 00:02:49,092][flwr][INFO] - aggregate_evaluate: received 2 results and 0 failures
[2024-12-31 00:02:49,093][flwr][INFO] - 
[2024-12-31 00:02:49,093][flwr][INFO] - [ROUND 4]
[2024-12-31 00:02:49,093][flwr][INFO] - configure_fit: strategy sampled 2 clients (out of 10)
[2024-12-31 00:02:56,696][flwr][INFO] - aggregate_fit: received 2 results and 0 failures
[2024-12-31 00:02:58,596][flwr][INFO] - fit progress: (4, 182.1589686870575, {'accuracy': 0.1028}, 41.00184115800221)
[2024-12-31 00:02:58,596][flwr][INFO] - configure_evaluate: strategy sampled 2 clients (out of 10)
[2024-12-31 00:02:58,968][flwr][INFO] - aggregate_evaluate: received 2 results and 0 failures
[2024-12-31 00:02:58,968][flwr][INFO] - 
[2024-12-31 00:02:58,968][flwr][INFO] - [ROUND 5]
[2024-12-31 00:02:58,969][flwr][INFO] - configure_fit: strategy sampled 2 clients (out of 10)
[2024-12-31 00:03:06,401][flwr][INFO] - aggregate_fit: received 2 results and 0 failures
[2024-12-31 00:03:07,935][flwr][INFO] - fit progress: (5, 182.61736369132996, {'accuracy': 0.0958}, 50.34161083700019)
[2024-12-31 00:03:07,936][flwr][INFO] - configure_evaluate: strategy sampled 2 clients (out of 10)
[2024-12-31 00:03:08,375][flwr][INFO] - aggregate_evaluate: received 2 results and 0 failures
[2024-12-31 00:03:08,375][flwr][INFO] - 
[2024-12-31 00:03:08,375][flwr][INFO] - [ROUND 6]
[2024-12-31 00:03:08,376][flwr][INFO] - configure_fit: strategy sampled 2 clients (out of 10)
[2024-12-31 00:03:16,061][flwr][INFO] - aggregate_fit: received 2 results and 0 failures
[2024-12-31 00:03:17,718][flwr][INFO] - fit progress: (6, 182.0933837890625, {'accuracy': 0.1009}, 60.123699707000924)
[2024-12-31 00:03:17,718][flwr][INFO] - configure_evaluate: strategy sampled 2 clients (out of 10)
[2024-12-31 00:03:18,088][flwr][INFO] - aggregate_evaluate: received 2 results and 0 failures
[2024-12-31 00:03:18,088][flwr][INFO] - 
[2024-12-31 00:03:18,089][flwr][INFO] - [ROUND 7]
[2024-12-31 00:03:18,089][flwr][INFO] - configure_fit: strategy sampled 2 clients (out of 10)
[2024-12-31 00:03:26,447][flwr][INFO] - aggregate_fit: received 2 results and 0 failures
[2024-12-31 00:03:27,982][flwr][INFO] - fit progress: (7, 182.68517327308655, {'accuracy': 0.1028}, 70.38794915000108)
[2024-12-31 00:03:27,982][flwr][INFO] - configure_evaluate: strategy sampled 2 clients (out of 10)
[2024-12-31 00:03:28,394][flwr][INFO] - aggregate_evaluate: received 2 results and 0 failures
[2024-12-31 00:03:28,394][flwr][INFO] - 
[2024-12-31 00:03:28,394][flwr][INFO] - [ROUND 8]
[2024-12-31 00:03:28,395][flwr][INFO] - configure_fit: strategy sampled 2 clients (out of 10)
[2024-12-31 00:03:36,006][flwr][INFO] - aggregate_fit: received 2 results and 0 failures
[2024-12-31 00:03:37,381][flwr][INFO] - fit progress: (8, 182.21815633773804, {'accuracy': 0.098}, 79.78687310900204)
[2024-12-31 00:03:37,381][flwr][INFO] - configure_evaluate: strategy sampled 2 clients (out of 10)
[2024-12-31 00:03:37,830][flwr][INFO] - aggregate_evaluate: received 2 results and 0 failures
[2024-12-31 00:03:37,830][flwr][INFO] - 
[2024-12-31 00:03:37,830][flwr][INFO] - [ROUND 9]
[2024-12-31 00:03:37,831][flwr][INFO] - configure_fit: strategy sampled 2 clients (out of 10)
[2024-12-31 00:03:45,416][flwr][INFO] - aggregate_fit: received 2 results and 0 failures
[2024-12-31 00:03:46,893][flwr][INFO] - fit progress: (9, 182.38494563102722, {'accuracy': 0.1028}, 89.29865834299926)
[2024-12-31 00:03:46,893][flwr][INFO] - configure_evaluate: strategy sampled 2 clients (out of 10)
[2024-12-31 00:03:47,322][flwr][INFO] - aggregate_evaluate: received 2 results and 0 failures
[2024-12-31 00:03:47,322][flwr][INFO] - 
[2024-12-31 00:03:47,322][flwr][INFO] - [ROUND 10]
[2024-12-31 00:03:47,323][flwr][INFO] - configure_fit: strategy sampled 2 clients (out of 10)
[2024-12-31 00:03:54,881][flwr][INFO] - aggregate_fit: received 2 results and 0 failures
[2024-12-31 00:03:56,411][flwr][INFO] - fit progress: (10, 182.5853226184845, {'accuracy': 0.1135}, 98.8171130740011)
[2024-12-31 00:03:56,411][flwr][INFO] - configure_evaluate: strategy sampled 2 clients (out of 10)
[2024-12-31 00:03:56,902][flwr][INFO] - aggregate_evaluate: received 2 results and 0 failures
[2024-12-31 00:03:56,903][flwr][INFO] - 
[2024-12-31 00:03:56,903][flwr][INFO] - [SUMMARY]
[2024-12-31 00:03:56,903][flwr][INFO] - Run finished 10 round(s) in 99.31s
[2024-12-31 00:03:56,903][flwr][INFO] - 	History (loss, distributed):
[2024-12-31 00:03:56,903][flwr][INFO] - 		round 1: 66.15892559289932
[2024-12-31 00:03:56,904][flwr][INFO] - 		round 2: 87.62435281276703
[2024-12-31 00:03:56,904][flwr][INFO] - 		round 3: 87.67361676692963
[2024-12-31 00:03:56,904][flwr][INFO] - 		round 4: 87.62517142295837
[2024-12-31 00:03:56,904][flwr][INFO] - 		round 5: 88.01836168766022
[2024-12-31 00:03:56,904][flwr][INFO] - 		round 6: 87.46788668632507
[2024-12-31 00:03:56,904][flwr][INFO] - 		round 7: 87.92900204658508
[2024-12-31 00:03:56,904][flwr][INFO] - 		round 8: 87.61915373802185
[2024-12-31 00:03:56,904][flwr][INFO] - 		round 9: 87.60845923423767
[2024-12-31 00:03:56,904][flwr][INFO] - 		round 10: 87.92102217674255
[2024-12-31 00:03:56,905][flwr][INFO] - 	History (loss, centralized):
[2024-12-31 00:03:56,905][flwr][INFO] - 		round 0: 182.0380735397339
[2024-12-31 00:03:56,905][flwr][INFO] - 		round 1: 138.16384255886078
[2024-12-31 00:03:56,905][flwr][INFO] - 		round 2: 182.19343852996826
[2024-12-31 00:03:56,905][flwr][INFO] - 		round 3: 182.59774589538574
[2024-12-31 00:03:56,905][flwr][INFO] - 		round 4: 182.1589686870575
[2024-12-31 00:03:56,905][flwr][INFO] - 		round 5: 182.61736369132996
[2024-12-31 00:03:56,905][flwr][INFO] - 		round 6: 182.0933837890625
[2024-12-31 00:03:56,905][flwr][INFO] - 		round 7: 182.68517327308655
[2024-12-31 00:03:56,905][flwr][INFO] - 		round 8: 182.21815633773804
[2024-12-31 00:03:56,906][flwr][INFO] - 		round 9: 182.38494563102722
[2024-12-31 00:03:56,906][flwr][INFO] - 		round 10: 182.5853226184845
[2024-12-31 00:03:56,906][flwr][INFO] - 	History (metrics, centralized):
[2024-12-31 00:03:56,906][flwr][INFO] - 	{'accuracy': [(0, 0.0974),
[2024-12-31 00:03:56,906][flwr][INFO] - 	              (1, 0.3967),
[2024-12-31 00:03:56,906][flwr][INFO] - 	              (2, 0.1032),
[2024-12-31 00:03:56,906][flwr][INFO] - 	              (3, 0.1135),
[2024-12-31 00:03:56,906][flwr][INFO] - 	              (4, 0.1028),
[2024-12-31 00:03:56,906][flwr][INFO] - 	              (5, 0.0958),
[2024-12-31 00:03:56,906][flwr][INFO] - 	              (6, 0.1009),
[2024-12-31 00:03:56,906][flwr][INFO] - 	              (7, 0.1028),
[2024-12-31 00:03:56,906][flwr][INFO] - 	              (8, 0.098),
[2024-12-31 00:03:56,906][flwr][INFO] - 	              (9, 0.1028),
[2024-12-31 00:03:56,907][flwr][INFO] - 	              (10, 0.1135)]}
[2024-12-31 00:03:56,907][flwr][INFO] - 
