[2025-01-07 14:51:59,523][flwr][INFO] - Starting Flower simulation, config: num_rounds=5, no round_timeout
[2025-01-07 14:52:03,071][flwr][INFO] - Flower VCE: Ray initialized with resources: {'CPU': 12.0, 'node:192.168.1.11': 1.0, 'node:__internal_head__': 1.0, 'memory': 6231112091.0, 'object_store_memory': 3115556044.0}
[2025-01-07 14:52:03,071][flwr][INFO] - Optimize your simulation with Flower VCE: https://flower.ai/docs/framework/how-to-run-simulations.html
[2025-01-07 14:52:03,071][flwr][INFO] - Flower VCE: Resources for each Virtual Client: {'num_cpus': 2, 'num_gpus': 0}
[2025-01-07 14:52:03,077][flwr][INFO] - Flower VCE: Creating VirtualClientEngineActorPool with 6 actors
[2025-01-07 14:52:03,078][flwr][INFO] - [INIT]
[2025-01-07 14:52:03,078][flwr][INFO] - Requesting initial parameters from one random client
[2025-01-07 14:52:05,891][flwr][INFO] - Received initial parameters from one random client
[2025-01-07 14:52:05,891][flwr][INFO] - Starting evaluation of initial global parameters
[2025-01-07 14:52:07,407][flwr][INFO] - initial parameters (loss, other metrics): 182.17280268669128, {'accuracy': 0.0924}
[2025-01-07 14:52:07,408][flwr][INFO] - 
[2025-01-07 14:52:07,408][flwr][INFO] - [ROUND 1]
[2025-01-07 14:52:07,408][flwr][INFO] - configure_fit: strategy sampled 2 clients (out of 20)
[2025-01-07 14:52:13,877][flwr][INFO] - aggregate_fit: received 2 results and 0 failures
[2025-01-07 14:52:13,883][flwr][WARNING] - No fit_metrics_aggregation_fn provided
[2025-01-07 14:52:15,164][flwr][INFO] - fit progress: (1, 54.49788400530815, {'accuracy': 0.899}, 7.756060096002329)
[2025-01-07 14:52:15,164][flwr][INFO] - configure_evaluate: strategy sampled 5 clients (out of 20)
[2025-01-07 14:52:18,755][flwr][INFO] - aggregate_evaluate: received 5 results and 0 failures
[2025-01-07 14:52:18,755][flwr][WARNING] - No evaluate_metrics_aggregation_fn provided
[2025-01-07 14:52:18,755][flwr][INFO] - 
[2025-01-07 14:52:18,755][flwr][INFO] - [ROUND 2]
[2025-01-07 14:52:18,756][flwr][INFO] - configure_fit: strategy sampled 2 clients (out of 20)
[2025-01-07 14:52:23,255][flwr][INFO] - aggregate_fit: received 2 results and 0 failures
[2025-01-07 14:52:24,672][flwr][INFO] - fit progress: (2, 16.152637270395644, {'accuracy': 0.947}, 17.26428728800238)
[2025-01-07 14:52:24,672][flwr][INFO] - configure_evaluate: strategy sampled 5 clients (out of 20)
[2025-01-07 14:52:25,261][flwr][INFO] - aggregate_evaluate: received 5 results and 0 failures
[2025-01-07 14:52:25,261][flwr][INFO] - 
[2025-01-07 14:52:25,261][flwr][INFO] - [ROUND 3]
[2025-01-07 14:52:25,261][flwr][INFO] - configure_fit: strategy sampled 2 clients (out of 20)
[2025-01-07 14:52:29,763][flwr][INFO] - aggregate_fit: received 2 results and 0 failures
[2025-01-07 14:52:31,019][flwr][INFO] - fit progress: (3, 10.430142238532426, {'accuracy': 0.9687}, 23.611452751003526)
[2025-01-07 14:52:31,019][flwr][INFO] - configure_evaluate: strategy sampled 5 clients (out of 20)
[2025-01-07 14:52:31,654][flwr][INFO] - aggregate_evaluate: received 5 results and 0 failures
[2025-01-07 14:52:31,654][flwr][INFO] - 
[2025-01-07 14:52:31,654][flwr][INFO] - [ROUND 4]
[2025-01-07 14:52:31,655][flwr][INFO] - configure_fit: strategy sampled 2 clients (out of 20)
[2025-01-07 14:52:36,241][flwr][INFO] - aggregate_fit: received 2 results and 0 failures
[2025-01-07 14:52:37,980][flwr][INFO] - fit progress: (4, 10.761954734472965, {'accuracy': 0.9709}, 30.572652928000025)
[2025-01-07 14:52:37,981][flwr][INFO] - configure_evaluate: strategy sampled 5 clients (out of 20)
[2025-01-07 14:52:38,589][flwr][INFO] - aggregate_evaluate: received 5 results and 0 failures
[2025-01-07 14:52:38,590][flwr][INFO] - 
[2025-01-07 14:52:38,590][flwr][INFO] - [ROUND 5]
[2025-01-07 14:52:38,590][flwr][INFO] - configure_fit: strategy sampled 2 clients (out of 20)
[2025-01-07 14:52:43,319][flwr][INFO] - aggregate_fit: received 2 results and 0 failures
[2025-01-07 14:52:44,526][flwr][INFO] - fit progress: (5, 26.421545633114874, {'accuracy': 0.9446}, 37.118636827002774)
[2025-01-07 14:52:44,527][flwr][INFO] - configure_evaluate: strategy sampled 5 clients (out of 20)
[2025-01-07 14:52:45,142][flwr][INFO] - aggregate_evaluate: received 5 results and 0 failures
[2025-01-07 14:52:45,142][flwr][INFO] - 
[2025-01-07 14:52:45,142][flwr][INFO] - [SUMMARY]
[2025-01-07 14:52:45,142][flwr][INFO] - Run finished 5 round(s) in 37.73s
[2025-01-07 14:52:45,142][flwr][INFO] - 	History (loss, distributed):
[2025-01-07 14:52:45,143][flwr][INFO] - 		round 1: 7.11664850115776
[2025-01-07 14:52:45,143][flwr][INFO] - 		round 2: 2.2298499569878913
[2025-01-07 14:52:45,143][flwr][INFO] - 		round 3: 1.760499906176119
[2025-01-07 14:52:45,143][flwr][INFO] - 		round 4: 1.444412455257907
[2025-01-07 14:52:45,143][flwr][INFO] - 		round 5: 3.1181692831000873
[2025-01-07 14:52:45,143][flwr][INFO] - 	History (loss, centralized):
[2025-01-07 14:52:45,143][flwr][INFO] - 		round 0: 182.17280268669128
[2025-01-07 14:52:45,143][flwr][INFO] - 		round 1: 54.49788400530815
[2025-01-07 14:52:45,143][flwr][INFO] - 		round 2: 16.152637270395644
[2025-01-07 14:52:45,143][flwr][INFO] - 		round 3: 10.430142238532426
[2025-01-07 14:52:45,143][flwr][INFO] - 		round 4: 10.761954734472965
[2025-01-07 14:52:45,143][flwr][INFO] - 		round 5: 26.421545633114874
[2025-01-07 14:52:45,143][flwr][INFO] - 	History (metrics, centralized):
[2025-01-07 14:52:45,143][flwr][INFO] - 	{'accuracy': [(0, 0.0924),
[2025-01-07 14:52:45,143][flwr][INFO] - 	              (1, 0.899),
[2025-01-07 14:52:45,143][flwr][INFO] - 	              (2, 0.947),
[2025-01-07 14:52:45,143][flwr][INFO] - 	              (3, 0.9687),
[2025-01-07 14:52:45,143][flwr][INFO] - 	              (4, 0.9709),
[2025-01-07 14:52:45,143][flwr][INFO] - 	              (5, 0.9446)]}
[2025-01-07 14:52:45,143][flwr][INFO] - 
