[2025-01-07 15:48:56,923][flwr][INFO] - Starting Flower simulation, config: num_rounds=10, no round_timeout
[2025-01-07 15:49:00,410][flwr][INFO] - Flower VCE: Ray initialized with resources: {'memory': 6264469095.0, 'object_store_memory': 3132234547.0, 'CPU': 12.0, 'node:192.168.1.11': 1.0, 'node:__internal_head__': 1.0}
[2025-01-07 15:49:00,410][flwr][INFO] - Optimize your simulation with Flower VCE: https://flower.ai/docs/framework/how-to-run-simulations.html
[2025-01-07 15:49:00,410][flwr][INFO] - Flower VCE: Resources for each Virtual Client: {'num_cpus': 2, 'num_gpus': 0}
[2025-01-07 15:49:00,418][flwr][INFO] - Flower VCE: Creating VirtualClientEngineActorPool with 6 actors
[2025-01-07 15:49:00,418][flwr][INFO] - [INIT]
[2025-01-07 15:49:00,418][flwr][INFO] - Requesting initial parameters from one random client
[2025-01-07 15:49:03,082][flwr][INFO] - Received initial parameters from one random client
[2025-01-07 15:49:03,083][flwr][INFO] - Starting evaluation of initial global parameters
[2025-01-07 15:49:04,532][flwr][INFO] - initial parameters (loss, other metrics): 182.51970601081848, {'accuracy': 0.0142}
[2025-01-07 15:49:04,532][flwr][INFO] - 
[2025-01-07 15:49:04,533][flwr][INFO] - [ROUND 1]
[2025-01-07 15:49:04,533][flwr][INFO] - configure_fit: strategy sampled 2 clients (out of 5)
[2025-01-07 15:49:34,255][flwr][INFO] - aggregate_fit: received 2 results and 0 failures
[2025-01-07 15:49:34,259][flwr][WARNING] - No fit_metrics_aggregation_fn provided
[2025-01-07 15:49:35,367][flwr][INFO] - fit progress: (1, 182.1372082233429, {'accuracy': 0.0982}, 30.834657113002322)
[2025-01-07 15:49:35,367][flwr][INFO] - configure_evaluate: strategy sampled 5 clients (out of 5)
[2025-01-07 15:49:39,579][flwr][INFO] - aggregate_evaluate: received 5 results and 0 failures
[2025-01-07 15:49:39,579][flwr][WARNING] - No evaluate_metrics_aggregation_fn provided
[2025-01-07 15:49:39,580][flwr][INFO] - 
[2025-01-07 15:49:39,580][flwr][INFO] - [ROUND 2]
[2025-01-07 15:49:39,580][flwr][INFO] - configure_fit: strategy sampled 2 clients (out of 5)
[2025-01-07 15:50:01,821][flwr][INFO] - aggregate_fit: received 2 results and 0 failures
[2025-01-07 15:50:03,390][flwr][INFO] - fit progress: (2, 181.91190600395203, {'accuracy': 0.1135}, 58.8576037740022)
[2025-01-07 15:50:03,390][flwr][INFO] - configure_evaluate: strategy sampled 5 clients (out of 5)
[2025-01-07 15:50:04,426][flwr][INFO] - aggregate_evaluate: received 5 results and 0 failures
[2025-01-07 15:50:04,427][flwr][INFO] - 
[2025-01-07 15:50:04,427][flwr][INFO] - [ROUND 3]
[2025-01-07 15:50:04,427][flwr][INFO] - configure_fit: strategy sampled 2 clients (out of 5)
[2025-01-07 15:50:26,961][flwr][INFO] - aggregate_fit: received 2 results and 0 failures
[2025-01-07 15:50:28,714][flwr][INFO] - fit progress: (3, 181.90439343452454, {'accuracy': 0.1135}, 84.18185281600017)
[2025-01-07 15:50:28,715][flwr][INFO] - configure_evaluate: strategy sampled 5 clients (out of 5)
[2025-01-07 15:50:29,842][flwr][INFO] - aggregate_evaluate: received 5 results and 0 failures
[2025-01-07 15:50:29,843][flwr][INFO] - 
[2025-01-07 15:50:29,843][flwr][INFO] - [ROUND 4]
[2025-01-07 15:50:29,843][flwr][INFO] - configure_fit: strategy sampled 2 clients (out of 5)
[2025-01-07 15:50:52,354][flwr][INFO] - aggregate_fit: received 2 results and 0 failures
[2025-01-07 15:50:54,410][flwr][INFO] - fit progress: (4, 182.03744101524353, {'accuracy': 0.1028}, 109.8779395360034)
[2025-01-07 15:50:54,411][flwr][INFO] - configure_evaluate: strategy sampled 5 clients (out of 5)
[2025-01-07 15:50:55,423][flwr][INFO] - aggregate_evaluate: received 5 results and 0 failures
[2025-01-07 15:50:55,424][flwr][INFO] - 
[2025-01-07 15:50:55,424][flwr][INFO] - [ROUND 5]
[2025-01-07 15:50:55,424][flwr][INFO] - configure_fit: strategy sampled 2 clients (out of 5)
[2025-01-07 15:51:18,081][flwr][INFO] - aggregate_fit: received 2 results and 0 failures
[2025-01-07 15:51:20,115][flwr][INFO] - fit progress: (5, 182.0823531150818, {'accuracy': 0.1028}, 135.58288485800222)
[2025-01-07 15:51:20,116][flwr][INFO] - configure_evaluate: strategy sampled 5 clients (out of 5)
[2025-01-07 15:51:21,236][flwr][INFO] - aggregate_evaluate: received 5 results and 0 failures
[2025-01-07 15:51:21,237][flwr][INFO] - 
[2025-01-07 15:51:21,237][flwr][INFO] - [ROUND 6]
[2025-01-07 15:51:21,237][flwr][INFO] - configure_fit: strategy sampled 2 clients (out of 5)
[2025-01-07 15:51:43,981][flwr][INFO] - aggregate_fit: received 2 results and 0 failures
[2025-01-07 15:51:45,490][flwr][INFO] - fit progress: (6, 181.9151668548584, {'accuracy': 0.1135}, 160.95796254300149)
[2025-01-07 15:51:45,491][flwr][INFO] - configure_evaluate: strategy sampled 5 clients (out of 5)
[2025-01-07 15:51:46,576][flwr][INFO] - aggregate_evaluate: received 5 results and 0 failures
[2025-01-07 15:51:46,576][flwr][INFO] - 
[2025-01-07 15:51:46,576][flwr][INFO] - [ROUND 7]
[2025-01-07 15:51:46,577][flwr][INFO] - configure_fit: strategy sampled 2 clients (out of 5)
[2025-01-07 15:52:09,479][flwr][INFO] - aggregate_fit: received 2 results and 0 failures
[2025-01-07 15:52:11,374][flwr][INFO] - fit progress: (7, 182.17825984954834, {'accuracy': 0.1135}, 186.84113659700233)
[2025-01-07 15:52:11,374][flwr][INFO] - configure_evaluate: strategy sampled 5 clients (out of 5)
[2025-01-07 15:52:12,384][flwr][INFO] - aggregate_evaluate: received 5 results and 0 failures
[2025-01-07 15:52:12,384][flwr][INFO] - 
[2025-01-07 15:52:12,385][flwr][INFO] - [ROUND 8]
[2025-01-07 15:52:12,385][flwr][INFO] - configure_fit: strategy sampled 2 clients (out of 5)
[2025-01-07 15:52:34,821][flwr][INFO] - aggregate_fit: received 2 results and 0 failures
[2025-01-07 15:52:36,195][flwr][INFO] - fit progress: (8, 182.020498752594, {'accuracy': 0.0892}, 211.662184883)
[2025-01-07 15:52:36,195][flwr][INFO] - configure_evaluate: strategy sampled 5 clients (out of 5)
[2025-01-07 15:52:37,308][flwr][INFO] - aggregate_evaluate: received 5 results and 0 failures
[2025-01-07 15:52:37,308][flwr][INFO] - 
[2025-01-07 15:52:37,308][flwr][INFO] - [ROUND 9]
[2025-01-07 15:52:37,309][flwr][INFO] - configure_fit: strategy sampled 2 clients (out of 5)
[2025-01-07 15:52:59,935][flwr][INFO] - aggregate_fit: received 2 results and 0 failures
[2025-01-07 15:53:01,848][flwr][INFO] - fit progress: (9, 182.11580300331116, {'accuracy': 0.1135}, 237.3153440140013)
[2025-01-07 15:53:01,848][flwr][INFO] - configure_evaluate: strategy sampled 5 clients (out of 5)
[2025-01-07 15:53:02,906][flwr][INFO] - aggregate_evaluate: received 5 results and 0 failures
[2025-01-07 15:53:02,906][flwr][INFO] - 
[2025-01-07 15:53:02,906][flwr][INFO] - [ROUND 10]
[2025-01-07 15:53:02,907][flwr][INFO] - configure_fit: strategy sampled 2 clients (out of 5)
[2025-01-07 15:53:25,185][flwr][INFO] - aggregate_fit: received 2 results and 0 failures
[2025-01-07 15:53:26,398][flwr][INFO] - fit progress: (10, 181.84983801841736, {'accuracy': 0.1135}, 261.8659221520029)
[2025-01-07 15:53:26,399][flwr][INFO] - configure_evaluate: strategy sampled 5 clients (out of 5)
[2025-01-07 15:53:27,522][flwr][INFO] - aggregate_evaluate: received 5 results and 0 failures
[2025-01-07 15:53:27,523][flwr][INFO] - 
[2025-01-07 15:53:27,523][flwr][INFO] - [SUMMARY]
[2025-01-07 15:53:27,523][flwr][INFO] - Run finished 10 round(s) in 262.99s
[2025-01-07 15:53:27,523][flwr][INFO] - 	History (loss, distributed):
[2025-01-07 15:53:27,524][flwr][INFO] - 		round 1: 172.9723256111145
[2025-01-07 15:53:27,524][flwr][INFO] - 		round 2: 172.72794218063353
[2025-01-07 15:53:27,524][flwr][INFO] - 		round 3: 172.7432804107666
[2025-01-07 15:53:27,524][flwr][INFO] - 		round 4: 172.86394395828248
[2025-01-07 15:53:27,524][flwr][INFO] - 		round 5: 172.95017170906067
[2025-01-07 15:53:27,524][flwr][INFO] - 		round 6: 172.80089902877808
[2025-01-07 15:53:27,524][flwr][INFO] - 		round 7: 173.0264844417572
[2025-01-07 15:53:27,524][flwr][INFO] - 		round 8: 172.87665648460387
[2025-01-07 15:53:27,524][flwr][INFO] - 		round 9: 172.97481150627135
[2025-01-07 15:53:27,524][flwr][INFO] - 		round 10: 172.6740731239319
[2025-01-07 15:53:27,524][flwr][INFO] - 	History (loss, centralized):
[2025-01-07 15:53:27,524][flwr][INFO] - 		round 0: 182.51970601081848
[2025-01-07 15:53:27,524][flwr][INFO] - 		round 1: 182.1372082233429
[2025-01-07 15:53:27,524][flwr][INFO] - 		round 2: 181.91190600395203
[2025-01-07 15:53:27,524][flwr][INFO] - 		round 3: 181.90439343452454
[2025-01-07 15:53:27,525][flwr][INFO] - 		round 4: 182.03744101524353
[2025-01-07 15:53:27,525][flwr][INFO] - 		round 5: 182.0823531150818
[2025-01-07 15:53:27,525][flwr][INFO] - 		round 6: 181.9151668548584
[2025-01-07 15:53:27,525][flwr][INFO] - 		round 7: 182.17825984954834
[2025-01-07 15:53:27,525][flwr][INFO] - 		round 8: 182.020498752594
[2025-01-07 15:53:27,525][flwr][INFO] - 		round 9: 182.11580300331116
[2025-01-07 15:53:27,525][flwr][INFO] - 		round 10: 181.84983801841736
[2025-01-07 15:53:27,525][flwr][INFO] - 	History (metrics, centralized):
[2025-01-07 15:53:27,525][flwr][INFO] - 	{'accuracy': [(0, 0.0142),
[2025-01-07 15:53:27,525][flwr][INFO] - 	              (1, 0.0982),
[2025-01-07 15:53:27,525][flwr][INFO] - 	              (2, 0.1135),
[2025-01-07 15:53:27,525][flwr][INFO] - 	              (3, 0.1135),
[2025-01-07 15:53:27,525][flwr][INFO] - 	              (4, 0.1028),
[2025-01-07 15:53:27,525][flwr][INFO] - 	              (5, 0.1028),
[2025-01-07 15:53:27,525][flwr][INFO] - 	              (6, 0.1135),
[2025-01-07 15:53:27,525][flwr][INFO] - 	              (7, 0.1135),
[2025-01-07 15:53:27,525][flwr][INFO] - 	              (8, 0.0892),
[2025-01-07 15:53:27,526][flwr][INFO] - 	              (9, 0.1135),
[2025-01-07 15:53:27,526][flwr][INFO] - 	              (10, 0.1135)]}
[2025-01-07 15:53:27,526][flwr][INFO] - 
