[2024-12-31 13:52:37,911][flwr][INFO] - Starting Flower simulation, config: num_rounds=10, no round_timeout
[2024-12-31 13:52:41,332][flwr][INFO] - Flower VCE: Ray initialized with resources: {'node:__internal_head__': 1.0, 'memory': 6372608411.0, 'object_store_memory': 3186304204.0, 'node:192.168.1.11': 1.0, 'CPU': 12.0}
[2024-12-31 13:52:41,332][flwr][INFO] - Optimize your simulation with Flower VCE: https://flower.ai/docs/framework/how-to-run-simulations.html
[2024-12-31 13:52:41,332][flwr][INFO] - Flower VCE: Resources for each Virtual Client: {'num_cpus': 2, 'num_gpus': 0}
[2024-12-31 13:52:41,339][flwr][INFO] - Flower VCE: Creating VirtualClientEngineActorPool with 6 actors
[2024-12-31 13:52:41,339][flwr][INFO] - [INIT]
[2024-12-31 13:52:41,340][flwr][INFO] - Using initial global parameters provided by strategy
[2024-12-31 13:52:41,340][flwr][INFO] - Starting evaluation of initial global parameters
[2024-12-31 13:52:43,821][flwr][INFO] - initial parameters (loss, other metrics): 181.95487904548645, {'accuracy': 0.101}
[2024-12-31 13:52:43,822][flwr][INFO] - 
[2024-12-31 13:52:43,822][flwr][INFO] - [ROUND 1]
[2024-12-31 13:52:43,822][flwr][INFO] - configure_fit: strategy sampled 2 clients (out of 10)
[2024-12-31 13:52:50,719][flwr][INFO] - aggregate_fit: received 2 results and 0 failures
[2024-12-31 13:52:50,726][flwr][WARNING] - No fit_metrics_aggregation_fn provided
[2024-12-31 13:52:52,115][flwr][INFO] - fit progress: (1, 99.73465460538864, {'accuracy': 0.7036}, 8.292893076002656)
[2024-12-31 13:52:52,115][flwr][INFO] - configure_evaluate: strategy sampled 5 clients (out of 10)
[2024-12-31 13:52:55,736][flwr][INFO] - aggregate_evaluate: received 5 results and 0 failures
[2024-12-31 13:52:55,736][flwr][WARNING] - No evaluate_metrics_aggregation_fn provided
[2024-12-31 13:52:55,736][flwr][INFO] - 
[2024-12-31 13:52:55,736][flwr][INFO] - [ROUND 2]
[2024-12-31 13:52:55,736][flwr][INFO] - configure_fit: strategy sampled 2 clients (out of 10)
[2024-12-31 13:53:00,507][flwr][INFO] - aggregate_fit: received 2 results and 0 failures
[2024-12-31 13:53:01,884][flwr][INFO] - fit progress: (2, 14.484654325991869, {'accuracy': 0.9591}, 18.06193257200357)
[2024-12-31 13:53:01,884][flwr][INFO] - configure_evaluate: strategy sampled 5 clients (out of 10)
[2024-12-31 13:53:02,495][flwr][INFO] - aggregate_evaluate: received 5 results and 0 failures
[2024-12-31 13:53:02,495][flwr][INFO] - 
[2024-12-31 13:53:02,495][flwr][INFO] - [ROUND 3]
[2024-12-31 13:53:02,495][flwr][INFO] - configure_fit: strategy sampled 2 clients (out of 10)
[2024-12-31 13:53:07,386][flwr][INFO] - aggregate_fit: received 2 results and 0 failures
[2024-12-31 13:53:09,025][flwr][INFO] - fit progress: (3, 10.18337634881027, {'accuracy': 0.9686}, 25.202856721996795)
[2024-12-31 13:53:09,025][flwr][INFO] - configure_evaluate: strategy sampled 5 clients (out of 10)
[2024-12-31 13:53:09,685][flwr][INFO] - aggregate_evaluate: received 5 results and 0 failures
[2024-12-31 13:53:09,686][flwr][INFO] - 
[2024-12-31 13:53:09,686][flwr][INFO] - [ROUND 4]
[2024-12-31 13:53:09,686][flwr][INFO] - configure_fit: strategy sampled 2 clients (out of 10)
[2024-12-31 13:53:14,656][flwr][INFO] - aggregate_fit: received 2 results and 0 failures
[2024-12-31 13:53:16,157][flwr][INFO] - fit progress: (4, 25.64633358642459, {'accuracy': 0.9273}, 32.33516129600321)
[2024-12-31 13:53:16,157][flwr][INFO] - configure_evaluate: strategy sampled 5 clients (out of 10)
[2024-12-31 13:53:16,824][flwr][INFO] - aggregate_evaluate: received 5 results and 0 failures
[2024-12-31 13:53:16,824][flwr][INFO] - 
[2024-12-31 13:53:16,824][flwr][INFO] - [ROUND 5]
[2024-12-31 13:53:16,824][flwr][INFO] - configure_fit: strategy sampled 2 clients (out of 10)
[2024-12-31 13:53:21,808][flwr][INFO] - aggregate_fit: received 2 results and 0 failures
[2024-12-31 13:53:23,404][flwr][INFO] - fit progress: (5, 9.16635482685524, {'accuracy': 0.9736}, 39.58250732199667)
[2024-12-31 13:53:23,404][flwr][INFO] - configure_evaluate: strategy sampled 5 clients (out of 10)
[2024-12-31 13:53:24,069][flwr][INFO] - aggregate_evaluate: received 5 results and 0 failures
[2024-12-31 13:53:24,069][flwr][INFO] - 
[2024-12-31 13:53:24,069][flwr][INFO] - [ROUND 6]
[2024-12-31 13:53:24,069][flwr][INFO] - configure_fit: strategy sampled 2 clients (out of 10)
[2024-12-31 13:53:29,312][flwr][INFO] - aggregate_fit: received 2 results and 0 failures
[2024-12-31 13:53:30,807][flwr][INFO] - fit progress: (6, 21.678319439291954, {'accuracy': 0.9353}, 46.984959440997045)
[2024-12-31 13:53:30,807][flwr][INFO] - configure_evaluate: strategy sampled 5 clients (out of 10)
[2024-12-31 13:53:31,435][flwr][INFO] - aggregate_evaluate: received 5 results and 0 failures
[2024-12-31 13:53:31,436][flwr][INFO] - 
[2024-12-31 13:53:31,436][flwr][INFO] - [ROUND 7]
[2024-12-31 13:53:31,436][flwr][INFO] - configure_fit: strategy sampled 2 clients (out of 10)
[2024-12-31 13:53:36,808][flwr][INFO] - aggregate_fit: received 2 results and 0 failures
[2024-12-31 13:53:38,271][flwr][INFO] - fit progress: (7, 13.36244620475918, {'accuracy': 0.9652}, 54.449190689003444)
[2024-12-31 13:53:38,271][flwr][INFO] - configure_evaluate: strategy sampled 5 clients (out of 10)
[2024-12-31 13:53:38,887][flwr][INFO] - aggregate_evaluate: received 5 results and 0 failures
[2024-12-31 13:53:38,887][flwr][INFO] - 
[2024-12-31 13:53:38,887][flwr][INFO] - [ROUND 8]
[2024-12-31 13:53:38,888][flwr][INFO] - configure_fit: strategy sampled 2 clients (out of 10)
[2024-12-31 13:53:44,096][flwr][INFO] - aggregate_fit: received 2 results and 0 failures
[2024-12-31 13:53:45,206][flwr][INFO] - fit progress: (8, 117.01416277885437, {'accuracy': 0.5153}, 61.38442514099734)
[2024-12-31 13:53:45,206][flwr][INFO] - configure_evaluate: strategy sampled 5 clients (out of 10)
[2024-12-31 13:53:45,911][flwr][INFO] - aggregate_evaluate: received 5 results and 0 failures
[2024-12-31 13:53:45,911][flwr][INFO] - 
[2024-12-31 13:53:45,911][flwr][INFO] - [ROUND 9]
[2024-12-31 13:53:45,912][flwr][INFO] - configure_fit: strategy sampled 2 clients (out of 10)
[2024-12-31 13:53:51,891][flwr][INFO] - aggregate_fit: received 2 results and 0 failures
[2024-12-31 13:53:52,949][flwr][INFO] - fit progress: (9, 181.9010169506073, {'accuracy': 0.1028}, 69.12736718700035)
[2024-12-31 13:53:52,949][flwr][INFO] - configure_evaluate: strategy sampled 5 clients (out of 10)
[2024-12-31 13:53:53,624][flwr][INFO] - aggregate_evaluate: received 5 results and 0 failures
[2024-12-31 13:53:53,625][flwr][INFO] - 
[2024-12-31 13:53:53,625][flwr][INFO] - [ROUND 10]
[2024-12-31 13:53:53,625][flwr][INFO] - configure_fit: strategy sampled 2 clients (out of 10)
[2024-12-31 13:53:58,478][flwr][INFO] - aggregate_fit: received 2 results and 0 failures
[2024-12-31 13:53:59,752][flwr][INFO] - fit progress: (10, 182.00863242149353, {'accuracy': 0.1135}, 75.93022625100275)
[2024-12-31 13:53:59,752][flwr][INFO] - configure_evaluate: strategy sampled 5 clients (out of 10)
[2024-12-31 13:54:00,434][flwr][INFO] - aggregate_evaluate: received 5 results and 0 failures
[2024-12-31 13:54:00,435][flwr][INFO] - 
[2024-12-31 13:54:00,435][flwr][INFO] - [SUMMARY]
[2024-12-31 13:54:00,435][flwr][INFO] - Run finished 10 round(s) in 76.61s
[2024-12-31 13:54:00,435][flwr][INFO] - 	History (loss, distributed):
[2024-12-31 13:54:00,435][flwr][INFO] - 		round 1: 24.59104609489441
[2024-12-31 13:54:00,435][flwr][INFO] - 		round 2: 4.054824658855796
[2024-12-31 13:54:00,435][flwr][INFO] - 		round 3: 2.5641585757024585
[2024-12-31 13:54:00,435][flwr][INFO] - 		round 4: 6.658472761511803
[2024-12-31 13:54:00,435][flwr][INFO] - 		round 5: 3.043153426576464
[2024-12-31 13:54:00,435][flwr][INFO] - 		round 6: 6.073388665728271
[2024-12-31 13:54:00,435][flwr][INFO] - 		round 7: 4.485536050784868
[2024-12-31 13:54:00,436][flwr][INFO] - 		round 8: 28.907829380035402
[2024-12-31 13:54:00,436][flwr][INFO] - 		round 9: 43.76473360061645
[2024-12-31 13:54:00,436][flwr][INFO] - 		round 10: 43.72568025588989
[2024-12-31 13:54:00,436][flwr][INFO] - 	History (loss, centralized):
[2024-12-31 13:54:00,436][flwr][INFO] - 		round 0: 181.95487904548645
[2024-12-31 13:54:00,436][flwr][INFO] - 		round 1: 99.73465460538864
[2024-12-31 13:54:00,436][flwr][INFO] - 		round 2: 14.484654325991869
[2024-12-31 13:54:00,436][flwr][INFO] - 		round 3: 10.18337634881027
[2024-12-31 13:54:00,436][flwr][INFO] - 		round 4: 25.64633358642459
[2024-12-31 13:54:00,436][flwr][INFO] - 		round 5: 9.16635482685524
[2024-12-31 13:54:00,436][flwr][INFO] - 		round 6: 21.678319439291954
[2024-12-31 13:54:00,436][flwr][INFO] - 		round 7: 13.36244620475918
[2024-12-31 13:54:00,436][flwr][INFO] - 		round 8: 117.01416277885437
[2024-12-31 13:54:00,436][flwr][INFO] - 		round 9: 181.9010169506073
[2024-12-31 13:54:00,436][flwr][INFO] - 		round 10: 182.00863242149353
[2024-12-31 13:54:00,436][flwr][INFO] - 	History (metrics, centralized):
[2024-12-31 13:54:00,436][flwr][INFO] - 	{'accuracy': [(0, 0.101),
[2024-12-31 13:54:00,436][flwr][INFO] - 	              (1, 0.7036),
[2024-12-31 13:54:00,436][flwr][INFO] - 	              (2, 0.9591),
[2024-12-31 13:54:00,436][flwr][INFO] - 	              (3, 0.9686),
[2024-12-31 13:54:00,436][flwr][INFO] - 	              (4, 0.9273),
[2024-12-31 13:54:00,437][flwr][INFO] - 	              (5, 0.9736),
[2024-12-31 13:54:00,437][flwr][INFO] - 	              (6, 0.9353),
[2024-12-31 13:54:00,437][flwr][INFO] - 	              (7, 0.9652),
[2024-12-31 13:54:00,437][flwr][INFO] - 	              (8, 0.5153),
[2024-12-31 13:54:00,437][flwr][INFO] - 	              (9, 0.1028),
[2024-12-31 13:54:00,437][flwr][INFO] - 	              (10, 0.1135)]}
[2024-12-31 13:54:00,437][flwr][INFO] - 
