[2024-12-30 23:06:06,698][flwr][INFO] - Starting Flower simulation, config: num_rounds=10, no round_timeout
[2024-12-30 23:06:10,466][flwr][INFO] - Flower VCE: Ray initialized with resources: {'node:__internal_head__': 1.0, 'CPU': 12.0, 'node:192.168.1.11': 1.0, 'object_store_memory': 3010093056.0, 'memory': 6020186112.0}
[2024-12-30 23:06:10,466][flwr][INFO] - Optimize your simulation with Flower VCE: https://flower.ai/docs/framework/how-to-run-simulations.html
[2024-12-30 23:06:10,466][flwr][INFO] - Flower VCE: Resources for each Virtual Client: {'num_cpus': 2, 'num_gpus': 0}
[2024-12-30 23:06:10,474][flwr][INFO] - Flower VCE: Creating VirtualClientEngineActorPool with 6 actors
[2024-12-30 23:06:10,475][flwr][INFO] - [INIT]
[2024-12-30 23:06:10,475][flwr][INFO] - Using initial global parameters provided by strategy
[2024-12-30 23:06:10,475][flwr][INFO] - Starting evaluation of initial global parameters
[2024-12-30 23:06:13,417][flwr][INFO] - initial parameters (loss, other metrics): 182.0762767791748, {'accuracy': 0.1025}
[2024-12-30 23:06:13,417][flwr][INFO] - 
[2024-12-30 23:06:13,417][flwr][INFO] - [ROUND 1]
[2024-12-30 23:06:13,417][flwr][INFO] - configure_fit: strategy sampled 2 clients (out of 10)
[2024-12-30 23:06:28,563][flwr][INFO] - aggregate_fit: received 2 results and 0 failures
[2024-12-30 23:06:28,568][flwr][WARNING] - No fit_metrics_aggregation_fn provided
[2024-12-30 23:06:30,436][flwr][INFO] - fit progress: (1, 8.877936483360827, {'accuracy': 0.9666}, 17.01849392299846)
[2024-12-30 23:06:30,436][flwr][INFO] - configure_evaluate: strategy sampled 5 clients (out of 10)
[2024-12-30 23:06:34,202][flwr][INFO] - aggregate_evaluate: received 5 results and 0 failures
[2024-12-30 23:06:34,203][flwr][WARNING] - No evaluate_metrics_aggregation_fn provided
[2024-12-30 23:06:34,203][flwr][INFO] - 
[2024-12-30 23:06:34,203][flwr][INFO] - [ROUND 2]
[2024-12-30 23:06:34,203][flwr][INFO] - configure_fit: strategy sampled 2 clients (out of 10)
[2024-12-30 23:06:46,416][flwr][INFO] - aggregate_fit: received 2 results and 0 failures
[2024-12-30 23:06:47,919][flwr][INFO] - fit progress: (2, 5.273081085743797, {'accuracy': 0.9817}, 34.50177253400034)
[2024-12-30 23:06:47,919][flwr][INFO] - configure_evaluate: strategy sampled 5 clients (out of 10)
[2024-12-30 23:06:48,743][flwr][INFO] - aggregate_evaluate: received 5 results and 0 failures
[2024-12-30 23:06:48,743][flwr][INFO] - 
[2024-12-30 23:06:48,743][flwr][INFO] - [ROUND 3]
[2024-12-30 23:06:48,743][flwr][INFO] - configure_fit: strategy sampled 2 clients (out of 10)
[2024-12-30 23:07:01,594][flwr][INFO] - aggregate_fit: received 2 results and 0 failures
[2024-12-30 23:07:03,554][flwr][INFO] - fit progress: (3, 3.9790327996961423, {'accuracy': 0.9848}, 50.136960220999754)
[2024-12-30 23:07:03,554][flwr][INFO] - configure_evaluate: strategy sampled 5 clients (out of 10)
[2024-12-30 23:07:04,305][flwr][INFO] - aggregate_evaluate: received 5 results and 0 failures
[2024-12-30 23:07:04,306][flwr][INFO] - 
[2024-12-30 23:07:04,306][flwr][INFO] - [ROUND 4]
[2024-12-30 23:07:04,306][flwr][INFO] - configure_fit: strategy sampled 2 clients (out of 10)
[2024-12-30 23:07:17,663][flwr][INFO] - aggregate_fit: received 2 results and 0 failures
[2024-12-30 23:07:19,437][flwr][INFO] - fit progress: (4, 4.869680219718816, {'accuracy': 0.9841}, 66.0197269320015)
[2024-12-30 23:07:19,437][flwr][INFO] - configure_evaluate: strategy sampled 5 clients (out of 10)
[2024-12-30 23:07:20,267][flwr][INFO] - aggregate_evaluate: received 5 results and 0 failures
[2024-12-30 23:07:20,267][flwr][INFO] - 
[2024-12-30 23:07:20,267][flwr][INFO] - [ROUND 5]
[2024-12-30 23:07:20,267][flwr][INFO] - configure_fit: strategy sampled 2 clients (out of 10)
[2024-12-30 23:07:33,068][flwr][INFO] - aggregate_fit: received 2 results and 0 failures
[2024-12-30 23:07:34,560][flwr][INFO] - fit progress: (5, 3.975965535978162, {'accuracy': 0.9875}, 81.14256833699983)
[2024-12-30 23:07:34,560][flwr][INFO] - configure_evaluate: strategy sampled 5 clients (out of 10)
[2024-12-30 23:07:35,339][flwr][INFO] - aggregate_evaluate: received 5 results and 0 failures
[2024-12-30 23:07:35,339][flwr][INFO] - 
[2024-12-30 23:07:35,339][flwr][INFO] - [ROUND 6]
[2024-12-30 23:07:35,339][flwr][INFO] - configure_fit: strategy sampled 2 clients (out of 10)
[2024-12-30 23:07:47,840][flwr][INFO] - aggregate_fit: received 2 results and 0 failures
[2024-12-30 23:07:49,973][flwr][INFO] - fit progress: (6, 3.5351204512762138, {'accuracy': 0.9883}, 96.55598500799897)
[2024-12-30 23:07:49,973][flwr][INFO] - configure_evaluate: strategy sampled 5 clients (out of 10)
[2024-12-30 23:07:50,726][flwr][INFO] - aggregate_evaluate: received 5 results and 0 failures
[2024-12-30 23:07:50,726][flwr][INFO] - 
[2024-12-30 23:07:50,726][flwr][INFO] - [ROUND 7]
[2024-12-30 23:07:50,726][flwr][INFO] - configure_fit: strategy sampled 2 clients (out of 10)
[2024-12-30 23:08:02,919][flwr][INFO] - aggregate_fit: received 2 results and 0 failures
[2024-12-30 23:08:04,375][flwr][INFO] - fit progress: (7, 3.8201658098538758, {'accuracy': 0.989}, 110.95814795900151)
[2024-12-30 23:08:04,375][flwr][INFO] - configure_evaluate: strategy sampled 5 clients (out of 10)
[2024-12-30 23:08:05,176][flwr][INFO] - aggregate_evaluate: received 5 results and 0 failures
[2024-12-30 23:08:05,176][flwr][INFO] - 
[2024-12-30 23:08:05,176][flwr][INFO] - [ROUND 8]
[2024-12-30 23:08:05,177][flwr][INFO] - configure_fit: strategy sampled 2 clients (out of 10)
[2024-12-30 23:08:17,391][flwr][INFO] - aggregate_fit: received 2 results and 0 failures
[2024-12-30 23:08:18,988][flwr][INFO] - fit progress: (8, 4.283983928585993, {'accuracy': 0.989}, 125.57123728900115)
[2024-12-30 23:08:18,989][flwr][INFO] - configure_evaluate: strategy sampled 5 clients (out of 10)
[2024-12-30 23:08:19,904][flwr][INFO] - aggregate_evaluate: received 5 results and 0 failures
[2024-12-30 23:08:19,905][flwr][INFO] - 
[2024-12-30 23:08:19,905][flwr][INFO] - [ROUND 9]
[2024-12-30 23:08:19,905][flwr][INFO] - configure_fit: strategy sampled 2 clients (out of 10)
[2024-12-30 23:08:32,204][flwr][INFO] - aggregate_fit: received 2 results and 0 failures
[2024-12-30 23:08:33,646][flwr][INFO] - fit progress: (9, 3.7616437447318276, {'accuracy': 0.9891}, 140.22899125700133)
[2024-12-30 23:08:33,646][flwr][INFO] - configure_evaluate: strategy sampled 5 clients (out of 10)
[2024-12-30 23:08:34,498][flwr][INFO] - aggregate_evaluate: received 5 results and 0 failures
[2024-12-30 23:08:34,498][flwr][INFO] - 
[2024-12-30 23:08:34,498][flwr][INFO] - [ROUND 10]
[2024-12-30 23:08:34,499][flwr][INFO] - configure_fit: strategy sampled 2 clients (out of 10)
[2024-12-30 23:08:46,707][flwr][INFO] - aggregate_fit: received 2 results and 0 failures
[2024-12-30 23:08:48,516][flwr][INFO] - fit progress: (10, 3.69375853211028, {'accuracy': 0.99}, 155.0994438230009)
[2024-12-30 23:08:48,517][flwr][INFO] - configure_evaluate: strategy sampled 5 clients (out of 10)
[2024-12-30 23:08:49,293][flwr][INFO] - aggregate_evaluate: received 5 results and 0 failures
[2024-12-30 23:08:49,294][flwr][INFO] - 
[2024-12-30 23:08:49,294][flwr][INFO] - [SUMMARY]
[2024-12-30 23:08:49,294][flwr][INFO] - Run finished 10 round(s) in 155.88s
[2024-12-30 23:08:49,294][flwr][INFO] - 	History (loss, distributed):
[2024-12-30 23:08:49,294][flwr][INFO] - 		round 1: 5.005984646594152
[2024-12-30 23:08:49,294][flwr][INFO] - 		round 2: 3.215011513251966
[2024-12-30 23:08:49,294][flwr][INFO] - 		round 3: 2.0899218461856437
[2024-12-30 23:08:49,294][flwr][INFO] - 		round 4: 2.8144460367700956
[2024-12-30 23:08:49,294][flwr][INFO] - 		round 5: 2.7443078231281968
[2024-12-30 23:08:49,294][flwr][INFO] - 		round 6: 2.140859985571842
[2024-12-30 23:08:49,295][flwr][INFO] - 		round 7: 2.621021648645704
[2024-12-30 23:08:49,295][flwr][INFO] - 		round 8: 2.96860337236412
[2024-12-30 23:08:49,295][flwr][INFO] - 		round 9: 2.318648311023871
[2024-12-30 23:08:49,295][flwr][INFO] - 		round 10: 2.8379022410853394
[2024-12-30 23:08:49,295][flwr][INFO] - 	History (loss, centralized):
[2024-12-30 23:08:49,295][flwr][INFO] - 		round 0: 182.0762767791748
[2024-12-30 23:08:49,295][flwr][INFO] - 		round 1: 8.877936483360827
[2024-12-30 23:08:49,295][flwr][INFO] - 		round 2: 5.273081085743797
[2024-12-30 23:08:49,295][flwr][INFO] - 		round 3: 3.9790327996961423
[2024-12-30 23:08:49,295][flwr][INFO] - 		round 4: 4.869680219718816
[2024-12-30 23:08:49,295][flwr][INFO] - 		round 5: 3.975965535978162
[2024-12-30 23:08:49,295][flwr][INFO] - 		round 6: 3.5351204512762138
[2024-12-30 23:08:49,295][flwr][INFO] - 		round 7: 3.8201658098538758
[2024-12-30 23:08:49,295][flwr][INFO] - 		round 8: 4.283983928585993
[2024-12-30 23:08:49,295][flwr][INFO] - 		round 9: 3.7616437447318276
[2024-12-30 23:08:49,295][flwr][INFO] - 		round 10: 3.69375853211028
[2024-12-30 23:08:49,295][flwr][INFO] - 	History (metrics, centralized):
[2024-12-30 23:08:49,295][flwr][INFO] - 	{'accuracy': [(0, 0.1025),
[2024-12-30 23:08:49,295][flwr][INFO] - 	              (1, 0.9666),
[2024-12-30 23:08:49,296][flwr][INFO] - 	              (2, 0.9817),
[2024-12-30 23:08:49,296][flwr][INFO] - 	              (3, 0.9848),
[2024-12-30 23:08:49,296][flwr][INFO] - 	              (4, 0.9841),
[2024-12-30 23:08:49,296][flwr][INFO] - 	              (5, 0.9875),
[2024-12-30 23:08:49,296][flwr][INFO] - 	              (6, 0.9883),
[2024-12-30 23:08:49,296][flwr][INFO] - 	              (7, 0.989),
[2024-12-30 23:08:49,296][flwr][INFO] - 	              (8, 0.989),
[2024-12-30 23:08:49,296][flwr][INFO] - 	              (9, 0.9891),
[2024-12-30 23:08:49,296][flwr][INFO] - 	              (10, 0.99)]}
[2024-12-30 23:08:49,296][flwr][INFO] - 
