[2025-01-08 10:26:25,923][flwr][INFO] - Starting Flower simulation, config: num_rounds=15, no round_timeout
[2025-01-08 10:26:29,518][flwr][INFO] - Flower VCE: Ray initialized with resources: {'node:__internal_head__': 1.0, 'memory': 5648181659.0, 'object_store_memory': 2824090828.0, 'CPU': 12.0, 'node:192.168.1.11': 1.0}
[2025-01-08 10:26:29,518][flwr][INFO] - Optimize your simulation with Flower VCE: https://flower.ai/docs/framework/how-to-run-simulations.html
[2025-01-08 10:26:29,518][flwr][INFO] - Flower VCE: Resources for each Virtual Client: {'num_cpus': 2, 'num_gpus': 0}
[2025-01-08 10:26:29,527][flwr][INFO] - Flower VCE: Creating VirtualClientEngineActorPool with 6 actors
[2025-01-08 10:26:29,528][flwr][INFO] - [INIT]
[2025-01-08 10:26:29,528][flwr][INFO] - Requesting initial parameters from one random client
[2025-01-08 10:26:31,726][flwr][INFO] - Received initial parameters from one random client
[2025-01-08 10:26:31,727][flwr][INFO] - Starting evaluation of initial global parameters
[2025-01-08 10:26:32,770][flwr][INFO] - initial parameters (loss, other metrics): 182.2331187725067, {'accuracy': 0.0962}
[2025-01-08 10:26:32,771][flwr][INFO] - 
[2025-01-08 10:26:32,771][flwr][INFO] - [ROUND 1]
[2025-01-08 10:26:32,771][flwr][INFO] - configure_fit: strategy sampled 2 clients (out of 20)
[2025-01-08 10:26:40,686][flwr][INFO] - aggregate_fit: received 2 results and 0 failures
[2025-01-08 10:26:40,689][flwr][WARNING] - No fit_metrics_aggregation_fn provided
[2025-01-08 10:26:41,643][flwr][INFO] - fit progress: (1, 188.9141182899475, {'accuracy': 0.101}, 8.871867834001023)
[2025-01-08 10:26:41,643][flwr][INFO] - configure_evaluate: strategy sampled 5 clients (out of 20)
[2025-01-08 10:26:44,970][flwr][INFO] - aggregate_evaluate: received 5 results and 0 failures
[2025-01-08 10:26:44,971][flwr][WARNING] - No evaluate_metrics_aggregation_fn provided
[2025-01-08 10:26:44,971][flwr][INFO] - 
[2025-01-08 10:26:44,971][flwr][INFO] - [ROUND 2]
[2025-01-08 10:26:44,971][flwr][INFO] - configure_fit: strategy sampled 2 clients (out of 20)
[2025-01-08 10:26:50,727][flwr][INFO] - aggregate_fit: received 2 results and 0 failures
[2025-01-08 10:26:52,000][flwr][INFO] - fit progress: (2, 163.31386280059814, {'accuracy': 0.2827}, 19.229745561002346)
[2025-01-08 10:26:52,001][flwr][INFO] - configure_evaluate: strategy sampled 5 clients (out of 20)
[2025-01-08 10:26:52,553][flwr][INFO] - aggregate_evaluate: received 5 results and 0 failures
[2025-01-08 10:26:52,553][flwr][INFO] - 
[2025-01-08 10:26:52,553][flwr][INFO] - [ROUND 3]
[2025-01-08 10:26:52,554][flwr][INFO] - configure_fit: strategy sampled 2 clients (out of 20)
[2025-01-08 10:26:58,384][flwr][INFO] - aggregate_fit: received 2 results and 0 failures
[2025-01-08 10:26:59,681][flwr][INFO] - fit progress: (3, 93.3928993344307, {'accuracy': 0.6454}, 26.910191681003198)
[2025-01-08 10:26:59,681][flwr][INFO] - configure_evaluate: strategy sampled 5 clients (out of 20)
[2025-01-08 10:27:00,281][flwr][INFO] - aggregate_evaluate: received 5 results and 0 failures
[2025-01-08 10:27:00,282][flwr][INFO] - 
[2025-01-08 10:27:00,282][flwr][INFO] - [ROUND 4]
[2025-01-08 10:27:00,282][flwr][INFO] - configure_fit: strategy sampled 2 clients (out of 20)
[2025-01-08 10:27:07,115][flwr][INFO] - aggregate_fit: received 2 results and 0 failures
[2025-01-08 10:27:08,900][flwr][INFO] - fit progress: (4, 58.921371549367905, {'accuracy': 0.8046}, 36.129542196998955)
[2025-01-08 10:27:08,900][flwr][INFO] - configure_evaluate: strategy sampled 5 clients (out of 20)
[2025-01-08 10:27:09,601][flwr][INFO] - aggregate_evaluate: received 5 results and 0 failures
[2025-01-08 10:27:09,601][flwr][INFO] - 
[2025-01-08 10:27:09,602][flwr][INFO] - [ROUND 5]
[2025-01-08 10:27:09,602][flwr][INFO] - configure_fit: strategy sampled 2 clients (out of 20)
[2025-01-08 10:27:15,362][flwr][INFO] - aggregate_fit: received 2 results and 0 failures
[2025-01-08 10:27:16,453][flwr][INFO] - fit progress: (5, 174.81196236610413, {'accuracy': 0.1682}, 43.68193225000141)
[2025-01-08 10:27:16,453][flwr][INFO] - configure_evaluate: strategy sampled 5 clients (out of 20)
[2025-01-08 10:27:17,060][flwr][INFO] - aggregate_evaluate: received 5 results and 0 failures
[2025-01-08 10:27:17,060][flwr][INFO] - 
[2025-01-08 10:27:17,061][flwr][INFO] - [ROUND 6]
[2025-01-08 10:27:17,061][flwr][INFO] - configure_fit: strategy sampled 2 clients (out of 20)
[2025-01-08 10:27:23,043][flwr][INFO] - aggregate_fit: received 2 results and 0 failures
[2025-01-08 10:27:24,432][flwr][INFO] - fit progress: (6, 182.34937191009521, {'accuracy': 0.1013}, 51.66123147300095)
[2025-01-08 10:27:24,432][flwr][INFO] - configure_evaluate: strategy sampled 5 clients (out of 20)
[2025-01-08 10:27:25,034][flwr][INFO] - aggregate_evaluate: received 5 results and 0 failures
[2025-01-08 10:27:25,034][flwr][INFO] - 
[2025-01-08 10:27:25,034][flwr][INFO] - [ROUND 7]
[2025-01-08 10:27:25,034][flwr][INFO] - configure_fit: strategy sampled 2 clients (out of 20)
[2025-01-08 10:27:31,106][flwr][INFO] - aggregate_fit: received 2 results and 0 failures
[2025-01-08 10:27:32,844][flwr][INFO] - fit progress: (7, 182.0676999092102, {'accuracy': 0.1013}, 60.07364863299881)
[2025-01-08 10:27:32,845][flwr][INFO] - configure_evaluate: strategy sampled 5 clients (out of 20)
[2025-01-08 10:27:33,395][flwr][INFO] - aggregate_evaluate: received 5 results and 0 failures
[2025-01-08 10:27:33,396][flwr][INFO] - 
[2025-01-08 10:27:33,396][flwr][INFO] - [ROUND 8]
[2025-01-08 10:27:33,396][flwr][INFO] - configure_fit: strategy sampled 2 clients (out of 20)
[2025-01-08 10:27:39,364][flwr][INFO] - aggregate_fit: received 2 results and 0 failures
[2025-01-08 10:27:40,669][flwr][INFO] - fit progress: (8, 181.9480538368225, {'accuracy': 0.1012}, 67.89846241399937)
[2025-01-08 10:27:40,669][flwr][INFO] - configure_evaluate: strategy sampled 5 clients (out of 20)
[2025-01-08 10:27:41,258][flwr][INFO] - aggregate_evaluate: received 5 results and 0 failures
[2025-01-08 10:27:41,259][flwr][INFO] - 
[2025-01-08 10:27:41,259][flwr][INFO] - [ROUND 9]
[2025-01-08 10:27:41,259][flwr][INFO] - configure_fit: strategy sampled 2 clients (out of 20)
[2025-01-08 10:27:47,421][flwr][INFO] - aggregate_fit: received 2 results and 0 failures
[2025-01-08 10:27:48,944][flwr][INFO] - fit progress: (9, 181.94495296478271, {'accuracy': 0.1031}, 76.17309596900304)
[2025-01-08 10:27:48,944][flwr][INFO] - configure_evaluate: strategy sampled 5 clients (out of 20)
[2025-01-08 10:27:49,530][flwr][INFO] - aggregate_evaluate: received 5 results and 0 failures
[2025-01-08 10:27:49,530][flwr][INFO] - 
[2025-01-08 10:27:49,530][flwr][INFO] - [ROUND 10]
[2025-01-08 10:27:49,531][flwr][INFO] - configure_fit: strategy sampled 2 clients (out of 20)
[2025-01-08 10:27:55,456][flwr][INFO] - aggregate_fit: received 2 results and 0 failures
[2025-01-08 10:27:56,525][flwr][INFO] - fit progress: (10, 165.4020792245865, {'accuracy': 0.1795}, 83.7542565420008)
[2025-01-08 10:27:56,525][flwr][INFO] - configure_evaluate: strategy sampled 5 clients (out of 20)
[2025-01-08 10:27:57,138][flwr][INFO] - aggregate_evaluate: received 5 results and 0 failures
[2025-01-08 10:27:57,138][flwr][INFO] - 
[2025-01-08 10:27:57,138][flwr][INFO] - [ROUND 11]
[2025-01-08 10:27:57,139][flwr][INFO] - configure_fit: strategy sampled 2 clients (out of 20)
[2025-01-08 10:28:03,199][flwr][INFO] - aggregate_fit: received 2 results and 0 failures
[2025-01-08 10:28:04,387][flwr][INFO] - fit progress: (11, 176.27848649024963, {'accuracy': 0.1391}, 91.61644069199974)
[2025-01-08 10:28:04,387][flwr][INFO] - configure_evaluate: strategy sampled 5 clients (out of 20)
[2025-01-08 10:28:05,036][flwr][INFO] - aggregate_evaluate: received 5 results and 0 failures
[2025-01-08 10:28:05,036][flwr][INFO] - 
[2025-01-08 10:28:05,036][flwr][INFO] - [ROUND 12]
[2025-01-08 10:28:05,037][flwr][INFO] - configure_fit: strategy sampled 2 clients (out of 20)
[2025-01-08 10:28:10,776][flwr][INFO] - aggregate_fit: received 2 results and 0 failures
[2025-01-08 10:28:11,902][flwr][INFO] - fit progress: (12, 167.27820777893066, {'accuracy': 0.1954}, 99.13127837600041)
[2025-01-08 10:28:11,902][flwr][INFO] - configure_evaluate: strategy sampled 5 clients (out of 20)
[2025-01-08 10:28:12,488][flwr][INFO] - aggregate_evaluate: received 5 results and 0 failures
[2025-01-08 10:28:12,488][flwr][INFO] - 
[2025-01-08 10:28:12,488][flwr][INFO] - [ROUND 13]
[2025-01-08 10:28:12,488][flwr][INFO] - configure_fit: strategy sampled 2 clients (out of 20)
[2025-01-08 10:28:18,229][flwr][INFO] - aggregate_fit: received 2 results and 0 failures
[2025-01-08 10:28:19,686][flwr][INFO] - fit progress: (13, 181.90107011795044, {'accuracy': 0.1135}, 106.91541714400228)
[2025-01-08 10:28:19,686][flwr][INFO] - configure_evaluate: strategy sampled 5 clients (out of 20)
[2025-01-08 10:28:20,229][flwr][INFO] - aggregate_evaluate: received 5 results and 0 failures
[2025-01-08 10:28:20,229][flwr][INFO] - 
[2025-01-08 10:28:20,229][flwr][INFO] - [ROUND 14]
[2025-01-08 10:28:20,229][flwr][INFO] - configure_fit: strategy sampled 2 clients (out of 20)
[2025-01-08 10:28:26,027][flwr][INFO] - aggregate_fit: received 2 results and 0 failures
[2025-01-08 10:28:27,191][flwr][INFO] - fit progress: (14, 181.9991810321808, {'accuracy': 0.1009}, 114.42032202499831)
[2025-01-08 10:28:27,191][flwr][INFO] - configure_evaluate: strategy sampled 5 clients (out of 20)
[2025-01-08 10:28:27,786][flwr][INFO] - aggregate_evaluate: received 5 results and 0 failures
[2025-01-08 10:28:27,787][flwr][INFO] - 
[2025-01-08 10:28:27,787][flwr][INFO] - [ROUND 15]
[2025-01-08 10:28:27,787][flwr][INFO] - configure_fit: strategy sampled 2 clients (out of 20)
[2025-01-08 10:28:33,482][flwr][INFO] - aggregate_fit: received 2 results and 0 failures
[2025-01-08 10:28:34,589][flwr][INFO] - fit progress: (15, 181.91924118995667, {'accuracy': 0.101}, 121.81884976699803)
[2025-01-08 10:28:34,590][flwr][INFO] - configure_evaluate: strategy sampled 5 clients (out of 20)
[2025-01-08 10:28:35,223][flwr][INFO] - aggregate_evaluate: received 5 results and 0 failures
[2025-01-08 10:28:35,223][flwr][INFO] - 
[2025-01-08 10:28:35,223][flwr][INFO] - [SUMMARY]
[2025-01-08 10:28:35,223][flwr][INFO] - Run finished 15 round(s) in 122.45s
[2025-01-08 10:28:35,223][flwr][INFO] - 	History (loss, distributed):
[2025-01-08 10:28:35,223][flwr][INFO] - 		round 1: 45.564211225509645
[2025-01-08 10:28:35,223][flwr][INFO] - 		round 2: 39.17812829017639
[2025-01-08 10:28:35,224][flwr][INFO] - 		round 3: 22.81621766090393
[2025-01-08 10:28:35,224][flwr][INFO] - 		round 4: 13.802302381396293
[2025-01-08 10:28:35,224][flwr][INFO] - 		round 5: 42.228263235092165
[2025-01-08 10:28:35,224][flwr][INFO] - 		round 6: 43.837749004364014
[2025-01-08 10:28:35,224][flwr][INFO] - 		round 7: 43.79165515899658
[2025-01-08 10:28:35,224][flwr][INFO] - 		round 8: 43.80961451530457
[2025-01-08 10:28:35,224][flwr][INFO] - 		round 9: 43.753857135772705
[2025-01-08 10:28:35,224][flwr][INFO] - 		round 10: 39.705503296852115
[2025-01-08 10:28:35,224][flwr][INFO] - 		round 11: 42.71674189567566
[2025-01-08 10:28:35,224][flwr][INFO] - 		round 12: 39.74241964817047
[2025-01-08 10:28:35,224][flwr][INFO] - 		round 13: 43.755651807785036
[2025-01-08 10:28:35,224][flwr][INFO] - 		round 14: 43.76458559036255
[2025-01-08 10:28:35,224][flwr][INFO] - 		round 15: 43.75076622962952
[2025-01-08 10:28:35,224][flwr][INFO] - 	History (loss, centralized):
[2025-01-08 10:28:35,224][flwr][INFO] - 		round 0: 182.2331187725067
[2025-01-08 10:28:35,224][flwr][INFO] - 		round 1: 188.9141182899475
[2025-01-08 10:28:35,224][flwr][INFO] - 		round 2: 163.31386280059814
[2025-01-08 10:28:35,224][flwr][INFO] - 		round 3: 93.3928993344307
[2025-01-08 10:28:35,224][flwr][INFO] - 		round 4: 58.921371549367905
[2025-01-08 10:28:35,224][flwr][INFO] - 		round 5: 174.81196236610413
[2025-01-08 10:28:35,224][flwr][INFO] - 		round 6: 182.34937191009521
[2025-01-08 10:28:35,224][flwr][INFO] - 		round 7: 182.0676999092102
[2025-01-08 10:28:35,225][flwr][INFO] - 		round 8: 181.9480538368225
[2025-01-08 10:28:35,225][flwr][INFO] - 		round 9: 181.94495296478271
[2025-01-08 10:28:35,225][flwr][INFO] - 		round 10: 165.4020792245865
[2025-01-08 10:28:35,225][flwr][INFO] - 		round 11: 176.27848649024963
[2025-01-08 10:28:35,225][flwr][INFO] - 		round 12: 167.27820777893066
[2025-01-08 10:28:35,225][flwr][INFO] - 		round 13: 181.90107011795044
[2025-01-08 10:28:35,225][flwr][INFO] - 		round 14: 181.9991810321808
[2025-01-08 10:28:35,225][flwr][INFO] - 		round 15: 181.91924118995667
[2025-01-08 10:28:35,225][flwr][INFO] - 	History (metrics, centralized):
[2025-01-08 10:28:35,225][flwr][INFO] - 	{'accuracy': [(0, 0.0962),
[2025-01-08 10:28:35,225][flwr][INFO] - 	              (1, 0.101),
[2025-01-08 10:28:35,225][flwr][INFO] - 	              (2, 0.2827),
[2025-01-08 10:28:35,225][flwr][INFO] - 	              (3, 0.6454),
[2025-01-08 10:28:35,225][flwr][INFO] - 	              (4, 0.8046),
[2025-01-08 10:28:35,225][flwr][INFO] - 	              (5, 0.1682),
[2025-01-08 10:28:35,225][flwr][INFO] - 	              (6, 0.1013),
[2025-01-08 10:28:35,225][flwr][INFO] - 	              (7, 0.1013),
[2025-01-08 10:28:35,225][flwr][INFO] - 	              (8, 0.1012),
[2025-01-08 10:28:35,225][flwr][INFO] - 	              (9, 0.1031),
[2025-01-08 10:28:35,225][flwr][INFO] - 	              (10, 0.1795),
[2025-01-08 10:28:35,225][flwr][INFO] - 	              (11, 0.1391),
[2025-01-08 10:28:35,225][flwr][INFO] - 	              (12, 0.1954),
[2025-01-08 10:28:35,226][flwr][INFO] - 	              (13, 0.1135),
[2025-01-08 10:28:35,226][flwr][INFO] - 	              (14, 0.1009),
[2025-01-08 10:28:35,226][flwr][INFO] - 	              (15, 0.101)]}
[2025-01-08 10:28:35,226][flwr][INFO] - 
