[2025-01-07 23:08:15,529][flwr][INFO] - Starting Flower simulation, config: num_rounds=15, no round_timeout
[2025-01-07 23:08:19,202][flwr][INFO] - Flower VCE: Ray initialized with resources: {'node:192.168.1.11': 1.0, 'CPU': 12.0, 'memory': 6197769831.0, 'object_store_memory': 3098884915.0, 'node:__internal_head__': 1.0}
[2025-01-07 23:08:19,202][flwr][INFO] - Optimize your simulation with Flower VCE: https://flower.ai/docs/framework/how-to-run-simulations.html
[2025-01-07 23:08:19,202][flwr][INFO] - Flower VCE: Resources for each Virtual Client: {'num_cpus': 2, 'num_gpus': 0}
[2025-01-07 23:08:19,211][flwr][INFO] - Flower VCE: Creating VirtualClientEngineActorPool with 6 actors
[2025-01-07 23:08:19,211][flwr][INFO] - [INIT]
[2025-01-07 23:08:19,212][flwr][INFO] - Requesting initial parameters from one random client
[2025-01-07 23:08:21,776][flwr][INFO] - Received initial parameters from one random client
[2025-01-07 23:08:21,776][flwr][INFO] - Starting evaluation of initial global parameters
[2025-01-07 23:08:23,312][flwr][INFO] - initial parameters (loss, other metrics): 182.1783504486084, {'accuracy': 0.0993}
[2025-01-07 23:08:23,312][flwr][INFO] - 
[2025-01-07 23:08:23,312][flwr][INFO] - [ROUND 1]
[2025-01-07 23:08:23,313][flwr][INFO] - configure_fit: strategy sampled 2 clients (out of 10)
[2025-01-07 23:08:33,606][flwr][INFO] - aggregate_fit: received 2 results and 0 failures
[2025-01-07 23:08:33,612][flwr][WARNING] - No fit_metrics_aggregation_fn provided
[2025-01-07 23:08:34,824][flwr][INFO] - fit progress: (1, 167.5667805671692, {'accuracy': 0.2903}, 11.511845412002003)
[2025-01-07 23:08:34,824][flwr][INFO] - configure_evaluate: strategy sampled 5 clients (out of 10)
[2025-01-07 23:08:38,384][flwr][INFO] - aggregate_evaluate: received 5 results and 0 failures
[2025-01-07 23:08:38,384][flwr][WARNING] - No evaluate_metrics_aggregation_fn provided
[2025-01-07 23:08:38,384][flwr][INFO] - 
[2025-01-07 23:08:38,385][flwr][INFO] - [ROUND 2]
[2025-01-07 23:08:38,385][flwr][INFO] - configure_fit: strategy sampled 2 clients (out of 10)
[2025-01-07 23:08:46,281][flwr][INFO] - aggregate_fit: received 2 results and 0 failures
[2025-01-07 23:08:47,707][flwr][INFO] - fit progress: (2, 164.30178356170654, {'accuracy': 0.278}, 24.39454104300239)
[2025-01-07 23:08:47,707][flwr][INFO] - configure_evaluate: strategy sampled 5 clients (out of 10)
[2025-01-07 23:08:48,371][flwr][INFO] - aggregate_evaluate: received 5 results and 0 failures
[2025-01-07 23:08:48,371][flwr][INFO] - 
[2025-01-07 23:08:48,371][flwr][INFO] - [ROUND 3]
[2025-01-07 23:08:48,371][flwr][INFO] - configure_fit: strategy sampled 2 clients (out of 10)
[2025-01-07 23:08:56,499][flwr][INFO] - aggregate_fit: received 2 results and 0 failures
[2025-01-07 23:08:57,807][flwr][INFO] - fit progress: (3, 184.9355399608612, {'accuracy': 0.1009}, 34.49501199500082)
[2025-01-07 23:08:57,807][flwr][INFO] - configure_evaluate: strategy sampled 5 clients (out of 10)
[2025-01-07 23:08:58,517][flwr][INFO] - aggregate_evaluate: received 5 results and 0 failures
[2025-01-07 23:08:58,518][flwr][INFO] - 
[2025-01-07 23:08:58,518][flwr][INFO] - [ROUND 4]
[2025-01-07 23:08:58,518][flwr][INFO] - configure_fit: strategy sampled 2 clients (out of 10)
[2025-01-07 23:09:06,559][flwr][INFO] - aggregate_fit: received 2 results and 0 failures
[2025-01-07 23:09:07,914][flwr][INFO] - fit progress: (4, 182.21338844299316, {'accuracy': 0.101}, 44.602148161000514)
[2025-01-07 23:09:07,914][flwr][INFO] - configure_evaluate: strategy sampled 5 clients (out of 10)
[2025-01-07 23:09:08,618][flwr][INFO] - aggregate_evaluate: received 5 results and 0 failures
[2025-01-07 23:09:08,618][flwr][INFO] - 
[2025-01-07 23:09:08,618][flwr][INFO] - [ROUND 5]
[2025-01-07 23:09:08,618][flwr][INFO] - configure_fit: strategy sampled 2 clients (out of 10)
[2025-01-07 23:09:16,763][flwr][INFO] - aggregate_fit: received 2 results and 0 failures
[2025-01-07 23:09:18,006][flwr][INFO] - fit progress: (5, 181.99053859710693, {'accuracy': 0.1135}, 54.69393568600208)
[2025-01-07 23:09:18,006][flwr][INFO] - configure_evaluate: strategy sampled 5 clients (out of 10)
[2025-01-07 23:09:18,718][flwr][INFO] - aggregate_evaluate: received 5 results and 0 failures
[2025-01-07 23:09:18,719][flwr][INFO] - 
[2025-01-07 23:09:18,719][flwr][INFO] - [ROUND 6]
[2025-01-07 23:09:18,719][flwr][INFO] - configure_fit: strategy sampled 2 clients (out of 10)
[2025-01-07 23:09:26,857][flwr][INFO] - aggregate_fit: received 2 results and 0 failures
[2025-01-07 23:09:28,645][flwr][INFO] - fit progress: (6, 181.988219499588, {'accuracy': 0.1135}, 65.33351741800288)
[2025-01-07 23:09:28,646][flwr][INFO] - configure_evaluate: strategy sampled 5 clients (out of 10)
[2025-01-07 23:09:29,280][flwr][INFO] - aggregate_evaluate: received 5 results and 0 failures
[2025-01-07 23:09:29,281][flwr][INFO] - 
[2025-01-07 23:09:29,281][flwr][INFO] - [ROUND 7]
[2025-01-07 23:09:29,281][flwr][INFO] - configure_fit: strategy sampled 2 clients (out of 10)
[2025-01-07 23:09:37,227][flwr][INFO] - aggregate_fit: received 2 results and 0 failures
[2025-01-07 23:09:38,871][flwr][INFO] - fit progress: (7, 182.16261529922485, {'accuracy': 0.1135}, 75.5588101970061)
[2025-01-07 23:09:38,871][flwr][INFO] - configure_evaluate: strategy sampled 5 clients (out of 10)
[2025-01-07 23:09:39,544][flwr][INFO] - aggregate_evaluate: received 5 results and 0 failures
[2025-01-07 23:09:39,544][flwr][INFO] - 
[2025-01-07 23:09:39,544][flwr][INFO] - [ROUND 8]
[2025-01-07 23:09:39,545][flwr][INFO] - configure_fit: strategy sampled 2 clients (out of 10)
[2025-01-07 23:09:47,560][flwr][INFO] - aggregate_fit: received 2 results and 0 failures
[2025-01-07 23:09:48,747][flwr][INFO] - fit progress: (8, 182.14674830436707, {'accuracy': 0.0958}, 85.43516360000649)
[2025-01-07 23:09:48,747][flwr][INFO] - configure_evaluate: strategy sampled 5 clients (out of 10)
[2025-01-07 23:09:49,442][flwr][INFO] - aggregate_evaluate: received 5 results and 0 failures
[2025-01-07 23:09:49,442][flwr][INFO] - 
[2025-01-07 23:09:49,442][flwr][INFO] - [ROUND 9]
[2025-01-07 23:09:49,442][flwr][INFO] - configure_fit: strategy sampled 2 clients (out of 10)
[2025-01-07 23:09:57,382][flwr][INFO] - aggregate_fit: received 2 results and 0 failures
[2025-01-07 23:09:58,601][flwr][INFO] - fit progress: (9, 181.95157504081726, {'accuracy': 0.1135}, 95.28860947400244)
[2025-01-07 23:09:58,601][flwr][INFO] - configure_evaluate: strategy sampled 5 clients (out of 10)
[2025-01-07 23:09:59,317][flwr][INFO] - aggregate_evaluate: received 5 results and 0 failures
[2025-01-07 23:09:59,318][flwr][INFO] - 
[2025-01-07 23:09:59,318][flwr][INFO] - [ROUND 10]
[2025-01-07 23:09:59,318][flwr][INFO] - configure_fit: strategy sampled 2 clients (out of 10)
[2025-01-07 23:10:07,402][flwr][INFO] - aggregate_fit: received 2 results and 0 failures
[2025-01-07 23:10:08,955][flwr][INFO] - fit progress: (10, 181.9973304271698, {'accuracy': 0.1135}, 105.64309637100087)
[2025-01-07 23:10:08,955][flwr][INFO] - configure_evaluate: strategy sampled 5 clients (out of 10)
[2025-01-07 23:10:09,622][flwr][INFO] - aggregate_evaluate: received 5 results and 0 failures
[2025-01-07 23:10:09,622][flwr][INFO] - 
[2025-01-07 23:10:09,622][flwr][INFO] - [ROUND 11]
[2025-01-07 23:10:09,622][flwr][INFO] - configure_fit: strategy sampled 2 clients (out of 10)
[2025-01-07 23:10:17,718][flwr][INFO] - aggregate_fit: received 2 results and 0 failures
[2025-01-07 23:10:19,313][flwr][INFO] - fit progress: (11, 182.15244913101196, {'accuracy': 0.1135}, 116.00132900300378)
[2025-01-07 23:10:19,314][flwr][INFO] - configure_evaluate: strategy sampled 5 clients (out of 10)
[2025-01-07 23:10:19,956][flwr][INFO] - aggregate_evaluate: received 5 results and 0 failures
[2025-01-07 23:10:19,956][flwr][INFO] - 
[2025-01-07 23:10:19,956][flwr][INFO] - [ROUND 12]
[2025-01-07 23:10:19,957][flwr][INFO] - configure_fit: strategy sampled 2 clients (out of 10)
[2025-01-07 23:10:27,998][flwr][INFO] - aggregate_fit: received 2 results and 0 failures
[2025-01-07 23:10:29,470][flwr][INFO] - fit progress: (12, 182.09725546836853, {'accuracy': 0.098}, 126.15843607100396)
[2025-01-07 23:10:29,471][flwr][INFO] - configure_evaluate: strategy sampled 5 clients (out of 10)
[2025-01-07 23:10:30,147][flwr][INFO] - aggregate_evaluate: received 5 results and 0 failures
[2025-01-07 23:10:30,148][flwr][INFO] - 
[2025-01-07 23:10:30,148][flwr][INFO] - [ROUND 13]
[2025-01-07 23:10:30,148][flwr][INFO] - configure_fit: strategy sampled 2 clients (out of 10)
[2025-01-07 23:10:38,236][flwr][INFO] - aggregate_fit: received 2 results and 0 failures
[2025-01-07 23:10:40,204][flwr][INFO] - fit progress: (13, 182.0089726448059, {'accuracy': 0.1028}, 136.89177538100193)
[2025-01-07 23:10:40,204][flwr][INFO] - configure_evaluate: strategy sampled 5 clients (out of 10)
[2025-01-07 23:10:40,788][flwr][INFO] - aggregate_evaluate: received 5 results and 0 failures
[2025-01-07 23:10:40,789][flwr][INFO] - 
[2025-01-07 23:10:40,789][flwr][INFO] - [ROUND 14]
[2025-01-07 23:10:40,789][flwr][INFO] - configure_fit: strategy sampled 2 clients (out of 10)
[2025-01-07 23:10:48,777][flwr][INFO] - aggregate_fit: received 2 results and 0 failures
[2025-01-07 23:10:50,603][flwr][INFO] - fit progress: (14, 182.16907024383545, {'accuracy': 0.0974}, 147.29121589600254)
[2025-01-07 23:10:50,603][flwr][INFO] - configure_evaluate: strategy sampled 5 clients (out of 10)
[2025-01-07 23:10:51,221][flwr][INFO] - aggregate_evaluate: received 5 results and 0 failures
[2025-01-07 23:10:51,221][flwr][INFO] - 
[2025-01-07 23:10:51,221][flwr][INFO] - [ROUND 15]
[2025-01-07 23:10:51,221][flwr][INFO] - configure_fit: strategy sampled 2 clients (out of 10)
[2025-01-07 23:10:59,378][flwr][INFO] - aggregate_fit: received 2 results and 0 failures
[2025-01-07 23:11:00,582][flwr][INFO] - fit progress: (15, 181.97537207603455, {'accuracy': 0.1028}, 157.2699792870044)
[2025-01-07 23:11:00,582][flwr][INFO] - configure_evaluate: strategy sampled 5 clients (out of 10)
[2025-01-07 23:11:01,294][flwr][INFO] - aggregate_evaluate: received 5 results and 0 failures
[2025-01-07 23:11:01,294][flwr][INFO] - 
[2025-01-07 23:11:01,294][flwr][INFO] - [SUMMARY]
[2025-01-07 23:11:01,294][flwr][INFO] - Run finished 15 round(s) in 157.98s
[2025-01-07 23:11:01,295][flwr][INFO] - 	History (loss, distributed):
[2025-01-07 23:11:01,295][flwr][INFO] - 		round 1: 40.39676225185394
[2025-01-07 23:11:01,295][flwr][INFO] - 		round 2: 39.504485964775085
[2025-01-07 23:11:01,295][flwr][INFO] - 		round 3: 44.372338438034056
[2025-01-07 23:11:01,295][flwr][INFO] - 		round 4: 43.78661952018738
[2025-01-07 23:11:01,295][flwr][INFO] - 		round 5: 43.79200892448425
[2025-01-07 23:11:01,295][flwr][INFO] - 		round 6: 43.7635055065155
[2025-01-07 23:11:01,295][flwr][INFO] - 		round 7: 43.84020781517029
[2025-01-07 23:11:01,295][flwr][INFO] - 		round 8: 43.77161545753479
[2025-01-07 23:11:01,295][flwr][INFO] - 		round 9: 43.74893155097961
[2025-01-07 23:11:01,295][flwr][INFO] - 		round 10: 43.79203977584839
[2025-01-07 23:11:01,296][flwr][INFO] - 		round 11: 43.87075400352478
[2025-01-07 23:11:01,296][flwr][INFO] - 		round 12: 43.79948091506958
[2025-01-07 23:11:01,296][flwr][INFO] - 		round 13: 43.75191950798035
[2025-01-07 23:11:01,296][flwr][INFO] - 		round 14: 43.8516948223114
[2025-01-07 23:11:01,296][flwr][INFO] - 		round 15: 43.833281946182254
[2025-01-07 23:11:01,296][flwr][INFO] - 	History (loss, centralized):
[2025-01-07 23:11:01,296][flwr][INFO] - 		round 0: 182.1783504486084
[2025-01-07 23:11:01,296][flwr][INFO] - 		round 1: 167.5667805671692
[2025-01-07 23:11:01,296][flwr][INFO] - 		round 2: 164.30178356170654
[2025-01-07 23:11:01,296][flwr][INFO] - 		round 3: 184.9355399608612
[2025-01-07 23:11:01,296][flwr][INFO] - 		round 4: 182.21338844299316
[2025-01-07 23:11:01,296][flwr][INFO] - 		round 5: 181.99053859710693
[2025-01-07 23:11:01,296][flwr][INFO] - 		round 6: 181.988219499588
[2025-01-07 23:11:01,296][flwr][INFO] - 		round 7: 182.16261529922485
[2025-01-07 23:11:01,296][flwr][INFO] - 		round 8: 182.14674830436707
[2025-01-07 23:11:01,296][flwr][INFO] - 		round 9: 181.95157504081726
[2025-01-07 23:11:01,296][flwr][INFO] - 		round 10: 181.9973304271698
[2025-01-07 23:11:01,296][flwr][INFO] - 		round 11: 182.15244913101196
[2025-01-07 23:11:01,296][flwr][INFO] - 		round 12: 182.09725546836853
[2025-01-07 23:11:01,297][flwr][INFO] - 		round 13: 182.0089726448059
[2025-01-07 23:11:01,297][flwr][INFO] - 		round 14: 182.16907024383545
[2025-01-07 23:11:01,297][flwr][INFO] - 		round 15: 181.97537207603455
[2025-01-07 23:11:01,297][flwr][INFO] - 	History (metrics, centralized):
[2025-01-07 23:11:01,297][flwr][INFO] - 	{'accuracy': [(0, 0.0993),
[2025-01-07 23:11:01,297][flwr][INFO] - 	              (1, 0.2903),
[2025-01-07 23:11:01,297][flwr][INFO] - 	              (2, 0.278),
[2025-01-07 23:11:01,297][flwr][INFO] - 	              (3, 0.1009),
[2025-01-07 23:11:01,297][flwr][INFO] - 	              (4, 0.101),
[2025-01-07 23:11:01,297][flwr][INFO] - 	              (5, 0.1135),
[2025-01-07 23:11:01,297][flwr][INFO] - 	              (6, 0.1135),
[2025-01-07 23:11:01,297][flwr][INFO] - 	              (7, 0.1135),
[2025-01-07 23:11:01,297][flwr][INFO] - 	              (8, 0.0958),
[2025-01-07 23:11:01,297][flwr][INFO] - 	              (9, 0.1135),
[2025-01-07 23:11:01,297][flwr][INFO] - 	              (10, 0.1135),
[2025-01-07 23:11:01,297][flwr][INFO] - 	              (11, 0.1135),
[2025-01-07 23:11:01,297][flwr][INFO] - 	              (12, 0.098),
[2025-01-07 23:11:01,297][flwr][INFO] - 	              (13, 0.1028),
[2025-01-07 23:11:01,297][flwr][INFO] - 	              (14, 0.0974),
[2025-01-07 23:11:01,297][flwr][INFO] - 	              (15, 0.1028)]}
[2025-01-07 23:11:01,298][flwr][INFO] - 
