[2025-01-07 13:20:57,962][flwr][INFO] - Starting Flower simulation, config: num_rounds=5, no round_timeout
[2025-01-07 13:21:01,552][flwr][INFO] - Flower VCE: Ray initialized with resources: {'CPU': 12.0, 'node:192.168.1.11': 1.0, 'memory': 6853941659.0, 'object_store_memory': 3426970828.0, 'node:__internal_head__': 1.0}
[2025-01-07 13:21:01,553][flwr][INFO] - Optimize your simulation with Flower VCE: https://flower.ai/docs/framework/how-to-run-simulations.html
[2025-01-07 13:21:01,553][flwr][INFO] - Flower VCE: Resources for each Virtual Client: {'num_cpus': 2, 'num_gpus': 0}
[2025-01-07 13:21:01,574][flwr][INFO] - Flower VCE: Creating VirtualClientEngineActorPool with 6 actors
[2025-01-07 13:21:01,575][flwr][INFO] - [INIT]
[2025-01-07 13:21:01,575][flwr][INFO] - Requesting initial parameters from one random client
[2025-01-07 13:21:04,729][flwr][INFO] - Received initial parameters from one random client
[2025-01-07 13:21:04,729][flwr][INFO] - Starting evaluation of initial global parameters
[2025-01-07 13:21:06,780][flwr][INFO] - initial parameters (loss, other metrics): 181.97963905334473, {'accuracy': 0.1203}
[2025-01-07 13:21:06,780][flwr][INFO] - 
[2025-01-07 13:21:06,780][flwr][INFO] - [ROUND 1]
[2025-01-07 13:21:06,781][flwr][INFO] - configure_fit: strategy sampled 2 clients (out of 5)
[2025-01-07 13:21:40,832][flwr][INFO] - aggregate_fit: received 2 results and 0 failures
[2025-01-07 13:21:40,835][flwr][WARNING] - No fit_metrics_aggregation_fn provided
[2025-01-07 13:21:42,817][flwr][INFO] - fit progress: (1, 182.42111563682556, {'accuracy': 0.101}, 36.03654160299993)
[2025-01-07 13:21:42,817][flwr][INFO] - configure_evaluate: strategy sampled 5 clients (out of 5)
[2025-01-07 13:21:47,031][flwr][INFO] - aggregate_evaluate: received 5 results and 0 failures
[2025-01-07 13:21:47,031][flwr][WARNING] - No evaluate_metrics_aggregation_fn provided
[2025-01-07 13:21:47,031][flwr][INFO] - 
[2025-01-07 13:21:47,031][flwr][INFO] - [ROUND 2]
[2025-01-07 13:21:47,032][flwr][INFO] - configure_fit: strategy sampled 2 clients (out of 5)
[2025-01-07 13:22:09,949][flwr][INFO] - aggregate_fit: received 2 results and 0 failures
[2025-01-07 13:22:11,210][flwr][INFO] - fit progress: (2, 182.76352262496948, {'accuracy': 0.1135}, 64.4301608220012)
[2025-01-07 13:22:11,210][flwr][INFO] - configure_evaluate: strategy sampled 5 clients (out of 5)
[2025-01-07 13:22:12,433][flwr][INFO] - aggregate_evaluate: received 5 results and 0 failures
[2025-01-07 13:22:12,434][flwr][INFO] - 
[2025-01-07 13:22:12,434][flwr][INFO] - [ROUND 3]
[2025-01-07 13:22:12,434][flwr][INFO] - configure_fit: strategy sampled 2 clients (out of 5)
[2025-01-07 13:22:35,454][flwr][INFO] - aggregate_fit: received 2 results and 0 failures
[2025-01-07 13:22:37,086][flwr][INFO] - fit progress: (3, 181.9706428050995, {'accuracy': 0.1135}, 90.30602979300238)
[2025-01-07 13:22:37,086][flwr][INFO] - configure_evaluate: strategy sampled 5 clients (out of 5)
[2025-01-07 13:22:38,248][flwr][INFO] - aggregate_evaluate: received 5 results and 0 failures
[2025-01-07 13:22:38,248][flwr][INFO] - 
[2025-01-07 13:22:38,248][flwr][INFO] - [ROUND 4]
[2025-01-07 13:22:38,249][flwr][INFO] - configure_fit: strategy sampled 2 clients (out of 5)
[2025-01-07 13:23:01,889][flwr][INFO] - aggregate_fit: received 2 results and 0 failures
[2025-01-07 13:23:03,509][flwr][INFO] - fit progress: (4, 182.61024284362793, {'accuracy': 0.1135}, 116.7288704929997)
[2025-01-07 13:23:03,509][flwr][INFO] - configure_evaluate: strategy sampled 5 clients (out of 5)
[2025-01-07 13:23:04,572][flwr][INFO] - aggregate_evaluate: received 5 results and 0 failures
[2025-01-07 13:23:04,572][flwr][INFO] - 
[2025-01-07 13:23:04,572][flwr][INFO] - [ROUND 5]
[2025-01-07 13:23:04,572][flwr][INFO] - configure_fit: strategy sampled 2 clients (out of 5)
[2025-01-07 13:23:28,235][flwr][INFO] - aggregate_fit: received 2 results and 0 failures
[2025-01-07 13:23:30,045][flwr][INFO] - fit progress: (5, 182.13454341888428, {'accuracy': 0.1135}, 143.26491874400017)
[2025-01-07 13:23:30,045][flwr][INFO] - configure_evaluate: strategy sampled 5 clients (out of 5)
[2025-01-07 13:23:31,122][flwr][INFO] - aggregate_evaluate: received 5 results and 0 failures
[2025-01-07 13:23:31,122][flwr][INFO] - 
[2025-01-07 13:23:31,122][flwr][INFO] - [SUMMARY]
[2025-01-07 13:23:31,122][flwr][INFO] - Run finished 5 round(s) in 144.34s
[2025-01-07 13:23:31,123][flwr][INFO] - 	History (loss, distributed):
[2025-01-07 13:23:31,123][flwr][INFO] - 		round 1: 173.24689116477967
[2025-01-07 13:23:31,123][flwr][INFO] - 		round 2: 173.52654991149902
[2025-01-07 13:23:31,123][flwr][INFO] - 		round 3: 172.7999499320984
[2025-01-07 13:23:31,123][flwr][INFO] - 		round 4: 173.4652729511261
[2025-01-07 13:23:31,123][flwr][INFO] - 		round 5: 172.9642212867737
[2025-01-07 13:23:31,123][flwr][INFO] - 	History (loss, centralized):
[2025-01-07 13:23:31,123][flwr][INFO] - 		round 0: 181.97963905334473
[2025-01-07 13:23:31,123][flwr][INFO] - 		round 1: 182.42111563682556
[2025-01-07 13:23:31,123][flwr][INFO] - 		round 2: 182.76352262496948
[2025-01-07 13:23:31,124][flwr][INFO] - 		round 3: 181.9706428050995
[2025-01-07 13:23:31,124][flwr][INFO] - 		round 4: 182.61024284362793
[2025-01-07 13:23:31,124][flwr][INFO] - 		round 5: 182.13454341888428
[2025-01-07 13:23:31,124][flwr][INFO] - 	History (metrics, centralized):
[2025-01-07 13:23:31,124][flwr][INFO] - 	{'accuracy': [(0, 0.1203),
[2025-01-07 13:23:31,124][flwr][INFO] - 	              (1, 0.101),
[2025-01-07 13:23:31,124][flwr][INFO] - 	              (2, 0.1135),
[2025-01-07 13:23:31,124][flwr][INFO] - 	              (3, 0.1135),
[2025-01-07 13:23:31,124][flwr][INFO] - 	              (4, 0.1135),
[2025-01-07 13:23:31,124][flwr][INFO] - 	              (5, 0.1135)]}
[2025-01-07 13:23:31,124][flwr][INFO] - 
