[2024-12-31 23:17:32,778][flwr][INFO] - Starting Flower simulation, config: num_rounds=10, no round_timeout
[2024-12-31 23:17:36,523][flwr][INFO] - Flower VCE: Ray initialized with resources: {'node:__internal_head__': 1.0, 'CPU': 12.0, 'node:192.168.1.11': 1.0, 'object_store_memory': 3231337267.0, 'memory': 6462674535.0}
[2024-12-31 23:17:36,523][flwr][INFO] - Optimize your simulation with Flower VCE: https://flower.ai/docs/framework/how-to-run-simulations.html
[2024-12-31 23:17:36,524][flwr][INFO] - Flower VCE: Resources for each Virtual Client: {'num_cpus': 2, 'num_gpus': 0}
[2024-12-31 23:17:36,533][flwr][INFO] - Flower VCE: Creating VirtualClientEngineActorPool with 6 actors
[2024-12-31 23:17:36,534][flwr][INFO] - [INIT]
[2024-12-31 23:17:36,535][flwr][INFO] - Using initial global parameters provided by strategy
[2024-12-31 23:17:36,535][flwr][INFO] - Starting evaluation of initial global parameters
[2024-12-31 23:17:39,817][flwr][INFO] - initial parameters (loss, other metrics): 182.2112419605255, {'accuracy': 0.1163}
[2024-12-31 23:17:39,817][flwr][INFO] - 
[2024-12-31 23:17:39,817][flwr][INFO] - [ROUND 1]
[2024-12-31 23:17:39,817][flwr][INFO] - configure_fit: strategy sampled 2 clients (out of 10)
[2024-12-31 23:17:48,162][flwr][INFO] - aggregate_fit: received 2 results and 0 failures
[2024-12-31 23:17:48,170][flwr][WARNING] - No fit_metrics_aggregation_fn provided
[2024-12-31 23:17:49,861][flwr][INFO] - fit progress: (1, 182.30762267112732, {'accuracy': 0.101}, 10.044616901999689)
[2024-12-31 23:17:49,862][flwr][INFO] - configure_evaluate: strategy sampled 5 clients (out of 10)
[2024-12-31 23:17:54,455][flwr][INFO] - aggregate_evaluate: received 5 results and 0 failures
[2024-12-31 23:17:54,455][flwr][WARNING] - No evaluate_metrics_aggregation_fn provided
[2024-12-31 23:17:54,455][flwr][INFO] - 
[2024-12-31 23:17:54,455][flwr][INFO] - [ROUND 2]
[2024-12-31 23:17:54,456][flwr][INFO] - configure_fit: strategy sampled 2 clients (out of 10)
[2024-12-31 23:18:00,244][flwr][INFO] - aggregate_fit: received 2 results and 0 failures
[2024-12-31 23:18:02,362][flwr][INFO] - fit progress: (2, 182.28554821014404, {'accuracy': 0.0982}, 22.54535208299785)
[2024-12-31 23:18:02,363][flwr][INFO] - configure_evaluate: strategy sampled 5 clients (out of 10)
[2024-12-31 23:18:03,157][flwr][INFO] - aggregate_evaluate: received 5 results and 0 failures
[2024-12-31 23:18:03,157][flwr][INFO] - 
[2024-12-31 23:18:03,157][flwr][INFO] - [ROUND 3]
[2024-12-31 23:18:03,157][flwr][INFO] - configure_fit: strategy sampled 2 clients (out of 10)
[2024-12-31 23:18:09,210][flwr][INFO] - aggregate_fit: received 2 results and 0 failures
[2024-12-31 23:18:10,861][flwr][INFO] - fit progress: (3, 182.26266264915466, {'accuracy': 0.101}, 31.043750295997597)
[2024-12-31 23:18:10,861][flwr][INFO] - configure_evaluate: strategy sampled 5 clients (out of 10)
[2024-12-31 23:18:11,689][flwr][INFO] - aggregate_evaluate: received 5 results and 0 failures
[2024-12-31 23:18:11,689][flwr][INFO] - 
[2024-12-31 23:18:11,689][flwr][INFO] - [ROUND 4]
[2024-12-31 23:18:11,690][flwr][INFO] - configure_fit: strategy sampled 2 clients (out of 10)
[2024-12-31 23:18:17,629][flwr][INFO] - aggregate_fit: received 2 results and 0 failures
[2024-12-31 23:18:19,728][flwr][INFO] - fit progress: (4, 182.1787087917328, {'accuracy': 0.101}, 39.91070316499827)
[2024-12-31 23:18:19,728][flwr][INFO] - configure_evaluate: strategy sampled 5 clients (out of 10)
[2024-12-31 23:18:20,491][flwr][INFO] - aggregate_evaluate: received 5 results and 0 failures
[2024-12-31 23:18:20,492][flwr][INFO] - 
[2024-12-31 23:18:20,492][flwr][INFO] - [ROUND 5]
[2024-12-31 23:18:20,492][flwr][INFO] - configure_fit: strategy sampled 2 clients (out of 10)
[2024-12-31 23:18:25,992][flwr][INFO] - aggregate_fit: received 2 results and 0 failures
[2024-12-31 23:18:27,861][flwr][INFO] - fit progress: (5, 181.9771466255188, {'accuracy': 0.1135}, 48.04415920899919)
[2024-12-31 23:18:27,861][flwr][INFO] - configure_evaluate: strategy sampled 5 clients (out of 10)
[2024-12-31 23:18:28,594][flwr][INFO] - aggregate_evaluate: received 5 results and 0 failures
[2024-12-31 23:18:28,594][flwr][INFO] - 
[2024-12-31 23:18:28,595][flwr][INFO] - [ROUND 6]
[2024-12-31 23:18:28,595][flwr][INFO] - configure_fit: strategy sampled 2 clients (out of 10)
[2024-12-31 23:18:34,197][flwr][INFO] - aggregate_fit: received 2 results and 0 failures
[2024-12-31 23:18:35,611][flwr][INFO] - fit progress: (6, 181.95423364639282, {'accuracy': 0.101}, 55.794029282995325)
[2024-12-31 23:18:35,611][flwr][INFO] - configure_evaluate: strategy sampled 5 clients (out of 10)
[2024-12-31 23:18:36,372][flwr][INFO] - aggregate_evaluate: received 5 results and 0 failures
[2024-12-31 23:18:36,373][flwr][INFO] - 
[2024-12-31 23:18:36,373][flwr][INFO] - [ROUND 7]
[2024-12-31 23:18:36,373][flwr][INFO] - configure_fit: strategy sampled 2 clients (out of 10)
[2024-12-31 23:18:41,913][flwr][INFO] - aggregate_fit: received 2 results and 0 failures
[2024-12-31 23:18:43,702][flwr][INFO] - fit progress: (7, 181.90634632110596, {'accuracy': 0.1135}, 63.88517981399491)
[2024-12-31 23:18:43,702][flwr][INFO] - configure_evaluate: strategy sampled 5 clients (out of 10)
[2024-12-31 23:18:44,430][flwr][INFO] - aggregate_evaluate: received 5 results and 0 failures
[2024-12-31 23:18:44,431][flwr][INFO] - 
[2024-12-31 23:18:44,431][flwr][INFO] - [ROUND 8]
[2024-12-31 23:18:44,431][flwr][INFO] - configure_fit: strategy sampled 2 clients (out of 10)
[2024-12-31 23:18:50,003][flwr][INFO] - aggregate_fit: received 2 results and 0 failures
[2024-12-31 23:18:51,880][flwr][INFO] - fit progress: (8, 181.97424340248108, {'accuracy': 0.101}, 72.06310017399665)
[2024-12-31 23:18:51,880][flwr][INFO] - configure_evaluate: strategy sampled 5 clients (out of 10)
[2024-12-31 23:18:52,643][flwr][INFO] - aggregate_evaluate: received 5 results and 0 failures
[2024-12-31 23:18:52,644][flwr][INFO] - 
[2024-12-31 23:18:52,644][flwr][INFO] - [ROUND 9]
[2024-12-31 23:18:52,644][flwr][INFO] - configure_fit: strategy sampled 2 clients (out of 10)
[2024-12-31 23:18:58,444][flwr][INFO] - aggregate_fit: received 2 results and 0 failures
[2024-12-31 23:19:00,357][flwr][INFO] - fit progress: (9, 181.87254452705383, {'accuracy': 0.101}, 80.54035513800045)
[2024-12-31 23:19:00,358][flwr][INFO] - configure_evaluate: strategy sampled 5 clients (out of 10)
[2024-12-31 23:19:01,164][flwr][INFO] - aggregate_evaluate: received 5 results and 0 failures
[2024-12-31 23:19:01,164][flwr][INFO] - 
[2024-12-31 23:19:01,164][flwr][INFO] - [ROUND 10]
[2024-12-31 23:19:01,165][flwr][INFO] - configure_fit: strategy sampled 2 clients (out of 10)
[2024-12-31 23:19:07,000][flwr][INFO] - aggregate_fit: received 2 results and 0 failures
[2024-12-31 23:19:09,214][flwr][INFO] - fit progress: (10, 181.84698677062988, {'accuracy': 0.1135}, 89.3973530239964)
[2024-12-31 23:19:09,215][flwr][INFO] - configure_evaluate: strategy sampled 5 clients (out of 10)
[2024-12-31 23:19:09,917][flwr][INFO] - aggregate_evaluate: received 5 results and 0 failures
[2024-12-31 23:19:09,918][flwr][INFO] - 
[2024-12-31 23:19:09,918][flwr][INFO] - [SUMMARY]
[2024-12-31 23:19:09,918][flwr][INFO] - Run finished 10 round(s) in 90.10s
[2024-12-31 23:19:09,918][flwr][INFO] - 	History (loss, distributed):
[2024-12-31 23:19:09,919][flwr][INFO] - 		round 1: 43.849070358276364
[2024-12-31 23:19:09,919][flwr][INFO] - 		round 2: 43.77256760597229
[2024-12-31 23:19:09,919][flwr][INFO] - 		round 3: 43.80271501541138
[2024-12-31 23:19:09,919][flwr][INFO] - 		round 4: 43.78443188667298
[2024-12-31 23:19:09,919][flwr][INFO] - 		round 5: 43.744271183013915
[2024-12-31 23:19:09,919][flwr][INFO] - 		round 6: 43.72565517425537
[2024-12-31 23:19:09,919][flwr][INFO] - 		round 7: 43.68706130981445
[2024-12-31 23:19:09,919][flwr][INFO] - 		round 8: 43.75276780128479
[2024-12-31 23:19:09,919][flwr][INFO] - 		round 9: 43.773484802246095
[2024-12-31 23:19:09,919][flwr][INFO] - 		round 10: 43.761207294464114
[2024-12-31 23:19:09,920][flwr][INFO] - 	History (loss, centralized):
[2024-12-31 23:19:09,920][flwr][INFO] - 		round 0: 182.2112419605255
[2024-12-31 23:19:09,920][flwr][INFO] - 		round 1: 182.30762267112732
[2024-12-31 23:19:09,920][flwr][INFO] - 		round 2: 182.28554821014404
[2024-12-31 23:19:09,920][flwr][INFO] - 		round 3: 182.26266264915466
[2024-12-31 23:19:09,920][flwr][INFO] - 		round 4: 182.1787087917328
[2024-12-31 23:19:09,920][flwr][INFO] - 		round 5: 181.9771466255188
[2024-12-31 23:19:09,920][flwr][INFO] - 		round 6: 181.95423364639282
[2024-12-31 23:19:09,920][flwr][INFO] - 		round 7: 181.90634632110596
[2024-12-31 23:19:09,921][flwr][INFO] - 		round 8: 181.97424340248108
[2024-12-31 23:19:09,921][flwr][INFO] - 		round 9: 181.87254452705383
[2024-12-31 23:19:09,921][flwr][INFO] - 		round 10: 181.84698677062988
[2024-12-31 23:19:09,921][flwr][INFO] - 	History (metrics, centralized):
[2024-12-31 23:19:09,921][flwr][INFO] - 	{'accuracy': [(0, 0.1163),
[2024-12-31 23:19:09,921][flwr][INFO] - 	              (1, 0.101),
[2024-12-31 23:19:09,921][flwr][INFO] - 	              (2, 0.0982),
[2024-12-31 23:19:09,921][flwr][INFO] - 	              (3, 0.101),
[2024-12-31 23:19:09,921][flwr][INFO] - 	              (4, 0.101),
[2024-12-31 23:19:09,921][flwr][INFO] - 	              (5, 0.1135),
[2024-12-31 23:19:09,921][flwr][INFO] - 	              (6, 0.101),
[2024-12-31 23:19:09,922][flwr][INFO] - 	              (7, 0.1135),
[2024-12-31 23:19:09,922][flwr][INFO] - 	              (8, 0.101),
[2024-12-31 23:19:09,922][flwr][INFO] - 	              (9, 0.101),
[2024-12-31 23:19:09,922][flwr][INFO] - 	              (10, 0.1135)]}
[2024-12-31 23:19:09,922][flwr][INFO] - 
