[2025-01-07 17:45:46,166][flwr][INFO] - Starting Flower simulation, config: num_rounds=10, no round_timeout
[2025-01-07 17:45:49,701][flwr][INFO] - Flower VCE: Ray initialized with resources: {'memory': 6400278528.0, 'object_store_memory': 3200139264.0, 'node:192.168.1.11': 1.0, 'CPU': 12.0, 'node:__internal_head__': 1.0}
[2025-01-07 17:45:49,701][flwr][INFO] - Optimize your simulation with Flower VCE: https://flower.ai/docs/framework/how-to-run-simulations.html
[2025-01-07 17:45:49,701][flwr][INFO] - Flower VCE: Resources for each Virtual Client: {'num_cpus': 2, 'num_gpus': 0}
[2025-01-07 17:45:49,709][flwr][INFO] - Flower VCE: Creating VirtualClientEngineActorPool with 6 actors
[2025-01-07 17:45:49,709][flwr][INFO] - [INIT]
[2025-01-07 17:45:49,709][flwr][INFO] - Requesting initial parameters from one random client
[2025-01-07 17:45:52,297][flwr][INFO] - Received initial parameters from one random client
[2025-01-07 17:45:52,297][flwr][INFO] - Starting evaluation of initial global parameters
[2025-01-07 17:45:54,313][flwr][INFO] - initial parameters (loss, other metrics): 182.8720145225525, {'accuracy': 0.0625}
[2025-01-07 17:45:54,314][flwr][INFO] - 
[2025-01-07 17:45:54,314][flwr][INFO] - [ROUND 1]
[2025-01-07 17:45:54,314][flwr][INFO] - configure_fit: strategy sampled 2 clients (out of 10)
[2025-01-07 17:46:01,507][flwr][INFO] - aggregate_fit: received 2 results and 0 failures
[2025-01-07 17:46:01,511][flwr][WARNING] - No fit_metrics_aggregation_fn provided
[2025-01-07 17:46:02,688][flwr][INFO] - fit progress: (1, 181.95851945877075, {'accuracy': 0.1135}, 8.374674044003768)
[2025-01-07 17:46:02,689][flwr][INFO] - configure_evaluate: strategy sampled 3 clients (out of 10)
[2025-01-07 17:46:04,901][flwr][INFO] - aggregate_evaluate: received 3 results and 0 failures
[2025-01-07 17:46:04,901][flwr][WARNING] - No evaluate_metrics_aggregation_fn provided
[2025-01-07 17:46:04,901][flwr][INFO] - 
[2025-01-07 17:46:04,902][flwr][INFO] - [ROUND 2]
[2025-01-07 17:46:04,902][flwr][INFO] - configure_fit: strategy sampled 2 clients (out of 10)
[2025-01-07 17:46:09,865][flwr][INFO] - aggregate_fit: received 2 results and 0 failures
[2025-01-07 17:46:11,259][flwr][INFO] - fit progress: (2, 175.00791549682617, {'accuracy': 0.1912}, 16.945928645000095)
[2025-01-07 17:46:11,260][flwr][INFO] - configure_evaluate: strategy sampled 3 clients (out of 10)
[2025-01-07 17:46:11,780][flwr][INFO] - aggregate_evaluate: received 3 results and 0 failures
[2025-01-07 17:46:11,780][flwr][INFO] - 
[2025-01-07 17:46:11,780][flwr][INFO] - [ROUND 3]
[2025-01-07 17:46:11,780][flwr][INFO] - configure_fit: strategy sampled 2 clients (out of 10)
[2025-01-07 17:46:16,848][flwr][INFO] - aggregate_fit: received 2 results and 0 failures
[2025-01-07 17:46:18,405][flwr][INFO] - fit progress: (3, 186.25667786598206, {'accuracy': 0.0971}, 24.09100429299724)
[2025-01-07 17:46:18,405][flwr][INFO] - configure_evaluate: strategy sampled 3 clients (out of 10)
[2025-01-07 17:46:18,921][flwr][INFO] - aggregate_evaluate: received 3 results and 0 failures
[2025-01-07 17:46:18,921][flwr][INFO] - 
[2025-01-07 17:46:18,921][flwr][INFO] - [ROUND 4]
[2025-01-07 17:46:18,921][flwr][INFO] - configure_fit: strategy sampled 2 clients (out of 10)
[2025-01-07 17:46:23,977][flwr][INFO] - aggregate_fit: received 2 results and 0 failures
[2025-01-07 17:46:25,796][flwr][INFO] - fit progress: (4, 182.06055235862732, {'accuracy': 0.0958}, 31.482714169003884)
[2025-01-07 17:46:25,797][flwr][INFO] - configure_evaluate: strategy sampled 3 clients (out of 10)
[2025-01-07 17:46:26,259][flwr][INFO] - aggregate_evaluate: received 3 results and 0 failures
[2025-01-07 17:46:26,259][flwr][INFO] - 
[2025-01-07 17:46:26,259][flwr][INFO] - [ROUND 5]
[2025-01-07 17:46:26,260][flwr][INFO] - configure_fit: strategy sampled 2 clients (out of 10)
[2025-01-07 17:46:31,266][flwr][INFO] - aggregate_fit: received 2 results and 0 failures
[2025-01-07 17:46:32,646][flwr][INFO] - fit progress: (5, 182.06457948684692, {'accuracy': 0.1135}, 38.33288410000387)
[2025-01-07 17:46:32,647][flwr][INFO] - configure_evaluate: strategy sampled 3 clients (out of 10)
[2025-01-07 17:46:33,135][flwr][INFO] - aggregate_evaluate: received 3 results and 0 failures
[2025-01-07 17:46:33,135][flwr][INFO] - 
[2025-01-07 17:46:33,135][flwr][INFO] - [ROUND 6]
[2025-01-07 17:46:33,136][flwr][INFO] - configure_fit: strategy sampled 2 clients (out of 10)
[2025-01-07 17:46:38,135][flwr][INFO] - aggregate_fit: received 2 results and 0 failures
[2025-01-07 17:46:39,903][flwr][INFO] - fit progress: (6, 181.97553062438965, {'accuracy': 0.1135}, 45.58910293399822)
[2025-01-07 17:46:39,903][flwr][INFO] - configure_evaluate: strategy sampled 3 clients (out of 10)
[2025-01-07 17:46:40,328][flwr][INFO] - aggregate_evaluate: received 3 results and 0 failures
[2025-01-07 17:46:40,329][flwr][INFO] - 
[2025-01-07 17:46:40,329][flwr][INFO] - [ROUND 7]
[2025-01-07 17:46:40,329][flwr][INFO] - configure_fit: strategy sampled 2 clients (out of 10)
[2025-01-07 17:46:45,196][flwr][INFO] - aggregate_fit: received 2 results and 0 failures
[2025-01-07 17:46:47,374][flwr][INFO] - fit progress: (7, 182.01806592941284, {'accuracy': 0.101}, 53.0603120779997)
[2025-01-07 17:46:47,374][flwr][INFO] - configure_evaluate: strategy sampled 3 clients (out of 10)
[2025-01-07 17:46:47,774][flwr][INFO] - aggregate_evaluate: received 3 results and 0 failures
[2025-01-07 17:46:47,774][flwr][INFO] - 
[2025-01-07 17:46:47,774][flwr][INFO] - [ROUND 8]
[2025-01-07 17:46:47,774][flwr][INFO] - configure_fit: strategy sampled 2 clients (out of 10)
[2025-01-07 17:46:52,649][flwr][INFO] - aggregate_fit: received 2 results and 0 failures
[2025-01-07 17:46:54,204][flwr][INFO] - fit progress: (8, 181.84543681144714, {'accuracy': 0.1135}, 59.8899614280017)
[2025-01-07 17:46:54,204][flwr][INFO] - configure_evaluate: strategy sampled 3 clients (out of 10)
[2025-01-07 17:46:54,697][flwr][INFO] - aggregate_evaluate: received 3 results and 0 failures
[2025-01-07 17:46:54,697][flwr][INFO] - 
[2025-01-07 17:46:54,698][flwr][INFO] - [ROUND 9]
[2025-01-07 17:46:54,698][flwr][INFO] - configure_fit: strategy sampled 2 clients (out of 10)
[2025-01-07 17:46:59,642][flwr][INFO] - aggregate_fit: received 2 results and 0 failures
[2025-01-07 17:47:01,271][flwr][INFO] - fit progress: (9, 182.16859459877014, {'accuracy': 0.101}, 66.95787876599934)
[2025-01-07 17:47:01,272][flwr][INFO] - configure_evaluate: strategy sampled 3 clients (out of 10)
[2025-01-07 17:47:01,705][flwr][INFO] - aggregate_evaluate: received 3 results and 0 failures
[2025-01-07 17:47:01,706][flwr][INFO] - 
[2025-01-07 17:47:01,706][flwr][INFO] - [ROUND 10]
[2025-01-07 17:47:01,706][flwr][INFO] - configure_fit: strategy sampled 2 clients (out of 10)
[2025-01-07 17:47:06,790][flwr][INFO] - aggregate_fit: received 2 results and 0 failures
[2025-01-07 17:47:08,171][flwr][INFO] - fit progress: (10, 182.03835082054138, {'accuracy': 0.1032}, 73.8577588650005)
[2025-01-07 17:47:08,172][flwr][INFO] - configure_evaluate: strategy sampled 3 clients (out of 10)
[2025-01-07 17:47:08,591][flwr][INFO] - aggregate_evaluate: received 3 results and 0 failures
[2025-01-07 17:47:08,591][flwr][INFO] - 
[2025-01-07 17:47:08,591][flwr][INFO] - [SUMMARY]
[2025-01-07 17:47:08,591][flwr][INFO] - Run finished 10 round(s) in 74.28s
[2025-01-07 17:47:08,592][flwr][INFO] - 	History (loss, distributed):
[2025-01-07 17:47:08,592][flwr][INFO] - 		round 1: 43.733362913131714
[2025-01-07 17:47:08,592][flwr][INFO] - 		round 2: 42.18657875061035
[2025-01-07 17:47:08,592][flwr][INFO] - 		round 3: 44.73456486066183
[2025-01-07 17:47:08,592][flwr][INFO] - 		round 4: 43.79250820477804
[2025-01-07 17:47:08,592][flwr][INFO] - 		round 5: 43.64060354232788
[2025-01-07 17:47:08,592][flwr][INFO] - 		round 6: 43.77591745058695
[2025-01-07 17:47:08,592][flwr][INFO] - 		round 7: 43.73308936754862
[2025-01-07 17:47:08,592][flwr][INFO] - 		round 8: 43.76847473780314
[2025-01-07 17:47:08,592][flwr][INFO] - 		round 9: 43.83869401613871
[2025-01-07 17:47:08,592][flwr][INFO] - 		round 10: 43.83028777440389
[2025-01-07 17:47:08,592][flwr][INFO] - 	History (loss, centralized):
[2025-01-07 17:47:08,593][flwr][INFO] - 		round 0: 182.8720145225525
[2025-01-07 17:47:08,593][flwr][INFO] - 		round 1: 181.95851945877075
[2025-01-07 17:47:08,593][flwr][INFO] - 		round 2: 175.00791549682617
[2025-01-07 17:47:08,593][flwr][INFO] - 		round 3: 186.25667786598206
[2025-01-07 17:47:08,593][flwr][INFO] - 		round 4: 182.06055235862732
[2025-01-07 17:47:08,593][flwr][INFO] - 		round 5: 182.06457948684692
[2025-01-07 17:47:08,593][flwr][INFO] - 		round 6: 181.97553062438965
[2025-01-07 17:47:08,593][flwr][INFO] - 		round 7: 182.01806592941284
[2025-01-07 17:47:08,593][flwr][INFO] - 		round 8: 181.84543681144714
[2025-01-07 17:47:08,593][flwr][INFO] - 		round 9: 182.16859459877014
[2025-01-07 17:47:08,593][flwr][INFO] - 		round 10: 182.03835082054138
[2025-01-07 17:47:08,593][flwr][INFO] - 	History (metrics, centralized):
[2025-01-07 17:47:08,593][flwr][INFO] - 	{'accuracy': [(0, 0.0625),
[2025-01-07 17:47:08,593][flwr][INFO] - 	              (1, 0.1135),
[2025-01-07 17:47:08,593][flwr][INFO] - 	              (2, 0.1912),
[2025-01-07 17:47:08,593][flwr][INFO] - 	              (3, 0.0971),
[2025-01-07 17:47:08,593][flwr][INFO] - 	              (4, 0.0958),
[2025-01-07 17:47:08,593][flwr][INFO] - 	              (5, 0.1135),
[2025-01-07 17:47:08,593][flwr][INFO] - 	              (6, 0.1135),
[2025-01-07 17:47:08,593][flwr][INFO] - 	              (7, 0.101),
[2025-01-07 17:47:08,593][flwr][INFO] - 	              (8, 0.1135),
[2025-01-07 17:47:08,593][flwr][INFO] - 	              (9, 0.101),
[2025-01-07 17:47:08,594][flwr][INFO] - 	              (10, 0.1032)]}
[2025-01-07 17:47:08,594][flwr][INFO] - 
