[2025-01-07 14:24:17,952][flwr][INFO] - Starting Flower simulation, config: num_rounds=5, no round_timeout
[2025-01-07 14:24:21,346][flwr][INFO] - Flower VCE: Ray initialized with resources: {'node:__internal_head__': 1.0, 'CPU': 12.0, 'node:192.168.1.11': 1.0, 'memory': 6299438286.0, 'object_store_memory': 3149719142.0}
[2025-01-07 14:24:21,346][flwr][INFO] - Optimize your simulation with Flower VCE: https://flower.ai/docs/framework/how-to-run-simulations.html
[2025-01-07 14:24:21,346][flwr][INFO] - Flower VCE: Resources for each Virtual Client: {'num_cpus': 2, 'num_gpus': 0}
[2025-01-07 14:24:21,352][flwr][INFO] - Flower VCE: Creating VirtualClientEngineActorPool with 6 actors
[2025-01-07 14:24:21,352][flwr][INFO] - [INIT]
[2025-01-07 14:24:21,352][flwr][INFO] - Requesting initial parameters from one random client
[2025-01-07 14:24:24,042][flwr][INFO] - Received initial parameters from one random client
[2025-01-07 14:24:24,043][flwr][INFO] - Starting evaluation of initial global parameters
[2025-01-07 14:24:25,611][flwr][INFO] - initial parameters (loss, other metrics): 182.18841528892517, {'accuracy': 0.1009}
[2025-01-07 14:24:25,611][flwr][INFO] - 
[2025-01-07 14:24:25,612][flwr][INFO] - [ROUND 1]
[2025-01-07 14:24:25,612][flwr][INFO] - configure_fit: strategy sampled 2 clients (out of 10)
[2025-01-07 14:24:33,124][flwr][INFO] - aggregate_fit: received 2 results and 0 failures
[2025-01-07 14:24:33,131][flwr][WARNING] - No fit_metrics_aggregation_fn provided
[2025-01-07 14:24:34,372][flwr][INFO] - fit progress: (1, 68.01927384734154, {'accuracy': 0.8261}, 8.760452425001859)
[2025-01-07 14:24:34,372][flwr][INFO] - configure_evaluate: strategy sampled 5 clients (out of 10)
[2025-01-07 14:24:38,197][flwr][INFO] - aggregate_evaluate: received 5 results and 0 failures
[2025-01-07 14:24:38,198][flwr][WARNING] - No evaluate_metrics_aggregation_fn provided
[2025-01-07 14:24:38,198][flwr][INFO] - 
[2025-01-07 14:24:38,198][flwr][INFO] - [ROUND 2]
[2025-01-07 14:24:38,198][flwr][INFO] - configure_fit: strategy sampled 2 clients (out of 10)
[2025-01-07 14:24:43,110][flwr][INFO] - aggregate_fit: received 2 results and 0 failures
[2025-01-07 14:24:44,401][flwr][INFO] - fit progress: (2, 14.22993431543, {'accuracy': 0.9566}, 18.789955094001925)
[2025-01-07 14:24:44,402][flwr][INFO] - configure_evaluate: strategy sampled 5 clients (out of 10)
[2025-01-07 14:24:45,176][flwr][INFO] - aggregate_evaluate: received 5 results and 0 failures
[2025-01-07 14:24:45,177][flwr][INFO] - 
[2025-01-07 14:24:45,177][flwr][INFO] - [ROUND 3]
[2025-01-07 14:24:45,177][flwr][INFO] - configure_fit: strategy sampled 2 clients (out of 10)
[2025-01-07 14:24:50,662][flwr][INFO] - aggregate_fit: received 2 results and 0 failures
[2025-01-07 14:24:52,087][flwr][INFO] - fit progress: (3, 17.176129763945937, {'accuracy': 0.9424}, 26.47591349400318)
[2025-01-07 14:24:52,088][flwr][INFO] - configure_evaluate: strategy sampled 5 clients (out of 10)
[2025-01-07 14:24:52,810][flwr][INFO] - aggregate_evaluate: received 5 results and 0 failures
[2025-01-07 14:24:52,811][flwr][INFO] - 
[2025-01-07 14:24:52,811][flwr][INFO] - [ROUND 4]
[2025-01-07 14:24:52,811][flwr][INFO] - configure_fit: strategy sampled 2 clients (out of 10)
[2025-01-07 14:24:57,941][flwr][INFO] - aggregate_fit: received 2 results and 0 failures
[2025-01-07 14:24:59,267][flwr][INFO] - fit progress: (4, 11.809810306411237, {'accuracy': 0.964}, 33.6558289550012)
[2025-01-07 14:24:59,268][flwr][INFO] - configure_evaluate: strategy sampled 5 clients (out of 10)
[2025-01-07 14:24:59,952][flwr][INFO] - aggregate_evaluate: received 5 results and 0 failures
[2025-01-07 14:24:59,952][flwr][INFO] - 
[2025-01-07 14:24:59,952][flwr][INFO] - [ROUND 5]
[2025-01-07 14:24:59,953][flwr][INFO] - configure_fit: strategy sampled 2 clients (out of 10)
[2025-01-07 14:25:05,464][flwr][INFO] - aggregate_fit: received 2 results and 0 failures
[2025-01-07 14:25:06,755][flwr][INFO] - fit progress: (5, 15.56125602312386, {'accuracy': 0.9619}, 41.143410403001326)
[2025-01-07 14:25:06,755][flwr][INFO] - configure_evaluate: strategy sampled 5 clients (out of 10)
[2025-01-07 14:25:07,498][flwr][INFO] - aggregate_evaluate: received 5 results and 0 failures
[2025-01-07 14:25:07,498][flwr][INFO] - 
[2025-01-07 14:25:07,498][flwr][INFO] - [SUMMARY]
[2025-01-07 14:25:07,498][flwr][INFO] - Run finished 5 round(s) in 41.89s
[2025-01-07 14:25:07,498][flwr][INFO] - 	History (loss, distributed):
[2025-01-07 14:25:07,498][flwr][INFO] - 		round 1: 16.70146542787552
[2025-01-07 14:25:07,499][flwr][INFO] - 		round 2: 4.187141129747033
[2025-01-07 14:25:07,499][flwr][INFO] - 		round 3: 4.793990686163307
[2025-01-07 14:25:07,499][flwr][INFO] - 		round 4: 3.354405246116221
[2025-01-07 14:25:07,499][flwr][INFO] - 		round 5: 4.0751688905060295
[2025-01-07 14:25:07,499][flwr][INFO] - 	History (loss, centralized):
[2025-01-07 14:25:07,499][flwr][INFO] - 		round 0: 182.18841528892517
[2025-01-07 14:25:07,499][flwr][INFO] - 		round 1: 68.01927384734154
[2025-01-07 14:25:07,499][flwr][INFO] - 		round 2: 14.22993431543
[2025-01-07 14:25:07,499][flwr][INFO] - 		round 3: 17.176129763945937
[2025-01-07 14:25:07,499][flwr][INFO] - 		round 4: 11.809810306411237
[2025-01-07 14:25:07,499][flwr][INFO] - 		round 5: 15.56125602312386
[2025-01-07 14:25:07,499][flwr][INFO] - 	History (metrics, centralized):
[2025-01-07 14:25:07,499][flwr][INFO] - 	{'accuracy': [(0, 0.1009),
[2025-01-07 14:25:07,499][flwr][INFO] - 	              (1, 0.8261),
[2025-01-07 14:25:07,499][flwr][INFO] - 	              (2, 0.9566),
[2025-01-07 14:25:07,499][flwr][INFO] - 	              (3, 0.9424),
[2025-01-07 14:25:07,499][flwr][INFO] - 	              (4, 0.964),
[2025-01-07 14:25:07,499][flwr][INFO] - 	              (5, 0.9619)]}
[2025-01-07 14:25:07,499][flwr][INFO] - 
