[2024-12-31 23:02:17,731][flwr][INFO] - Starting Flower simulation, config: num_rounds=10, no round_timeout
[2024-12-31 23:02:21,445][flwr][INFO] - Flower VCE: Ray initialized with resources: {'node:__internal_head__': 1.0, 'node:192.168.1.11': 1.0, 'CPU': 12.0, 'object_store_memory': 3300603494.0, 'memory': 6601206990.0}
[2024-12-31 23:02:21,445][flwr][INFO] - Optimize your simulation with Flower VCE: https://flower.ai/docs/framework/how-to-run-simulations.html
[2024-12-31 23:02:21,445][flwr][INFO] - Flower VCE: Resources for each Virtual Client: {'num_cpus': 2, 'num_gpus': 0}
[2024-12-31 23:02:21,456][flwr][INFO] - Flower VCE: Creating VirtualClientEngineActorPool with 6 actors
[2024-12-31 23:02:21,457][flwr][INFO] - [INIT]
[2024-12-31 23:02:21,457][flwr][INFO] - Using initial global parameters provided by strategy
[2024-12-31 23:02:21,457][flwr][INFO] - Starting evaluation of initial global parameters
[2024-12-31 23:02:23,485][flwr][INFO] - initial parameters (loss, other metrics): 182.1424207687378, {'accuracy': 0.0941}
[2024-12-31 23:02:23,485][flwr][INFO] - 
[2024-12-31 23:02:23,486][flwr][INFO] - [ROUND 1]
[2024-12-31 23:02:23,486][flwr][INFO] - configure_fit: strategy sampled 2 clients (out of 10)
[2024-12-31 23:02:40,003][flwr][INFO] - aggregate_fit: received 2 results and 0 failures
[2024-12-31 23:02:40,009][flwr][WARNING] - No fit_metrics_aggregation_fn provided
[2024-12-31 23:02:41,163][flwr][INFO] - fit progress: (1, 189.15148401260376, {'accuracy': 0.1032}, 17.67793612799869)
[2024-12-31 23:02:41,164][flwr][INFO] - configure_evaluate: strategy sampled 5 clients (out of 10)
[2024-12-31 23:02:44,562][flwr][INFO] - aggregate_evaluate: received 5 results and 0 failures
[2024-12-31 23:02:44,562][flwr][WARNING] - No evaluate_metrics_aggregation_fn provided
[2024-12-31 23:02:44,562][flwr][INFO] - 
[2024-12-31 23:02:44,563][flwr][INFO] - [ROUND 2]
[2024-12-31 23:02:44,563][flwr][INFO] - configure_fit: strategy sampled 2 clients (out of 10)
[2024-12-31 23:02:55,678][flwr][INFO] - aggregate_fit: received 2 results and 0 failures
[2024-12-31 23:02:56,722][flwr][INFO] - fit progress: (2, 192.9329297542572, {'accuracy': 0.098}, 33.23649531499541)
[2024-12-31 23:02:56,722][flwr][INFO] - configure_evaluate: strategy sampled 5 clients (out of 10)
[2024-12-31 23:02:57,454][flwr][INFO] - aggregate_evaluate: received 5 results and 0 failures
[2024-12-31 23:02:57,454][flwr][INFO] - 
[2024-12-31 23:02:57,454][flwr][INFO] - [ROUND 3]
[2024-12-31 23:02:57,454][flwr][INFO] - configure_fit: strategy sampled 2 clients (out of 10)
[2024-12-31 23:03:08,339][flwr][INFO] - aggregate_fit: received 2 results and 0 failures
[2024-12-31 23:03:09,769][flwr][INFO] - fit progress: (3, 185.3214967250824, {'accuracy': 0.1028}, 46.283755895994545)
[2024-12-31 23:03:09,769][flwr][INFO] - configure_evaluate: strategy sampled 5 clients (out of 10)
[2024-12-31 23:03:10,454][flwr][INFO] - aggregate_evaluate: received 5 results and 0 failures
[2024-12-31 23:03:10,454][flwr][INFO] - 
[2024-12-31 23:03:10,455][flwr][INFO] - [ROUND 4]
[2024-12-31 23:03:10,455][flwr][INFO] - configure_fit: strategy sampled 2 clients (out of 10)
[2024-12-31 23:03:21,887][flwr][INFO] - aggregate_fit: received 2 results and 0 failures
[2024-12-31 23:03:23,769][flwr][INFO] - fit progress: (4, 183.9692645072937, {'accuracy': 0.1135}, 60.28408088699507)
[2024-12-31 23:03:23,770][flwr][INFO] - configure_evaluate: strategy sampled 5 clients (out of 10)
[2024-12-31 23:03:24,538][flwr][INFO] - aggregate_evaluate: received 5 results and 0 failures
[2024-12-31 23:03:24,538][flwr][INFO] - 
[2024-12-31 23:03:24,538][flwr][INFO] - [ROUND 5]
[2024-12-31 23:03:24,539][flwr][INFO] - configure_fit: strategy sampled 2 clients (out of 10)
[2024-12-31 23:03:36,919][flwr][INFO] - aggregate_fit: received 2 results and 0 failures
[2024-12-31 23:03:38,554][flwr][INFO] - fit progress: (5, 184.87795066833496, {'accuracy': 0.0892}, 75.06848381499731)
[2024-12-31 23:03:38,554][flwr][INFO] - configure_evaluate: strategy sampled 5 clients (out of 10)
[2024-12-31 23:03:39,328][flwr][INFO] - aggregate_evaluate: received 5 results and 0 failures
[2024-12-31 23:03:39,328][flwr][INFO] - 
[2024-12-31 23:03:39,328][flwr][INFO] - [ROUND 6]
[2024-12-31 23:03:39,328][flwr][INFO] - configure_fit: strategy sampled 2 clients (out of 10)
[2024-12-31 23:03:51,348][flwr][INFO] - aggregate_fit: received 2 results and 0 failures
[2024-12-31 23:03:52,995][flwr][INFO] - fit progress: (6, 187.18915104866028, {'accuracy': 0.098}, 89.50996839499567)
[2024-12-31 23:03:52,996][flwr][INFO] - configure_evaluate: strategy sampled 5 clients (out of 10)
[2024-12-31 23:03:53,783][flwr][INFO] - aggregate_evaluate: received 5 results and 0 failures
[2024-12-31 23:03:53,783][flwr][INFO] - 
[2024-12-31 23:03:53,783][flwr][INFO] - [ROUND 7]
[2024-12-31 23:03:53,784][flwr][INFO] - configure_fit: strategy sampled 2 clients (out of 10)
[2024-12-31 23:04:06,057][flwr][INFO] - aggregate_fit: received 2 results and 0 failures
[2024-12-31 23:04:07,273][flwr][INFO] - fit progress: (7, 188.60829520225525, {'accuracy': 0.1032}, 103.7874171279982)
[2024-12-31 23:04:07,273][flwr][INFO] - configure_evaluate: strategy sampled 5 clients (out of 10)
[2024-12-31 23:04:08,067][flwr][INFO] - aggregate_evaluate: received 5 results and 0 failures
[2024-12-31 23:04:08,067][flwr][INFO] - 
[2024-12-31 23:04:08,068][flwr][INFO] - [ROUND 8]
[2024-12-31 23:04:08,068][flwr][INFO] - configure_fit: strategy sampled 2 clients (out of 10)
[2024-12-31 23:04:20,274][flwr][INFO] - aggregate_fit: received 2 results and 0 failures
[2024-12-31 23:04:21,990][flwr][INFO] - fit progress: (8, 188.54890036582947, {'accuracy': 0.101}, 118.5044154789939)
[2024-12-31 23:04:21,990][flwr][INFO] - configure_evaluate: strategy sampled 5 clients (out of 10)
[2024-12-31 23:04:22,719][flwr][INFO] - aggregate_evaluate: received 5 results and 0 failures
[2024-12-31 23:04:22,719][flwr][INFO] - 
[2024-12-31 23:04:22,719][flwr][INFO] - [ROUND 9]
[2024-12-31 23:04:22,719][flwr][INFO] - configure_fit: strategy sampled 2 clients (out of 10)
[2024-12-31 23:04:35,779][flwr][INFO] - aggregate_fit: received 2 results and 0 failures
[2024-12-31 23:04:37,439][flwr][INFO] - fit progress: (9, 189.70301270484924, {'accuracy': 0.098}, 133.95407727799466)
[2024-12-31 23:04:37,440][flwr][INFO] - configure_evaluate: strategy sampled 5 clients (out of 10)
[2024-12-31 23:04:38,256][flwr][INFO] - aggregate_evaluate: received 5 results and 0 failures
[2024-12-31 23:04:38,256][flwr][INFO] - 
[2024-12-31 23:04:38,257][flwr][INFO] - [ROUND 10]
[2024-12-31 23:04:38,257][flwr][INFO] - configure_fit: strategy sampled 2 clients (out of 10)
[2024-12-31 23:04:50,794][flwr][INFO] - aggregate_fit: received 2 results and 0 failures
[2024-12-31 23:04:52,919][flwr][INFO] - fit progress: (10, 188.09748816490173, {'accuracy': 0.098}, 149.43334215499635)
[2024-12-31 23:04:52,919][flwr][INFO] - configure_evaluate: strategy sampled 5 clients (out of 10)
[2024-12-31 23:04:53,708][flwr][INFO] - aggregate_evaluate: received 5 results and 0 failures
[2024-12-31 23:04:53,708][flwr][INFO] - 
[2024-12-31 23:04:53,708][flwr][INFO] - [SUMMARY]
[2024-12-31 23:04:53,708][flwr][INFO] - Run finished 10 round(s) in 150.22s
[2024-12-31 23:04:53,709][flwr][INFO] - 	History (loss, distributed):
[2024-12-31 23:04:53,709][flwr][INFO] - 		round 1: 91.18072490692138
[2024-12-31 23:04:53,709][flwr][INFO] - 		round 2: 92.48569917678833
[2024-12-31 23:04:53,709][flwr][INFO] - 		round 3: 89.06100497245788
[2024-12-31 23:04:53,709][flwr][INFO] - 		round 4: 88.71204080581666
[2024-12-31 23:04:53,709][flwr][INFO] - 		round 5: 88.85000348091125
[2024-12-31 23:04:53,709][flwr][INFO] - 		round 6: 89.55336751937867
[2024-12-31 23:04:53,709][flwr][INFO] - 		round 7: 90.81975059509277
[2024-12-31 23:04:53,709][flwr][INFO] - 		round 8: 90.28449430465699
[2024-12-31 23:04:53,709][flwr][INFO] - 		round 9: 91.20380010604859
[2024-12-31 23:04:53,710][flwr][INFO] - 		round 10: 90.47763075828553
[2024-12-31 23:04:53,710][flwr][INFO] - 	History (loss, centralized):
[2024-12-31 23:04:53,710][flwr][INFO] - 		round 0: 182.1424207687378
[2024-12-31 23:04:53,710][flwr][INFO] - 		round 1: 189.15148401260376
[2024-12-31 23:04:53,710][flwr][INFO] - 		round 2: 192.9329297542572
[2024-12-31 23:04:53,710][flwr][INFO] - 		round 3: 185.3214967250824
[2024-12-31 23:04:53,710][flwr][INFO] - 		round 4: 183.9692645072937
[2024-12-31 23:04:53,710][flwr][INFO] - 		round 5: 184.87795066833496
[2024-12-31 23:04:53,710][flwr][INFO] - 		round 6: 187.18915104866028
[2024-12-31 23:04:53,710][flwr][INFO] - 		round 7: 188.60829520225525
[2024-12-31 23:04:53,710][flwr][INFO] - 		round 8: 188.54890036582947
[2024-12-31 23:04:53,711][flwr][INFO] - 		round 9: 189.70301270484924
[2024-12-31 23:04:53,711][flwr][INFO] - 		round 10: 188.09748816490173
[2024-12-31 23:04:53,711][flwr][INFO] - 	History (metrics, centralized):
[2024-12-31 23:04:53,711][flwr][INFO] - 	{'accuracy': [(0, 0.0941),
[2024-12-31 23:04:53,711][flwr][INFO] - 	              (1, 0.1032),
[2024-12-31 23:04:53,711][flwr][INFO] - 	              (2, 0.098),
[2024-12-31 23:04:53,711][flwr][INFO] - 	              (3, 0.1028),
[2024-12-31 23:04:53,711][flwr][INFO] - 	              (4, 0.1135),
[2024-12-31 23:04:53,711][flwr][INFO] - 	              (5, 0.0892),
[2024-12-31 23:04:53,711][flwr][INFO] - 	              (6, 0.098),
[2024-12-31 23:04:53,711][flwr][INFO] - 	              (7, 0.1032),
[2024-12-31 23:04:53,711][flwr][INFO] - 	              (8, 0.101),
[2024-12-31 23:04:53,711][flwr][INFO] - 	              (9, 0.098),
[2024-12-31 23:04:53,711][flwr][INFO] - 	              (10, 0.098)]}
[2024-12-31 23:04:53,711][flwr][INFO] - 
