[2024-12-30 10:23:30,723][flwr][INFO] - Starting Flower simulation, config: num_rounds=10, no round_timeout
[2024-12-30 10:23:34,106][flwr][INFO] - Flower VCE: Ray initialized with resources: {'object_store_memory': 2465266483.0, 'memory': 4930532967.0, 'node:__internal_head__': 1.0, 'node:192.168.1.11': 1.0, 'CPU': 12.0}
[2024-12-30 10:23:34,106][flwr][INFO] - Optimize your simulation with Flower VCE: https://flower.ai/docs/framework/how-to-run-simulations.html
[2024-12-30 10:23:34,106][flwr][INFO] - Flower VCE: Resources for each Virtual Client: {'num_cpus': 2, 'num_gpus': 0}
[2024-12-30 10:23:34,116][flwr][INFO] - Flower VCE: Creating VirtualClientEngineActorPool with 6 actors
[2024-12-30 10:23:34,116][flwr][INFO] - [INIT]
[2024-12-30 10:23:34,116][flwr][INFO] - Using initial global parameters provided by strategy
[2024-12-30 10:23:34,116][flwr][INFO] - Starting evaluation of initial global parameters
[2024-12-30 10:23:37,102][flwr][INFO] - initial parameters (loss, other metrics): 182.77253770828247, {'accuracy': 0.0958}
[2024-12-30 10:23:37,103][flwr][INFO] - 
[2024-12-30 10:23:37,103][flwr][INFO] - [ROUND 1]
[2024-12-30 10:23:37,103][flwr][INFO] - configure_fit: strategy sampled 2 clients (out of 10)
[2024-12-30 10:23:41,301][flwr][INFO] - aggregate_fit: received 2 results and 0 failures
[2024-12-30 10:23:41,306][flwr][WARNING] - No fit_metrics_aggregation_fn provided
[2024-12-30 10:23:42,594][flwr][INFO] - fit progress: (1, 18.066332176327705, {'accuracy': 0.9306}, 5.491309825998542)
[2024-12-30 10:23:42,594][flwr][INFO] - configure_evaluate: strategy sampled 2 clients (out of 10)
[2024-12-30 10:23:42,984][flwr][INFO] - aggregate_evaluate: received 2 results and 0 failures
[2024-12-30 10:23:42,985][flwr][WARNING] - No evaluate_metrics_aggregation_fn provided
[2024-12-30 10:23:42,985][flwr][INFO] - 
[2024-12-30 10:23:42,985][flwr][INFO] - [ROUND 2]
[2024-12-30 10:23:42,985][flwr][INFO] - configure_fit: strategy sampled 2 clients (out of 10)
[2024-12-30 10:23:45,218][flwr][INFO] - aggregate_fit: received 2 results and 0 failures
[2024-12-30 10:23:46,571][flwr][INFO] - fit progress: (2, 12.05176672898233, {'accuracy': 0.9521}, 9.468206183999428)
[2024-12-30 10:23:46,571][flwr][INFO] - configure_evaluate: strategy sampled 2 clients (out of 10)
[2024-12-30 10:23:46,957][flwr][INFO] - aggregate_evaluate: received 2 results and 0 failures
[2024-12-30 10:23:46,957][flwr][INFO] - 
[2024-12-30 10:23:46,957][flwr][INFO] - [ROUND 3]
[2024-12-30 10:23:46,958][flwr][INFO] - configure_fit: strategy sampled 2 clients (out of 10)
[2024-12-30 10:23:49,134][flwr][INFO] - aggregate_fit: received 2 results and 0 failures
[2024-12-30 10:23:50,565][flwr][INFO] - fit progress: (3, 8.032548645045608, {'accuracy': 0.9674}, 13.462663012998746)
[2024-12-30 10:23:50,566][flwr][INFO] - configure_evaluate: strategy sampled 2 clients (out of 10)
[2024-12-30 10:23:50,949][flwr][INFO] - aggregate_evaluate: received 2 results and 0 failures
[2024-12-30 10:23:50,949][flwr][INFO] - 
[2024-12-30 10:23:50,950][flwr][INFO] - [ROUND 4]
[2024-12-30 10:23:50,950][flwr][INFO] - configure_fit: strategy sampled 2 clients (out of 10)
[2024-12-30 10:23:53,067][flwr][INFO] - aggregate_fit: received 2 results and 0 failures
[2024-12-30 10:23:54,329][flwr][INFO] - fit progress: (4, 8.75037904130295, {'accuracy': 0.9664}, 17.226274663998993)
[2024-12-30 10:23:54,329][flwr][INFO] - configure_evaluate: strategy sampled 2 clients (out of 10)
[2024-12-30 10:23:54,713][flwr][INFO] - aggregate_evaluate: received 2 results and 0 failures
[2024-12-30 10:23:54,713][flwr][INFO] - 
[2024-12-30 10:23:54,713][flwr][INFO] - [ROUND 5]
[2024-12-30 10:23:54,713][flwr][INFO] - configure_fit: strategy sampled 2 clients (out of 10)
[2024-12-30 10:23:56,832][flwr][INFO] - aggregate_fit: received 2 results and 0 failures
[2024-12-30 10:23:58,230][flwr][INFO] - fit progress: (5, 8.382265522654052, {'accuracy': 0.9663}, 21.12746562999928)
[2024-12-30 10:23:58,230][flwr][INFO] - configure_evaluate: strategy sampled 2 clients (out of 10)
[2024-12-30 10:23:58,587][flwr][INFO] - aggregate_evaluate: received 2 results and 0 failures
[2024-12-30 10:23:58,587][flwr][INFO] - 
[2024-12-30 10:23:58,587][flwr][INFO] - [ROUND 6]
[2024-12-30 10:23:58,588][flwr][INFO] - configure_fit: strategy sampled 2 clients (out of 10)
[2024-12-30 10:24:00,683][flwr][INFO] - aggregate_fit: received 2 results and 0 failures
[2024-12-30 10:24:01,959][flwr][INFO] - fit progress: (6, 7.893388370459434, {'accuracy': 0.9721}, 24.85659852000026)
[2024-12-30 10:24:01,960][flwr][INFO] - configure_evaluate: strategy sampled 2 clients (out of 10)
[2024-12-30 10:24:02,321][flwr][INFO] - aggregate_evaluate: received 2 results and 0 failures
[2024-12-30 10:24:02,322][flwr][INFO] - 
[2024-12-30 10:24:02,322][flwr][INFO] - [ROUND 7]
[2024-12-30 10:24:02,322][flwr][INFO] - configure_fit: strategy sampled 2 clients (out of 10)
[2024-12-30 10:24:04,442][flwr][INFO] - aggregate_fit: received 2 results and 0 failures
[2024-12-30 10:24:05,853][flwr][INFO] - fit progress: (7, 7.412077437911648, {'accuracy': 0.9724}, 28.749987123999745)
[2024-12-30 10:24:05,853][flwr][INFO] - configure_evaluate: strategy sampled 2 clients (out of 10)
[2024-12-30 10:24:06,230][flwr][INFO] - aggregate_evaluate: received 2 results and 0 failures
[2024-12-30 10:24:06,230][flwr][INFO] - 
[2024-12-30 10:24:06,230][flwr][INFO] - [ROUND 8]
[2024-12-30 10:24:06,231][flwr][INFO] - configure_fit: strategy sampled 2 clients (out of 10)
[2024-12-30 10:24:08,392][flwr][INFO] - aggregate_fit: received 2 results and 0 failures
[2024-12-30 10:24:09,774][flwr][INFO] - fit progress: (8, 7.936179989832453, {'accuracy': 0.9688}, 32.6717938719994)
[2024-12-30 10:24:09,775][flwr][INFO] - configure_evaluate: strategy sampled 2 clients (out of 10)
[2024-12-30 10:24:10,129][flwr][INFO] - aggregate_evaluate: received 2 results and 0 failures
[2024-12-30 10:24:10,129][flwr][INFO] - 
[2024-12-30 10:24:10,129][flwr][INFO] - [ROUND 9]
[2024-12-30 10:24:10,129][flwr][INFO] - configure_fit: strategy sampled 2 clients (out of 10)
[2024-12-30 10:24:12,313][flwr][INFO] - aggregate_fit: received 2 results and 0 failures
[2024-12-30 10:24:13,552][flwr][INFO] - fit progress: (9, 6.2769031895149965, {'accuracy': 0.9756}, 36.449472864998825)
[2024-12-30 10:24:13,552][flwr][INFO] - configure_evaluate: strategy sampled 2 clients (out of 10)
[2024-12-30 10:24:13,905][flwr][INFO] - aggregate_evaluate: received 2 results and 0 failures
[2024-12-30 10:24:13,906][flwr][INFO] - 
[2024-12-30 10:24:13,906][flwr][INFO] - [ROUND 10]
[2024-12-30 10:24:13,906][flwr][INFO] - configure_fit: strategy sampled 2 clients (out of 10)
[2024-12-30 10:24:16,033][flwr][INFO] - aggregate_fit: received 2 results and 0 failures
[2024-12-30 10:24:17,198][flwr][INFO] - fit progress: (10, 5.7157964238431305, {'accuracy': 0.9778}, 40.095185659998606)
[2024-12-30 10:24:17,198][flwr][INFO] - configure_evaluate: strategy sampled 2 clients (out of 10)
[2024-12-30 10:24:17,588][flwr][INFO] - aggregate_evaluate: received 2 results and 0 failures
[2024-12-30 10:24:17,588][flwr][INFO] - 
[2024-12-30 10:24:17,588][flwr][INFO] - [SUMMARY]
[2024-12-30 10:24:17,588][flwr][INFO] - Run finished 10 round(s) in 40.49s
[2024-12-30 10:24:17,589][flwr][INFO] - 	History (loss, distributed):
[2024-12-30 10:24:17,589][flwr][INFO] - 		round 1: 8.380316207185388
[2024-12-30 10:24:17,589][flwr][INFO] - 		round 2: 6.295196169055998
[2024-12-30 10:24:17,589][flwr][INFO] - 		round 3: 4.176809358410537
[2024-12-30 10:24:17,589][flwr][INFO] - 		round 4: 3.37687531625852
[2024-12-30 10:24:17,589][flwr][INFO] - 		round 5: 3.4208164231677074
[2024-12-30 10:24:17,589][flwr][INFO] - 		round 6: 3.6207515489077196
[2024-12-30 10:24:17,589][flwr][INFO] - 		round 7: 3.0637942058383487
[2024-12-30 10:24:17,589][flwr][INFO] - 		round 8: 4.592425477108918
[2024-12-30 10:24:17,589][flwr][INFO] - 		round 9: 2.480075360435876
[2024-12-30 10:24:17,590][flwr][INFO] - 		round 10: 2.8874182662111707
[2024-12-30 10:24:17,590][flwr][INFO] - 	History (loss, centralized):
[2024-12-30 10:24:17,590][flwr][INFO] - 		round 0: 182.77253770828247
[2024-12-30 10:24:17,590][flwr][INFO] - 		round 1: 18.066332176327705
[2024-12-30 10:24:17,590][flwr][INFO] - 		round 2: 12.05176672898233
[2024-12-30 10:24:17,590][flwr][INFO] - 		round 3: 8.032548645045608
[2024-12-30 10:24:17,590][flwr][INFO] - 		round 4: 8.75037904130295
[2024-12-30 10:24:17,590][flwr][INFO] - 		round 5: 8.382265522654052
[2024-12-30 10:24:17,590][flwr][INFO] - 		round 6: 7.893388370459434
[2024-12-30 10:24:17,590][flwr][INFO] - 		round 7: 7.412077437911648
[2024-12-30 10:24:17,590][flwr][INFO] - 		round 8: 7.936179989832453
[2024-12-30 10:24:17,590][flwr][INFO] - 		round 9: 6.2769031895149965
[2024-12-30 10:24:17,590][flwr][INFO] - 		round 10: 5.7157964238431305
[2024-12-30 10:24:17,590][flwr][INFO] - 	History (metrics, centralized):
[2024-12-30 10:24:17,590][flwr][INFO] - 	{'accuracy': [(0, 0.0958),
[2024-12-30 10:24:17,590][flwr][INFO] - 	              (1, 0.9306),
[2024-12-30 10:24:17,590][flwr][INFO] - 	              (2, 0.9521),
[2024-12-30 10:24:17,590][flwr][INFO] - 	              (3, 0.9674),
[2024-12-30 10:24:17,590][flwr][INFO] - 	              (4, 0.9664),
[2024-12-30 10:24:17,590][flwr][INFO] - 	              (5, 0.9663),
[2024-12-30 10:24:17,590][flwr][INFO] - 	              (6, 0.9721),
[2024-12-30 10:24:17,591][flwr][INFO] - 	              (7, 0.9724),
[2024-12-30 10:24:17,591][flwr][INFO] - 	              (8, 0.9688),
[2024-12-30 10:24:17,591][flwr][INFO] - 	              (9, 0.9756),
[2024-12-30 10:24:17,591][flwr][INFO] - 	              (10, 0.9778)]}
[2024-12-30 10:24:17,591][flwr][INFO] - 
