[2025-01-07 17:12:03,267][flwr][INFO] - Starting Flower simulation, config: num_rounds=10, no round_timeout
[2025-01-07 17:12:06,681][flwr][INFO] - Flower VCE: Ray initialized with resources: {'memory': 6413129319.0, 'object_store_memory': 3206564659.0, 'node:__internal_head__': 1.0, 'CPU': 12.0, 'node:192.168.1.11': 1.0}
[2025-01-07 17:12:06,681][flwr][INFO] - Optimize your simulation with Flower VCE: https://flower.ai/docs/framework/how-to-run-simulations.html
[2025-01-07 17:12:06,681][flwr][INFO] - Flower VCE: Resources for each Virtual Client: {'num_cpus': 2, 'num_gpus': 0}
[2025-01-07 17:12:06,687][flwr][INFO] - Flower VCE: Creating VirtualClientEngineActorPool with 6 actors
[2025-01-07 17:12:06,688][flwr][INFO] - [INIT]
[2025-01-07 17:12:06,688][flwr][INFO] - Requesting initial parameters from one random client
[2025-01-07 17:12:09,375][flwr][INFO] - Received initial parameters from one random client
[2025-01-07 17:12:09,376][flwr][INFO] - Starting evaluation of initial global parameters
[2025-01-07 17:12:10,772][flwr][INFO] - initial parameters (loss, other metrics): 182.05594778060913, {'accuracy': 0.1032}
[2025-01-07 17:12:10,773][flwr][INFO] - 
[2025-01-07 17:12:10,773][flwr][INFO] - [ROUND 1]
[2025-01-07 17:12:10,773][flwr][INFO] - configure_fit: strategy sampled 2 clients (out of 10)
[2025-01-07 17:12:20,911][flwr][INFO] - aggregate_fit: received 2 results and 0 failures
[2025-01-07 17:12:20,914][flwr][WARNING] - No fit_metrics_aggregation_fn provided
[2025-01-07 17:12:22,030][flwr][INFO] - fit progress: (1, 182.29146099090576, {'accuracy': 0.1135}, 11.257573996997962)
[2025-01-07 17:12:22,030][flwr][INFO] - configure_evaluate: strategy sampled 3 clients (out of 10)
[2025-01-07 17:12:24,283][flwr][INFO] - aggregate_evaluate: received 3 results and 0 failures
[2025-01-07 17:12:24,283][flwr][WARNING] - No evaluate_metrics_aggregation_fn provided
[2025-01-07 17:12:24,283][flwr][INFO] - 
[2025-01-07 17:12:24,283][flwr][INFO] - [ROUND 2]
[2025-01-07 17:12:24,283][flwr][INFO] - configure_fit: strategy sampled 2 clients (out of 10)
[2025-01-07 17:12:31,567][flwr][INFO] - aggregate_fit: received 2 results and 0 failures
[2025-01-07 17:12:33,543][flwr][INFO] - fit progress: (2, 182.24940848350525, {'accuracy': 0.098}, 22.770205624998198)
[2025-01-07 17:12:33,543][flwr][INFO] - configure_evaluate: strategy sampled 3 clients (out of 10)
[2025-01-07 17:12:34,054][flwr][INFO] - aggregate_evaluate: received 3 results and 0 failures
[2025-01-07 17:12:34,054][flwr][INFO] - 
[2025-01-07 17:12:34,054][flwr][INFO] - [ROUND 3]
[2025-01-07 17:12:34,054][flwr][INFO] - configure_fit: strategy sampled 2 clients (out of 10)
[2025-01-07 17:12:41,136][flwr][INFO] - aggregate_fit: received 2 results and 0 failures
[2025-01-07 17:12:42,334][flwr][INFO] - fit progress: (3, 182.42096829414368, {'accuracy': 0.1135}, 31.56179653799336)
[2025-01-07 17:12:42,335][flwr][INFO] - configure_evaluate: strategy sampled 3 clients (out of 10)
[2025-01-07 17:12:42,874][flwr][INFO] - aggregate_evaluate: received 3 results and 0 failures
[2025-01-07 17:12:42,874][flwr][INFO] - 
[2025-01-07 17:12:42,874][flwr][INFO] - [ROUND 4]
[2025-01-07 17:12:42,874][flwr][INFO] - configure_fit: strategy sampled 2 clients (out of 10)
[2025-01-07 17:12:50,085][flwr][INFO] - aggregate_fit: received 2 results and 0 failures
[2025-01-07 17:12:51,767][flwr][INFO] - fit progress: (4, 182.7234013080597, {'accuracy': 0.0958}, 40.994380945994635)
[2025-01-07 17:12:51,767][flwr][INFO] - configure_evaluate: strategy sampled 3 clients (out of 10)
[2025-01-07 17:12:52,278][flwr][INFO] - aggregate_evaluate: received 3 results and 0 failures
[2025-01-07 17:12:52,278][flwr][INFO] - 
[2025-01-07 17:12:52,278][flwr][INFO] - [ROUND 5]
[2025-01-07 17:12:52,278][flwr][INFO] - configure_fit: strategy sampled 2 clients (out of 10)
[2025-01-07 17:12:59,604][flwr][INFO] - aggregate_fit: received 2 results and 0 failures
[2025-01-07 17:13:01,032][flwr][INFO] - fit progress: (5, 182.24814534187317, {'accuracy': 0.0982}, 50.259238126993296)
[2025-01-07 17:13:01,032][flwr][INFO] - configure_evaluate: strategy sampled 3 clients (out of 10)
[2025-01-07 17:13:01,518][flwr][INFO] - aggregate_evaluate: received 3 results and 0 failures
[2025-01-07 17:13:01,519][flwr][INFO] - 
[2025-01-07 17:13:01,519][flwr][INFO] - [ROUND 6]
[2025-01-07 17:13:01,519][flwr][INFO] - configure_fit: strategy sampled 2 clients (out of 10)
[2025-01-07 17:13:08,672][flwr][INFO] - aggregate_fit: received 2 results and 0 failures
[2025-01-07 17:13:10,349][flwr][INFO] - fit progress: (6, 182.5232219696045, {'accuracy': 0.1135}, 59.576305135997245)
[2025-01-07 17:13:10,349][flwr][INFO] - configure_evaluate: strategy sampled 3 clients (out of 10)
[2025-01-07 17:13:10,852][flwr][INFO] - aggregate_evaluate: received 3 results and 0 failures
[2025-01-07 17:13:10,852][flwr][INFO] - 
[2025-01-07 17:13:10,852][flwr][INFO] - [ROUND 7]
[2025-01-07 17:13:10,852][flwr][INFO] - configure_fit: strategy sampled 2 clients (out of 10)
[2025-01-07 17:13:18,099][flwr][INFO] - aggregate_fit: received 2 results and 0 failures
[2025-01-07 17:13:19,440][flwr][INFO] - fit progress: (7, 181.9954879283905, {'accuracy': 0.0982}, 68.6677133169942)
[2025-01-07 17:13:19,441][flwr][INFO] - configure_evaluate: strategy sampled 3 clients (out of 10)
[2025-01-07 17:13:19,957][flwr][INFO] - aggregate_evaluate: received 3 results and 0 failures
[2025-01-07 17:13:19,958][flwr][INFO] - 
[2025-01-07 17:13:19,958][flwr][INFO] - [ROUND 8]
[2025-01-07 17:13:19,958][flwr][INFO] - configure_fit: strategy sampled 2 clients (out of 10)
[2025-01-07 17:13:27,063][flwr][INFO] - aggregate_fit: received 2 results and 0 failures
[2025-01-07 17:13:28,561][flwr][INFO] - fit progress: (8, 182.5303075313568, {'accuracy': 0.1135}, 77.78829447499447)
[2025-01-07 17:13:28,561][flwr][INFO] - configure_evaluate: strategy sampled 3 clients (out of 10)
[2025-01-07 17:13:29,051][flwr][INFO] - aggregate_evaluate: received 3 results and 0 failures
[2025-01-07 17:13:29,052][flwr][INFO] - 
[2025-01-07 17:13:29,052][flwr][INFO] - [ROUND 9]
[2025-01-07 17:13:29,052][flwr][INFO] - configure_fit: strategy sampled 2 clients (out of 10)
[2025-01-07 17:13:36,205][flwr][INFO] - aggregate_fit: received 2 results and 0 failures
[2025-01-07 17:13:37,442][flwr][INFO] - fit progress: (9, 182.50831651687622, {'accuracy': 0.1135}, 86.6692503469967)
[2025-01-07 17:13:37,442][flwr][INFO] - configure_evaluate: strategy sampled 3 clients (out of 10)
[2025-01-07 17:13:37,967][flwr][INFO] - aggregate_evaluate: received 3 results and 0 failures
[2025-01-07 17:13:37,967][flwr][INFO] - 
[2025-01-07 17:13:37,967][flwr][INFO] - [ROUND 10]
[2025-01-07 17:13:37,967][flwr][INFO] - configure_fit: strategy sampled 2 clients (out of 10)
[2025-01-07 17:13:45,033][flwr][INFO] - aggregate_fit: received 2 results and 0 failures
[2025-01-07 17:13:46,624][flwr][INFO] - fit progress: (10, 182.08715176582336, {'accuracy': 0.1135}, 95.85152878999361)
[2025-01-07 17:13:46,624][flwr][INFO] - configure_evaluate: strategy sampled 3 clients (out of 10)
[2025-01-07 17:13:47,157][flwr][INFO] - aggregate_evaluate: received 3 results and 0 failures
[2025-01-07 17:13:47,157][flwr][INFO] - 
[2025-01-07 17:13:47,157][flwr][INFO] - [SUMMARY]
[2025-01-07 17:13:47,157][flwr][INFO] - Run finished 10 round(s) in 96.38s
[2025-01-07 17:13:47,158][flwr][INFO] - 	History (loss, distributed):
[2025-01-07 17:13:47,158][flwr][INFO] - 		round 1: 87.65982874234517
[2025-01-07 17:13:47,158][flwr][INFO] - 		round 2: 87.776132106781
[2025-01-07 17:13:47,158][flwr][INFO] - 		round 3: 87.81756885846455
[2025-01-07 17:13:47,158][flwr][INFO] - 		round 4: 88.03406278292339
[2025-01-07 17:13:47,158][flwr][INFO] - 		round 5: 87.72428067525227
[2025-01-07 17:13:47,158][flwr][INFO] - 		round 6: 87.56677921613057
[2025-01-07 17:13:47,158][flwr][INFO] - 		round 7: 87.64532931645711
[2025-01-07 17:13:47,158][flwr][INFO] - 		round 8: 87.68634859720866
[2025-01-07 17:13:47,158][flwr][INFO] - 		round 9: 87.63196110725403
[2025-01-07 17:13:47,158][flwr][INFO] - 		round 10: 87.57043592135112
[2025-01-07 17:13:47,158][flwr][INFO] - 	History (loss, centralized):
[2025-01-07 17:13:47,158][flwr][INFO] - 		round 0: 182.05594778060913
[2025-01-07 17:13:47,158][flwr][INFO] - 		round 1: 182.29146099090576
[2025-01-07 17:13:47,158][flwr][INFO] - 		round 2: 182.24940848350525
[2025-01-07 17:13:47,158][flwr][INFO] - 		round 3: 182.42096829414368
[2025-01-07 17:13:47,158][flwr][INFO] - 		round 4: 182.7234013080597
[2025-01-07 17:13:47,158][flwr][INFO] - 		round 5: 182.24814534187317
[2025-01-07 17:13:47,158][flwr][INFO] - 		round 6: 182.5232219696045
[2025-01-07 17:13:47,158][flwr][INFO] - 		round 7: 181.9954879283905
[2025-01-07 17:13:47,159][flwr][INFO] - 		round 8: 182.5303075313568
[2025-01-07 17:13:47,159][flwr][INFO] - 		round 9: 182.50831651687622
[2025-01-07 17:13:47,159][flwr][INFO] - 		round 10: 182.08715176582336
[2025-01-07 17:13:47,159][flwr][INFO] - 	History (metrics, centralized):
[2025-01-07 17:13:47,159][flwr][INFO] - 	{'accuracy': [(0, 0.1032),
[2025-01-07 17:13:47,159][flwr][INFO] - 	              (1, 0.1135),
[2025-01-07 17:13:47,159][flwr][INFO] - 	              (2, 0.098),
[2025-01-07 17:13:47,159][flwr][INFO] - 	              (3, 0.1135),
[2025-01-07 17:13:47,159][flwr][INFO] - 	              (4, 0.0958),
[2025-01-07 17:13:47,159][flwr][INFO] - 	              (5, 0.0982),
[2025-01-07 17:13:47,159][flwr][INFO] - 	              (6, 0.1135),
[2025-01-07 17:13:47,159][flwr][INFO] - 	              (7, 0.0982),
[2025-01-07 17:13:47,159][flwr][INFO] - 	              (8, 0.1135),
[2025-01-07 17:13:47,159][flwr][INFO] - 	              (9, 0.1135),
[2025-01-07 17:13:47,159][flwr][INFO] - 	              (10, 0.1135)]}
[2025-01-07 17:13:47,160][flwr][INFO] - 
