[2025-01-07 15:45:56,375][flwr][INFO] - Starting Flower simulation, config: num_rounds=10, no round_timeout
[2025-01-07 15:46:00,038][flwr][INFO] - Flower VCE: Ray initialized with resources: {'CPU': 12.0, 'node:192.168.1.11': 1.0, 'node:__internal_head__': 1.0, 'memory': 6268831335.0, 'object_store_memory': 3134415667.0}
[2025-01-07 15:46:00,038][flwr][INFO] - Optimize your simulation with Flower VCE: https://flower.ai/docs/framework/how-to-run-simulations.html
[2025-01-07 15:46:00,038][flwr][INFO] - Flower VCE: Resources for each Virtual Client: {'num_cpus': 2, 'num_gpus': 0}
[2025-01-07 15:46:00,052][flwr][INFO] - Flower VCE: Creating VirtualClientEngineActorPool with 6 actors
[2025-01-07 15:46:00,052][flwr][INFO] - [INIT]
[2025-01-07 15:46:00,053][flwr][INFO] - Requesting initial parameters from one random client
[2025-01-07 15:46:02,801][flwr][INFO] - Received initial parameters from one random client
[2025-01-07 15:46:02,802][flwr][INFO] - Starting evaluation of initial global parameters
[2025-01-07 15:46:04,117][flwr][INFO] - initial parameters (loss, other metrics): 182.18784546852112, {'accuracy': 0.0892}
[2025-01-07 15:46:04,117][flwr][INFO] - 
[2025-01-07 15:46:04,117][flwr][INFO] - [ROUND 1]
[2025-01-07 15:46:04,118][flwr][INFO] - configure_fit: strategy sampled 2 clients (out of 5)
[2025-01-07 15:46:22,918][flwr][INFO] - aggregate_fit: received 2 results and 0 failures
[2025-01-07 15:46:22,922][flwr][WARNING] - No fit_metrics_aggregation_fn provided
[2025-01-07 15:46:24,581][flwr][INFO] - fit progress: (1, 182.26176834106445, {'accuracy': 0.1108}, 20.463290478001)
[2025-01-07 15:46:24,581][flwr][INFO] - configure_evaluate: strategy sampled 5 clients (out of 5)
[2025-01-07 15:46:28,622][flwr][INFO] - aggregate_evaluate: received 5 results and 0 failures
[2025-01-07 15:46:28,622][flwr][WARNING] - No evaluate_metrics_aggregation_fn provided
[2025-01-07 15:46:28,622][flwr][INFO] - 
[2025-01-07 15:46:28,622][flwr][INFO] - [ROUND 2]
[2025-01-07 15:46:28,622][flwr][INFO] - configure_fit: strategy sampled 2 clients (out of 5)
[2025-01-07 15:46:42,278][flwr][INFO] - aggregate_fit: received 2 results and 0 failures
[2025-01-07 15:46:43,754][flwr][INFO] - fit progress: (2, 182.1618001461029, {'accuracy': 0.1135}, 39.63682485100071)
[2025-01-07 15:46:43,754][flwr][INFO] - configure_evaluate: strategy sampled 5 clients (out of 5)
[2025-01-07 15:46:44,803][flwr][INFO] - aggregate_evaluate: received 5 results and 0 failures
[2025-01-07 15:46:44,803][flwr][INFO] - 
[2025-01-07 15:46:44,804][flwr][INFO] - [ROUND 3]
[2025-01-07 15:46:44,804][flwr][INFO] - configure_fit: strategy sampled 2 clients (out of 5)
[2025-01-07 15:46:58,510][flwr][INFO] - aggregate_fit: received 2 results and 0 failures
[2025-01-07 15:47:00,259][flwr][INFO] - fit progress: (3, 181.97592782974243, {'accuracy': 0.101}, 56.14206235399979)
[2025-01-07 15:47:00,260][flwr][INFO] - configure_evaluate: strategy sampled 5 clients (out of 5)
[2025-01-07 15:47:01,315][flwr][INFO] - aggregate_evaluate: received 5 results and 0 failures
[2025-01-07 15:47:01,316][flwr][INFO] - 
[2025-01-07 15:47:01,316][flwr][INFO] - [ROUND 4]
[2025-01-07 15:47:01,316][flwr][INFO] - configure_fit: strategy sampled 2 clients (out of 5)
[2025-01-07 15:47:15,270][flwr][INFO] - aggregate_fit: received 2 results and 0 failures
[2025-01-07 15:47:16,680][flwr][INFO] - fit progress: (4, 182.07579231262207, {'accuracy': 0.1135}, 72.56305588600299)
[2025-01-07 15:47:16,681][flwr][INFO] - configure_evaluate: strategy sampled 5 clients (out of 5)
[2025-01-07 15:47:17,764][flwr][INFO] - aggregate_evaluate: received 5 results and 0 failures
[2025-01-07 15:47:17,764][flwr][INFO] - 
[2025-01-07 15:47:17,764][flwr][INFO] - [ROUND 5]
[2025-01-07 15:47:17,765][flwr][INFO] - configure_fit: strategy sampled 2 clients (out of 5)
[2025-01-07 15:47:31,420][flwr][INFO] - aggregate_fit: received 2 results and 0 failures
[2025-01-07 15:47:32,827][flwr][INFO] - fit progress: (5, 181.85616445541382, {'accuracy': 0.1135}, 88.70944989700001)
[2025-01-07 15:47:32,827][flwr][INFO] - configure_evaluate: strategy sampled 5 clients (out of 5)
[2025-01-07 15:47:33,936][flwr][INFO] - aggregate_evaluate: received 5 results and 0 failures
[2025-01-07 15:47:33,936][flwr][INFO] - 
[2025-01-07 15:47:33,936][flwr][INFO] - [ROUND 6]
[2025-01-07 15:47:33,937][flwr][INFO] - configure_fit: strategy sampled 2 clients (out of 5)
[2025-01-07 15:47:47,822][flwr][INFO] - aggregate_fit: received 2 results and 0 failures
[2025-01-07 15:47:49,006][flwr][INFO] - fit progress: (6, 152.01610696315765, {'accuracy': 0.3444}, 104.88882191400262)
[2025-01-07 15:47:49,006][flwr][INFO] - configure_evaluate: strategy sampled 5 clients (out of 5)
[2025-01-07 15:47:50,141][flwr][INFO] - aggregate_evaluate: received 5 results and 0 failures
[2025-01-07 15:47:50,141][flwr][INFO] - 
[2025-01-07 15:47:50,141][flwr][INFO] - [ROUND 7]
[2025-01-07 15:47:50,142][flwr][INFO] - configure_fit: strategy sampled 2 clients (out of 5)
[2025-01-07 15:48:04,741][flwr][INFO] - aggregate_fit: received 2 results and 0 failures
[2025-01-07 15:48:06,347][flwr][INFO] - fit progress: (7, 193.3329303264618, {'accuracy': 0.1009}, 122.23015281700282)
[2025-01-07 15:48:06,348][flwr][INFO] - configure_evaluate: strategy sampled 5 clients (out of 5)
[2025-01-07 15:48:07,452][flwr][INFO] - aggregate_evaluate: received 5 results and 0 failures
[2025-01-07 15:48:07,453][flwr][INFO] - 
[2025-01-07 15:48:07,453][flwr][INFO] - [ROUND 8]
[2025-01-07 15:48:07,453][flwr][INFO] - configure_fit: strategy sampled 2 clients (out of 5)
[2025-01-07 15:48:21,202][flwr][INFO] - aggregate_fit: received 2 results and 0 failures
[2025-01-07 15:48:22,727][flwr][INFO] - fit progress: (8, 182.1461877822876, {'accuracy': 0.0974}, 138.6098497100029)
[2025-01-07 15:48:22,727][flwr][INFO] - configure_evaluate: strategy sampled 5 clients (out of 5)
[2025-01-07 15:48:23,823][flwr][INFO] - aggregate_evaluate: received 5 results and 0 failures
[2025-01-07 15:48:23,824][flwr][INFO] - 
[2025-01-07 15:48:23,824][flwr][INFO] - [ROUND 9]
[2025-01-07 15:48:23,824][flwr][INFO] - configure_fit: strategy sampled 2 clients (out of 5)
[2025-01-07 15:48:37,669][flwr][INFO] - aggregate_fit: received 2 results and 0 failures
[2025-01-07 15:48:38,907][flwr][INFO] - fit progress: (9, 182.03998374938965, {'accuracy': 0.1032}, 154.79003451400058)
[2025-01-07 15:48:38,908][flwr][INFO] - configure_evaluate: strategy sampled 5 clients (out of 5)
[2025-01-07 15:48:40,061][flwr][INFO] - aggregate_evaluate: received 5 results and 0 failures
[2025-01-07 15:48:40,061][flwr][INFO] - 
[2025-01-07 15:48:40,062][flwr][INFO] - [ROUND 10]
[2025-01-07 15:48:40,062][flwr][INFO] - configure_fit: strategy sampled 2 clients (out of 5)
[2025-01-07 15:48:53,700][flwr][INFO] - aggregate_fit: received 2 results and 0 failures
[2025-01-07 15:48:55,607][flwr][INFO] - fit progress: (10, 182.23178148269653, {'accuracy': 0.0958}, 171.48953334500038)
[2025-01-07 15:48:55,607][flwr][INFO] - configure_evaluate: strategy sampled 5 clients (out of 5)
[2025-01-07 15:48:56,660][flwr][INFO] - aggregate_evaluate: received 5 results and 0 failures
[2025-01-07 15:48:56,660][flwr][INFO] - 
[2025-01-07 15:48:56,660][flwr][INFO] - [SUMMARY]
[2025-01-07 15:48:56,660][flwr][INFO] - Run finished 10 round(s) in 172.54s
[2025-01-07 15:48:56,660][flwr][INFO] - 	History (loss, distributed):
[2025-01-07 15:48:56,661][flwr][INFO] - 		round 1: 173.12032690048218
[2025-01-07 15:48:56,661][flwr][INFO] - 		round 2: 173.0267382621765
[2025-01-07 15:48:56,661][flwr][INFO] - 		round 3: 172.83148756027222
[2025-01-07 15:48:56,661][flwr][INFO] - 		round 4: 173.0352349281311
[2025-01-07 15:48:56,661][flwr][INFO] - 		round 5: 172.68874597549438
[2025-01-07 15:48:56,661][flwr][INFO] - 		round 6: 144.37050719261168
[2025-01-07 15:48:56,661][flwr][INFO] - 		round 7: 183.53987336158752
[2025-01-07 15:48:56,661][flwr][INFO] - 		round 8: 172.90997252464294
[2025-01-07 15:48:56,661][flwr][INFO] - 		round 9: 172.78978657722473
[2025-01-07 15:48:56,661][flwr][INFO] - 		round 10: 173.0492756843567
[2025-01-07 15:48:56,661][flwr][INFO] - 	History (loss, centralized):
[2025-01-07 15:48:56,661][flwr][INFO] - 		round 0: 182.18784546852112
[2025-01-07 15:48:56,661][flwr][INFO] - 		round 1: 182.26176834106445
[2025-01-07 15:48:56,661][flwr][INFO] - 		round 2: 182.1618001461029
[2025-01-07 15:48:56,661][flwr][INFO] - 		round 3: 181.97592782974243
[2025-01-07 15:48:56,661][flwr][INFO] - 		round 4: 182.07579231262207
[2025-01-07 15:48:56,662][flwr][INFO] - 		round 5: 181.85616445541382
[2025-01-07 15:48:56,662][flwr][INFO] - 		round 6: 152.01610696315765
[2025-01-07 15:48:56,662][flwr][INFO] - 		round 7: 193.3329303264618
[2025-01-07 15:48:56,662][flwr][INFO] - 		round 8: 182.1461877822876
[2025-01-07 15:48:56,662][flwr][INFO] - 		round 9: 182.03998374938965
[2025-01-07 15:48:56,662][flwr][INFO] - 		round 10: 182.23178148269653
[2025-01-07 15:48:56,662][flwr][INFO] - 	History (metrics, centralized):
[2025-01-07 15:48:56,662][flwr][INFO] - 	{'accuracy': [(0, 0.0892),
[2025-01-07 15:48:56,662][flwr][INFO] - 	              (1, 0.1108),
[2025-01-07 15:48:56,662][flwr][INFO] - 	              (2, 0.1135),
[2025-01-07 15:48:56,662][flwr][INFO] - 	              (3, 0.101),
[2025-01-07 15:48:56,662][flwr][INFO] - 	              (4, 0.1135),
[2025-01-07 15:48:56,662][flwr][INFO] - 	              (5, 0.1135),
[2025-01-07 15:48:56,662][flwr][INFO] - 	              (6, 0.3444),
[2025-01-07 15:48:56,662][flwr][INFO] - 	              (7, 0.1009),
[2025-01-07 15:48:56,662][flwr][INFO] - 	              (8, 0.0974),
[2025-01-07 15:48:56,662][flwr][INFO] - 	              (9, 0.1032),
[2025-01-07 15:48:56,662][flwr][INFO] - 	              (10, 0.0958)]}
[2025-01-07 15:48:56,662][flwr][INFO] - 
