[2024-12-30 23:52:18,896][flwr][INFO] - Starting Flower simulation, config: num_rounds=10, no round_timeout
[2024-12-30 23:52:22,400][flwr][INFO] - Flower VCE: Ray initialized with resources: {'node:__internal_head__': 1.0, 'object_store_memory': 2998547251.0, 'memory': 5997094503.0, 'CPU': 12.0, 'node:192.168.1.11': 1.0}
[2024-12-30 23:52:22,400][flwr][INFO] - Optimize your simulation with Flower VCE: https://flower.ai/docs/framework/how-to-run-simulations.html
[2024-12-30 23:52:22,400][flwr][INFO] - Flower VCE: Resources for each Virtual Client: {'num_cpus': 2, 'num_gpus': 0}
[2024-12-30 23:52:22,407][flwr][INFO] - Flower VCE: Creating VirtualClientEngineActorPool with 6 actors
[2024-12-30 23:52:22,407][flwr][INFO] - [INIT]
[2024-12-30 23:52:22,407][flwr][INFO] - Using initial global parameters provided by strategy
[2024-12-30 23:52:22,407][flwr][INFO] - Starting evaluation of initial global parameters
[2024-12-30 23:52:25,125][flwr][INFO] - initial parameters (loss, other metrics): 181.8264672756195, {'accuracy': 0.1156}
[2024-12-30 23:52:25,125][flwr][INFO] - 
[2024-12-30 23:52:25,125][flwr][INFO] - [ROUND 1]
[2024-12-30 23:52:25,126][flwr][INFO] - configure_fit: strategy sampled 2 clients (out of 10)
[2024-12-30 23:52:36,242][flwr][INFO] - aggregate_fit: received 2 results and 0 failures
[2024-12-30 23:52:36,247][flwr][WARNING] - No fit_metrics_aggregation_fn provided
[2024-12-30 23:52:37,803][flwr][INFO] - fit progress: (1, 7.801512779551558, {'accuracy': 0.9678}, 12.677550291002262)
[2024-12-30 23:52:37,803][flwr][INFO] - configure_evaluate: strategy sampled 5 clients (out of 10)
[2024-12-30 23:52:41,540][flwr][INFO] - aggregate_evaluate: received 5 results and 0 failures
[2024-12-30 23:52:41,541][flwr][WARNING] - No evaluate_metrics_aggregation_fn provided
[2024-12-30 23:52:41,541][flwr][INFO] - 
[2024-12-30 23:52:41,541][flwr][INFO] - [ROUND 2]
[2024-12-30 23:52:41,541][flwr][INFO] - configure_fit: strategy sampled 2 clients (out of 10)
[2024-12-30 23:52:50,323][flwr][INFO] - aggregate_fit: received 2 results and 0 failures
[2024-12-30 23:52:52,058][flwr][INFO] - fit progress: (2, 6.218144750848296, {'accuracy': 0.9767}, 26.932862319001288)
[2024-12-30 23:52:52,058][flwr][INFO] - configure_evaluate: strategy sampled 5 clients (out of 10)
[2024-12-30 23:52:52,742][flwr][INFO] - aggregate_evaluate: received 5 results and 0 failures
[2024-12-30 23:52:52,743][flwr][INFO] - 
[2024-12-30 23:52:52,743][flwr][INFO] - [ROUND 3]
[2024-12-30 23:52:52,743][flwr][INFO] - configure_fit: strategy sampled 2 clients (out of 10)
[2024-12-30 23:53:01,545][flwr][INFO] - aggregate_fit: received 2 results and 0 failures
[2024-12-30 23:53:02,994][flwr][INFO] - fit progress: (3, 6.554478242833284, {'accuracy': 0.9784}, 37.868431064001925)
[2024-12-30 23:53:02,994][flwr][INFO] - configure_evaluate: strategy sampled 5 clients (out of 10)
[2024-12-30 23:53:03,759][flwr][INFO] - aggregate_evaluate: received 5 results and 0 failures
[2024-12-30 23:53:03,759][flwr][INFO] - 
[2024-12-30 23:53:03,759][flwr][INFO] - [ROUND 4]
[2024-12-30 23:53:03,760][flwr][INFO] - configure_fit: strategy sampled 2 clients (out of 10)
[2024-12-30 23:53:12,739][flwr][INFO] - aggregate_fit: received 2 results and 0 failures
[2024-12-30 23:53:14,280][flwr][INFO] - fit progress: (4, 6.029716084628944, {'accuracy': 0.9807}, 49.155027267999685)
[2024-12-30 23:53:14,280][flwr][INFO] - configure_evaluate: strategy sampled 5 clients (out of 10)
[2024-12-30 23:53:15,128][flwr][INFO] - aggregate_evaluate: received 5 results and 0 failures
[2024-12-30 23:53:15,129][flwr][INFO] - 
[2024-12-30 23:53:15,129][flwr][INFO] - [ROUND 5]
[2024-12-30 23:53:15,129][flwr][INFO] - configure_fit: strategy sampled 2 clients (out of 10)
[2024-12-30 23:53:24,170][flwr][INFO] - aggregate_fit: received 2 results and 0 failures
[2024-12-30 23:53:25,779][flwr][INFO] - fit progress: (5, 6.12015359949342, {'accuracy': 0.9829}, 60.65393432500059)
[2024-12-30 23:53:25,779][flwr][INFO] - configure_evaluate: strategy sampled 5 clients (out of 10)
[2024-12-30 23:53:26,483][flwr][INFO] - aggregate_evaluate: received 5 results and 0 failures
[2024-12-30 23:53:26,483][flwr][INFO] - 
[2024-12-30 23:53:26,484][flwr][INFO] - [ROUND 6]
[2024-12-30 23:53:26,484][flwr][INFO] - configure_fit: strategy sampled 2 clients (out of 10)
[2024-12-30 23:53:35,458][flwr][INFO] - aggregate_fit: received 2 results and 0 failures
[2024-12-30 23:53:37,300][flwr][INFO] - fit progress: (6, 5.389957407634938, {'accuracy': 0.9815}, 72.17490870300026)
[2024-12-30 23:53:37,300][flwr][INFO] - configure_evaluate: strategy sampled 5 clients (out of 10)
[2024-12-30 23:53:38,067][flwr][INFO] - aggregate_evaluate: received 5 results and 0 failures
[2024-12-30 23:53:38,067][flwr][INFO] - 
[2024-12-30 23:53:38,067][flwr][INFO] - [ROUND 7]
[2024-12-30 23:53:38,067][flwr][INFO] - configure_fit: strategy sampled 2 clients (out of 10)
[2024-12-30 23:53:46,919][flwr][INFO] - aggregate_fit: received 2 results and 0 failures
[2024-12-30 23:53:48,693][flwr][INFO] - fit progress: (7, 4.856819596718026, {'accuracy': 0.9856}, 83.56783965499926)
[2024-12-30 23:53:48,693][flwr][INFO] - configure_evaluate: strategy sampled 5 clients (out of 10)
[2024-12-30 23:53:49,347][flwr][INFO] - aggregate_evaluate: received 5 results and 0 failures
[2024-12-30 23:53:49,348][flwr][INFO] - 
[2024-12-30 23:53:49,348][flwr][INFO] - [ROUND 8]
[2024-12-30 23:53:49,348][flwr][INFO] - configure_fit: strategy sampled 2 clients (out of 10)
[2024-12-30 23:53:58,220][flwr][INFO] - aggregate_fit: received 2 results and 0 failures
[2024-12-30 23:53:59,643][flwr][INFO] - fit progress: (8, 5.220262339970759, {'accuracy': 0.9832}, 94.517749259001)
[2024-12-30 23:53:59,643][flwr][INFO] - configure_evaluate: strategy sampled 5 clients (out of 10)
[2024-12-30 23:54:00,479][flwr][INFO] - aggregate_evaluate: received 5 results and 0 failures
[2024-12-30 23:54:00,479][flwr][INFO] - 
[2024-12-30 23:54:00,479][flwr][INFO] - [ROUND 9]
[2024-12-30 23:54:00,479][flwr][INFO] - configure_fit: strategy sampled 2 clients (out of 10)
[2024-12-30 23:54:09,458][flwr][INFO] - aggregate_fit: received 2 results and 0 failures
[2024-12-30 23:54:11,058][flwr][INFO] - fit progress: (9, 4.577803374948417, {'accuracy': 0.9859}, 105.93255975700231)
[2024-12-30 23:54:11,058][flwr][INFO] - configure_evaluate: strategy sampled 5 clients (out of 10)
[2024-12-30 23:54:11,862][flwr][INFO] - aggregate_evaluate: received 5 results and 0 failures
[2024-12-30 23:54:11,863][flwr][INFO] - 
[2024-12-30 23:54:11,863][flwr][INFO] - [ROUND 10]
[2024-12-30 23:54:11,863][flwr][INFO] - configure_fit: strategy sampled 2 clients (out of 10)
[2024-12-30 23:54:20,783][flwr][INFO] - aggregate_fit: received 2 results and 0 failures
[2024-12-30 23:54:22,394][flwr][INFO] - fit progress: (10, 4.596522313406695, {'accuracy': 0.9852}, 117.26857804199972)
[2024-12-30 23:54:22,394][flwr][INFO] - configure_evaluate: strategy sampled 5 clients (out of 10)
[2024-12-30 23:54:23,131][flwr][INFO] - aggregate_evaluate: received 5 results and 0 failures
[2024-12-30 23:54:23,131][flwr][INFO] - 
[2024-12-30 23:54:23,131][flwr][INFO] - [SUMMARY]
[2024-12-30 23:54:23,131][flwr][INFO] - Run finished 10 round(s) in 118.01s
[2024-12-30 23:54:23,132][flwr][INFO] - 	History (loss, distributed):
[2024-12-30 23:54:23,132][flwr][INFO] - 		round 1: 2.1766567435814066
[2024-12-30 23:54:23,132][flwr][INFO] - 		round 2: 1.8657950932742096
[2024-12-30 23:54:23,132][flwr][INFO] - 		round 3: 2.0271130512366655
[2024-12-30 23:54:23,132][flwr][INFO] - 		round 4: 1.8782203782473517
[2024-12-30 23:54:23,132][flwr][INFO] - 		round 5: 1.9003159422703901
[2024-12-30 23:54:23,132][flwr][INFO] - 		round 6: 1.729127787402831
[2024-12-30 23:54:23,132][flwr][INFO] - 		round 7: 1.8093613535013788
[2024-12-30 23:54:23,132][flwr][INFO] - 		round 8: 1.3382536959492426
[2024-12-30 23:54:23,132][flwr][INFO] - 		round 9: 1.1732855455076787
[2024-12-30 23:54:23,132][flwr][INFO] - 		round 10: 1.1033746367153072
[2024-12-30 23:54:23,132][flwr][INFO] - 	History (loss, centralized):
[2024-12-30 23:54:23,133][flwr][INFO] - 		round 0: 181.8264672756195
[2024-12-30 23:54:23,133][flwr][INFO] - 		round 1: 7.801512779551558
[2024-12-30 23:54:23,133][flwr][INFO] - 		round 2: 6.218144750848296
[2024-12-30 23:54:23,133][flwr][INFO] - 		round 3: 6.554478242833284
[2024-12-30 23:54:23,133][flwr][INFO] - 		round 4: 6.029716084628944
[2024-12-30 23:54:23,133][flwr][INFO] - 		round 5: 6.12015359949342
[2024-12-30 23:54:23,133][flwr][INFO] - 		round 6: 5.389957407634938
[2024-12-30 23:54:23,133][flwr][INFO] - 		round 7: 4.856819596718026
[2024-12-30 23:54:23,133][flwr][INFO] - 		round 8: 5.220262339970759
[2024-12-30 23:54:23,133][flwr][INFO] - 		round 9: 4.577803374948417
[2024-12-30 23:54:23,133][flwr][INFO] - 		round 10: 4.596522313406695
[2024-12-30 23:54:23,134][flwr][INFO] - 	History (metrics, centralized):
[2024-12-30 23:54:23,134][flwr][INFO] - 	{'accuracy': [(0, 0.1156),
[2024-12-30 23:54:23,134][flwr][INFO] - 	              (1, 0.9678),
[2024-12-30 23:54:23,134][flwr][INFO] - 	              (2, 0.9767),
[2024-12-30 23:54:23,134][flwr][INFO] - 	              (3, 0.9784),
[2024-12-30 23:54:23,134][flwr][INFO] - 	              (4, 0.9807),
[2024-12-30 23:54:23,134][flwr][INFO] - 	              (5, 0.9829),
[2024-12-30 23:54:23,134][flwr][INFO] - 	              (6, 0.9815),
[2024-12-30 23:54:23,134][flwr][INFO] - 	              (7, 0.9856),
[2024-12-30 23:54:23,134][flwr][INFO] - 	              (8, 0.9832),
[2024-12-30 23:54:23,134][flwr][INFO] - 	              (9, 0.9859),
[2024-12-30 23:54:23,135][flwr][INFO] - 	              (10, 0.9852)]}
[2024-12-30 23:54:23,135][flwr][INFO] - 
