[2025-01-07 13:59:32,326][flwr][INFO] - Starting Flower simulation, config: num_rounds=5, no round_timeout
[2025-01-07 13:59:35,869][flwr][INFO] - Flower VCE: Ray initialized with resources: {'node:__internal_head__': 1.0, 'CPU': 12.0, 'node:192.168.1.11': 1.0, 'memory': 6379922228.0, 'object_store_memory': 3189961113.0}
[2025-01-07 13:59:35,870][flwr][INFO] - Optimize your simulation with Flower VCE: https://flower.ai/docs/framework/how-to-run-simulations.html
[2025-01-07 13:59:35,870][flwr][INFO] - Flower VCE: Resources for each Virtual Client: {'num_cpus': 2, 'num_gpus': 0}
[2025-01-07 13:59:35,880][flwr][INFO] - Flower VCE: Creating VirtualClientEngineActorPool with 6 actors
[2025-01-07 13:59:35,881][flwr][INFO] - [INIT]
[2025-01-07 13:59:35,881][flwr][INFO] - Requesting initial parameters from one random client
[2025-01-07 13:59:38,577][flwr][INFO] - Received initial parameters from one random client
[2025-01-07 13:59:38,577][flwr][INFO] - Starting evaluation of initial global parameters
[2025-01-07 13:59:40,121][flwr][INFO] - initial parameters (loss, other metrics): 182.18530249595642, {'accuracy': 0.0892}
[2025-01-07 13:59:40,121][flwr][INFO] - 
[2025-01-07 13:59:40,122][flwr][INFO] - [ROUND 1]
[2025-01-07 13:59:40,122][flwr][INFO] - configure_fit: strategy sampled 2 clients (out of 10)
[2025-01-07 13:59:49,527][flwr][INFO] - aggregate_fit: received 2 results and 0 failures
[2025-01-07 13:59:49,530][flwr][WARNING] - No fit_metrics_aggregation_fn provided
[2025-01-07 13:59:50,904][flwr][INFO] - fit progress: (1, 163.47623455524445, {'accuracy': 0.2182}, 10.782652007001161)
[2025-01-07 13:59:50,904][flwr][INFO] - configure_evaluate: strategy sampled 3 clients (out of 10)
[2025-01-07 13:59:53,179][flwr][INFO] - aggregate_evaluate: received 3 results and 0 failures
[2025-01-07 13:59:53,179][flwr][WARNING] - No evaluate_metrics_aggregation_fn provided
[2025-01-07 13:59:53,179][flwr][INFO] - 
[2025-01-07 13:59:53,179][flwr][INFO] - [ROUND 2]
[2025-01-07 13:59:53,179][flwr][INFO] - configure_fit: strategy sampled 2 clients (out of 10)
[2025-01-07 14:00:00,224][flwr][INFO] - aggregate_fit: received 2 results and 0 failures
[2025-01-07 14:00:01,433][flwr][INFO] - fit progress: (2, 74.68815809488297, {'accuracy': 0.7401}, 21.312008429002162)
[2025-01-07 14:00:01,434][flwr][INFO] - configure_evaluate: strategy sampled 3 clients (out of 10)
[2025-01-07 14:00:01,972][flwr][INFO] - aggregate_evaluate: received 3 results and 0 failures
[2025-01-07 14:00:01,973][flwr][INFO] - 
[2025-01-07 14:00:01,973][flwr][INFO] - [ROUND 3]
[2025-01-07 14:00:01,973][flwr][INFO] - configure_fit: strategy sampled 2 clients (out of 10)
[2025-01-07 14:00:09,219][flwr][INFO] - aggregate_fit: received 2 results and 0 failures
[2025-01-07 14:00:10,712][flwr][INFO] - fit progress: (3, 186.95000886917114, {'accuracy': 0.1318}, 30.590582319000532)
[2025-01-07 14:00:10,712][flwr][INFO] - configure_evaluate: strategy sampled 3 clients (out of 10)
[2025-01-07 14:00:11,220][flwr][INFO] - aggregate_evaluate: received 3 results and 0 failures
[2025-01-07 14:00:11,220][flwr][INFO] - 
[2025-01-07 14:00:11,220][flwr][INFO] - [ROUND 4]
[2025-01-07 14:00:11,220][flwr][INFO] - configure_fit: strategy sampled 2 clients (out of 10)
[2025-01-07 14:00:18,459][flwr][INFO] - aggregate_fit: received 2 results and 0 failures
[2025-01-07 14:00:19,620][flwr][INFO] - fit progress: (4, 139.86310255527496, {'accuracy': 0.3954}, 39.49850666600105)
[2025-01-07 14:00:19,620][flwr][INFO] - configure_evaluate: strategy sampled 3 clients (out of 10)
[2025-01-07 14:00:20,135][flwr][INFO] - aggregate_evaluate: received 3 results and 0 failures
[2025-01-07 14:00:20,135][flwr][INFO] - 
[2025-01-07 14:00:20,135][flwr][INFO] - [ROUND 5]
[2025-01-07 14:00:20,135][flwr][INFO] - configure_fit: strategy sampled 2 clients (out of 10)
[2025-01-07 14:00:27,481][flwr][INFO] - aggregate_fit: received 2 results and 0 failures
[2025-01-07 14:00:28,959][flwr][INFO] - fit progress: (5, 164.396754860878, {'accuracy': 0.1751}, 48.83757594400231)
[2025-01-07 14:00:28,959][flwr][INFO] - configure_evaluate: strategy sampled 3 clients (out of 10)
[2025-01-07 14:00:29,505][flwr][INFO] - aggregate_evaluate: received 3 results and 0 failures
[2025-01-07 14:00:29,505][flwr][INFO] - 
[2025-01-07 14:00:29,505][flwr][INFO] - [SUMMARY]
[2025-01-07 14:00:29,505][flwr][INFO] - Run finished 5 round(s) in 49.38s
[2025-01-07 14:00:29,505][flwr][INFO] - 	History (loss, distributed):
[2025-01-07 14:00:29,505][flwr][INFO] - 		round 1: 78.7403769493103
[2025-01-07 14:00:29,505][flwr][INFO] - 		round 2: 37.415823658307396
[2025-01-07 14:00:29,505][flwr][INFO] - 		round 3: 89.57048773765564
[2025-01-07 14:00:29,505][flwr][INFO] - 		round 4: 68.22264973322551
[2025-01-07 14:00:29,505][flwr][INFO] - 		round 5: 77.73837184906006
[2025-01-07 14:00:29,505][flwr][INFO] - 	History (loss, centralized):
[2025-01-07 14:00:29,506][flwr][INFO] - 		round 0: 182.18530249595642
[2025-01-07 14:00:29,506][flwr][INFO] - 		round 1: 163.47623455524445
[2025-01-07 14:00:29,506][flwr][INFO] - 		round 2: 74.68815809488297
[2025-01-07 14:00:29,506][flwr][INFO] - 		round 3: 186.95000886917114
[2025-01-07 14:00:29,506][flwr][INFO] - 		round 4: 139.86310255527496
[2025-01-07 14:00:29,506][flwr][INFO] - 		round 5: 164.396754860878
[2025-01-07 14:00:29,506][flwr][INFO] - 	History (metrics, centralized):
[2025-01-07 14:00:29,506][flwr][INFO] - 	{'accuracy': [(0, 0.0892),
[2025-01-07 14:00:29,506][flwr][INFO] - 	              (1, 0.2182),
[2025-01-07 14:00:29,506][flwr][INFO] - 	              (2, 0.7401),
[2025-01-07 14:00:29,506][flwr][INFO] - 	              (3, 0.1318),
[2025-01-07 14:00:29,506][flwr][INFO] - 	              (4, 0.3954),
[2025-01-07 14:00:29,506][flwr][INFO] - 	              (5, 0.1751)]}
[2025-01-07 14:00:29,506][flwr][INFO] - 
