[2025-01-07 18:54:51,649][flwr][INFO] - Starting Flower simulation, config: num_rounds=15, no round_timeout
[2025-01-07 18:54:55,212][flwr][INFO] - Flower VCE: Ray initialized with resources: {'node:__internal_head__': 1.0, 'memory': 6324537755.0, 'object_store_memory': 3162268876.0, 'node:192.168.1.11': 1.0, 'CPU': 12.0}
[2025-01-07 18:54:55,213][flwr][INFO] - Optimize your simulation with Flower VCE: https://flower.ai/docs/framework/how-to-run-simulations.html
[2025-01-07 18:54:55,213][flwr][INFO] - Flower VCE: Resources for each Virtual Client: {'num_cpus': 2, 'num_gpus': 0}
[2025-01-07 18:54:55,223][flwr][INFO] - Flower VCE: Creating VirtualClientEngineActorPool with 6 actors
[2025-01-07 18:54:55,224][flwr][INFO] - [INIT]
[2025-01-07 18:54:55,224][flwr][INFO] - Requesting initial parameters from one random client
[2025-01-07 18:54:57,611][flwr][INFO] - Received initial parameters from one random client
[2025-01-07 18:54:57,611][flwr][INFO] - Starting evaluation of initial global parameters
[2025-01-07 18:54:58,931][flwr][INFO] - initial parameters (loss, other metrics): 181.83505082130432, {'accuracy': 0.1007}
[2025-01-07 18:54:58,931][flwr][INFO] - 
[2025-01-07 18:54:58,931][flwr][INFO] - [ROUND 1]
[2025-01-07 18:54:58,932][flwr][INFO] - configure_fit: strategy sampled 2 clients (out of 5)
[2025-01-07 18:55:15,698][flwr][INFO] - aggregate_fit: received 2 results and 0 failures
[2025-01-07 18:55:15,701][flwr][WARNING] - No fit_metrics_aggregation_fn provided
[2025-01-07 18:55:16,813][flwr][INFO] - fit progress: (1, 191.14287948608398, {'accuracy': 0.101}, 17.881994121002208)
[2025-01-07 18:55:16,814][flwr][INFO] - configure_evaluate: strategy sampled 2 clients (out of 5)
[2025-01-07 18:55:17,364][flwr][INFO] - aggregate_evaluate: received 2 results and 0 failures
[2025-01-07 18:55:17,364][flwr][WARNING] - No evaluate_metrics_aggregation_fn provided
[2025-01-07 18:55:17,364][flwr][INFO] - 
[2025-01-07 18:55:17,364][flwr][INFO] - [ROUND 2]
[2025-01-07 18:55:17,364][flwr][INFO] - configure_fit: strategy sampled 2 clients (out of 5)
[2025-01-07 18:55:31,128][flwr][INFO] - aggregate_fit: received 2 results and 0 failures
[2025-01-07 18:55:32,664][flwr][INFO] - fit progress: (2, 182.16337990760803, {'accuracy': 0.1134}, 33.73289841799851)
[2025-01-07 18:55:32,665][flwr][INFO] - configure_evaluate: strategy sampled 2 clients (out of 5)
[2025-01-07 18:55:33,208][flwr][INFO] - aggregate_evaluate: received 2 results and 0 failures
[2025-01-07 18:55:33,209][flwr][INFO] - 
[2025-01-07 18:55:33,209][flwr][INFO] - [ROUND 3]
[2025-01-07 18:55:33,209][flwr][INFO] - configure_fit: strategy sampled 2 clients (out of 5)
[2025-01-07 18:55:46,955][flwr][INFO] - aggregate_fit: received 2 results and 0 failures
[2025-01-07 18:55:48,250][flwr][INFO] - fit progress: (3, 182.07612681388855, {'accuracy': 0.1135}, 49.31898849300342)
[2025-01-07 18:55:48,251][flwr][INFO] - configure_evaluate: strategy sampled 2 clients (out of 5)
[2025-01-07 18:55:48,796][flwr][INFO] - aggregate_evaluate: received 2 results and 0 failures
[2025-01-07 18:55:48,797][flwr][INFO] - 
[2025-01-07 18:55:48,797][flwr][INFO] - [ROUND 4]
[2025-01-07 18:55:48,797][flwr][INFO] - configure_fit: strategy sampled 2 clients (out of 5)
[2025-01-07 18:56:02,238][flwr][INFO] - aggregate_fit: received 2 results and 0 failures
[2025-01-07 18:56:03,859][flwr][INFO] - fit progress: (4, 182.21571397781372, {'accuracy': 0.1009}, 64.92748324599961)
[2025-01-07 18:56:03,859][flwr][INFO] - configure_evaluate: strategy sampled 2 clients (out of 5)
[2025-01-07 18:56:04,452][flwr][INFO] - aggregate_evaluate: received 2 results and 0 failures
[2025-01-07 18:56:04,452][flwr][INFO] - 
[2025-01-07 18:56:04,452][flwr][INFO] - [ROUND 5]
[2025-01-07 18:56:04,453][flwr][INFO] - configure_fit: strategy sampled 2 clients (out of 5)
[2025-01-07 18:56:17,947][flwr][INFO] - aggregate_fit: received 2 results and 0 failures
[2025-01-07 18:56:19,313][flwr][INFO] - fit progress: (5, 181.87169981002808, {'accuracy': 0.1135}, 80.38145768299728)
[2025-01-07 18:56:19,313][flwr][INFO] - configure_evaluate: strategy sampled 2 clients (out of 5)
[2025-01-07 18:56:19,817][flwr][INFO] - aggregate_evaluate: received 2 results and 0 failures
[2025-01-07 18:56:19,817][flwr][INFO] - 
[2025-01-07 18:56:19,817][flwr][INFO] - [ROUND 6]
[2025-01-07 18:56:19,817][flwr][INFO] - configure_fit: strategy sampled 2 clients (out of 5)
[2025-01-07 18:56:33,611][flwr][INFO] - aggregate_fit: received 2 results and 0 failures
[2025-01-07 18:56:34,861][flwr][INFO] - fit progress: (6, 181.9920778274536, {'accuracy': 0.1135}, 95.92975245499838)
[2025-01-07 18:56:34,861][flwr][INFO] - configure_evaluate: strategy sampled 2 clients (out of 5)
[2025-01-07 18:56:35,393][flwr][INFO] - aggregate_evaluate: received 2 results and 0 failures
[2025-01-07 18:56:35,393][flwr][INFO] - 
[2025-01-07 18:56:35,393][flwr][INFO] - [ROUND 7]
[2025-01-07 18:56:35,394][flwr][INFO] - configure_fit: strategy sampled 2 clients (out of 5)
[2025-01-07 18:56:49,000][flwr][INFO] - aggregate_fit: received 2 results and 0 failures
[2025-01-07 18:56:50,565][flwr][INFO] - fit progress: (7, 181.94108963012695, {'accuracy': 0.1135}, 111.63388541599852)
[2025-01-07 18:56:50,566][flwr][INFO] - configure_evaluate: strategy sampled 2 clients (out of 5)
[2025-01-07 18:56:51,061][flwr][INFO] - aggregate_evaluate: received 2 results and 0 failures
[2025-01-07 18:56:51,062][flwr][INFO] - 
[2025-01-07 18:56:51,062][flwr][INFO] - [ROUND 8]
[2025-01-07 18:56:51,062][flwr][INFO] - configure_fit: strategy sampled 2 clients (out of 5)
[2025-01-07 18:57:04,673][flwr][INFO] - aggregate_fit: received 2 results and 0 failures
[2025-01-07 18:57:05,944][flwr][INFO] - fit progress: (8, 182.057678937912, {'accuracy': 0.1009}, 127.01271848900069)
[2025-01-07 18:57:05,944][flwr][INFO] - configure_evaluate: strategy sampled 2 clients (out of 5)
[2025-01-07 18:57:06,465][flwr][INFO] - aggregate_evaluate: received 2 results and 0 failures
[2025-01-07 18:57:06,465][flwr][INFO] - 
[2025-01-07 18:57:06,465][flwr][INFO] - [ROUND 9]
[2025-01-07 18:57:06,465][flwr][INFO] - configure_fit: strategy sampled 2 clients (out of 5)
[2025-01-07 18:57:19,810][flwr][INFO] - aggregate_fit: received 2 results and 0 failures
[2025-01-07 18:57:21,340][flwr][INFO] - fit progress: (9, 181.9395046234131, {'accuracy': 0.101}, 142.40813391900156)
[2025-01-07 18:57:21,340][flwr][INFO] - configure_evaluate: strategy sampled 2 clients (out of 5)
[2025-01-07 18:57:21,911][flwr][INFO] - aggregate_evaluate: received 2 results and 0 failures
[2025-01-07 18:57:21,911][flwr][INFO] - 
[2025-01-07 18:57:21,911][flwr][INFO] - [ROUND 10]
[2025-01-07 18:57:21,911][flwr][INFO] - configure_fit: strategy sampled 2 clients (out of 5)
[2025-01-07 18:57:35,670][flwr][INFO] - aggregate_fit: received 2 results and 0 failures
[2025-01-07 18:57:37,913][flwr][INFO] - fit progress: (10, 181.88719415664673, {'accuracy': 0.1135}, 158.98186645199894)
[2025-01-07 18:57:37,914][flwr][INFO] - configure_evaluate: strategy sampled 2 clients (out of 5)
[2025-01-07 18:57:38,393][flwr][INFO] - aggregate_evaluate: received 2 results and 0 failures
[2025-01-07 18:57:38,394][flwr][INFO] - 
[2025-01-07 18:57:38,394][flwr][INFO] - [ROUND 11]
[2025-01-07 18:57:38,394][flwr][INFO] - configure_fit: strategy sampled 2 clients (out of 5)
[2025-01-07 18:57:51,912][flwr][INFO] - aggregate_fit: received 2 results and 0 failures
[2025-01-07 18:57:53,845][flwr][INFO] - fit progress: (11, 182.12300992012024, {'accuracy': 0.1009}, 174.91357319999952)
[2025-01-07 18:57:53,845][flwr][INFO] - configure_evaluate: strategy sampled 2 clients (out of 5)
[2025-01-07 18:57:54,335][flwr][INFO] - aggregate_evaluate: received 2 results and 0 failures
[2025-01-07 18:57:54,335][flwr][INFO] - 
[2025-01-07 18:57:54,335][flwr][INFO] - [ROUND 12]
[2025-01-07 18:57:54,335][flwr][INFO] - configure_fit: strategy sampled 2 clients (out of 5)
[2025-01-07 18:58:07,718][flwr][INFO] - aggregate_fit: received 2 results and 0 failures
[2025-01-07 18:58:09,150][flwr][INFO] - fit progress: (12, 182.24350333213806, {'accuracy': 0.098}, 190.2188869590027)
[2025-01-07 18:58:09,151][flwr][INFO] - configure_evaluate: strategy sampled 2 clients (out of 5)
[2025-01-07 18:58:09,667][flwr][INFO] - aggregate_evaluate: received 2 results and 0 failures
[2025-01-07 18:58:09,667][flwr][INFO] - 
[2025-01-07 18:58:09,667][flwr][INFO] - [ROUND 13]
[2025-01-07 18:58:09,667][flwr][INFO] - configure_fit: strategy sampled 2 clients (out of 5)
[2025-01-07 18:58:23,034][flwr][INFO] - aggregate_fit: received 2 results and 0 failures
[2025-01-07 18:58:24,538][flwr][INFO] - fit progress: (13, 181.87616062164307, {'accuracy': 0.1135}, 205.60697661800077)
[2025-01-07 18:58:24,539][flwr][INFO] - configure_evaluate: strategy sampled 2 clients (out of 5)
[2025-01-07 18:58:25,053][flwr][INFO] - aggregate_evaluate: received 2 results and 0 failures
[2025-01-07 18:58:25,053][flwr][INFO] - 
[2025-01-07 18:58:25,053][flwr][INFO] - [ROUND 14]
[2025-01-07 18:58:25,053][flwr][INFO] - configure_fit: strategy sampled 2 clients (out of 5)
[2025-01-07 18:58:38,875][flwr][INFO] - aggregate_fit: received 2 results and 0 failures
[2025-01-07 18:58:40,508][flwr][INFO] - fit progress: (14, 182.28518176078796, {'accuracy': 0.101}, 221.5764899019996)
[2025-01-07 18:58:40,508][flwr][INFO] - configure_evaluate: strategy sampled 2 clients (out of 5)
[2025-01-07 18:58:41,016][flwr][INFO] - aggregate_evaluate: received 2 results and 0 failures
[2025-01-07 18:58:41,016][flwr][INFO] - 
[2025-01-07 18:58:41,016][flwr][INFO] - [ROUND 15]
[2025-01-07 18:58:41,016][flwr][INFO] - configure_fit: strategy sampled 2 clients (out of 5)
[2025-01-07 18:58:54,443][flwr][INFO] - aggregate_fit: received 2 results and 0 failures
[2025-01-07 18:58:56,261][flwr][INFO] - fit progress: (15, 181.9206986427307, {'accuracy': 0.1135}, 237.3298361729976)
[2025-01-07 18:58:56,262][flwr][INFO] - configure_evaluate: strategy sampled 2 clients (out of 5)
[2025-01-07 18:58:56,725][flwr][INFO] - aggregate_evaluate: received 2 results and 0 failures
[2025-01-07 18:58:56,725][flwr][INFO] - 
[2025-01-07 18:58:56,760][flwr][INFO] - [SUMMARY]
[2025-01-07 18:58:56,760][flwr][INFO] - Run finished 15 round(s) in 237.79s
[2025-01-07 18:58:56,760][flwr][INFO] - 	History (loss, distributed):
[2025-01-07 18:58:56,761][flwr][INFO] - 		round 1: 181.34331929683685
[2025-01-07 18:58:56,761][flwr][INFO] - 		round 2: 173.0501410961151
[2025-01-07 18:58:56,761][flwr][INFO] - 		round 3: 173.14025926589966
[2025-01-07 18:58:56,761][flwr][INFO] - 		round 4: 172.71102356910706
[2025-01-07 18:58:56,761][flwr][INFO] - 		round 5: 172.81640696525574
[2025-01-07 18:58:56,761][flwr][INFO] - 		round 6: 172.77285313606262
[2025-01-07 18:58:56,761][flwr][INFO] - 		round 7: 172.7698323726654
[2025-01-07 18:58:56,761][flwr][INFO] - 		round 8: 172.63706529140472
[2025-01-07 18:58:56,761][flwr][INFO] - 		round 9: 172.87871146202087
[2025-01-07 18:58:56,761][flwr][INFO] - 		round 10: 172.75534200668335
[2025-01-07 18:58:56,761][flwr][INFO] - 		round 11: 172.92507779598236
[2025-01-07 18:58:56,761][flwr][INFO] - 		round 12: 173.00842928886414
[2025-01-07 18:58:56,761][flwr][INFO] - 		round 13: 172.76919984817505
[2025-01-07 18:58:56,761][flwr][INFO] - 		round 14: 173.49091637134552
[2025-01-07 18:58:56,761][flwr][INFO] - 		round 15: 172.64129650592804
[2025-01-07 18:58:56,761][flwr][INFO] - 	History (loss, centralized):
[2025-01-07 18:58:56,762][flwr][INFO] - 		round 0: 181.83505082130432
[2025-01-07 18:58:56,762][flwr][INFO] - 		round 1: 191.14287948608398
[2025-01-07 18:58:56,762][flwr][INFO] - 		round 2: 182.16337990760803
[2025-01-07 18:58:56,762][flwr][INFO] - 		round 3: 182.07612681388855
[2025-01-07 18:58:56,762][flwr][INFO] - 		round 4: 182.21571397781372
[2025-01-07 18:58:56,762][flwr][INFO] - 		round 5: 181.87169981002808
[2025-01-07 18:58:56,762][flwr][INFO] - 		round 6: 181.9920778274536
[2025-01-07 18:58:56,762][flwr][INFO] - 		round 7: 181.94108963012695
[2025-01-07 18:58:56,762][flwr][INFO] - 		round 8: 182.057678937912
[2025-01-07 18:58:56,762][flwr][INFO] - 		round 9: 181.9395046234131
[2025-01-07 18:58:56,762][flwr][INFO] - 		round 10: 181.88719415664673
[2025-01-07 18:58:56,762][flwr][INFO] - 		round 11: 182.12300992012024
[2025-01-07 18:58:56,762][flwr][INFO] - 		round 12: 182.24350333213806
[2025-01-07 18:58:56,762][flwr][INFO] - 		round 13: 181.87616062164307
[2025-01-07 18:58:56,762][flwr][INFO] - 		round 14: 182.28518176078796
[2025-01-07 18:58:56,763][flwr][INFO] - 		round 15: 181.9206986427307
[2025-01-07 18:58:56,763][flwr][INFO] - 	History (metrics, centralized):
[2025-01-07 18:58:56,763][flwr][INFO] - 	{'accuracy': [(0, 0.1007),
[2025-01-07 18:58:56,763][flwr][INFO] - 	              (1, 0.101),
[2025-01-07 18:58:56,763][flwr][INFO] - 	              (2, 0.1134),
[2025-01-07 18:58:56,763][flwr][INFO] - 	              (3, 0.1135),
[2025-01-07 18:58:56,763][flwr][INFO] - 	              (4, 0.1009),
[2025-01-07 18:58:56,763][flwr][INFO] - 	              (5, 0.1135),
[2025-01-07 18:58:56,763][flwr][INFO] - 	              (6, 0.1135),
[2025-01-07 18:58:56,763][flwr][INFO] - 	              (7, 0.1135),
[2025-01-07 18:58:56,763][flwr][INFO] - 	              (8, 0.1009),
[2025-01-07 18:58:56,763][flwr][INFO] - 	              (9, 0.101),
[2025-01-07 18:58:56,763][flwr][INFO] - 	              (10, 0.1135),
[2025-01-07 18:58:56,763][flwr][INFO] - 	              (11, 0.1009),
[2025-01-07 18:58:56,763][flwr][INFO] - 	              (12, 0.098),
[2025-01-07 18:58:56,764][flwr][INFO] - 	              (13, 0.1135),
[2025-01-07 18:58:56,764][flwr][INFO] - 	              (14, 0.101),
[2025-01-07 18:58:56,764][flwr][INFO] - 	              (15, 0.1135)]}
[2025-01-07 18:58:56,764][flwr][INFO] - 
