[2025-01-07 13:44:10,393][flwr][INFO] - Starting Flower simulation, config: num_rounds=5, no round_timeout
[2025-01-07 13:44:13,768][flwr][INFO] - Flower VCE: Ray initialized with resources: {'CPU': 12.0, 'node:192.168.1.11': 1.0, 'memory': 6365854926.0, 'object_store_memory': 3182927462.0, 'node:__internal_head__': 1.0}
[2025-01-07 13:44:13,769][flwr][INFO] - Optimize your simulation with Flower VCE: https://flower.ai/docs/framework/how-to-run-simulations.html
[2025-01-07 13:44:13,769][flwr][INFO] - Flower VCE: Resources for each Virtual Client: {'num_cpus': 2, 'num_gpus': 0}
[2025-01-07 13:44:13,774][flwr][INFO] - Flower VCE: Creating VirtualClientEngineActorPool with 6 actors
[2025-01-07 13:44:13,774][flwr][INFO] - [INIT]
[2025-01-07 13:44:13,774][flwr][INFO] - Requesting initial parameters from one random client
[2025-01-07 13:44:16,523][flwr][INFO] - Received initial parameters from one random client
[2025-01-07 13:44:16,523][flwr][INFO] - Starting evaluation of initial global parameters
[2025-01-07 13:44:17,717][flwr][INFO] - initial parameters (loss, other metrics): 182.08154582977295, {'accuracy': 0.1135}
[2025-01-07 13:44:17,717][flwr][INFO] - 
[2025-01-07 13:44:17,717][flwr][INFO] - [ROUND 1]
[2025-01-07 13:44:17,717][flwr][INFO] - configure_fit: strategy sampled 2 clients (out of 5)
[2025-01-07 13:44:29,938][flwr][INFO] - aggregate_fit: received 2 results and 0 failures
[2025-01-07 13:44:29,944][flwr][WARNING] - No fit_metrics_aggregation_fn provided
[2025-01-07 13:44:31,119][flwr][INFO] - fit progress: (1, 51.149750113487244, {'accuracy': 0.9067}, 13.402060888998676)
[2025-01-07 13:44:31,119][flwr][INFO] - configure_evaluate: strategy sampled 5 clients (out of 5)
[2025-01-07 13:44:35,257][flwr][INFO] - aggregate_evaluate: received 5 results and 0 failures
[2025-01-07 13:44:35,257][flwr][WARNING] - No evaluate_metrics_aggregation_fn provided
[2025-01-07 13:44:35,258][flwr][INFO] - 
[2025-01-07 13:44:35,258][flwr][INFO] - [ROUND 2]
[2025-01-07 13:44:35,258][flwr][INFO] - configure_fit: strategy sampled 2 clients (out of 5)
[2025-01-07 13:44:45,139][flwr][INFO] - aggregate_fit: received 2 results and 0 failures
[2025-01-07 13:44:46,672][flwr][INFO] - fit progress: (2, 9.024281407240778, {'accuracy': 0.9728}, 28.954949104998377)
[2025-01-07 13:44:46,672][flwr][INFO] - configure_evaluate: strategy sampled 5 clients (out of 5)
[2025-01-07 13:44:47,598][flwr][INFO] - aggregate_evaluate: received 5 results and 0 failures
[2025-01-07 13:44:47,598][flwr][INFO] - 
[2025-01-07 13:44:47,598][flwr][INFO] - [ROUND 3]
[2025-01-07 13:44:47,599][flwr][INFO] - configure_fit: strategy sampled 2 clients (out of 5)
[2025-01-07 13:44:57,787][flwr][INFO] - aggregate_fit: received 2 results and 0 failures
[2025-01-07 13:44:59,043][flwr][INFO] - fit progress: (3, 7.130515291471966, {'accuracy': 0.9796}, 41.32632698099769)
[2025-01-07 13:44:59,043][flwr][INFO] - configure_evaluate: strategy sampled 5 clients (out of 5)
[2025-01-07 13:45:00,025][flwr][INFO] - aggregate_evaluate: received 5 results and 0 failures
[2025-01-07 13:45:00,025][flwr][INFO] - 
[2025-01-07 13:45:00,025][flwr][INFO] - [ROUND 4]
[2025-01-07 13:45:00,026][flwr][INFO] - configure_fit: strategy sampled 2 clients (out of 5)
[2025-01-07 13:45:10,392][flwr][INFO] - aggregate_fit: received 2 results and 0 failures
[2025-01-07 13:45:11,652][flwr][INFO] - fit progress: (4, 11.891754891956225, {'accuracy': 0.9632}, 53.9349722980005)
[2025-01-07 13:45:11,652][flwr][INFO] - configure_evaluate: strategy sampled 5 clients (out of 5)
[2025-01-07 13:45:12,620][flwr][INFO] - aggregate_evaluate: received 5 results and 0 failures
[2025-01-07 13:45:12,621][flwr][INFO] - 
[2025-01-07 13:45:12,621][flwr][INFO] - [ROUND 5]
[2025-01-07 13:45:12,621][flwr][INFO] - configure_fit: strategy sampled 2 clients (out of 5)
[2025-01-07 13:45:23,903][flwr][INFO] - aggregate_fit: received 2 results and 0 failures
[2025-01-07 13:45:25,147][flwr][INFO] - fit progress: (5, 9.073672411468579, {'accuracy': 0.9784}, 67.43029273600041)
[2025-01-07 13:45:25,147][flwr][INFO] - configure_evaluate: strategy sampled 5 clients (out of 5)
[2025-01-07 13:45:26,107][flwr][INFO] - aggregate_evaluate: received 5 results and 0 failures
[2025-01-07 13:45:26,107][flwr][INFO] - 
[2025-01-07 13:45:26,107][flwr][INFO] - [SUMMARY]
[2025-01-07 13:45:26,107][flwr][INFO] - Run finished 5 round(s) in 68.39s
[2025-01-07 13:45:26,108][flwr][INFO] - 	History (loss, distributed):
[2025-01-07 13:45:26,108][flwr][INFO] - 		round 1: 25.378895503282546
[2025-01-07 13:45:26,108][flwr][INFO] - 		round 2: 5.006728900130838
[2025-01-07 13:45:26,108][flwr][INFO] - 		round 3: 3.6711250973981806
[2025-01-07 13:45:26,108][flwr][INFO] - 		round 4: 6.138257928937674
[2025-01-07 13:45:26,108][flwr][INFO] - 		round 5: 5.551969272427959
[2025-01-07 13:45:26,108][flwr][INFO] - 	History (loss, centralized):
[2025-01-07 13:45:26,108][flwr][INFO] - 		round 0: 182.08154582977295
[2025-01-07 13:45:26,108][flwr][INFO] - 		round 1: 51.149750113487244
[2025-01-07 13:45:26,108][flwr][INFO] - 		round 2: 9.024281407240778
[2025-01-07 13:45:26,108][flwr][INFO] - 		round 3: 7.130515291471966
[2025-01-07 13:45:26,108][flwr][INFO] - 		round 4: 11.891754891956225
[2025-01-07 13:45:26,108][flwr][INFO] - 		round 5: 9.073672411468579
[2025-01-07 13:45:26,108][flwr][INFO] - 	History (metrics, centralized):
[2025-01-07 13:45:26,108][flwr][INFO] - 	{'accuracy': [(0, 0.1135),
[2025-01-07 13:45:26,108][flwr][INFO] - 	              (1, 0.9067),
[2025-01-07 13:45:26,108][flwr][INFO] - 	              (2, 0.9728),
[2025-01-07 13:45:26,109][flwr][INFO] - 	              (3, 0.9796),
[2025-01-07 13:45:26,109][flwr][INFO] - 	              (4, 0.9632),
[2025-01-07 13:45:26,109][flwr][INFO] - 	              (5, 0.9784)]}
[2025-01-07 13:45:26,109][flwr][INFO] - 
