[2025-01-07 14:34:54,297][flwr][INFO] - Starting Flower simulation, config: num_rounds=5, no round_timeout
[2025-01-07 14:34:57,832][flwr][INFO] - Flower VCE: Ray initialized with resources: {'node:__internal_head__': 1.0, 'node:192.168.1.11': 1.0, 'CPU': 12.0, 'object_store_memory': 3162137395.0, 'memory': 6324274791.0}
[2025-01-07 14:34:57,832][flwr][INFO] - Optimize your simulation with Flower VCE: https://flower.ai/docs/framework/how-to-run-simulations.html
[2025-01-07 14:34:57,832][flwr][INFO] - Flower VCE: Resources for each Virtual Client: {'num_cpus': 2, 'num_gpus': 0}
[2025-01-07 14:34:57,838][flwr][INFO] - Flower VCE: Creating VirtualClientEngineActorPool with 6 actors
[2025-01-07 14:34:57,839][flwr][INFO] - [INIT]
[2025-01-07 14:34:57,839][flwr][INFO] - Requesting initial parameters from one random client
[2025-01-07 14:35:00,552][flwr][INFO] - Received initial parameters from one random client
[2025-01-07 14:35:00,552][flwr][INFO] - Starting evaluation of initial global parameters
[2025-01-07 14:35:02,381][flwr][INFO] - initial parameters (loss, other metrics): 182.67507314682007, {'accuracy': 0.1029}
[2025-01-07 14:35:02,381][flwr][INFO] - 
[2025-01-07 14:35:02,381][flwr][INFO] - [ROUND 1]
[2025-01-07 14:35:02,382][flwr][INFO] - configure_fit: strategy sampled 2 clients (out of 20)
[2025-01-07 14:35:11,100][flwr][INFO] - aggregate_fit: received 2 results and 0 failures
[2025-01-07 14:35:11,104][flwr][WARNING] - No fit_metrics_aggregation_fn provided
[2025-01-07 14:35:12,303][flwr][INFO] - fit progress: (1, 160.56686532497406, {'accuracy': 0.2343}, 9.921130373000778)
[2025-01-07 14:35:12,303][flwr][INFO] - configure_evaluate: strategy sampled 3 clients (out of 20)
[2025-01-07 14:35:14,475][flwr][INFO] - aggregate_evaluate: received 3 results and 0 failures
[2025-01-07 14:35:14,476][flwr][WARNING] - No evaluate_metrics_aggregation_fn provided
[2025-01-07 14:35:14,476][flwr][INFO] - 
[2025-01-07 14:35:14,476][flwr][INFO] - [ROUND 2]
[2025-01-07 14:35:14,476][flwr][INFO] - configure_fit: strategy sampled 2 clients (out of 20)
[2025-01-07 14:35:20,608][flwr][INFO] - aggregate_fit: received 2 results and 0 failures
[2025-01-07 14:35:22,175][flwr][INFO] - fit progress: (2, 94.95930814743042, {'accuracy': 0.6711}, 19.79321620799965)
[2025-01-07 14:35:22,175][flwr][INFO] - configure_evaluate: strategy sampled 3 clients (out of 20)
[2025-01-07 14:35:22,598][flwr][INFO] - aggregate_evaluate: received 3 results and 0 failures
[2025-01-07 14:35:22,598][flwr][INFO] - 
[2025-01-07 14:35:22,599][flwr][INFO] - [ROUND 3]
[2025-01-07 14:35:22,599][flwr][INFO] - configure_fit: strategy sampled 2 clients (out of 20)
[2025-01-07 14:35:28,783][flwr][INFO] - aggregate_fit: received 2 results and 0 failures
[2025-01-07 14:35:30,343][flwr][INFO] - fit progress: (3, 184.08302354812622, {'accuracy': 0.0982}, 27.9614901260029)
[2025-01-07 14:35:30,343][flwr][INFO] - configure_evaluate: strategy sampled 3 clients (out of 20)
[2025-01-07 14:35:30,754][flwr][INFO] - aggregate_evaluate: received 3 results and 0 failures
[2025-01-07 14:35:30,754][flwr][INFO] - 
[2025-01-07 14:35:30,754][flwr][INFO] - [ROUND 4]
[2025-01-07 14:35:30,754][flwr][INFO] - configure_fit: strategy sampled 2 clients (out of 20)
[2025-01-07 14:35:36,961][flwr][INFO] - aggregate_fit: received 2 results and 0 failures
[2025-01-07 14:35:38,488][flwr][INFO] - fit progress: (4, 181.8739242553711, {'accuracy': 0.1135}, 36.10668813400116)
[2025-01-07 14:35:38,488][flwr][INFO] - configure_evaluate: strategy sampled 3 clients (out of 20)
[2025-01-07 14:35:38,891][flwr][INFO] - aggregate_evaluate: received 3 results and 0 failures
[2025-01-07 14:35:38,892][flwr][INFO] - 
[2025-01-07 14:35:38,892][flwr][INFO] - [ROUND 5]
[2025-01-07 14:35:38,892][flwr][INFO] - configure_fit: strategy sampled 2 clients (out of 20)
[2025-01-07 14:35:44,998][flwr][INFO] - aggregate_fit: received 2 results and 0 failures
[2025-01-07 14:35:46,509][flwr][INFO] - fit progress: (5, 181.90925073623657, {'accuracy': 0.1032}, 44.12791767100134)
[2025-01-07 14:35:46,510][flwr][INFO] - configure_evaluate: strategy sampled 3 clients (out of 20)
[2025-01-07 14:35:47,010][flwr][INFO] - aggregate_evaluate: received 3 results and 0 failures
[2025-01-07 14:35:47,011][flwr][INFO] - 
[2025-01-07 14:35:47,011][flwr][INFO] - [SUMMARY]
[2025-01-07 14:35:47,011][flwr][INFO] - Run finished 5 round(s) in 44.63s
[2025-01-07 14:35:47,011][flwr][INFO] - 	History (loss, distributed):
[2025-01-07 14:35:47,011][flwr][INFO] - 		round 1: 38.83301464716593
[2025-01-07 14:35:47,011][flwr][INFO] - 		round 2: 23.533942361672718
[2025-01-07 14:35:47,011][flwr][INFO] - 		round 3: 44.161281983057656
[2025-01-07 14:35:47,011][flwr][INFO] - 		round 4: 43.74072766304016
[2025-01-07 14:35:47,011][flwr][INFO] - 		round 5: 43.74950782457987
[2025-01-07 14:35:47,011][flwr][INFO] - 	History (loss, centralized):
[2025-01-07 14:35:47,012][flwr][INFO] - 		round 0: 182.67507314682007
[2025-01-07 14:35:47,012][flwr][INFO] - 		round 1: 160.56686532497406
[2025-01-07 14:35:47,012][flwr][INFO] - 		round 2: 94.95930814743042
[2025-01-07 14:35:47,012][flwr][INFO] - 		round 3: 184.08302354812622
[2025-01-07 14:35:47,012][flwr][INFO] - 		round 4: 181.8739242553711
[2025-01-07 14:35:47,012][flwr][INFO] - 		round 5: 181.90925073623657
[2025-01-07 14:35:47,012][flwr][INFO] - 	History (metrics, centralized):
[2025-01-07 14:35:47,012][flwr][INFO] - 	{'accuracy': [(0, 0.1029),
[2025-01-07 14:35:47,012][flwr][INFO] - 	              (1, 0.2343),
[2025-01-07 14:35:47,012][flwr][INFO] - 	              (2, 0.6711),
[2025-01-07 14:35:47,012][flwr][INFO] - 	              (3, 0.0982),
[2025-01-07 14:35:47,012][flwr][INFO] - 	              (4, 0.1135),
[2025-01-07 14:35:47,012][flwr][INFO] - 	              (5, 0.1032)]}
[2025-01-07 14:35:47,012][flwr][INFO] - 
