[2025-01-07 13:39:31,179][flwr][INFO] - Starting Flower simulation, config: num_rounds=5, no round_timeout
[2025-01-07 13:39:34,646][flwr][INFO] - Flower VCE: Ray initialized with resources: {'node:__internal_head__': 1.0, 'memory': 6334751540.0, 'object_store_memory': 3167375769.0, 'CPU': 12.0, 'node:192.168.1.11': 1.0}
[2025-01-07 13:39:34,647][flwr][INFO] - Optimize your simulation with Flower VCE: https://flower.ai/docs/framework/how-to-run-simulations.html
[2025-01-07 13:39:34,647][flwr][INFO] - Flower VCE: Resources for each Virtual Client: {'num_cpus': 2, 'num_gpus': 0}
[2025-01-07 13:39:34,655][flwr][INFO] - Flower VCE: Creating VirtualClientEngineActorPool with 6 actors
[2025-01-07 13:39:34,656][flwr][INFO] - [INIT]
[2025-01-07 13:39:34,656][flwr][INFO] - Requesting initial parameters from one random client
[2025-01-07 13:39:37,425][flwr][INFO] - Received initial parameters from one random client
[2025-01-07 13:39:37,426][flwr][INFO] - Starting evaluation of initial global parameters
[2025-01-07 13:39:38,661][flwr][INFO] - initial parameters (loss, other metrics): 181.64211106300354, {'accuracy': 0.1136}
[2025-01-07 13:39:38,662][flwr][INFO] - 
[2025-01-07 13:39:38,662][flwr][INFO] - [ROUND 1]
[2025-01-07 13:39:38,662][flwr][INFO] - configure_fit: strategy sampled 2 clients (out of 5)
[2025-01-07 13:39:57,451][flwr][INFO] - aggregate_fit: received 2 results and 0 failures
[2025-01-07 13:39:57,455][flwr][WARNING] - No fit_metrics_aggregation_fn provided
[2025-01-07 13:39:59,161][flwr][INFO] - fit progress: (1, 181.9783115386963, {'accuracy': 0.1136}, 20.499367765998613)
[2025-01-07 13:39:59,161][flwr][INFO] - configure_evaluate: strategy sampled 3 clients (out of 5)
[2025-01-07 13:40:01,405][flwr][INFO] - aggregate_evaluate: received 3 results and 0 failures
[2025-01-07 13:40:01,405][flwr][WARNING] - No evaluate_metrics_aggregation_fn provided
[2025-01-07 13:40:01,405][flwr][INFO] - 
[2025-01-07 13:40:01,405][flwr][INFO] - [ROUND 2]
[2025-01-07 13:40:01,405][flwr][INFO] - configure_fit: strategy sampled 2 clients (out of 5)
[2025-01-07 13:40:17,220][flwr][INFO] - aggregate_fit: received 2 results and 0 failures
[2025-01-07 13:40:18,301][flwr][INFO] - fit progress: (2, 181.90799617767334, {'accuracy': 0.101}, 39.63963928099838)
[2025-01-07 13:40:18,302][flwr][INFO] - configure_evaluate: strategy sampled 3 clients (out of 5)
[2025-01-07 13:40:18,934][flwr][INFO] - aggregate_evaluate: received 3 results and 0 failures
[2025-01-07 13:40:18,935][flwr][INFO] - 
[2025-01-07 13:40:18,935][flwr][INFO] - [ROUND 3]
[2025-01-07 13:40:18,935][flwr][INFO] - configure_fit: strategy sampled 2 clients (out of 5)
[2025-01-07 13:40:34,237][flwr][INFO] - aggregate_fit: received 2 results and 0 failures
[2025-01-07 13:40:35,880][flwr][INFO] - fit progress: (3, 182.01712322235107, {'accuracy': 0.1135}, 57.21788862299945)
[2025-01-07 13:40:35,880][flwr][INFO] - configure_evaluate: strategy sampled 3 clients (out of 5)
[2025-01-07 13:40:36,488][flwr][INFO] - aggregate_evaluate: received 3 results and 0 failures
[2025-01-07 13:40:36,488][flwr][INFO] - 
[2025-01-07 13:40:36,488][flwr][INFO] - [ROUND 4]
[2025-01-07 13:40:36,489][flwr][INFO] - configure_fit: strategy sampled 2 clients (out of 5)
[2025-01-07 13:40:51,946][flwr][INFO] - aggregate_fit: received 2 results and 0 failures
[2025-01-07 13:40:53,439][flwr][INFO] - fit progress: (4, 182.4741382598877, {'accuracy': 0.1009}, 74.77697576999708)
[2025-01-07 13:40:53,439][flwr][INFO] - configure_evaluate: strategy sampled 3 clients (out of 5)
[2025-01-07 13:40:54,080][flwr][INFO] - aggregate_evaluate: received 3 results and 0 failures
[2025-01-07 13:40:54,080][flwr][INFO] - 
[2025-01-07 13:40:54,081][flwr][INFO] - [ROUND 5]
[2025-01-07 13:40:54,081][flwr][INFO] - configure_fit: strategy sampled 2 clients (out of 5)
[2025-01-07 13:41:09,534][flwr][INFO] - aggregate_fit: received 2 results and 0 failures
[2025-01-07 13:41:10,875][flwr][INFO] - fit progress: (5, 181.90429878234863, {'accuracy': 0.1135}, 92.21332718399935)
[2025-01-07 13:41:10,875][flwr][INFO] - configure_evaluate: strategy sampled 3 clients (out of 5)
[2025-01-07 13:41:11,517][flwr][INFO] - aggregate_evaluate: received 3 results and 0 failures
[2025-01-07 13:41:11,517][flwr][INFO] - 
[2025-01-07 13:41:11,517][flwr][INFO] - [SUMMARY]
[2025-01-07 13:41:11,517][flwr][INFO] - Run finished 5 round(s) in 92.86s
[2025-01-07 13:41:11,518][flwr][INFO] - 	History (loss, distributed):
[2025-01-07 13:41:11,518][flwr][INFO] - 		round 1: 87.4670615196228
[2025-01-07 13:41:11,518][flwr][INFO] - 		round 2: 87.50127863883972
[2025-01-07 13:41:11,518][flwr][INFO] - 		round 3: 87.49190751711528
[2025-01-07 13:41:11,518][flwr][INFO] - 		round 4: 87.72920529047649
[2025-01-07 13:41:11,518][flwr][INFO] - 		round 5: 87.52160334587097
[2025-01-07 13:41:11,518][flwr][INFO] - 	History (loss, centralized):
[2025-01-07 13:41:11,518][flwr][INFO] - 		round 0: 181.64211106300354
[2025-01-07 13:41:11,518][flwr][INFO] - 		round 1: 181.9783115386963
[2025-01-07 13:41:11,518][flwr][INFO] - 		round 2: 181.90799617767334
[2025-01-07 13:41:11,518][flwr][INFO] - 		round 3: 182.01712322235107
[2025-01-07 13:41:11,518][flwr][INFO] - 		round 4: 182.4741382598877
[2025-01-07 13:41:11,518][flwr][INFO] - 		round 5: 181.90429878234863
[2025-01-07 13:41:11,518][flwr][INFO] - 	History (metrics, centralized):
[2025-01-07 13:41:11,518][flwr][INFO] - 	{'accuracy': [(0, 0.1136),
[2025-01-07 13:41:11,518][flwr][INFO] - 	              (1, 0.1136),
[2025-01-07 13:41:11,518][flwr][INFO] - 	              (2, 0.101),
[2025-01-07 13:41:11,518][flwr][INFO] - 	              (3, 0.1135),
[2025-01-07 13:41:11,518][flwr][INFO] - 	              (4, 0.1009),
[2025-01-07 13:41:11,519][flwr][INFO] - 	              (5, 0.1135)]}
[2025-01-07 13:41:11,519][flwr][INFO] - 
