[2024-12-31 15:46:52,929][flwr][INFO] - Starting Flower simulation, config: num_rounds=10, no round_timeout
[2024-12-31 15:46:56,689][flwr][INFO] - Flower VCE: Ray initialized with resources: {'node:__internal_head__': 1.0, 'node:192.168.1.11': 1.0, 'CPU': 12.0, 'memory': 5475451700.0, 'object_store_memory': 2737725849.0}
[2024-12-31 15:46:56,689][flwr][INFO] - Optimize your simulation with Flower VCE: https://flower.ai/docs/framework/how-to-run-simulations.html
[2024-12-31 15:46:56,689][flwr][INFO] - Flower VCE: Resources for each Virtual Client: {'num_cpus': 2, 'num_gpus': 0}
[2024-12-31 15:46:56,709][flwr][INFO] - Flower VCE: Creating VirtualClientEngineActorPool with 6 actors
[2024-12-31 15:46:56,709][flwr][INFO] - [INIT]
[2024-12-31 15:46:56,710][flwr][INFO] - Using initial global parameters provided by strategy
[2024-12-31 15:46:56,710][flwr][INFO] - Starting evaluation of initial global parameters
[2024-12-31 15:47:00,153][flwr][INFO] - initial parameters (loss, other metrics): 182.26321625709534, {'accuracy': 0.1137}
[2024-12-31 15:47:00,154][flwr][INFO] - 
[2024-12-31 15:47:00,154][flwr][INFO] - [ROUND 1]
[2024-12-31 15:47:00,154][flwr][INFO] - configure_fit: strategy sampled 2 clients (out of 10)
[2024-12-31 15:47:11,382][flwr][INFO] - aggregate_fit: received 2 results and 0 failures
[2024-12-31 15:47:11,388][flwr][WARNING] - No fit_metrics_aggregation_fn provided
[2024-12-31 15:47:12,998][flwr][INFO] - fit progress: (1, 181.92248368263245, {'accuracy': 0.1135}, 12.844139299006201)
[2024-12-31 15:47:12,998][flwr][INFO] - configure_evaluate: strategy sampled 5 clients (out of 10)
[2024-12-31 15:47:16,913][flwr][INFO] - aggregate_evaluate: received 5 results and 0 failures
[2024-12-31 15:47:16,914][flwr][WARNING] - No evaluate_metrics_aggregation_fn provided
[2024-12-31 15:47:16,914][flwr][INFO] - 
[2024-12-31 15:47:16,914][flwr][INFO] - [ROUND 2]
[2024-12-31 15:47:16,914][flwr][INFO] - configure_fit: strategy sampled 2 clients (out of 10)
[2024-12-31 15:47:25,977][flwr][INFO] - aggregate_fit: received 2 results and 0 failures
[2024-12-31 15:47:27,913][flwr][INFO] - fit progress: (2, 182.30797743797302, {'accuracy': 0.1135}, 27.759864176005067)
[2024-12-31 15:47:27,914][flwr][INFO] - configure_evaluate: strategy sampled 5 clients (out of 10)
[2024-12-31 15:47:28,628][flwr][INFO] - aggregate_evaluate: received 5 results and 0 failures
[2024-12-31 15:47:28,628][flwr][INFO] - 
[2024-12-31 15:47:28,628][flwr][INFO] - [ROUND 3]
[2024-12-31 15:47:28,629][flwr][INFO] - configure_fit: strategy sampled 2 clients (out of 10)
[2024-12-31 15:47:37,846][flwr][INFO] - aggregate_fit: received 2 results and 0 failures
[2024-12-31 15:47:40,128][flwr][INFO] - fit progress: (3, 183.016747713089, {'accuracy': 0.0892}, 39.974435797004844)
[2024-12-31 15:47:40,128][flwr][INFO] - configure_evaluate: strategy sampled 5 clients (out of 10)
[2024-12-31 15:47:40,828][flwr][INFO] - aggregate_evaluate: received 5 results and 0 failures
[2024-12-31 15:47:40,828][flwr][INFO] - 
[2024-12-31 15:47:40,828][flwr][INFO] - [ROUND 4]
[2024-12-31 15:47:40,828][flwr][INFO] - configure_fit: strategy sampled 2 clients (out of 10)
[2024-12-31 15:47:50,610][flwr][INFO] - aggregate_fit: received 2 results and 0 failures
[2024-12-31 15:47:52,862][flwr][INFO] - fit progress: (4, 182.4147012233734, {'accuracy': 0.0974}, 52.708937451003294)
[2024-12-31 15:47:52,863][flwr][INFO] - configure_evaluate: strategy sampled 5 clients (out of 10)
[2024-12-31 15:47:53,691][flwr][INFO] - aggregate_evaluate: received 5 results and 0 failures
[2024-12-31 15:47:53,691][flwr][INFO] - 
[2024-12-31 15:47:53,691][flwr][INFO] - [ROUND 5]
[2024-12-31 15:47:53,692][flwr][INFO] - configure_fit: strategy sampled 2 clients (out of 10)
[2024-12-31 15:48:03,732][flwr][INFO] - aggregate_fit: received 2 results and 0 failures
[2024-12-31 15:48:06,353][flwr][INFO] - fit progress: (5, 182.26899647712708, {'accuracy': 0.1028}, 66.19938721500512)
[2024-12-31 15:48:06,353][flwr][INFO] - configure_evaluate: strategy sampled 5 clients (out of 10)
[2024-12-31 15:48:07,092][flwr][INFO] - aggregate_evaluate: received 5 results and 0 failures
[2024-12-31 15:48:07,092][flwr][INFO] - 
[2024-12-31 15:48:07,093][flwr][INFO] - [ROUND 6]
[2024-12-31 15:48:07,093][flwr][INFO] - configure_fit: strategy sampled 2 clients (out of 10)
[2024-12-31 15:48:17,202][flwr][INFO] - aggregate_fit: received 2 results and 0 failures
[2024-12-31 15:48:19,698][flwr][INFO] - fit progress: (6, 182.26292967796326, {'accuracy': 0.1028}, 79.5440969850024)
[2024-12-31 15:48:19,698][flwr][INFO] - configure_evaluate: strategy sampled 5 clients (out of 10)
[2024-12-31 15:48:20,447][flwr][INFO] - aggregate_evaluate: received 5 results and 0 failures
[2024-12-31 15:48:20,447][flwr][INFO] - 
[2024-12-31 15:48:20,447][flwr][INFO] - [ROUND 7]
[2024-12-31 15:48:20,448][flwr][INFO] - configure_fit: strategy sampled 2 clients (out of 10)
[2024-12-31 15:48:30,732][flwr][INFO] - aggregate_fit: received 2 results and 0 failures
[2024-12-31 15:48:32,245][flwr][INFO] - fit progress: (7, 182.03110218048096, {'accuracy': 0.1135}, 92.09151794000354)
[2024-12-31 15:48:32,245][flwr][INFO] - configure_evaluate: strategy sampled 5 clients (out of 10)
[2024-12-31 15:48:33,088][flwr][INFO] - aggregate_evaluate: received 5 results and 0 failures
[2024-12-31 15:48:33,089][flwr][INFO] - 
[2024-12-31 15:48:33,089][flwr][INFO] - [ROUND 8]
[2024-12-31 15:48:33,089][flwr][INFO] - configure_fit: strategy sampled 2 clients (out of 10)
[2024-12-31 15:48:42,751][flwr][INFO] - aggregate_fit: received 2 results and 0 failures
[2024-12-31 15:48:44,713][flwr][INFO] - fit progress: (8, 182.85954451560974, {'accuracy': 0.098}, 104.55914782800392)
[2024-12-31 15:48:44,713][flwr][INFO] - configure_evaluate: strategy sampled 5 clients (out of 10)
[2024-12-31 15:48:45,507][flwr][INFO] - aggregate_evaluate: received 5 results and 0 failures
[2024-12-31 15:48:45,507][flwr][INFO] - 
[2024-12-31 15:48:45,508][flwr][INFO] - [ROUND 9]
[2024-12-31 15:48:45,508][flwr][INFO] - configure_fit: strategy sampled 2 clients (out of 10)
[2024-12-31 15:48:55,762][flwr][INFO] - aggregate_fit: received 2 results and 0 failures
[2024-12-31 15:48:57,566][flwr][INFO] - fit progress: (9, 182.1440589427948, {'accuracy': 0.1028}, 117.41287335200468)
[2024-12-31 15:48:57,567][flwr][INFO] - configure_evaluate: strategy sampled 5 clients (out of 10)
[2024-12-31 15:48:58,362][flwr][INFO] - aggregate_evaluate: received 5 results and 0 failures
[2024-12-31 15:48:58,362][flwr][INFO] - 
[2024-12-31 15:48:58,363][flwr][INFO] - [ROUND 10]
[2024-12-31 15:48:58,363][flwr][INFO] - configure_fit: strategy sampled 2 clients (out of 10)
[2024-12-31 15:49:08,854][flwr][INFO] - aggregate_fit: received 2 results and 0 failures
[2024-12-31 15:49:11,046][flwr][INFO] - fit progress: (10, 182.94819855690002, {'accuracy': 0.1135}, 130.89219581600628)
[2024-12-31 15:49:11,046][flwr][INFO] - configure_evaluate: strategy sampled 5 clients (out of 10)
[2024-12-31 15:49:11,889][flwr][INFO] - aggregate_evaluate: received 5 results and 0 failures
[2024-12-31 15:49:11,889][flwr][INFO] - 
[2024-12-31 15:49:11,890][flwr][INFO] - [SUMMARY]
[2024-12-31 15:49:11,890][flwr][INFO] - Run finished 10 round(s) in 131.74s
[2024-12-31 15:49:11,890][flwr][INFO] - 	History (loss, distributed):
[2024-12-31 15:49:11,890][flwr][INFO] - 		round 1: 43.78679718971252
[2024-12-31 15:49:11,891][flwr][INFO] - 		round 2: 43.76900081634521
[2024-12-31 15:49:11,891][flwr][INFO] - 		round 3: 43.980699110031125
[2024-12-31 15:49:11,891][flwr][INFO] - 		round 4: 43.86363158226013
[2024-12-31 15:49:11,891][flwr][INFO] - 		round 5: 43.85579586029053
[2024-12-31 15:49:11,891][flwr][INFO] - 		round 6: 43.85339093208313
[2024-12-31 15:49:11,891][flwr][INFO] - 		round 7: 43.7875720500946
[2024-12-31 15:49:11,891][flwr][INFO] - 		round 8: 44.05502409934998
[2024-12-31 15:49:11,891][flwr][INFO] - 		round 9: 43.76463146209717
[2024-12-31 15:49:11,891][flwr][INFO] - 		round 10: 43.942246770858766
[2024-12-31 15:49:11,892][flwr][INFO] - 	History (loss, centralized):
[2024-12-31 15:49:11,892][flwr][INFO] - 		round 0: 182.26321625709534
[2024-12-31 15:49:11,892][flwr][INFO] - 		round 1: 181.92248368263245
[2024-12-31 15:49:11,892][flwr][INFO] - 		round 2: 182.30797743797302
[2024-12-31 15:49:11,892][flwr][INFO] - 		round 3: 183.016747713089
[2024-12-31 15:49:11,892][flwr][INFO] - 		round 4: 182.4147012233734
[2024-12-31 15:49:11,892][flwr][INFO] - 		round 5: 182.26899647712708
[2024-12-31 15:49:11,892][flwr][INFO] - 		round 6: 182.26292967796326
[2024-12-31 15:49:11,892][flwr][INFO] - 		round 7: 182.03110218048096
[2024-12-31 15:49:11,893][flwr][INFO] - 		round 8: 182.85954451560974
[2024-12-31 15:49:11,893][flwr][INFO] - 		round 9: 182.1440589427948
[2024-12-31 15:49:11,893][flwr][INFO] - 		round 10: 182.94819855690002
[2024-12-31 15:49:11,893][flwr][INFO] - 	History (metrics, centralized):
[2024-12-31 15:49:11,893][flwr][INFO] - 	{'accuracy': [(0, 0.1137),
[2024-12-31 15:49:11,893][flwr][INFO] - 	              (1, 0.1135),
[2024-12-31 15:49:11,893][flwr][INFO] - 	              (2, 0.1135),
[2024-12-31 15:49:11,893][flwr][INFO] - 	              (3, 0.0892),
[2024-12-31 15:49:11,893][flwr][INFO] - 	              (4, 0.0974),
[2024-12-31 15:49:11,893][flwr][INFO] - 	              (5, 0.1028),
[2024-12-31 15:49:11,893][flwr][INFO] - 	              (6, 0.1028),
[2024-12-31 15:49:11,894][flwr][INFO] - 	              (7, 0.1135),
[2024-12-31 15:49:11,894][flwr][INFO] - 	              (8, 0.098),
[2024-12-31 15:49:11,894][flwr][INFO] - 	              (9, 0.1028),
[2024-12-31 15:49:11,894][flwr][INFO] - 	              (10, 0.1135)]}
[2024-12-31 15:49:11,894][flwr][INFO] - 
