[2024-12-30 23:25:57,798][flwr][INFO] - Starting Flower simulation, config: num_rounds=10, no round_timeout
[2024-12-30 23:26:01,423][flwr][INFO] - Flower VCE: Ray initialized with resources: {'node:__internal_head__': 1.0, 'node:192.168.1.11': 1.0, 'CPU': 12.0, 'object_store_memory': 3041314406.0, 'memory': 6082628814.0}
[2024-12-30 23:26:01,423][flwr][INFO] - Optimize your simulation with Flower VCE: https://flower.ai/docs/framework/how-to-run-simulations.html
[2024-12-30 23:26:01,423][flwr][INFO] - Flower VCE: Resources for each Virtual Client: {'num_cpus': 2, 'num_gpus': 0}
[2024-12-30 23:26:01,438][flwr][INFO] - Flower VCE: Creating VirtualClientEngineActorPool with 6 actors
[2024-12-30 23:26:01,438][flwr][INFO] - [INIT]
[2024-12-30 23:26:01,438][flwr][INFO] - Using initial global parameters provided by strategy
[2024-12-30 23:26:01,438][flwr][INFO] - Starting evaluation of initial global parameters
[2024-12-30 23:26:04,648][flwr][INFO] - initial parameters (loss, other metrics): 182.29885172843933, {'accuracy': 0.0982}
[2024-12-30 23:26:04,649][flwr][INFO] - 
[2024-12-30 23:26:04,649][flwr][INFO] - [ROUND 1]
[2024-12-30 23:26:04,652][flwr][INFO] - configure_fit: strategy sampled 2 clients (out of 10)
[2024-12-30 23:26:12,580][flwr][INFO] - aggregate_fit: received 2 results and 0 failures
[2024-12-30 23:26:14,400][flwr][WARNING] - No fit_metrics_aggregation_fn provided
[2024-12-30 23:26:15,908][flwr][INFO] - fit progress: (1, 37.25241385400295, {'accuracy': 0.9525}, 11.259186962000967)
[2024-12-30 23:26:15,908][flwr][INFO] - configure_evaluate: strategy sampled 2 clients (out of 10)
[2024-12-30 23:26:16,334][flwr][INFO] - aggregate_evaluate: received 2 results and 0 failures
[2024-12-30 23:26:16,334][flwr][WARNING] - No evaluate_metrics_aggregation_fn provided
[2024-12-30 23:26:16,334][flwr][INFO] - 
[2024-12-30 23:26:16,335][flwr][INFO] - [ROUND 2]
[2024-12-30 23:26:16,337][flwr][INFO] - configure_fit: strategy sampled 2 clients (out of 10)
[2024-12-30 23:26:22,013][flwr][INFO] - aggregate_fit: received 2 results and 0 failures
[2024-12-30 23:26:25,440][flwr][INFO] - fit progress: (2, 7.285535054048523, {'accuracy': 0.9715}, 20.791218956001103)
[2024-12-30 23:26:25,441][flwr][INFO] - configure_evaluate: strategy sampled 2 clients (out of 10)
[2024-12-30 23:26:25,838][flwr][INFO] - aggregate_evaluate: received 2 results and 0 failures
[2024-12-30 23:26:25,839][flwr][INFO] - 
[2024-12-30 23:26:25,839][flwr][INFO] - [ROUND 3]
[2024-12-30 23:26:25,842][flwr][INFO] - configure_fit: strategy sampled 2 clients (out of 10)
[2024-12-30 23:26:31,434][flwr][INFO] - aggregate_fit: received 2 results and 0 failures
[2024-12-30 23:26:35,473][flwr][INFO] - fit progress: (3, 5.309943393920548, {'accuracy': 0.9779}, 30.824348201000248)
[2024-12-30 23:26:35,473][flwr][INFO] - configure_evaluate: strategy sampled 2 clients (out of 10)
[2024-12-30 23:26:35,881][flwr][INFO] - aggregate_evaluate: received 2 results and 0 failures
[2024-12-30 23:26:35,882][flwr][INFO] - 
[2024-12-30 23:26:35,882][flwr][INFO] - [ROUND 4]
[2024-12-30 23:26:35,885][flwr][INFO] - configure_fit: strategy sampled 2 clients (out of 10)
[2024-12-30 23:26:41,368][flwr][INFO] - aggregate_fit: received 2 results and 0 failures
[2024-12-30 23:26:44,645][flwr][INFO] - fit progress: (4, 4.512012369057629, {'accuracy': 0.9815}, 39.996207275002234)
[2024-12-30 23:26:44,645][flwr][INFO] - configure_evaluate: strategy sampled 2 clients (out of 10)
[2024-12-30 23:26:45,031][flwr][INFO] - aggregate_evaluate: received 2 results and 0 failures
[2024-12-30 23:26:45,031][flwr][INFO] - 
[2024-12-30 23:26:45,031][flwr][INFO] - [ROUND 5]
[2024-12-30 23:26:45,034][flwr][INFO] - configure_fit: strategy sampled 2 clients (out of 10)
[2024-12-30 23:26:50,630][flwr][INFO] - aggregate_fit: received 2 results and 0 failures
[2024-12-30 23:26:54,027][flwr][INFO] - fit progress: (5, 3.9412038951268187, {'accuracy': 0.9824}, 49.37791620200005)
[2024-12-30 23:26:54,027][flwr][INFO] - configure_evaluate: strategy sampled 2 clients (out of 10)
[2024-12-30 23:26:54,431][flwr][INFO] - aggregate_evaluate: received 2 results and 0 failures
[2024-12-30 23:26:54,431][flwr][INFO] - 
[2024-12-30 23:26:54,431][flwr][INFO] - [ROUND 6]
[2024-12-30 23:26:54,434][flwr][INFO] - configure_fit: strategy sampled 2 clients (out of 10)
[2024-12-30 23:27:00,270][flwr][INFO] - aggregate_fit: received 2 results and 0 failures
[2024-12-30 23:27:03,478][flwr][INFO] - fit progress: (6, 3.66066249585856, {'accuracy': 0.9854}, 58.829210878000595)
[2024-12-30 23:27:03,478][flwr][INFO] - configure_evaluate: strategy sampled 2 clients (out of 10)
[2024-12-30 23:27:03,856][flwr][INFO] - aggregate_evaluate: received 2 results and 0 failures
[2024-12-30 23:27:03,856][flwr][INFO] - 
[2024-12-30 23:27:03,856][flwr][INFO] - [ROUND 7]
[2024-12-30 23:27:03,860][flwr][INFO] - configure_fit: strategy sampled 2 clients (out of 10)
[2024-12-30 23:27:09,623][flwr][INFO] - aggregate_fit: received 2 results and 0 failures
[2024-12-30 23:27:12,735][flwr][INFO] - fit progress: (7, 3.4217429055061075, {'accuracy': 0.9858}, 68.08590660700065)
[2024-12-30 23:27:12,735][flwr][INFO] - configure_evaluate: strategy sampled 2 clients (out of 10)
[2024-12-30 23:27:13,141][flwr][INFO] - aggregate_evaluate: received 2 results and 0 failures
[2024-12-30 23:27:13,141][flwr][INFO] - 
[2024-12-30 23:27:13,141][flwr][INFO] - [ROUND 8]
[2024-12-30 23:27:13,144][flwr][INFO] - configure_fit: strategy sampled 2 clients (out of 10)
[2024-12-30 23:27:18,781][flwr][INFO] - aggregate_fit: received 2 results and 0 failures
[2024-12-30 23:27:22,077][flwr][INFO] - fit progress: (8, 3.3330677877493144, {'accuracy': 0.9856}, 77.42797317200166)
[2024-12-30 23:27:22,077][flwr][INFO] - configure_evaluate: strategy sampled 2 clients (out of 10)
[2024-12-30 23:27:22,425][flwr][INFO] - aggregate_evaluate: received 2 results and 0 failures
[2024-12-30 23:27:22,425][flwr][INFO] - 
[2024-12-30 23:27:22,425][flwr][INFO] - [ROUND 9]
[2024-12-30 23:27:22,429][flwr][INFO] - configure_fit: strategy sampled 2 clients (out of 10)
[2024-12-30 23:27:27,941][flwr][INFO] - aggregate_fit: received 2 results and 0 failures
[2024-12-30 23:27:31,501][flwr][INFO] - fit progress: (9, 3.0446994712510786, {'accuracy': 0.987}, 86.85224064000067)
[2024-12-30 23:27:31,501][flwr][INFO] - configure_evaluate: strategy sampled 2 clients (out of 10)
[2024-12-30 23:27:31,849][flwr][INFO] - aggregate_evaluate: received 2 results and 0 failures
[2024-12-30 23:27:31,849][flwr][INFO] - 
[2024-12-30 23:27:31,850][flwr][INFO] - [ROUND 10]
[2024-12-30 23:27:31,853][flwr][INFO] - configure_fit: strategy sampled 2 clients (out of 10)
[2024-12-30 23:27:37,466][flwr][INFO] - aggregate_fit: received 2 results and 0 failures
[2024-12-30 23:27:41,142][flwr][INFO] - fit progress: (10, 2.9516721809541195, {'accuracy': 0.9873}, 96.49360240000169)
[2024-12-30 23:27:41,143][flwr][INFO] - configure_evaluate: strategy sampled 2 clients (out of 10)
[2024-12-30 23:27:41,538][flwr][INFO] - aggregate_evaluate: received 2 results and 0 failures
[2024-12-30 23:27:41,539][flwr][INFO] - 
[2024-12-30 23:27:41,539][flwr][INFO] - [SUMMARY]
[2024-12-30 23:27:41,539][flwr][INFO] - Run finished 10 round(s) in 96.89s
[2024-12-30 23:27:41,539][flwr][INFO] - 	History (loss, distributed):
[2024-12-30 23:27:41,539][flwr][INFO] - 		round 1: 9.544918641448021
[2024-12-30 23:27:41,540][flwr][INFO] - 		round 2: 1.7433658130466938
[2024-12-30 23:27:41,540][flwr][INFO] - 		round 3: 1.784215688938275
[2024-12-30 23:27:41,540][flwr][INFO] - 		round 4: 1.6737532599363476
[2024-12-30 23:27:41,540][flwr][INFO] - 		round 5: 1.427431446092669
[2024-12-30 23:27:41,540][flwr][INFO] - 		round 6: 0.9735557191306725
[2024-12-30 23:27:41,540][flwr][INFO] - 		round 7: 1.2202939024064108
[2024-12-30 23:27:41,540][flwr][INFO] - 		round 8: 0.8899890971442801
[2024-12-30 23:27:41,540][flwr][INFO] - 		round 9: 1.0414263742713956
[2024-12-30 23:27:41,540][flwr][INFO] - 		round 10: 1.3632484136614949
[2024-12-30 23:27:41,540][flwr][INFO] - 	History (loss, centralized):
[2024-12-30 23:27:41,540][flwr][INFO] - 		round 0: 182.29885172843933
[2024-12-30 23:27:41,541][flwr][INFO] - 		round 1: 37.25241385400295
[2024-12-30 23:27:41,541][flwr][INFO] - 		round 2: 7.285535054048523
[2024-12-30 23:27:41,541][flwr][INFO] - 		round 3: 5.309943393920548
[2024-12-30 23:27:41,541][flwr][INFO] - 		round 4: 4.512012369057629
[2024-12-30 23:27:41,541][flwr][INFO] - 		round 5: 3.9412038951268187
[2024-12-30 23:27:41,541][flwr][INFO] - 		round 6: 3.66066249585856
[2024-12-30 23:27:41,541][flwr][INFO] - 		round 7: 3.4217429055061075
[2024-12-30 23:27:41,541][flwr][INFO] - 		round 8: 3.3330677877493144
[2024-12-30 23:27:41,541][flwr][INFO] - 		round 9: 3.0446994712510786
[2024-12-30 23:27:41,541][flwr][INFO] - 		round 10: 2.9516721809541195
[2024-12-30 23:27:41,541][flwr][INFO] - 	History (metrics, centralized):
[2024-12-30 23:27:41,542][flwr][INFO] - 	{'accuracy': [(0, 0.0982),
[2024-12-30 23:27:41,542][flwr][INFO] - 	              (1, 0.9525),
[2024-12-30 23:27:41,542][flwr][INFO] - 	              (2, 0.9715),
[2024-12-30 23:27:41,542][flwr][INFO] - 	              (3, 0.9779),
[2024-12-30 23:27:41,542][flwr][INFO] - 	              (4, 0.9815),
[2024-12-30 23:27:41,542][flwr][INFO] - 	              (5, 0.9824),
[2024-12-30 23:27:41,542][flwr][INFO] - 	              (6, 0.9854),
[2024-12-30 23:27:41,542][flwr][INFO] - 	              (7, 0.9858),
[2024-12-30 23:27:41,542][flwr][INFO] - 	              (8, 0.9856),
[2024-12-30 23:27:41,542][flwr][INFO] - 	              (9, 0.987),
[2024-12-30 23:27:41,542][flwr][INFO] - 	              (10, 0.9873)]}
[2024-12-30 23:27:41,543][flwr][INFO] - 
