[2025-01-07 13:36:40,330][flwr][INFO] - Starting Flower simulation, config: num_rounds=5, no round_timeout
[2025-01-07 13:36:43,820][flwr][INFO] - Flower VCE: Ray initialized with resources: {'node:__internal_head__': 1.0, 'memory': 6429069312.0, 'object_store_memory': 3214534656.0, 'CPU': 12.0, 'node:192.168.1.11': 1.0}
[2025-01-07 13:36:43,821][flwr][INFO] - Optimize your simulation with Flower VCE: https://flower.ai/docs/framework/how-to-run-simulations.html
[2025-01-07 13:36:43,821][flwr][INFO] - Flower VCE: Resources for each Virtual Client: {'num_cpus': 2, 'num_gpus': 0}
[2025-01-07 13:36:43,828][flwr][INFO] - Flower VCE: Creating VirtualClientEngineActorPool with 6 actors
[2025-01-07 13:36:43,829][flwr][INFO] - [INIT]
[2025-01-07 13:36:43,829][flwr][INFO] - Requesting initial parameters from one random client
[2025-01-07 13:36:46,140][flwr][INFO] - Received initial parameters from one random client
[2025-01-07 13:36:46,141][flwr][INFO] - Starting evaluation of initial global parameters
[2025-01-07 13:36:47,460][flwr][INFO] - initial parameters (loss, other metrics): 181.72839784622192, {'accuracy': 0.089}
[2025-01-07 13:36:47,460][flwr][INFO] - 
[2025-01-07 13:36:47,460][flwr][INFO] - [ROUND 1]
[2025-01-07 13:36:47,461][flwr][INFO] - configure_fit: strategy sampled 2 clients (out of 5)
[2025-01-07 13:37:05,920][flwr][INFO] - aggregate_fit: received 2 results and 0 failures
[2025-01-07 13:37:05,923][flwr][WARNING] - No fit_metrics_aggregation_fn provided
[2025-01-07 13:37:07,106][flwr][INFO] - fit progress: (1, 118.6188393831253, {'accuracy': 0.6783}, 19.645739824001794)
[2025-01-07 13:37:07,106][flwr][INFO] - configure_evaluate: strategy sampled 3 clients (out of 5)
[2025-01-07 13:37:09,518][flwr][INFO] - aggregate_evaluate: received 3 results and 0 failures
[2025-01-07 13:37:09,518][flwr][WARNING] - No evaluate_metrics_aggregation_fn provided
[2025-01-07 13:37:09,518][flwr][INFO] - 
[2025-01-07 13:37:09,518][flwr][INFO] - [ROUND 2]
[2025-01-07 13:37:09,518][flwr][INFO] - configure_fit: strategy sampled 2 clients (out of 5)
[2025-01-07 13:37:25,566][flwr][INFO] - aggregate_fit: received 2 results and 0 failures
[2025-01-07 13:37:26,662][flwr][INFO] - fit progress: (2, 309.6167747974396, {'accuracy': 0.167}, 39.202155495000625)
[2025-01-07 13:37:26,663][flwr][INFO] - configure_evaluate: strategy sampled 3 clients (out of 5)
[2025-01-07 13:37:27,298][flwr][INFO] - aggregate_evaluate: received 3 results and 0 failures
[2025-01-07 13:37:27,299][flwr][INFO] - 
[2025-01-07 13:37:27,299][flwr][INFO] - [ROUND 3]
[2025-01-07 13:37:27,299][flwr][INFO] - configure_fit: strategy sampled 2 clients (out of 5)
[2025-01-07 13:37:44,629][flwr][INFO] - aggregate_fit: received 2 results and 0 failures
[2025-01-07 13:37:45,999][flwr][INFO] - fit progress: (3, 194.5693335533142, {'accuracy': 0.1368}, 58.539085225002054)
[2025-01-07 13:37:45,999][flwr][INFO] - configure_evaluate: strategy sampled 3 clients (out of 5)
[2025-01-07 13:37:46,583][flwr][INFO] - aggregate_evaluate: received 3 results and 0 failures
[2025-01-07 13:37:46,583][flwr][INFO] - 
[2025-01-07 13:37:46,584][flwr][INFO] - [ROUND 4]
[2025-01-07 13:37:46,584][flwr][INFO] - configure_fit: strategy sampled 2 clients (out of 5)
[2025-01-07 13:38:02,765][flwr][INFO] - aggregate_fit: received 2 results and 0 failures
[2025-01-07 13:38:04,054][flwr][INFO] - fit progress: (4, 182.21337008476257, {'accuracy': 0.1135}, 76.59343765800077)
[2025-01-07 13:38:04,054][flwr][INFO] - configure_evaluate: strategy sampled 3 clients (out of 5)
[2025-01-07 13:38:04,637][flwr][INFO] - aggregate_evaluate: received 3 results and 0 failures
[2025-01-07 13:38:04,637][flwr][INFO] - 
[2025-01-07 13:38:04,637][flwr][INFO] - [ROUND 5]
[2025-01-07 13:38:04,637][flwr][INFO] - configure_fit: strategy sampled 2 clients (out of 5)
[2025-01-07 13:38:20,041][flwr][INFO] - aggregate_fit: received 2 results and 0 failures
[2025-01-07 13:38:21,511][flwr][INFO] - fit progress: (5, 181.9993236064911, {'accuracy': 0.1028}, 94.05059312799858)
[2025-01-07 13:38:21,511][flwr][INFO] - configure_evaluate: strategy sampled 3 clients (out of 5)
[2025-01-07 13:38:22,104][flwr][INFO] - aggregate_evaluate: received 3 results and 0 failures
[2025-01-07 13:38:22,104][flwr][INFO] - 
[2025-01-07 13:38:22,105][flwr][INFO] - [SUMMARY]
[2025-01-07 13:38:22,105][flwr][INFO] - Run finished 5 round(s) in 94.64s
[2025-01-07 13:38:22,105][flwr][INFO] - 	History (loss, distributed):
[2025-01-07 13:38:22,105][flwr][INFO] - 		round 1: 57.46932037671407
[2025-01-07 13:38:22,105][flwr][INFO] - 		round 2: 147.7039132118225
[2025-01-07 13:38:22,105][flwr][INFO] - 		round 3: 94.90902924537659
[2025-01-07 13:38:22,105][flwr][INFO] - 		round 4: 87.62190000216167
[2025-01-07 13:38:22,105][flwr][INFO] - 		round 5: 87.5811317761739
[2025-01-07 13:38:22,105][flwr][INFO] - 	History (loss, centralized):
[2025-01-07 13:38:22,105][flwr][INFO] - 		round 0: 181.72839784622192
[2025-01-07 13:38:22,105][flwr][INFO] - 		round 1: 118.6188393831253
[2025-01-07 13:38:22,105][flwr][INFO] - 		round 2: 309.6167747974396
[2025-01-07 13:38:22,105][flwr][INFO] - 		round 3: 194.5693335533142
[2025-01-07 13:38:22,105][flwr][INFO] - 		round 4: 182.21337008476257
[2025-01-07 13:38:22,105][flwr][INFO] - 		round 5: 181.9993236064911
[2025-01-07 13:38:22,106][flwr][INFO] - 	History (metrics, centralized):
[2025-01-07 13:38:22,106][flwr][INFO] - 	{'accuracy': [(0, 0.089),
[2025-01-07 13:38:22,106][flwr][INFO] - 	              (1, 0.6783),
[2025-01-07 13:38:22,106][flwr][INFO] - 	              (2, 0.167),
[2025-01-07 13:38:22,106][flwr][INFO] - 	              (3, 0.1368),
[2025-01-07 13:38:22,106][flwr][INFO] - 	              (4, 0.1135),
[2025-01-07 13:38:22,106][flwr][INFO] - 	              (5, 0.1028)]}
[2025-01-07 13:38:22,106][flwr][INFO] - 
