[2025-01-07 20:10:08,127][flwr][INFO] - Starting Flower simulation, config: num_rounds=15, no round_timeout
[2025-01-07 20:10:11,671][flwr][INFO] - Flower VCE: Ray initialized with resources: {'node:__internal_head__': 1.0, 'node:192.168.1.11': 1.0, 'CPU': 12.0, 'object_store_memory': 3140596531.0, 'memory': 6281193063.0}
[2025-01-07 20:10:11,671][flwr][INFO] - Optimize your simulation with Flower VCE: https://flower.ai/docs/framework/how-to-run-simulations.html
[2025-01-07 20:10:11,671][flwr][INFO] - Flower VCE: Resources for each Virtual Client: {'num_cpus': 2, 'num_gpus': 0}
[2025-01-07 20:10:11,679][flwr][INFO] - Flower VCE: Creating VirtualClientEngineActorPool with 6 actors
[2025-01-07 20:10:11,680][flwr][INFO] - [INIT]
[2025-01-07 20:10:11,680][flwr][INFO] - Requesting initial parameters from one random client
[2025-01-07 20:10:14,379][flwr][INFO] - Received initial parameters from one random client
[2025-01-07 20:10:14,379][flwr][INFO] - Starting evaluation of initial global parameters
[2025-01-07 20:10:15,875][flwr][INFO] - initial parameters (loss, other metrics): 182.29077887535095, {'accuracy': 0.0765}
[2025-01-07 20:10:15,875][flwr][INFO] - 
[2025-01-07 20:10:15,875][flwr][INFO] - [ROUND 1]
[2025-01-07 20:10:15,876][flwr][INFO] - configure_fit: strategy sampled 2 clients (out of 5)
[2025-01-07 20:10:35,186][flwr][INFO] - aggregate_fit: received 2 results and 0 failures
[2025-01-07 20:10:35,190][flwr][WARNING] - No fit_metrics_aggregation_fn provided
[2025-01-07 20:10:36,404][flwr][INFO] - fit progress: (1, 182.19629168510437, {'accuracy': 0.1009}, 20.52845212200191)
[2025-01-07 20:10:36,404][flwr][INFO] - configure_evaluate: strategy sampled 5 clients (out of 5)
[2025-01-07 20:10:40,583][flwr][INFO] - aggregate_evaluate: received 5 results and 0 failures
[2025-01-07 20:10:40,583][flwr][WARNING] - No evaluate_metrics_aggregation_fn provided
[2025-01-07 20:10:40,583][flwr][INFO] - 
[2025-01-07 20:10:40,584][flwr][INFO] - [ROUND 2]
[2025-01-07 20:10:40,584][flwr][INFO] - configure_fit: strategy sampled 2 clients (out of 5)
[2025-01-07 20:10:54,549][flwr][INFO] - aggregate_fit: received 2 results and 0 failures
[2025-01-07 20:10:56,043][flwr][INFO] - fit progress: (2, 182.35145807266235, {'accuracy': 0.1135}, 40.16823299999669)
[2025-01-07 20:10:56,044][flwr][INFO] - configure_evaluate: strategy sampled 5 clients (out of 5)
[2025-01-07 20:10:57,151][flwr][INFO] - aggregate_evaluate: received 5 results and 0 failures
[2025-01-07 20:10:57,152][flwr][INFO] - 
[2025-01-07 20:10:57,152][flwr][INFO] - [ROUND 3]
[2025-01-07 20:10:57,152][flwr][INFO] - configure_fit: strategy sampled 2 clients (out of 5)
[2025-01-07 20:11:11,137][flwr][INFO] - aggregate_fit: received 2 results and 0 failures
[2025-01-07 20:11:12,837][flwr][INFO] - fit progress: (3, 182.09260416030884, {'accuracy': 0.1135}, 56.961728344998846)
[2025-01-07 20:11:12,837][flwr][INFO] - configure_evaluate: strategy sampled 5 clients (out of 5)
[2025-01-07 20:11:13,959][flwr][INFO] - aggregate_evaluate: received 5 results and 0 failures
[2025-01-07 20:11:13,959][flwr][INFO] - 
[2025-01-07 20:11:13,959][flwr][INFO] - [ROUND 4]
[2025-01-07 20:11:13,960][flwr][INFO] - configure_fit: strategy sampled 2 clients (out of 5)
[2025-01-07 20:11:27,774][flwr][INFO] - aggregate_fit: received 2 results and 0 failures
[2025-01-07 20:11:29,020][flwr][INFO] - fit progress: (4, 182.51390957832336, {'accuracy': 0.1135}, 73.1452934580011)
[2025-01-07 20:11:29,021][flwr][INFO] - configure_evaluate: strategy sampled 5 clients (out of 5)
[2025-01-07 20:11:30,190][flwr][INFO] - aggregate_evaluate: received 5 results and 0 failures
[2025-01-07 20:11:30,190][flwr][INFO] - 
[2025-01-07 20:11:30,190][flwr][INFO] - [ROUND 5]
[2025-01-07 20:11:30,190][flwr][INFO] - configure_fit: strategy sampled 2 clients (out of 5)
[2025-01-07 20:11:44,162][flwr][INFO] - aggregate_fit: received 2 results and 0 failures
[2025-01-07 20:11:45,597][flwr][INFO] - fit progress: (5, 182.34499192237854, {'accuracy': 0.1135}, 89.72202439200191)
[2025-01-07 20:11:45,597][flwr][INFO] - configure_evaluate: strategy sampled 5 clients (out of 5)
[2025-01-07 20:11:46,773][flwr][INFO] - aggregate_evaluate: received 5 results and 0 failures
[2025-01-07 20:11:46,774][flwr][INFO] - 
[2025-01-07 20:11:46,774][flwr][INFO] - [ROUND 6]
[2025-01-07 20:11:46,774][flwr][INFO] - configure_fit: strategy sampled 2 clients (out of 5)
[2025-01-07 20:12:00,766][flwr][INFO] - aggregate_fit: received 2 results and 0 failures
[2025-01-07 20:12:02,130][flwr][INFO] - fit progress: (6, 182.2974090576172, {'accuracy': 0.0958}, 106.2549833239973)
[2025-01-07 20:12:02,130][flwr][INFO] - configure_evaluate: strategy sampled 5 clients (out of 5)
[2025-01-07 20:12:03,334][flwr][INFO] - aggregate_evaluate: received 5 results and 0 failures
[2025-01-07 20:12:03,334][flwr][INFO] - 
[2025-01-07 20:12:03,334][flwr][INFO] - [ROUND 7]
[2025-01-07 20:12:03,335][flwr][INFO] - configure_fit: strategy sampled 2 clients (out of 5)
[2025-01-07 20:12:17,139][flwr][INFO] - aggregate_fit: received 2 results and 0 failures
[2025-01-07 20:12:18,590][flwr][INFO] - fit progress: (7, 182.35564970970154, {'accuracy': 0.1028}, 122.71525665799709)
[2025-01-07 20:12:18,591][flwr][INFO] - configure_evaluate: strategy sampled 5 clients (out of 5)
[2025-01-07 20:12:19,654][flwr][INFO] - aggregate_evaluate: received 5 results and 0 failures
[2025-01-07 20:12:19,655][flwr][INFO] - 
[2025-01-07 20:12:19,655][flwr][INFO] - [ROUND 8]
[2025-01-07 20:12:19,655][flwr][INFO] - configure_fit: strategy sampled 2 clients (out of 5)
[2025-01-07 20:12:33,806][flwr][INFO] - aggregate_fit: received 2 results and 0 failures
[2025-01-07 20:12:35,642][flwr][INFO] - fit progress: (8, 182.146808385849, {'accuracy': 0.1028}, 139.7665575689971)
[2025-01-07 20:12:35,642][flwr][INFO] - configure_evaluate: strategy sampled 5 clients (out of 5)
[2025-01-07 20:12:36,771][flwr][INFO] - aggregate_evaluate: received 5 results and 0 failures
[2025-01-07 20:12:36,771][flwr][INFO] - 
[2025-01-07 20:12:36,771][flwr][INFO] - [ROUND 9]
[2025-01-07 20:12:36,771][flwr][INFO] - configure_fit: strategy sampled 2 clients (out of 5)
[2025-01-07 20:12:50,743][flwr][INFO] - aggregate_fit: received 2 results and 0 failures
[2025-01-07 20:12:51,987][flwr][INFO] - fit progress: (9, 182.54761862754822, {'accuracy': 0.0974}, 156.11219483899913)
[2025-01-07 20:12:51,988][flwr][INFO] - configure_evaluate: strategy sampled 5 clients (out of 5)
[2025-01-07 20:12:53,155][flwr][INFO] - aggregate_evaluate: received 5 results and 0 failures
[2025-01-07 20:12:53,156][flwr][INFO] - 
[2025-01-07 20:12:53,156][flwr][INFO] - [ROUND 10]
[2025-01-07 20:12:53,156][flwr][INFO] - configure_fit: strategy sampled 2 clients (out of 5)
[2025-01-07 20:13:07,563][flwr][INFO] - aggregate_fit: received 2 results and 0 failures
[2025-01-07 20:13:09,122][flwr][INFO] - fit progress: (10, 182.21336460113525, {'accuracy': 0.0958}, 173.24645937299647)
[2025-01-07 20:13:09,122][flwr][INFO] - configure_evaluate: strategy sampled 5 clients (out of 5)
[2025-01-07 20:13:10,270][flwr][INFO] - aggregate_evaluate: received 5 results and 0 failures
[2025-01-07 20:13:10,270][flwr][INFO] - 
[2025-01-07 20:13:10,270][flwr][INFO] - [ROUND 11]
[2025-01-07 20:13:10,270][flwr][INFO] - configure_fit: strategy sampled 2 clients (out of 5)
[2025-01-07 20:13:24,334][flwr][INFO] - aggregate_fit: received 2 results and 0 failures
[2025-01-07 20:13:25,725][flwr][INFO] - fit progress: (11, 182.75808715820312, {'accuracy': 0.1028}, 189.8501545170002)
[2025-01-07 20:13:25,726][flwr][INFO] - configure_evaluate: strategy sampled 5 clients (out of 5)
[2025-01-07 20:13:26,839][flwr][INFO] - aggregate_evaluate: received 5 results and 0 failures
[2025-01-07 20:13:26,839][flwr][INFO] - 
[2025-01-07 20:13:26,839][flwr][INFO] - [ROUND 12]
[2025-01-07 20:13:26,840][flwr][INFO] - configure_fit: strategy sampled 2 clients (out of 5)
[2025-01-07 20:13:40,898][flwr][INFO] - aggregate_fit: received 2 results and 0 failures
[2025-01-07 20:13:42,335][flwr][INFO] - fit progress: (12, 182.39483428001404, {'accuracy': 0.1135}, 206.4598714429958)
[2025-01-07 20:13:42,335][flwr][INFO] - configure_evaluate: strategy sampled 5 clients (out of 5)
[2025-01-07 20:13:43,451][flwr][INFO] - aggregate_evaluate: received 5 results and 0 failures
[2025-01-07 20:13:43,452][flwr][INFO] - 
[2025-01-07 20:13:43,452][flwr][INFO] - [ROUND 13]
[2025-01-07 20:13:43,452][flwr][INFO] - configure_fit: strategy sampled 2 clients (out of 5)
[2025-01-07 20:13:57,183][flwr][INFO] - aggregate_fit: received 2 results and 0 failures
[2025-01-07 20:13:58,453][flwr][INFO] - fit progress: (13, 182.70649528503418, {'accuracy': 0.098}, 222.57743952299643)
[2025-01-07 20:13:58,453][flwr][INFO] - configure_evaluate: strategy sampled 5 clients (out of 5)
[2025-01-07 20:13:59,578][flwr][INFO] - aggregate_evaluate: received 5 results and 0 failures
[2025-01-07 20:13:59,578][flwr][INFO] - 
[2025-01-07 20:13:59,578][flwr][INFO] - [ROUND 14]
[2025-01-07 20:13:59,579][flwr][INFO] - configure_fit: strategy sampled 2 clients (out of 5)
[2025-01-07 20:14:13,517][flwr][INFO] - aggregate_fit: received 2 results and 0 failures
[2025-01-07 20:14:15,456][flwr][INFO] - fit progress: (14, 182.0616455078125, {'accuracy': 0.1028}, 239.58076884599723)
[2025-01-07 20:14:15,456][flwr][INFO] - configure_evaluate: strategy sampled 5 clients (out of 5)
[2025-01-07 20:14:16,484][flwr][INFO] - aggregate_evaluate: received 5 results and 0 failures
[2025-01-07 20:14:16,485][flwr][INFO] - 
[2025-01-07 20:14:16,485][flwr][INFO] - [ROUND 15]
[2025-01-07 20:14:16,485][flwr][INFO] - configure_fit: strategy sampled 2 clients (out of 5)
[2025-01-07 20:14:30,359][flwr][INFO] - aggregate_fit: received 2 results and 0 failures
[2025-01-07 20:14:31,928][flwr][INFO] - fit progress: (15, 182.021240234375, {'accuracy': 0.1135}, 256.0526399500013)
[2025-01-07 20:14:31,928][flwr][INFO] - configure_evaluate: strategy sampled 5 clients (out of 5)
[2025-01-07 20:14:33,127][flwr][INFO] - aggregate_evaluate: received 5 results and 0 failures
[2025-01-07 20:14:33,128][flwr][INFO] - 
[2025-01-07 20:14:33,128][flwr][INFO] - [SUMMARY]
[2025-01-07 20:14:33,128][flwr][INFO] - Run finished 15 round(s) in 257.25s
[2025-01-07 20:14:33,128][flwr][INFO] - 	History (loss, distributed):
[2025-01-07 20:14:33,129][flwr][INFO] - 		round 1: 172.96464009284972
[2025-01-07 20:14:33,129][flwr][INFO] - 		round 2: 173.21754059791564
[2025-01-07 20:14:33,129][flwr][INFO] - 		round 3: 172.92647342681886
[2025-01-07 20:14:33,129][flwr][INFO] - 		round 4: 173.34822630882263
[2025-01-07 20:14:33,129][flwr][INFO] - 		round 5: 173.10115456581116
[2025-01-07 20:14:33,129][flwr][INFO] - 		round 6: 173.10118036270143
[2025-01-07 20:14:33,129][flwr][INFO] - 		round 7: 173.2091148376465
[2025-01-07 20:14:33,129][flwr][INFO] - 		round 8: 172.89969868659972
[2025-01-07 20:14:33,130][flwr][INFO] - 		round 9: 173.181893825531
[2025-01-07 20:14:33,130][flwr][INFO] - 		round 10: 172.93748478889466
[2025-01-07 20:14:33,130][flwr][INFO] - 		round 11: 173.59949140548707
[2025-01-07 20:14:33,130][flwr][INFO] - 		round 12: 173.21419467926026
[2025-01-07 20:14:33,130][flwr][INFO] - 		round 13: 173.50167136192323
[2025-01-07 20:14:33,130][flwr][INFO] - 		round 14: 172.95311684608458
[2025-01-07 20:14:33,130][flwr][INFO] - 		round 15: 172.90900149345399
[2025-01-07 20:14:33,131][flwr][INFO] - 	History (loss, centralized):
[2025-01-07 20:14:33,131][flwr][INFO] - 		round 0: 182.29077887535095
[2025-01-07 20:14:33,131][flwr][INFO] - 		round 1: 182.19629168510437
[2025-01-07 20:14:33,131][flwr][INFO] - 		round 2: 182.35145807266235
[2025-01-07 20:14:33,131][flwr][INFO] - 		round 3: 182.09260416030884
[2025-01-07 20:14:33,131][flwr][INFO] - 		round 4: 182.51390957832336
[2025-01-07 20:14:33,131][flwr][INFO] - 		round 5: 182.34499192237854
[2025-01-07 20:14:33,131][flwr][INFO] - 		round 6: 182.2974090576172
[2025-01-07 20:14:33,132][flwr][INFO] - 		round 7: 182.35564970970154
[2025-01-07 20:14:33,132][flwr][INFO] - 		round 8: 182.146808385849
[2025-01-07 20:14:33,132][flwr][INFO] - 		round 9: 182.54761862754822
[2025-01-07 20:14:33,132][flwr][INFO] - 		round 10: 182.21336460113525
[2025-01-07 20:14:33,132][flwr][INFO] - 		round 11: 182.75808715820312
[2025-01-07 20:14:33,132][flwr][INFO] - 		round 12: 182.39483428001404
[2025-01-07 20:14:33,132][flwr][INFO] - 		round 13: 182.70649528503418
[2025-01-07 20:14:33,132][flwr][INFO] - 		round 14: 182.0616455078125
[2025-01-07 20:14:33,133][flwr][INFO] - 		round 15: 182.021240234375
[2025-01-07 20:14:33,133][flwr][INFO] - 	History (metrics, centralized):
[2025-01-07 20:14:33,133][flwr][INFO] - 	{'accuracy': [(0, 0.0765),
[2025-01-07 20:14:33,133][flwr][INFO] - 	              (1, 0.1009),
[2025-01-07 20:14:33,133][flwr][INFO] - 	              (2, 0.1135),
[2025-01-07 20:14:33,133][flwr][INFO] - 	              (3, 0.1135),
[2025-01-07 20:14:33,133][flwr][INFO] - 	              (4, 0.1135),
[2025-01-07 20:14:33,133][flwr][INFO] - 	              (5, 0.1135),
[2025-01-07 20:14:33,134][flwr][INFO] - 	              (6, 0.0958),
[2025-01-07 20:14:33,134][flwr][INFO] - 	              (7, 0.1028),
[2025-01-07 20:14:33,134][flwr][INFO] - 	              (8, 0.1028),
[2025-01-07 20:14:33,134][flwr][INFO] - 	              (9, 0.0974),
[2025-01-07 20:14:33,134][flwr][INFO] - 	              (10, 0.0958),
[2025-01-07 20:14:33,134][flwr][INFO] - 	              (11, 0.1028),
[2025-01-07 20:14:33,134][flwr][INFO] - 	              (12, 0.1135),
[2025-01-07 20:14:33,135][flwr][INFO] - 	              (13, 0.098),
[2025-01-07 20:14:33,135][flwr][INFO] - 	              (14, 0.1028),
[2025-01-07 20:14:33,135][flwr][INFO] - 	              (15, 0.1135)]}
[2025-01-07 20:14:33,135][flwr][INFO] - 
