[2024-12-30 23:00:32,655][flwr][INFO] - Starting Flower simulation, config: num_rounds=10, no round_timeout
[2024-12-30 23:00:36,194][flwr][INFO] - Flower VCE: Ray initialized with resources: {'object_store_memory': 3039626035.0, 'memory': 6079252071.0, 'node:192.168.1.11': 1.0, 'CPU': 12.0, 'node:__internal_head__': 1.0}
[2024-12-30 23:00:36,194][flwr][INFO] - Optimize your simulation with Flower VCE: https://flower.ai/docs/framework/how-to-run-simulations.html
[2024-12-30 23:00:36,194][flwr][INFO] - Flower VCE: Resources for each Virtual Client: {'num_cpus': 2, 'num_gpus': 0}
[2024-12-30 23:00:36,201][flwr][INFO] - Flower VCE: Creating VirtualClientEngineActorPool with 6 actors
[2024-12-30 23:00:36,202][flwr][INFO] - [INIT]
[2024-12-30 23:00:36,202][flwr][INFO] - Using initial global parameters provided by strategy
[2024-12-30 23:00:36,202][flwr][INFO] - Starting evaluation of initial global parameters
[2024-12-30 23:00:39,402][flwr][INFO] - initial parameters (loss, other metrics): 181.77660131454468, {'accuracy': 0.0982}
[2024-12-30 23:00:39,402][flwr][INFO] - 
[2024-12-30 23:00:39,402][flwr][INFO] - [ROUND 1]
[2024-12-30 23:00:39,402][flwr][INFO] - configure_fit: strategy sampled 2 clients (out of 10)
[2024-12-30 23:00:54,082][flwr][INFO] - aggregate_fit: received 2 results and 0 failures
[2024-12-30 23:00:54,089][flwr][WARNING] - No fit_metrics_aggregation_fn provided
[2024-12-30 23:00:56,034][flwr][INFO] - fit progress: (1, 13.312644350342453, {'accuracy': 0.9556}, 16.631973169998673)
[2024-12-30 23:00:56,034][flwr][INFO] - configure_evaluate: strategy sampled 2 clients (out of 10)
[2024-12-30 23:00:56,443][flwr][INFO] - aggregate_evaluate: received 2 results and 0 failures
[2024-12-30 23:00:56,443][flwr][WARNING] - No evaluate_metrics_aggregation_fn provided
[2024-12-30 23:00:56,444][flwr][INFO] - 
[2024-12-30 23:00:56,444][flwr][INFO] - [ROUND 2]
[2024-12-30 23:00:56,444][flwr][INFO] - configure_fit: strategy sampled 2 clients (out of 10)
[2024-12-30 23:01:09,424][flwr][INFO] - aggregate_fit: received 2 results and 0 failures
[2024-12-30 23:01:10,937][flwr][INFO] - fit progress: (2, 7.360213247782667, {'accuracy': 0.9752}, 31.53533291900021)
[2024-12-30 23:01:10,938][flwr][INFO] - configure_evaluate: strategy sampled 2 clients (out of 10)
[2024-12-30 23:01:11,337][flwr][INFO] - aggregate_evaluate: received 2 results and 0 failures
[2024-12-30 23:01:11,338][flwr][INFO] - 
[2024-12-30 23:01:11,338][flwr][INFO] - [ROUND 3]
[2024-12-30 23:01:11,338][flwr][INFO] - configure_fit: strategy sampled 2 clients (out of 10)
[2024-12-30 23:01:23,740][flwr][INFO] - aggregate_fit: received 2 results and 0 failures
[2024-12-30 23:01:25,693][flwr][INFO] - fit progress: (3, 7.111756360485742, {'accuracy': 0.9799}, 46.29098719199828)
[2024-12-30 23:01:25,693][flwr][INFO] - configure_evaluate: strategy sampled 2 clients (out of 10)
[2024-12-30 23:01:26,053][flwr][INFO] - aggregate_evaluate: received 2 results and 0 failures
[2024-12-30 23:01:26,053][flwr][INFO] - 
[2024-12-30 23:01:26,054][flwr][INFO] - [ROUND 4]
[2024-12-30 23:01:26,054][flwr][INFO] - configure_fit: strategy sampled 2 clients (out of 10)
[2024-12-30 23:01:38,256][flwr][INFO] - aggregate_fit: received 2 results and 0 failures
[2024-12-30 23:01:39,845][flwr][INFO] - fit progress: (4, 5.7061405734468735, {'accuracy': 0.9849}, 60.443174783998984)
[2024-12-30 23:01:39,845][flwr][INFO] - configure_evaluate: strategy sampled 2 clients (out of 10)
[2024-12-30 23:01:40,226][flwr][INFO] - aggregate_evaluate: received 2 results and 0 failures
[2024-12-30 23:01:40,226][flwr][INFO] - 
[2024-12-30 23:01:40,226][flwr][INFO] - [ROUND 5]
[2024-12-30 23:01:40,227][flwr][INFO] - configure_fit: strategy sampled 2 clients (out of 10)
[2024-12-30 23:01:52,435][flwr][INFO] - aggregate_fit: received 2 results and 0 failures
[2024-12-30 23:01:54,029][flwr][INFO] - fit progress: (5, 7.669878044776851, {'accuracy': 0.9774}, 74.62730032299805)
[2024-12-30 23:01:54,030][flwr][INFO] - configure_evaluate: strategy sampled 2 clients (out of 10)
[2024-12-30 23:01:54,448][flwr][INFO] - aggregate_evaluate: received 2 results and 0 failures
[2024-12-30 23:01:54,449][flwr][INFO] - 
[2024-12-30 23:01:54,449][flwr][INFO] - [ROUND 6]
[2024-12-30 23:01:54,449][flwr][INFO] - configure_fit: strategy sampled 2 clients (out of 10)
[2024-12-30 23:02:06,919][flwr][INFO] - aggregate_fit: received 2 results and 0 failures
[2024-12-30 23:02:08,728][flwr][INFO] - fit progress: (6, 5.143487455919512, {'accuracy': 0.985}, 89.3262605489981)
[2024-12-30 23:02:08,728][flwr][INFO] - configure_evaluate: strategy sampled 2 clients (out of 10)
[2024-12-30 23:02:09,140][flwr][INFO] - aggregate_evaluate: received 2 results and 0 failures
[2024-12-30 23:02:09,140][flwr][INFO] - 
[2024-12-30 23:02:09,140][flwr][INFO] - [ROUND 7]
[2024-12-30 23:02:09,140][flwr][INFO] - configure_fit: strategy sampled 2 clients (out of 10)
[2024-12-30 23:02:21,186][flwr][INFO] - aggregate_fit: received 2 results and 0 failures
[2024-12-30 23:02:22,741][flwr][INFO] - fit progress: (7, 7.362986555106545, {'accuracy': 0.9786}, 103.33867937700052)
[2024-12-30 23:02:22,741][flwr][INFO] - configure_evaluate: strategy sampled 2 clients (out of 10)
[2024-12-30 23:02:23,159][flwr][INFO] - aggregate_evaluate: received 2 results and 0 failures
[2024-12-30 23:02:23,159][flwr][INFO] - 
[2024-12-30 23:02:23,159][flwr][INFO] - [ROUND 8]
[2024-12-30 23:02:23,159][flwr][INFO] - configure_fit: strategy sampled 2 clients (out of 10)
[2024-12-30 23:02:35,392][flwr][INFO] - aggregate_fit: received 2 results and 0 failures
[2024-12-30 23:02:37,039][flwr][INFO] - fit progress: (8, 5.815833433643547, {'accuracy': 0.9828}, 117.63732437100043)
[2024-12-30 23:02:37,040][flwr][INFO] - configure_evaluate: strategy sampled 2 clients (out of 10)
[2024-12-30 23:02:37,426][flwr][INFO] - aggregate_evaluate: received 2 results and 0 failures
[2024-12-30 23:02:37,427][flwr][INFO] - 
[2024-12-30 23:02:37,427][flwr][INFO] - [ROUND 9]
[2024-12-30 23:02:37,427][flwr][INFO] - configure_fit: strategy sampled 2 clients (out of 10)
[2024-12-30 23:02:50,128][flwr][INFO] - aggregate_fit: received 2 results and 0 failures
[2024-12-30 23:02:51,877][flwr][INFO] - fit progress: (9, 5.768596433663902, {'accuracy': 0.9864}, 132.4749356700013)
[2024-12-30 23:02:51,877][flwr][INFO] - configure_evaluate: strategy sampled 2 clients (out of 10)
[2024-12-30 23:02:52,276][flwr][INFO] - aggregate_evaluate: received 2 results and 0 failures
[2024-12-30 23:02:52,276][flwr][INFO] - 
[2024-12-30 23:02:52,276][flwr][INFO] - [ROUND 10]
[2024-12-30 23:02:52,276][flwr][INFO] - configure_fit: strategy sampled 2 clients (out of 10)
[2024-12-30 23:03:04,661][flwr][INFO] - aggregate_fit: received 2 results and 0 failures
[2024-12-30 23:03:06,690][flwr][INFO] - fit progress: (10, 4.390358609889404, {'accuracy': 0.9873}, 147.2884051309993)
[2024-12-30 23:03:06,691][flwr][INFO] - configure_evaluate: strategy sampled 2 clients (out of 10)
[2024-12-30 23:03:07,087][flwr][INFO] - aggregate_evaluate: received 2 results and 0 failures
[2024-12-30 23:03:07,087][flwr][INFO] - 
[2024-12-30 23:03:07,087][flwr][INFO] - [SUMMARY]
[2024-12-30 23:03:07,087][flwr][INFO] - Run finished 10 round(s) in 147.69s
[2024-12-30 23:03:07,088][flwr][INFO] - 	History (loss, distributed):
[2024-12-30 23:03:07,088][flwr][INFO] - 		round 1: 7.464952865266241
[2024-12-30 23:03:07,088][flwr][INFO] - 		round 2: 4.856923876134715
[2024-12-30 23:03:07,088][flwr][INFO] - 		round 3: 2.740254135799276
[2024-12-30 23:03:07,088][flwr][INFO] - 		round 4: 4.337415839626971
[2024-12-30 23:03:07,088][flwr][INFO] - 		round 5: 3.136569173893804
[2024-12-30 23:03:07,088][flwr][INFO] - 		round 6: 2.4610930230743975
[2024-12-30 23:03:07,088][flwr][INFO] - 		round 7: 5.975529386423318
[2024-12-30 23:03:07,088][flwr][INFO] - 		round 8: 2.022559913113497
[2024-12-30 23:03:07,088][flwr][INFO] - 		round 9: 2.6552923799217316
[2024-12-30 23:03:07,088][flwr][INFO] - 		round 10: 2.665806589824662
[2024-12-30 23:03:07,088][flwr][INFO] - 	History (loss, centralized):
[2024-12-30 23:03:07,088][flwr][INFO] - 		round 0: 181.77660131454468
[2024-12-30 23:03:07,088][flwr][INFO] - 		round 1: 13.312644350342453
[2024-12-30 23:03:07,088][flwr][INFO] - 		round 2: 7.360213247782667
[2024-12-30 23:03:07,088][flwr][INFO] - 		round 3: 7.111756360485742
[2024-12-30 23:03:07,088][flwr][INFO] - 		round 4: 5.7061405734468735
[2024-12-30 23:03:07,088][flwr][INFO] - 		round 5: 7.669878044776851
[2024-12-30 23:03:07,088][flwr][INFO] - 		round 6: 5.143487455919512
[2024-12-30 23:03:07,088][flwr][INFO] - 		round 7: 7.362986555106545
[2024-12-30 23:03:07,088][flwr][INFO] - 		round 8: 5.815833433643547
[2024-12-30 23:03:07,088][flwr][INFO] - 		round 9: 5.768596433663902
[2024-12-30 23:03:07,088][flwr][INFO] - 		round 10: 4.390358609889404
[2024-12-30 23:03:07,088][flwr][INFO] - 	History (metrics, centralized):
[2024-12-30 23:03:07,088][flwr][INFO] - 	{'accuracy': [(0, 0.0982),
[2024-12-30 23:03:07,089][flwr][INFO] - 	              (1, 0.9556),
[2024-12-30 23:03:07,089][flwr][INFO] - 	              (2, 0.9752),
[2024-12-30 23:03:07,089][flwr][INFO] - 	              (3, 0.9799),
[2024-12-30 23:03:07,089][flwr][INFO] - 	              (4, 0.9849),
[2024-12-30 23:03:07,089][flwr][INFO] - 	              (5, 0.9774),
[2024-12-30 23:03:07,089][flwr][INFO] - 	              (6, 0.985),
[2024-12-30 23:03:07,089][flwr][INFO] - 	              (7, 0.9786),
[2024-12-30 23:03:07,089][flwr][INFO] - 	              (8, 0.9828),
[2024-12-30 23:03:07,089][flwr][INFO] - 	              (9, 0.9864),
[2024-12-30 23:03:07,089][flwr][INFO] - 	              (10, 0.9873)]}
[2024-12-30 23:03:07,089][flwr][INFO] - 
