[2025-01-08 10:05:59,103][flwr][INFO] - Starting Flower simulation, config: num_rounds=15, no round_timeout
[2025-01-08 10:06:03,289][flwr][INFO] - Flower VCE: Ray initialized with resources: {'node:__internal_head__': 1.0, 'node:192.168.1.11': 1.0, 'CPU': 12.0, 'object_store_memory': 2887716864.0, 'memory': 5775433728.0}
[2025-01-08 10:06:03,290][flwr][INFO] - Optimize your simulation with Flower VCE: https://flower.ai/docs/framework/how-to-run-simulations.html
[2025-01-08 10:06:03,290][flwr][INFO] - Flower VCE: Resources for each Virtual Client: {'num_cpus': 2, 'num_gpus': 0}
[2025-01-08 10:06:03,310][flwr][INFO] - Flower VCE: Creating VirtualClientEngineActorPool with 6 actors
[2025-01-08 10:06:03,312][flwr][INFO] - [INIT]
[2025-01-08 10:06:03,312][flwr][INFO] - Requesting initial parameters from one random client
[2025-01-08 10:06:06,777][flwr][INFO] - Received initial parameters from one random client
[2025-01-08 10:06:06,778][flwr][INFO] - Starting evaluation of initial global parameters
[2025-01-08 10:06:08,613][flwr][INFO] - initial parameters (loss, other metrics): 182.129004240036, {'accuracy': 0.089}
[2025-01-08 10:06:08,613][flwr][INFO] - 
[2025-01-08 10:06:08,613][flwr][INFO] - [ROUND 1]
[2025-01-08 10:06:08,613][flwr][INFO] - configure_fit: strategy sampled 2 clients (out of 20)
[2025-01-08 10:06:14,130][flwr][INFO] - aggregate_fit: received 2 results and 0 failures
[2025-01-08 10:06:14,135][flwr][WARNING] - No fit_metrics_aggregation_fn provided
[2025-01-08 10:06:15,110][flwr][INFO] - fit progress: (1, 180.65532970428467, {'accuracy': 0.1149}, 6.497378952997678)
[2025-01-08 10:06:15,111][flwr][INFO] - configure_evaluate: strategy sampled 2 clients (out of 20)
[2025-01-08 10:06:15,412][flwr][INFO] - aggregate_evaluate: received 2 results and 0 failures
[2025-01-08 10:06:15,412][flwr][WARNING] - No evaluate_metrics_aggregation_fn provided
[2025-01-08 10:06:15,412][flwr][INFO] - 
[2025-01-08 10:06:15,412][flwr][INFO] - [ROUND 2]
[2025-01-08 10:06:15,412][flwr][INFO] - configure_fit: strategy sampled 2 clients (out of 20)
[2025-01-08 10:06:19,126][flwr][INFO] - aggregate_fit: received 2 results and 0 failures
[2025-01-08 10:06:20,768][flwr][INFO] - fit progress: (2, 163.505087018013, {'accuracy': 0.2049}, 12.154925199996796)
[2025-01-08 10:06:20,768][flwr][INFO] - configure_evaluate: strategy sampled 2 clients (out of 20)
[2025-01-08 10:06:21,088][flwr][INFO] - aggregate_evaluate: received 2 results and 0 failures
[2025-01-08 10:06:21,089][flwr][INFO] - 
[2025-01-08 10:06:21,089][flwr][INFO] - [ROUND 3]
[2025-01-08 10:06:21,089][flwr][INFO] - configure_fit: strategy sampled 2 clients (out of 20)
[2025-01-08 10:06:24,718][flwr][INFO] - aggregate_fit: received 2 results and 0 failures
[2025-01-08 10:06:25,773][flwr][INFO] - fit progress: (3, 182.10535192489624, {'accuracy': 0.0982}, 17.15953599599743)
[2025-01-08 10:06:25,773][flwr][INFO] - configure_evaluate: strategy sampled 2 clients (out of 20)
[2025-01-08 10:06:26,076][flwr][INFO] - aggregate_evaluate: received 2 results and 0 failures
[2025-01-08 10:06:26,076][flwr][INFO] - 
[2025-01-08 10:06:26,076][flwr][INFO] - [ROUND 4]
[2025-01-08 10:06:26,076][flwr][INFO] - configure_fit: strategy sampled 2 clients (out of 20)
[2025-01-08 10:06:29,640][flwr][INFO] - aggregate_fit: received 2 results and 0 failures
[2025-01-08 10:06:31,219][flwr][INFO] - fit progress: (4, 182.19684314727783, {'accuracy': 0.098}, 22.60620789499808)
[2025-01-08 10:06:31,219][flwr][INFO] - configure_evaluate: strategy sampled 2 clients (out of 20)
[2025-01-08 10:06:31,506][flwr][INFO] - aggregate_evaluate: received 2 results and 0 failures
[2025-01-08 10:06:31,507][flwr][INFO] - 
[2025-01-08 10:06:31,507][flwr][INFO] - [ROUND 5]
[2025-01-08 10:06:31,507][flwr][INFO] - configure_fit: strategy sampled 2 clients (out of 20)
[2025-01-08 10:06:34,909][flwr][INFO] - aggregate_fit: received 2 results and 0 failures
[2025-01-08 10:06:36,263][flwr][INFO] - fit progress: (5, 182.1104416847229, {'accuracy': 0.1135}, 27.649660062001203)
[2025-01-08 10:06:36,263][flwr][INFO] - configure_evaluate: strategy sampled 2 clients (out of 20)
[2025-01-08 10:06:36,610][flwr][INFO] - aggregate_evaluate: received 2 results and 0 failures
[2025-01-08 10:06:36,610][flwr][INFO] - 
[2025-01-08 10:06:36,610][flwr][INFO] - [ROUND 6]
[2025-01-08 10:06:36,610][flwr][INFO] - configure_fit: strategy sampled 2 clients (out of 20)
[2025-01-08 10:06:40,457][flwr][INFO] - aggregate_fit: received 2 results and 0 failures
[2025-01-08 10:06:41,695][flwr][INFO] - fit progress: (6, 182.38424587249756, {'accuracy': 0.1135}, 33.082503420999274)
[2025-01-08 10:06:41,696][flwr][INFO] - configure_evaluate: strategy sampled 2 clients (out of 20)
[2025-01-08 10:06:42,020][flwr][INFO] - aggregate_evaluate: received 2 results and 0 failures
[2025-01-08 10:06:42,020][flwr][INFO] - 
[2025-01-08 10:06:42,020][flwr][INFO] - [ROUND 7]
[2025-01-08 10:06:42,020][flwr][INFO] - configure_fit: strategy sampled 2 clients (out of 20)
[2025-01-08 10:06:45,944][flwr][INFO] - aggregate_fit: received 2 results and 0 failures
[2025-01-08 10:06:47,092][flwr][INFO] - fit progress: (7, 182.41206979751587, {'accuracy': 0.101}, 38.47902189099841)
[2025-01-08 10:06:47,092][flwr][INFO] - configure_evaluate: strategy sampled 2 clients (out of 20)
[2025-01-08 10:06:47,403][flwr][INFO] - aggregate_evaluate: received 2 results and 0 failures
[2025-01-08 10:06:47,403][flwr][INFO] - 
[2025-01-08 10:06:47,403][flwr][INFO] - [ROUND 8]
[2025-01-08 10:06:47,404][flwr][INFO] - configure_fit: strategy sampled 2 clients (out of 20)
[2025-01-08 10:06:50,966][flwr][INFO] - aggregate_fit: received 2 results and 0 failures
[2025-01-08 10:06:52,275][flwr][INFO] - fit progress: (8, 182.24781036376953, {'accuracy': 0.1028}, 43.66243778899661)
[2025-01-08 10:06:52,276][flwr][INFO] - configure_evaluate: strategy sampled 2 clients (out of 20)
[2025-01-08 10:06:52,572][flwr][INFO] - aggregate_evaluate: received 2 results and 0 failures
[2025-01-08 10:06:52,572][flwr][INFO] - 
[2025-01-08 10:06:52,572][flwr][INFO] - [ROUND 9]
[2025-01-08 10:06:52,572][flwr][INFO] - configure_fit: strategy sampled 2 clients (out of 20)
[2025-01-08 10:06:56,205][flwr][INFO] - aggregate_fit: received 2 results and 0 failures
[2025-01-08 10:06:57,931][flwr][INFO] - fit progress: (9, 182.0177342891693, {'accuracy': 0.1135}, 49.3179872949986)
[2025-01-08 10:06:57,931][flwr][INFO] - configure_evaluate: strategy sampled 2 clients (out of 20)
[2025-01-08 10:06:58,226][flwr][INFO] - aggregate_evaluate: received 2 results and 0 failures
[2025-01-08 10:06:58,226][flwr][INFO] - 
[2025-01-08 10:06:58,226][flwr][INFO] - [ROUND 10]
[2025-01-08 10:06:58,226][flwr][INFO] - configure_fit: strategy sampled 2 clients (out of 20)
[2025-01-08 10:07:01,727][flwr][INFO] - aggregate_fit: received 2 results and 0 failures
[2025-01-08 10:07:02,961][flwr][INFO] - fit progress: (10, 182.0824372768402, {'accuracy': 0.1028}, 54.34769992099609)
[2025-01-08 10:07:02,961][flwr][INFO] - configure_evaluate: strategy sampled 2 clients (out of 20)
[2025-01-08 10:07:03,255][flwr][INFO] - aggregate_evaluate: received 2 results and 0 failures
[2025-01-08 10:07:03,255][flwr][INFO] - 
[2025-01-08 10:07:03,255][flwr][INFO] - [ROUND 11]
[2025-01-08 10:07:03,255][flwr][INFO] - configure_fit: strategy sampled 2 clients (out of 20)
[2025-01-08 10:07:06,933][flwr][INFO] - aggregate_fit: received 2 results and 0 failures
[2025-01-08 10:07:08,590][flwr][INFO] - fit progress: (11, 181.99365425109863, {'accuracy': 0.0974}, 59.97654961999797)
[2025-01-08 10:07:08,590][flwr][INFO] - configure_evaluate: strategy sampled 2 clients (out of 20)
[2025-01-08 10:07:08,876][flwr][INFO] - aggregate_evaluate: received 2 results and 0 failures
[2025-01-08 10:07:08,876][flwr][INFO] - 
[2025-01-08 10:07:08,876][flwr][INFO] - [ROUND 12]
[2025-01-08 10:07:08,876][flwr][INFO] - configure_fit: strategy sampled 2 clients (out of 20)
[2025-01-08 10:07:12,423][flwr][INFO] - aggregate_fit: received 2 results and 0 failures
[2025-01-08 10:07:13,505][flwr][INFO] - fit progress: (12, 182.29638028144836, {'accuracy': 0.1135}, 64.89215367200086)
[2025-01-08 10:07:13,505][flwr][INFO] - configure_evaluate: strategy sampled 2 clients (out of 20)
[2025-01-08 10:07:13,822][flwr][INFO] - aggregate_evaluate: received 2 results and 0 failures
[2025-01-08 10:07:13,822][flwr][INFO] - 
[2025-01-08 10:07:13,822][flwr][INFO] - [ROUND 13]
[2025-01-08 10:07:13,822][flwr][INFO] - configure_fit: strategy sampled 2 clients (out of 20)
[2025-01-08 10:07:17,318][flwr][INFO] - aggregate_fit: received 2 results and 0 failures
[2025-01-08 10:07:19,132][flwr][INFO] - fit progress: (13, 182.07992672920227, {'accuracy': 0.1135}, 70.5185519029983)
[2025-01-08 10:07:19,132][flwr][INFO] - configure_evaluate: strategy sampled 2 clients (out of 20)
[2025-01-08 10:07:19,399][flwr][INFO] - aggregate_evaluate: received 2 results and 0 failures
[2025-01-08 10:07:19,399][flwr][INFO] - 
[2025-01-08 10:07:19,399][flwr][INFO] - [ROUND 14]
[2025-01-08 10:07:19,400][flwr][INFO] - configure_fit: strategy sampled 2 clients (out of 20)
[2025-01-08 10:07:23,284][flwr][INFO] - aggregate_fit: received 2 results and 0 failures
[2025-01-08 10:07:25,604][flwr][INFO] - fit progress: (14, 182.68428683280945, {'accuracy': 0.0982}, 76.99093549700046)
[2025-01-08 10:07:25,604][flwr][INFO] - configure_evaluate: strategy sampled 2 clients (out of 20)
[2025-01-08 10:07:26,000][flwr][INFO] - aggregate_evaluate: received 2 results and 0 failures
[2025-01-08 10:07:26,001][flwr][INFO] - 
[2025-01-08 10:07:26,001][flwr][INFO] - [ROUND 15]
[2025-01-08 10:07:26,001][flwr][INFO] - configure_fit: strategy sampled 2 clients (out of 20)
[2025-01-08 10:07:30,206][flwr][INFO] - aggregate_fit: received 2 results and 0 failures
[2025-01-08 10:07:31,399][flwr][INFO] - fit progress: (15, 182.12074732780457, {'accuracy': 0.1135}, 82.78587786799471)
[2025-01-08 10:07:31,399][flwr][INFO] - configure_evaluate: strategy sampled 2 clients (out of 20)
[2025-01-08 10:07:31,701][flwr][INFO] - aggregate_evaluate: received 2 results and 0 failures
[2025-01-08 10:07:31,702][flwr][INFO] - 
[2025-01-08 10:07:31,702][flwr][INFO] - [SUMMARY]
[2025-01-08 10:07:31,702][flwr][INFO] - Run finished 15 round(s) in 83.09s
[2025-01-08 10:07:31,702][flwr][INFO] - 	History (loss, distributed):
[2025-01-08 10:07:31,702][flwr][INFO] - 		round 1: 43.0101101398468
[2025-01-08 10:07:31,702][flwr][INFO] - 		round 2: 40.305533826351166
[2025-01-08 10:07:31,702][flwr][INFO] - 		round 3: 43.73936700820923
[2025-01-08 10:07:31,702][flwr][INFO] - 		round 4: 43.81325840950012
[2025-01-08 10:07:31,702][flwr][INFO] - 		round 5: 43.86391365528107
[2025-01-08 10:07:31,702][flwr][INFO] - 		round 6: 43.751527547836304
[2025-01-08 10:07:31,702][flwr][INFO] - 		round 7: 43.946818470954895
[2025-01-08 10:07:31,702][flwr][INFO] - 		round 8: 43.85365581512451
[2025-01-08 10:07:31,702][flwr][INFO] - 		round 9: 43.83036649227142
[2025-01-08 10:07:31,702][flwr][INFO] - 		round 10: 43.70703625679016
[2025-01-08 10:07:31,702][flwr][INFO] - 		round 11: 43.60416233539581
[2025-01-08 10:07:31,702][flwr][INFO] - 		round 12: 43.87991642951965
[2025-01-08 10:07:31,702][flwr][INFO] - 		round 13: 43.829471588134766
[2025-01-08 10:07:31,702][flwr][INFO] - 		round 14: 43.923412680625916
[2025-01-08 10:07:31,703][flwr][INFO] - 		round 15: 43.69052481651306
[2025-01-08 10:07:31,703][flwr][INFO] - 	History (loss, centralized):
[2025-01-08 10:07:31,703][flwr][INFO] - 		round 0: 182.129004240036
[2025-01-08 10:07:31,703][flwr][INFO] - 		round 1: 180.65532970428467
[2025-01-08 10:07:31,703][flwr][INFO] - 		round 2: 163.505087018013
[2025-01-08 10:07:31,703][flwr][INFO] - 		round 3: 182.10535192489624
[2025-01-08 10:07:31,703][flwr][INFO] - 		round 4: 182.19684314727783
[2025-01-08 10:07:31,703][flwr][INFO] - 		round 5: 182.1104416847229
[2025-01-08 10:07:31,703][flwr][INFO] - 		round 6: 182.38424587249756
[2025-01-08 10:07:31,703][flwr][INFO] - 		round 7: 182.41206979751587
[2025-01-08 10:07:31,703][flwr][INFO] - 		round 8: 182.24781036376953
[2025-01-08 10:07:31,703][flwr][INFO] - 		round 9: 182.0177342891693
[2025-01-08 10:07:31,703][flwr][INFO] - 		round 10: 182.0824372768402
[2025-01-08 10:07:31,703][flwr][INFO] - 		round 11: 181.99365425109863
[2025-01-08 10:07:31,703][flwr][INFO] - 		round 12: 182.29638028144836
[2025-01-08 10:07:31,703][flwr][INFO] - 		round 13: 182.07992672920227
[2025-01-08 10:07:31,703][flwr][INFO] - 		round 14: 182.68428683280945
[2025-01-08 10:07:31,703][flwr][INFO] - 		round 15: 182.12074732780457
[2025-01-08 10:07:31,703][flwr][INFO] - 	History (metrics, centralized):
[2025-01-08 10:07:31,703][flwr][INFO] - 	{'accuracy': [(0, 0.089),
[2025-01-08 10:07:31,703][flwr][INFO] - 	              (1, 0.1149),
[2025-01-08 10:07:31,703][flwr][INFO] - 	              (2, 0.2049),
[2025-01-08 10:07:31,703][flwr][INFO] - 	              (3, 0.0982),
[2025-01-08 10:07:31,703][flwr][INFO] - 	              (4, 0.098),
[2025-01-08 10:07:31,703][flwr][INFO] - 	              (5, 0.1135),
[2025-01-08 10:07:31,703][flwr][INFO] - 	              (6, 0.1135),
[2025-01-08 10:07:31,703][flwr][INFO] - 	              (7, 0.101),
[2025-01-08 10:07:31,703][flwr][INFO] - 	              (8, 0.1028),
[2025-01-08 10:07:31,704][flwr][INFO] - 	              (9, 0.1135),
[2025-01-08 10:07:31,704][flwr][INFO] - 	              (10, 0.1028),
[2025-01-08 10:07:31,704][flwr][INFO] - 	              (11, 0.0974),
[2025-01-08 10:07:31,704][flwr][INFO] - 	              (12, 0.1135),
[2025-01-08 10:07:31,704][flwr][INFO] - 	              (13, 0.1135),
[2025-01-08 10:07:31,704][flwr][INFO] - 	              (14, 0.0982),
[2025-01-08 10:07:31,704][flwr][INFO] - 	              (15, 0.1135)]}
[2025-01-08 10:07:31,704][flwr][INFO] - 
