[2024-12-30 22:38:08,086][flwr][INFO] - Starting Flower simulation, config: num_rounds=10, no round_timeout
[2024-12-30 22:38:11,652][flwr][INFO] - Flower VCE: Ray initialized with resources: {'node:192.168.1.11': 1.0, 'CPU': 12.0, 'node:__internal_head__': 1.0, 'memory': 5174105703.0, 'object_store_memory': 2587052851.0}
[2024-12-30 22:38:11,652][flwr][INFO] - Optimize your simulation with Flower VCE: https://flower.ai/docs/framework/how-to-run-simulations.html
[2024-12-30 22:38:11,653][flwr][INFO] - Flower VCE: Resources for each Virtual Client: {'num_cpus': 2, 'num_gpus': 0}
[2024-12-30 22:38:11,660][flwr][INFO] - Flower VCE: Creating VirtualClientEngineActorPool with 6 actors
[2024-12-30 22:38:11,661][flwr][INFO] - [INIT]
[2024-12-30 22:38:11,661][flwr][INFO] - Using initial global parameters provided by strategy
[2024-12-30 22:38:11,661][flwr][INFO] - Starting evaluation of initial global parameters
[2024-12-30 22:38:13,890][flwr][INFO] - initial parameters (loss, other metrics): 181.9052541255951, {'accuracy': 0.1303}
[2024-12-30 22:38:13,890][flwr][INFO] - 
[2024-12-30 22:38:13,890][flwr][INFO] - [ROUND 1]
[2024-12-30 22:38:13,890][flwr][INFO] - configure_fit: strategy sampled 2 clients (out of 10)
[2024-12-30 22:38:22,902][flwr][INFO] - aggregate_fit: received 2 results and 0 failures
[2024-12-30 22:38:22,913][flwr][WARNING] - No fit_metrics_aggregation_fn provided
[2024-12-30 22:38:24,090][flwr][INFO] - fit progress: (1, 7.135158601216972, {'accuracy': 0.9737}, 10.200282201996743)
[2024-12-30 22:38:24,091][flwr][INFO] - configure_evaluate: strategy sampled 2 clients (out of 10)
[2024-12-30 22:38:24,485][flwr][INFO] - aggregate_evaluate: received 2 results and 0 failures
[2024-12-30 22:38:24,486][flwr][WARNING] - No evaluate_metrics_aggregation_fn provided
[2024-12-30 22:38:24,486][flwr][INFO] - 
[2024-12-30 22:38:24,486][flwr][INFO] - [ROUND 2]
[2024-12-30 22:38:24,486][flwr][INFO] - configure_fit: strategy sampled 2 clients (out of 10)
[2024-12-30 22:38:31,069][flwr][INFO] - aggregate_fit: received 2 results and 0 failures
[2024-12-30 22:38:32,954][flwr][INFO] - fit progress: (2, 4.642591817602806, {'accuracy': 0.9805}, 19.063918564999767)
[2024-12-30 22:38:32,954][flwr][INFO] - configure_evaluate: strategy sampled 2 clients (out of 10)
[2024-12-30 22:38:33,313][flwr][INFO] - aggregate_evaluate: received 2 results and 0 failures
[2024-12-30 22:38:33,313][flwr][INFO] - 
[2024-12-30 22:38:33,313][flwr][INFO] - [ROUND 3]
[2024-12-30 22:38:33,313][flwr][INFO] - configure_fit: strategy sampled 2 clients (out of 10)
[2024-12-30 22:38:39,886][flwr][INFO] - aggregate_fit: received 2 results and 0 failures
[2024-12-30 22:38:41,219][flwr][INFO] - fit progress: (3, 3.843952322808036, {'accuracy': 0.9832}, 27.329127454999252)
[2024-12-30 22:38:41,220][flwr][INFO] - configure_evaluate: strategy sampled 2 clients (out of 10)
[2024-12-30 22:38:41,614][flwr][INFO] - aggregate_evaluate: received 2 results and 0 failures
[2024-12-30 22:38:41,614][flwr][INFO] - 
[2024-12-30 22:38:41,614][flwr][INFO] - [ROUND 4]
[2024-12-30 22:38:41,615][flwr][INFO] - configure_fit: strategy sampled 2 clients (out of 10)
[2024-12-30 22:38:48,313][flwr][INFO] - aggregate_fit: received 2 results and 0 failures
[2024-12-30 22:38:49,456][flwr][INFO] - fit progress: (4, 4.725366855858738, {'accuracy': 0.9827}, 35.56623950399808)
[2024-12-30 22:38:49,457][flwr][INFO] - configure_evaluate: strategy sampled 2 clients (out of 10)
[2024-12-30 22:38:49,868][flwr][INFO] - aggregate_evaluate: received 2 results and 0 failures
[2024-12-30 22:38:49,868][flwr][INFO] - 
[2024-12-30 22:38:49,868][flwr][INFO] - [ROUND 5]
[2024-12-30 22:38:49,868][flwr][INFO] - configure_fit: strategy sampled 2 clients (out of 10)
[2024-12-30 22:38:56,505][flwr][INFO] - aggregate_fit: received 2 results and 0 failures
[2024-12-30 22:38:57,898][flwr][INFO] - fit progress: (5, 3.501200926359161, {'accuracy': 0.9864}, 44.00834074299928)
[2024-12-30 22:38:57,899][flwr][INFO] - configure_evaluate: strategy sampled 2 clients (out of 10)
[2024-12-30 22:38:58,282][flwr][INFO] - aggregate_evaluate: received 2 results and 0 failures
[2024-12-30 22:38:58,282][flwr][INFO] - 
[2024-12-30 22:38:58,282][flwr][INFO] - [ROUND 6]
[2024-12-30 22:38:58,282][flwr][INFO] - configure_fit: strategy sampled 2 clients (out of 10)
[2024-12-30 22:39:05,113][flwr][INFO] - aggregate_fit: received 2 results and 0 failures
[2024-12-30 22:39:06,840][flwr][INFO] - fit progress: (6, 3.694186482754958, {'accuracy': 0.9866}, 52.950310719999834)
[2024-12-30 22:39:06,841][flwr][INFO] - configure_evaluate: strategy sampled 2 clients (out of 10)
[2024-12-30 22:39:07,186][flwr][INFO] - aggregate_evaluate: received 2 results and 0 failures
[2024-12-30 22:39:07,186][flwr][INFO] - 
[2024-12-30 22:39:07,186][flwr][INFO] - [ROUND 7]
[2024-12-30 22:39:07,187][flwr][INFO] - configure_fit: strategy sampled 2 clients (out of 10)
[2024-12-30 22:39:14,028][flwr][INFO] - aggregate_fit: received 2 results and 0 failures
[2024-12-30 22:39:15,916][flwr][INFO] - fit progress: (7, 3.505285721199357, {'accuracy': 0.9883}, 62.02545019099853)
[2024-12-30 22:39:15,916][flwr][INFO] - configure_evaluate: strategy sampled 2 clients (out of 10)
[2024-12-30 22:39:16,302][flwr][INFO] - aggregate_evaluate: received 2 results and 0 failures
[2024-12-30 22:39:16,302][flwr][INFO] - 
[2024-12-30 22:39:16,302][flwr][INFO] - [ROUND 8]
[2024-12-30 22:39:16,302][flwr][INFO] - configure_fit: strategy sampled 2 clients (out of 10)
[2024-12-30 22:39:22,989][flwr][INFO] - aggregate_fit: received 2 results and 0 failures
[2024-12-30 22:39:24,550][flwr][INFO] - fit progress: (8, 3.1886738575858544, {'accuracy': 0.9874}, 70.65989929499847)
[2024-12-30 22:39:24,550][flwr][INFO] - configure_evaluate: strategy sampled 2 clients (out of 10)
[2024-12-30 22:39:24,912][flwr][INFO] - aggregate_evaluate: received 2 results and 0 failures
[2024-12-30 22:39:24,912][flwr][INFO] - 
[2024-12-30 22:39:24,912][flwr][INFO] - [ROUND 9]
[2024-12-30 22:39:24,912][flwr][INFO] - configure_fit: strategy sampled 2 clients (out of 10)
[2024-12-30 22:39:31,739][flwr][INFO] - aggregate_fit: received 2 results and 0 failures
[2024-12-30 22:39:33,245][flwr][INFO] - fit progress: (9, 3.050139902247224, {'accuracy': 0.9874}, 79.35484846100007)
[2024-12-30 22:39:33,245][flwr][INFO] - configure_evaluate: strategy sampled 2 clients (out of 10)
[2024-12-30 22:39:33,606][flwr][INFO] - aggregate_evaluate: received 2 results and 0 failures
[2024-12-30 22:39:33,606][flwr][INFO] - 
[2024-12-30 22:39:33,606][flwr][INFO] - [ROUND 10]
[2024-12-30 22:39:33,606][flwr][INFO] - configure_fit: strategy sampled 2 clients (out of 10)
[2024-12-30 22:39:40,420][flwr][INFO] - aggregate_fit: received 2 results and 0 failures
[2024-12-30 22:39:42,116][flwr][INFO] - fit progress: (10, 3.3841967746980117, {'accuracy': 0.9877}, 88.22611060899726)
[2024-12-30 22:39:42,116][flwr][INFO] - configure_evaluate: strategy sampled 2 clients (out of 10)
[2024-12-30 22:39:42,461][flwr][INFO] - aggregate_evaluate: received 2 results and 0 failures
[2024-12-30 22:39:42,462][flwr][INFO] - 
[2024-12-30 22:39:42,462][flwr][INFO] - [SUMMARY]
[2024-12-30 22:39:42,462][flwr][INFO] - Run finished 10 round(s) in 88.57s
[2024-12-30 22:39:42,462][flwr][INFO] - 	History (loss, distributed):
[2024-12-30 22:39:42,462][flwr][INFO] - 		round 1: 4.164565507788211
[2024-12-30 22:39:42,462][flwr][INFO] - 		round 2: 3.3273970594455022
[2024-12-30 22:39:42,462][flwr][INFO] - 		round 3: 3.4140694113302743
[2024-12-30 22:39:42,463][flwr][INFO] - 		round 4: 1.8996940687675306
[2024-12-30 22:39:42,463][flwr][INFO] - 		round 5: 2.4657560023103997
[2024-12-30 22:39:42,463][flwr][INFO] - 		round 6: 2.261811385209512
[2024-12-30 22:39:42,463][flwr][INFO] - 		round 7: 2.9282843759466743
[2024-12-30 22:39:42,463][flwr][INFO] - 		round 8: 2.5011536592298853
[2024-12-30 22:39:42,463][flwr][INFO] - 		round 9: 1.8413411810044522
[2024-12-30 22:39:42,463][flwr][INFO] - 		round 10: 2.988719433142535
[2024-12-30 22:39:42,463][flwr][INFO] - 	History (loss, centralized):
[2024-12-30 22:39:42,463][flwr][INFO] - 		round 0: 181.9052541255951
[2024-12-30 22:39:42,463][flwr][INFO] - 		round 1: 7.135158601216972
[2024-12-30 22:39:42,463][flwr][INFO] - 		round 2: 4.642591817602806
[2024-12-30 22:39:42,463][flwr][INFO] - 		round 3: 3.843952322808036
[2024-12-30 22:39:42,463][flwr][INFO] - 		round 4: 4.725366855858738
[2024-12-30 22:39:42,464][flwr][INFO] - 		round 5: 3.501200926359161
[2024-12-30 22:39:42,464][flwr][INFO] - 		round 6: 3.694186482754958
[2024-12-30 22:39:42,464][flwr][INFO] - 		round 7: 3.505285721199357
[2024-12-30 22:39:42,464][flwr][INFO] - 		round 8: 3.1886738575858544
[2024-12-30 22:39:42,464][flwr][INFO] - 		round 9: 3.050139902247224
[2024-12-30 22:39:42,464][flwr][INFO] - 		round 10: 3.3841967746980117
[2024-12-30 22:39:42,464][flwr][INFO] - 	History (metrics, centralized):
[2024-12-30 22:39:42,464][flwr][INFO] - 	{'accuracy': [(0, 0.1303),
[2024-12-30 22:39:42,464][flwr][INFO] - 	              (1, 0.9737),
[2024-12-30 22:39:42,464][flwr][INFO] - 	              (2, 0.9805),
[2024-12-30 22:39:42,464][flwr][INFO] - 	              (3, 0.9832),
[2024-12-30 22:39:42,464][flwr][INFO] - 	              (4, 0.9827),
[2024-12-30 22:39:42,464][flwr][INFO] - 	              (5, 0.9864),
[2024-12-30 22:39:42,464][flwr][INFO] - 	              (6, 0.9866),
[2024-12-30 22:39:42,465][flwr][INFO] - 	              (7, 0.9883),
[2024-12-30 22:39:42,465][flwr][INFO] - 	              (8, 0.9874),
[2024-12-30 22:39:42,465][flwr][INFO] - 	              (9, 0.9874),
[2024-12-30 22:39:42,465][flwr][INFO] - 	              (10, 0.9877)]}
[2024-12-30 22:39:42,465][flwr][INFO] - 
