[2025-01-08 10:21:02,287][flwr][INFO] - Starting Flower simulation, config: num_rounds=15, no round_timeout
[2025-01-08 10:21:05,958][flwr][INFO] - Flower VCE: Ray initialized with resources: {'node:__internal_head__': 1.0, 'object_store_memory': 2922537369.0, 'memory': 5845074740.0, 'CPU': 12.0, 'node:192.168.1.11': 1.0}
[2025-01-08 10:21:05,959][flwr][INFO] - Optimize your simulation with Flower VCE: https://flower.ai/docs/framework/how-to-run-simulations.html
[2025-01-08 10:21:05,959][flwr][INFO] - Flower VCE: Resources for each Virtual Client: {'num_cpus': 2, 'num_gpus': 0}
[2025-01-08 10:21:05,972][flwr][INFO] - Flower VCE: Creating VirtualClientEngineActorPool with 6 actors
[2025-01-08 10:21:05,973][flwr][INFO] - [INIT]
[2025-01-08 10:21:05,973][flwr][INFO] - Requesting initial parameters from one random client
[2025-01-08 10:21:08,172][flwr][INFO] - Received initial parameters from one random client
[2025-01-08 10:21:08,172][flwr][INFO] - Starting evaluation of initial global parameters
[2025-01-08 10:21:09,717][flwr][INFO] - initial parameters (loss, other metrics): 181.98619508743286, {'accuracy': 0.1164}
[2025-01-08 10:21:09,718][flwr][INFO] - 
[2025-01-08 10:21:09,718][flwr][INFO] - [ROUND 1]
[2025-01-08 10:21:09,718][flwr][INFO] - configure_fit: strategy sampled 2 clients (out of 20)
[2025-01-08 10:21:15,568][flwr][INFO] - aggregate_fit: received 2 results and 0 failures
[2025-01-08 10:21:15,572][flwr][WARNING] - No fit_metrics_aggregation_fn provided
[2025-01-08 10:21:16,848][flwr][INFO] - fit progress: (1, 13.29793484415859, {'accuracy': 0.9492}, 7.1302685769987875)
[2025-01-08 10:21:16,848][flwr][INFO] - configure_evaluate: strategy sampled 5 clients (out of 20)
[2025-01-08 10:21:20,516][flwr][INFO] - aggregate_evaluate: received 5 results and 0 failures
[2025-01-08 10:21:20,516][flwr][WARNING] - No evaluate_metrics_aggregation_fn provided
[2025-01-08 10:21:20,516][flwr][INFO] - 
[2025-01-08 10:21:20,516][flwr][INFO] - [ROUND 2]
[2025-01-08 10:21:20,516][flwr][INFO] - configure_fit: strategy sampled 2 clients (out of 20)
[2025-01-08 10:21:23,939][flwr][INFO] - aggregate_fit: received 2 results and 0 failures
[2025-01-08 10:21:25,345][flwr][INFO] - fit progress: (2, 7.045172961021308, {'accuracy': 0.9714}, 15.627399748998869)
[2025-01-08 10:21:25,345][flwr][INFO] - configure_evaluate: strategy sampled 5 clients (out of 20)
[2025-01-08 10:21:26,041][flwr][INFO] - aggregate_evaluate: received 5 results and 0 failures
[2025-01-08 10:21:26,041][flwr][INFO] - 
[2025-01-08 10:21:26,042][flwr][INFO] - [ROUND 3]
[2025-01-08 10:21:26,042][flwr][INFO] - configure_fit: strategy sampled 2 clients (out of 20)
[2025-01-08 10:21:29,750][flwr][INFO] - aggregate_fit: received 2 results and 0 failures
[2025-01-08 10:21:31,339][flwr][INFO] - fit progress: (3, 7.4424532720586285, {'accuracy': 0.9735}, 21.62169454299874)
[2025-01-08 10:21:31,340][flwr][INFO] - configure_evaluate: strategy sampled 5 clients (out of 20)
[2025-01-08 10:21:31,994][flwr][INFO] - aggregate_evaluate: received 5 results and 0 failures
[2025-01-08 10:21:31,995][flwr][INFO] - 
[2025-01-08 10:21:31,995][flwr][INFO] - [ROUND 4]
[2025-01-08 10:21:31,995][flwr][INFO] - configure_fit: strategy sampled 2 clients (out of 20)
[2025-01-08 10:21:35,730][flwr][INFO] - aggregate_fit: received 2 results and 0 failures
[2025-01-08 10:21:36,868][flwr][INFO] - fit progress: (4, 6.538397522395826, {'accuracy': 0.9753}, 27.150600093998946)
[2025-01-08 10:21:36,869][flwr][INFO] - configure_evaluate: strategy sampled 5 clients (out of 20)
[2025-01-08 10:21:37,505][flwr][INFO] - aggregate_evaluate: received 5 results and 0 failures
[2025-01-08 10:21:37,505][flwr][INFO] - 
[2025-01-08 10:21:37,506][flwr][INFO] - [ROUND 5]
[2025-01-08 10:21:37,506][flwr][INFO] - configure_fit: strategy sampled 2 clients (out of 20)
[2025-01-08 10:21:41,321][flwr][INFO] - aggregate_fit: received 2 results and 0 failures
[2025-01-08 10:21:42,399][flwr][INFO] - fit progress: (5, 4.584431031224085, {'accuracy': 0.9827}, 32.681469573995855)
[2025-01-08 10:21:42,399][flwr][INFO] - configure_evaluate: strategy sampled 5 clients (out of 20)
[2025-01-08 10:21:43,042][flwr][INFO] - aggregate_evaluate: received 5 results and 0 failures
[2025-01-08 10:21:43,042][flwr][INFO] - 
[2025-01-08 10:21:43,042][flwr][INFO] - [ROUND 6]
[2025-01-08 10:21:43,043][flwr][INFO] - configure_fit: strategy sampled 2 clients (out of 20)
[2025-01-08 10:21:46,658][flwr][INFO] - aggregate_fit: received 2 results and 0 failures
[2025-01-08 10:21:48,323][flwr][INFO] - fit progress: (6, 5.414623165249395, {'accuracy': 0.9826}, 38.60488785000052)
[2025-01-08 10:21:48,323][flwr][INFO] - configure_evaluate: strategy sampled 5 clients (out of 20)
[2025-01-08 10:21:48,815][flwr][INFO] - aggregate_evaluate: received 5 results and 0 failures
[2025-01-08 10:21:48,815][flwr][INFO] - 
[2025-01-08 10:21:48,815][flwr][INFO] - [ROUND 7]
[2025-01-08 10:21:48,815][flwr][INFO] - configure_fit: strategy sampled 2 clients (out of 20)
[2025-01-08 10:21:52,270][flwr][INFO] - aggregate_fit: received 2 results and 0 failures
[2025-01-08 10:21:53,627][flwr][INFO] - fit progress: (7, 4.631612746594328, {'accuracy': 0.9834}, 43.90885528099898)
[2025-01-08 10:21:53,627][flwr][INFO] - configure_evaluate: strategy sampled 5 clients (out of 20)
[2025-01-08 10:21:54,201][flwr][INFO] - aggregate_evaluate: received 5 results and 0 failures
[2025-01-08 10:21:54,201][flwr][INFO] - 
[2025-01-08 10:21:54,201][flwr][INFO] - [ROUND 8]
[2025-01-08 10:21:54,201][flwr][INFO] - configure_fit: strategy sampled 2 clients (out of 20)
[2025-01-08 10:21:57,872][flwr][INFO] - aggregate_fit: received 2 results and 0 failures
[2025-01-08 10:21:59,350][flwr][INFO] - fit progress: (8, 4.4792340068706835, {'accuracy': 0.984}, 49.631968921996304)
[2025-01-08 10:21:59,350][flwr][INFO] - configure_evaluate: strategy sampled 5 clients (out of 20)
[2025-01-08 10:22:00,012][flwr][INFO] - aggregate_evaluate: received 5 results and 0 failures
[2025-01-08 10:22:00,012][flwr][INFO] - 
[2025-01-08 10:22:00,012][flwr][INFO] - [ROUND 9]
[2025-01-08 10:22:00,013][flwr][INFO] - configure_fit: strategy sampled 2 clients (out of 20)
[2025-01-08 10:22:03,708][flwr][INFO] - aggregate_fit: received 2 results and 0 failures
[2025-01-08 10:22:05,725][flwr][INFO] - fit progress: (9, 4.7591267884918125, {'accuracy': 0.9843}, 56.00719893499627)
[2025-01-08 10:22:05,725][flwr][INFO] - configure_evaluate: strategy sampled 5 clients (out of 20)
[2025-01-08 10:22:06,277][flwr][INFO] - aggregate_evaluate: received 5 results and 0 failures
[2025-01-08 10:22:06,277][flwr][INFO] - 
[2025-01-08 10:22:06,277][flwr][INFO] - [ROUND 10]
[2025-01-08 10:22:06,278][flwr][INFO] - configure_fit: strategy sampled 2 clients (out of 20)
[2025-01-08 10:22:09,743][flwr][INFO] - aggregate_fit: received 2 results and 0 failures
[2025-01-08 10:22:10,978][flwr][INFO] - fit progress: (10, 4.510761486266347, {'accuracy': 0.9839}, 61.26021247600147)
[2025-01-08 10:22:10,978][flwr][INFO] - configure_evaluate: strategy sampled 5 clients (out of 20)
[2025-01-08 10:22:11,588][flwr][INFO] - aggregate_evaluate: received 5 results and 0 failures
[2025-01-08 10:22:11,588][flwr][INFO] - 
[2025-01-08 10:22:11,588][flwr][INFO] - [ROUND 11]
[2025-01-08 10:22:11,588][flwr][INFO] - configure_fit: strategy sampled 2 clients (out of 20)
[2025-01-08 10:22:15,094][flwr][INFO] - aggregate_fit: received 2 results and 0 failures
[2025-01-08 10:22:16,393][flwr][INFO] - fit progress: (11, 3.930429219672078, {'accuracy': 0.9869}, 66.6750310589996)
[2025-01-08 10:22:16,393][flwr][INFO] - configure_evaluate: strategy sampled 5 clients (out of 20)
[2025-01-08 10:22:16,978][flwr][INFO] - aggregate_evaluate: received 5 results and 0 failures
[2025-01-08 10:22:16,978][flwr][INFO] - 
[2025-01-08 10:22:16,978][flwr][INFO] - [ROUND 12]
[2025-01-08 10:22:16,978][flwr][INFO] - configure_fit: strategy sampled 2 clients (out of 20)
[2025-01-08 10:22:20,484][flwr][INFO] - aggregate_fit: received 2 results and 0 failures
[2025-01-08 10:22:21,549][flwr][INFO] - fit progress: (12, 3.958266545020024, {'accuracy': 0.9866}, 71.83088550400134)
[2025-01-08 10:22:21,549][flwr][INFO] - configure_evaluate: strategy sampled 5 clients (out of 20)
[2025-01-08 10:22:22,156][flwr][INFO] - aggregate_evaluate: received 5 results and 0 failures
[2025-01-08 10:22:22,156][flwr][INFO] - 
[2025-01-08 10:22:22,156][flwr][INFO] - [ROUND 13]
[2025-01-08 10:22:22,157][flwr][INFO] - configure_fit: strategy sampled 2 clients (out of 20)
[2025-01-08 10:22:25,614][flwr][INFO] - aggregate_fit: received 2 results and 0 failures
[2025-01-08 10:22:26,816][flwr][INFO] - fit progress: (13, 4.085145272441196, {'accuracy': 0.9858}, 77.0982054729975)
[2025-01-08 10:22:26,816][flwr][INFO] - configure_evaluate: strategy sampled 5 clients (out of 20)
[2025-01-08 10:22:27,404][flwr][INFO] - aggregate_evaluate: received 5 results and 0 failures
[2025-01-08 10:22:27,404][flwr][INFO] - 
[2025-01-08 10:22:27,404][flwr][INFO] - [ROUND 14]
[2025-01-08 10:22:27,404][flwr][INFO] - configure_fit: strategy sampled 2 clients (out of 20)
[2025-01-08 10:22:30,981][flwr][INFO] - aggregate_fit: received 2 results and 0 failures
[2025-01-08 10:22:32,131][flwr][INFO] - fit progress: (14, 3.88988867515161, {'accuracy': 0.9868}, 82.41306408600212)
[2025-01-08 10:22:32,131][flwr][INFO] - configure_evaluate: strategy sampled 5 clients (out of 20)
[2025-01-08 10:22:32,712][flwr][INFO] - aggregate_evaluate: received 5 results and 0 failures
[2025-01-08 10:22:32,713][flwr][INFO] - 
[2025-01-08 10:22:32,713][flwr][INFO] - [ROUND 15]
[2025-01-08 10:22:32,713][flwr][INFO] - configure_fit: strategy sampled 2 clients (out of 20)
[2025-01-08 10:22:36,210][flwr][INFO] - aggregate_fit: received 2 results and 0 failures
[2025-01-08 10:22:37,427][flwr][INFO] - fit progress: (15, 3.8116720293537583, {'accuracy': 0.9879}, 87.70952324799873)
[2025-01-08 10:22:37,427][flwr][INFO] - configure_evaluate: strategy sampled 5 clients (out of 20)
[2025-01-08 10:22:38,029][flwr][INFO] - aggregate_evaluate: received 5 results and 0 failures
[2025-01-08 10:22:38,029][flwr][INFO] - 
[2025-01-08 10:22:38,029][flwr][INFO] - [SUMMARY]
[2025-01-08 10:22:38,029][flwr][INFO] - Run finished 15 round(s) in 88.31s
[2025-01-08 10:22:38,030][flwr][INFO] - 	History (loss, distributed):
[2025-01-08 10:22:38,030][flwr][INFO] - 		round 1: 2.9234034209512174
[2025-01-08 10:22:38,030][flwr][INFO] - 		round 2: 2.77814686284255
[2025-01-08 10:22:38,030][flwr][INFO] - 		round 3: 1.782095602006575
[2025-01-08 10:22:38,030][flwr][INFO] - 		round 4: 2.341798907662451
[2025-01-08 10:22:38,030][flwr][INFO] - 		round 5: 1.7874551916043857
[2025-01-08 10:22:38,030][flwr][INFO] - 		round 6: 2.3281810392745
[2025-01-08 10:22:38,030][flwr][INFO] - 		round 7: 0.8476791179225074
[2025-01-08 10:22:38,030][flwr][INFO] - 		round 8: 2.1333789503394653
[2025-01-08 10:22:38,030][flwr][INFO] - 		round 9: 0.9147342058700701
[2025-01-08 10:22:38,030][flwr][INFO] - 		round 10: 0.8661619739947127
[2025-01-08 10:22:38,030][flwr][INFO] - 		round 11: 1.601804667576755
[2025-01-08 10:22:38,030][flwr][INFO] - 		round 12: 1.2855123628770344
[2025-01-08 10:22:38,030][flwr][INFO] - 		round 13: 1.4848570191499675
[2025-01-08 10:22:38,030][flwr][INFO] - 		round 14: 1.644757524626084
[2025-01-08 10:22:38,030][flwr][INFO] - 		round 15: 1.6573110591690807
[2025-01-08 10:22:38,030][flwr][INFO] - 	History (loss, centralized):
[2025-01-08 10:22:38,030][flwr][INFO] - 		round 0: 181.98619508743286
[2025-01-08 10:22:38,030][flwr][INFO] - 		round 1: 13.29793484415859
[2025-01-08 10:22:38,030][flwr][INFO] - 		round 2: 7.045172961021308
[2025-01-08 10:22:38,030][flwr][INFO] - 		round 3: 7.4424532720586285
[2025-01-08 10:22:38,030][flwr][INFO] - 		round 4: 6.538397522395826
[2025-01-08 10:22:38,031][flwr][INFO] - 		round 5: 4.584431031224085
[2025-01-08 10:22:38,031][flwr][INFO] - 		round 6: 5.414623165249395
[2025-01-08 10:22:38,031][flwr][INFO] - 		round 7: 4.631612746594328
[2025-01-08 10:22:38,031][flwr][INFO] - 		round 8: 4.4792340068706835
[2025-01-08 10:22:38,031][flwr][INFO] - 		round 9: 4.7591267884918125
[2025-01-08 10:22:38,031][flwr][INFO] - 		round 10: 4.510761486266347
[2025-01-08 10:22:38,031][flwr][INFO] - 		round 11: 3.930429219672078
[2025-01-08 10:22:38,031][flwr][INFO] - 		round 12: 3.958266545020024
[2025-01-08 10:22:38,031][flwr][INFO] - 		round 13: 4.085145272441196
[2025-01-08 10:22:38,031][flwr][INFO] - 		round 14: 3.88988867515161
[2025-01-08 10:22:38,031][flwr][INFO] - 		round 15: 3.8116720293537583
[2025-01-08 10:22:38,031][flwr][INFO] - 	History (metrics, centralized):
[2025-01-08 10:22:38,031][flwr][INFO] - 	{'accuracy': [(0, 0.1164),
[2025-01-08 10:22:38,031][flwr][INFO] - 	              (1, 0.9492),
[2025-01-08 10:22:38,031][flwr][INFO] - 	              (2, 0.9714),
[2025-01-08 10:22:38,031][flwr][INFO] - 	              (3, 0.9735),
[2025-01-08 10:22:38,031][flwr][INFO] - 	              (4, 0.9753),
[2025-01-08 10:22:38,031][flwr][INFO] - 	              (5, 0.9827),
[2025-01-08 10:22:38,031][flwr][INFO] - 	              (6, 0.9826),
[2025-01-08 10:22:38,031][flwr][INFO] - 	              (7, 0.9834),
[2025-01-08 10:22:38,031][flwr][INFO] - 	              (8, 0.984),
[2025-01-08 10:22:38,031][flwr][INFO] - 	              (9, 0.9843),
[2025-01-08 10:22:38,031][flwr][INFO] - 	              (10, 0.9839),
[2025-01-08 10:22:38,031][flwr][INFO] - 	              (11, 0.9869),
[2025-01-08 10:22:38,031][flwr][INFO] - 	              (12, 0.9866),
[2025-01-08 10:22:38,032][flwr][INFO] - 	              (13, 0.9858),
[2025-01-08 10:22:38,032][flwr][INFO] - 	              (14, 0.9868),
[2025-01-08 10:22:38,032][flwr][INFO] - 	              (15, 0.9879)]}
[2025-01-08 10:22:38,032][flwr][INFO] - 
