[2025-01-07 22:22:27,706][flwr][INFO] - Starting Flower simulation, config: num_rounds=15, no round_timeout
[2025-01-07 22:22:31,434][flwr][INFO] - Flower VCE: Ray initialized with resources: {'memory': 6207477351.0, 'object_store_memory': 3103738675.0, 'node:192.168.1.11': 1.0, 'CPU': 12.0, 'node:__internal_head__': 1.0}
[2025-01-07 22:22:31,434][flwr][INFO] - Optimize your simulation with Flower VCE: https://flower.ai/docs/framework/how-to-run-simulations.html
[2025-01-07 22:22:31,434][flwr][INFO] - Flower VCE: Resources for each Virtual Client: {'num_cpus': 2, 'num_gpus': 0}
[2025-01-07 22:22:31,443][flwr][INFO] - Flower VCE: Creating VirtualClientEngineActorPool with 6 actors
[2025-01-07 22:22:31,444][flwr][INFO] - [INIT]
[2025-01-07 22:22:31,444][flwr][INFO] - Requesting initial parameters from one random client
[2025-01-07 22:22:33,795][flwr][INFO] - Received initial parameters from one random client
[2025-01-07 22:22:33,795][flwr][INFO] - Starting evaluation of initial global parameters
[2025-01-07 22:22:34,981][flwr][INFO] - initial parameters (loss, other metrics): 182.3143048286438, {'accuracy': 0.0624}
[2025-01-07 22:22:34,982][flwr][INFO] - 
[2025-01-07 22:22:34,982][flwr][INFO] - [ROUND 1]
[2025-01-07 22:22:34,982][flwr][INFO] - configure_fit: strategy sampled 2 clients (out of 10)
[2025-01-07 22:22:44,892][flwr][INFO] - aggregate_fit: received 2 results and 0 failures
[2025-01-07 22:22:44,895][flwr][WARNING] - No fit_metrics_aggregation_fn provided
[2025-01-07 22:22:46,023][flwr][INFO] - fit progress: (1, 182.03355622291565, {'accuracy': 0.1136}, 11.041092989995377)
[2025-01-07 22:22:46,023][flwr][INFO] - configure_evaluate: strategy sampled 5 clients (out of 10)
[2025-01-07 22:22:49,757][flwr][INFO] - aggregate_evaluate: received 5 results and 0 failures
[2025-01-07 22:22:49,757][flwr][WARNING] - No evaluate_metrics_aggregation_fn provided
[2025-01-07 22:22:49,757][flwr][INFO] - 
[2025-01-07 22:22:49,757][flwr][INFO] - [ROUND 2]
[2025-01-07 22:22:49,758][flwr][INFO] - configure_fit: strategy sampled 2 clients (out of 10)
[2025-01-07 22:22:56,582][flwr][INFO] - aggregate_fit: received 2 results and 0 failures
[2025-01-07 22:22:58,052][flwr][INFO] - fit progress: (2, 182.1303427219391, {'accuracy': 0.1028}, 23.070431847998407)
[2025-01-07 22:22:58,052][flwr][INFO] - configure_evaluate: strategy sampled 5 clients (out of 10)
[2025-01-07 22:22:58,803][flwr][INFO] - aggregate_evaluate: received 5 results and 0 failures
[2025-01-07 22:22:58,803][flwr][INFO] - 
[2025-01-07 22:22:58,803][flwr][INFO] - [ROUND 3]
[2025-01-07 22:22:58,803][flwr][INFO] - configure_fit: strategy sampled 2 clients (out of 10)
[2025-01-07 22:23:05,805][flwr][INFO] - aggregate_fit: received 2 results and 0 failures
[2025-01-07 22:23:07,299][flwr][INFO] - fit progress: (3, 182.57726407051086, {'accuracy': 0.1032}, 32.316951595996215)
[2025-01-07 22:23:07,299][flwr][INFO] - configure_evaluate: strategy sampled 5 clients (out of 10)
[2025-01-07 22:23:08,062][flwr][INFO] - aggregate_evaluate: received 5 results and 0 failures
[2025-01-07 22:23:08,062][flwr][INFO] - 
[2025-01-07 22:23:08,063][flwr][INFO] - [ROUND 4]
[2025-01-07 22:23:08,063][flwr][INFO] - configure_fit: strategy sampled 2 clients (out of 10)
[2025-01-07 22:23:15,152][flwr][INFO] - aggregate_fit: received 2 results and 0 failures
[2025-01-07 22:23:17,051][flwr][INFO] - fit progress: (4, 182.15183281898499, {'accuracy': 0.0974}, 42.06959101099346)
[2025-01-07 22:23:17,052][flwr][INFO] - configure_evaluate: strategy sampled 5 clients (out of 10)
[2025-01-07 22:23:17,726][flwr][INFO] - aggregate_evaluate: received 5 results and 0 failures
[2025-01-07 22:23:17,726][flwr][INFO] - 
[2025-01-07 22:23:17,726][flwr][INFO] - [ROUND 5]
[2025-01-07 22:23:17,726][flwr][INFO] - configure_fit: strategy sampled 2 clients (out of 10)
[2025-01-07 22:23:24,685][flwr][INFO] - aggregate_fit: received 2 results and 0 failures
[2025-01-07 22:23:26,366][flwr][INFO] - fit progress: (5, 180.43322682380676, {'accuracy': 0.1572}, 51.38383319299464)
[2025-01-07 22:23:26,366][flwr][INFO] - configure_evaluate: strategy sampled 5 clients (out of 10)
[2025-01-07 22:23:27,054][flwr][INFO] - aggregate_evaluate: received 5 results and 0 failures
[2025-01-07 22:23:27,055][flwr][INFO] - 
[2025-01-07 22:23:27,055][flwr][INFO] - [ROUND 6]
[2025-01-07 22:23:27,055][flwr][INFO] - configure_fit: strategy sampled 2 clients (out of 10)
[2025-01-07 22:23:34,343][flwr][INFO] - aggregate_fit: received 2 results and 0 failures
[2025-01-07 22:23:35,567][flwr][INFO] - fit progress: (6, 185.42887711524963, {'accuracy': 0.0855}, 60.58484379899892)
[2025-01-07 22:23:35,567][flwr][INFO] - configure_evaluate: strategy sampled 5 clients (out of 10)
[2025-01-07 22:23:36,375][flwr][INFO] - aggregate_evaluate: received 5 results and 0 failures
[2025-01-07 22:23:36,375][flwr][INFO] - 
[2025-01-07 22:23:36,375][flwr][INFO] - [ROUND 7]
[2025-01-07 22:23:36,376][flwr][INFO] - configure_fit: strategy sampled 2 clients (out of 10)
[2025-01-07 22:23:43,610][flwr][INFO] - aggregate_fit: received 2 results and 0 failures
[2025-01-07 22:23:44,901][flwr][INFO] - fit progress: (7, 182.92024993896484, {'accuracy': 0.1009}, 69.91902737700002)
[2025-01-07 22:23:44,901][flwr][INFO] - configure_evaluate: strategy sampled 5 clients (out of 10)
[2025-01-07 22:23:45,679][flwr][INFO] - aggregate_evaluate: received 5 results and 0 failures
[2025-01-07 22:23:45,679][flwr][INFO] - 
[2025-01-07 22:23:45,679][flwr][INFO] - [ROUND 8]
[2025-01-07 22:23:45,680][flwr][INFO] - configure_fit: strategy sampled 2 clients (out of 10)
[2025-01-07 22:23:52,880][flwr][INFO] - aggregate_fit: received 2 results and 0 failures
[2025-01-07 22:23:54,431][flwr][INFO] - fit progress: (8, 182.36688446998596, {'accuracy': 0.0958}, 79.44895788599388)
[2025-01-07 22:23:54,431][flwr][INFO] - configure_evaluate: strategy sampled 5 clients (out of 10)
[2025-01-07 22:23:55,176][flwr][INFO] - aggregate_evaluate: received 5 results and 0 failures
[2025-01-07 22:23:55,177][flwr][INFO] - 
[2025-01-07 22:23:55,177][flwr][INFO] - [ROUND 9]
[2025-01-07 22:23:55,177][flwr][INFO] - configure_fit: strategy sampled 2 clients (out of 10)
[2025-01-07 22:24:02,293][flwr][INFO] - aggregate_fit: received 2 results and 0 failures
[2025-01-07 22:24:03,692][flwr][INFO] - fit progress: (9, 181.99362325668335, {'accuracy': 0.1135}, 88.70996646699496)
[2025-01-07 22:24:03,692][flwr][INFO] - configure_evaluate: strategy sampled 5 clients (out of 10)
[2025-01-07 22:24:04,451][flwr][INFO] - aggregate_evaluate: received 5 results and 0 failures
[2025-01-07 22:24:04,452][flwr][INFO] - 
[2025-01-07 22:24:04,452][flwr][INFO] - [ROUND 10]
[2025-01-07 22:24:04,452][flwr][INFO] - configure_fit: strategy sampled 2 clients (out of 10)
[2025-01-07 22:24:11,561][flwr][INFO] - aggregate_fit: received 2 results and 0 failures
[2025-01-07 22:24:12,771][flwr][INFO] - fit progress: (10, 182.33398985862732, {'accuracy': 0.1135}, 97.78881416999502)
[2025-01-07 22:24:12,771][flwr][INFO] - configure_evaluate: strategy sampled 5 clients (out of 10)
[2025-01-07 22:24:13,532][flwr][INFO] - aggregate_evaluate: received 5 results and 0 failures
[2025-01-07 22:24:13,532][flwr][INFO] - 
[2025-01-07 22:24:13,532][flwr][INFO] - [ROUND 11]
[2025-01-07 22:24:13,532][flwr][INFO] - configure_fit: strategy sampled 2 clients (out of 10)
[2025-01-07 22:24:20,547][flwr][INFO] - aggregate_fit: received 2 results and 0 failures
[2025-01-07 22:24:22,135][flwr][INFO] - fit progress: (11, 182.12153434753418, {'accuracy': 0.1009}, 107.1535265509956)
[2025-01-07 22:24:22,136][flwr][INFO] - configure_evaluate: strategy sampled 5 clients (out of 10)
[2025-01-07 22:24:22,887][flwr][INFO] - aggregate_evaluate: received 5 results and 0 failures
[2025-01-07 22:24:22,887][flwr][INFO] - 
[2025-01-07 22:24:22,887][flwr][INFO] - [ROUND 12]
[2025-01-07 22:24:22,887][flwr][INFO] - configure_fit: strategy sampled 2 clients (out of 10)
[2025-01-07 22:24:30,080][flwr][INFO] - aggregate_fit: received 2 results and 0 failures
[2025-01-07 22:24:31,544][flwr][INFO] - fit progress: (12, 182.11334133148193, {'accuracy': 0.0974}, 116.56230245199549)
[2025-01-07 22:24:31,544][flwr][INFO] - configure_evaluate: strategy sampled 5 clients (out of 10)
[2025-01-07 22:24:32,322][flwr][INFO] - aggregate_evaluate: received 5 results and 0 failures
[2025-01-07 22:24:32,322][flwr][INFO] - 
[2025-01-07 22:24:32,322][flwr][INFO] - [ROUND 13]
[2025-01-07 22:24:32,323][flwr][INFO] - configure_fit: strategy sampled 2 clients (out of 10)
[2025-01-07 22:24:39,295][flwr][INFO] - aggregate_fit: received 2 results and 0 failures
[2025-01-07 22:24:40,561][flwr][INFO] - fit progress: (13, 182.33968925476074, {'accuracy': 0.0974}, 125.57941211199795)
[2025-01-07 22:24:40,562][flwr][INFO] - configure_evaluate: strategy sampled 5 clients (out of 10)
[2025-01-07 22:24:41,375][flwr][INFO] - aggregate_evaluate: received 5 results and 0 failures
[2025-01-07 22:24:41,376][flwr][INFO] - 
[2025-01-07 22:24:41,376][flwr][INFO] - [ROUND 14]
[2025-01-07 22:24:41,376][flwr][INFO] - configure_fit: strategy sampled 2 clients (out of 10)
[2025-01-07 22:24:48,235][flwr][INFO] - aggregate_fit: received 2 results and 0 failures
[2025-01-07 22:24:49,493][flwr][INFO] - fit progress: (14, 182.3332016468048, {'accuracy': 0.1135}, 134.51080717999866)
[2025-01-07 22:24:49,493][flwr][INFO] - configure_evaluate: strategy sampled 5 clients (out of 10)
[2025-01-07 22:24:50,277][flwr][INFO] - aggregate_evaluate: received 5 results and 0 failures
[2025-01-07 22:24:50,277][flwr][INFO] - 
[2025-01-07 22:24:50,277][flwr][INFO] - [ROUND 15]
[2025-01-07 22:24:50,277][flwr][INFO] - configure_fit: strategy sampled 2 clients (out of 10)
[2025-01-07 22:24:57,394][flwr][INFO] - aggregate_fit: received 2 results and 0 failures
[2025-01-07 22:24:58,908][flwr][INFO] - fit progress: (15, 182.3151032924652, {'accuracy': 0.1028}, 143.92668213699653)
[2025-01-07 22:24:58,909][flwr][INFO] - configure_evaluate: strategy sampled 5 clients (out of 10)
[2025-01-07 22:24:59,618][flwr][INFO] - aggregate_evaluate: received 5 results and 0 failures
[2025-01-07 22:24:59,618][flwr][INFO] - 
[2025-01-07 22:24:59,618][flwr][INFO] - [SUMMARY]
[2025-01-07 22:24:59,618][flwr][INFO] - Run finished 15 round(s) in 144.64s
[2025-01-07 22:24:59,619][flwr][INFO] - 	History (loss, distributed):
[2025-01-07 22:24:59,619][flwr][INFO] - 		round 1: 87.43271079063416
[2025-01-07 22:24:59,619][flwr][INFO] - 		round 2: 87.60389881134033
[2025-01-07 22:24:59,619][flwr][INFO] - 		round 3: 87.80851016044616
[2025-01-07 22:24:59,619][flwr][INFO] - 		round 4: 87.65116639137268
[2025-01-07 22:24:59,619][flwr][INFO] - 		round 5: 87.05188841819763
[2025-01-07 22:24:59,619][flwr][INFO] - 		round 6: 89.12380623817444
[2025-01-07 22:24:59,619][flwr][INFO] - 		round 7: 88.14543981552124
[2025-01-07 22:24:59,619][flwr][INFO] - 		round 8: 87.63096165657043
[2025-01-07 22:24:59,619][flwr][INFO] - 		round 9: 87.61982817649842
[2025-01-07 22:24:59,619][flwr][INFO] - 		round 10: 87.59870009422302
[2025-01-07 22:24:59,619][flwr][INFO] - 		round 11: 87.64950618743896
[2025-01-07 22:24:59,619][flwr][INFO] - 		round 12: 87.63040356636047
[2025-01-07 22:24:59,619][flwr][INFO] - 		round 13: 87.60500402450562
[2025-01-07 22:24:59,619][flwr][INFO] - 		round 14: 87.78627133369446
[2025-01-07 22:24:59,619][flwr][INFO] - 		round 15: 87.77133469581604
[2025-01-07 22:24:59,619][flwr][INFO] - 	History (loss, centralized):
[2025-01-07 22:24:59,619][flwr][INFO] - 		round 0: 182.3143048286438
[2025-01-07 22:24:59,619][flwr][INFO] - 		round 1: 182.03355622291565
[2025-01-07 22:24:59,619][flwr][INFO] - 		round 2: 182.1303427219391
[2025-01-07 22:24:59,620][flwr][INFO] - 		round 3: 182.57726407051086
[2025-01-07 22:24:59,620][flwr][INFO] - 		round 4: 182.15183281898499
[2025-01-07 22:24:59,620][flwr][INFO] - 		round 5: 180.43322682380676
[2025-01-07 22:24:59,620][flwr][INFO] - 		round 6: 185.42887711524963
[2025-01-07 22:24:59,620][flwr][INFO] - 		round 7: 182.92024993896484
[2025-01-07 22:24:59,620][flwr][INFO] - 		round 8: 182.36688446998596
[2025-01-07 22:24:59,620][flwr][INFO] - 		round 9: 181.99362325668335
[2025-01-07 22:24:59,620][flwr][INFO] - 		round 10: 182.33398985862732
[2025-01-07 22:24:59,620][flwr][INFO] - 		round 11: 182.12153434753418
[2025-01-07 22:24:59,620][flwr][INFO] - 		round 12: 182.11334133148193
[2025-01-07 22:24:59,620][flwr][INFO] - 		round 13: 182.33968925476074
[2025-01-07 22:24:59,620][flwr][INFO] - 		round 14: 182.3332016468048
[2025-01-07 22:24:59,620][flwr][INFO] - 		round 15: 182.3151032924652
[2025-01-07 22:24:59,620][flwr][INFO] - 	History (metrics, centralized):
[2025-01-07 22:24:59,620][flwr][INFO] - 	{'accuracy': [(0, 0.0624),
[2025-01-07 22:24:59,620][flwr][INFO] - 	              (1, 0.1136),
[2025-01-07 22:24:59,620][flwr][INFO] - 	              (2, 0.1028),
[2025-01-07 22:24:59,620][flwr][INFO] - 	              (3, 0.1032),
[2025-01-07 22:24:59,620][flwr][INFO] - 	              (4, 0.0974),
[2025-01-07 22:24:59,620][flwr][INFO] - 	              (5, 0.1572),
[2025-01-07 22:24:59,620][flwr][INFO] - 	              (6, 0.0855),
[2025-01-07 22:24:59,621][flwr][INFO] - 	              (7, 0.1009),
[2025-01-07 22:24:59,621][flwr][INFO] - 	              (8, 0.0958),
[2025-01-07 22:24:59,621][flwr][INFO] - 	              (9, 0.1135),
[2025-01-07 22:24:59,621][flwr][INFO] - 	              (10, 0.1135),
[2025-01-07 22:24:59,621][flwr][INFO] - 	              (11, 0.1009),
[2025-01-07 22:24:59,621][flwr][INFO] - 	              (12, 0.0974),
[2025-01-07 22:24:59,621][flwr][INFO] - 	              (13, 0.0974),
[2025-01-07 22:24:59,621][flwr][INFO] - 	              (14, 0.1135),
[2025-01-07 22:24:59,621][flwr][INFO] - 	              (15, 0.1028)]}
[2025-01-07 22:24:59,621][flwr][INFO] - 
