[2025-01-08 10:33:35,799][flwr][INFO] - Starting Flower simulation, config: num_rounds=15, no round_timeout
[2025-01-08 10:33:39,405][flwr][INFO] - Flower VCE: Ray initialized with resources: {'node:192.168.1.11': 1.0, 'CPU': 12.0, 'memory': 5955504539.0, 'object_store_memory': 2977752268.0, 'node:__internal_head__': 1.0}
[2025-01-08 10:33:39,405][flwr][INFO] - Optimize your simulation with Flower VCE: https://flower.ai/docs/framework/how-to-run-simulations.html
[2025-01-08 10:33:39,405][flwr][INFO] - Flower VCE: Resources for each Virtual Client: {'num_cpus': 2, 'num_gpus': 0}
[2025-01-08 10:33:39,413][flwr][INFO] - Flower VCE: Creating VirtualClientEngineActorPool with 6 actors
[2025-01-08 10:33:39,414][flwr][INFO] - [INIT]
[2025-01-08 10:33:39,414][flwr][INFO] - Requesting initial parameters from one random client
[2025-01-08 10:33:41,756][flwr][INFO] - Received initial parameters from one random client
[2025-01-08 10:33:41,757][flwr][INFO] - Starting evaluation of initial global parameters
[2025-01-08 10:33:43,332][flwr][INFO] - initial parameters (loss, other metrics): 182.2797508239746, {'accuracy': 0.1227}
[2025-01-08 10:33:43,332][flwr][INFO] - 
[2025-01-08 10:33:43,333][flwr][INFO] - [ROUND 1]
[2025-01-08 10:33:43,333][flwr][INFO] - configure_fit: strategy sampled 2 clients (out of 20)
[2025-01-08 10:33:49,759][flwr][INFO] - aggregate_fit: received 2 results and 0 failures
[2025-01-08 10:33:49,762][flwr][WARNING] - No fit_metrics_aggregation_fn provided
[2025-01-08 10:33:51,154][flwr][INFO] - fit progress: (1, 11.454815862467512, {'accuracy': 0.9556}, 7.82188393099932)
[2025-01-08 10:33:51,155][flwr][INFO] - configure_evaluate: strategy sampled 2 clients (out of 20)
[2025-01-08 10:33:51,460][flwr][INFO] - aggregate_evaluate: received 2 results and 0 failures
[2025-01-08 10:33:51,460][flwr][WARNING] - No evaluate_metrics_aggregation_fn provided
[2025-01-08 10:33:51,461][flwr][INFO] - 
[2025-01-08 10:33:51,461][flwr][INFO] - [ROUND 2]
[2025-01-08 10:33:51,461][flwr][INFO] - configure_fit: strategy sampled 2 clients (out of 20)
[2025-01-08 10:33:55,912][flwr][INFO] - aggregate_fit: received 2 results and 0 failures
[2025-01-08 10:33:57,332][flwr][INFO] - fit progress: (2, 7.1285147929156665, {'accuracy': 0.9734}, 13.99915280300047)
[2025-01-08 10:33:57,332][flwr][INFO] - configure_evaluate: strategy sampled 2 clients (out of 20)
[2025-01-08 10:33:57,604][flwr][INFO] - aggregate_evaluate: received 2 results and 0 failures
[2025-01-08 10:33:57,604][flwr][INFO] - 
[2025-01-08 10:33:57,604][flwr][INFO] - [ROUND 3]
[2025-01-08 10:33:57,604][flwr][INFO] - configure_fit: strategy sampled 2 clients (out of 20)
[2025-01-08 10:34:01,943][flwr][INFO] - aggregate_fit: received 2 results and 0 failures
[2025-01-08 10:34:03,071][flwr][INFO] - fit progress: (3, 6.404282492421771, {'accuracy': 0.9782}, 19.738803248001204)
[2025-01-08 10:34:03,072][flwr][INFO] - configure_evaluate: strategy sampled 2 clients (out of 20)
[2025-01-08 10:34:03,393][flwr][INFO] - aggregate_evaluate: received 2 results and 0 failures
[2025-01-08 10:34:03,393][flwr][INFO] - 
[2025-01-08 10:34:03,393][flwr][INFO] - [ROUND 4]
[2025-01-08 10:34:03,394][flwr][INFO] - configure_fit: strategy sampled 2 clients (out of 20)
[2025-01-08 10:34:07,596][flwr][INFO] - aggregate_fit: received 2 results and 0 failures
[2025-01-08 10:34:08,715][flwr][INFO] - fit progress: (4, 5.427776677326619, {'accuracy': 0.979}, 25.382955291002872)
[2025-01-08 10:34:08,716][flwr][INFO] - configure_evaluate: strategy sampled 2 clients (out of 20)
[2025-01-08 10:34:09,034][flwr][INFO] - aggregate_evaluate: received 2 results and 0 failures
[2025-01-08 10:34:09,034][flwr][INFO] - 
[2025-01-08 10:34:09,034][flwr][INFO] - [ROUND 5]
[2025-01-08 10:34:09,034][flwr][INFO] - configure_fit: strategy sampled 2 clients (out of 20)
[2025-01-08 10:34:13,304][flwr][INFO] - aggregate_fit: received 2 results and 0 failures
[2025-01-08 10:34:14,640][flwr][INFO] - fit progress: (5, 5.177781974209438, {'accuracy': 0.9809}, 31.307603285997175)
[2025-01-08 10:34:14,640][flwr][INFO] - configure_evaluate: strategy sampled 2 clients (out of 20)
[2025-01-08 10:34:14,938][flwr][INFO] - aggregate_evaluate: received 2 results and 0 failures
[2025-01-08 10:34:14,938][flwr][INFO] - 
[2025-01-08 10:34:14,938][flwr][INFO] - [ROUND 6]
[2025-01-08 10:34:14,938][flwr][INFO] - configure_fit: strategy sampled 2 clients (out of 20)
[2025-01-08 10:34:19,119][flwr][INFO] - aggregate_fit: received 2 results and 0 failures
[2025-01-08 10:34:20,455][flwr][INFO] - fit progress: (6, 4.910852337850429, {'accuracy': 0.9822}, 37.12236553399998)
[2025-01-08 10:34:20,455][flwr][INFO] - configure_evaluate: strategy sampled 2 clients (out of 20)
[2025-01-08 10:34:20,736][flwr][INFO] - aggregate_evaluate: received 2 results and 0 failures
[2025-01-08 10:34:20,736][flwr][INFO] - 
[2025-01-08 10:34:20,736][flwr][INFO] - [ROUND 7]
[2025-01-08 10:34:20,737][flwr][INFO] - configure_fit: strategy sampled 2 clients (out of 20)
[2025-01-08 10:34:24,969][flwr][INFO] - aggregate_fit: received 2 results and 0 failures
[2025-01-08 10:34:26,127][flwr][INFO] - fit progress: (7, 4.955769173122917, {'accuracy': 0.9834}, 42.7941656710027)
[2025-01-08 10:34:26,127][flwr][INFO] - configure_evaluate: strategy sampled 2 clients (out of 20)
[2025-01-08 10:34:26,419][flwr][INFO] - aggregate_evaluate: received 2 results and 0 failures
[2025-01-08 10:34:26,420][flwr][INFO] - 
[2025-01-08 10:34:26,420][flwr][INFO] - [ROUND 8]
[2025-01-08 10:34:26,420][flwr][INFO] - configure_fit: strategy sampled 2 clients (out of 20)
[2025-01-08 10:34:30,504][flwr][INFO] - aggregate_fit: received 2 results and 0 failures
[2025-01-08 10:34:31,587][flwr][INFO] - fit progress: (8, 4.673600024603729, {'accuracy': 0.9849}, 48.25474439199752)
[2025-01-08 10:34:31,587][flwr][INFO] - configure_evaluate: strategy sampled 2 clients (out of 20)
[2025-01-08 10:34:31,907][flwr][INFO] - aggregate_evaluate: received 2 results and 0 failures
[2025-01-08 10:34:31,907][flwr][INFO] - 
[2025-01-08 10:34:31,907][flwr][INFO] - [ROUND 9]
[2025-01-08 10:34:31,907][flwr][INFO] - configure_fit: strategy sampled 2 clients (out of 20)
[2025-01-08 10:34:36,026][flwr][INFO] - aggregate_fit: received 2 results and 0 failures
[2025-01-08 10:34:37,332][flwr][INFO] - fit progress: (9, 3.9898682452076173, {'accuracy': 0.9859}, 53.999377478001406)
[2025-01-08 10:34:37,332][flwr][INFO] - configure_evaluate: strategy sampled 2 clients (out of 20)
[2025-01-08 10:34:37,624][flwr][INFO] - aggregate_evaluate: received 2 results and 0 failures
[2025-01-08 10:34:37,625][flwr][INFO] - 
[2025-01-08 10:34:37,625][flwr][INFO] - [ROUND 10]
[2025-01-08 10:34:37,625][flwr][INFO] - configure_fit: strategy sampled 2 clients (out of 20)
[2025-01-08 10:34:41,773][flwr][INFO] - aggregate_fit: received 2 results and 0 failures
[2025-01-08 10:34:42,984][flwr][INFO] - fit progress: (10, 4.248435094434171, {'accuracy': 0.9854}, 59.651351070999226)
[2025-01-08 10:34:42,984][flwr][INFO] - configure_evaluate: strategy sampled 2 clients (out of 20)
[2025-01-08 10:34:43,299][flwr][INFO] - aggregate_evaluate: received 2 results and 0 failures
[2025-01-08 10:34:43,299][flwr][INFO] - 
[2025-01-08 10:34:43,299][flwr][INFO] - [ROUND 11]
[2025-01-08 10:34:43,300][flwr][INFO] - configure_fit: strategy sampled 2 clients (out of 20)
[2025-01-08 10:34:47,395][flwr][INFO] - aggregate_fit: received 2 results and 0 failures
[2025-01-08 10:34:48,524][flwr][INFO] - fit progress: (11, 4.231907644071271, {'accuracy': 0.9849}, 65.19141942499846)
[2025-01-08 10:34:48,524][flwr][INFO] - configure_evaluate: strategy sampled 2 clients (out of 20)
[2025-01-08 10:34:48,833][flwr][INFO] - aggregate_evaluate: received 2 results and 0 failures
[2025-01-08 10:34:48,833][flwr][INFO] - 
[2025-01-08 10:34:48,833][flwr][INFO] - [ROUND 12]
[2025-01-08 10:34:48,833][flwr][INFO] - configure_fit: strategy sampled 2 clients (out of 20)
[2025-01-08 10:34:53,043][flwr][INFO] - aggregate_fit: received 2 results and 0 failures
[2025-01-08 10:34:54,262][flwr][INFO] - fit progress: (12, 4.054687881420932, {'accuracy': 0.9868}, 70.92976514699694)
[2025-01-08 10:34:54,262][flwr][INFO] - configure_evaluate: strategy sampled 2 clients (out of 20)
[2025-01-08 10:34:54,568][flwr][INFO] - aggregate_evaluate: received 2 results and 0 failures
[2025-01-08 10:34:54,568][flwr][INFO] - 
[2025-01-08 10:34:54,568][flwr][INFO] - [ROUND 13]
[2025-01-08 10:34:54,568][flwr][INFO] - configure_fit: strategy sampled 2 clients (out of 20)
[2025-01-08 10:34:58,667][flwr][INFO] - aggregate_fit: received 2 results and 0 failures
[2025-01-08 10:35:00,166][flwr][INFO] - fit progress: (13, 4.058402342188401, {'accuracy': 0.9855}, 76.83334781399753)
[2025-01-08 10:35:00,166][flwr][INFO] - configure_evaluate: strategy sampled 2 clients (out of 20)
[2025-01-08 10:35:00,454][flwr][INFO] - aggregate_evaluate: received 2 results and 0 failures
[2025-01-08 10:35:00,454][flwr][INFO] - 
[2025-01-08 10:35:00,455][flwr][INFO] - [ROUND 14]
[2025-01-08 10:35:00,455][flwr][INFO] - configure_fit: strategy sampled 2 clients (out of 20)
[2025-01-08 10:35:04,662][flwr][INFO] - aggregate_fit: received 2 results and 0 failures
[2025-01-08 10:35:05,992][flwr][INFO] - fit progress: (14, 3.5170972276758903, {'accuracy': 0.9872}, 82.65922786900046)
[2025-01-08 10:35:05,992][flwr][INFO] - configure_evaluate: strategy sampled 2 clients (out of 20)
[2025-01-08 10:35:06,276][flwr][INFO] - aggregate_evaluate: received 2 results and 0 failures
[2025-01-08 10:35:06,276][flwr][INFO] - 
[2025-01-08 10:35:06,276][flwr][INFO] - [ROUND 15]
[2025-01-08 10:35:06,276][flwr][INFO] - configure_fit: strategy sampled 2 clients (out of 20)
[2025-01-08 10:35:10,386][flwr][INFO] - aggregate_fit: received 2 results and 0 failures
[2025-01-08 10:35:11,629][flwr][INFO] - fit progress: (15, 3.555898083119928, {'accuracy': 0.9877}, 88.29605822300073)
[2025-01-08 10:35:11,629][flwr][INFO] - configure_evaluate: strategy sampled 2 clients (out of 20)
[2025-01-08 10:35:11,942][flwr][INFO] - aggregate_evaluate: received 2 results and 0 failures
[2025-01-08 10:35:11,942][flwr][INFO] - 
[2025-01-08 10:35:11,943][flwr][INFO] - [SUMMARY]
[2025-01-08 10:35:11,943][flwr][INFO] - Run finished 15 round(s) in 88.61s
[2025-01-08 10:35:11,943][flwr][INFO] - 	History (loss, distributed):
[2025-01-08 10:35:11,943][flwr][INFO] - 		round 1: 1.409960395656526
[2025-01-08 10:35:11,943][flwr][INFO] - 		round 2: 1.2855915636755526
[2025-01-08 10:35:11,943][flwr][INFO] - 		round 3: 1.621321870792599
[2025-01-08 10:35:11,944][flwr][INFO] - 		round 4: 1.0065345137554687
[2025-01-08 10:35:11,944][flwr][INFO] - 		round 5: 0.963585737653375
[2025-01-08 10:35:11,944][flwr][INFO] - 		round 6: 1.6228091333941848
[2025-01-08 10:35:11,944][flwr][INFO] - 		round 7: 0.552712289637725
[2025-01-08 10:35:11,944][flwr][INFO] - 		round 8: 0.7242674902599902
[2025-01-08 10:35:11,944][flwr][INFO] - 		round 9: 0.3850384624895469
[2025-01-08 10:35:11,944][flwr][INFO] - 		round 10: 1.6156569274862704
[2025-01-08 10:35:11,944][flwr][INFO] - 		round 11: 0.5966724631134639
[2025-01-08 10:35:11,944][flwr][INFO] - 		round 12: 0.6744826452004418
[2025-01-08 10:35:11,945][flwr][INFO] - 		round 13: 0.3891541212717584
[2025-01-08 10:35:11,945][flwr][INFO] - 		round 14: 0.4987834847784143
[2025-01-08 10:35:11,945][flwr][INFO] - 		round 15: 0.2173580789517473
[2025-01-08 10:35:11,945][flwr][INFO] - 	History (loss, centralized):
[2025-01-08 10:35:11,945][flwr][INFO] - 		round 0: 182.2797508239746
[2025-01-08 10:35:11,945][flwr][INFO] - 		round 1: 11.454815862467512
[2025-01-08 10:35:11,945][flwr][INFO] - 		round 2: 7.1285147929156665
[2025-01-08 10:35:11,945][flwr][INFO] - 		round 3: 6.404282492421771
[2025-01-08 10:35:11,945][flwr][INFO] - 		round 4: 5.427776677326619
[2025-01-08 10:35:11,945][flwr][INFO] - 		round 5: 5.177781974209438
[2025-01-08 10:35:11,946][flwr][INFO] - 		round 6: 4.910852337850429
[2025-01-08 10:35:11,946][flwr][INFO] - 		round 7: 4.955769173122917
[2025-01-08 10:35:11,946][flwr][INFO] - 		round 8: 4.673600024603729
[2025-01-08 10:35:11,946][flwr][INFO] - 		round 9: 3.9898682452076173
[2025-01-08 10:35:11,946][flwr][INFO] - 		round 10: 4.248435094434171
[2025-01-08 10:35:11,946][flwr][INFO] - 		round 11: 4.231907644071271
[2025-01-08 10:35:11,946][flwr][INFO] - 		round 12: 4.054687881420932
[2025-01-08 10:35:11,946][flwr][INFO] - 		round 13: 4.058402342188401
[2025-01-08 10:35:11,946][flwr][INFO] - 		round 14: 3.5170972276758903
[2025-01-08 10:35:11,946][flwr][INFO] - 		round 15: 3.555898083119928
[2025-01-08 10:35:11,947][flwr][INFO] - 	History (metrics, centralized):
[2025-01-08 10:35:11,947][flwr][INFO] - 	{'accuracy': [(0, 0.1227),
[2025-01-08 10:35:11,947][flwr][INFO] - 	              (1, 0.9556),
[2025-01-08 10:35:11,947][flwr][INFO] - 	              (2, 0.9734),
[2025-01-08 10:35:11,947][flwr][INFO] - 	              (3, 0.9782),
[2025-01-08 10:35:11,947][flwr][INFO] - 	              (4, 0.979),
[2025-01-08 10:35:11,947][flwr][INFO] - 	              (5, 0.9809),
[2025-01-08 10:35:11,947][flwr][INFO] - 	              (6, 0.9822),
[2025-01-08 10:35:11,947][flwr][INFO] - 	              (7, 0.9834),
[2025-01-08 10:35:11,947][flwr][INFO] - 	              (8, 0.9849),
[2025-01-08 10:35:11,947][flwr][INFO] - 	              (9, 0.9859),
[2025-01-08 10:35:11,948][flwr][INFO] - 	              (10, 0.9854),
[2025-01-08 10:35:11,948][flwr][INFO] - 	              (11, 0.9849),
[2025-01-08 10:35:11,948][flwr][INFO] - 	              (12, 0.9868),
[2025-01-08 10:35:11,948][flwr][INFO] - 	              (13, 0.9855),
[2025-01-08 10:35:11,948][flwr][INFO] - 	              (14, 0.9872),
[2025-01-08 10:35:11,948][flwr][INFO] - 	              (15, 0.9877)]}
[2025-01-08 10:35:11,948][flwr][INFO] - 
