[2024-12-30 10:24:17,825][flwr][INFO] - Starting Flower simulation, config: num_rounds=10, no round_timeout
[2024-12-30 10:24:21,392][flwr][INFO] - Flower VCE: Ray initialized with resources: {'node:__internal_head__': 1.0, 'object_store_memory': 2459602944.0, 'memory': 4919205888.0, 'node:192.168.1.11': 1.0, 'CPU': 12.0}
[2024-12-30 10:24:21,393][flwr][INFO] - Optimize your simulation with Flower VCE: https://flower.ai/docs/framework/how-to-run-simulations.html
[2024-12-30 10:24:21,393][flwr][INFO] - Flower VCE: Resources for each Virtual Client: {'num_cpus': 2, 'num_gpus': 0}
[2024-12-30 10:24:21,399][flwr][INFO] - Flower VCE: Creating VirtualClientEngineActorPool with 6 actors
[2024-12-30 10:24:21,399][flwr][INFO] - [INIT]
[2024-12-30 10:24:21,399][flwr][INFO] - Using initial global parameters provided by strategy
[2024-12-30 10:24:21,399][flwr][INFO] - Starting evaluation of initial global parameters
[2024-12-30 10:24:23,799][flwr][INFO] - initial parameters (loss, other metrics): 181.94352316856384, {'accuracy': 0.1172}
[2024-12-30 10:24:23,799][flwr][INFO] - 
[2024-12-30 10:24:23,799][flwr][INFO] - [ROUND 1]
[2024-12-30 10:24:23,802][flwr][INFO] - configure_fit: strategy sampled 2 clients (out of 10)
[2024-12-30 10:24:28,209][flwr][INFO] - aggregate_fit: received 2 results and 0 failures
[2024-12-30 10:24:29,436][flwr][WARNING] - No fit_metrics_aggregation_fn provided
[2024-12-30 10:24:30,938][flwr][INFO] - fit progress: (1, 34.61267673969269, {'accuracy': 0.9198}, 7.138791037001283)
[2024-12-30 10:24:30,939][flwr][INFO] - configure_evaluate: strategy sampled 2 clients (out of 10)
[2024-12-30 10:24:31,304][flwr][INFO] - aggregate_evaluate: received 2 results and 0 failures
[2024-12-30 10:24:31,304][flwr][WARNING] - No evaluate_metrics_aggregation_fn provided
[2024-12-30 10:24:31,304][flwr][INFO] - 
[2024-12-30 10:24:31,304][flwr][INFO] - [ROUND 2]
[2024-12-30 10:24:31,307][flwr][INFO] - configure_fit: strategy sampled 2 clients (out of 10)
[2024-12-30 10:24:33,651][flwr][INFO] - aggregate_fit: received 2 results and 0 failures
[2024-12-30 10:24:36,077][flwr][INFO] - fit progress: (2, 12.678395556285977, {'accuracy': 0.9582}, 12.277866972000993)
[2024-12-30 10:24:36,078][flwr][INFO] - configure_evaluate: strategy sampled 2 clients (out of 10)
[2024-12-30 10:24:36,455][flwr][INFO] - aggregate_evaluate: received 2 results and 0 failures
[2024-12-30 10:24:36,455][flwr][INFO] - 
[2024-12-30 10:24:36,455][flwr][INFO] - [ROUND 3]
[2024-12-30 10:24:36,458][flwr][INFO] - configure_fit: strategy sampled 2 clients (out of 10)
[2024-12-30 10:24:38,588][flwr][INFO] - aggregate_fit: received 2 results and 0 failures
[2024-12-30 10:24:41,022][flwr][INFO] - fit progress: (3, 9.46607173141092, {'accuracy': 0.9638}, 17.222169771001063)
[2024-12-30 10:24:41,022][flwr][INFO] - configure_evaluate: strategy sampled 2 clients (out of 10)
[2024-12-30 10:24:41,393][flwr][INFO] - aggregate_evaluate: received 2 results and 0 failures
[2024-12-30 10:24:41,394][flwr][INFO] - 
[2024-12-30 10:24:41,394][flwr][INFO] - [ROUND 4]
[2024-12-30 10:24:41,396][flwr][INFO] - configure_fit: strategy sampled 2 clients (out of 10)
[2024-12-30 10:24:43,543][flwr][INFO] - aggregate_fit: received 2 results and 0 failures
[2024-12-30 10:24:46,295][flwr][INFO] - fit progress: (4, 7.375334063079208, {'accuracy': 0.9705}, 22.495581094000954)
[2024-12-30 10:24:46,295][flwr][INFO] - configure_evaluate: strategy sampled 2 clients (out of 10)
[2024-12-30 10:24:46,676][flwr][INFO] - aggregate_evaluate: received 2 results and 0 failures
[2024-12-30 10:24:46,676][flwr][INFO] - 
[2024-12-30 10:24:46,676][flwr][INFO] - [ROUND 5]
[2024-12-30 10:24:46,680][flwr][INFO] - configure_fit: strategy sampled 2 clients (out of 10)
[2024-12-30 10:24:48,761][flwr][INFO] - aggregate_fit: received 2 results and 0 failures
[2024-12-30 10:24:51,499][flwr][INFO] - fit progress: (5, 6.295700363232754, {'accuracy': 0.9741}, 27.6996469730002)
[2024-12-30 10:24:51,499][flwr][INFO] - configure_evaluate: strategy sampled 2 clients (out of 10)
[2024-12-30 10:24:51,871][flwr][INFO] - aggregate_evaluate: received 2 results and 0 failures
[2024-12-30 10:24:51,871][flwr][INFO] - 
[2024-12-30 10:24:51,871][flwr][INFO] - [ROUND 6]
[2024-12-30 10:24:51,874][flwr][INFO] - configure_fit: strategy sampled 2 clients (out of 10)
[2024-12-30 10:24:54,039][flwr][INFO] - aggregate_fit: received 2 results and 0 failures
[2024-12-30 10:24:56,353][flwr][INFO] - fit progress: (6, 5.534940569254104, {'accuracy': 0.9782}, 32.553631970000424)
[2024-12-30 10:24:56,353][flwr][INFO] - configure_evaluate: strategy sampled 2 clients (out of 10)
[2024-12-30 10:24:56,710][flwr][INFO] - aggregate_evaluate: received 2 results and 0 failures
[2024-12-30 10:24:56,710][flwr][INFO] - 
[2024-12-30 10:24:56,711][flwr][INFO] - [ROUND 7]
[2024-12-30 10:24:56,713][flwr][INFO] - configure_fit: strategy sampled 2 clients (out of 10)
[2024-12-30 10:24:58,849][flwr][INFO] - aggregate_fit: received 2 results and 0 failures
[2024-12-30 10:25:01,846][flwr][INFO] - fit progress: (7, 4.976662515022326, {'accuracy': 0.9802}, 38.046896152000045)
[2024-12-30 10:25:01,847][flwr][INFO] - configure_evaluate: strategy sampled 2 clients (out of 10)
[2024-12-30 10:25:02,217][flwr][INFO] - aggregate_evaluate: received 2 results and 0 failures
[2024-12-30 10:25:02,217][flwr][INFO] - 
[2024-12-30 10:25:02,217][flwr][INFO] - [ROUND 8]
[2024-12-30 10:25:02,219][flwr][INFO] - configure_fit: strategy sampled 2 clients (out of 10)
[2024-12-30 10:25:04,308][flwr][INFO] - aggregate_fit: received 2 results and 0 failures
[2024-12-30 10:25:07,232][flwr][INFO] - fit progress: (8, 4.614864994800882, {'accuracy': 0.9811}, 43.43272972900013)
[2024-12-30 10:25:07,232][flwr][INFO] - configure_evaluate: strategy sampled 2 clients (out of 10)
[2024-12-30 10:25:07,602][flwr][INFO] - aggregate_evaluate: received 2 results and 0 failures
[2024-12-30 10:25:07,603][flwr][INFO] - 
[2024-12-30 10:25:07,603][flwr][INFO] - [ROUND 9]
[2024-12-30 10:25:07,605][flwr][INFO] - configure_fit: strategy sampled 2 clients (out of 10)
[2024-12-30 10:25:09,751][flwr][INFO] - aggregate_fit: received 2 results and 0 failures
[2024-12-30 10:25:12,229][flwr][INFO] - fit progress: (9, 4.494090239371872, {'accuracy': 0.9817}, 48.429935359999945)
[2024-12-30 10:25:12,230][flwr][INFO] - configure_evaluate: strategy sampled 2 clients (out of 10)
[2024-12-30 10:25:12,607][flwr][INFO] - aggregate_evaluate: received 2 results and 0 failures
[2024-12-30 10:25:12,607][flwr][INFO] - 
[2024-12-30 10:25:12,608][flwr][INFO] - [ROUND 10]
[2024-12-30 10:25:12,611][flwr][INFO] - configure_fit: strategy sampled 2 clients (out of 10)
[2024-12-30 10:25:14,771][flwr][INFO] - aggregate_fit: received 2 results and 0 failures
[2024-12-30 10:25:17,064][flwr][INFO] - fit progress: (10, 4.401756098799524, {'accuracy': 0.9811}, 53.26476126899979)
[2024-12-30 10:25:17,064][flwr][INFO] - configure_evaluate: strategy sampled 2 clients (out of 10)
[2024-12-30 10:25:17,446][flwr][INFO] - aggregate_evaluate: received 2 results and 0 failures
[2024-12-30 10:25:17,446][flwr][INFO] - 
[2024-12-30 10:25:17,446][flwr][INFO] - [SUMMARY]
[2024-12-30 10:25:17,447][flwr][INFO] - Run finished 10 round(s) in 53.65s
[2024-12-30 10:25:17,447][flwr][INFO] - 	History (loss, distributed):
[2024-12-30 10:25:17,447][flwr][INFO] - 		round 1: 13.42776420712471
[2024-12-30 10:25:17,447][flwr][INFO] - 		round 2: 5.419714321382344
[2024-12-30 10:25:17,447][flwr][INFO] - 		round 3: 4.225686052348465
[2024-12-30 10:25:17,447][flwr][INFO] - 		round 4: 3.7322156770387664
[2024-12-30 10:25:17,447][flwr][INFO] - 		round 5: 2.569392954115756
[2024-12-30 10:25:17,447][flwr][INFO] - 		round 6: 3.135724680032581
[2024-12-30 10:25:17,447][flwr][INFO] - 		round 7: 2.723545859218575
[2024-12-30 10:25:17,447][flwr][INFO] - 		round 8: 2.428764938056702
[2024-12-30 10:25:17,447][flwr][INFO] - 		round 9: 2.185486940667033
[2024-12-30 10:25:17,448][flwr][INFO] - 		round 10: 2.0972049524716567
[2024-12-30 10:25:17,448][flwr][INFO] - 	History (loss, centralized):
[2024-12-30 10:25:17,448][flwr][INFO] - 		round 0: 181.94352316856384
[2024-12-30 10:25:17,448][flwr][INFO] - 		round 1: 34.61267673969269
[2024-12-30 10:25:17,448][flwr][INFO] - 		round 2: 12.678395556285977
[2024-12-30 10:25:17,448][flwr][INFO] - 		round 3: 9.46607173141092
[2024-12-30 10:25:17,448][flwr][INFO] - 		round 4: 7.375334063079208
[2024-12-30 10:25:17,448][flwr][INFO] - 		round 5: 6.295700363232754
[2024-12-30 10:25:17,448][flwr][INFO] - 		round 6: 5.534940569254104
[2024-12-30 10:25:17,448][flwr][INFO] - 		round 7: 4.976662515022326
[2024-12-30 10:25:17,448][flwr][INFO] - 		round 8: 4.614864994800882
[2024-12-30 10:25:17,448][flwr][INFO] - 		round 9: 4.494090239371872
[2024-12-30 10:25:17,448][flwr][INFO] - 		round 10: 4.401756098799524
[2024-12-30 10:25:17,448][flwr][INFO] - 	History (metrics, centralized):
[2024-12-30 10:25:17,448][flwr][INFO] - 	{'accuracy': [(0, 0.1172),
[2024-12-30 10:25:17,449][flwr][INFO] - 	              (1, 0.9198),
[2024-12-30 10:25:17,449][flwr][INFO] - 	              (2, 0.9582),
[2024-12-30 10:25:17,449][flwr][INFO] - 	              (3, 0.9638),
[2024-12-30 10:25:17,449][flwr][INFO] - 	              (4, 0.9705),
[2024-12-30 10:25:17,449][flwr][INFO] - 	              (5, 0.9741),
[2024-12-30 10:25:17,449][flwr][INFO] - 	              (6, 0.9782),
[2024-12-30 10:25:17,449][flwr][INFO] - 	              (7, 0.9802),
[2024-12-30 10:25:17,449][flwr][INFO] - 	              (8, 0.9811),
[2024-12-30 10:25:17,449][flwr][INFO] - 	              (9, 0.9817),
[2024-12-30 10:25:17,449][flwr][INFO] - 	              (10, 0.9811)]}
[2024-12-30 10:25:17,449][flwr][INFO] - 
