[2024-12-31 16:42:03,736][flwr][INFO] - Starting Flower simulation, config: num_rounds=10, no round_timeout
[2024-12-31 16:42:07,836][flwr][INFO] - Flower VCE: Ray initialized with resources: {'node:192.168.1.11': 1.0, 'CPU': 12.0, 'object_store_memory': 1556535705.0, 'memory': 3113071412.0, 'node:__internal_head__': 1.0}
[2024-12-31 16:42:07,836][flwr][INFO] - Optimize your simulation with Flower VCE: https://flower.ai/docs/framework/how-to-run-simulations.html
[2024-12-31 16:42:07,836][flwr][INFO] - Flower VCE: Resources for each Virtual Client: {'num_cpus': 2, 'num_gpus': 0}
[2024-12-31 16:42:07,851][flwr][INFO] - Flower VCE: Creating VirtualClientEngineActorPool with 6 actors
[2024-12-31 16:42:07,853][flwr][INFO] - [INIT]
[2024-12-31 16:42:07,853][flwr][INFO] - Using initial global parameters provided by strategy
[2024-12-31 16:42:07,853][flwr][INFO] - Starting evaluation of initial global parameters
[2024-12-31 16:42:11,695][flwr][INFO] - initial parameters (loss, other metrics): 182.4340045452118, {'accuracy': 0.1128}
[2024-12-31 16:42:11,696][flwr][INFO] - 
[2024-12-31 16:42:11,696][flwr][INFO] - [ROUND 1]
[2024-12-31 16:42:11,696][flwr][INFO] - configure_fit: strategy sampled 2 clients (out of 10)
[2024-12-31 16:42:24,542][flwr][INFO] - aggregate_fit: received 2 results and 0 failures
[2024-12-31 16:42:24,547][flwr][WARNING] - No fit_metrics_aggregation_fn provided
[2024-12-31 16:42:26,643][flwr][INFO] - fit progress: (1, 182.04355335235596, {'accuracy': 0.0958}, 14.947018504004518)
[2024-12-31 16:42:26,643][flwr][INFO] - configure_evaluate: strategy sampled 2 clients (out of 10)
[2024-12-31 16:42:27,086][flwr][INFO] - aggregate_evaluate: received 2 results and 0 failures
[2024-12-31 16:42:27,087][flwr][WARNING] - No evaluate_metrics_aggregation_fn provided
[2024-12-31 16:42:27,087][flwr][INFO] - 
[2024-12-31 16:42:27,087][flwr][INFO] - [ROUND 2]
[2024-12-31 16:42:27,087][flwr][INFO] - configure_fit: strategy sampled 2 clients (out of 10)
[2024-12-31 16:42:36,263][flwr][INFO] - aggregate_fit: received 2 results and 0 failures
[2024-12-31 16:42:38,588][flwr][INFO] - fit progress: (2, 182.08831810951233, {'accuracy': 0.0958}, 26.89245881700481)
[2024-12-31 16:42:38,589][flwr][INFO] - configure_evaluate: strategy sampled 2 clients (out of 10)
[2024-12-31 16:42:39,074][flwr][INFO] - aggregate_evaluate: received 2 results and 0 failures
[2024-12-31 16:42:39,074][flwr][INFO] - 
[2024-12-31 16:42:39,074][flwr][INFO] - [ROUND 3]
[2024-12-31 16:42:39,075][flwr][INFO] - configure_fit: strategy sampled 2 clients (out of 10)
[2024-12-31 16:42:48,370][flwr][INFO] - aggregate_fit: received 2 results and 0 failures
[2024-12-31 16:42:50,845][flwr][INFO] - fit progress: (3, 182.1276752948761, {'accuracy': 0.1028}, 39.14931276900461)
[2024-12-31 16:42:50,846][flwr][INFO] - configure_evaluate: strategy sampled 2 clients (out of 10)
[2024-12-31 16:42:51,334][flwr][INFO] - aggregate_evaluate: received 2 results and 0 failures
[2024-12-31 16:42:51,334][flwr][INFO] - 
[2024-12-31 16:42:51,334][flwr][INFO] - [ROUND 4]
[2024-12-31 16:42:51,334][flwr][INFO] - configure_fit: strategy sampled 2 clients (out of 10)
[2024-12-31 16:43:00,621][flwr][INFO] - aggregate_fit: received 2 results and 0 failures
[2024-12-31 16:43:02,509][flwr][INFO] - fit progress: (4, 182.02734923362732, {'accuracy': 0.0974}, 50.8132038190015)
[2024-12-31 16:43:02,509][flwr][INFO] - configure_evaluate: strategy sampled 2 clients (out of 10)
[2024-12-31 16:43:03,060][flwr][INFO] - aggregate_evaluate: received 2 results and 0 failures
[2024-12-31 16:43:03,061][flwr][INFO] - 
[2024-12-31 16:43:03,061][flwr][INFO] - [ROUND 5]
[2024-12-31 16:43:03,061][flwr][INFO] - configure_fit: strategy sampled 2 clients (out of 10)
[2024-12-31 16:43:12,806][flwr][INFO] - aggregate_fit: received 2 results and 0 failures
[2024-12-31 16:43:15,323][flwr][INFO] - fit progress: (5, 181.87815141677856, {'accuracy': 0.1135}, 63.627179287002946)
[2024-12-31 16:43:15,323][flwr][INFO] - configure_evaluate: strategy sampled 2 clients (out of 10)
[2024-12-31 16:43:15,763][flwr][INFO] - aggregate_evaluate: received 2 results and 0 failures
[2024-12-31 16:43:15,763][flwr][INFO] - 
[2024-12-31 16:43:15,763][flwr][INFO] - [ROUND 6]
[2024-12-31 16:43:15,763][flwr][INFO] - configure_fit: strategy sampled 2 clients (out of 10)
[2024-12-31 16:43:24,756][flwr][INFO] - aggregate_fit: received 2 results and 0 failures
[2024-12-31 16:43:27,454][flwr][INFO] - fit progress: (6, 181.8663468360901, {'accuracy': 0.1135}, 75.75846984200325)
[2024-12-31 16:43:27,455][flwr][INFO] - configure_evaluate: strategy sampled 2 clients (out of 10)
[2024-12-31 16:43:27,918][flwr][INFO] - aggregate_evaluate: received 2 results and 0 failures
[2024-12-31 16:43:27,919][flwr][INFO] - 
[2024-12-31 16:43:27,919][flwr][INFO] - [ROUND 7]
[2024-12-31 16:43:27,919][flwr][INFO] - configure_fit: strategy sampled 2 clients (out of 10)
[2024-12-31 16:43:36,956][flwr][INFO] - aggregate_fit: received 2 results and 0 failures
[2024-12-31 16:43:39,308][flwr][INFO] - fit progress: (7, 181.8804636001587, {'accuracy': 0.1135}, 87.61166949199833)
[2024-12-31 16:43:39,308][flwr][INFO] - configure_evaluate: strategy sampled 2 clients (out of 10)
[2024-12-31 16:43:39,727][flwr][INFO] - aggregate_evaluate: received 2 results and 0 failures
[2024-12-31 16:43:39,728][flwr][INFO] - 
[2024-12-31 16:43:39,728][flwr][INFO] - [ROUND 8]
[2024-12-31 16:43:39,728][flwr][INFO] - configure_fit: strategy sampled 2 clients (out of 10)
[2024-12-31 16:43:48,563][flwr][INFO] - aggregate_fit: received 2 results and 0 failures
[2024-12-31 16:43:50,670][flwr][INFO] - fit progress: (8, 181.9214208126068, {'accuracy': 0.1135}, 98.97404710500268)
[2024-12-31 16:43:50,670][flwr][INFO] - configure_evaluate: strategy sampled 2 clients (out of 10)
[2024-12-31 16:43:51,135][flwr][INFO] - aggregate_evaluate: received 2 results and 0 failures
[2024-12-31 16:43:51,135][flwr][INFO] - 
[2024-12-31 16:43:51,135][flwr][INFO] - [ROUND 9]
[2024-12-31 16:43:51,136][flwr][INFO] - configure_fit: strategy sampled 2 clients (out of 10)
[2024-12-31 16:44:00,765][flwr][INFO] - aggregate_fit: received 2 results and 0 failures
[2024-12-31 16:44:03,154][flwr][INFO] - fit progress: (9, 181.87194395065308, {'accuracy': 0.1135}, 111.45844821900391)
[2024-12-31 16:44:03,155][flwr][INFO] - configure_evaluate: strategy sampled 2 clients (out of 10)
[2024-12-31 16:44:03,614][flwr][INFO] - aggregate_evaluate: received 2 results and 0 failures
[2024-12-31 16:44:03,614][flwr][INFO] - 
[2024-12-31 16:44:03,614][flwr][INFO] - [ROUND 10]
[2024-12-31 16:44:03,614][flwr][INFO] - configure_fit: strategy sampled 2 clients (out of 10)
[2024-12-31 16:44:12,727][flwr][INFO] - aggregate_fit: received 2 results and 0 failures
[2024-12-31 16:44:14,972][flwr][INFO] - fit progress: (10, 181.86538672447205, {'accuracy': 0.1135}, 123.27563040899986)
[2024-12-31 16:44:14,972][flwr][INFO] - configure_evaluate: strategy sampled 2 clients (out of 10)
[2024-12-31 16:44:15,422][flwr][INFO] - aggregate_evaluate: received 2 results and 0 failures
[2024-12-31 16:44:15,423][flwr][INFO] - 
[2024-12-31 16:44:15,423][flwr][INFO] - [SUMMARY]
[2024-12-31 16:44:15,423][flwr][INFO] - Run finished 10 round(s) in 123.73s
[2024-12-31 16:44:15,423][flwr][INFO] - 	History (loss, distributed):
[2024-12-31 16:44:15,424][flwr][INFO] - 		round 1: 87.56869459152222
[2024-12-31 16:44:15,424][flwr][INFO] - 		round 2: 87.61036443710327
[2024-12-31 16:44:15,424][flwr][INFO] - 		round 3: 87.64683163166046
[2024-12-31 16:44:15,424][flwr][INFO] - 		round 4: 87.62591028213501
[2024-12-31 16:44:15,424][flwr][INFO] - 		round 5: 87.49547147750854
[2024-12-31 16:44:15,424][flwr][INFO] - 		round 6: 87.4795047044754
[2024-12-31 16:44:15,424][flwr][INFO] - 		round 7: 87.52120304107666
[2024-12-31 16:44:15,424][flwr][INFO] - 		round 8: 87.52218091487885
[2024-12-31 16:44:15,424][flwr][INFO] - 		round 9: 87.48163890838623
[2024-12-31 16:44:15,424][flwr][INFO] - 		round 10: 87.43770480155945
[2024-12-31 16:44:15,424][flwr][INFO] - 	History (loss, centralized):
[2024-12-31 16:44:15,424][flwr][INFO] - 		round 0: 182.4340045452118
[2024-12-31 16:44:15,424][flwr][INFO] - 		round 1: 182.04355335235596
[2024-12-31 16:44:15,424][flwr][INFO] - 		round 2: 182.08831810951233
[2024-12-31 16:44:15,425][flwr][INFO] - 		round 3: 182.1276752948761
[2024-12-31 16:44:15,425][flwr][INFO] - 		round 4: 182.02734923362732
[2024-12-31 16:44:15,425][flwr][INFO] - 		round 5: 181.87815141677856
[2024-12-31 16:44:15,425][flwr][INFO] - 		round 6: 181.8663468360901
[2024-12-31 16:44:15,425][flwr][INFO] - 		round 7: 181.8804636001587
[2024-12-31 16:44:15,425][flwr][INFO] - 		round 8: 181.9214208126068
[2024-12-31 16:44:15,425][flwr][INFO] - 		round 9: 181.87194395065308
[2024-12-31 16:44:15,425][flwr][INFO] - 		round 10: 181.86538672447205
[2024-12-31 16:44:15,425][flwr][INFO] - 	History (metrics, centralized):
[2024-12-31 16:44:15,425][flwr][INFO] - 	{'accuracy': [(0, 0.1128),
[2024-12-31 16:44:15,425][flwr][INFO] - 	              (1, 0.0958),
[2024-12-31 16:44:15,425][flwr][INFO] - 	              (2, 0.0958),
[2024-12-31 16:44:15,425][flwr][INFO] - 	              (3, 0.1028),
[2024-12-31 16:44:15,425][flwr][INFO] - 	              (4, 0.0974),
[2024-12-31 16:44:15,425][flwr][INFO] - 	              (5, 0.1135),
[2024-12-31 16:44:15,425][flwr][INFO] - 	              (6, 0.1135),
[2024-12-31 16:44:15,425][flwr][INFO] - 	              (7, 0.1135),
[2024-12-31 16:44:15,425][flwr][INFO] - 	              (8, 0.1135),
[2024-12-31 16:44:15,425][flwr][INFO] - 	              (9, 0.1135),
[2024-12-31 16:44:15,425][flwr][INFO] - 	              (10, 0.1135)]}
[2024-12-31 16:44:15,426][flwr][INFO] - 
