[2025-01-07 21:41:46,850][flwr][INFO] - Starting Flower simulation, config: num_rounds=15, no round_timeout
[2025-01-07 21:41:50,258][flwr][INFO] - Flower VCE: Ray initialized with resources: {'node:__internal_head__': 1.0, 'memory': 6289664411.0, 'object_store_memory': 3144832204.0, 'CPU': 12.0, 'node:192.168.1.11': 1.0}
[2025-01-07 21:41:50,258][flwr][INFO] - Optimize your simulation with Flower VCE: https://flower.ai/docs/framework/how-to-run-simulations.html
[2025-01-07 21:41:50,258][flwr][INFO] - Flower VCE: Resources for each Virtual Client: {'num_cpus': 2, 'num_gpus': 0}
[2025-01-07 21:41:50,266][flwr][INFO] - Flower VCE: Creating VirtualClientEngineActorPool with 6 actors
[2025-01-07 21:41:50,266][flwr][INFO] - [INIT]
[2025-01-07 21:41:50,266][flwr][INFO] - Requesting initial parameters from one random client
[2025-01-07 21:41:52,981][flwr][INFO] - Received initial parameters from one random client
[2025-01-07 21:41:52,981][flwr][INFO] - Starting evaluation of initial global parameters
[2025-01-07 21:41:54,426][flwr][INFO] - initial parameters (loss, other metrics): 182.02560305595398, {'accuracy': 0.097}
[2025-01-07 21:41:54,426][flwr][INFO] - 
[2025-01-07 21:41:54,426][flwr][INFO] - [ROUND 1]
[2025-01-07 21:41:54,426][flwr][INFO] - configure_fit: strategy sampled 2 clients (out of 10)
[2025-01-07 21:42:09,055][flwr][INFO] - aggregate_fit: received 2 results and 0 failures
[2025-01-07 21:42:09,058][flwr][WARNING] - No fit_metrics_aggregation_fn provided
[2025-01-07 21:42:10,340][flwr][INFO] - fit progress: (1, 170.55148792266846, {'accuracy': 0.2002}, 15.91372524700273)
[2025-01-07 21:42:10,340][flwr][INFO] - configure_evaluate: strategy sampled 2 clients (out of 10)
[2025-01-07 21:42:10,756][flwr][INFO] - aggregate_evaluate: received 2 results and 0 failures
[2025-01-07 21:42:10,756][flwr][WARNING] - No evaluate_metrics_aggregation_fn provided
[2025-01-07 21:42:10,756][flwr][INFO] - 
[2025-01-07 21:42:10,756][flwr][INFO] - [ROUND 2]
[2025-01-07 21:42:10,757][flwr][INFO] - configure_fit: strategy sampled 2 clients (out of 10)
[2025-01-07 21:42:22,732][flwr][INFO] - aggregate_fit: received 2 results and 0 failures
[2025-01-07 21:42:24,087][flwr][INFO] - fit progress: (2, 107.15951633453369, {'accuracy': 0.5589}, 29.660833415000525)
[2025-01-07 21:42:24,087][flwr][INFO] - configure_evaluate: strategy sampled 2 clients (out of 10)
[2025-01-07 21:42:24,497][flwr][INFO] - aggregate_evaluate: received 2 results and 0 failures
[2025-01-07 21:42:24,497][flwr][INFO] - 
[2025-01-07 21:42:24,497][flwr][INFO] - [ROUND 3]
[2025-01-07 21:42:24,498][flwr][INFO] - configure_fit: strategy sampled 2 clients (out of 10)
[2025-01-07 21:42:36,978][flwr][INFO] - aggregate_fit: received 2 results and 0 failures
[2025-01-07 21:42:38,139][flwr][INFO] - fit progress: (3, 191.62373852729797, {'accuracy': 0.1009}, 43.71258275900618)
[2025-01-07 21:42:38,139][flwr][INFO] - configure_evaluate: strategy sampled 2 clients (out of 10)
[2025-01-07 21:42:38,574][flwr][INFO] - aggregate_evaluate: received 2 results and 0 failures
[2025-01-07 21:42:38,574][flwr][INFO] - 
[2025-01-07 21:42:38,574][flwr][INFO] - [ROUND 4]
[2025-01-07 21:42:38,574][flwr][INFO] - configure_fit: strategy sampled 2 clients (out of 10)
[2025-01-07 21:42:50,263][flwr][INFO] - aggregate_fit: received 2 results and 0 failures
[2025-01-07 21:42:51,542][flwr][INFO] - fit progress: (4, 182.07046103477478, {'accuracy': 0.1135}, 57.116165473002184)
[2025-01-07 21:42:51,542][flwr][INFO] - configure_evaluate: strategy sampled 2 clients (out of 10)
[2025-01-07 21:42:51,934][flwr][INFO] - aggregate_evaluate: received 2 results and 0 failures
[2025-01-07 21:42:51,934][flwr][INFO] - 
[2025-01-07 21:42:51,934][flwr][INFO] - [ROUND 5]
[2025-01-07 21:42:51,934][flwr][INFO] - configure_fit: strategy sampled 2 clients (out of 10)
[2025-01-07 21:43:03,332][flwr][INFO] - aggregate_fit: received 2 results and 0 failures
[2025-01-07 21:43:04,890][flwr][INFO] - fit progress: (5, 182.02345061302185, {'accuracy': 0.1032}, 70.46359846999985)
[2025-01-07 21:43:04,890][flwr][INFO] - configure_evaluate: strategy sampled 2 clients (out of 10)
[2025-01-07 21:43:05,285][flwr][INFO] - aggregate_evaluate: received 2 results and 0 failures
[2025-01-07 21:43:05,285][flwr][INFO] - 
[2025-01-07 21:43:05,285][flwr][INFO] - [ROUND 6]
[2025-01-07 21:43:05,286][flwr][INFO] - configure_fit: strategy sampled 2 clients (out of 10)
[2025-01-07 21:43:17,262][flwr][INFO] - aggregate_fit: received 2 results and 0 failures
[2025-01-07 21:43:18,706][flwr][INFO] - fit progress: (6, 182.12346744537354, {'accuracy': 0.1028}, 84.28007402000367)
[2025-01-07 21:43:18,706][flwr][INFO] - configure_evaluate: strategy sampled 2 clients (out of 10)
[2025-01-07 21:43:19,116][flwr][INFO] - aggregate_evaluate: received 2 results and 0 failures
[2025-01-07 21:43:19,117][flwr][INFO] - 
[2025-01-07 21:43:19,117][flwr][INFO] - [ROUND 7]
[2025-01-07 21:43:19,117][flwr][INFO] - configure_fit: strategy sampled 2 clients (out of 10)
[2025-01-07 21:43:30,911][flwr][INFO] - aggregate_fit: received 2 results and 0 failures
[2025-01-07 21:43:32,310][flwr][INFO] - fit progress: (7, 181.95128846168518, {'accuracy': 0.1135}, 97.88438802200108)
[2025-01-07 21:43:32,311][flwr][INFO] - configure_evaluate: strategy sampled 2 clients (out of 10)
[2025-01-07 21:43:32,735][flwr][INFO] - aggregate_evaluate: received 2 results and 0 failures
[2025-01-07 21:43:32,736][flwr][INFO] - 
[2025-01-07 21:43:32,736][flwr][INFO] - [ROUND 8]
[2025-01-07 21:43:32,736][flwr][INFO] - configure_fit: strategy sampled 2 clients (out of 10)
[2025-01-07 21:43:44,396][flwr][INFO] - aggregate_fit: received 2 results and 0 failures
[2025-01-07 21:43:46,052][flwr][INFO] - fit progress: (8, 182.01132464408875, {'accuracy': 0.098}, 111.62574949600094)
[2025-01-07 21:43:46,052][flwr][INFO] - configure_evaluate: strategy sampled 2 clients (out of 10)
[2025-01-07 21:43:46,424][flwr][INFO] - aggregate_evaluate: received 2 results and 0 failures
[2025-01-07 21:43:46,424][flwr][INFO] - 
[2025-01-07 21:43:46,424][flwr][INFO] - [ROUND 9]
[2025-01-07 21:43:46,425][flwr][INFO] - configure_fit: strategy sampled 2 clients (out of 10)
[2025-01-07 21:43:58,152][flwr][INFO] - aggregate_fit: received 2 results and 0 failures
[2025-01-07 21:43:59,463][flwr][INFO] - fit progress: (9, 182.15903496742249, {'accuracy': 0.1135}, 125.03676688900305)
[2025-01-07 21:43:59,463][flwr][INFO] - configure_evaluate: strategy sampled 2 clients (out of 10)
[2025-01-07 21:43:59,869][flwr][INFO] - aggregate_evaluate: received 2 results and 0 failures
[2025-01-07 21:43:59,870][flwr][INFO] - 
[2025-01-07 21:43:59,870][flwr][INFO] - [ROUND 10]
[2025-01-07 21:43:59,870][flwr][INFO] - configure_fit: strategy sampled 2 clients (out of 10)
[2025-01-07 21:44:11,290][flwr][INFO] - aggregate_fit: received 2 results and 0 failures
[2025-01-07 21:44:12,662][flwr][INFO] - fit progress: (10, 181.94421339035034, {'accuracy': 0.1028}, 138.23619739500282)
[2025-01-07 21:44:12,662][flwr][INFO] - configure_evaluate: strategy sampled 2 clients (out of 10)
[2025-01-07 21:44:13,054][flwr][INFO] - aggregate_evaluate: received 2 results and 0 failures
[2025-01-07 21:44:13,055][flwr][INFO] - 
[2025-01-07 21:44:13,055][flwr][INFO] - [ROUND 11]
[2025-01-07 21:44:13,055][flwr][INFO] - configure_fit: strategy sampled 2 clients (out of 10)
[2025-01-07 21:44:24,602][flwr][INFO] - aggregate_fit: received 2 results and 0 failures
[2025-01-07 21:44:26,234][flwr][INFO] - fit progress: (11, 182.02470302581787, {'accuracy': 0.0974}, 151.80813742800092)
[2025-01-07 21:44:26,234][flwr][INFO] - configure_evaluate: strategy sampled 2 clients (out of 10)
[2025-01-07 21:44:26,631][flwr][INFO] - aggregate_evaluate: received 2 results and 0 failures
[2025-01-07 21:44:26,631][flwr][INFO] - 
[2025-01-07 21:44:26,632][flwr][INFO] - [ROUND 12]
[2025-01-07 21:44:26,632][flwr][INFO] - configure_fit: strategy sampled 2 clients (out of 10)
[2025-01-07 21:44:38,156][flwr][INFO] - aggregate_fit: received 2 results and 0 failures
[2025-01-07 21:44:39,529][flwr][INFO] - fit progress: (12, 181.98953318595886, {'accuracy': 0.1135}, 165.102817376006)
[2025-01-07 21:44:39,529][flwr][INFO] - configure_evaluate: strategy sampled 2 clients (out of 10)
[2025-01-07 21:44:39,956][flwr][INFO] - aggregate_evaluate: received 2 results and 0 failures
[2025-01-07 21:44:39,956][flwr][INFO] - 
[2025-01-07 21:44:39,956][flwr][INFO] - [ROUND 13]
[2025-01-07 21:44:39,956][flwr][INFO] - configure_fit: strategy sampled 2 clients (out of 10)
[2025-01-07 21:44:51,478][flwr][INFO] - aggregate_fit: received 2 results and 0 failures
[2025-01-07 21:44:53,171][flwr][INFO] - fit progress: (13, 182.19290161132812, {'accuracy': 0.0974}, 178.74463917800313)
[2025-01-07 21:44:53,171][flwr][INFO] - configure_evaluate: strategy sampled 2 clients (out of 10)
[2025-01-07 21:44:53,547][flwr][INFO] - aggregate_evaluate: received 2 results and 0 failures
[2025-01-07 21:44:53,547][flwr][INFO] - 
[2025-01-07 21:44:53,548][flwr][INFO] - [ROUND 14]
[2025-01-07 21:44:53,548][flwr][INFO] - configure_fit: strategy sampled 2 clients (out of 10)
[2025-01-07 21:45:04,924][flwr][INFO] - aggregate_fit: received 2 results and 0 failures
[2025-01-07 21:45:06,614][flwr][INFO] - fit progress: (14, 181.8779821395874, {'accuracy': 0.1135}, 192.18836764500156)
[2025-01-07 21:45:06,615][flwr][INFO] - configure_evaluate: strategy sampled 2 clients (out of 10)
[2025-01-07 21:45:07,031][flwr][INFO] - aggregate_evaluate: received 2 results and 0 failures
[2025-01-07 21:45:07,031][flwr][INFO] - 
[2025-01-07 21:45:07,031][flwr][INFO] - [ROUND 15]
[2025-01-07 21:45:07,032][flwr][INFO] - configure_fit: strategy sampled 2 clients (out of 10)
[2025-01-07 21:45:18,391][flwr][INFO] - aggregate_fit: received 2 results and 0 failures
[2025-01-07 21:45:19,824][flwr][INFO] - fit progress: (15, 182.41953015327454, {'accuracy': 0.1009}, 205.39779386200098)
[2025-01-07 21:45:19,824][flwr][INFO] - configure_evaluate: strategy sampled 2 clients (out of 10)
[2025-01-07 21:45:20,241][flwr][INFO] - aggregate_evaluate: received 2 results and 0 failures
[2025-01-07 21:45:20,241][flwr][INFO] - 
[2025-01-07 21:45:20,242][flwr][INFO] - [SUMMARY]
[2025-01-07 21:45:20,242][flwr][INFO] - Run finished 15 round(s) in 205.82s
[2025-01-07 21:45:20,242][flwr][INFO] - 	History (loss, distributed):
[2025-01-07 21:45:20,242][flwr][INFO] - 		round 1: 81.85929095745087
[2025-01-07 21:45:20,243][flwr][INFO] - 		round 2: 53.63173511624336
[2025-01-07 21:45:20,243][flwr][INFO] - 		round 3: 93.00370061397552
[2025-01-07 21:45:20,243][flwr][INFO] - 		round 4: 87.49104905128479
[2025-01-07 21:45:20,243][flwr][INFO] - 		round 5: 87.49429655075073
[2025-01-07 21:45:20,243][flwr][INFO] - 		round 6: 87.67491841316223
[2025-01-07 21:45:20,243][flwr][INFO] - 		round 7: 87.57358455657959
[2025-01-07 21:45:20,243][flwr][INFO] - 		round 8: 87.53225302696228
[2025-01-07 21:45:20,243][flwr][INFO] - 		round 9: 87.57669723033905
[2025-01-07 21:45:20,243][flwr][INFO] - 		round 10: 87.6986837387085
[2025-01-07 21:45:20,244][flwr][INFO] - 		round 11: 87.62434196472168
[2025-01-07 21:45:20,244][flwr][INFO] - 		round 12: 87.63192796707153
[2025-01-07 21:45:20,244][flwr][INFO] - 		round 13: 87.57331645488739
[2025-01-07 21:45:20,244][flwr][INFO] - 		round 14: 87.31655240058899
[2025-01-07 21:45:20,244][flwr][INFO] - 		round 15: 87.657879114151
[2025-01-07 21:45:20,244][flwr][INFO] - 	History (loss, centralized):
[2025-01-07 21:45:20,244][flwr][INFO] - 		round 0: 182.02560305595398
[2025-01-07 21:45:20,244][flwr][INFO] - 		round 1: 170.55148792266846
[2025-01-07 21:45:20,244][flwr][INFO] - 		round 2: 107.15951633453369
[2025-01-07 21:45:20,244][flwr][INFO] - 		round 3: 191.62373852729797
[2025-01-07 21:45:20,245][flwr][INFO] - 		round 4: 182.07046103477478
[2025-01-07 21:45:20,245][flwr][INFO] - 		round 5: 182.02345061302185
[2025-01-07 21:45:20,245][flwr][INFO] - 		round 6: 182.12346744537354
[2025-01-07 21:45:20,245][flwr][INFO] - 		round 7: 181.95128846168518
[2025-01-07 21:45:20,245][flwr][INFO] - 		round 8: 182.01132464408875
[2025-01-07 21:45:20,245][flwr][INFO] - 		round 9: 182.15903496742249
[2025-01-07 21:45:20,245][flwr][INFO] - 		round 10: 181.94421339035034
[2025-01-07 21:45:20,245][flwr][INFO] - 		round 11: 182.02470302581787
[2025-01-07 21:45:20,245][flwr][INFO] - 		round 12: 181.98953318595886
[2025-01-07 21:45:20,245][flwr][INFO] - 		round 13: 182.19290161132812
[2025-01-07 21:45:20,245][flwr][INFO] - 		round 14: 181.8779821395874
[2025-01-07 21:45:20,245][flwr][INFO] - 		round 15: 182.41953015327454
[2025-01-07 21:45:20,245][flwr][INFO] - 	History (metrics, centralized):
[2025-01-07 21:45:20,245][flwr][INFO] - 	{'accuracy': [(0, 0.097),
[2025-01-07 21:45:20,245][flwr][INFO] - 	              (1, 0.2002),
[2025-01-07 21:45:20,245][flwr][INFO] - 	              (2, 0.5589),
[2025-01-07 21:45:20,245][flwr][INFO] - 	              (3, 0.1009),
[2025-01-07 21:45:20,245][flwr][INFO] - 	              (4, 0.1135),
[2025-01-07 21:45:20,245][flwr][INFO] - 	              (5, 0.1032),
[2025-01-07 21:45:20,245][flwr][INFO] - 	              (6, 0.1028),
[2025-01-07 21:45:20,245][flwr][INFO] - 	              (7, 0.1135),
[2025-01-07 21:45:20,246][flwr][INFO] - 	              (8, 0.098),
[2025-01-07 21:45:20,246][flwr][INFO] - 	              (9, 0.1135),
[2025-01-07 21:45:20,246][flwr][INFO] - 	              (10, 0.1028),
[2025-01-07 21:45:20,246][flwr][INFO] - 	              (11, 0.0974),
[2025-01-07 21:45:20,246][flwr][INFO] - 	              (12, 0.1135),
[2025-01-07 21:45:20,246][flwr][INFO] - 	              (13, 0.0974),
[2025-01-07 21:45:20,246][flwr][INFO] - 	              (14, 0.1135),
[2025-01-07 21:45:20,246][flwr][INFO] - 	              (15, 0.1009)]}
[2025-01-07 21:45:20,246][flwr][INFO] - 
