[2025-01-07 18:30:20,764][flwr][INFO] - Starting Flower simulation, config: num_rounds=10, no round_timeout
[2025-01-07 18:30:24,294][flwr][INFO] - Flower VCE: Ray initialized with resources: {'node:192.168.1.11': 1.0, 'CPU': 12.0, 'node:__internal_head__': 1.0, 'object_store_memory': 3172503552.0, 'memory': 6345007104.0}
[2025-01-07 18:30:24,294][flwr][INFO] - Optimize your simulation with Flower VCE: https://flower.ai/docs/framework/how-to-run-simulations.html
[2025-01-07 18:30:24,294][flwr][INFO] - Flower VCE: Resources for each Virtual Client: {'num_cpus': 2, 'num_gpus': 0}
[2025-01-07 18:30:24,301][flwr][INFO] - Flower VCE: Creating VirtualClientEngineActorPool with 6 actors
[2025-01-07 18:30:24,302][flwr][INFO] - [INIT]
[2025-01-07 18:30:24,302][flwr][INFO] - Requesting initial parameters from one random client
[2025-01-07 18:30:26,990][flwr][INFO] - Received initial parameters from one random client
[2025-01-07 18:30:26,990][flwr][INFO] - Starting evaluation of initial global parameters
[2025-01-07 18:30:28,597][flwr][INFO] - initial parameters (loss, other metrics): 182.12021398544312, {'accuracy': 0.1384}
[2025-01-07 18:30:28,597][flwr][INFO] - 
[2025-01-07 18:30:28,597][flwr][INFO] - [ROUND 1]
[2025-01-07 18:30:28,598][flwr][INFO] - configure_fit: strategy sampled 2 clients (out of 20)
[2025-01-07 18:30:33,351][flwr][INFO] - aggregate_fit: received 2 results and 0 failures
[2025-01-07 18:30:33,357][flwr][WARNING] - No fit_metrics_aggregation_fn provided
[2025-01-07 18:30:34,879][flwr][INFO] - fit progress: (1, 15.674946481361985, {'accuracy': 0.9371}, 6.281632919999538)
[2025-01-07 18:30:34,879][flwr][INFO] - configure_evaluate: strategy sampled 3 clients (out of 20)
[2025-01-07 18:30:36,985][flwr][INFO] - aggregate_evaluate: received 3 results and 0 failures
[2025-01-07 18:30:36,986][flwr][WARNING] - No evaluate_metrics_aggregation_fn provided
[2025-01-07 18:30:36,986][flwr][INFO] - 
[2025-01-07 18:30:36,986][flwr][INFO] - [ROUND 2]
[2025-01-07 18:30:36,986][flwr][INFO] - configure_fit: strategy sampled 2 clients (out of 20)
[2025-01-07 18:30:39,676][flwr][INFO] - aggregate_fit: received 2 results and 0 failures
[2025-01-07 18:30:41,131][flwr][INFO] - fit progress: (2, 9.836528451007325, {'accuracy': 0.9578}, 12.534031768002023)
[2025-01-07 18:30:41,132][flwr][INFO] - configure_evaluate: strategy sampled 3 clients (out of 20)
[2025-01-07 18:30:41,543][flwr][INFO] - aggregate_evaluate: received 3 results and 0 failures
[2025-01-07 18:30:41,543][flwr][INFO] - 
[2025-01-07 18:30:41,544][flwr][INFO] - [ROUND 3]
[2025-01-07 18:30:41,544][flwr][INFO] - configure_fit: strategy sampled 2 clients (out of 20)
[2025-01-07 18:30:44,384][flwr][INFO] - aggregate_fit: received 2 results and 0 failures
[2025-01-07 18:30:45,980][flwr][INFO] - fit progress: (3, 6.987514778098557, {'accuracy': 0.9703}, 17.382783485998516)
[2025-01-07 18:30:45,980][flwr][INFO] - configure_evaluate: strategy sampled 3 clients (out of 20)
[2025-01-07 18:30:46,374][flwr][INFO] - aggregate_evaluate: received 3 results and 0 failures
[2025-01-07 18:30:46,375][flwr][INFO] - 
[2025-01-07 18:30:46,375][flwr][INFO] - [ROUND 4]
[2025-01-07 18:30:46,375][flwr][INFO] - configure_fit: strategy sampled 2 clients (out of 20)
[2025-01-07 18:30:49,200][flwr][INFO] - aggregate_fit: received 2 results and 0 failures
[2025-01-07 18:30:50,882][flwr][INFO] - fit progress: (4, 5.554722972417949, {'accuracy': 0.9786}, 22.284526239003753)
[2025-01-07 18:30:50,882][flwr][INFO] - configure_evaluate: strategy sampled 3 clients (out of 20)
[2025-01-07 18:30:51,259][flwr][INFO] - aggregate_evaluate: received 3 results and 0 failures
[2025-01-07 18:30:51,260][flwr][INFO] - 
[2025-01-07 18:30:51,260][flwr][INFO] - [ROUND 5]
[2025-01-07 18:30:51,260][flwr][INFO] - configure_fit: strategy sampled 2 clients (out of 20)
[2025-01-07 18:30:54,050][flwr][INFO] - aggregate_fit: received 2 results and 0 failures
[2025-01-07 18:30:55,531][flwr][INFO] - fit progress: (5, 5.451002941332263, {'accuracy': 0.9778}, 26.934135469004104)
[2025-01-07 18:30:55,532][flwr][INFO] - configure_evaluate: strategy sampled 3 clients (out of 20)
[2025-01-07 18:30:55,918][flwr][INFO] - aggregate_evaluate: received 3 results and 0 failures
[2025-01-07 18:30:55,918][flwr][INFO] - 
[2025-01-07 18:30:55,918][flwr][INFO] - [ROUND 6]
[2025-01-07 18:30:55,919][flwr][INFO] - configure_fit: strategy sampled 2 clients (out of 20)
[2025-01-07 18:30:58,619][flwr][INFO] - aggregate_fit: received 2 results and 0 failures
[2025-01-07 18:31:00,859][flwr][INFO] - fit progress: (6, 4.765574026518152, {'accuracy': 0.9824}, 32.26180924200162)
[2025-01-07 18:31:00,859][flwr][INFO] - configure_evaluate: strategy sampled 3 clients (out of 20)
[2025-01-07 18:31:01,275][flwr][INFO] - aggregate_evaluate: received 3 results and 0 failures
[2025-01-07 18:31:01,275][flwr][INFO] - 
[2025-01-07 18:31:01,275][flwr][INFO] - [ROUND 7]
[2025-01-07 18:31:01,276][flwr][INFO] - configure_fit: strategy sampled 2 clients (out of 20)
[2025-01-07 18:31:04,162][flwr][INFO] - aggregate_fit: received 2 results and 0 failures
[2025-01-07 18:31:06,215][flwr][INFO] - fit progress: (7, 4.710387309827638, {'accuracy': 0.9834}, 37.61729547900177)
[2025-01-07 18:31:06,215][flwr][INFO] - configure_evaluate: strategy sampled 3 clients (out of 20)
[2025-01-07 18:31:06,575][flwr][INFO] - aggregate_evaluate: received 3 results and 0 failures
[2025-01-07 18:31:06,575][flwr][INFO] - 
[2025-01-07 18:31:06,575][flwr][INFO] - [ROUND 8]
[2025-01-07 18:31:06,575][flwr][INFO] - configure_fit: strategy sampled 2 clients (out of 20)
[2025-01-07 18:31:09,280][flwr][INFO] - aggregate_fit: received 2 results and 0 failures
[2025-01-07 18:31:11,025][flwr][INFO] - fit progress: (8, 5.018192084142356, {'accuracy': 0.9818}, 42.42727244900016)
[2025-01-07 18:31:11,025][flwr][INFO] - configure_evaluate: strategy sampled 3 clients (out of 20)
[2025-01-07 18:31:11,416][flwr][INFO] - aggregate_evaluate: received 3 results and 0 failures
[2025-01-07 18:31:11,416][flwr][INFO] - 
[2025-01-07 18:31:11,416][flwr][INFO] - [ROUND 9]
[2025-01-07 18:31:11,416][flwr][INFO] - configure_fit: strategy sampled 2 clients (out of 20)
[2025-01-07 18:31:14,203][flwr][INFO] - aggregate_fit: received 2 results and 0 failures
[2025-01-07 18:31:16,023][flwr][INFO] - fit progress: (9, 5.175979591669602, {'accuracy': 0.9812}, 47.42534342100407)
[2025-01-07 18:31:16,023][flwr][INFO] - configure_evaluate: strategy sampled 3 clients (out of 20)
[2025-01-07 18:31:16,394][flwr][INFO] - aggregate_evaluate: received 3 results and 0 failures
[2025-01-07 18:31:16,394][flwr][INFO] - 
[2025-01-07 18:31:16,395][flwr][INFO] - [ROUND 10]
[2025-01-07 18:31:16,395][flwr][INFO] - configure_fit: strategy sampled 2 clients (out of 20)
[2025-01-07 18:31:19,082][flwr][INFO] - aggregate_fit: received 2 results and 0 failures
[2025-01-07 18:31:20,966][flwr][INFO] - fit progress: (10, 4.172798284635064, {'accuracy': 0.9851}, 52.36903936800081)
[2025-01-07 18:31:20,967][flwr][INFO] - configure_evaluate: strategy sampled 3 clients (out of 20)
[2025-01-07 18:31:21,357][flwr][INFO] - aggregate_evaluate: received 3 results and 0 failures
[2025-01-07 18:31:21,358][flwr][INFO] - 
[2025-01-07 18:31:21,358][flwr][INFO] - [SUMMARY]
[2025-01-07 18:31:21,358][flwr][INFO] - Run finished 10 round(s) in 52.76s
[2025-01-07 18:31:21,358][flwr][INFO] - 	History (loss, distributed):
[2025-01-07 18:31:21,358][flwr][INFO] - 		round 1: 2.388689771294594
[2025-01-07 18:31:21,358][flwr][INFO] - 		round 2: 1.4591849090065807
[2025-01-07 18:31:21,358][flwr][INFO] - 		round 3: 0.6976884657827517
[2025-01-07 18:31:21,358][flwr][INFO] - 		round 4: 0.7325281841913238
[2025-01-07 18:31:21,358][flwr][INFO] - 		round 5: 0.8562736080105727
[2025-01-07 18:31:21,358][flwr][INFO] - 		round 6: 0.6270275661954656
[2025-01-07 18:31:21,358][flwr][INFO] - 		round 7: 0.4486252567585325
[2025-01-07 18:31:21,358][flwr][INFO] - 		round 8: 0.8333201591561495
[2025-01-07 18:31:21,359][flwr][INFO] - 		round 9: 0.7867571875370535
[2025-01-07 18:31:21,359][flwr][INFO] - 		round 10: 0.3058416719480495
[2025-01-07 18:31:21,359][flwr][INFO] - 	History (loss, centralized):
[2025-01-07 18:31:21,359][flwr][INFO] - 		round 0: 182.12021398544312
[2025-01-07 18:31:21,359][flwr][INFO] - 		round 1: 15.674946481361985
[2025-01-07 18:31:21,359][flwr][INFO] - 		round 2: 9.836528451007325
[2025-01-07 18:31:21,359][flwr][INFO] - 		round 3: 6.987514778098557
[2025-01-07 18:31:21,359][flwr][INFO] - 		round 4: 5.554722972417949
[2025-01-07 18:31:21,359][flwr][INFO] - 		round 5: 5.451002941332263
[2025-01-07 18:31:21,359][flwr][INFO] - 		round 6: 4.765574026518152
[2025-01-07 18:31:21,359][flwr][INFO] - 		round 7: 4.710387309827638
[2025-01-07 18:31:21,359][flwr][INFO] - 		round 8: 5.018192084142356
[2025-01-07 18:31:21,359][flwr][INFO] - 		round 9: 5.175979591669602
[2025-01-07 18:31:21,359][flwr][INFO] - 		round 10: 4.172798284635064
[2025-01-07 18:31:21,359][flwr][INFO] - 	History (metrics, centralized):
[2025-01-07 18:31:21,359][flwr][INFO] - 	{'accuracy': [(0, 0.1384),
[2025-01-07 18:31:21,359][flwr][INFO] - 	              (1, 0.9371),
[2025-01-07 18:31:21,359][flwr][INFO] - 	              (2, 0.9578),
[2025-01-07 18:31:21,359][flwr][INFO] - 	              (3, 0.9703),
[2025-01-07 18:31:21,359][flwr][INFO] - 	              (4, 0.9786),
[2025-01-07 18:31:21,359][flwr][INFO] - 	              (5, 0.9778),
[2025-01-07 18:31:21,359][flwr][INFO] - 	              (6, 0.9824),
[2025-01-07 18:31:21,360][flwr][INFO] - 	              (7, 0.9834),
[2025-01-07 18:31:21,360][flwr][INFO] - 	              (8, 0.9818),
[2025-01-07 18:31:21,360][flwr][INFO] - 	              (9, 0.9812),
[2025-01-07 18:31:21,360][flwr][INFO] - 	              (10, 0.9851)]}
[2025-01-07 18:31:21,360][flwr][INFO] - 
