[2025-01-07 13:09:39,972][flwr][INFO] - Starting Flower simulation, config: num_rounds=5, no round_timeout
[2025-01-07 13:09:44,295][flwr][INFO] - Flower VCE: Ray initialized with resources: {'memory': 3872612352.0, 'object_store_memory': 1936306176.0, 'node:__internal_head__': 1.0, 'node:192.168.1.11': 1.0, 'CPU': 12.0}
[2025-01-07 13:09:44,295][flwr][INFO] - Optimize your simulation with Flower VCE: https://flower.ai/docs/framework/how-to-run-simulations.html
[2025-01-07 13:09:44,295][flwr][INFO] - Flower VCE: Resources for each Virtual Client: {'num_cpus': 2, 'num_gpus': 0}
[2025-01-07 13:09:44,312][flwr][INFO] - Flower VCE: Creating VirtualClientEngineActorPool with 6 actors
[2025-01-07 13:09:44,313][flwr][INFO] - [INIT]
[2025-01-07 13:09:44,313][flwr][INFO] - Requesting initial parameters from one random client
[2025-01-07 13:09:47,862][flwr][INFO] - Received initial parameters from one random client
[2025-01-07 13:09:47,862][flwr][INFO] - Starting evaluation of initial global parameters
[2025-01-07 13:09:49,822][flwr][INFO] - initial parameters (loss, other metrics): 181.82276153564453, {'accuracy': 0.1011}
[2025-01-07 13:09:49,823][flwr][INFO] - 
[2025-01-07 13:09:49,823][flwr][INFO] - [ROUND 1]
[2025-01-07 13:09:49,823][flwr][INFO] - configure_fit: strategy sampled 2 clients (out of 5)
[2025-01-07 13:10:33,350][flwr][INFO] - aggregate_fit: received 2 results and 0 failures
[2025-01-07 13:10:33,359][flwr][WARNING] - No fit_metrics_aggregation_fn provided
[2025-01-07 13:10:36,561][flwr][INFO] - fit progress: (1, 4.724778073985362, {'accuracy': 0.983}, 46.73852649199762)
[2025-01-07 13:10:36,562][flwr][INFO] - configure_evaluate: strategy sampled 5 clients (out of 5)
[2025-01-07 13:10:43,010][flwr][INFO] - aggregate_evaluate: received 5 results and 0 failures
[2025-01-07 13:10:43,010][flwr][WARNING] - No evaluate_metrics_aggregation_fn provided
[2025-01-07 13:10:43,011][flwr][INFO] - 
[2025-01-07 13:10:43,011][flwr][INFO] - [ROUND 2]
[2025-01-07 13:10:43,011][flwr][INFO] - configure_fit: strategy sampled 2 clients (out of 5)
[2025-01-07 13:11:21,388][flwr][INFO] - aggregate_fit: received 2 results and 0 failures
[2025-01-07 13:11:24,796][flwr][INFO] - fit progress: (2, 3.3881375507589837, {'accuracy': 0.988}, 94.97367143799784)
[2025-01-07 13:11:24,797][flwr][INFO] - configure_evaluate: strategy sampled 5 clients (out of 5)
[2025-01-07 13:11:26,524][flwr][INFO] - aggregate_evaluate: received 5 results and 0 failures
[2025-01-07 13:11:26,524][flwr][INFO] - 
[2025-01-07 13:11:26,525][flwr][INFO] - [ROUND 3]
[2025-01-07 13:11:26,525][flwr][INFO] - configure_fit: strategy sampled 2 clients (out of 5)
[2025-01-07 13:12:03,129][flwr][INFO] - aggregate_fit: received 2 results and 0 failures
[2025-01-07 13:12:06,931][flwr][INFO] - fit progress: (3, 3.6375723272403775, {'accuracy': 0.9879}, 137.10854634799762)
[2025-01-07 13:12:06,932][flwr][INFO] - configure_evaluate: strategy sampled 5 clients (out of 5)
[2025-01-07 13:12:08,918][flwr][INFO] - aggregate_evaluate: received 5 results and 0 failures
[2025-01-07 13:12:08,918][flwr][INFO] - 
[2025-01-07 13:12:08,918][flwr][INFO] - [ROUND 4]
[2025-01-07 13:12:08,918][flwr][INFO] - configure_fit: strategy sampled 2 clients (out of 5)
[2025-01-07 13:12:46,771][flwr][INFO] - aggregate_fit: received 2 results and 0 failures
[2025-01-07 13:12:50,376][flwr][INFO] - fit progress: (4, 3.7711140668835696, {'accuracy': 0.9884}, 180.55312971999956)
[2025-01-07 13:12:50,376][flwr][INFO] - configure_evaluate: strategy sampled 5 clients (out of 5)
[2025-01-07 13:12:52,336][flwr][INFO] - aggregate_evaluate: received 5 results and 0 failures
[2025-01-07 13:12:52,337][flwr][INFO] - 
[2025-01-07 13:12:52,337][flwr][INFO] - [ROUND 5]
[2025-01-07 13:12:52,337][flwr][INFO] - configure_fit: strategy sampled 2 clients (out of 5)
[2025-01-07 13:13:31,940][flwr][INFO] - aggregate_fit: received 2 results and 0 failures
[2025-01-07 13:13:38,043][flwr][INFO] - fit progress: (5, 4.361919823833659, {'accuracy': 0.988}, 228.22089775999848)
[2025-01-07 13:13:38,044][flwr][INFO] - configure_evaluate: strategy sampled 5 clients (out of 5)
[2025-01-07 13:13:39,807][flwr][INFO] - aggregate_evaluate: received 5 results and 0 failures
[2025-01-07 13:13:39,808][flwr][INFO] - 
[2025-01-07 13:13:39,808][flwr][INFO] - [SUMMARY]
[2025-01-07 13:13:39,808][flwr][INFO] - Run finished 5 round(s) in 229.99s
[2025-01-07 13:13:39,809][flwr][INFO] - 	History (loss, distributed):
[2025-01-07 13:13:39,809][flwr][INFO] - 		round 1: 5.848737306913245
[2025-01-07 13:13:39,809][flwr][INFO] - 		round 2: 3.7196365038158548
[2025-01-07 13:13:39,810][flwr][INFO] - 		round 3: 4.633257225735497
[2025-01-07 13:13:39,810][flwr][INFO] - 		round 4: 5.0889511287917015
[2025-01-07 13:13:39,810][flwr][INFO] - 		round 5: 5.4045355595042945
[2025-01-07 13:13:39,810][flwr][INFO] - 	History (loss, centralized):
[2025-01-07 13:13:39,810][flwr][INFO] - 		round 0: 181.82276153564453
[2025-01-07 13:13:39,810][flwr][INFO] - 		round 1: 4.724778073985362
[2025-01-07 13:13:39,811][flwr][INFO] - 		round 2: 3.3881375507589837
[2025-01-07 13:13:39,811][flwr][INFO] - 		round 3: 3.6375723272403775
[2025-01-07 13:13:39,811][flwr][INFO] - 		round 4: 3.7711140668835696
[2025-01-07 13:13:39,811][flwr][INFO] - 		round 5: 4.361919823833659
[2025-01-07 13:13:39,811][flwr][INFO] - 	History (metrics, centralized):
[2025-01-07 13:13:39,811][flwr][INFO] - 	{'accuracy': [(0, 0.1011),
[2025-01-07 13:13:39,811][flwr][INFO] - 	              (1, 0.983),
[2025-01-07 13:13:39,812][flwr][INFO] - 	              (2, 0.988),
[2025-01-07 13:13:39,812][flwr][INFO] - 	              (3, 0.9879),
[2025-01-07 13:13:39,812][flwr][INFO] - 	              (4, 0.9884),
[2025-01-07 13:13:39,812][flwr][INFO] - 	              (5, 0.988)]}
[2025-01-07 13:13:39,812][flwr][INFO] - 
