[2024-12-31 16:46:36,262][flwr][INFO] - Starting Flower simulation, config: num_rounds=10, no round_timeout
[2024-12-31 16:46:40,964][flwr][INFO] - Flower VCE: Ray initialized with resources: {'node:__internal_head__': 1.0, 'memory': 3157696512.0, 'object_store_memory': 1578848256.0, 'node:192.168.1.11': 1.0, 'CPU': 12.0}
[2024-12-31 16:46:40,964][flwr][INFO] - Optimize your simulation with Flower VCE: https://flower.ai/docs/framework/how-to-run-simulations.html
[2024-12-31 16:46:40,964][flwr][INFO] - Flower VCE: Resources for each Virtual Client: {'num_cpus': 2, 'num_gpus': 0}
[2024-12-31 16:46:40,995][flwr][INFO] - Flower VCE: Creating VirtualClientEngineActorPool with 6 actors
[2024-12-31 16:46:40,996][flwr][INFO] - [INIT]
[2024-12-31 16:46:40,996][flwr][INFO] - Using initial global parameters provided by strategy
[2024-12-31 16:46:40,996][flwr][INFO] - Starting evaluation of initial global parameters
[2024-12-31 16:46:45,103][flwr][INFO] - initial parameters (loss, other metrics): 182.56671357154846, {'accuracy': 0.1028}
[2024-12-31 16:46:45,104][flwr][INFO] - 
[2024-12-31 16:46:45,104][flwr][INFO] - [ROUND 1]
[2024-12-31 16:46:45,104][flwr][INFO] - configure_fit: strategy sampled 2 clients (out of 10)
[2024-12-31 16:46:58,364][flwr][INFO] - aggregate_fit: received 2 results and 0 failures
[2024-12-31 16:46:58,371][flwr][WARNING] - No fit_metrics_aggregation_fn provided
[2024-12-31 16:47:00,765][flwr][INFO] - fit progress: (1, 189.68182229995728, {'accuracy': 0.101}, 15.660935601001256)
[2024-12-31 16:47:00,765][flwr][INFO] - configure_evaluate: strategy sampled 2 clients (out of 10)
[2024-12-31 16:47:01,213][flwr][INFO] - aggregate_evaluate: received 2 results and 0 failures
[2024-12-31 16:47:01,213][flwr][WARNING] - No evaluate_metrics_aggregation_fn provided
[2024-12-31 16:47:01,213][flwr][INFO] - 
[2024-12-31 16:47:01,213][flwr][INFO] - [ROUND 2]
[2024-12-31 16:47:01,214][flwr][INFO] - configure_fit: strategy sampled 2 clients (out of 10)
[2024-12-31 16:47:11,220][flwr][INFO] - aggregate_fit: received 2 results and 0 failures
[2024-12-31 16:47:13,065][flwr][INFO] - fit progress: (2, 191.50598073005676, {'accuracy': 0.0982}, 27.961113457000465)
[2024-12-31 16:47:13,065][flwr][INFO] - configure_evaluate: strategy sampled 2 clients (out of 10)
[2024-12-31 16:47:13,536][flwr][INFO] - aggregate_evaluate: received 2 results and 0 failures
[2024-12-31 16:47:13,537][flwr][INFO] - 
[2024-12-31 16:47:13,537][flwr][INFO] - [ROUND 3]
[2024-12-31 16:47:13,537][flwr][INFO] - configure_fit: strategy sampled 2 clients (out of 10)
[2024-12-31 16:47:23,276][flwr][INFO] - aggregate_fit: received 2 results and 0 failures
[2024-12-31 16:47:25,829][flwr][INFO] - fit progress: (3, 188.35992407798767, {'accuracy': 0.098}, 40.72550654099905)
[2024-12-31 16:47:25,830][flwr][INFO] - configure_evaluate: strategy sampled 2 clients (out of 10)
[2024-12-31 16:47:26,276][flwr][INFO] - aggregate_evaluate: received 2 results and 0 failures
[2024-12-31 16:47:26,277][flwr][INFO] - 
[2024-12-31 16:47:26,277][flwr][INFO] - [ROUND 4]
[2024-12-31 16:47:26,277][flwr][INFO] - configure_fit: strategy sampled 2 clients (out of 10)
[2024-12-31 16:47:37,648][flwr][INFO] - aggregate_fit: received 2 results and 0 failures
[2024-12-31 16:47:40,145][flwr][INFO] - fit progress: (4, 185.4081699848175, {'accuracy': 0.1028}, 55.04109076000168)
[2024-12-31 16:47:40,145][flwr][INFO] - configure_evaluate: strategy sampled 2 clients (out of 10)
[2024-12-31 16:47:40,631][flwr][INFO] - aggregate_evaluate: received 2 results and 0 failures
[2024-12-31 16:47:40,631][flwr][INFO] - 
[2024-12-31 16:47:40,631][flwr][INFO] - [ROUND 5]
[2024-12-31 16:47:40,632][flwr][INFO] - configure_fit: strategy sampled 2 clients (out of 10)
[2024-12-31 16:47:50,723][flwr][INFO] - aggregate_fit: received 2 results and 0 failures
[2024-12-31 16:47:53,261][flwr][INFO] - fit progress: (5, 186.91278290748596, {'accuracy': 0.0892}, 68.1570347970046)
[2024-12-31 16:47:53,261][flwr][INFO] - configure_evaluate: strategy sampled 2 clients (out of 10)
[2024-12-31 16:47:53,748][flwr][INFO] - aggregate_evaluate: received 2 results and 0 failures
[2024-12-31 16:47:53,748][flwr][INFO] - 
[2024-12-31 16:47:53,748][flwr][INFO] - [ROUND 6]
[2024-12-31 16:47:53,749][flwr][INFO] - configure_fit: strategy sampled 2 clients (out of 10)
[2024-12-31 16:48:03,304][flwr][INFO] - aggregate_fit: received 2 results and 0 failures
[2024-12-31 16:48:05,473][flwr][INFO] - fit progress: (6, 189.3941466808319, {'accuracy': 0.1032}, 80.36911028900067)
[2024-12-31 16:48:05,473][flwr][INFO] - configure_evaluate: strategy sampled 2 clients (out of 10)
[2024-12-31 16:48:05,945][flwr][INFO] - aggregate_evaluate: received 2 results and 0 failures
[2024-12-31 16:48:05,945][flwr][INFO] - 
[2024-12-31 16:48:05,946][flwr][INFO] - [ROUND 7]
[2024-12-31 16:48:05,946][flwr][INFO] - configure_fit: strategy sampled 2 clients (out of 10)
[2024-12-31 16:48:16,118][flwr][INFO] - aggregate_fit: received 2 results and 0 failures
[2024-12-31 16:48:19,471][flwr][INFO] - fit progress: (7, 187.98599362373352, {'accuracy': 0.1028}, 94.36690856300265)
[2024-12-31 16:48:19,471][flwr][INFO] - configure_evaluate: strategy sampled 2 clients (out of 10)
[2024-12-31 16:48:20,016][flwr][INFO] - aggregate_evaluate: received 2 results and 0 failures
[2024-12-31 16:48:20,017][flwr][INFO] - 
[2024-12-31 16:48:20,017][flwr][INFO] - [ROUND 8]
[2024-12-31 16:48:20,017][flwr][INFO] - configure_fit: strategy sampled 2 clients (out of 10)
[2024-12-31 16:48:31,393][flwr][INFO] - aggregate_fit: received 2 results and 0 failures
[2024-12-31 16:48:34,825][flwr][INFO] - fit progress: (8, 184.96598291397095, {'accuracy': 0.0958}, 109.72088779000478)
[2024-12-31 16:48:34,825][flwr][INFO] - configure_evaluate: strategy sampled 2 clients (out of 10)
[2024-12-31 16:48:35,315][flwr][INFO] - aggregate_evaluate: received 2 results and 0 failures
[2024-12-31 16:48:35,316][flwr][INFO] - 
[2024-12-31 16:48:35,316][flwr][INFO] - [ROUND 9]
[2024-12-31 16:48:35,316][flwr][INFO] - configure_fit: strategy sampled 2 clients (out of 10)
[2024-12-31 16:48:51,834][flwr][INFO] - aggregate_fit: received 2 results and 0 failures
[2024-12-31 16:48:59,706][flwr][INFO] - fit progress: (9, 185.98992037773132, {'accuracy': 0.0982}, 134.6022499440005)
[2024-12-31 16:48:59,707][flwr][INFO] - configure_evaluate: strategy sampled 2 clients (out of 10)
[2024-12-31 16:49:00,759][flwr][INFO] - aggregate_evaluate: received 2 results and 0 failures
[2024-12-31 16:49:00,760][flwr][INFO] - 
[2024-12-31 16:49:00,760][flwr][INFO] - [ROUND 10]
[2024-12-31 16:49:00,761][flwr][INFO] - configure_fit: strategy sampled 2 clients (out of 10)
[2024-12-31 16:49:17,328][flwr][INFO] - aggregate_fit: received 2 results and 0 failures
[2024-12-31 16:49:24,388][flwr][INFO] - fit progress: (10, 190.85672974586487, {'accuracy': 0.1135}, 159.2840791560011)
[2024-12-31 16:49:24,388][flwr][INFO] - configure_evaluate: strategy sampled 2 clients (out of 10)
[2024-12-31 16:49:25,227][flwr][INFO] - aggregate_evaluate: received 2 results and 0 failures
[2024-12-31 16:49:25,228][flwr][INFO] - 
[2024-12-31 16:49:25,228][flwr][INFO] - [SUMMARY]
[2024-12-31 16:49:25,228][flwr][INFO] - Run finished 10 round(s) in 160.12s
[2024-12-31 16:49:25,229][flwr][INFO] - 	History (loss, distributed):
[2024-12-31 16:49:25,230][flwr][INFO] - 		round 1: 90.94445633888245
[2024-12-31 16:49:25,230][flwr][INFO] - 		round 2: 92.00665652751923
[2024-12-31 16:49:25,230][flwr][INFO] - 		round 3: 90.45712625980377
[2024-12-31 16:49:25,230][flwr][INFO] - 		round 4: 88.55294060707092
[2024-12-31 16:49:25,231][flwr][INFO] - 		round 5: 89.51468622684479
[2024-12-31 16:49:25,231][flwr][INFO] - 		round 6: 90.55739307403564
[2024-12-31 16:49:25,231][flwr][INFO] - 		round 7: 90.64103019237518
[2024-12-31 16:49:25,231][flwr][INFO] - 		round 8: 89.43040311336517
[2024-12-31 16:49:25,232][flwr][INFO] - 		round 9: 89.67260730266571
[2024-12-31 16:49:25,232][flwr][INFO] - 		round 10: 92.595330119133
[2024-12-31 16:49:25,232][flwr][INFO] - 	History (loss, centralized):
[2024-12-31 16:49:25,232][flwr][INFO] - 		round 0: 182.56671357154846
[2024-12-31 16:49:25,233][flwr][INFO] - 		round 1: 189.68182229995728
[2024-12-31 16:49:25,233][flwr][INFO] - 		round 2: 191.50598073005676
[2024-12-31 16:49:25,233][flwr][INFO] - 		round 3: 188.35992407798767
[2024-12-31 16:49:25,233][flwr][INFO] - 		round 4: 185.4081699848175
[2024-12-31 16:49:25,233][flwr][INFO] - 		round 5: 186.91278290748596
[2024-12-31 16:49:25,234][flwr][INFO] - 		round 6: 189.3941466808319
[2024-12-31 16:49:25,234][flwr][INFO] - 		round 7: 187.98599362373352
[2024-12-31 16:49:25,234][flwr][INFO] - 		round 8: 184.96598291397095
[2024-12-31 16:49:25,235][flwr][INFO] - 		round 9: 185.98992037773132
[2024-12-31 16:49:25,235][flwr][INFO] - 		round 10: 190.85672974586487
[2024-12-31 16:49:25,235][flwr][INFO] - 	History (metrics, centralized):
[2024-12-31 16:49:25,235][flwr][INFO] - 	{'accuracy': [(0, 0.1028),
[2024-12-31 16:49:25,236][flwr][INFO] - 	              (1, 0.101),
[2024-12-31 16:49:25,236][flwr][INFO] - 	              (2, 0.0982),
[2024-12-31 16:49:25,236][flwr][INFO] - 	              (3, 0.098),
[2024-12-31 16:49:25,236][flwr][INFO] - 	              (4, 0.1028),
[2024-12-31 16:49:25,237][flwr][INFO] - 	              (5, 0.0892),
[2024-12-31 16:49:25,237][flwr][INFO] - 	              (6, 0.1032),
[2024-12-31 16:49:25,237][flwr][INFO] - 	              (7, 0.1028),
[2024-12-31 16:49:25,238][flwr][INFO] - 	              (8, 0.0958),
[2024-12-31 16:49:25,238][flwr][INFO] - 	              (9, 0.0982),
[2024-12-31 16:49:25,238][flwr][INFO] - 	              (10, 0.1135)]}
[2024-12-31 16:49:25,238][flwr][INFO] - 
