[2025-01-07 18:37:09,346][flwr][INFO] - Starting Flower simulation, config: num_rounds=10, no round_timeout
[2025-01-07 18:37:13,012][flwr][INFO] - Flower VCE: Ray initialized with resources: {'node:__internal_head__': 1.0, 'object_store_memory': 3134568038.0, 'memory': 6269136078.0, 'CPU': 12.0, 'node:192.168.1.11': 1.0}
[2025-01-07 18:37:13,013][flwr][INFO] - Optimize your simulation with Flower VCE: https://flower.ai/docs/framework/how-to-run-simulations.html
[2025-01-07 18:37:13,013][flwr][INFO] - Flower VCE: Resources for each Virtual Client: {'num_cpus': 2, 'num_gpus': 0}
[2025-01-07 18:37:13,022][flwr][INFO] - Flower VCE: Creating VirtualClientEngineActorPool with 6 actors
[2025-01-07 18:37:13,023][flwr][INFO] - [INIT]
[2025-01-07 18:37:13,023][flwr][INFO] - Requesting initial parameters from one random client
[2025-01-07 18:37:15,330][flwr][INFO] - Received initial parameters from one random client
[2025-01-07 18:37:15,330][flwr][INFO] - Starting evaluation of initial global parameters
[2025-01-07 18:37:17,093][flwr][INFO] - initial parameters (loss, other metrics): 182.46355295181274, {'accuracy': 0.0669}
[2025-01-07 18:37:17,093][flwr][INFO] - 
[2025-01-07 18:37:17,093][flwr][INFO] - [ROUND 1]
[2025-01-07 18:37:17,094][flwr][INFO] - configure_fit: strategy sampled 2 clients (out of 20)
[2025-01-07 18:37:21,863][flwr][INFO] - aggregate_fit: received 2 results and 0 failures
[2025-01-07 18:37:21,866][flwr][WARNING] - No fit_metrics_aggregation_fn provided
[2025-01-07 18:37:23,056][flwr][INFO] - fit progress: (1, 14.638400193303823, {'accuracy': 0.9453}, 5.962631133996183)
[2025-01-07 18:37:23,056][flwr][INFO] - configure_evaluate: strategy sampled 5 clients (out of 20)
[2025-01-07 18:37:26,565][flwr][INFO] - aggregate_evaluate: received 5 results and 0 failures
[2025-01-07 18:37:26,565][flwr][WARNING] - No evaluate_metrics_aggregation_fn provided
[2025-01-07 18:37:26,599][flwr][INFO] - 
[2025-01-07 18:37:26,600][flwr][INFO] - [ROUND 2]
[2025-01-07 18:37:26,600][flwr][INFO] - configure_fit: strategy sampled 2 clients (out of 20)
[2025-01-07 18:37:29,401][flwr][INFO] - aggregate_fit: received 2 results and 0 failures
[2025-01-07 18:37:30,908][flwr][INFO] - fit progress: (2, 7.5321373198821675, {'accuracy': 0.971}, 13.814892588001385)
[2025-01-07 18:37:30,908][flwr][INFO] - configure_evaluate: strategy sampled 5 clients (out of 20)
[2025-01-07 18:37:31,553][flwr][INFO] - aggregate_evaluate: received 5 results and 0 failures
[2025-01-07 18:37:31,554][flwr][INFO] - 
[2025-01-07 18:37:31,554][flwr][INFO] - [ROUND 3]
[2025-01-07 18:37:31,554][flwr][INFO] - configure_fit: strategy sampled 2 clients (out of 20)
[2025-01-07 18:37:34,337][flwr][INFO] - aggregate_fit: received 2 results and 0 failures
[2025-01-07 18:37:35,853][flwr][INFO] - fit progress: (3, 6.433392635255586, {'accuracy': 0.974}, 18.759394396998687)
[2025-01-07 18:37:35,853][flwr][INFO] - configure_evaluate: strategy sampled 5 clients (out of 20)
[2025-01-07 18:37:36,466][flwr][INFO] - aggregate_evaluate: received 5 results and 0 failures
[2025-01-07 18:37:36,466][flwr][INFO] - 
[2025-01-07 18:37:36,466][flwr][INFO] - [ROUND 4]
[2025-01-07 18:37:36,466][flwr][INFO] - configure_fit: strategy sampled 2 clients (out of 20)
[2025-01-07 18:37:39,360][flwr][INFO] - aggregate_fit: received 2 results and 0 failures
[2025-01-07 18:37:41,280][flwr][INFO] - fit progress: (4, 6.064385737096018, {'accuracy': 0.9756}, 24.187069410996628)
[2025-01-07 18:37:41,281][flwr][INFO] - configure_evaluate: strategy sampled 5 clients (out of 20)
[2025-01-07 18:37:41,805][flwr][INFO] - aggregate_evaluate: received 5 results and 0 failures
[2025-01-07 18:37:41,805][flwr][INFO] - 
[2025-01-07 18:37:41,805][flwr][INFO] - [ROUND 5]
[2025-01-07 18:37:41,805][flwr][INFO] - configure_fit: strategy sampled 2 clients (out of 20)
[2025-01-07 18:37:44,695][flwr][INFO] - aggregate_fit: received 2 results and 0 failures
[2025-01-07 18:37:46,477][flwr][INFO] - fit progress: (5, 5.320618621553876, {'accuracy': 0.9803}, 29.38406629399833)
[2025-01-07 18:37:46,478][flwr][INFO] - configure_evaluate: strategy sampled 5 clients (out of 20)
[2025-01-07 18:37:47,027][flwr][INFO] - aggregate_evaluate: received 5 results and 0 failures
[2025-01-07 18:37:47,027][flwr][INFO] - 
[2025-01-07 18:37:47,028][flwr][INFO] - [ROUND 6]
[2025-01-07 18:37:47,028][flwr][INFO] - configure_fit: strategy sampled 2 clients (out of 20)
[2025-01-07 18:37:49,746][flwr][INFO] - aggregate_fit: received 2 results and 0 failures
[2025-01-07 18:37:51,196][flwr][INFO] - fit progress: (6, 4.830312139889429, {'accuracy': 0.9812}, 34.102384924000944)
[2025-01-07 18:37:51,196][flwr][INFO] - configure_evaluate: strategy sampled 5 clients (out of 20)
[2025-01-07 18:37:51,785][flwr][INFO] - aggregate_evaluate: received 5 results and 0 failures
[2025-01-07 18:37:51,785][flwr][INFO] - 
[2025-01-07 18:37:51,786][flwr][INFO] - [ROUND 7]
[2025-01-07 18:37:51,786][flwr][INFO] - configure_fit: strategy sampled 2 clients (out of 20)
[2025-01-07 18:37:54,502][flwr][INFO] - aggregate_fit: received 2 results and 0 failures
[2025-01-07 18:37:55,735][flwr][INFO] - fit progress: (7, 6.297254300763598, {'accuracy': 0.977}, 38.64203992400144)
[2025-01-07 18:37:55,736][flwr][INFO] - configure_evaluate: strategy sampled 5 clients (out of 20)
[2025-01-07 18:37:56,337][flwr][INFO] - aggregate_evaluate: received 5 results and 0 failures
[2025-01-07 18:37:56,337][flwr][INFO] - 
[2025-01-07 18:37:56,337][flwr][INFO] - [ROUND 8]
[2025-01-07 18:37:56,337][flwr][INFO] - configure_fit: strategy sampled 2 clients (out of 20)
[2025-01-07 18:37:59,104][flwr][INFO] - aggregate_fit: received 2 results and 0 failures
[2025-01-07 18:38:00,710][flwr][INFO] - fit progress: (8, 4.14679028725368, {'accuracy': 0.9839}, 43.617125438002404)
[2025-01-07 18:38:00,711][flwr][INFO] - configure_evaluate: strategy sampled 5 clients (out of 20)
[2025-01-07 18:38:01,352][flwr][INFO] - aggregate_evaluate: received 5 results and 0 failures
[2025-01-07 18:38:01,352][flwr][INFO] - 
[2025-01-07 18:38:01,352][flwr][INFO] - [ROUND 9]
[2025-01-07 18:38:01,353][flwr][INFO] - configure_fit: strategy sampled 2 clients (out of 20)
[2025-01-07 18:38:04,153][flwr][INFO] - aggregate_fit: received 2 results and 0 failures
[2025-01-07 18:38:05,340][flwr][INFO] - fit progress: (9, 3.991225599835161, {'accuracy': 0.9838}, 48.24700112100254)
[2025-01-07 18:38:05,341][flwr][INFO] - configure_evaluate: strategy sampled 5 clients (out of 20)
[2025-01-07 18:38:05,996][flwr][INFO] - aggregate_evaluate: received 5 results and 0 failures
[2025-01-07 18:38:05,996][flwr][INFO] - 
[2025-01-07 18:38:05,996][flwr][INFO] - [ROUND 10]
[2025-01-07 18:38:05,997][flwr][INFO] - configure_fit: strategy sampled 2 clients (out of 20)
[2025-01-07 18:38:08,743][flwr][INFO] - aggregate_fit: received 2 results and 0 failures
[2025-01-07 18:38:10,178][flwr][INFO] - fit progress: (10, 3.877747789512796, {'accuracy': 0.9843}, 53.084875426997314)
[2025-01-07 18:38:10,179][flwr][INFO] - configure_evaluate: strategy sampled 5 clients (out of 20)
[2025-01-07 18:38:10,742][flwr][INFO] - aggregate_evaluate: received 5 results and 0 failures
[2025-01-07 18:38:10,742][flwr][INFO] - 
[2025-01-07 18:38:10,742][flwr][INFO] - [SUMMARY]
[2025-01-07 18:38:10,742][flwr][INFO] - Run finished 10 round(s) in 53.65s
[2025-01-07 18:38:10,743][flwr][INFO] - 	History (loss, distributed):
[2025-01-07 18:38:10,743][flwr][INFO] - 		round 1: 2.2717080265283585
[2025-01-07 18:38:10,743][flwr][INFO] - 		round 2: 0.8731350842863321
[2025-01-07 18:38:10,743][flwr][INFO] - 		round 3: 1.1287304859841243
[2025-01-07 18:38:10,743][flwr][INFO] - 		round 4: 1.222656219213968
[2025-01-07 18:38:10,743][flwr][INFO] - 		round 5: 1.110919680315419
[2025-01-07 18:38:10,743][flwr][INFO] - 		round 6: 0.6400859609295366
[2025-01-07 18:38:10,744][flwr][INFO] - 		round 7: 0.8960215873317793
[2025-01-07 18:38:10,744][flwr][INFO] - 		round 8: 0.8805018775456119
[2025-01-07 18:38:10,744][flwr][INFO] - 		round 9: 0.744910098129185
[2025-01-07 18:38:10,744][flwr][INFO] - 		round 10: 0.46870949209696844
[2025-01-07 18:38:10,744][flwr][INFO] - 	History (loss, centralized):
[2025-01-07 18:38:10,744][flwr][INFO] - 		round 0: 182.46355295181274
[2025-01-07 18:38:10,744][flwr][INFO] - 		round 1: 14.638400193303823
[2025-01-07 18:38:10,744][flwr][INFO] - 		round 2: 7.5321373198821675
[2025-01-07 18:38:10,745][flwr][INFO] - 		round 3: 6.433392635255586
[2025-01-07 18:38:10,745][flwr][INFO] - 		round 4: 6.064385737096018
[2025-01-07 18:38:10,745][flwr][INFO] - 		round 5: 5.320618621553876
[2025-01-07 18:38:10,745][flwr][INFO] - 		round 6: 4.830312139889429
[2025-01-07 18:38:10,745][flwr][INFO] - 		round 7: 6.297254300763598
[2025-01-07 18:38:10,745][flwr][INFO] - 		round 8: 4.14679028725368
[2025-01-07 18:38:10,745][flwr][INFO] - 		round 9: 3.991225599835161
[2025-01-07 18:38:10,745][flwr][INFO] - 		round 10: 3.877747789512796
[2025-01-07 18:38:10,745][flwr][INFO] - 	History (metrics, centralized):
[2025-01-07 18:38:10,746][flwr][INFO] - 	{'accuracy': [(0, 0.0669),
[2025-01-07 18:38:10,746][flwr][INFO] - 	              (1, 0.9453),
[2025-01-07 18:38:10,746][flwr][INFO] - 	              (2, 0.971),
[2025-01-07 18:38:10,746][flwr][INFO] - 	              (3, 0.974),
[2025-01-07 18:38:10,746][flwr][INFO] - 	              (4, 0.9756),
[2025-01-07 18:38:10,746][flwr][INFO] - 	              (5, 0.9803),
[2025-01-07 18:38:10,746][flwr][INFO] - 	              (6, 0.9812),
[2025-01-07 18:38:10,746][flwr][INFO] - 	              (7, 0.977),
[2025-01-07 18:38:10,746][flwr][INFO] - 	              (8, 0.9839),
[2025-01-07 18:38:10,747][flwr][INFO] - 	              (9, 0.9838),
[2025-01-07 18:38:10,747][flwr][INFO] - 	              (10, 0.9843)]}
[2025-01-07 18:38:10,747][flwr][INFO] - 
