[2025-01-07 16:06:39,423][flwr][INFO] - Starting Flower simulation, config: num_rounds=10, no round_timeout
[2025-01-07 16:06:42,818][flwr][INFO] - Flower VCE: Ray initialized with resources: {'CPU': 12.0, 'node:192.168.1.11': 1.0, 'memory': 6259121358.0, 'object_store_memory': 3129560678.0, 'node:__internal_head__': 1.0}
[2025-01-07 16:06:42,819][flwr][INFO] - Optimize your simulation with Flower VCE: https://flower.ai/docs/framework/how-to-run-simulations.html
[2025-01-07 16:06:42,819][flwr][INFO] - Flower VCE: Resources for each Virtual Client: {'num_cpus': 2, 'num_gpus': 0}
[2025-01-07 16:06:42,831][flwr][INFO] - Flower VCE: Creating VirtualClientEngineActorPool with 6 actors
[2025-01-07 16:06:42,831][flwr][INFO] - [INIT]
[2025-01-07 16:06:42,831][flwr][INFO] - Requesting initial parameters from one random client
[2025-01-07 16:06:45,472][flwr][INFO] - Received initial parameters from one random client
[2025-01-07 16:06:45,472][flwr][INFO] - Starting evaluation of initial global parameters
[2025-01-07 16:06:46,741][flwr][INFO] - initial parameters (loss, other metrics): 182.18612718582153, {'accuracy': 0.0992}
[2025-01-07 16:06:46,741][flwr][INFO] - 
[2025-01-07 16:06:46,741][flwr][INFO] - [ROUND 1]
[2025-01-07 16:06:46,742][flwr][INFO] - configure_fit: strategy sampled 2 clients (out of 5)
[2025-01-07 16:06:58,998][flwr][INFO] - aggregate_fit: received 2 results and 0 failures
[2025-01-07 16:06:59,004][flwr][WARNING] - No fit_metrics_aggregation_fn provided
[2025-01-07 16:07:00,348][flwr][INFO] - fit progress: (1, 85.86497265100479, {'accuracy': 0.7126}, 13.606667839001602)
[2025-01-07 16:07:00,348][flwr][INFO] - configure_evaluate: strategy sampled 2 clients (out of 5)
[2025-01-07 16:07:00,806][flwr][INFO] - aggregate_evaluate: received 2 results and 0 failures
[2025-01-07 16:07:00,807][flwr][WARNING] - No evaluate_metrics_aggregation_fn provided
[2025-01-07 16:07:00,807][flwr][INFO] - 
[2025-01-07 16:07:00,807][flwr][INFO] - [ROUND 2]
[2025-01-07 16:07:00,807][flwr][INFO] - configure_fit: strategy sampled 2 clients (out of 5)
[2025-01-07 16:07:11,201][flwr][INFO] - aggregate_fit: received 2 results and 0 failures
[2025-01-07 16:07:12,936][flwr][INFO] - fit progress: (2, 177.0440318584442, {'accuracy': 0.1041}, 26.194658987002185)
[2025-01-07 16:07:12,936][flwr][INFO] - configure_evaluate: strategy sampled 2 clients (out of 5)
[2025-01-07 16:07:13,397][flwr][INFO] - aggregate_evaluate: received 2 results and 0 failures
[2025-01-07 16:07:13,398][flwr][INFO] - 
[2025-01-07 16:07:13,398][flwr][INFO] - [ROUND 3]
[2025-01-07 16:07:13,398][flwr][INFO] - configure_fit: strategy sampled 2 clients (out of 5)
[2025-01-07 16:07:23,540][flwr][INFO] - aggregate_fit: received 2 results and 0 failures
[2025-01-07 16:07:24,962][flwr][INFO] - fit progress: (3, 60.050157964229584, {'accuracy': 0.7926}, 38.220748135001486)
[2025-01-07 16:07:24,962][flwr][INFO] - configure_evaluate: strategy sampled 2 clients (out of 5)
[2025-01-07 16:07:25,425][flwr][INFO] - aggregate_evaluate: received 2 results and 0 failures
[2025-01-07 16:07:25,425][flwr][INFO] - 
[2025-01-07 16:07:25,425][flwr][INFO] - [ROUND 4]
[2025-01-07 16:07:25,426][flwr][INFO] - configure_fit: strategy sampled 2 clients (out of 5)
[2025-01-07 16:07:36,426][flwr][INFO] - aggregate_fit: received 2 results and 0 failures
[2025-01-07 16:07:37,674][flwr][INFO] - fit progress: (4, 183.32839155197144, {'accuracy': 0.1009}, 50.93302060800124)
[2025-01-07 16:07:37,675][flwr][INFO] - configure_evaluate: strategy sampled 2 clients (out of 5)
[2025-01-07 16:07:38,152][flwr][INFO] - aggregate_evaluate: received 2 results and 0 failures
[2025-01-07 16:07:38,152][flwr][INFO] - 
[2025-01-07 16:07:38,152][flwr][INFO] - [ROUND 5]
[2025-01-07 16:07:38,152][flwr][INFO] - configure_fit: strategy sampled 2 clients (out of 5)
[2025-01-07 16:07:48,372][flwr][INFO] - aggregate_fit: received 2 results and 0 failures
[2025-01-07 16:07:50,464][flwr][INFO] - fit progress: (5, 182.07732558250427, {'accuracy': 0.0958}, 63.72268617300142)
[2025-01-07 16:07:50,464][flwr][INFO] - configure_evaluate: strategy sampled 2 clients (out of 5)
[2025-01-07 16:07:50,903][flwr][INFO] - aggregate_evaluate: received 2 results and 0 failures
[2025-01-07 16:07:50,903][flwr][INFO] - 
[2025-01-07 16:07:50,903][flwr][INFO] - [ROUND 6]
[2025-01-07 16:07:50,903][flwr][INFO] - configure_fit: strategy sampled 2 clients (out of 5)
[2025-01-07 16:08:00,600][flwr][INFO] - aggregate_fit: received 2 results and 0 failures
[2025-01-07 16:08:02,250][flwr][INFO] - fit progress: (6, 182.0554358959198, {'accuracy': 0.0958}, 75.50924302500061)
[2025-01-07 16:08:02,251][flwr][INFO] - configure_evaluate: strategy sampled 2 clients (out of 5)
[2025-01-07 16:08:02,708][flwr][INFO] - aggregate_evaluate: received 2 results and 0 failures
[2025-01-07 16:08:02,709][flwr][INFO] - 
[2025-01-07 16:08:02,709][flwr][INFO] - [ROUND 7]
[2025-01-07 16:08:02,709][flwr][INFO] - configure_fit: strategy sampled 2 clients (out of 5)
[2025-01-07 16:08:12,154][flwr][INFO] - aggregate_fit: received 2 results and 0 failures
[2025-01-07 16:08:14,006][flwr][INFO] - fit progress: (7, 181.85823011398315, {'accuracy': 0.1135}, 87.26479563600151)
[2025-01-07 16:08:14,006][flwr][INFO] - configure_evaluate: strategy sampled 2 clients (out of 5)
[2025-01-07 16:08:14,494][flwr][INFO] - aggregate_evaluate: received 2 results and 0 failures
[2025-01-07 16:08:14,494][flwr][INFO] - 
[2025-01-07 16:08:14,494][flwr][INFO] - [ROUND 8]
[2025-01-07 16:08:14,495][flwr][INFO] - configure_fit: strategy sampled 2 clients (out of 5)
[2025-01-07 16:08:24,015][flwr][INFO] - aggregate_fit: received 2 results and 0 failures
[2025-01-07 16:08:25,342][flwr][INFO] - fit progress: (8, 181.93494415283203, {'accuracy': 0.1135}, 98.60096911200162)
[2025-01-07 16:08:25,342][flwr][INFO] - configure_evaluate: strategy sampled 2 clients (out of 5)
[2025-01-07 16:08:25,810][flwr][INFO] - aggregate_evaluate: received 2 results and 0 failures
[2025-01-07 16:08:25,810][flwr][INFO] - 
[2025-01-07 16:08:25,810][flwr][INFO] - [ROUND 9]
[2025-01-07 16:08:25,810][flwr][INFO] - configure_fit: strategy sampled 2 clients (out of 5)
[2025-01-07 16:08:35,645][flwr][INFO] - aggregate_fit: received 2 results and 0 failures
[2025-01-07 16:08:36,911][flwr][INFO] - fit progress: (9, 182.0157551765442, {'accuracy': 0.1028}, 110.17001612999957)
[2025-01-07 16:08:36,912][flwr][INFO] - configure_evaluate: strategy sampled 2 clients (out of 5)
[2025-01-07 16:08:37,406][flwr][INFO] - aggregate_evaluate: received 2 results and 0 failures
[2025-01-07 16:08:37,406][flwr][INFO] - 
[2025-01-07 16:08:37,406][flwr][INFO] - [ROUND 10]
[2025-01-07 16:08:37,406][flwr][INFO] - configure_fit: strategy sampled 2 clients (out of 5)
[2025-01-07 16:08:46,971][flwr][INFO] - aggregate_fit: received 2 results and 0 failures
[2025-01-07 16:08:48,423][flwr][INFO] - fit progress: (10, 181.89909529685974, {'accuracy': 0.1028}, 121.68125863300156)
[2025-01-07 16:08:48,423][flwr][INFO] - configure_evaluate: strategy sampled 2 clients (out of 5)
[2025-01-07 16:08:48,878][flwr][INFO] - aggregate_evaluate: received 2 results and 0 failures
[2025-01-07 16:08:48,878][flwr][INFO] - 
[2025-01-07 16:08:48,878][flwr][INFO] - [SUMMARY]
[2025-01-07 16:08:48,878][flwr][INFO] - Run finished 10 round(s) in 122.14s
[2025-01-07 16:08:48,878][flwr][INFO] - 	History (loss, distributed):
[2025-01-07 16:08:48,879][flwr][INFO] - 		round 1: 41.98837259411812
[2025-01-07 16:08:48,879][flwr][INFO] - 		round 2: 84.98790270090103
[2025-01-07 16:08:48,879][flwr][INFO] - 		round 3: 29.196751102805138
[2025-01-07 16:08:48,879][flwr][INFO] - 		round 4: 88.28063595294952
[2025-01-07 16:08:48,879][flwr][INFO] - 		round 5: 87.5838211774826
[2025-01-07 16:08:48,879][flwr][INFO] - 		round 6: 87.57213699817657
[2025-01-07 16:08:48,879][flwr][INFO] - 		round 7: 87.55080044269562
[2025-01-07 16:08:48,879][flwr][INFO] - 		round 8: 87.57798147201538
[2025-01-07 16:08:48,879][flwr][INFO] - 		round 9: 87.55220341682434
[2025-01-07 16:08:48,879][flwr][INFO] - 		round 10: 87.58658480644226
[2025-01-07 16:08:48,879][flwr][INFO] - 	History (loss, centralized):
[2025-01-07 16:08:48,879][flwr][INFO] - 		round 0: 182.18612718582153
[2025-01-07 16:08:48,879][flwr][INFO] - 		round 1: 85.86497265100479
[2025-01-07 16:08:48,879][flwr][INFO] - 		round 2: 177.0440318584442
[2025-01-07 16:08:48,879][flwr][INFO] - 		round 3: 60.050157964229584
[2025-01-07 16:08:48,879][flwr][INFO] - 		round 4: 183.32839155197144
[2025-01-07 16:08:48,879][flwr][INFO] - 		round 5: 182.07732558250427
[2025-01-07 16:08:48,879][flwr][INFO] - 		round 6: 182.0554358959198
[2025-01-07 16:08:48,879][flwr][INFO] - 		round 7: 181.85823011398315
[2025-01-07 16:08:48,879][flwr][INFO] - 		round 8: 181.93494415283203
[2025-01-07 16:08:48,879][flwr][INFO] - 		round 9: 182.0157551765442
[2025-01-07 16:08:48,879][flwr][INFO] - 		round 10: 181.89909529685974
[2025-01-07 16:08:48,879][flwr][INFO] - 	History (metrics, centralized):
[2025-01-07 16:08:48,880][flwr][INFO] - 	{'accuracy': [(0, 0.0992),
[2025-01-07 16:08:48,880][flwr][INFO] - 	              (1, 0.7126),
[2025-01-07 16:08:48,880][flwr][INFO] - 	              (2, 0.1041),
[2025-01-07 16:08:48,880][flwr][INFO] - 	              (3, 0.7926),
[2025-01-07 16:08:48,880][flwr][INFO] - 	              (4, 0.1009),
[2025-01-07 16:08:48,880][flwr][INFO] - 	              (5, 0.0958),
[2025-01-07 16:08:48,880][flwr][INFO] - 	              (6, 0.0958),
[2025-01-07 16:08:48,880][flwr][INFO] - 	              (7, 0.1135),
[2025-01-07 16:08:48,880][flwr][INFO] - 	              (8, 0.1135),
[2025-01-07 16:08:48,880][flwr][INFO] - 	              (9, 0.1028),
[2025-01-07 16:08:48,880][flwr][INFO] - 	              (10, 0.1028)]}
[2025-01-07 16:08:48,880][flwr][INFO] - 
