[2025-01-07 17:26:54,190][flwr][INFO] - Starting Flower simulation, config: num_rounds=10, no round_timeout
[2025-01-07 17:26:57,577][flwr][INFO] - Flower VCE: Ray initialized with resources: {'object_store_memory': 3183892070.0, 'memory': 6367784142.0, 'node:__internal_head__': 1.0, 'node:192.168.1.11': 1.0, 'CPU': 12.0}
[2025-01-07 17:26:57,577][flwr][INFO] - Optimize your simulation with Flower VCE: https://flower.ai/docs/framework/how-to-run-simulations.html
[2025-01-07 17:26:57,577][flwr][INFO] - Flower VCE: Resources for each Virtual Client: {'num_cpus': 2, 'num_gpus': 0}
[2025-01-07 17:26:57,583][flwr][INFO] - Flower VCE: Creating VirtualClientEngineActorPool with 6 actors
[2025-01-07 17:26:57,584][flwr][INFO] - [INIT]
[2025-01-07 17:26:57,584][flwr][INFO] - Requesting initial parameters from one random client
[2025-01-07 17:27:00,275][flwr][INFO] - Received initial parameters from one random client
[2025-01-07 17:27:00,276][flwr][INFO] - Starting evaluation of initial global parameters
[2025-01-07 17:27:01,877][flwr][INFO] - initial parameters (loss, other metrics): 182.19528245925903, {'accuracy': 0.0209}
[2025-01-07 17:27:01,877][flwr][INFO] - 
[2025-01-07 17:27:01,877][flwr][INFO] - [ROUND 1]
[2025-01-07 17:27:01,877][flwr][INFO] - configure_fit: strategy sampled 2 clients (out of 10)
[2025-01-07 17:27:19,027][flwr][INFO] - aggregate_fit: received 2 results and 0 failures
[2025-01-07 17:27:19,032][flwr][WARNING] - No fit_metrics_aggregation_fn provided
[2025-01-07 17:27:20,348][flwr][INFO] - fit progress: (1, 181.9501609802246, {'accuracy': 0.1135}, 18.470587381998484)
[2025-01-07 17:27:20,348][flwr][INFO] - configure_evaluate: strategy sampled 5 clients (out of 10)
[2025-01-07 17:27:24,373][flwr][INFO] - aggregate_evaluate: received 5 results and 0 failures
[2025-01-07 17:27:24,373][flwr][WARNING] - No evaluate_metrics_aggregation_fn provided
[2025-01-07 17:27:24,373][flwr][INFO] - 
[2025-01-07 17:27:24,373][flwr][INFO] - [ROUND 2]
[2025-01-07 17:27:24,374][flwr][INFO] - configure_fit: strategy sampled 2 clients (out of 10)
[2025-01-07 17:27:36,540][flwr][INFO] - aggregate_fit: received 2 results and 0 failures
[2025-01-07 17:27:37,847][flwr][INFO] - fit progress: (2, 182.33091020584106, {'accuracy': 0.1135}, 35.97000741500233)
[2025-01-07 17:27:37,847][flwr][INFO] - configure_evaluate: strategy sampled 5 clients (out of 10)
[2025-01-07 17:27:38,642][flwr][INFO] - aggregate_evaluate: received 5 results and 0 failures
[2025-01-07 17:27:38,642][flwr][INFO] - 
[2025-01-07 17:27:38,642][flwr][INFO] - [ROUND 3]
[2025-01-07 17:27:38,643][flwr][INFO] - configure_fit: strategy sampled 2 clients (out of 10)
[2025-01-07 17:27:50,630][flwr][INFO] - aggregate_fit: received 2 results and 0 failures
[2025-01-07 17:27:52,012][flwr][INFO] - fit progress: (3, 182.17246890068054, {'accuracy': 0.0974}, 50.13484990999859)
[2025-01-07 17:27:52,012][flwr][INFO] - configure_evaluate: strategy sampled 5 clients (out of 10)
[2025-01-07 17:27:52,833][flwr][INFO] - aggregate_evaluate: received 5 results and 0 failures
[2025-01-07 17:27:52,834][flwr][INFO] - 
[2025-01-07 17:27:52,834][flwr][INFO] - [ROUND 4]
[2025-01-07 17:27:52,834][flwr][INFO] - configure_fit: strategy sampled 2 clients (out of 10)
[2025-01-07 17:28:04,487][flwr][INFO] - aggregate_fit: received 2 results and 0 failures
[2025-01-07 17:28:05,740][flwr][INFO] - fit progress: (4, 182.3779366016388, {'accuracy': 0.1135}, 63.86269049099792)
[2025-01-07 17:28:05,740][flwr][INFO] - configure_evaluate: strategy sampled 5 clients (out of 10)
[2025-01-07 17:28:06,538][flwr][INFO] - aggregate_evaluate: received 5 results and 0 failures
[2025-01-07 17:28:06,539][flwr][INFO] - 
[2025-01-07 17:28:06,539][flwr][INFO] - [ROUND 5]
[2025-01-07 17:28:06,539][flwr][INFO] - configure_fit: strategy sampled 2 clients (out of 10)
[2025-01-07 17:28:18,315][flwr][INFO] - aggregate_fit: received 2 results and 0 failures
[2025-01-07 17:28:19,523][flwr][INFO] - fit progress: (5, 182.09848523139954, {'accuracy': 0.1009}, 77.64555963499879)
[2025-01-07 17:28:19,523][flwr][INFO] - configure_evaluate: strategy sampled 5 clients (out of 10)
[2025-01-07 17:28:20,309][flwr][INFO] - aggregate_evaluate: received 5 results and 0 failures
[2025-01-07 17:28:20,309][flwr][INFO] - 
[2025-01-07 17:28:20,309][flwr][INFO] - [ROUND 6]
[2025-01-07 17:28:20,309][flwr][INFO] - configure_fit: strategy sampled 2 clients (out of 10)
[2025-01-07 17:28:32,007][flwr][INFO] - aggregate_fit: received 2 results and 0 failures
[2025-01-07 17:28:33,292][flwr][INFO] - fit progress: (6, 182.16786861419678, {'accuracy': 0.1135}, 91.41514084400114)
[2025-01-07 17:28:33,292][flwr][INFO] - configure_evaluate: strategy sampled 5 clients (out of 10)
[2025-01-07 17:28:34,060][flwr][INFO] - aggregate_evaluate: received 5 results and 0 failures
[2025-01-07 17:28:34,061][flwr][INFO] - 
[2025-01-07 17:28:34,061][flwr][INFO] - [ROUND 7]
[2025-01-07 17:28:34,061][flwr][INFO] - configure_fit: strategy sampled 2 clients (out of 10)
[2025-01-07 17:28:45,748][flwr][INFO] - aggregate_fit: received 2 results and 0 failures
[2025-01-07 17:28:47,384][flwr][INFO] - fit progress: (7, 181.96223068237305, {'accuracy': 0.1028}, 105.50753545900079)
[2025-01-07 17:28:47,385][flwr][INFO] - configure_evaluate: strategy sampled 5 clients (out of 10)
[2025-01-07 17:28:48,196][flwr][INFO] - aggregate_evaluate: received 5 results and 0 failures
[2025-01-07 17:28:48,196][flwr][INFO] - 
[2025-01-07 17:28:48,196][flwr][INFO] - [ROUND 8]
[2025-01-07 17:28:48,197][flwr][INFO] - configure_fit: strategy sampled 2 clients (out of 10)
[2025-01-07 17:29:00,318][flwr][INFO] - aggregate_fit: received 2 results and 0 failures
[2025-01-07 17:29:01,799][flwr][INFO] - fit progress: (8, 182.49004697799683, {'accuracy': 0.0958}, 119.92201583000133)
[2025-01-07 17:29:01,799][flwr][INFO] - configure_evaluate: strategy sampled 5 clients (out of 10)
[2025-01-07 17:29:02,618][flwr][INFO] - aggregate_evaluate: received 5 results and 0 failures
[2025-01-07 17:29:02,618][flwr][INFO] - 
[2025-01-07 17:29:02,619][flwr][INFO] - [ROUND 9]
[2025-01-07 17:29:02,619][flwr][INFO] - configure_fit: strategy sampled 2 clients (out of 10)
[2025-01-07 17:29:14,408][flwr][INFO] - aggregate_fit: received 2 results and 0 failures
[2025-01-07 17:29:15,601][flwr][INFO] - fit progress: (9, 181.9953911304474, {'accuracy': 0.1135}, 133.72402099399915)
[2025-01-07 17:29:15,601][flwr][INFO] - configure_evaluate: strategy sampled 5 clients (out of 10)
[2025-01-07 17:29:16,412][flwr][INFO] - aggregate_evaluate: received 5 results and 0 failures
[2025-01-07 17:29:16,412][flwr][INFO] - 
[2025-01-07 17:29:16,412][flwr][INFO] - [ROUND 10]
[2025-01-07 17:29:16,412][flwr][INFO] - configure_fit: strategy sampled 2 clients (out of 10)
[2025-01-07 17:29:28,262][flwr][INFO] - aggregate_fit: received 2 results and 0 failures
[2025-01-07 17:29:29,662][flwr][INFO] - fit progress: (10, 182.0157368183136, {'accuracy': 0.101}, 147.78551838300336)
[2025-01-07 17:29:29,663][flwr][INFO] - configure_evaluate: strategy sampled 5 clients (out of 10)
[2025-01-07 17:29:30,446][flwr][INFO] - aggregate_evaluate: received 5 results and 0 failures
[2025-01-07 17:29:30,446][flwr][INFO] - 
[2025-01-07 17:29:30,446][flwr][INFO] - [SUMMARY]
[2025-01-07 17:29:30,446][flwr][INFO] - Run finished 10 round(s) in 148.57s
[2025-01-07 17:29:30,447][flwr][INFO] - 	History (loss, distributed):
[2025-01-07 17:29:30,447][flwr][INFO] - 		round 1: 87.5403127193451
[2025-01-07 17:29:30,447][flwr][INFO] - 		round 2: 87.74821052551269
[2025-01-07 17:29:30,447][flwr][INFO] - 		round 3: 87.62485733032227
[2025-01-07 17:29:30,447][flwr][INFO] - 		round 4: 87.71220889091492
[2025-01-07 17:29:30,447][flwr][INFO] - 		round 5: 87.633411693573
[2025-01-07 17:29:30,447][flwr][INFO] - 		round 6: 87.63878035545349
[2025-01-07 17:29:30,447][flwr][INFO] - 		round 7: 87.51038947105408
[2025-01-07 17:29:30,447][flwr][INFO] - 		round 8: 87.78379497528076
[2025-01-07 17:29:30,447][flwr][INFO] - 		round 9: 87.41634788513184
[2025-01-07 17:29:30,447][flwr][INFO] - 		round 10: 87.60607995986939
[2025-01-07 17:29:30,447][flwr][INFO] - 	History (loss, centralized):
[2025-01-07 17:29:30,447][flwr][INFO] - 		round 0: 182.19528245925903
[2025-01-07 17:29:30,447][flwr][INFO] - 		round 1: 181.9501609802246
[2025-01-07 17:29:30,448][flwr][INFO] - 		round 2: 182.33091020584106
[2025-01-07 17:29:30,448][flwr][INFO] - 		round 3: 182.17246890068054
[2025-01-07 17:29:30,448][flwr][INFO] - 		round 4: 182.3779366016388
[2025-01-07 17:29:30,448][flwr][INFO] - 		round 5: 182.09848523139954
[2025-01-07 17:29:30,448][flwr][INFO] - 		round 6: 182.16786861419678
[2025-01-07 17:29:30,448][flwr][INFO] - 		round 7: 181.96223068237305
[2025-01-07 17:29:30,448][flwr][INFO] - 		round 8: 182.49004697799683
[2025-01-07 17:29:30,448][flwr][INFO] - 		round 9: 181.9953911304474
[2025-01-07 17:29:30,448][flwr][INFO] - 		round 10: 182.0157368183136
[2025-01-07 17:29:30,448][flwr][INFO] - 	History (metrics, centralized):
[2025-01-07 17:29:30,448][flwr][INFO] - 	{'accuracy': [(0, 0.0209),
[2025-01-07 17:29:30,448][flwr][INFO] - 	              (1, 0.1135),
[2025-01-07 17:29:30,448][flwr][INFO] - 	              (2, 0.1135),
[2025-01-07 17:29:30,448][flwr][INFO] - 	              (3, 0.0974),
[2025-01-07 17:29:30,448][flwr][INFO] - 	              (4, 0.1135),
[2025-01-07 17:29:30,448][flwr][INFO] - 	              (5, 0.1009),
[2025-01-07 17:29:30,448][flwr][INFO] - 	              (6, 0.1135),
[2025-01-07 17:29:30,448][flwr][INFO] - 	              (7, 0.1028),
[2025-01-07 17:29:30,448][flwr][INFO] - 	              (8, 0.0958),
[2025-01-07 17:29:30,448][flwr][INFO] - 	              (9, 0.1135),
[2025-01-07 17:29:30,449][flwr][INFO] - 	              (10, 0.101)]}
[2025-01-07 17:29:30,449][flwr][INFO] - 
