[2024-12-30 23:30:48,519][flwr][INFO] - Starting Flower simulation, config: num_rounds=10, no round_timeout
[2024-12-30 23:30:51,931][flwr][INFO] - Flower VCE: Ray initialized with resources: {'object_store_memory': 2982355353.0, 'memory': 5964710708.0, 'CPU': 12.0, 'node:192.168.1.11': 1.0, 'node:__internal_head__': 1.0}
[2024-12-30 23:30:51,931][flwr][INFO] - Optimize your simulation with Flower VCE: https://flower.ai/docs/framework/how-to-run-simulations.html
[2024-12-30 23:30:51,932][flwr][INFO] - Flower VCE: Resources for each Virtual Client: {'num_cpus': 2, 'num_gpus': 0}
[2024-12-30 23:30:51,940][flwr][INFO] - Flower VCE: Creating VirtualClientEngineActorPool with 6 actors
[2024-12-30 23:30:51,940][flwr][INFO] - [INIT]
[2024-12-30 23:30:51,940][flwr][INFO] - Using initial global parameters provided by strategy
[2024-12-30 23:30:51,940][flwr][INFO] - Starting evaluation of initial global parameters
[2024-12-30 23:30:55,123][flwr][INFO] - initial parameters (loss, other metrics): 181.5175621509552, {'accuracy': 0.1612}
[2024-12-30 23:30:55,124][flwr][INFO] - 
[2024-12-30 23:30:55,124][flwr][INFO] - [ROUND 1]
[2024-12-30 23:30:55,124][flwr][INFO] - configure_fit: strategy sampled 2 clients (out of 10)
[2024-12-30 23:31:03,264][flwr][INFO] - aggregate_fit: received 2 results and 0 failures
[2024-12-30 23:31:03,272][flwr][WARNING] - No fit_metrics_aggregation_fn provided
[2024-12-30 23:31:04,815][flwr][INFO] - fit progress: (1, 8.479399335570633, {'accuracy': 0.9662}, 9.691450155001803)
[2024-12-30 23:31:04,816][flwr][INFO] - configure_evaluate: strategy sampled 5 clients (out of 10)
[2024-12-30 23:31:09,006][flwr][INFO] - aggregate_evaluate: received 5 results and 0 failures
[2024-12-30 23:31:09,006][flwr][WARNING] - No evaluate_metrics_aggregation_fn provided
[2024-12-30 23:31:09,006][flwr][INFO] - 
[2024-12-30 23:31:09,006][flwr][INFO] - [ROUND 2]
[2024-12-30 23:31:09,007][flwr][INFO] - configure_fit: strategy sampled 2 clients (out of 10)
[2024-12-30 23:31:14,610][flwr][INFO] - aggregate_fit: received 2 results and 0 failures
[2024-12-30 23:31:16,273][flwr][INFO] - fit progress: (2, 5.755021792545449, {'accuracy': 0.976}, 21.149214721001044)
[2024-12-30 23:31:16,273][flwr][INFO] - configure_evaluate: strategy sampled 5 clients (out of 10)
[2024-12-30 23:31:17,040][flwr][INFO] - aggregate_evaluate: received 5 results and 0 failures
[2024-12-30 23:31:17,041][flwr][INFO] - 
[2024-12-30 23:31:17,041][flwr][INFO] - [ROUND 3]
[2024-12-30 23:31:17,041][flwr][INFO] - configure_fit: strategy sampled 2 clients (out of 10)
[2024-12-30 23:31:22,805][flwr][INFO] - aggregate_fit: received 2 results and 0 failures
[2024-12-30 23:31:24,633][flwr][INFO] - fit progress: (3, 4.281054441089509, {'accuracy': 0.9838}, 29.509332494002592)
[2024-12-30 23:31:24,633][flwr][INFO] - configure_evaluate: strategy sampled 5 clients (out of 10)
[2024-12-30 23:31:25,372][flwr][INFO] - aggregate_evaluate: received 5 results and 0 failures
[2024-12-30 23:31:25,372][flwr][INFO] - 
[2024-12-30 23:31:25,373][flwr][INFO] - [ROUND 4]
[2024-12-30 23:31:25,373][flwr][INFO] - configure_fit: strategy sampled 2 clients (out of 10)
[2024-12-30 23:31:31,276][flwr][INFO] - aggregate_fit: received 2 results and 0 failures
[2024-12-30 23:31:32,871][flwr][INFO] - fit progress: (4, 4.457768869455322, {'accuracy': 0.9822}, 37.74705080300191)
[2024-12-30 23:31:32,871][flwr][INFO] - configure_evaluate: strategy sampled 5 clients (out of 10)
[2024-12-30 23:31:33,634][flwr][INFO] - aggregate_evaluate: received 5 results and 0 failures
[2024-12-30 23:31:33,635][flwr][INFO] - 
[2024-12-30 23:31:33,635][flwr][INFO] - [ROUND 5]
[2024-12-30 23:31:33,635][flwr][INFO] - configure_fit: strategy sampled 2 clients (out of 10)
[2024-12-30 23:31:39,047][flwr][INFO] - aggregate_fit: received 2 results and 0 failures
[2024-12-30 23:31:40,509][flwr][INFO] - fit progress: (5, 3.6807125008344883, {'accuracy': 0.9843}, 45.385085773003084)
[2024-12-30 23:31:40,509][flwr][INFO] - configure_evaluate: strategy sampled 5 clients (out of 10)
[2024-12-30 23:31:41,241][flwr][INFO] - aggregate_evaluate: received 5 results and 0 failures
[2024-12-30 23:31:41,241][flwr][INFO] - 
[2024-12-30 23:31:41,241][flwr][INFO] - [ROUND 6]
[2024-12-30 23:31:41,241][flwr][INFO] - configure_fit: strategy sampled 2 clients (out of 10)
[2024-12-30 23:31:46,741][flwr][INFO] - aggregate_fit: received 2 results and 0 failures
[2024-12-30 23:31:48,206][flwr][INFO] - fit progress: (6, 3.521983564241964, {'accuracy': 0.9867}, 53.082596566000575)
[2024-12-30 23:31:48,207][flwr][INFO] - configure_evaluate: strategy sampled 5 clients (out of 10)
[2024-12-30 23:31:48,970][flwr][INFO] - aggregate_evaluate: received 5 results and 0 failures
[2024-12-30 23:31:48,970][flwr][INFO] - 
[2024-12-30 23:31:48,971][flwr][INFO] - [ROUND 7]
[2024-12-30 23:31:48,971][flwr][INFO] - configure_fit: strategy sampled 2 clients (out of 10)
[2024-12-30 23:31:54,496][flwr][INFO] - aggregate_fit: received 2 results and 0 failures
[2024-12-30 23:31:56,463][flwr][INFO] - fit progress: (7, 3.774765242104422, {'accuracy': 0.9861}, 61.33908557000177)
[2024-12-30 23:31:56,463][flwr][INFO] - configure_evaluate: strategy sampled 5 clients (out of 10)
[2024-12-30 23:31:57,246][flwr][INFO] - aggregate_evaluate: received 5 results and 0 failures
[2024-12-30 23:31:57,247][flwr][INFO] - 
[2024-12-30 23:31:57,247][flwr][INFO] - [ROUND 8]
[2024-12-30 23:31:57,247][flwr][INFO] - configure_fit: strategy sampled 2 clients (out of 10)
[2024-12-30 23:32:02,753][flwr][INFO] - aggregate_fit: received 2 results and 0 failures
[2024-12-30 23:32:04,263][flwr][INFO] - fit progress: (8, 3.3286099969918723, {'accuracy': 0.9863}, 69.13963018700088)
[2024-12-30 23:32:04,264][flwr][INFO] - configure_evaluate: strategy sampled 5 clients (out of 10)
[2024-12-30 23:32:05,030][flwr][INFO] - aggregate_evaluate: received 5 results and 0 failures
[2024-12-30 23:32:05,030][flwr][INFO] - 
[2024-12-30 23:32:05,030][flwr][INFO] - [ROUND 9]
[2024-12-30 23:32:05,031][flwr][INFO] - configure_fit: strategy sampled 2 clients (out of 10)
[2024-12-30 23:32:10,688][flwr][INFO] - aggregate_fit: received 2 results and 0 failures
[2024-12-30 23:32:12,168][flwr][INFO] - fit progress: (9, 3.1608879095574594, {'accuracy': 0.989}, 77.04423818200303)
[2024-12-30 23:32:12,168][flwr][INFO] - configure_evaluate: strategy sampled 5 clients (out of 10)
[2024-12-30 23:32:13,008][flwr][INFO] - aggregate_evaluate: received 5 results and 0 failures
[2024-12-30 23:32:13,009][flwr][INFO] - 
[2024-12-30 23:32:13,009][flwr][INFO] - [ROUND 10]
[2024-12-30 23:32:13,009][flwr][INFO] - configure_fit: strategy sampled 2 clients (out of 10)
[2024-12-30 23:32:18,499][flwr][INFO] - aggregate_fit: received 2 results and 0 failures
[2024-12-30 23:32:20,006][flwr][INFO] - fit progress: (10, 2.9825781832139455, {'accuracy': 0.9897}, 84.8827293760005)
[2024-12-30 23:32:20,007][flwr][INFO] - configure_evaluate: strategy sampled 5 clients (out of 10)
[2024-12-30 23:32:20,796][flwr][INFO] - aggregate_evaluate: received 5 results and 0 failures
[2024-12-30 23:32:20,797][flwr][INFO] - 
[2024-12-30 23:32:20,797][flwr][INFO] - [SUMMARY]
[2024-12-30 23:32:20,797][flwr][INFO] - Run finished 10 round(s) in 85.67s
[2024-12-30 23:32:20,798][flwr][INFO] - 	History (loss, distributed):
[2024-12-30 23:32:20,798][flwr][INFO] - 		round 1: 2.474185042642057
[2024-12-30 23:32:20,798][flwr][INFO] - 		round 2: 1.5799649880966171
[2024-12-30 23:32:20,798][flwr][INFO] - 		round 3: 1.4330156195443124
[2024-12-30 23:32:20,798][flwr][INFO] - 		round 4: 1.1693291702249553
[2024-12-30 23:32:20,798][flwr][INFO] - 		round 5: 1.1855758154648357
[2024-12-30 23:32:20,798][flwr][INFO] - 		round 6: 1.0208746423544652
[2024-12-30 23:32:20,798][flwr][INFO] - 		round 7: 1.213490471829573
[2024-12-30 23:32:20,798][flwr][INFO] - 		round 8: 0.9726091241740505
[2024-12-30 23:32:20,798][flwr][INFO] - 		round 9: 1.0629209499136778
[2024-12-30 23:32:20,799][flwr][INFO] - 		round 10: 1.0493665340061853
[2024-12-30 23:32:20,799][flwr][INFO] - 	History (loss, centralized):
[2024-12-30 23:32:20,799][flwr][INFO] - 		round 0: 181.5175621509552
[2024-12-30 23:32:20,799][flwr][INFO] - 		round 1: 8.479399335570633
[2024-12-30 23:32:20,799][flwr][INFO] - 		round 2: 5.755021792545449
[2024-12-30 23:32:20,799][flwr][INFO] - 		round 3: 4.281054441089509
[2024-12-30 23:32:20,799][flwr][INFO] - 		round 4: 4.457768869455322
[2024-12-30 23:32:20,799][flwr][INFO] - 		round 5: 3.6807125008344883
[2024-12-30 23:32:20,799][flwr][INFO] - 		round 6: 3.521983564241964
[2024-12-30 23:32:20,799][flwr][INFO] - 		round 7: 3.774765242104422
[2024-12-30 23:32:20,799][flwr][INFO] - 		round 8: 3.3286099969918723
[2024-12-30 23:32:20,799][flwr][INFO] - 		round 9: 3.1608879095574594
[2024-12-30 23:32:20,799][flwr][INFO] - 		round 10: 2.9825781832139455
[2024-12-30 23:32:20,799][flwr][INFO] - 	History (metrics, centralized):
[2024-12-30 23:32:20,799][flwr][INFO] - 	{'accuracy': [(0, 0.1612),
[2024-12-30 23:32:20,799][flwr][INFO] - 	              (1, 0.9662),
[2024-12-30 23:32:20,799][flwr][INFO] - 	              (2, 0.976),
[2024-12-30 23:32:20,799][flwr][INFO] - 	              (3, 0.9838),
[2024-12-30 23:32:20,800][flwr][INFO] - 	              (4, 0.9822),
[2024-12-30 23:32:20,800][flwr][INFO] - 	              (5, 0.9843),
[2024-12-30 23:32:20,800][flwr][INFO] - 	              (6, 0.9867),
[2024-12-30 23:32:20,800][flwr][INFO] - 	              (7, 0.9861),
[2024-12-30 23:32:20,800][flwr][INFO] - 	              (8, 0.9863),
[2024-12-30 23:32:20,800][flwr][INFO] - 	              (9, 0.989),
[2024-12-30 23:32:20,800][flwr][INFO] - 	              (10, 0.9897)]}
[2024-12-30 23:32:20,800][flwr][INFO] - 
