[2025-01-08 10:52:07,053][flwr][INFO] - Starting Flower simulation, config: num_rounds=15, no round_timeout
[2025-01-08 10:52:10,725][flwr][INFO] - Flower VCE: Ray initialized with resources: {'memory': 5634596046.0, 'object_store_memory': 2817298022.0, 'node:__internal_head__': 1.0, 'node:192.168.1.11': 1.0, 'CPU': 12.0}
[2025-01-08 10:52:10,725][flwr][INFO] - Optimize your simulation with Flower VCE: https://flower.ai/docs/framework/how-to-run-simulations.html
[2025-01-08 10:52:10,725][flwr][INFO] - Flower VCE: Resources for each Virtual Client: {'num_cpus': 2, 'num_gpus': 0}
[2025-01-08 10:52:10,740][flwr][INFO] - Flower VCE: Creating VirtualClientEngineActorPool with 6 actors
[2025-01-08 10:52:10,741][flwr][INFO] - [INIT]
[2025-01-08 10:52:10,741][flwr][INFO] - Requesting initial parameters from one random client
[2025-01-08 10:52:13,150][flwr][INFO] - Received initial parameters from one random client
[2025-01-08 10:52:13,151][flwr][INFO] - Starting evaluation of initial global parameters
[2025-01-08 10:52:14,317][flwr][INFO] - initial parameters (loss, other metrics): 181.8851387500763, {'accuracy': 0.0882}
[2025-01-08 10:52:14,317][flwr][INFO] - 
[2025-01-08 10:52:14,317][flwr][INFO] - [ROUND 1]
[2025-01-08 10:52:14,317][flwr][INFO] - configure_fit: strategy sampled 2 clients (out of 20)
[2025-01-08 10:52:20,814][flwr][INFO] - aggregate_fit: received 2 results and 0 failures
[2025-01-08 10:52:20,821][flwr][WARNING] - No fit_metrics_aggregation_fn provided
[2025-01-08 10:52:22,499][flwr][INFO] - fit progress: (1, 13.604566596448421, {'accuracy': 0.9474}, 8.182431107001321)
[2025-01-08 10:52:22,499][flwr][INFO] - configure_evaluate: strategy sampled 5 clients (out of 20)
[2025-01-08 10:52:25,817][flwr][INFO] - aggregate_evaluate: received 5 results and 0 failures
[2025-01-08 10:52:25,845][flwr][WARNING] - No evaluate_metrics_aggregation_fn provided
[2025-01-08 10:52:25,845][flwr][INFO] - 
[2025-01-08 10:52:25,845][flwr][INFO] - [ROUND 2]
[2025-01-08 10:52:25,846][flwr][INFO] - configure_fit: strategy sampled 2 clients (out of 20)
[2025-01-08 10:52:29,934][flwr][INFO] - aggregate_fit: received 2 results and 0 failures
[2025-01-08 10:52:31,427][flwr][INFO] - fit progress: (2, 7.630422685666417, {'accuracy': 0.9711}, 17.109855743998196)
[2025-01-08 10:52:31,427][flwr][INFO] - configure_evaluate: strategy sampled 5 clients (out of 20)
[2025-01-08 10:52:31,960][flwr][INFO] - aggregate_evaluate: received 5 results and 0 failures
[2025-01-08 10:52:31,960][flwr][INFO] - 
[2025-01-08 10:52:31,961][flwr][INFO] - [ROUND 3]
[2025-01-08 10:52:31,961][flwr][INFO] - configure_fit: strategy sampled 2 clients (out of 20)
[2025-01-08 10:52:36,149][flwr][INFO] - aggregate_fit: received 2 results and 0 failures
[2025-01-08 10:52:37,937][flwr][INFO] - fit progress: (3, 6.234727533337718, {'accuracy': 0.9781}, 23.620198775999597)
[2025-01-08 10:52:37,937][flwr][INFO] - configure_evaluate: strategy sampled 5 clients (out of 20)
[2025-01-08 10:52:38,437][flwr][INFO] - aggregate_evaluate: received 5 results and 0 failures
[2025-01-08 10:52:38,437][flwr][INFO] - 
[2025-01-08 10:52:38,437][flwr][INFO] - [ROUND 4]
[2025-01-08 10:52:38,438][flwr][INFO] - configure_fit: strategy sampled 2 clients (out of 20)
[2025-01-08 10:52:42,742][flwr][INFO] - aggregate_fit: received 2 results and 0 failures
[2025-01-08 10:52:44,123][flwr][INFO] - fit progress: (4, 5.77314843761269, {'accuracy': 0.9797}, 29.806104816998413)
[2025-01-08 10:52:44,123][flwr][INFO] - configure_evaluate: strategy sampled 5 clients (out of 20)
[2025-01-08 10:52:44,673][flwr][INFO] - aggregate_evaluate: received 5 results and 0 failures
[2025-01-08 10:52:44,673][flwr][INFO] - 
[2025-01-08 10:52:44,673][flwr][INFO] - [ROUND 5]
[2025-01-08 10:52:44,673][flwr][INFO] - configure_fit: strategy sampled 2 clients (out of 20)
[2025-01-08 10:52:48,838][flwr][INFO] - aggregate_fit: received 2 results and 0 failures
[2025-01-08 10:52:50,539][flwr][INFO] - fit progress: (5, 5.049760411865691, {'accuracy': 0.9827}, 36.222518008995394)
[2025-01-08 10:52:50,540][flwr][INFO] - configure_evaluate: strategy sampled 5 clients (out of 20)
[2025-01-08 10:52:51,127][flwr][INFO] - aggregate_evaluate: received 5 results and 0 failures
[2025-01-08 10:52:51,127][flwr][INFO] - 
[2025-01-08 10:52:51,127][flwr][INFO] - [ROUND 6]
[2025-01-08 10:52:51,127][flwr][INFO] - configure_fit: strategy sampled 2 clients (out of 20)
[2025-01-08 10:52:55,516][flwr][INFO] - aggregate_fit: received 2 results and 0 failures
[2025-01-08 10:52:56,996][flwr][INFO] - fit progress: (6, 4.578552483649105, {'accuracy': 0.9835}, 42.679383896997024)
[2025-01-08 10:52:56,996][flwr][INFO] - configure_evaluate: strategy sampled 5 clients (out of 20)
[2025-01-08 10:52:57,525][flwr][INFO] - aggregate_evaluate: received 5 results and 0 failures
[2025-01-08 10:52:57,525][flwr][INFO] - 
[2025-01-08 10:52:57,525][flwr][INFO] - [ROUND 7]
[2025-01-08 10:52:57,525][flwr][INFO] - configure_fit: strategy sampled 2 clients (out of 20)
[2025-01-08 10:53:01,796][flwr][INFO] - aggregate_fit: received 2 results and 0 failures
[2025-01-08 10:53:03,349][flwr][INFO] - fit progress: (7, 5.289757367955133, {'accuracy': 0.9835}, 49.03262129799987)
[2025-01-08 10:53:03,350][flwr][INFO] - configure_evaluate: strategy sampled 5 clients (out of 20)
[2025-01-08 10:53:03,898][flwr][INFO] - aggregate_evaluate: received 5 results and 0 failures
[2025-01-08 10:53:03,899][flwr][INFO] - 
[2025-01-08 10:53:03,899][flwr][INFO] - [ROUND 8]
[2025-01-08 10:53:03,899][flwr][INFO] - configure_fit: strategy sampled 2 clients (out of 20)
[2025-01-08 10:53:08,382][flwr][INFO] - aggregate_fit: received 2 results and 0 failures
[2025-01-08 10:53:09,551][flwr][INFO] - fit progress: (8, 5.249703448988583, {'accuracy': 0.9836}, 55.233991840999806)
[2025-01-08 10:53:09,551][flwr][INFO] - configure_evaluate: strategy sampled 5 clients (out of 20)
[2025-01-08 10:53:10,173][flwr][INFO] - aggregate_evaluate: received 5 results and 0 failures
[2025-01-08 10:53:10,173][flwr][INFO] - 
[2025-01-08 10:53:10,173][flwr][INFO] - [ROUND 9]
[2025-01-08 10:53:10,173][flwr][INFO] - configure_fit: strategy sampled 2 clients (out of 20)
[2025-01-08 10:53:14,475][flwr][INFO] - aggregate_fit: received 2 results and 0 failures
[2025-01-08 10:53:15,579][flwr][INFO] - fit progress: (9, 4.282426170697818, {'accuracy': 0.9853}, 61.262018809997244)
[2025-01-08 10:53:15,579][flwr][INFO] - configure_evaluate: strategy sampled 5 clients (out of 20)
[2025-01-08 10:53:16,170][flwr][INFO] - aggregate_evaluate: received 5 results and 0 failures
[2025-01-08 10:53:16,170][flwr][INFO] - 
[2025-01-08 10:53:16,171][flwr][INFO] - [ROUND 10]
[2025-01-08 10:53:16,171][flwr][INFO] - configure_fit: strategy sampled 2 clients (out of 20)
[2025-01-08 10:53:20,504][flwr][INFO] - aggregate_fit: received 2 results and 0 failures
[2025-01-08 10:53:21,790][flwr][INFO] - fit progress: (10, 4.052108661849729, {'accuracy': 0.9859}, 67.47337642299681)
[2025-01-08 10:53:21,790][flwr][INFO] - configure_evaluate: strategy sampled 5 clients (out of 20)
[2025-01-08 10:53:22,379][flwr][INFO] - aggregate_evaluate: received 5 results and 0 failures
[2025-01-08 10:53:22,379][flwr][INFO] - 
[2025-01-08 10:53:22,379][flwr][INFO] - [ROUND 11]
[2025-01-08 10:53:22,380][flwr][INFO] - configure_fit: strategy sampled 2 clients (out of 20)
[2025-01-08 10:53:26,624][flwr][INFO] - aggregate_fit: received 2 results and 0 failures
[2025-01-08 10:53:27,845][flwr][INFO] - fit progress: (11, 4.088170250676853, {'accuracy': 0.9869}, 73.52859079199698)
[2025-01-08 10:53:27,846][flwr][INFO] - configure_evaluate: strategy sampled 5 clients (out of 20)
[2025-01-08 10:53:28,416][flwr][INFO] - aggregate_evaluate: received 5 results and 0 failures
[2025-01-08 10:53:28,416][flwr][INFO] - 
[2025-01-08 10:53:28,416][flwr][INFO] - [ROUND 12]
[2025-01-08 10:53:28,417][flwr][INFO] - configure_fit: strategy sampled 2 clients (out of 20)
[2025-01-08 10:53:32,565][flwr][INFO] - aggregate_fit: received 2 results and 0 failures
[2025-01-08 10:53:34,098][flwr][INFO] - fit progress: (12, 4.215269495324691, {'accuracy': 0.9867}, 79.78094631199929)
[2025-01-08 10:53:34,098][flwr][INFO] - configure_evaluate: strategy sampled 5 clients (out of 20)
[2025-01-08 10:53:34,683][flwr][INFO] - aggregate_evaluate: received 5 results and 0 failures
[2025-01-08 10:53:34,683][flwr][INFO] - 
[2025-01-08 10:53:34,683][flwr][INFO] - [ROUND 13]
[2025-01-08 10:53:34,683][flwr][INFO] - configure_fit: strategy sampled 2 clients (out of 20)
[2025-01-08 10:53:38,934][flwr][INFO] - aggregate_fit: received 2 results and 0 failures
[2025-01-08 10:53:40,564][flwr][INFO] - fit progress: (13, 4.149416401532193, {'accuracy': 0.9867}, 86.247659775996)
[2025-01-08 10:53:40,565][flwr][INFO] - configure_evaluate: strategy sampled 5 clients (out of 20)
[2025-01-08 10:53:41,213][flwr][INFO] - aggregate_evaluate: received 5 results and 0 failures
[2025-01-08 10:53:41,213][flwr][INFO] - 
[2025-01-08 10:53:41,213][flwr][INFO] - [ROUND 14]
[2025-01-08 10:53:41,213][flwr][INFO] - configure_fit: strategy sampled 2 clients (out of 20)
[2025-01-08 10:53:45,431][flwr][INFO] - aggregate_fit: received 2 results and 0 failures
[2025-01-08 10:53:46,913][flwr][INFO] - fit progress: (14, 3.6419140590267034, {'accuracy': 0.9877}, 92.59616543499578)
[2025-01-08 10:53:46,913][flwr][INFO] - configure_evaluate: strategy sampled 5 clients (out of 20)
[2025-01-08 10:53:47,455][flwr][INFO] - aggregate_evaluate: received 5 results and 0 failures
[2025-01-08 10:53:47,455][flwr][INFO] - 
[2025-01-08 10:53:47,455][flwr][INFO] - [ROUND 15]
[2025-01-08 10:53:47,456][flwr][INFO] - configure_fit: strategy sampled 2 clients (out of 20)
[2025-01-08 10:53:51,697][flwr][INFO] - aggregate_fit: received 2 results and 0 failures
[2025-01-08 10:53:53,053][flwr][INFO] - fit progress: (15, 3.6225105154017, {'accuracy': 0.9872}, 98.73588101499627)
[2025-01-08 10:53:53,053][flwr][INFO] - configure_evaluate: strategy sampled 5 clients (out of 20)
[2025-01-08 10:53:53,622][flwr][INFO] - aggregate_evaluate: received 5 results and 0 failures
[2025-01-08 10:53:53,622][flwr][INFO] - 
[2025-01-08 10:53:53,622][flwr][INFO] - [SUMMARY]
[2025-01-08 10:53:53,623][flwr][INFO] - Run finished 15 round(s) in 99.31s
[2025-01-08 10:53:53,623][flwr][INFO] - 	History (loss, distributed):
[2025-01-08 10:53:53,623][flwr][INFO] - 		round 1: 1.7215091951191426
[2025-01-08 10:53:53,623][flwr][INFO] - 		round 2: 1.3843365859938785
[2025-01-08 10:53:53,623][flwr][INFO] - 		round 3: 0.9674054348099161
[2025-01-08 10:53:53,623][flwr][INFO] - 		round 4: 0.9476030869650458
[2025-01-08 10:53:53,623][flwr][INFO] - 		round 5: 1.3373348142511532
[2025-01-08 10:53:53,623][flwr][INFO] - 		round 6: 0.7678327063593315
[2025-01-08 10:53:53,623][flwr][INFO] - 		round 7: 1.6853374843645725
[2025-01-08 10:53:53,623][flwr][INFO] - 		round 8: 0.9089647722759764
[2025-01-08 10:53:53,623][flwr][INFO] - 		round 9: 0.9203040731248621
[2025-01-08 10:53:53,623][flwr][INFO] - 		round 10: 0.9218641964202107
[2025-01-08 10:53:53,623][flwr][INFO] - 		round 11: 1.0375620322149188
[2025-01-08 10:53:53,623][flwr][INFO] - 		round 12: 0.9202458163664687
[2025-01-08 10:53:53,623][flwr][INFO] - 		round 13: 0.5794019700419426
[2025-01-08 10:53:53,624][flwr][INFO] - 		round 14: 0.5115666472171142
[2025-01-08 10:53:53,624][flwr][INFO] - 		round 15: 0.7633744946660727
[2025-01-08 10:53:53,624][flwr][INFO] - 	History (loss, centralized):
[2025-01-08 10:53:53,624][flwr][INFO] - 		round 0: 181.8851387500763
[2025-01-08 10:53:53,624][flwr][INFO] - 		round 1: 13.604566596448421
[2025-01-08 10:53:53,624][flwr][INFO] - 		round 2: 7.630422685666417
[2025-01-08 10:53:53,624][flwr][INFO] - 		round 3: 6.234727533337718
[2025-01-08 10:53:53,624][flwr][INFO] - 		round 4: 5.77314843761269
[2025-01-08 10:53:53,624][flwr][INFO] - 		round 5: 5.049760411865691
[2025-01-08 10:53:53,624][flwr][INFO] - 		round 6: 4.578552483649105
[2025-01-08 10:53:53,624][flwr][INFO] - 		round 7: 5.289757367955133
[2025-01-08 10:53:53,624][flwr][INFO] - 		round 8: 5.249703448988583
[2025-01-08 10:53:53,624][flwr][INFO] - 		round 9: 4.282426170697818
[2025-01-08 10:53:53,624][flwr][INFO] - 		round 10: 4.052108661849729
[2025-01-08 10:53:53,624][flwr][INFO] - 		round 11: 4.088170250676853
[2025-01-08 10:53:53,624][flwr][INFO] - 		round 12: 4.215269495324691
[2025-01-08 10:53:53,624][flwr][INFO] - 		round 13: 4.149416401532193
[2025-01-08 10:53:53,624][flwr][INFO] - 		round 14: 3.6419140590267034
[2025-01-08 10:53:53,624][flwr][INFO] - 		round 15: 3.6225105154017
[2025-01-08 10:53:53,624][flwr][INFO] - 	History (metrics, centralized):
[2025-01-08 10:53:53,624][flwr][INFO] - 	{'accuracy': [(0, 0.0882),
[2025-01-08 10:53:53,624][flwr][INFO] - 	              (1, 0.9474),
[2025-01-08 10:53:53,624][flwr][INFO] - 	              (2, 0.9711),
[2025-01-08 10:53:53,625][flwr][INFO] - 	              (3, 0.9781),
[2025-01-08 10:53:53,625][flwr][INFO] - 	              (4, 0.9797),
[2025-01-08 10:53:53,625][flwr][INFO] - 	              (5, 0.9827),
[2025-01-08 10:53:53,625][flwr][INFO] - 	              (6, 0.9835),
[2025-01-08 10:53:53,625][flwr][INFO] - 	              (7, 0.9835),
[2025-01-08 10:53:53,625][flwr][INFO] - 	              (8, 0.9836),
[2025-01-08 10:53:53,625][flwr][INFO] - 	              (9, 0.9853),
[2025-01-08 10:53:53,625][flwr][INFO] - 	              (10, 0.9859),
[2025-01-08 10:53:53,625][flwr][INFO] - 	              (11, 0.9869),
[2025-01-08 10:53:53,625][flwr][INFO] - 	              (12, 0.9867),
[2025-01-08 10:53:53,625][flwr][INFO] - 	              (13, 0.9867),
[2025-01-08 10:53:53,625][flwr][INFO] - 	              (14, 0.9877),
[2025-01-08 10:53:53,625][flwr][INFO] - 	              (15, 0.9872)]}
[2025-01-08 10:53:53,625][flwr][INFO] - 
