[2025-01-07 14:50:35,485][flwr][INFO] - Starting Flower simulation, config: num_rounds=5, no round_timeout
[2025-01-07 14:50:39,035][flwr][INFO] - Flower VCE: Ray initialized with resources: {'node:__internal_head__': 1.0, 'object_store_memory': 3144319795.0, 'memory': 6288639591.0, 'node:192.168.1.11': 1.0, 'CPU': 12.0}
[2025-01-07 14:50:39,036][flwr][INFO] - Optimize your simulation with Flower VCE: https://flower.ai/docs/framework/how-to-run-simulations.html
[2025-01-07 14:50:39,036][flwr][INFO] - Flower VCE: Resources for each Virtual Client: {'num_cpus': 2, 'num_gpus': 0}
[2025-01-07 14:50:39,041][flwr][INFO] - Flower VCE: Creating VirtualClientEngineActorPool with 6 actors
[2025-01-07 14:50:39,042][flwr][INFO] - [INIT]
[2025-01-07 14:50:39,042][flwr][INFO] - Requesting initial parameters from one random client
[2025-01-07 14:50:41,703][flwr][INFO] - Received initial parameters from one random client
[2025-01-07 14:50:41,703][flwr][INFO] - Starting evaluation of initial global parameters
[2025-01-07 14:50:43,077][flwr][INFO] - initial parameters (loss, other metrics): 181.84657192230225, {'accuracy': 0.1032}
[2025-01-07 14:50:43,077][flwr][INFO] - 
[2025-01-07 14:50:43,077][flwr][INFO] - [ROUND 1]
[2025-01-07 14:50:43,078][flwr][INFO] - configure_fit: strategy sampled 2 clients (out of 20)
[2025-01-07 14:50:49,686][flwr][INFO] - aggregate_fit: received 2 results and 0 failures
[2025-01-07 14:50:49,692][flwr][WARNING] - No fit_metrics_aggregation_fn provided
[2025-01-07 14:50:51,151][flwr][INFO] - fit progress: (1, 11.032475469284691, {'accuracy': 0.9565}, 8.074166872000205)
[2025-01-07 14:50:51,152][flwr][INFO] - configure_evaluate: strategy sampled 5 clients (out of 20)
[2025-01-07 14:50:54,834][flwr][INFO] - aggregate_evaluate: received 5 results and 0 failures
[2025-01-07 14:50:54,835][flwr][WARNING] - No evaluate_metrics_aggregation_fn provided
[2025-01-07 14:50:54,835][flwr][INFO] - 
[2025-01-07 14:50:54,835][flwr][INFO] - [ROUND 2]
[2025-01-07 14:50:54,835][flwr][INFO] - configure_fit: strategy sampled 2 clients (out of 20)
[2025-01-07 14:50:59,240][flwr][INFO] - aggregate_fit: received 2 results and 0 failures
[2025-01-07 14:51:00,827][flwr][INFO] - fit progress: (2, 7.577011278408463, {'accuracy': 0.9709}, 17.750132118999318)
[2025-01-07 14:51:00,828][flwr][INFO] - configure_evaluate: strategy sampled 5 clients (out of 20)
[2025-01-07 14:51:01,496][flwr][INFO] - aggregate_evaluate: received 5 results and 0 failures
[2025-01-07 14:51:01,496][flwr][INFO] - 
[2025-01-07 14:51:01,496][flwr][INFO] - [ROUND 3]
[2025-01-07 14:51:01,496][flwr][INFO] - configure_fit: strategy sampled 2 clients (out of 20)
[2025-01-07 14:51:06,062][flwr][INFO] - aggregate_fit: received 2 results and 0 failures
[2025-01-07 14:51:07,927][flwr][INFO] - fit progress: (3, 5.687725773703278, {'accuracy': 0.979}, 24.85019927599933)
[2025-01-07 14:51:07,928][flwr][INFO] - configure_evaluate: strategy sampled 5 clients (out of 20)
[2025-01-07 14:51:08,542][flwr][INFO] - aggregate_evaluate: received 5 results and 0 failures
[2025-01-07 14:51:08,543][flwr][INFO] - 
[2025-01-07 14:51:08,543][flwr][INFO] - [ROUND 4]
[2025-01-07 14:51:08,543][flwr][INFO] - configure_fit: strategy sampled 2 clients (out of 20)
[2025-01-07 14:51:13,011][flwr][INFO] - aggregate_fit: received 2 results and 0 failures
[2025-01-07 14:51:14,377][flwr][INFO] - fit progress: (4, 5.718589513001007, {'accuracy': 0.9807}, 31.300217838001117)
[2025-01-07 14:51:14,378][flwr][INFO] - configure_evaluate: strategy sampled 5 clients (out of 20)
[2025-01-07 14:51:14,989][flwr][INFO] - aggregate_evaluate: received 5 results and 0 failures
[2025-01-07 14:51:14,990][flwr][INFO] - 
[2025-01-07 14:51:14,990][flwr][INFO] - [ROUND 5]
[2025-01-07 14:51:14,990][flwr][INFO] - configure_fit: strategy sampled 2 clients (out of 20)
[2025-01-07 14:51:19,510][flwr][INFO] - aggregate_fit: received 2 results and 0 failures
[2025-01-07 14:51:21,108][flwr][INFO] - fit progress: (5, 5.058747241754645, {'accuracy': 0.9817}, 38.03063892899809)
[2025-01-07 14:51:21,108][flwr][INFO] - configure_evaluate: strategy sampled 5 clients (out of 20)
[2025-01-07 14:51:21,782][flwr][INFO] - aggregate_evaluate: received 5 results and 0 failures
[2025-01-07 14:51:21,783][flwr][INFO] - 
[2025-01-07 14:51:21,783][flwr][INFO] - [SUMMARY]
[2025-01-07 14:51:21,783][flwr][INFO] - Run finished 5 round(s) in 38.71s
[2025-01-07 14:51:21,783][flwr][INFO] - 	History (loss, distributed):
[2025-01-07 14:51:21,783][flwr][INFO] - 		round 1: 1.411907495930791
[2025-01-07 14:51:21,783][flwr][INFO] - 		round 2: 0.9996774340746925
[2025-01-07 14:51:21,783][flwr][INFO] - 		round 3: 0.8386204080074094
[2025-01-07 14:51:21,783][flwr][INFO] - 		round 4: 1.116834335331805
[2025-01-07 14:51:21,783][flwr][INFO] - 		round 5: 0.7960183658920869
[2025-01-07 14:51:21,783][flwr][INFO] - 	History (loss, centralized):
[2025-01-07 14:51:21,783][flwr][INFO] - 		round 0: 181.84657192230225
[2025-01-07 14:51:21,784][flwr][INFO] - 		round 1: 11.032475469284691
[2025-01-07 14:51:21,784][flwr][INFO] - 		round 2: 7.577011278408463
[2025-01-07 14:51:21,784][flwr][INFO] - 		round 3: 5.687725773703278
[2025-01-07 14:51:21,784][flwr][INFO] - 		round 4: 5.718589513001007
[2025-01-07 14:51:21,784][flwr][INFO] - 		round 5: 5.058747241754645
[2025-01-07 14:51:21,784][flwr][INFO] - 	History (metrics, centralized):
[2025-01-07 14:51:21,784][flwr][INFO] - 	{'accuracy': [(0, 0.1032),
[2025-01-07 14:51:21,784][flwr][INFO] - 	              (1, 0.9565),
[2025-01-07 14:51:21,784][flwr][INFO] - 	              (2, 0.9709),
[2025-01-07 14:51:21,784][flwr][INFO] - 	              (3, 0.979),
[2025-01-07 14:51:21,784][flwr][INFO] - 	              (4, 0.9807),
[2025-01-07 14:51:21,784][flwr][INFO] - 	              (5, 0.9817)]}
[2025-01-07 14:51:21,784][flwr][INFO] - 
