[2025-01-07 12:51:28,189][flwr][INFO] - Starting Flower simulation, config: num_rounds=5, no round_timeout
[2025-01-07 12:51:32,083][flwr][INFO] - Flower VCE: Ray initialized with resources: {'node:__internal_head__': 1.0, 'CPU': 12.0, 'node:192.168.1.11': 1.0, 'memory': 4774804686.0, 'object_store_memory': 2387402342.0}
[2025-01-07 12:51:32,083][flwr][INFO] - Optimize your simulation with Flower VCE: https://flower.ai/docs/framework/how-to-run-simulations.html
[2025-01-07 12:51:32,083][flwr][INFO] - Flower VCE: Resources for each Virtual Client: {'num_cpus': 2, 'num_gpus': 0}
[2025-01-07 12:51:32,094][flwr][INFO] - Flower VCE: Creating VirtualClientEngineActorPool with 6 actors
[2025-01-07 12:51:32,094][flwr][INFO] - [INIT]
[2025-01-07 12:51:32,094][flwr][INFO] - Requesting initial parameters from one random client
[2025-01-07 12:51:34,960][flwr][INFO] - Received initial parameters from one random client
[2025-01-07 12:51:34,960][flwr][INFO] - Starting evaluation of initial global parameters
[2025-01-07 12:51:36,616][flwr][INFO] - initial parameters (loss, other metrics): 182.05307340621948, {'accuracy': 0.105}
[2025-01-07 12:51:36,616][flwr][INFO] - 
[2025-01-07 12:51:36,617][flwr][INFO] - [ROUND 1]
[2025-01-07 12:51:36,617][flwr][INFO] - configure_fit: strategy sampled 2 clients (out of 5)
[2025-01-07 12:51:55,003][flwr][INFO] - aggregate_fit: received 2 results and 0 failures
[2025-01-07 12:51:55,007][flwr][WARNING] - No fit_metrics_aggregation_fn provided
[2025-01-07 12:51:56,432][flwr][INFO] - fit progress: (1, 6.641578709473833, {'accuracy': 0.9772}, 19.81514595200133)
[2025-01-07 12:51:56,432][flwr][INFO] - configure_evaluate: strategy sampled 3 clients (out of 5)
[2025-01-07 12:51:59,174][flwr][INFO] - aggregate_evaluate: received 3 results and 0 failures
[2025-01-07 12:51:59,174][flwr][WARNING] - No evaluate_metrics_aggregation_fn provided
[2025-01-07 12:51:59,175][flwr][INFO] - 
[2025-01-07 12:51:59,175][flwr][INFO] - [ROUND 2]
[2025-01-07 12:51:59,175][flwr][INFO] - configure_fit: strategy sampled 2 clients (out of 5)
[2025-01-07 12:52:14,470][flwr][INFO] - aggregate_fit: received 2 results and 0 failures
[2025-01-07 12:52:16,112][flwr][INFO] - fit progress: (2, 4.127462839278451, {'accuracy': 0.9843}, 39.49541879800017)
[2025-01-07 12:52:16,112][flwr][INFO] - configure_evaluate: strategy sampled 3 clients (out of 5)
[2025-01-07 12:52:16,856][flwr][INFO] - aggregate_evaluate: received 3 results and 0 failures
[2025-01-07 12:52:16,857][flwr][INFO] - 
[2025-01-07 12:52:16,857][flwr][INFO] - [ROUND 3]
[2025-01-07 12:52:16,857][flwr][INFO] - configure_fit: strategy sampled 2 clients (out of 5)
[2025-01-07 12:52:32,653][flwr][INFO] - aggregate_fit: received 2 results and 0 failures
[2025-01-07 12:52:34,277][flwr][INFO] - fit progress: (3, 3.3365364711062284, {'accuracy': 0.987}, 57.66052278300049)
[2025-01-07 12:52:34,277][flwr][INFO] - configure_evaluate: strategy sampled 3 clients (out of 5)
[2025-01-07 12:52:35,106][flwr][INFO] - aggregate_evaluate: received 3 results and 0 failures
[2025-01-07 12:52:35,106][flwr][INFO] - 
[2025-01-07 12:52:35,106][flwr][INFO] - [ROUND 4]
[2025-01-07 12:52:35,107][flwr][INFO] - configure_fit: strategy sampled 2 clients (out of 5)
[2025-01-07 12:52:51,395][flwr][INFO] - aggregate_fit: received 2 results and 0 failures
[2025-01-07 12:52:53,454][flwr][INFO] - fit progress: (4, 3.5952650216859183, {'accuracy': 0.9866}, 76.83778257499944)
[2025-01-07 12:52:53,455][flwr][INFO] - configure_evaluate: strategy sampled 3 clients (out of 5)
[2025-01-07 12:52:54,205][flwr][INFO] - aggregate_evaluate: received 3 results and 0 failures
[2025-01-07 12:52:54,206][flwr][INFO] - 
[2025-01-07 12:52:54,206][flwr][INFO] - [ROUND 5]
[2025-01-07 12:52:54,206][flwr][INFO] - configure_fit: strategy sampled 2 clients (out of 5)
[2025-01-07 12:53:09,883][flwr][INFO] - aggregate_fit: received 2 results and 0 failures
[2025-01-07 12:53:12,102][flwr][INFO] - fit progress: (5, 3.4119685058476534, {'accuracy': 0.9878}, 95.4854501439986)
[2025-01-07 12:53:12,102][flwr][INFO] - configure_evaluate: strategy sampled 3 clients (out of 5)
[2025-01-07 12:53:12,788][flwr][INFO] - aggregate_evaluate: received 3 results and 0 failures
[2025-01-07 12:53:12,789][flwr][INFO] - 
[2025-01-07 12:53:12,789][flwr][INFO] - [SUMMARY]
[2025-01-07 12:53:12,789][flwr][INFO] - Run finished 5 round(s) in 96.17s
[2025-01-07 12:53:12,789][flwr][INFO] - 	History (loss, distributed):
[2025-01-07 12:53:12,789][flwr][INFO] - 		round 1: 6.598719530040398
[2025-01-07 12:53:12,790][flwr][INFO] - 		round 2: 4.216997400848716
[2025-01-07 12:53:12,790][flwr][INFO] - 		round 3: 4.303809479915496
[2025-01-07 12:53:12,790][flwr][INFO] - 		round 4: 3.8847315091901087
[2025-01-07 12:53:12,790][flwr][INFO] - 		round 5: 3.149960579140346
[2025-01-07 12:53:12,790][flwr][INFO] - 	History (loss, centralized):
[2025-01-07 12:53:12,790][flwr][INFO] - 		round 0: 182.05307340621948
[2025-01-07 12:53:12,790][flwr][INFO] - 		round 1: 6.641578709473833
[2025-01-07 12:53:12,790][flwr][INFO] - 		round 2: 4.127462839278451
[2025-01-07 12:53:12,791][flwr][INFO] - 		round 3: 3.3365364711062284
[2025-01-07 12:53:12,791][flwr][INFO] - 		round 4: 3.5952650216859183
[2025-01-07 12:53:12,791][flwr][INFO] - 		round 5: 3.4119685058476534
[2025-01-07 12:53:12,791][flwr][INFO] - 	History (metrics, centralized):
[2025-01-07 12:53:12,791][flwr][INFO] - 	{'accuracy': [(0, 0.105),
[2025-01-07 12:53:12,791][flwr][INFO] - 	              (1, 0.9772),
[2025-01-07 12:53:12,791][flwr][INFO] - 	              (2, 0.9843),
[2025-01-07 12:53:12,792][flwr][INFO] - 	              (3, 0.987),
[2025-01-07 12:53:12,792][flwr][INFO] - 	              (4, 0.9866),
[2025-01-07 12:53:12,792][flwr][INFO] - 	              (5, 0.9878)]}
[2025-01-07 12:53:12,792][flwr][INFO] - 
