[2025-01-07 13:54:53,990][flwr][INFO] - Starting Flower simulation, config: num_rounds=5, no round_timeout
[2025-01-07 13:54:57,441][flwr][INFO] - Flower VCE: Ray initialized with resources: {'node:192.168.1.11': 1.0, 'CPU': 12.0, 'object_store_memory': 3195165081.0, 'memory': 6390330164.0, 'node:__internal_head__': 1.0}
[2025-01-07 13:54:57,441][flwr][INFO] - Optimize your simulation with Flower VCE: https://flower.ai/docs/framework/how-to-run-simulations.html
[2025-01-07 13:54:57,441][flwr][INFO] - Flower VCE: Resources for each Virtual Client: {'num_cpus': 2, 'num_gpus': 0}
[2025-01-07 13:54:57,447][flwr][INFO] - Flower VCE: Creating VirtualClientEngineActorPool with 6 actors
[2025-01-07 13:54:57,448][flwr][INFO] - [INIT]
[2025-01-07 13:54:57,448][flwr][INFO] - Requesting initial parameters from one random client
[2025-01-07 13:55:00,359][flwr][INFO] - Received initial parameters from one random client
[2025-01-07 13:55:00,359][flwr][INFO] - Starting evaluation of initial global parameters
[2025-01-07 13:55:01,816][flwr][INFO] - initial parameters (loss, other metrics): 181.99654269218445, {'accuracy': 0.0955}
[2025-01-07 13:55:01,816][flwr][INFO] - 
[2025-01-07 13:55:01,816][flwr][INFO] - [ROUND 1]
[2025-01-07 13:55:01,816][flwr][INFO] - configure_fit: strategy sampled 2 clients (out of 10)
[2025-01-07 13:55:12,047][flwr][INFO] - aggregate_fit: received 2 results and 0 failures
[2025-01-07 13:55:12,053][flwr][WARNING] - No fit_metrics_aggregation_fn provided
[2025-01-07 13:55:13,551][flwr][INFO] - fit progress: (1, 177.7168731689453, {'accuracy': 0.1846}, 11.734843162001198)
[2025-01-07 13:55:13,551][flwr][INFO] - configure_evaluate: strategy sampled 2 clients (out of 10)
[2025-01-07 13:55:13,962][flwr][INFO] - aggregate_evaluate: received 2 results and 0 failures
[2025-01-07 13:55:13,963][flwr][WARNING] - No evaluate_metrics_aggregation_fn provided
[2025-01-07 13:55:13,963][flwr][INFO] - 
[2025-01-07 13:55:13,963][flwr][INFO] - [ROUND 2]
[2025-01-07 13:55:13,963][flwr][INFO] - configure_fit: strategy sampled 2 clients (out of 10)
[2025-01-07 13:55:21,453][flwr][INFO] - aggregate_fit: received 2 results and 0 failures
[2025-01-07 13:55:23,339][flwr][INFO] - fit progress: (2, 182.1902585029602, {'accuracy': 0.101}, 21.522611397002038)
[2025-01-07 13:55:23,339][flwr][INFO] - configure_evaluate: strategy sampled 2 clients (out of 10)
[2025-01-07 13:55:23,767][flwr][INFO] - aggregate_evaluate: received 2 results and 0 failures
[2025-01-07 13:55:23,767][flwr][INFO] - 
[2025-01-07 13:55:23,767][flwr][INFO] - [ROUND 3]
[2025-01-07 13:55:23,767][flwr][INFO] - configure_fit: strategy sampled 2 clients (out of 10)
[2025-01-07 13:55:30,997][flwr][INFO] - aggregate_fit: received 2 results and 0 failures
[2025-01-07 13:55:32,366][flwr][INFO] - fit progress: (3, 182.80821323394775, {'accuracy': 0.0892}, 30.55016699800035)
[2025-01-07 13:55:32,367][flwr][INFO] - configure_evaluate: strategy sampled 2 clients (out of 10)
[2025-01-07 13:55:32,795][flwr][INFO] - aggregate_evaluate: received 2 results and 0 failures
[2025-01-07 13:55:32,795][flwr][INFO] - 
[2025-01-07 13:55:32,795][flwr][INFO] - [ROUND 4]
[2025-01-07 13:55:32,795][flwr][INFO] - configure_fit: strategy sampled 2 clients (out of 10)
[2025-01-07 13:55:39,817][flwr][INFO] - aggregate_fit: received 2 results and 0 failures
[2025-01-07 13:55:41,158][flwr][INFO] - fit progress: (4, 166.82784056663513, {'accuracy': 0.2063}, 39.34212586700232)
[2025-01-07 13:55:41,158][flwr][INFO] - configure_evaluate: strategy sampled 2 clients (out of 10)
[2025-01-07 13:55:41,567][flwr][INFO] - aggregate_evaluate: received 2 results and 0 failures
[2025-01-07 13:55:41,567][flwr][INFO] - 
[2025-01-07 13:55:41,567][flwr][INFO] - [ROUND 5]
[2025-01-07 13:55:41,567][flwr][INFO] - configure_fit: strategy sampled 2 clients (out of 10)
[2025-01-07 13:55:48,538][flwr][INFO] - aggregate_fit: received 2 results and 0 failures
[2025-01-07 13:55:49,791][flwr][INFO] - fit progress: (5, 182.0807285308838, {'accuracy': 0.0974}, 47.97513683500074)
[2025-01-07 13:55:49,791][flwr][INFO] - configure_evaluate: strategy sampled 2 clients (out of 10)
[2025-01-07 13:55:50,208][flwr][INFO] - aggregate_evaluate: received 2 results and 0 failures
[2025-01-07 13:55:50,209][flwr][INFO] - 
[2025-01-07 13:55:50,209][flwr][INFO] - [SUMMARY]
[2025-01-07 13:55:50,209][flwr][INFO] - Run finished 5 round(s) in 48.39s
[2025-01-07 13:55:50,209][flwr][INFO] - 	History (loss, distributed):
[2025-01-07 13:55:50,209][flwr][INFO] - 		round 1: 85.15456825494766
[2025-01-07 13:55:50,210][flwr][INFO] - 		round 2: 87.60866069793701
[2025-01-07 13:55:50,210][flwr][INFO] - 		round 3: 87.80572032928467
[2025-01-07 13:55:50,210][flwr][INFO] - 		round 4: 80.01964044570923
[2025-01-07 13:55:50,210][flwr][INFO] - 		round 5: 87.59072601795197
[2025-01-07 13:55:50,210][flwr][INFO] - 	History (loss, centralized):
[2025-01-07 13:55:50,210][flwr][INFO] - 		round 0: 181.99654269218445
[2025-01-07 13:55:50,210][flwr][INFO] - 		round 1: 177.7168731689453
[2025-01-07 13:55:50,210][flwr][INFO] - 		round 2: 182.1902585029602
[2025-01-07 13:55:50,210][flwr][INFO] - 		round 3: 182.80821323394775
[2025-01-07 13:55:50,211][flwr][INFO] - 		round 4: 166.82784056663513
[2025-01-07 13:55:50,211][flwr][INFO] - 		round 5: 182.0807285308838
[2025-01-07 13:55:50,211][flwr][INFO] - 	History (metrics, centralized):
[2025-01-07 13:55:50,211][flwr][INFO] - 	{'accuracy': [(0, 0.0955),
[2025-01-07 13:55:50,211][flwr][INFO] - 	              (1, 0.1846),
[2025-01-07 13:55:50,211][flwr][INFO] - 	              (2, 0.101),
[2025-01-07 13:55:50,211][flwr][INFO] - 	              (3, 0.0892),
[2025-01-07 13:55:50,211][flwr][INFO] - 	              (4, 0.2063),
[2025-01-07 13:55:50,211][flwr][INFO] - 	              (5, 0.0974)]}
[2025-01-07 13:55:50,212][flwr][INFO] - 
