[2024-12-30 23:23:04,624][flwr][INFO] - Starting Flower simulation, config: num_rounds=10, no round_timeout
[2024-12-30 23:23:08,178][flwr][INFO] - Flower VCE: Ray initialized with resources: {'node:__internal_head__': 1.0, 'memory': 6061542606.0, 'object_store_memory': 3030771302.0, 'CPU': 12.0, 'node:192.168.1.11': 1.0}
[2024-12-30 23:23:08,178][flwr][INFO] - Optimize your simulation with Flower VCE: https://flower.ai/docs/framework/how-to-run-simulations.html
[2024-12-30 23:23:08,178][flwr][INFO] - Flower VCE: Resources for each Virtual Client: {'num_cpus': 2, 'num_gpus': 0}
[2024-12-30 23:23:08,192][flwr][INFO] - Flower VCE: Creating VirtualClientEngineActorPool with 6 actors
[2024-12-30 23:23:08,193][flwr][INFO] - [INIT]
[2024-12-30 23:23:08,193][flwr][INFO] - Using initial global parameters provided by strategy
[2024-12-30 23:23:08,193][flwr][INFO] - Starting evaluation of initial global parameters
[2024-12-30 23:23:11,111][flwr][INFO] - initial parameters (loss, other metrics): 181.89426398277283, {'accuracy': 0.1175}
[2024-12-30 23:23:11,111][flwr][INFO] - 
[2024-12-30 23:23:11,112][flwr][INFO] - [ROUND 1]
[2024-12-30 23:23:11,112][flwr][INFO] - configure_fit: strategy sampled 2 clients (out of 10)
[2024-12-30 23:23:19,254][flwr][INFO] - aggregate_fit: received 2 results and 0 failures
[2024-12-30 23:23:19,266][flwr][WARNING] - No fit_metrics_aggregation_fn provided
[2024-12-30 23:23:21,000][flwr][INFO] - fit progress: (1, 8.47856126143597, {'accuracy': 0.9668}, 9.888505602997611)
[2024-12-30 23:23:21,000][flwr][INFO] - configure_evaluate: strategy sampled 2 clients (out of 10)
[2024-12-30 23:23:21,379][flwr][INFO] - aggregate_evaluate: received 2 results and 0 failures
[2024-12-30 23:23:21,379][flwr][WARNING] - No evaluate_metrics_aggregation_fn provided
[2024-12-30 23:23:21,379][flwr][INFO] - 
[2024-12-30 23:23:21,379][flwr][INFO] - [ROUND 2]
[2024-12-30 23:23:21,379][flwr][INFO] - configure_fit: strategy sampled 2 clients (out of 10)
[2024-12-30 23:23:27,071][flwr][INFO] - aggregate_fit: received 2 results and 0 failures
[2024-12-30 23:23:28,877][flwr][INFO] - fit progress: (2, 5.0001677160471445, {'accuracy': 0.9802}, 17.765930066998408)
[2024-12-30 23:23:28,878][flwr][INFO] - configure_evaluate: strategy sampled 2 clients (out of 10)
[2024-12-30 23:23:29,308][flwr][INFO] - aggregate_evaluate: received 2 results and 0 failures
[2024-12-30 23:23:29,309][flwr][INFO] - 
[2024-12-30 23:23:29,309][flwr][INFO] - [ROUND 3]
[2024-12-30 23:23:29,309][flwr][INFO] - configure_fit: strategy sampled 2 clients (out of 10)
[2024-12-30 23:23:34,916][flwr][INFO] - aggregate_fit: received 2 results and 0 failures
[2024-12-30 23:23:36,783][flwr][INFO] - fit progress: (3, 4.784760586408083, {'accuracy': 0.9814}, 25.671104343997285)
[2024-12-30 23:23:36,783][flwr][INFO] - configure_evaluate: strategy sampled 2 clients (out of 10)
[2024-12-30 23:23:37,211][flwr][INFO] - aggregate_evaluate: received 2 results and 0 failures
[2024-12-30 23:23:37,211][flwr][INFO] - 
[2024-12-30 23:23:37,211][flwr][INFO] - [ROUND 4]
[2024-12-30 23:23:37,212][flwr][INFO] - configure_fit: strategy sampled 2 clients (out of 10)
[2024-12-30 23:23:42,814][flwr][INFO] - aggregate_fit: received 2 results and 0 failures
[2024-12-30 23:23:44,409][flwr][INFO] - fit progress: (4, 4.0549292702580715, {'accuracy': 0.9847}, 33.29803372499737)
[2024-12-30 23:23:44,410][flwr][INFO] - configure_evaluate: strategy sampled 2 clients (out of 10)
[2024-12-30 23:23:44,778][flwr][INFO] - aggregate_evaluate: received 2 results and 0 failures
[2024-12-30 23:23:44,779][flwr][INFO] - 
[2024-12-30 23:23:44,779][flwr][INFO] - [ROUND 5]
[2024-12-30 23:23:44,779][flwr][INFO] - configure_fit: strategy sampled 2 clients (out of 10)
[2024-12-30 23:23:50,500][flwr][INFO] - aggregate_fit: received 2 results and 0 failures
[2024-12-30 23:23:52,364][flwr][INFO] - fit progress: (5, 4.163677627362631, {'accuracy': 0.9833}, 41.252624758999445)
[2024-12-30 23:23:52,364][flwr][INFO] - configure_evaluate: strategy sampled 2 clients (out of 10)
[2024-12-30 23:23:52,754][flwr][INFO] - aggregate_evaluate: received 2 results and 0 failures
[2024-12-30 23:23:52,754][flwr][INFO] - 
[2024-12-30 23:23:52,754][flwr][INFO] - [ROUND 6]
[2024-12-30 23:23:52,754][flwr][INFO] - configure_fit: strategy sampled 2 clients (out of 10)
[2024-12-30 23:23:58,345][flwr][INFO] - aggregate_fit: received 2 results and 0 failures
[2024-12-30 23:24:00,076][flwr][INFO] - fit progress: (6, 3.0068961089182267, {'accuracy': 0.988}, 48.96489399299753)
[2024-12-30 23:24:00,077][flwr][INFO] - configure_evaluate: strategy sampled 2 clients (out of 10)
[2024-12-30 23:24:00,467][flwr][INFO] - aggregate_evaluate: received 2 results and 0 failures
[2024-12-30 23:24:00,467][flwr][INFO] - 
[2024-12-30 23:24:00,467][flwr][INFO] - [ROUND 7]
[2024-12-30 23:24:00,467][flwr][INFO] - configure_fit: strategy sampled 2 clients (out of 10)
[2024-12-30 23:24:06,107][flwr][INFO] - aggregate_fit: received 2 results and 0 failures
[2024-12-30 23:24:08,144][flwr][INFO] - fit progress: (7, 3.254471473275771, {'accuracy': 0.9866}, 57.03283004399782)
[2024-12-30 23:24:08,145][flwr][INFO] - configure_evaluate: strategy sampled 2 clients (out of 10)
[2024-12-30 23:24:08,497][flwr][INFO] - aggregate_evaluate: received 2 results and 0 failures
[2024-12-30 23:24:08,497][flwr][INFO] - 
[2024-12-30 23:24:08,497][flwr][INFO] - [ROUND 8]
[2024-12-30 23:24:08,497][flwr][INFO] - configure_fit: strategy sampled 2 clients (out of 10)
[2024-12-30 23:24:13,865][flwr][INFO] - aggregate_fit: received 2 results and 0 failures
[2024-12-30 23:24:15,793][flwr][INFO] - fit progress: (8, 3.0131970411321163, {'accuracy': 0.9881}, 64.68165210999723)
[2024-12-30 23:24:15,793][flwr][INFO] - configure_evaluate: strategy sampled 2 clients (out of 10)
[2024-12-30 23:24:16,167][flwr][INFO] - aggregate_evaluate: received 2 results and 0 failures
[2024-12-30 23:24:16,168][flwr][INFO] - 
[2024-12-30 23:24:16,168][flwr][INFO] - [ROUND 9]
[2024-12-30 23:24:16,168][flwr][INFO] - configure_fit: strategy sampled 2 clients (out of 10)
[2024-12-30 23:24:21,660][flwr][INFO] - aggregate_fit: received 2 results and 0 failures
[2024-12-30 23:24:23,204][flwr][INFO] - fit progress: (9, 3.0952828783913446, {'accuracy': 0.988}, 72.09307240199996)
[2024-12-30 23:24:23,205][flwr][INFO] - configure_evaluate: strategy sampled 2 clients (out of 10)
[2024-12-30 23:24:23,615][flwr][INFO] - aggregate_evaluate: received 2 results and 0 failures
[2024-12-30 23:24:23,615][flwr][INFO] - 
[2024-12-30 23:24:23,615][flwr][INFO] - [ROUND 10]
[2024-12-30 23:24:23,615][flwr][INFO] - configure_fit: strategy sampled 2 clients (out of 10)
[2024-12-30 23:24:29,228][flwr][INFO] - aggregate_fit: received 2 results and 0 failures
[2024-12-30 23:24:30,885][flwr][INFO] - fit progress: (10, 3.6300706164329313, {'accuracy': 0.9871}, 79.77325958399888)
[2024-12-30 23:24:30,885][flwr][INFO] - configure_evaluate: strategy sampled 2 clients (out of 10)
[2024-12-30 23:24:31,285][flwr][INFO] - aggregate_evaluate: received 2 results and 0 failures
[2024-12-30 23:24:31,285][flwr][INFO] - 
[2024-12-30 23:24:31,285][flwr][INFO] - [SUMMARY]
[2024-12-30 23:24:31,285][flwr][INFO] - Run finished 10 round(s) in 80.17s
[2024-12-30 23:24:31,285][flwr][INFO] - 	History (loss, distributed):
[2024-12-30 23:24:31,286][flwr][INFO] - 		round 1: 2.537575568538159
[2024-12-30 23:24:31,286][flwr][INFO] - 		round 2: 1.386707824189216
[2024-12-30 23:24:31,286][flwr][INFO] - 		round 3: 2.2902560359216295
[2024-12-30 23:24:31,286][flwr][INFO] - 		round 4: 1.7680344514665194
[2024-12-30 23:24:31,286][flwr][INFO] - 		round 5: 1.6641754600495915
[2024-12-30 23:24:31,286][flwr][INFO] - 		round 6: 0.8256718768825522
[2024-12-30 23:24:31,286][flwr][INFO] - 		round 7: 0.7255318123279721
[2024-12-30 23:24:31,286][flwr][INFO] - 		round 8: 0.8941903693594213
[2024-12-30 23:24:31,286][flwr][INFO] - 		round 9: 1.0746093578709406
[2024-12-30 23:24:31,286][flwr][INFO] - 		round 10: 0.9309330801461329
[2024-12-30 23:24:31,286][flwr][INFO] - 	History (loss, centralized):
[2024-12-30 23:24:31,286][flwr][INFO] - 		round 0: 181.89426398277283
[2024-12-30 23:24:31,287][flwr][INFO] - 		round 1: 8.47856126143597
[2024-12-30 23:24:31,287][flwr][INFO] - 		round 2: 5.0001677160471445
[2024-12-30 23:24:31,287][flwr][INFO] - 		round 3: 4.784760586408083
[2024-12-30 23:24:31,287][flwr][INFO] - 		round 4: 4.0549292702580715
[2024-12-30 23:24:31,287][flwr][INFO] - 		round 5: 4.163677627362631
[2024-12-30 23:24:31,287][flwr][INFO] - 		round 6: 3.0068961089182267
[2024-12-30 23:24:31,287][flwr][INFO] - 		round 7: 3.254471473275771
[2024-12-30 23:24:31,287][flwr][INFO] - 		round 8: 3.0131970411321163
[2024-12-30 23:24:31,287][flwr][INFO] - 		round 9: 3.0952828783913446
[2024-12-30 23:24:31,287][flwr][INFO] - 		round 10: 3.6300706164329313
[2024-12-30 23:24:31,288][flwr][INFO] - 	History (metrics, centralized):
[2024-12-30 23:24:31,288][flwr][INFO] - 	{'accuracy': [(0, 0.1175),
[2024-12-30 23:24:31,288][flwr][INFO] - 	              (1, 0.9668),
[2024-12-30 23:24:31,288][flwr][INFO] - 	              (2, 0.9802),
[2024-12-30 23:24:31,288][flwr][INFO] - 	              (3, 0.9814),
[2024-12-30 23:24:31,288][flwr][INFO] - 	              (4, 0.9847),
[2024-12-30 23:24:31,288][flwr][INFO] - 	              (5, 0.9833),
[2024-12-30 23:24:31,288][flwr][INFO] - 	              (6, 0.988),
[2024-12-30 23:24:31,288][flwr][INFO] - 	              (7, 0.9866),
[2024-12-30 23:24:31,288][flwr][INFO] - 	              (8, 0.9881),
[2024-12-30 23:24:31,288][flwr][INFO] - 	              (9, 0.988),
[2024-12-30 23:24:31,289][flwr][INFO] - 	              (10, 0.9871)]}
[2024-12-30 23:24:31,289][flwr][INFO] - 
