[2025-01-07 13:19:09,031][flwr][INFO] - Starting Flower simulation, config: num_rounds=5, no round_timeout
[2025-01-07 13:19:12,452][flwr][INFO] - Flower VCE: Ray initialized with resources: {'object_store_memory': 3372104908.0, 'memory': 6744209819.0, 'node:192.168.1.11': 1.0, 'CPU': 12.0, 'node:__internal_head__': 1.0}
[2025-01-07 13:19:12,452][flwr][INFO] - Optimize your simulation with Flower VCE: https://flower.ai/docs/framework/how-to-run-simulations.html
[2025-01-07 13:19:12,452][flwr][INFO] - Flower VCE: Resources for each Virtual Client: {'num_cpus': 2, 'num_gpus': 0}
[2025-01-07 13:19:12,464][flwr][INFO] - Flower VCE: Creating VirtualClientEngineActorPool with 6 actors
[2025-01-07 13:19:12,464][flwr][INFO] - [INIT]
[2025-01-07 13:19:12,465][flwr][INFO] - Requesting initial parameters from one random client
[2025-01-07 13:19:15,825][flwr][INFO] - Received initial parameters from one random client
[2025-01-07 13:19:15,826][flwr][INFO] - Starting evaluation of initial global parameters
[2025-01-07 13:19:17,909][flwr][INFO] - initial parameters (loss, other metrics): 182.12172961235046, {'accuracy': 0.079}
[2025-01-07 13:19:17,910][flwr][INFO] - 
[2025-01-07 13:19:17,910][flwr][INFO] - [ROUND 1]
[2025-01-07 13:19:17,910][flwr][INFO] - configure_fit: strategy sampled 2 clients (out of 5)
[2025-01-07 13:19:38,929][flwr][INFO] - aggregate_fit: received 2 results and 0 failures
[2025-01-07 13:19:38,934][flwr][WARNING] - No fit_metrics_aggregation_fn provided
[2025-01-07 13:19:40,762][flwr][INFO] - fit progress: (1, 182.28685212135315, {'accuracy': 0.1009}, 22.85224336399915)
[2025-01-07 13:19:40,762][flwr][INFO] - configure_evaluate: strategy sampled 5 clients (out of 5)
[2025-01-07 13:19:45,099][flwr][INFO] - aggregate_evaluate: received 5 results and 0 failures
[2025-01-07 13:19:45,099][flwr][WARNING] - No evaluate_metrics_aggregation_fn provided
[2025-01-07 13:19:45,100][flwr][INFO] - 
[2025-01-07 13:19:45,100][flwr][INFO] - [ROUND 2]
[2025-01-07 13:19:45,100][flwr][INFO] - configure_fit: strategy sampled 2 clients (out of 5)
[2025-01-07 13:20:00,664][flwr][INFO] - aggregate_fit: received 2 results and 0 failures
[2025-01-07 13:20:02,686][flwr][INFO] - fit progress: (2, 182.13725519180298, {'accuracy': 0.1135}, 44.776413807998324)
[2025-01-07 13:20:02,686][flwr][INFO] - configure_evaluate: strategy sampled 5 clients (out of 5)
[2025-01-07 13:20:03,892][flwr][INFO] - aggregate_evaluate: received 5 results and 0 failures
[2025-01-07 13:20:03,893][flwr][INFO] - 
[2025-01-07 13:20:03,893][flwr][INFO] - [ROUND 3]
[2025-01-07 13:20:03,893][flwr][INFO] - configure_fit: strategy sampled 2 clients (out of 5)
[2025-01-07 13:20:18,428][flwr][INFO] - aggregate_fit: received 2 results and 0 failures
[2025-01-07 13:20:20,110][flwr][INFO] - fit progress: (3, 182.37407851219177, {'accuracy': 0.0982}, 62.20038195599773)
[2025-01-07 13:20:20,110][flwr][INFO] - configure_evaluate: strategy sampled 5 clients (out of 5)
[2025-01-07 13:20:21,265][flwr][INFO] - aggregate_evaluate: received 5 results and 0 failures
[2025-01-07 13:20:21,265][flwr][INFO] - 
[2025-01-07 13:20:21,265][flwr][INFO] - [ROUND 4]
[2025-01-07 13:20:21,266][flwr][INFO] - configure_fit: strategy sampled 2 clients (out of 5)
[2025-01-07 13:20:36,389][flwr][INFO] - aggregate_fit: received 2 results and 0 failures
[2025-01-07 13:20:37,714][flwr][INFO] - fit progress: (4, 182.4087255001068, {'accuracy': 0.0974}, 79.80451452499983)
[2025-01-07 13:20:37,714][flwr][INFO] - configure_evaluate: strategy sampled 5 clients (out of 5)
[2025-01-07 13:20:38,874][flwr][INFO] - aggregate_evaluate: received 5 results and 0 failures
[2025-01-07 13:20:38,874][flwr][INFO] - 
[2025-01-07 13:20:38,874][flwr][INFO] - [ROUND 5]
[2025-01-07 13:20:38,874][flwr][INFO] - configure_fit: strategy sampled 2 clients (out of 5)
[2025-01-07 13:20:54,430][flwr][INFO] - aggregate_fit: received 2 results and 0 failures
[2025-01-07 13:20:56,542][flwr][INFO] - fit progress: (5, 182.90005493164062, {'accuracy': 0.101}, 98.6323871429995)
[2025-01-07 13:20:56,542][flwr][INFO] - configure_evaluate: strategy sampled 5 clients (out of 5)
[2025-01-07 13:20:57,692][flwr][INFO] - aggregate_evaluate: received 5 results and 0 failures
[2025-01-07 13:20:57,693][flwr][INFO] - 
[2025-01-07 13:20:57,693][flwr][INFO] - [SUMMARY]
[2025-01-07 13:20:57,693][flwr][INFO] - Run finished 5 round(s) in 99.78s
[2025-01-07 13:20:57,693][flwr][INFO] - 	History (loss, distributed):
[2025-01-07 13:20:57,693][flwr][INFO] - 		round 1: 173.00749773979186
[2025-01-07 13:20:57,693][flwr][INFO] - 		round 2: 172.93138813972473
[2025-01-07 13:20:57,694][flwr][INFO] - 		round 3: 173.09614896774292
[2025-01-07 13:20:57,694][flwr][INFO] - 		round 4: 173.0989203453064
[2025-01-07 13:20:57,694][flwr][INFO] - 		round 5: 173.6780285835266
[2025-01-07 13:20:57,694][flwr][INFO] - 	History (loss, centralized):
[2025-01-07 13:20:57,694][flwr][INFO] - 		round 0: 182.12172961235046
[2025-01-07 13:20:57,694][flwr][INFO] - 		round 1: 182.28685212135315
[2025-01-07 13:20:57,694][flwr][INFO] - 		round 2: 182.13725519180298
[2025-01-07 13:20:57,694][flwr][INFO] - 		round 3: 182.37407851219177
[2025-01-07 13:20:57,694][flwr][INFO] - 		round 4: 182.4087255001068
[2025-01-07 13:20:57,694][flwr][INFO] - 		round 5: 182.90005493164062
[2025-01-07 13:20:57,694][flwr][INFO] - 	History (metrics, centralized):
[2025-01-07 13:20:57,694][flwr][INFO] - 	{'accuracy': [(0, 0.079),
[2025-01-07 13:20:57,694][flwr][INFO] - 	              (1, 0.1009),
[2025-01-07 13:20:57,694][flwr][INFO] - 	              (2, 0.1135),
[2025-01-07 13:20:57,694][flwr][INFO] - 	              (3, 0.0982),
[2025-01-07 13:20:57,694][flwr][INFO] - 	              (4, 0.0974),
[2025-01-07 13:20:57,694][flwr][INFO] - 	              (5, 0.101)]}
[2025-01-07 13:20:57,694][flwr][INFO] - 
