[2024-12-31 16:49:25,918][flwr][INFO] - Starting Flower simulation, config: num_rounds=10, no round_timeout
[2024-12-31 16:49:31,559][flwr][INFO] - Flower VCE: Ray initialized with resources: {'node:__internal_head__': 1.0, 'node:192.168.1.11': 1.0, 'CPU': 12.0, 'object_store_memory': 1541466931.0, 'memory': 3082933863.0}
[2024-12-31 16:49:31,559][flwr][INFO] - Optimize your simulation with Flower VCE: https://flower.ai/docs/framework/how-to-run-simulations.html
[2024-12-31 16:49:31,560][flwr][INFO] - Flower VCE: Resources for each Virtual Client: {'num_cpus': 2, 'num_gpus': 0}
[2024-12-31 16:49:31,589][flwr][INFO] - Flower VCE: Creating VirtualClientEngineActorPool with 6 actors
[2024-12-31 16:49:31,590][flwr][INFO] - [INIT]
[2024-12-31 16:49:31,590][flwr][INFO] - Using initial global parameters provided by strategy
[2024-12-31 16:49:31,590][flwr][INFO] - Starting evaluation of initial global parameters
[2024-12-31 16:49:38,152][flwr][INFO] - initial parameters (loss, other metrics): 181.95982789993286, {'accuracy': 0.121}
[2024-12-31 16:49:38,152][flwr][INFO] - 
[2024-12-31 16:49:38,152][flwr][INFO] - [ROUND 1]
[2024-12-31 16:49:38,155][flwr][INFO] - configure_fit: strategy sampled 2 clients (out of 10)
[2024-12-31 16:50:01,408][flwr][INFO] - aggregate_fit: received 2 results and 0 failures
[2024-12-31 16:50:09,551][flwr][WARNING] - No fit_metrics_aggregation_fn provided
[2024-12-31 16:50:14,765][flwr][INFO] - fit progress: (1, 181.95982766151428, {'accuracy': 0.121}, 36.612769845)
[2024-12-31 16:50:14,765][flwr][INFO] - configure_evaluate: strategy sampled 2 clients (out of 10)
[2024-12-31 16:50:15,595][flwr][INFO] - aggregate_evaluate: received 2 results and 0 failures
[2024-12-31 16:50:15,595][flwr][WARNING] - No evaluate_metrics_aggregation_fn provided
[2024-12-31 16:50:15,595][flwr][INFO] - 
[2024-12-31 16:50:15,596][flwr][INFO] - [ROUND 2]
[2024-12-31 16:50:15,602][flwr][INFO] - configure_fit: strategy sampled 2 clients (out of 10)
[2024-12-31 16:50:26,214][flwr][INFO] - aggregate_fit: received 2 results and 0 failures
[2024-12-31 16:50:32,171][flwr][INFO] - fit progress: (2, 181.9781174659729, {'accuracy': 0.1268}, 54.018774839998514)
[2024-12-31 16:50:32,171][flwr][INFO] - configure_evaluate: strategy sampled 2 clients (out of 10)
[2024-12-31 16:50:32,676][flwr][INFO] - aggregate_evaluate: received 2 results and 0 failures
[2024-12-31 16:50:32,677][flwr][INFO] - 
[2024-12-31 16:50:32,677][flwr][INFO] - [ROUND 3]
[2024-12-31 16:50:32,681][flwr][INFO] - configure_fit: strategy sampled 2 clients (out of 10)
[2024-12-31 16:50:42,888][flwr][INFO] - aggregate_fit: received 2 results and 0 failures
[2024-12-31 16:50:47,674][flwr][INFO] - fit progress: (3, 182.03535962104797, {'accuracy': 0.1073}, 69.52229466899735)
[2024-12-31 16:50:47,674][flwr][INFO] - configure_evaluate: strategy sampled 2 clients (out of 10)
[2024-12-31 16:50:48,098][flwr][INFO] - aggregate_evaluate: received 2 results and 0 failures
[2024-12-31 16:50:48,098][flwr][INFO] - 
[2024-12-31 16:50:48,098][flwr][INFO] - [ROUND 4]
[2024-12-31 16:50:48,102][flwr][INFO] - configure_fit: strategy sampled 2 clients (out of 10)
[2024-12-31 16:50:59,051][flwr][INFO] - aggregate_fit: received 2 results and 0 failures
[2024-12-31 16:51:05,196][flwr][INFO] - fit progress: (4, 182.03535795211792, {'accuracy': 0.1073}, 87.0442036280001)
[2024-12-31 16:51:05,196][flwr][INFO] - configure_evaluate: strategy sampled 2 clients (out of 10)
[2024-12-31 16:51:05,674][flwr][INFO] - aggregate_evaluate: received 2 results and 0 failures
[2024-12-31 16:51:05,675][flwr][INFO] - 
[2024-12-31 16:51:05,675][flwr][INFO] - [ROUND 5]
[2024-12-31 16:51:05,680][flwr][INFO] - configure_fit: strategy sampled 2 clients (out of 10)
[2024-12-31 16:51:16,614][flwr][INFO] - aggregate_fit: received 2 results and 0 failures
[2024-12-31 16:51:21,815][flwr][INFO] - fit progress: (5, 182.04602003097534, {'accuracy': 0.1066}, 103.66330089799885)
[2024-12-31 16:51:21,816][flwr][INFO] - configure_evaluate: strategy sampled 2 clients (out of 10)
[2024-12-31 16:51:22,272][flwr][INFO] - aggregate_evaluate: received 2 results and 0 failures
[2024-12-31 16:51:22,273][flwr][INFO] - 
[2024-12-31 16:51:22,273][flwr][INFO] - [ROUND 6]
[2024-12-31 16:51:22,277][flwr][INFO] - configure_fit: strategy sampled 2 clients (out of 10)
[2024-12-31 16:51:32,925][flwr][INFO] - aggregate_fit: received 2 results and 0 failures
[2024-12-31 16:51:37,347][flwr][INFO] - fit progress: (6, 182.04601979255676, {'accuracy': 0.1066}, 119.19558581299498)
[2024-12-31 16:51:37,348][flwr][INFO] - configure_evaluate: strategy sampled 2 clients (out of 10)
[2024-12-31 16:51:37,850][flwr][INFO] - aggregate_evaluate: received 2 results and 0 failures
[2024-12-31 16:51:37,850][flwr][INFO] - 
[2024-12-31 16:51:37,850][flwr][INFO] - [ROUND 7]
[2024-12-31 16:51:37,854][flwr][INFO] - configure_fit: strategy sampled 2 clients (out of 10)
[2024-12-31 16:51:47,813][flwr][INFO] - aggregate_fit: received 2 results and 0 failures
[2024-12-31 16:51:51,631][flwr][INFO] - fit progress: (7, 182.04597282409668, {'accuracy': 0.1065}, 133.4791952749947)
[2024-12-31 16:51:51,632][flwr][INFO] - configure_evaluate: strategy sampled 2 clients (out of 10)
[2024-12-31 16:51:52,133][flwr][INFO] - aggregate_evaluate: received 2 results and 0 failures
[2024-12-31 16:51:52,133][flwr][INFO] - 
[2024-12-31 16:51:52,133][flwr][INFO] - [ROUND 8]
[2024-12-31 16:51:52,138][flwr][INFO] - configure_fit: strategy sampled 2 clients (out of 10)
[2024-12-31 16:52:02,152][flwr][INFO] - aggregate_fit: received 2 results and 0 failures
[2024-12-31 16:52:06,461][flwr][INFO] - fit progress: (8, 182.04597282409668, {'accuracy': 0.1065}, 148.30928638499608)
[2024-12-31 16:52:06,461][flwr][INFO] - configure_evaluate: strategy sampled 2 clients (out of 10)
[2024-12-31 16:52:06,901][flwr][INFO] - aggregate_evaluate: received 2 results and 0 failures
[2024-12-31 16:52:06,901][flwr][INFO] - 
[2024-12-31 16:52:06,901][flwr][INFO] - [ROUND 9]
[2024-12-31 16:52:06,905][flwr][INFO] - configure_fit: strategy sampled 2 clients (out of 10)
[2024-12-31 16:52:16,754][flwr][INFO] - aggregate_fit: received 2 results and 0 failures
[2024-12-31 16:52:21,596][flwr][INFO] - fit progress: (9, 182.04595613479614, {'accuracy': 0.1065}, 163.44446923799842)
[2024-12-31 16:52:21,597][flwr][INFO] - configure_evaluate: strategy sampled 2 clients (out of 10)
[2024-12-31 16:52:22,060][flwr][INFO] - aggregate_evaluate: received 2 results and 0 failures
[2024-12-31 16:52:22,060][flwr][INFO] - 
[2024-12-31 16:52:22,060][flwr][INFO] - [ROUND 10]
[2024-12-31 16:52:22,065][flwr][INFO] - configure_fit: strategy sampled 2 clients (out of 10)
[2024-12-31 16:52:32,716][flwr][INFO] - aggregate_fit: received 2 results and 0 failures
[2024-12-31 16:52:39,008][flwr][INFO] - fit progress: (10, 182.04592776298523, {'accuracy': 0.1066}, 180.85624832999747)
[2024-12-31 16:52:39,008][flwr][INFO] - configure_evaluate: strategy sampled 2 clients (out of 10)
[2024-12-31 16:52:39,493][flwr][INFO] - aggregate_evaluate: received 2 results and 0 failures
[2024-12-31 16:52:39,493][flwr][INFO] - 
[2024-12-31 16:52:39,494][flwr][INFO] - [SUMMARY]
[2024-12-31 16:52:39,494][flwr][INFO] - Run finished 10 round(s) in 181.34s
[2024-12-31 16:52:39,494][flwr][INFO] - 	History (loss, distributed):
[2024-12-31 16:52:39,494][flwr][INFO] - 		round 1: 87.45098328590393
[2024-12-31 16:52:39,494][flwr][INFO] - 		round 2: 87.49513185024261
[2024-12-31 16:52:39,494][flwr][INFO] - 		round 3: 87.43710720539093
[2024-12-31 16:52:39,494][flwr][INFO] - 		round 4: 87.56303310394287
[2024-12-31 16:52:39,495][flwr][INFO] - 		round 5: 87.43660378456116
[2024-12-31 16:52:39,495][flwr][INFO] - 		round 6: 87.44622087478638
[2024-12-31 16:52:39,495][flwr][INFO] - 		round 7: 87.52946066856384
[2024-12-31 16:52:39,495][flwr][INFO] - 		round 8: 87.58987045288086
[2024-12-31 16:52:39,495][flwr][INFO] - 		round 9: 87.57089376449585
[2024-12-31 16:52:39,495][flwr][INFO] - 		round 10: 87.43751001358032
[2024-12-31 16:52:39,495][flwr][INFO] - 	History (loss, centralized):
[2024-12-31 16:52:39,495][flwr][INFO] - 		round 0: 181.95982789993286
[2024-12-31 16:52:39,495][flwr][INFO] - 		round 1: 181.95982766151428
[2024-12-31 16:52:39,495][flwr][INFO] - 		round 2: 181.9781174659729
[2024-12-31 16:52:39,496][flwr][INFO] - 		round 3: 182.03535962104797
[2024-12-31 16:52:39,496][flwr][INFO] - 		round 4: 182.03535795211792
[2024-12-31 16:52:39,496][flwr][INFO] - 		round 5: 182.04602003097534
[2024-12-31 16:52:39,496][flwr][INFO] - 		round 6: 182.04601979255676
[2024-12-31 16:52:39,496][flwr][INFO] - 		round 7: 182.04597282409668
[2024-12-31 16:52:39,496][flwr][INFO] - 		round 8: 182.04597282409668
[2024-12-31 16:52:39,496][flwr][INFO] - 		round 9: 182.04595613479614
[2024-12-31 16:52:39,496][flwr][INFO] - 		round 10: 182.04592776298523
[2024-12-31 16:52:39,496][flwr][INFO] - 	History (metrics, centralized):
[2024-12-31 16:52:39,497][flwr][INFO] - 	{'accuracy': [(0, 0.121),
[2024-12-31 16:52:39,497][flwr][INFO] - 	              (1, 0.121),
[2024-12-31 16:52:39,497][flwr][INFO] - 	              (2, 0.1268),
[2024-12-31 16:52:39,497][flwr][INFO] - 	              (3, 0.1073),
[2024-12-31 16:52:39,497][flwr][INFO] - 	              (4, 0.1073),
[2024-12-31 16:52:39,497][flwr][INFO] - 	              (5, 0.1066),
[2024-12-31 16:52:39,497][flwr][INFO] - 	              (6, 0.1066),
[2024-12-31 16:52:39,497][flwr][INFO] - 	              (7, 0.1065),
[2024-12-31 16:52:39,497][flwr][INFO] - 	              (8, 0.1065),
[2024-12-31 16:52:39,497][flwr][INFO] - 	              (9, 0.1065),
[2024-12-31 16:52:39,498][flwr][INFO] - 	              (10, 0.1066)]}
[2024-12-31 16:52:39,498][flwr][INFO] - 
