[2025-01-07 14:40:38,552][flwr][INFO] - Starting Flower simulation, config: num_rounds=5, no round_timeout
[2025-01-07 14:40:41,905][flwr][INFO] - Flower VCE: Ray initialized with resources: {'node:192.168.1.11': 1.0, 'CPU': 12.0, 'node:__internal_head__': 1.0, 'object_store_memory': 3159265689.0, 'memory': 6318531380.0}
[2025-01-07 14:40:41,905][flwr][INFO] - Optimize your simulation with Flower VCE: https://flower.ai/docs/framework/how-to-run-simulations.html
[2025-01-07 14:40:41,905][flwr][INFO] - Flower VCE: Resources for each Virtual Client: {'num_cpus': 2, 'num_gpus': 0}
[2025-01-07 14:40:41,912][flwr][INFO] - Flower VCE: Creating VirtualClientEngineActorPool with 6 actors
[2025-01-07 14:40:41,913][flwr][INFO] - [INIT]
[2025-01-07 14:40:41,913][flwr][INFO] - Requesting initial parameters from one random client
[2025-01-07 14:40:44,650][flwr][INFO] - Received initial parameters from one random client
[2025-01-07 14:40:44,650][flwr][INFO] - Starting evaluation of initial global parameters
[2025-01-07 14:40:46,402][flwr][INFO] - initial parameters (loss, other metrics): 182.20423913002014, {'accuracy': 0.0733}
[2025-01-07 14:40:46,403][flwr][INFO] - 
[2025-01-07 14:40:46,403][flwr][INFO] - [ROUND 1]
[2025-01-07 14:40:46,403][flwr][INFO] - configure_fit: strategy sampled 2 clients (out of 20)
[2025-01-07 14:40:52,093][flwr][INFO] - aggregate_fit: received 2 results and 0 failures
[2025-01-07 14:40:52,099][flwr][WARNING] - No fit_metrics_aggregation_fn provided
[2025-01-07 14:40:53,290][flwr][INFO] - fit progress: (1, 182.3798656463623, {'accuracy': 0.1135}, 6.8875380890021916)
[2025-01-07 14:40:53,291][flwr][INFO] - configure_evaluate: strategy sampled 5 clients (out of 20)
[2025-01-07 14:40:56,921][flwr][INFO] - aggregate_evaluate: received 5 results and 0 failures
[2025-01-07 14:40:56,921][flwr][WARNING] - No evaluate_metrics_aggregation_fn provided
[2025-01-07 14:40:56,921][flwr][INFO] - 
[2025-01-07 14:40:56,921][flwr][INFO] - [ROUND 2]
[2025-01-07 14:40:56,922][flwr][INFO] - configure_fit: strategy sampled 2 clients (out of 20)
[2025-01-07 14:41:00,670][flwr][INFO] - aggregate_fit: received 2 results and 0 failures
[2025-01-07 14:41:02,354][flwr][INFO] - fit progress: (2, 182.3043909072876, {'accuracy': 0.1135}, 15.951198845003091)
[2025-01-07 14:41:02,354][flwr][INFO] - configure_evaluate: strategy sampled 5 clients (out of 20)
[2025-01-07 14:41:02,980][flwr][INFO] - aggregate_evaluate: received 5 results and 0 failures
[2025-01-07 14:41:02,981][flwr][INFO] - 
[2025-01-07 14:41:02,981][flwr][INFO] - [ROUND 3]
[2025-01-07 14:41:02,981][flwr][INFO] - configure_fit: strategy sampled 2 clients (out of 20)
[2025-01-07 14:41:06,823][flwr][INFO] - aggregate_fit: received 2 results and 0 failures
[2025-01-07 14:41:08,068][flwr][INFO] - fit progress: (3, 182.732839345932, {'accuracy': 0.0958}, 21.665241538001283)
[2025-01-07 14:41:08,068][flwr][INFO] - configure_evaluate: strategy sampled 5 clients (out of 20)
[2025-01-07 14:41:08,725][flwr][INFO] - aggregate_evaluate: received 5 results and 0 failures
[2025-01-07 14:41:08,725][flwr][INFO] - 
[2025-01-07 14:41:08,725][flwr][INFO] - [ROUND 4]
[2025-01-07 14:41:08,725][flwr][INFO] - configure_fit: strategy sampled 2 clients (out of 20)
[2025-01-07 14:41:12,508][flwr][INFO] - aggregate_fit: received 2 results and 0 failures
[2025-01-07 14:41:13,889][flwr][INFO] - fit progress: (4, 182.0239908695221, {'accuracy': 0.1009}, 27.48590198900274)
[2025-01-07 14:41:13,889][flwr][INFO] - configure_evaluate: strategy sampled 5 clients (out of 20)
[2025-01-07 14:41:14,490][flwr][INFO] - aggregate_evaluate: received 5 results and 0 failures
[2025-01-07 14:41:14,490][flwr][INFO] - 
[2025-01-07 14:41:14,491][flwr][INFO] - [ROUND 5]
[2025-01-07 14:41:14,491][flwr][INFO] - configure_fit: strategy sampled 2 clients (out of 20)
[2025-01-07 14:41:18,223][flwr][INFO] - aggregate_fit: received 2 results and 0 failures
[2025-01-07 14:41:19,560][flwr][INFO] - fit progress: (5, 182.09354972839355, {'accuracy': 0.1135}, 33.15747412300334)
[2025-01-07 14:41:19,560][flwr][INFO] - configure_evaluate: strategy sampled 5 clients (out of 20)
[2025-01-07 14:41:20,184][flwr][INFO] - aggregate_evaluate: received 5 results and 0 failures
[2025-01-07 14:41:20,185][flwr][INFO] - 
[2025-01-07 14:41:20,185][flwr][INFO] - [SUMMARY]
[2025-01-07 14:41:20,185][flwr][INFO] - Run finished 5 round(s) in 33.78s
[2025-01-07 14:41:20,185][flwr][INFO] - 	History (loss, distributed):
[2025-01-07 14:41:20,185][flwr][INFO] - 		round 1: 43.86460633277893
[2025-01-07 14:41:20,186][flwr][INFO] - 		round 2: 43.891092205047606
[2025-01-07 14:41:20,186][flwr][INFO] - 		round 3: 43.914761257171634
[2025-01-07 14:41:20,186][flwr][INFO] - 		round 4: 43.80751843452454
[2025-01-07 14:41:20,186][flwr][INFO] - 		round 5: 43.808921337127686
[2025-01-07 14:41:20,186][flwr][INFO] - 	History (loss, centralized):
[2025-01-07 14:41:20,186][flwr][INFO] - 		round 0: 182.20423913002014
[2025-01-07 14:41:20,186][flwr][INFO] - 		round 1: 182.3798656463623
[2025-01-07 14:41:20,186][flwr][INFO] - 		round 2: 182.3043909072876
[2025-01-07 14:41:20,186][flwr][INFO] - 		round 3: 182.732839345932
[2025-01-07 14:41:20,187][flwr][INFO] - 		round 4: 182.0239908695221
[2025-01-07 14:41:20,187][flwr][INFO] - 		round 5: 182.09354972839355
[2025-01-07 14:41:20,187][flwr][INFO] - 	History (metrics, centralized):
[2025-01-07 14:41:20,187][flwr][INFO] - 	{'accuracy': [(0, 0.0733),
[2025-01-07 14:41:20,187][flwr][INFO] - 	              (1, 0.1135),
[2025-01-07 14:41:20,187][flwr][INFO] - 	              (2, 0.1135),
[2025-01-07 14:41:20,187][flwr][INFO] - 	              (3, 0.0958),
[2025-01-07 14:41:20,187][flwr][INFO] - 	              (4, 0.1009),
[2025-01-07 14:41:20,187][flwr][INFO] - 	              (5, 0.1135)]}
[2025-01-07 14:41:20,188][flwr][INFO] - 
