[2024-12-31 23:19:10,215][flwr][INFO] - Starting Flower simulation, config: num_rounds=10, no round_timeout
[2024-12-31 23:19:13,925][flwr][INFO] - Flower VCE: Ray initialized with resources: {'node:__internal_head__': 1.0, 'memory': 6454856910.0, 'object_store_memory': 3227428454.0, 'CPU': 12.0, 'node:192.168.1.11': 1.0}
[2024-12-31 23:19:13,926][flwr][INFO] - Optimize your simulation with Flower VCE: https://flower.ai/docs/framework/how-to-run-simulations.html
[2024-12-31 23:19:13,926][flwr][INFO] - Flower VCE: Resources for each Virtual Client: {'num_cpus': 2, 'num_gpus': 0}
[2024-12-31 23:19:13,940][flwr][INFO] - Flower VCE: Creating VirtualClientEngineActorPool with 6 actors
[2024-12-31 23:19:13,940][flwr][INFO] - [INIT]
[2024-12-31 23:19:13,941][flwr][INFO] - Using initial global parameters provided by strategy
[2024-12-31 23:19:13,941][flwr][INFO] - Starting evaluation of initial global parameters
[2024-12-31 23:19:16,917][flwr][INFO] - initial parameters (loss, other metrics): 182.25650596618652, {'accuracy': 0.1135}
[2024-12-31 23:19:16,917][flwr][INFO] - 
[2024-12-31 23:19:16,917][flwr][INFO] - [ROUND 1]
[2024-12-31 23:19:16,917][flwr][INFO] - configure_fit: strategy sampled 2 clients (out of 10)
[2024-12-31 23:19:25,241][flwr][INFO] - aggregate_fit: received 2 results and 0 failures
[2024-12-31 23:19:25,252][flwr][WARNING] - No fit_metrics_aggregation_fn provided
[2024-12-31 23:19:27,421][flwr][INFO] - fit progress: (1, 183.74209475517273, {'accuracy': 0.0958}, 10.503586293001717)
[2024-12-31 23:19:27,421][flwr][INFO] - configure_evaluate: strategy sampled 5 clients (out of 10)
[2024-12-31 23:19:31,562][flwr][INFO] - aggregate_evaluate: received 5 results and 0 failures
[2024-12-31 23:19:31,563][flwr][WARNING] - No evaluate_metrics_aggregation_fn provided
[2024-12-31 23:19:31,563][flwr][INFO] - 
[2024-12-31 23:19:31,563][flwr][INFO] - [ROUND 2]
[2024-12-31 23:19:31,563][flwr][INFO] - configure_fit: strategy sampled 2 clients (out of 10)
[2024-12-31 23:19:37,323][flwr][INFO] - aggregate_fit: received 2 results and 0 failures
[2024-12-31 23:19:39,305][flwr][INFO] - fit progress: (2, 182.55908250808716, {'accuracy': 0.101}, 22.38745440600178)
[2024-12-31 23:19:39,305][flwr][INFO] - configure_evaluate: strategy sampled 5 clients (out of 10)
[2024-12-31 23:19:40,026][flwr][INFO] - aggregate_evaluate: received 5 results and 0 failures
[2024-12-31 23:19:40,026][flwr][INFO] - 
[2024-12-31 23:19:40,026][flwr][INFO] - [ROUND 3]
[2024-12-31 23:19:40,027][flwr][INFO] - configure_fit: strategy sampled 2 clients (out of 10)
[2024-12-31 23:19:45,839][flwr][INFO] - aggregate_fit: received 2 results and 0 failures
[2024-12-31 23:19:47,633][flwr][INFO] - fit progress: (3, 182.84317922592163, {'accuracy': 0.101}, 30.716224103001878)
[2024-12-31 23:19:47,634][flwr][INFO] - configure_evaluate: strategy sampled 5 clients (out of 10)
[2024-12-31 23:19:48,447][flwr][INFO] - aggregate_evaluate: received 5 results and 0 failures
[2024-12-31 23:19:48,447][flwr][INFO] - 
[2024-12-31 23:19:48,447][flwr][INFO] - [ROUND 4]
[2024-12-31 23:19:48,448][flwr][INFO] - configure_fit: strategy sampled 2 clients (out of 10)
[2024-12-31 23:19:54,625][flwr][INFO] - aggregate_fit: received 2 results and 0 failures
[2024-12-31 23:19:56,706][flwr][INFO] - fit progress: (4, 183.0733003616333, {'accuracy': 0.1135}, 39.78861537800549)
[2024-12-31 23:19:56,706][flwr][INFO] - configure_evaluate: strategy sampled 5 clients (out of 10)
[2024-12-31 23:19:57,441][flwr][INFO] - aggregate_evaluate: received 5 results and 0 failures
[2024-12-31 23:19:57,441][flwr][INFO] - 
[2024-12-31 23:19:57,441][flwr][INFO] - [ROUND 5]
[2024-12-31 23:19:57,442][flwr][INFO] - configure_fit: strategy sampled 2 clients (out of 10)
[2024-12-31 23:20:04,045][flwr][INFO] - aggregate_fit: received 2 results and 0 failures
[2024-12-31 23:20:06,354][flwr][INFO] - fit progress: (5, 183.36864852905273, {'accuracy': 0.098}, 49.43674884500069)
[2024-12-31 23:20:06,354][flwr][INFO] - configure_evaluate: strategy sampled 5 clients (out of 10)
[2024-12-31 23:20:07,222][flwr][INFO] - aggregate_evaluate: received 5 results and 0 failures
[2024-12-31 23:20:07,222][flwr][INFO] - 
[2024-12-31 23:20:07,223][flwr][INFO] - [ROUND 6]
[2024-12-31 23:20:07,223][flwr][INFO] - configure_fit: strategy sampled 2 clients (out of 10)
[2024-12-31 23:20:13,584][flwr][INFO] - aggregate_fit: received 2 results and 0 failures
[2024-12-31 23:20:15,797][flwr][INFO] - fit progress: (6, 182.943772315979, {'accuracy': 0.098}, 58.879451325003174)
[2024-12-31 23:20:15,797][flwr][INFO] - configure_evaluate: strategy sampled 5 clients (out of 10)
[2024-12-31 23:20:16,532][flwr][INFO] - aggregate_evaluate: received 5 results and 0 failures
[2024-12-31 23:20:16,532][flwr][INFO] - 
[2024-12-31 23:20:16,532][flwr][INFO] - [ROUND 7]
[2024-12-31 23:20:16,532][flwr][INFO] - configure_fit: strategy sampled 2 clients (out of 10)
[2024-12-31 23:20:22,484][flwr][INFO] - aggregate_fit: received 2 results and 0 failures
[2024-12-31 23:20:24,886][flwr][INFO] - fit progress: (7, 182.59950613975525, {'accuracy': 0.0982}, 67.96886959800031)
[2024-12-31 23:20:24,886][flwr][INFO] - configure_evaluate: strategy sampled 5 clients (out of 10)
[2024-12-31 23:20:25,567][flwr][INFO] - aggregate_evaluate: received 5 results and 0 failures
[2024-12-31 23:20:25,568][flwr][INFO] - 
[2024-12-31 23:20:25,568][flwr][INFO] - [ROUND 8]
[2024-12-31 23:20:25,568][flwr][INFO] - configure_fit: strategy sampled 2 clients (out of 10)
[2024-12-31 23:20:31,227][flwr][INFO] - aggregate_fit: received 2 results and 0 failures
[2024-12-31 23:20:33,664][flwr][INFO] - fit progress: (8, 182.74593257904053, {'accuracy': 0.0982}, 76.74649131500337)
[2024-12-31 23:20:33,664][flwr][INFO] - configure_evaluate: strategy sampled 5 clients (out of 10)
[2024-12-31 23:20:34,365][flwr][INFO] - aggregate_evaluate: received 5 results and 0 failures
[2024-12-31 23:20:34,366][flwr][INFO] - 
[2024-12-31 23:20:34,366][flwr][INFO] - [ROUND 9]
[2024-12-31 23:20:34,366][flwr][INFO] - configure_fit: strategy sampled 2 clients (out of 10)
[2024-12-31 23:20:39,993][flwr][INFO] - aggregate_fit: received 2 results and 0 failures
[2024-12-31 23:20:42,188][flwr][INFO] - fit progress: (9, 182.8098509311676, {'accuracy': 0.1032}, 85.27041972900042)
[2024-12-31 23:20:42,188][flwr][INFO] - configure_evaluate: strategy sampled 5 clients (out of 10)
[2024-12-31 23:20:42,943][flwr][INFO] - aggregate_evaluate: received 5 results and 0 failures
[2024-12-31 23:20:42,943][flwr][INFO] - 
[2024-12-31 23:20:42,943][flwr][INFO] - [ROUND 10]
[2024-12-31 23:20:42,943][flwr][INFO] - configure_fit: strategy sampled 2 clients (out of 10)
[2024-12-31 23:20:48,925][flwr][INFO] - aggregate_fit: received 2 results and 0 failures
[2024-12-31 23:20:51,246][flwr][INFO] - fit progress: (10, 183.64042806625366, {'accuracy': 0.098}, 94.3290226800018)
[2024-12-31 23:20:51,247][flwr][INFO] - configure_evaluate: strategy sampled 5 clients (out of 10)
[2024-12-31 23:20:51,986][flwr][INFO] - aggregate_evaluate: received 5 results and 0 failures
[2024-12-31 23:20:51,986][flwr][INFO] - 
[2024-12-31 23:20:51,987][flwr][INFO] - [SUMMARY]
[2024-12-31 23:20:51,987][flwr][INFO] - Run finished 10 round(s) in 95.07s
[2024-12-31 23:20:51,987][flwr][INFO] - 	History (loss, distributed):
[2024-12-31 23:20:51,987][flwr][INFO] - 		round 1: 44.26996293067932
[2024-12-31 23:20:51,987][flwr][INFO] - 		round 2: 43.85251626968384
[2024-12-31 23:20:51,987][flwr][INFO] - 		round 3: 43.89612517356873
[2024-12-31 23:20:51,988][flwr][INFO] - 		round 4: 43.972282028198244
[2024-12-31 23:20:51,988][flwr][INFO] - 		round 5: 44.20805945396423
[2024-12-31 23:20:51,988][flwr][INFO] - 		round 6: 43.92200145721436
[2024-12-31 23:20:51,988][flwr][INFO] - 		round 7: 43.92631883621216
[2024-12-31 23:20:51,988][flwr][INFO] - 		round 8: 44.03869600296021
[2024-12-31 23:20:51,988][flwr][INFO] - 		round 9: 43.97553977966309
[2024-12-31 23:20:51,988][flwr][INFO] - 		round 10: 44.151139402389525
[2024-12-31 23:20:51,988][flwr][INFO] - 	History (loss, centralized):
[2024-12-31 23:20:51,988][flwr][INFO] - 		round 0: 182.25650596618652
[2024-12-31 23:20:51,988][flwr][INFO] - 		round 1: 183.74209475517273
[2024-12-31 23:20:51,989][flwr][INFO] - 		round 2: 182.55908250808716
[2024-12-31 23:20:51,989][flwr][INFO] - 		round 3: 182.84317922592163
[2024-12-31 23:20:51,989][flwr][INFO] - 		round 4: 183.0733003616333
[2024-12-31 23:20:51,989][flwr][INFO] - 		round 5: 183.36864852905273
[2024-12-31 23:20:51,989][flwr][INFO] - 		round 6: 182.943772315979
[2024-12-31 23:20:51,989][flwr][INFO] - 		round 7: 182.59950613975525
[2024-12-31 23:20:51,989][flwr][INFO] - 		round 8: 182.74593257904053
[2024-12-31 23:20:51,989][flwr][INFO] - 		round 9: 182.8098509311676
[2024-12-31 23:20:51,989][flwr][INFO] - 		round 10: 183.64042806625366
[2024-12-31 23:20:51,990][flwr][INFO] - 	History (metrics, centralized):
[2024-12-31 23:20:51,990][flwr][INFO] - 	{'accuracy': [(0, 0.1135),
[2024-12-31 23:20:51,990][flwr][INFO] - 	              (1, 0.0958),
[2024-12-31 23:20:51,990][flwr][INFO] - 	              (2, 0.101),
[2024-12-31 23:20:51,990][flwr][INFO] - 	              (3, 0.101),
[2024-12-31 23:20:51,990][flwr][INFO] - 	              (4, 0.1135),
[2024-12-31 23:20:51,990][flwr][INFO] - 	              (5, 0.098),
[2024-12-31 23:20:51,990][flwr][INFO] - 	              (6, 0.098),
[2024-12-31 23:20:51,990][flwr][INFO] - 	              (7, 0.0982),
[2024-12-31 23:20:51,991][flwr][INFO] - 	              (8, 0.0982),
[2024-12-31 23:20:51,991][flwr][INFO] - 	              (9, 0.1032),
[2024-12-31 23:20:51,991][flwr][INFO] - 	              (10, 0.098)]}
[2024-12-31 23:20:51,991][flwr][INFO] - 
