[2025-01-07 14:38:04,469][flwr][INFO] - Starting Flower simulation, config: num_rounds=5, no round_timeout
[2025-01-07 14:38:07,911][flwr][INFO] - Flower VCE: Ray initialized with resources: {'node:__internal_head__': 1.0, 'object_store_memory': 3122354995.0, 'memory': 6244709991.0, 'CPU': 12.0, 'node:192.168.1.11': 1.0}
[2025-01-07 14:38:07,911][flwr][INFO] - Optimize your simulation with Flower VCE: https://flower.ai/docs/framework/how-to-run-simulations.html
[2025-01-07 14:38:07,911][flwr][INFO] - Flower VCE: Resources for each Virtual Client: {'num_cpus': 2, 'num_gpus': 0}
[2025-01-07 14:38:07,920][flwr][INFO] - Flower VCE: Creating VirtualClientEngineActorPool with 6 actors
[2025-01-07 14:38:07,921][flwr][INFO] - [INIT]
[2025-01-07 14:38:07,922][flwr][INFO] - Requesting initial parameters from one random client
[2025-01-07 14:38:10,722][flwr][INFO] - Received initial parameters from one random client
[2025-01-07 14:38:10,722][flwr][INFO] - Starting evaluation of initial global parameters
[2025-01-07 14:38:12,487][flwr][INFO] - initial parameters (loss, other metrics): 182.12715244293213, {'accuracy': 0.1199}
[2025-01-07 14:38:12,487][flwr][INFO] - 
[2025-01-07 14:38:12,487][flwr][INFO] - [ROUND 1]
[2025-01-07 14:38:12,488][flwr][INFO] - configure_fit: strategy sampled 2 clients (out of 20)
[2025-01-07 14:38:20,843][flwr][INFO] - aggregate_fit: received 2 results and 0 failures
[2025-01-07 14:38:20,847][flwr][WARNING] - No fit_metrics_aggregation_fn provided
[2025-01-07 14:38:22,898][flwr][INFO] - fit progress: (1, 8.71846661705058, {'accuracy': 0.9645}, 10.410943954000686)
[2025-01-07 14:38:22,899][flwr][INFO] - configure_evaluate: strategy sampled 5 clients (out of 20)
[2025-01-07 14:38:26,270][flwr][INFO] - aggregate_evaluate: received 5 results and 0 failures
[2025-01-07 14:38:26,270][flwr][WARNING] - No evaluate_metrics_aggregation_fn provided
[2025-01-07 14:38:26,271][flwr][INFO] - 
[2025-01-07 14:38:26,271][flwr][INFO] - [ROUND 2]
[2025-01-07 14:38:26,271][flwr][INFO] - configure_fit: strategy sampled 2 clients (out of 20)
[2025-01-07 14:38:32,668][flwr][INFO] - aggregate_fit: received 2 results and 0 failures
[2025-01-07 14:38:34,282][flwr][INFO] - fit progress: (2, 5.675489073830249, {'accuracy': 0.9796}, 21.7950160520013)
[2025-01-07 14:38:34,283][flwr][INFO] - configure_evaluate: strategy sampled 5 clients (out of 20)
[2025-01-07 14:38:34,906][flwr][INFO] - aggregate_evaluate: received 5 results and 0 failures
[2025-01-07 14:38:34,906][flwr][INFO] - 
[2025-01-07 14:38:34,906][flwr][INFO] - [ROUND 3]
[2025-01-07 14:38:34,907][flwr][INFO] - configure_fit: strategy sampled 2 clients (out of 20)
[2025-01-07 14:38:41,222][flwr][INFO] - aggregate_fit: received 2 results and 0 failures
[2025-01-07 14:38:42,554][flwr][INFO] - fit progress: (3, 5.436716598118437, {'accuracy': 0.9806}, 30.06681702700007)
[2025-01-07 14:38:42,554][flwr][INFO] - configure_evaluate: strategy sampled 5 clients (out of 20)
[2025-01-07 14:38:43,177][flwr][INFO] - aggregate_evaluate: received 5 results and 0 failures
[2025-01-07 14:38:43,177][flwr][INFO] - 
[2025-01-07 14:38:43,178][flwr][INFO] - [ROUND 4]
[2025-01-07 14:38:43,178][flwr][INFO] - configure_fit: strategy sampled 2 clients (out of 20)
[2025-01-07 14:38:49,517][flwr][INFO] - aggregate_fit: received 2 results and 0 failures
[2025-01-07 14:38:50,753][flwr][INFO] - fit progress: (4, 5.3672976052916965, {'accuracy': 0.9816}, 38.26600365700142)
[2025-01-07 14:38:50,754][flwr][INFO] - configure_evaluate: strategy sampled 5 clients (out of 20)
[2025-01-07 14:38:51,465][flwr][INFO] - aggregate_evaluate: received 5 results and 0 failures
[2025-01-07 14:38:51,465][flwr][INFO] - 
[2025-01-07 14:38:51,466][flwr][INFO] - [ROUND 5]
[2025-01-07 14:38:51,466][flwr][INFO] - configure_fit: strategy sampled 2 clients (out of 20)
[2025-01-07 14:38:57,866][flwr][INFO] - aggregate_fit: received 2 results and 0 failures
[2025-01-07 14:38:59,084][flwr][INFO] - fit progress: (5, 5.044867228594967, {'accuracy': 0.9843}, 46.596870599001704)
[2025-01-07 14:38:59,084][flwr][INFO] - configure_evaluate: strategy sampled 5 clients (out of 20)
[2025-01-07 14:38:59,725][flwr][INFO] - aggregate_evaluate: received 5 results and 0 failures
[2025-01-07 14:38:59,726][flwr][INFO] - 
[2025-01-07 14:38:59,726][flwr][INFO] - [SUMMARY]
[2025-01-07 14:38:59,726][flwr][INFO] - Run finished 5 round(s) in 47.24s
[2025-01-07 14:38:59,726][flwr][INFO] - 	History (loss, distributed):
[2025-01-07 14:38:59,726][flwr][INFO] - 		round 1: 2.0314867580775173
[2025-01-07 14:38:59,727][flwr][INFO] - 		round 2: 2.0335959210300643
[2025-01-07 14:38:59,727][flwr][INFO] - 		round 3: 1.6655975270057752
[2025-01-07 14:38:59,727][flwr][INFO] - 		round 4: 1.1048541904786362
[2025-01-07 14:38:59,727][flwr][INFO] - 		round 5: 1.6229019209888407
[2025-01-07 14:38:59,727][flwr][INFO] - 	History (loss, centralized):
[2025-01-07 14:38:59,727][flwr][INFO] - 		round 0: 182.12715244293213
[2025-01-07 14:38:59,727][flwr][INFO] - 		round 1: 8.71846661705058
[2025-01-07 14:38:59,727][flwr][INFO] - 		round 2: 5.675489073830249
[2025-01-07 14:38:59,728][flwr][INFO] - 		round 3: 5.436716598118437
[2025-01-07 14:38:59,728][flwr][INFO] - 		round 4: 5.3672976052916965
[2025-01-07 14:38:59,728][flwr][INFO] - 		round 5: 5.044867228594967
[2025-01-07 14:38:59,728][flwr][INFO] - 	History (metrics, centralized):
[2025-01-07 14:38:59,728][flwr][INFO] - 	{'accuracy': [(0, 0.1199),
[2025-01-07 14:38:59,728][flwr][INFO] - 	              (1, 0.9645),
[2025-01-07 14:38:59,728][flwr][INFO] - 	              (2, 0.9796),
[2025-01-07 14:38:59,728][flwr][INFO] - 	              (3, 0.9806),
[2025-01-07 14:38:59,729][flwr][INFO] - 	              (4, 0.9816),
[2025-01-07 14:38:59,729][flwr][INFO] - 	              (5, 0.9843)]}
[2025-01-07 14:38:59,729][flwr][INFO] - 
