[2025-01-07 16:45:24,826][flwr][INFO] - Starting Flower simulation, config: num_rounds=10, no round_timeout
[2025-01-07 16:45:28,300][flwr][INFO] - Flower VCE: Ray initialized with resources: {'object_store_memory': 3124843315.0, 'memory': 6249686631.0, 'node:__internal_head__': 1.0, 'CPU': 12.0, 'node:192.168.1.11': 1.0}
[2025-01-07 16:45:28,300][flwr][INFO] - Optimize your simulation with Flower VCE: https://flower.ai/docs/framework/how-to-run-simulations.html
[2025-01-07 16:45:28,301][flwr][INFO] - Flower VCE: Resources for each Virtual Client: {'num_cpus': 2, 'num_gpus': 0}
[2025-01-07 16:45:28,312][flwr][INFO] - Flower VCE: Creating VirtualClientEngineActorPool with 6 actors
[2025-01-07 16:45:28,312][flwr][INFO] - [INIT]
[2025-01-07 16:45:28,312][flwr][INFO] - Requesting initial parameters from one random client
[2025-01-07 16:45:30,982][flwr][INFO] - Received initial parameters from one random client
[2025-01-07 16:45:30,983][flwr][INFO] - Starting evaluation of initial global parameters
[2025-01-07 16:45:32,223][flwr][INFO] - initial parameters (loss, other metrics): 182.29121923446655, {'accuracy': 0.0962}
[2025-01-07 16:45:32,223][flwr][INFO] - 
[2025-01-07 16:45:32,223][flwr][INFO] - [ROUND 1]
[2025-01-07 16:45:32,224][flwr][INFO] - configure_fit: strategy sampled 2 clients (out of 5)
[2025-01-07 16:45:44,930][flwr][INFO] - aggregate_fit: received 2 results and 0 failures
[2025-01-07 16:45:44,935][flwr][WARNING] - No fit_metrics_aggregation_fn provided
[2025-01-07 16:45:46,110][flwr][INFO] - fit progress: (1, 187.98608946800232, {'accuracy': 0.0982}, 13.886834438999358)
[2025-01-07 16:45:46,111][flwr][INFO] - configure_evaluate: strategy sampled 5 clients (out of 5)
[2025-01-07 16:45:49,992][flwr][INFO] - aggregate_evaluate: received 5 results and 0 failures
[2025-01-07 16:45:49,993][flwr][WARNING] - No evaluate_metrics_aggregation_fn provided
[2025-01-07 16:45:49,993][flwr][INFO] - 
[2025-01-07 16:45:49,993][flwr][INFO] - [ROUND 2]
[2025-01-07 16:45:49,993][flwr][INFO] - configure_fit: strategy sampled 2 clients (out of 5)
[2025-01-07 16:45:59,527][flwr][INFO] - aggregate_fit: received 2 results and 0 failures
[2025-01-07 16:46:01,073][flwr][INFO] - fit progress: (2, 181.82770204544067, {'accuracy': 0.1028}, 28.849396232999425)
[2025-01-07 16:46:01,073][flwr][INFO] - configure_evaluate: strategy sampled 5 clients (out of 5)
[2025-01-07 16:46:02,139][flwr][INFO] - aggregate_evaluate: received 5 results and 0 failures
[2025-01-07 16:46:02,140][flwr][INFO] - 
[2025-01-07 16:46:02,140][flwr][INFO] - [ROUND 3]
[2025-01-07 16:46:02,140][flwr][INFO] - configure_fit: strategy sampled 2 clients (out of 5)
[2025-01-07 16:46:11,828][flwr][INFO] - aggregate_fit: received 2 results and 0 failures
[2025-01-07 16:46:13,132][flwr][INFO] - fit progress: (3, 181.9559440612793, {'accuracy': 0.0958}, 40.90857749399947)
[2025-01-07 16:46:13,132][flwr][INFO] - configure_evaluate: strategy sampled 5 clients (out of 5)
[2025-01-07 16:46:14,142][flwr][INFO] - aggregate_evaluate: received 5 results and 0 failures
[2025-01-07 16:46:14,143][flwr][INFO] - 
[2025-01-07 16:46:14,143][flwr][INFO] - [ROUND 4]
[2025-01-07 16:46:14,143][flwr][INFO] - configure_fit: strategy sampled 2 clients (out of 5)
[2025-01-07 16:46:23,915][flwr][INFO] - aggregate_fit: received 2 results and 0 failures
[2025-01-07 16:46:25,608][flwr][INFO] - fit progress: (4, 182.09570169448853, {'accuracy': 0.1028}, 53.384652805998485)
[2025-01-07 16:46:25,608][flwr][INFO] - configure_evaluate: strategy sampled 5 clients (out of 5)
[2025-01-07 16:46:26,569][flwr][INFO] - aggregate_evaluate: received 5 results and 0 failures
[2025-01-07 16:46:26,569][flwr][INFO] - 
[2025-01-07 16:46:26,569][flwr][INFO] - [ROUND 5]
[2025-01-07 16:46:26,569][flwr][INFO] - configure_fit: strategy sampled 2 clients (out of 5)
[2025-01-07 16:46:36,106][flwr][INFO] - aggregate_fit: received 2 results and 0 failures
[2025-01-07 16:46:38,137][flwr][INFO] - fit progress: (5, 182.20651745796204, {'accuracy': 0.1135}, 65.91327536499739)
[2025-01-07 16:46:38,137][flwr][INFO] - configure_evaluate: strategy sampled 5 clients (out of 5)
[2025-01-07 16:46:39,048][flwr][INFO] - aggregate_evaluate: received 5 results and 0 failures
[2025-01-07 16:46:39,048][flwr][INFO] - 
[2025-01-07 16:46:39,048][flwr][INFO] - [ROUND 6]
[2025-01-07 16:46:39,049][flwr][INFO] - configure_fit: strategy sampled 2 clients (out of 5)
[2025-01-07 16:46:48,507][flwr][INFO] - aggregate_fit: received 2 results and 0 failures
[2025-01-07 16:46:50,056][flwr][INFO] - fit progress: (6, 182.09748888015747, {'accuracy': 0.1135}, 77.832323153998)
[2025-01-07 16:46:50,056][flwr][INFO] - configure_evaluate: strategy sampled 5 clients (out of 5)
[2025-01-07 16:46:50,990][flwr][INFO] - aggregate_evaluate: received 5 results and 0 failures
[2025-01-07 16:46:50,990][flwr][INFO] - 
[2025-01-07 16:46:50,990][flwr][INFO] - [ROUND 7]
[2025-01-07 16:46:50,990][flwr][INFO] - configure_fit: strategy sampled 2 clients (out of 5)
[2025-01-07 16:47:00,620][flwr][INFO] - aggregate_fit: received 2 results and 0 failures
[2025-01-07 16:47:02,141][flwr][INFO] - fit progress: (7, 181.9864146709442, {'accuracy': 0.0958}, 89.91743617199973)
[2025-01-07 16:47:02,141][flwr][INFO] - configure_evaluate: strategy sampled 5 clients (out of 5)
[2025-01-07 16:47:03,065][flwr][INFO] - aggregate_evaluate: received 5 results and 0 failures
[2025-01-07 16:47:03,065][flwr][INFO] - 
[2025-01-07 16:47:03,065][flwr][INFO] - [ROUND 8]
[2025-01-07 16:47:03,066][flwr][INFO] - configure_fit: strategy sampled 2 clients (out of 5)
[2025-01-07 16:47:12,626][flwr][INFO] - aggregate_fit: received 2 results and 0 failures
[2025-01-07 16:47:14,662][flwr][INFO] - fit progress: (8, 182.06646370887756, {'accuracy': 0.1028}, 102.43904513699817)
[2025-01-07 16:47:14,663][flwr][INFO] - configure_evaluate: strategy sampled 5 clients (out of 5)
[2025-01-07 16:47:15,570][flwr][INFO] - aggregate_evaluate: received 5 results and 0 failures
[2025-01-07 16:47:15,571][flwr][INFO] - 
[2025-01-07 16:47:15,571][flwr][INFO] - [ROUND 9]
[2025-01-07 16:47:15,571][flwr][INFO] - configure_fit: strategy sampled 2 clients (out of 5)
[2025-01-07 16:47:24,985][flwr][INFO] - aggregate_fit: received 2 results and 0 failures
[2025-01-07 16:47:27,082][flwr][INFO] - fit progress: (9, 181.96856021881104, {'accuracy': 0.1135}, 114.8585661069992)
[2025-01-07 16:47:27,082][flwr][INFO] - configure_evaluate: strategy sampled 5 clients (out of 5)
[2025-01-07 16:47:28,025][flwr][INFO] - aggregate_evaluate: received 5 results and 0 failures
[2025-01-07 16:47:28,025][flwr][INFO] - 
[2025-01-07 16:47:28,025][flwr][INFO] - [ROUND 10]
[2025-01-07 16:47:28,025][flwr][INFO] - configure_fit: strategy sampled 2 clients (out of 5)
[2025-01-07 16:47:37,645][flwr][INFO] - aggregate_fit: received 2 results and 0 failures
[2025-01-07 16:47:39,237][flwr][INFO] - fit progress: (10, 181.85510659217834, {'accuracy': 0.1135}, 127.01406584299912)
[2025-01-07 16:47:39,238][flwr][INFO] - configure_evaluate: strategy sampled 5 clients (out of 5)
[2025-01-07 16:47:40,129][flwr][INFO] - aggregate_evaluate: received 5 results and 0 failures
[2025-01-07 16:47:40,129][flwr][INFO] - 
[2025-01-07 16:47:40,129][flwr][INFO] - [SUMMARY]
[2025-01-07 16:47:40,129][flwr][INFO] - Run finished 10 round(s) in 127.91s
[2025-01-07 16:47:40,130][flwr][INFO] - 	History (loss, distributed):
[2025-01-07 16:47:40,130][flwr][INFO] - 		round 1: 90.39901962280274
[2025-01-07 16:47:40,130][flwr][INFO] - 		round 2: 87.48405346870422
[2025-01-07 16:47:40,130][flwr][INFO] - 		round 3: 87.51452746391297
[2025-01-07 16:47:40,130][flwr][INFO] - 		round 4: 87.60434789657593
[2025-01-07 16:47:40,130][flwr][INFO] - 		round 5: 87.71327056884766
[2025-01-07 16:47:40,130][flwr][INFO] - 		round 6: 87.6070107460022
[2025-01-07 16:47:40,130][flwr][INFO] - 		round 7: 87.53936734199524
[2025-01-07 16:47:40,130][flwr][INFO] - 		round 8: 87.61331081390381
[2025-01-07 16:47:40,130][flwr][INFO] - 		round 9: 87.54800715446473
[2025-01-07 16:47:40,130][flwr][INFO] - 		round 10: 87.48289332389831
[2025-01-07 16:47:40,130][flwr][INFO] - 	History (loss, centralized):
[2025-01-07 16:47:40,130][flwr][INFO] - 		round 0: 182.29121923446655
[2025-01-07 16:47:40,131][flwr][INFO] - 		round 1: 187.98608946800232
[2025-01-07 16:47:40,131][flwr][INFO] - 		round 2: 181.82770204544067
[2025-01-07 16:47:40,131][flwr][INFO] - 		round 3: 181.9559440612793
[2025-01-07 16:47:40,131][flwr][INFO] - 		round 4: 182.09570169448853
[2025-01-07 16:47:40,131][flwr][INFO] - 		round 5: 182.20651745796204
[2025-01-07 16:47:40,131][flwr][INFO] - 		round 6: 182.09748888015747
[2025-01-07 16:47:40,131][flwr][INFO] - 		round 7: 181.9864146709442
[2025-01-07 16:47:40,131][flwr][INFO] - 		round 8: 182.06646370887756
[2025-01-07 16:47:40,131][flwr][INFO] - 		round 9: 181.96856021881104
[2025-01-07 16:47:40,131][flwr][INFO] - 		round 10: 181.85510659217834
[2025-01-07 16:47:40,131][flwr][INFO] - 	History (metrics, centralized):
[2025-01-07 16:47:40,131][flwr][INFO] - 	{'accuracy': [(0, 0.0962),
[2025-01-07 16:47:40,131][flwr][INFO] - 	              (1, 0.0982),
[2025-01-07 16:47:40,131][flwr][INFO] - 	              (2, 0.1028),
[2025-01-07 16:47:40,131][flwr][INFO] - 	              (3, 0.0958),
[2025-01-07 16:47:40,131][flwr][INFO] - 	              (4, 0.1028),
[2025-01-07 16:47:40,131][flwr][INFO] - 	              (5, 0.1135),
[2025-01-07 16:47:40,131][flwr][INFO] - 	              (6, 0.1135),
[2025-01-07 16:47:40,131][flwr][INFO] - 	              (7, 0.0958),
[2025-01-07 16:47:40,132][flwr][INFO] - 	              (8, 0.1028),
[2025-01-07 16:47:40,132][flwr][INFO] - 	              (9, 0.1135),
[2025-01-07 16:47:40,132][flwr][INFO] - 	              (10, 0.1135)]}
[2025-01-07 16:47:40,132][flwr][INFO] - 
