[2025-01-07 23:12:35,252][flwr][INFO] - Starting Flower simulation, config: num_rounds=15, no round_timeout
[2025-01-07 23:12:38,891][flwr][INFO] - Flower VCE: Ray initialized with resources: {'object_store_memory': 3108227481.0, 'memory': 6216454964.0, 'node:192.168.1.11': 1.0, 'CPU': 12.0, 'node:__internal_head__': 1.0}
[2025-01-07 23:12:38,891][flwr][INFO] - Optimize your simulation with Flower VCE: https://flower.ai/docs/framework/how-to-run-simulations.html
[2025-01-07 23:12:38,891][flwr][INFO] - Flower VCE: Resources for each Virtual Client: {'num_cpus': 2, 'num_gpus': 0}
[2025-01-07 23:12:38,900][flwr][INFO] - Flower VCE: Creating VirtualClientEngineActorPool with 6 actors
[2025-01-07 23:12:38,902][flwr][INFO] - [INIT]
[2025-01-07 23:12:38,902][flwr][INFO] - Requesting initial parameters from one random client
[2025-01-07 23:12:41,201][flwr][INFO] - Received initial parameters from one random client
[2025-01-07 23:12:41,201][flwr][INFO] - Starting evaluation of initial global parameters
[2025-01-07 23:12:42,347][flwr][INFO] - initial parameters (loss, other metrics): 181.63492035865784, {'accuracy': 0.1127}
[2025-01-07 23:12:42,347][flwr][INFO] - 
[2025-01-07 23:12:42,347][flwr][INFO] - [ROUND 1]
[2025-01-07 23:12:42,347][flwr][INFO] - configure_fit: strategy sampled 2 clients (out of 20)
[2025-01-07 23:12:50,569][flwr][INFO] - aggregate_fit: received 2 results and 0 failures
[2025-01-07 23:12:50,575][flwr][WARNING] - No fit_metrics_aggregation_fn provided
[2025-01-07 23:12:52,119][flwr][INFO] - fit progress: (1, 9.886195632629097, {'accuracy': 0.9634}, 9.772258871998929)
[2025-01-07 23:12:52,119][flwr][INFO] - configure_evaluate: strategy sampled 2 clients (out of 20)
[2025-01-07 23:12:52,431][flwr][INFO] - aggregate_evaluate: received 2 results and 0 failures
[2025-01-07 23:12:52,431][flwr][WARNING] - No evaluate_metrics_aggregation_fn provided
[2025-01-07 23:12:52,431][flwr][INFO] - 
[2025-01-07 23:12:52,431][flwr][INFO] - [ROUND 2]
[2025-01-07 23:12:52,431][flwr][INFO] - configure_fit: strategy sampled 2 clients (out of 20)
[2025-01-07 23:12:58,640][flwr][INFO] - aggregate_fit: received 2 results and 0 failures
[2025-01-07 23:13:00,055][flwr][INFO] - fit progress: (2, 7.033951462071855, {'accuracy': 0.975}, 17.708103824996215)
[2025-01-07 23:13:00,055][flwr][INFO] - configure_evaluate: strategy sampled 2 clients (out of 20)
[2025-01-07 23:13:00,402][flwr][INFO] - aggregate_evaluate: received 2 results and 0 failures
[2025-01-07 23:13:00,402][flwr][INFO] - 
[2025-01-07 23:13:00,403][flwr][INFO] - [ROUND 3]
[2025-01-07 23:13:00,403][flwr][INFO] - configure_fit: strategy sampled 2 clients (out of 20)
[2025-01-07 23:13:06,403][flwr][INFO] - aggregate_fit: received 2 results and 0 failures
[2025-01-07 23:13:07,795][flwr][INFO] - fit progress: (3, 6.1994585211105, {'accuracy': 0.9799}, 25.44783980200009)
[2025-01-07 23:13:07,795][flwr][INFO] - configure_evaluate: strategy sampled 2 clients (out of 20)
[2025-01-07 23:13:08,116][flwr][INFO] - aggregate_evaluate: received 2 results and 0 failures
[2025-01-07 23:13:08,116][flwr][INFO] - 
[2025-01-07 23:13:08,116][flwr][INFO] - [ROUND 4]
[2025-01-07 23:13:08,116][flwr][INFO] - configure_fit: strategy sampled 2 clients (out of 20)
[2025-01-07 23:13:14,164][flwr][INFO] - aggregate_fit: received 2 results and 0 failures
[2025-01-07 23:13:15,570][flwr][INFO] - fit progress: (4, 6.027488753890793, {'accuracy': 0.98}, 33.222984476997226)
[2025-01-07 23:13:15,570][flwr][INFO] - configure_evaluate: strategy sampled 2 clients (out of 20)
[2025-01-07 23:13:15,890][flwr][INFO] - aggregate_evaluate: received 2 results and 0 failures
[2025-01-07 23:13:15,890][flwr][INFO] - 
[2025-01-07 23:13:15,890][flwr][INFO] - [ROUND 5]
[2025-01-07 23:13:15,891][flwr][INFO] - configure_fit: strategy sampled 2 clients (out of 20)
[2025-01-07 23:13:22,026][flwr][INFO] - aggregate_fit: received 2 results and 0 failures
[2025-01-07 23:13:23,245][flwr][INFO] - fit progress: (5, 4.027804692579593, {'accuracy': 0.9865}, 40.89849531899381)
[2025-01-07 23:13:23,246][flwr][INFO] - configure_evaluate: strategy sampled 2 clients (out of 20)
[2025-01-07 23:13:23,584][flwr][INFO] - aggregate_evaluate: received 2 results and 0 failures
[2025-01-07 23:13:23,585][flwr][INFO] - 
[2025-01-07 23:13:23,585][flwr][INFO] - [ROUND 6]
[2025-01-07 23:13:23,585][flwr][INFO] - configure_fit: strategy sampled 2 clients (out of 20)
[2025-01-07 23:13:29,775][flwr][INFO] - aggregate_fit: received 2 results and 0 failures
[2025-01-07 23:13:31,576][flwr][INFO] - fit progress: (6, 5.348435600637458, {'accuracy': 0.983}, 49.22865475599974)
[2025-01-07 23:13:31,576][flwr][INFO] - configure_evaluate: strategy sampled 2 clients (out of 20)
[2025-01-07 23:13:31,896][flwr][INFO] - aggregate_evaluate: received 2 results and 0 failures
[2025-01-07 23:13:31,897][flwr][INFO] - 
[2025-01-07 23:13:31,897][flwr][INFO] - [ROUND 7]
[2025-01-07 23:13:31,897][flwr][INFO] - configure_fit: strategy sampled 2 clients (out of 20)
[2025-01-07 23:13:38,078][flwr][INFO] - aggregate_fit: received 2 results and 0 failures
[2025-01-07 23:13:39,561][flwr][INFO] - fit progress: (7, 4.0111127940022016, {'accuracy': 0.9864}, 57.21430082399456)
[2025-01-07 23:13:39,561][flwr][INFO] - configure_evaluate: strategy sampled 2 clients (out of 20)
[2025-01-07 23:13:39,908][flwr][INFO] - aggregate_evaluate: received 2 results and 0 failures
[2025-01-07 23:13:39,908][flwr][INFO] - 
[2025-01-07 23:13:39,908][flwr][INFO] - [ROUND 8]
[2025-01-07 23:13:39,908][flwr][INFO] - configure_fit: strategy sampled 2 clients (out of 20)
[2025-01-07 23:13:46,024][flwr][INFO] - aggregate_fit: received 2 results and 0 failures
[2025-01-07 23:13:47,415][flwr][INFO] - fit progress: (8, 4.384803522945731, {'accuracy': 0.9876}, 65.06822876399383)
[2025-01-07 23:13:47,415][flwr][INFO] - configure_evaluate: strategy sampled 2 clients (out of 20)
[2025-01-07 23:13:47,748][flwr][INFO] - aggregate_evaluate: received 2 results and 0 failures
[2025-01-07 23:13:47,748][flwr][INFO] - 
[2025-01-07 23:13:47,748][flwr][INFO] - [ROUND 9]
[2025-01-07 23:13:47,748][flwr][INFO] - configure_fit: strategy sampled 2 clients (out of 20)
[2025-01-07 23:13:53,958][flwr][INFO] - aggregate_fit: received 2 results and 0 failures
[2025-01-07 23:13:55,134][flwr][INFO] - fit progress: (9, 4.2537798649452725, {'accuracy': 0.9858}, 72.78693011799623)
[2025-01-07 23:13:55,134][flwr][INFO] - configure_evaluate: strategy sampled 2 clients (out of 20)
[2025-01-07 23:13:55,471][flwr][INFO] - aggregate_evaluate: received 2 results and 0 failures
[2025-01-07 23:13:55,471][flwr][INFO] - 
[2025-01-07 23:13:55,471][flwr][INFO] - [ROUND 10]
[2025-01-07 23:13:55,471][flwr][INFO] - configure_fit: strategy sampled 2 clients (out of 20)
[2025-01-07 23:14:01,610][flwr][INFO] - aggregate_fit: received 2 results and 0 failures
[2025-01-07 23:14:03,241][flwr][INFO] - fit progress: (10, 3.956888732512084, {'accuracy': 0.9894}, 80.89433188099792)
[2025-01-07 23:14:03,241][flwr][INFO] - configure_evaluate: strategy sampled 2 clients (out of 20)
[2025-01-07 23:14:03,555][flwr][INFO] - aggregate_evaluate: received 2 results and 0 failures
[2025-01-07 23:14:03,555][flwr][INFO] - 
[2025-01-07 23:14:03,555][flwr][INFO] - [ROUND 11]
[2025-01-07 23:14:03,555][flwr][INFO] - configure_fit: strategy sampled 2 clients (out of 20)
[2025-01-07 23:14:09,682][flwr][INFO] - aggregate_fit: received 2 results and 0 failures
[2025-01-07 23:14:11,409][flwr][INFO] - fit progress: (11, 3.594558703814755, {'accuracy': 0.9886}, 89.06259254399629)
[2025-01-07 23:14:11,410][flwr][INFO] - configure_evaluate: strategy sampled 2 clients (out of 20)
[2025-01-07 23:14:11,692][flwr][INFO] - aggregate_evaluate: received 2 results and 0 failures
[2025-01-07 23:14:11,692][flwr][INFO] - 
[2025-01-07 23:14:11,692][flwr][INFO] - [ROUND 12]
[2025-01-07 23:14:11,692][flwr][INFO] - configure_fit: strategy sampled 2 clients (out of 20)
[2025-01-07 23:14:17,685][flwr][INFO] - aggregate_fit: received 2 results and 0 failures
[2025-01-07 23:14:19,518][flwr][INFO] - fit progress: (12, 3.929325670660262, {'accuracy': 0.9881}, 97.17160000500007)
[2025-01-07 23:14:19,519][flwr][INFO] - configure_evaluate: strategy sampled 2 clients (out of 20)
[2025-01-07 23:14:19,809][flwr][INFO] - aggregate_evaluate: received 2 results and 0 failures
[2025-01-07 23:14:19,809][flwr][INFO] - 
[2025-01-07 23:14:19,810][flwr][INFO] - [ROUND 13]
[2025-01-07 23:14:19,810][flwr][INFO] - configure_fit: strategy sampled 2 clients (out of 20)
[2025-01-07 23:14:25,804][flwr][INFO] - aggregate_fit: received 2 results and 0 failures
[2025-01-07 23:14:27,257][flwr][INFO] - fit progress: (13, 3.9063970915345863, {'accuracy': 0.9882}, 104.9104430649968)
[2025-01-07 23:14:27,258][flwr][INFO] - configure_evaluate: strategy sampled 2 clients (out of 20)
[2025-01-07 23:14:27,576][flwr][INFO] - aggregate_evaluate: received 2 results and 0 failures
[2025-01-07 23:14:27,576][flwr][INFO] - 
[2025-01-07 23:14:27,577][flwr][INFO] - [ROUND 14]
[2025-01-07 23:14:27,577][flwr][INFO] - configure_fit: strategy sampled 2 clients (out of 20)
[2025-01-07 23:14:33,778][flwr][INFO] - aggregate_fit: received 2 results and 0 failures
[2025-01-07 23:14:35,102][flwr][INFO] - fit progress: (14, 4.4201152039600515, {'accuracy': 0.9873}, 112.75471985299373)
[2025-01-07 23:14:35,102][flwr][INFO] - configure_evaluate: strategy sampled 2 clients (out of 20)
[2025-01-07 23:14:35,438][flwr][INFO] - aggregate_evaluate: received 2 results and 0 failures
[2025-01-07 23:14:35,438][flwr][INFO] - 
[2025-01-07 23:14:35,438][flwr][INFO] - [ROUND 15]
[2025-01-07 23:14:35,438][flwr][INFO] - configure_fit: strategy sampled 2 clients (out of 20)
[2025-01-07 23:14:41,537][flwr][INFO] - aggregate_fit: received 2 results and 0 failures
[2025-01-07 23:14:42,915][flwr][INFO] - fit progress: (15, 4.267292127288698, {'accuracy': 0.9864}, 120.568045041)
[2025-01-07 23:14:42,915][flwr][INFO] - configure_evaluate: strategy sampled 2 clients (out of 20)
[2025-01-07 23:14:43,226][flwr][INFO] - aggregate_evaluate: received 2 results and 0 failures
[2025-01-07 23:14:43,226][flwr][INFO] - 
[2025-01-07 23:14:43,226][flwr][INFO] - [SUMMARY]
[2025-01-07 23:14:43,227][flwr][INFO] - Run finished 15 round(s) in 120.88s
[2025-01-07 23:14:43,227][flwr][INFO] - 	History (loss, distributed):
[2025-01-07 23:14:43,227][flwr][INFO] - 		round 1: 3.4965260901954025
[2025-01-07 23:14:43,227][flwr][INFO] - 		round 2: 3.0661124251855654
[2025-01-07 23:14:43,227][flwr][INFO] - 		round 3: 1.3757682381312861
[2025-01-07 23:14:43,227][flwr][INFO] - 		round 4: 1.8899968307700874
[2025-01-07 23:14:43,227][flwr][INFO] - 		round 5: 1.4555713566082886
[2025-01-07 23:14:43,227][flwr][INFO] - 		round 6: 1.8901497597935304
[2025-01-07 23:14:43,227][flwr][INFO] - 		round 7: 2.069189387299275
[2025-01-07 23:14:43,227][flwr][INFO] - 		round 8: 1.491742376878392
[2025-01-07 23:14:43,227][flwr][INFO] - 		round 9: 1.8469174502392889
[2025-01-07 23:14:43,227][flwr][INFO] - 		round 10: 1.5591267418245849
[2025-01-07 23:14:43,227][flwr][INFO] - 		round 11: 0.7357227026919873
[2025-01-07 23:14:43,227][flwr][INFO] - 		round 12: 1.8652217103646933
[2025-01-07 23:14:43,227][flwr][INFO] - 		round 13: 1.0112754378777975
[2025-01-07 23:14:43,227][flwr][INFO] - 		round 14: 1.7912283601849808
[2025-01-07 23:14:43,227][flwr][INFO] - 		round 15: 2.689230864330554
[2025-01-07 23:14:43,228][flwr][INFO] - 	History (loss, centralized):
[2025-01-07 23:14:43,228][flwr][INFO] - 		round 0: 181.63492035865784
[2025-01-07 23:14:43,228][flwr][INFO] - 		round 1: 9.886195632629097
[2025-01-07 23:14:43,228][flwr][INFO] - 		round 2: 7.033951462071855
[2025-01-07 23:14:43,228][flwr][INFO] - 		round 3: 6.1994585211105
[2025-01-07 23:14:43,228][flwr][INFO] - 		round 4: 6.027488753890793
[2025-01-07 23:14:43,228][flwr][INFO] - 		round 5: 4.027804692579593
[2025-01-07 23:14:43,228][flwr][INFO] - 		round 6: 5.348435600637458
[2025-01-07 23:14:43,228][flwr][INFO] - 		round 7: 4.0111127940022016
[2025-01-07 23:14:43,228][flwr][INFO] - 		round 8: 4.384803522945731
[2025-01-07 23:14:43,228][flwr][INFO] - 		round 9: 4.2537798649452725
[2025-01-07 23:14:43,228][flwr][INFO] - 		round 10: 3.956888732512084
[2025-01-07 23:14:43,228][flwr][INFO] - 		round 11: 3.594558703814755
[2025-01-07 23:14:43,228][flwr][INFO] - 		round 12: 3.929325670660262
[2025-01-07 23:14:43,228][flwr][INFO] - 		round 13: 3.9063970915345863
[2025-01-07 23:14:43,228][flwr][INFO] - 		round 14: 4.4201152039600515
[2025-01-07 23:14:43,228][flwr][INFO] - 		round 15: 4.267292127288698
[2025-01-07 23:14:43,228][flwr][INFO] - 	History (metrics, centralized):
[2025-01-07 23:14:43,228][flwr][INFO] - 	{'accuracy': [(0, 0.1127),
[2025-01-07 23:14:43,228][flwr][INFO] - 	              (1, 0.9634),
[2025-01-07 23:14:43,228][flwr][INFO] - 	              (2, 0.975),
[2025-01-07 23:14:43,228][flwr][INFO] - 	              (3, 0.9799),
[2025-01-07 23:14:43,228][flwr][INFO] - 	              (4, 0.98),
[2025-01-07 23:14:43,228][flwr][INFO] - 	              (5, 0.9865),
[2025-01-07 23:14:43,228][flwr][INFO] - 	              (6, 0.983),
[2025-01-07 23:14:43,228][flwr][INFO] - 	              (7, 0.9864),
[2025-01-07 23:14:43,228][flwr][INFO] - 	              (8, 0.9876),
[2025-01-07 23:14:43,228][flwr][INFO] - 	              (9, 0.9858),
[2025-01-07 23:14:43,229][flwr][INFO] - 	              (10, 0.9894),
[2025-01-07 23:14:43,229][flwr][INFO] - 	              (11, 0.9886),
[2025-01-07 23:14:43,229][flwr][INFO] - 	              (12, 0.9881),
[2025-01-07 23:14:43,229][flwr][INFO] - 	              (13, 0.9882),
[2025-01-07 23:14:43,229][flwr][INFO] - 	              (14, 0.9873),
[2025-01-07 23:14:43,229][flwr][INFO] - 	              (15, 0.9864)]}
[2025-01-07 23:14:43,229][flwr][INFO] - 
