[2025-01-07 13:02:28,698][flwr][INFO] - Starting Flower simulation, config: num_rounds=5, no round_timeout
[2025-01-07 13:02:33,388][flwr][INFO] - Flower VCE: Ray initialized with resources: {'node:__internal_head__': 1.0, 'object_store_memory': 2201341132.0, 'memory': 4402682267.0, 'node:192.168.1.11': 1.0, 'CPU': 12.0}
[2025-01-07 13:02:33,388][flwr][INFO] - Optimize your simulation with Flower VCE: https://flower.ai/docs/framework/how-to-run-simulations.html
[2025-01-07 13:02:33,389][flwr][INFO] - Flower VCE: Resources for each Virtual Client: {'num_cpus': 2, 'num_gpus': 0}
[2025-01-07 13:02:33,411][flwr][INFO] - Flower VCE: Creating VirtualClientEngineActorPool with 6 actors
[2025-01-07 13:02:33,412][flwr][INFO] - [INIT]
[2025-01-07 13:02:33,412][flwr][INFO] - Requesting initial parameters from one random client
[2025-01-07 13:02:39,416][flwr][INFO] - Received initial parameters from one random client
[2025-01-07 13:02:39,416][flwr][INFO] - Starting evaluation of initial global parameters
[2025-01-07 13:02:49,377][flwr][INFO] - initial parameters (loss, other metrics): 181.71856546401978, {'accuracy': 0.1032}
[2025-01-07 13:02:49,378][flwr][INFO] - 
[2025-01-07 13:02:49,379][flwr][INFO] - [ROUND 1]
[2025-01-07 13:02:49,380][flwr][INFO] - configure_fit: strategy sampled 2 clients (out of 5)
[2025-01-07 13:03:52,724][flwr][INFO] - aggregate_fit: received 2 results and 0 failures
[2025-01-07 13:03:52,731][flwr][WARNING] - No fit_metrics_aggregation_fn provided
[2025-01-07 13:03:54,796][flwr][INFO] - fit progress: (1, 182.54008197784424, {'accuracy': 0.1135}, 65.41787862400088)
[2025-01-07 13:03:54,796][flwr][INFO] - configure_evaluate: strategy sampled 3 clients (out of 5)
[2025-01-07 13:03:58,413][flwr][INFO] - aggregate_evaluate: received 3 results and 0 failures
[2025-01-07 13:03:58,414][flwr][WARNING] - No evaluate_metrics_aggregation_fn provided
[2025-01-07 13:03:58,414][flwr][INFO] - 
[2025-01-07 13:03:58,414][flwr][INFO] - [ROUND 2]
[2025-01-07 13:03:58,414][flwr][INFO] - configure_fit: strategy sampled 2 clients (out of 5)
[2025-01-07 13:04:29,806][flwr][INFO] - aggregate_fit: received 2 results and 0 failures
[2025-01-07 13:04:31,783][flwr][INFO] - fit progress: (2, 182.12319111824036, {'accuracy': 0.0958}, 102.40519581300032)
[2025-01-07 13:04:31,784][flwr][INFO] - configure_evaluate: strategy sampled 3 clients (out of 5)
[2025-01-07 13:04:32,842][flwr][INFO] - aggregate_evaluate: received 3 results and 0 failures
[2025-01-07 13:04:32,843][flwr][INFO] - 
[2025-01-07 13:04:32,843][flwr][INFO] - [ROUND 3]
[2025-01-07 13:04:32,843][flwr][INFO] - configure_fit: strategy sampled 2 clients (out of 5)
[2025-01-07 13:05:03,191][flwr][INFO] - aggregate_fit: received 2 results and 0 failures
[2025-01-07 13:05:05,491][flwr][INFO] - fit progress: (3, 182.13811326026917, {'accuracy': 0.0958}, 136.11289808500078)
[2025-01-07 13:05:05,491][flwr][INFO] - configure_evaluate: strategy sampled 3 clients (out of 5)
[2025-01-07 13:05:06,394][flwr][INFO] - aggregate_evaluate: received 3 results and 0 failures
[2025-01-07 13:05:06,394][flwr][INFO] - 
[2025-01-07 13:05:06,394][flwr][INFO] - [ROUND 4]
[2025-01-07 13:05:06,395][flwr][INFO] - configure_fit: strategy sampled 2 clients (out of 5)
[2025-01-07 13:05:37,980][flwr][INFO] - aggregate_fit: received 2 results and 0 failures
[2025-01-07 13:05:46,129][flwr][INFO] - fit progress: (4, 182.9273931980133, {'accuracy': 0.1135}, 176.7510083950001)
[2025-01-07 13:05:46,130][flwr][INFO] - configure_evaluate: strategy sampled 3 clients (out of 5)
[2025-01-07 13:05:47,657][flwr][INFO] - aggregate_evaluate: received 3 results and 0 failures
[2025-01-07 13:05:47,657][flwr][INFO] - 
[2025-01-07 13:05:47,657][flwr][INFO] - [ROUND 5]
[2025-01-07 13:05:47,658][flwr][INFO] - configure_fit: strategy sampled 2 clients (out of 5)
[2025-01-07 13:06:30,493][flwr][INFO] - aggregate_fit: received 2 results and 0 failures
[2025-01-07 13:06:32,792][flwr][INFO] - fit progress: (5, 182.15917682647705, {'accuracy': 0.1135}, 223.41409299599763)
[2025-01-07 13:06:32,792][flwr][INFO] - configure_evaluate: strategy sampled 3 clients (out of 5)
[2025-01-07 13:06:33,597][flwr][INFO] - aggregate_evaluate: received 3 results and 0 failures
[2025-01-07 13:06:33,598][flwr][INFO] - 
[2025-01-07 13:06:33,598][flwr][INFO] - [SUMMARY]
[2025-01-07 13:06:33,598][flwr][INFO] - Run finished 5 round(s) in 224.22s
[2025-01-07 13:06:33,598][flwr][INFO] - 	History (loss, distributed):
[2025-01-07 13:06:33,598][flwr][INFO] - 		round 1: 173.46297987302145
[2025-01-07 13:06:33,598][flwr][INFO] - 		round 2: 172.97910944620767
[2025-01-07 13:06:33,598][flwr][INFO] - 		round 3: 172.97616044680277
[2025-01-07 13:06:33,599][flwr][INFO] - 		round 4: 173.83755119641623
[2025-01-07 13:06:33,599][flwr][INFO] - 		round 5: 173.03063662846884
[2025-01-07 13:06:33,599][flwr][INFO] - 	History (loss, centralized):
[2025-01-07 13:06:33,599][flwr][INFO] - 		round 0: 181.71856546401978
[2025-01-07 13:06:33,599][flwr][INFO] - 		round 1: 182.54008197784424
[2025-01-07 13:06:33,599][flwr][INFO] - 		round 2: 182.12319111824036
[2025-01-07 13:06:33,599][flwr][INFO] - 		round 3: 182.13811326026917
[2025-01-07 13:06:33,599][flwr][INFO] - 		round 4: 182.9273931980133
[2025-01-07 13:06:33,599][flwr][INFO] - 		round 5: 182.15917682647705
[2025-01-07 13:06:33,599][flwr][INFO] - 	History (metrics, centralized):
[2025-01-07 13:06:33,599][flwr][INFO] - 	{'accuracy': [(0, 0.1032),
[2025-01-07 13:06:33,599][flwr][INFO] - 	              (1, 0.1135),
[2025-01-07 13:06:33,599][flwr][INFO] - 	              (2, 0.0958),
[2025-01-07 13:06:33,600][flwr][INFO] - 	              (3, 0.0958),
[2025-01-07 13:06:33,600][flwr][INFO] - 	              (4, 0.1135),
[2025-01-07 13:06:33,600][flwr][INFO] - 	              (5, 0.1135)]}
[2025-01-07 13:06:33,600][flwr][INFO] - 
