[2024-12-31 16:55:17,714][flwr][INFO] - Starting Flower simulation, config: num_rounds=10, no round_timeout
[2024-12-31 16:55:21,941][flwr][INFO] - Flower VCE: Ray initialized with resources: {'CPU': 12.0, 'node:192.168.1.11': 1.0, 'node:__internal_head__': 1.0, 'object_store_memory': 1659745075.0, 'memory': 3319490151.0}
[2024-12-31 16:55:21,941][flwr][INFO] - Optimize your simulation with Flower VCE: https://flower.ai/docs/framework/how-to-run-simulations.html
[2024-12-31 16:55:21,941][flwr][INFO] - Flower VCE: Resources for each Virtual Client: {'num_cpus': 2, 'num_gpus': 0}
[2024-12-31 16:55:21,963][flwr][INFO] - Flower VCE: Creating VirtualClientEngineActorPool with 6 actors
[2024-12-31 16:55:21,963][flwr][INFO] - [INIT]
[2024-12-31 16:55:21,964][flwr][INFO] - Using initial global parameters provided by strategy
[2024-12-31 16:55:21,964][flwr][INFO] - Starting evaluation of initial global parameters
[2024-12-31 16:55:26,162][flwr][INFO] - initial parameters (loss, other metrics): 182.146324634552, {'accuracy': 0.1054}
[2024-12-31 16:55:26,163][flwr][INFO] - 
[2024-12-31 16:55:26,163][flwr][INFO] - [ROUND 1]
[2024-12-31 16:55:26,163][flwr][INFO] - configure_fit: strategy sampled 2 clients (out of 10)
[2024-12-31 16:55:39,720][flwr][INFO] - aggregate_fit: received 2 results and 0 failures
[2024-12-31 16:55:39,725][flwr][WARNING] - No fit_metrics_aggregation_fn provided
[2024-12-31 16:55:41,824][flwr][INFO] - fit progress: (1, nan, {'accuracy': 0.098}, 15.661581427004421)
[2024-12-31 16:55:41,825][flwr][INFO] - configure_evaluate: strategy sampled 5 clients (out of 10)
[2024-12-31 16:55:46,642][flwr][INFO] - aggregate_evaluate: received 5 results and 0 failures
[2024-12-31 16:55:46,642][flwr][WARNING] - No evaluate_metrics_aggregation_fn provided
[2024-12-31 16:55:46,642][flwr][INFO] - 
[2024-12-31 16:55:46,642][flwr][INFO] - [ROUND 2]
[2024-12-31 16:55:46,643][flwr][INFO] - configure_fit: strategy sampled 2 clients (out of 10)
[2024-12-31 16:55:58,514][flwr][INFO] - aggregate_fit: received 2 results and 0 failures
[2024-12-31 16:56:01,057][flwr][INFO] - fit progress: (2, nan, {'accuracy': 0.098}, 34.894800065005256)
[2024-12-31 16:56:01,058][flwr][INFO] - configure_evaluate: strategy sampled 5 clients (out of 10)
[2024-12-31 16:56:02,078][flwr][INFO] - aggregate_evaluate: received 5 results and 0 failures
[2024-12-31 16:56:02,078][flwr][INFO] - 
[2024-12-31 16:56:02,078][flwr][INFO] - [ROUND 3]
[2024-12-31 16:56:02,079][flwr][INFO] - configure_fit: strategy sampled 2 clients (out of 10)
[2024-12-31 16:56:11,218][flwr][INFO] - aggregate_fit: received 2 results and 0 failures
[2024-12-31 16:56:13,303][flwr][INFO] - fit progress: (3, nan, {'accuracy': 0.098}, 47.140132824999455)
[2024-12-31 16:56:13,303][flwr][INFO] - configure_evaluate: strategy sampled 5 clients (out of 10)
[2024-12-31 16:56:14,331][flwr][INFO] - aggregate_evaluate: received 5 results and 0 failures
[2024-12-31 16:56:14,331][flwr][INFO] - 
[2024-12-31 16:56:14,331][flwr][INFO] - [ROUND 4]
[2024-12-31 16:56:14,332][flwr][INFO] - configure_fit: strategy sampled 2 clients (out of 10)
[2024-12-31 16:56:23,615][flwr][INFO] - aggregate_fit: received 2 results and 0 failures
[2024-12-31 16:56:25,743][flwr][INFO] - fit progress: (4, nan, {'accuracy': 0.098}, 59.58061593599996)
[2024-12-31 16:56:25,744][flwr][INFO] - configure_evaluate: strategy sampled 5 clients (out of 10)
[2024-12-31 16:56:26,738][flwr][INFO] - aggregate_evaluate: received 5 results and 0 failures
[2024-12-31 16:56:26,739][flwr][INFO] - 
[2024-12-31 16:56:26,739][flwr][INFO] - [ROUND 5]
[2024-12-31 16:56:26,739][flwr][INFO] - configure_fit: strategy sampled 2 clients (out of 10)
[2024-12-31 16:56:35,781][flwr][INFO] - aggregate_fit: received 2 results and 0 failures
[2024-12-31 16:56:39,011][flwr][INFO] - fit progress: (5, nan, {'accuracy': 0.098}, 72.84816170900012)
[2024-12-31 16:56:39,011][flwr][INFO] - configure_evaluate: strategy sampled 5 clients (out of 10)
[2024-12-31 16:56:40,027][flwr][INFO] - aggregate_evaluate: received 5 results and 0 failures
[2024-12-31 16:56:40,028][flwr][INFO] - 
[2024-12-31 16:56:40,028][flwr][INFO] - [ROUND 6]
[2024-12-31 16:56:40,028][flwr][INFO] - configure_fit: strategy sampled 2 clients (out of 10)
[2024-12-31 16:56:50,696][flwr][INFO] - aggregate_fit: received 2 results and 0 failures
[2024-12-31 16:56:53,206][flwr][INFO] - fit progress: (6, nan, {'accuracy': 0.098}, 87.04381509100494)
[2024-12-31 16:56:53,207][flwr][INFO] - configure_evaluate: strategy sampled 5 clients (out of 10)
[2024-12-31 16:56:54,159][flwr][INFO] - aggregate_evaluate: received 5 results and 0 failures
[2024-12-31 16:56:54,159][flwr][INFO] - 
[2024-12-31 16:56:54,160][flwr][INFO] - [ROUND 7]
[2024-12-31 16:56:54,160][flwr][INFO] - configure_fit: strategy sampled 2 clients (out of 10)
[2024-12-31 16:57:03,764][flwr][INFO] - aggregate_fit: received 2 results and 0 failures
[2024-12-31 16:57:07,287][flwr][INFO] - fit progress: (7, nan, {'accuracy': 0.098}, 101.12467275000381)
[2024-12-31 16:57:07,288][flwr][INFO] - configure_evaluate: strategy sampled 5 clients (out of 10)
[2024-12-31 16:57:08,964][flwr][INFO] - aggregate_evaluate: received 5 results and 0 failures
[2024-12-31 16:57:08,965][flwr][INFO] - 
[2024-12-31 16:57:08,965][flwr][INFO] - [ROUND 8]
[2024-12-31 16:57:08,965][flwr][INFO] - configure_fit: strategy sampled 2 clients (out of 10)
[2024-12-31 16:57:22,996][flwr][INFO] - aggregate_fit: received 2 results and 0 failures
[2024-12-31 16:57:26,876][flwr][INFO] - fit progress: (8, nan, {'accuracy': 0.098}, 120.7133959290004)
[2024-12-31 16:57:26,877][flwr][INFO] - configure_evaluate: strategy sampled 5 clients (out of 10)
[2024-12-31 16:57:28,183][flwr][INFO] - aggregate_evaluate: received 5 results and 0 failures
[2024-12-31 16:57:28,183][flwr][INFO] - 
[2024-12-31 16:57:28,184][flwr][INFO] - [ROUND 9]
[2024-12-31 16:57:28,184][flwr][INFO] - configure_fit: strategy sampled 2 clients (out of 10)
[2024-12-31 16:57:38,457][flwr][INFO] - aggregate_fit: received 2 results and 0 failures
[2024-12-31 16:57:41,634][flwr][INFO] - fit progress: (9, nan, {'accuracy': 0.098}, 135.47117461300513)
[2024-12-31 16:57:41,634][flwr][INFO] - configure_evaluate: strategy sampled 5 clients (out of 10)
[2024-12-31 16:57:42,656][flwr][INFO] - aggregate_evaluate: received 5 results and 0 failures
[2024-12-31 16:57:42,656][flwr][INFO] - 
[2024-12-31 16:57:42,656][flwr][INFO] - [ROUND 10]
[2024-12-31 16:57:42,657][flwr][INFO] - configure_fit: strategy sampled 2 clients (out of 10)
[2024-12-31 16:57:52,701][flwr][INFO] - aggregate_fit: received 2 results and 0 failures
[2024-12-31 16:57:55,157][flwr][INFO] - fit progress: (10, nan, {'accuracy': 0.098}, 148.99423171400122)
[2024-12-31 16:57:55,157][flwr][INFO] - configure_evaluate: strategy sampled 5 clients (out of 10)
[2024-12-31 16:57:56,076][flwr][INFO] - aggregate_evaluate: received 5 results and 0 failures
[2024-12-31 16:57:56,077][flwr][INFO] - 
[2024-12-31 16:57:56,077][flwr][INFO] - [SUMMARY]
[2024-12-31 16:57:56,077][flwr][INFO] - Run finished 10 round(s) in 149.91s
[2024-12-31 16:57:56,077][flwr][INFO] - 	History (loss, distributed):
[2024-12-31 16:57:56,077][flwr][INFO] - 		round 1: nan
[2024-12-31 16:57:56,077][flwr][INFO] - 		round 2: nan
[2024-12-31 16:57:56,077][flwr][INFO] - 		round 3: nan
[2024-12-31 16:57:56,078][flwr][INFO] - 		round 4: nan
[2024-12-31 16:57:56,078][flwr][INFO] - 		round 5: nan
[2024-12-31 16:57:56,078][flwr][INFO] - 		round 6: nan
[2024-12-31 16:57:56,078][flwr][INFO] - 		round 7: nan
[2024-12-31 16:57:56,078][flwr][INFO] - 		round 8: nan
[2024-12-31 16:57:56,078][flwr][INFO] - 		round 9: nan
[2024-12-31 16:57:56,078][flwr][INFO] - 		round 10: nan
[2024-12-31 16:57:56,078][flwr][INFO] - 	History (loss, centralized):
[2024-12-31 16:57:56,078][flwr][INFO] - 		round 0: 182.146324634552
[2024-12-31 16:57:56,078][flwr][INFO] - 		round 1: nan
[2024-12-31 16:57:56,078][flwr][INFO] - 		round 2: nan
[2024-12-31 16:57:56,078][flwr][INFO] - 		round 3: nan
[2024-12-31 16:57:56,078][flwr][INFO] - 		round 4: nan
[2024-12-31 16:57:56,078][flwr][INFO] - 		round 5: nan
[2024-12-31 16:57:56,079][flwr][INFO] - 		round 6: nan
[2024-12-31 16:57:56,079][flwr][INFO] - 		round 7: nan
[2024-12-31 16:57:56,079][flwr][INFO] - 		round 8: nan
[2024-12-31 16:57:56,079][flwr][INFO] - 		round 9: nan
[2024-12-31 16:57:56,079][flwr][INFO] - 		round 10: nan
[2024-12-31 16:57:56,079][flwr][INFO] - 	History (metrics, centralized):
[2024-12-31 16:57:56,079][flwr][INFO] - 	{'accuracy': [(0, 0.1054),
[2024-12-31 16:57:56,079][flwr][INFO] - 	              (1, 0.098),
[2024-12-31 16:57:56,079][flwr][INFO] - 	              (2, 0.098),
[2024-12-31 16:57:56,079][flwr][INFO] - 	              (3, 0.098),
[2024-12-31 16:57:56,079][flwr][INFO] - 	              (4, 0.098),
[2024-12-31 16:57:56,079][flwr][INFO] - 	              (5, 0.098),
[2024-12-31 16:57:56,079][flwr][INFO] - 	              (6, 0.098),
[2024-12-31 16:57:56,079][flwr][INFO] - 	              (7, 0.098),
[2024-12-31 16:57:56,079][flwr][INFO] - 	              (8, 0.098),
[2024-12-31 16:57:56,079][flwr][INFO] - 	              (9, 0.098),
[2024-12-31 16:57:56,080][flwr][INFO] - 	              (10, 0.098)]}
[2024-12-31 16:57:56,080][flwr][INFO] - 
