[2025-01-07 22:44:18,408][flwr][INFO] - Starting Flower simulation, config: num_rounds=15, no round_timeout
[2025-01-07 22:44:21,966][flwr][INFO] - Flower VCE: Ray initialized with resources: {'node:192.168.1.11': 1.0, 'CPU': 12.0, 'node:__internal_head__': 1.0, 'memory': 6236049408.0, 'object_store_memory': 3118024704.0}
[2025-01-07 22:44:21,966][flwr][INFO] - Optimize your simulation with Flower VCE: https://flower.ai/docs/framework/how-to-run-simulations.html
[2025-01-07 22:44:21,966][flwr][INFO] - Flower VCE: Resources for each Virtual Client: {'num_cpus': 2, 'num_gpus': 0}
[2025-01-07 22:44:21,974][flwr][INFO] - Flower VCE: Creating VirtualClientEngineActorPool with 6 actors
[2025-01-07 22:44:21,975][flwr][INFO] - [INIT]
[2025-01-07 22:44:21,975][flwr][INFO] - Requesting initial parameters from one random client
[2025-01-07 22:44:24,374][flwr][INFO] - Received initial parameters from one random client
[2025-01-07 22:44:24,374][flwr][INFO] - Starting evaluation of initial global parameters
[2025-01-07 22:44:25,811][flwr][INFO] - initial parameters (loss, other metrics): 181.97466325759888, {'accuracy': 0.1129}
[2025-01-07 22:44:25,811][flwr][INFO] - 
[2025-01-07 22:44:25,811][flwr][INFO] - [ROUND 1]
[2025-01-07 22:44:25,811][flwr][INFO] - configure_fit: strategy sampled 2 clients (out of 10)
[2025-01-07 22:44:36,464][flwr][INFO] - aggregate_fit: received 2 results and 0 failures
[2025-01-07 22:44:36,467][flwr][WARNING] - No fit_metrics_aggregation_fn provided
[2025-01-07 22:44:37,972][flwr][INFO] - fit progress: (1, 6.934044735506177, {'accuracy': 0.9709}, 12.160649309997098)
[2025-01-07 22:44:37,972][flwr][INFO] - configure_evaluate: strategy sampled 3 clients (out of 10)
[2025-01-07 22:44:40,095][flwr][INFO] - aggregate_evaluate: received 3 results and 0 failures
[2025-01-07 22:44:40,095][flwr][WARNING] - No evaluate_metrics_aggregation_fn provided
[2025-01-07 22:44:40,095][flwr][INFO] - 
[2025-01-07 22:44:40,095][flwr][INFO] - [ROUND 2]
[2025-01-07 22:44:40,095][flwr][INFO] - configure_fit: strategy sampled 2 clients (out of 10)
[2025-01-07 22:44:48,199][flwr][INFO] - aggregate_fit: received 2 results and 0 failures
[2025-01-07 22:44:49,543][flwr][INFO] - fit progress: (2, 5.904235187923405, {'accuracy': 0.9787}, 23.731721910997294)
[2025-01-07 22:44:49,543][flwr][INFO] - configure_evaluate: strategy sampled 3 clients (out of 10)
[2025-01-07 22:44:50,032][flwr][INFO] - aggregate_evaluate: received 3 results and 0 failures
[2025-01-07 22:44:50,033][flwr][INFO] - 
[2025-01-07 22:44:50,033][flwr][INFO] - [ROUND 3]
[2025-01-07 22:44:50,033][flwr][INFO] - configure_fit: strategy sampled 2 clients (out of 10)
[2025-01-07 22:44:58,365][flwr][INFO] - aggregate_fit: received 2 results and 0 failures
[2025-01-07 22:44:59,571][flwr][INFO] - fit progress: (3, 4.64440602250329, {'accuracy': 0.983}, 33.76029376999941)
[2025-01-07 22:44:59,572][flwr][INFO] - configure_evaluate: strategy sampled 3 clients (out of 10)
[2025-01-07 22:45:00,062][flwr][INFO] - aggregate_evaluate: received 3 results and 0 failures
[2025-01-07 22:45:00,062][flwr][INFO] - 
[2025-01-07 22:45:00,063][flwr][INFO] - [ROUND 4]
[2025-01-07 22:45:00,063][flwr][INFO] - configure_fit: strategy sampled 2 clients (out of 10)
[2025-01-07 22:45:08,406][flwr][INFO] - aggregate_fit: received 2 results and 0 failures
[2025-01-07 22:45:09,598][flwr][INFO] - fit progress: (4, 4.003961195010561, {'accuracy': 0.9843}, 43.787225945998216)
[2025-01-07 22:45:09,598][flwr][INFO] - configure_evaluate: strategy sampled 3 clients (out of 10)
[2025-01-07 22:45:10,143][flwr][INFO] - aggregate_evaluate: received 3 results and 0 failures
[2025-01-07 22:45:10,143][flwr][INFO] - 
[2025-01-07 22:45:10,143][flwr][INFO] - [ROUND 5]
[2025-01-07 22:45:10,144][flwr][INFO] - configure_fit: strategy sampled 2 clients (out of 10)
[2025-01-07 22:45:18,278][flwr][INFO] - aggregate_fit: received 2 results and 0 failures
[2025-01-07 22:45:19,586][flwr][INFO] - fit progress: (5, 3.5852501504405154, {'accuracy': 0.9873}, 53.77460441799485)
[2025-01-07 22:45:19,586][flwr][INFO] - configure_evaluate: strategy sampled 3 clients (out of 10)
[2025-01-07 22:45:20,075][flwr][INFO] - aggregate_evaluate: received 3 results and 0 failures
[2025-01-07 22:45:20,075][flwr][INFO] - 
[2025-01-07 22:45:20,075][flwr][INFO] - [ROUND 6]
[2025-01-07 22:45:20,075][flwr][INFO] - configure_fit: strategy sampled 2 clients (out of 10)
[2025-01-07 22:45:28,192][flwr][INFO] - aggregate_fit: received 2 results and 0 failures
[2025-01-07 22:45:29,973][flwr][INFO] - fit progress: (6, 3.7410457705045985, {'accuracy': 0.9876}, 64.16246162600146)
[2025-01-07 22:45:29,974][flwr][INFO] - configure_evaluate: strategy sampled 3 clients (out of 10)
[2025-01-07 22:45:30,425][flwr][INFO] - aggregate_evaluate: received 3 results and 0 failures
[2025-01-07 22:45:30,426][flwr][INFO] - 
[2025-01-07 22:45:30,426][flwr][INFO] - [ROUND 7]
[2025-01-07 22:45:30,426][flwr][INFO] - configure_fit: strategy sampled 2 clients (out of 10)
[2025-01-07 22:45:38,785][flwr][INFO] - aggregate_fit: received 2 results and 0 failures
[2025-01-07 22:45:40,213][flwr][INFO] - fit progress: (7, 3.7700073933041267, {'accuracy': 0.9871}, 74.40214044399909)
[2025-01-07 22:45:40,213][flwr][INFO] - configure_evaluate: strategy sampled 3 clients (out of 10)
[2025-01-07 22:45:40,685][flwr][INFO] - aggregate_evaluate: received 3 results and 0 failures
[2025-01-07 22:45:40,685][flwr][INFO] - 
[2025-01-07 22:45:40,685][flwr][INFO] - [ROUND 8]
[2025-01-07 22:45:40,685][flwr][INFO] - configure_fit: strategy sampled 2 clients (out of 10)
[2025-01-07 22:45:49,448][flwr][INFO] - aggregate_fit: received 2 results and 0 failures
[2025-01-07 22:45:51,134][flwr][INFO] - fit progress: (8, 3.7888153011176087, {'accuracy': 0.9873}, 85.32274571499875)
[2025-01-07 22:45:51,134][flwr][INFO] - configure_evaluate: strategy sampled 3 clients (out of 10)
[2025-01-07 22:45:51,591][flwr][INFO] - aggregate_evaluate: received 3 results and 0 failures
[2025-01-07 22:45:51,591][flwr][INFO] - 
[2025-01-07 22:45:51,591][flwr][INFO] - [ROUND 9]
[2025-01-07 22:45:51,591][flwr][INFO] - configure_fit: strategy sampled 2 clients (out of 10)
[2025-01-07 22:45:59,967][flwr][INFO] - aggregate_fit: received 2 results and 0 failures
[2025-01-07 22:46:01,564][flwr][INFO] - fit progress: (9, 3.4819950155179242, {'accuracy': 0.9886}, 95.75322656899516)
[2025-01-07 22:46:01,564][flwr][INFO] - configure_evaluate: strategy sampled 3 clients (out of 10)
[2025-01-07 22:46:02,050][flwr][INFO] - aggregate_evaluate: received 3 results and 0 failures
[2025-01-07 22:46:02,050][flwr][INFO] - 
[2025-01-07 22:46:02,050][flwr][INFO] - [ROUND 10]
[2025-01-07 22:46:02,050][flwr][INFO] - configure_fit: strategy sampled 2 clients (out of 10)
[2025-01-07 22:46:10,522][flwr][INFO] - aggregate_fit: received 2 results and 0 failures
[2025-01-07 22:46:12,277][flwr][INFO] - fit progress: (10, 3.3934847597106454, {'accuracy': 0.9885}, 106.46579366099468)
[2025-01-07 22:46:12,277][flwr][INFO] - configure_evaluate: strategy sampled 3 clients (out of 10)
[2025-01-07 22:46:12,719][flwr][INFO] - aggregate_evaluate: received 3 results and 0 failures
[2025-01-07 22:46:12,719][flwr][INFO] - 
[2025-01-07 22:46:12,719][flwr][INFO] - [ROUND 11]
[2025-01-07 22:46:12,719][flwr][INFO] - configure_fit: strategy sampled 2 clients (out of 10)
[2025-01-07 22:46:20,964][flwr][INFO] - aggregate_fit: received 2 results and 0 failures
[2025-01-07 22:46:22,235][flwr][INFO] - fit progress: (11, 3.3743851377636815, {'accuracy': 0.9892}, 116.42365526600042)
[2025-01-07 22:46:22,235][flwr][INFO] - configure_evaluate: strategy sampled 3 clients (out of 10)
[2025-01-07 22:46:22,737][flwr][INFO] - aggregate_evaluate: received 3 results and 0 failures
[2025-01-07 22:46:22,737][flwr][INFO] - 
[2025-01-07 22:46:22,737][flwr][INFO] - [ROUND 12]
[2025-01-07 22:46:22,738][flwr][INFO] - configure_fit: strategy sampled 2 clients (out of 10)
[2025-01-07 22:46:30,940][flwr][INFO] - aggregate_fit: received 2 results and 0 failures
[2025-01-07 22:46:32,332][flwr][INFO] - fit progress: (12, 3.3502822862601533, {'accuracy': 0.9901}, 126.5214235759995)
[2025-01-07 22:46:32,333][flwr][INFO] - configure_evaluate: strategy sampled 3 clients (out of 10)
[2025-01-07 22:46:32,830][flwr][INFO] - aggregate_evaluate: received 3 results and 0 failures
[2025-01-07 22:46:32,830][flwr][INFO] - 
[2025-01-07 22:46:32,830][flwr][INFO] - [ROUND 13]
[2025-01-07 22:46:32,830][flwr][INFO] - configure_fit: strategy sampled 2 clients (out of 10)
[2025-01-07 22:46:41,076][flwr][INFO] - aggregate_fit: received 2 results and 0 failures
[2025-01-07 22:46:42,667][flwr][INFO] - fit progress: (13, 3.1405907537736653, {'accuracy': 0.9891}, 136.855923461997)
[2025-01-07 22:46:42,667][flwr][INFO] - configure_evaluate: strategy sampled 3 clients (out of 10)
[2025-01-07 22:46:43,114][flwr][INFO] - aggregate_evaluate: received 3 results and 0 failures
[2025-01-07 22:46:43,115][flwr][INFO] - 
[2025-01-07 22:46:43,115][flwr][INFO] - [ROUND 14]
[2025-01-07 22:46:43,115][flwr][INFO] - configure_fit: strategy sampled 2 clients (out of 10)
[2025-01-07 22:46:51,261][flwr][INFO] - aggregate_fit: received 2 results and 0 failures
[2025-01-07 22:46:52,541][flwr][INFO] - fit progress: (14, 3.589007845648837, {'accuracy': 0.9901}, 146.73046479599725)
[2025-01-07 22:46:52,542][flwr][INFO] - configure_evaluate: strategy sampled 3 clients (out of 10)
[2025-01-07 22:46:53,060][flwr][INFO] - aggregate_evaluate: received 3 results and 0 failures
[2025-01-07 22:46:53,060][flwr][INFO] - 
[2025-01-07 22:46:53,060][flwr][INFO] - [ROUND 15]
[2025-01-07 22:46:53,060][flwr][INFO] - configure_fit: strategy sampled 2 clients (out of 10)
[2025-01-07 22:47:01,305][flwr][INFO] - aggregate_fit: received 2 results and 0 failures
[2025-01-07 22:47:02,578][flwr][INFO] - fit progress: (15, 3.1729363723066797, {'accuracy': 0.9896}, 156.76698921999923)
[2025-01-07 22:47:02,578][flwr][INFO] - configure_evaluate: strategy sampled 3 clients (out of 10)
[2025-01-07 22:47:03,078][flwr][INFO] - aggregate_evaluate: received 3 results and 0 failures
[2025-01-07 22:47:03,078][flwr][INFO] - 
[2025-01-07 22:47:03,078][flwr][INFO] - [SUMMARY]
[2025-01-07 22:47:03,079][flwr][INFO] - Run finished 15 round(s) in 157.27s
[2025-01-07 22:47:03,079][flwr][INFO] - 	History (loss, distributed):
[2025-01-07 22:47:03,079][flwr][INFO] - 		round 1: 1.6892717153920482
[2025-01-07 22:47:03,079][flwr][INFO] - 		round 2: 1.7979513728156842
[2025-01-07 22:47:03,079][flwr][INFO] - 		round 3: 1.2910975509124303
[2025-01-07 22:47:03,079][flwr][INFO] - 		round 4: 0.9809152463664456
[2025-01-07 22:47:03,080][flwr][INFO] - 		round 5: 0.9717808960079614
[2025-01-07 22:47:03,080][flwr][INFO] - 		round 6: 1.1534889751310402
[2025-01-07 22:47:03,080][flwr][INFO] - 		round 7: 1.2441444309570215
[2025-01-07 22:47:03,080][flwr][INFO] - 		round 8: 1.2374887191299422
[2025-01-07 22:47:03,080][flwr][INFO] - 		round 9: 1.0338754688382323
[2025-01-07 22:47:03,080][flwr][INFO] - 		round 10: 0.865581896465263
[2025-01-07 22:47:03,080][flwr][INFO] - 		round 11: 1.068580965598206
[2025-01-07 22:47:03,080][flwr][INFO] - 		round 12: 1.0938740649502658
[2025-01-07 22:47:03,080][flwr][INFO] - 		round 13: 0.8727637452567857
[2025-01-07 22:47:03,080][flwr][INFO] - 		round 14: 0.9128850025595909
[2025-01-07 22:47:03,080][flwr][INFO] - 		round 15: 1.004396532677826
[2025-01-07 22:47:03,080][flwr][INFO] - 	History (loss, centralized):
[2025-01-07 22:47:03,080][flwr][INFO] - 		round 0: 181.97466325759888
[2025-01-07 22:47:03,080][flwr][INFO] - 		round 1: 6.934044735506177
[2025-01-07 22:47:03,080][flwr][INFO] - 		round 2: 5.904235187923405
[2025-01-07 22:47:03,080][flwr][INFO] - 		round 3: 4.64440602250329
[2025-01-07 22:47:03,080][flwr][INFO] - 		round 4: 4.003961195010561
[2025-01-07 22:47:03,080][flwr][INFO] - 		round 5: 3.5852501504405154
[2025-01-07 22:47:03,080][flwr][INFO] - 		round 6: 3.7410457705045985
[2025-01-07 22:47:03,080][flwr][INFO] - 		round 7: 3.7700073933041267
[2025-01-07 22:47:03,080][flwr][INFO] - 		round 8: 3.7888153011176087
[2025-01-07 22:47:03,080][flwr][INFO] - 		round 9: 3.4819950155179242
[2025-01-07 22:47:03,081][flwr][INFO] - 		round 10: 3.3934847597106454
[2025-01-07 22:47:03,081][flwr][INFO] - 		round 11: 3.3743851377636815
[2025-01-07 22:47:03,081][flwr][INFO] - 		round 12: 3.3502822862601533
[2025-01-07 22:47:03,081][flwr][INFO] - 		round 13: 3.1405907537736653
[2025-01-07 22:47:03,081][flwr][INFO] - 		round 14: 3.589007845648837
[2025-01-07 22:47:03,081][flwr][INFO] - 		round 15: 3.1729363723066797
[2025-01-07 22:47:03,081][flwr][INFO] - 	History (metrics, centralized):
[2025-01-07 22:47:03,081][flwr][INFO] - 	{'accuracy': [(0, 0.1129),
[2025-01-07 22:47:03,081][flwr][INFO] - 	              (1, 0.9709),
[2025-01-07 22:47:03,081][flwr][INFO] - 	              (2, 0.9787),
[2025-01-07 22:47:03,081][flwr][INFO] - 	              (3, 0.983),
[2025-01-07 22:47:03,081][flwr][INFO] - 	              (4, 0.9843),
[2025-01-07 22:47:03,081][flwr][INFO] - 	              (5, 0.9873),
[2025-01-07 22:47:03,081][flwr][INFO] - 	              (6, 0.9876),
[2025-01-07 22:47:03,081][flwr][INFO] - 	              (7, 0.9871),
[2025-01-07 22:47:03,081][flwr][INFO] - 	              (8, 0.9873),
[2025-01-07 22:47:03,081][flwr][INFO] - 	              (9, 0.9886),
[2025-01-07 22:47:03,081][flwr][INFO] - 	              (10, 0.9885),
[2025-01-07 22:47:03,081][flwr][INFO] - 	              (11, 0.9892),
[2025-01-07 22:47:03,081][flwr][INFO] - 	              (12, 0.9901),
[2025-01-07 22:47:03,081][flwr][INFO] - 	              (13, 0.9891),
[2025-01-07 22:47:03,081][flwr][INFO] - 	              (14, 0.9901),
[2025-01-07 22:47:03,081][flwr][INFO] - 	              (15, 0.9896)]}
[2025-01-07 22:47:03,081][flwr][INFO] - 
