[2024-12-31 16:52:39,772][flwr][INFO] - Starting Flower simulation, config: num_rounds=10, no round_timeout
[2024-12-31 16:52:43,855][flwr][INFO] - Flower VCE: Ray initialized with resources: {'node:__internal_head__': 1.0, 'node:192.168.1.11': 1.0, 'CPU': 12.0, 'memory': 3000722228.0, 'object_store_memory': 1500361113.0}
[2024-12-31 16:52:43,855][flwr][INFO] - Optimize your simulation with Flower VCE: https://flower.ai/docs/framework/how-to-run-simulations.html
[2024-12-31 16:52:43,855][flwr][INFO] - Flower VCE: Resources for each Virtual Client: {'num_cpus': 2, 'num_gpus': 0}
[2024-12-31 16:52:43,872][flwr][INFO] - Flower VCE: Creating VirtualClientEngineActorPool with 6 actors
[2024-12-31 16:52:43,872][flwr][INFO] - [INIT]
[2024-12-31 16:52:43,873][flwr][INFO] - Using initial global parameters provided by strategy
[2024-12-31 16:52:43,873][flwr][INFO] - Starting evaluation of initial global parameters
[2024-12-31 16:52:47,918][flwr][INFO] - initial parameters (loss, other metrics): 182.25509881973267, {'accuracy': 0.0881}
[2024-12-31 16:52:47,919][flwr][INFO] - 
[2024-12-31 16:52:47,919][flwr][INFO] - [ROUND 1]
[2024-12-31 16:52:47,919][flwr][INFO] - configure_fit: strategy sampled 2 clients (out of 10)
[2024-12-31 16:53:00,847][flwr][INFO] - aggregate_fit: received 2 results and 0 failures
[2024-12-31 16:53:00,855][flwr][WARNING] - No fit_metrics_aggregation_fn provided
[2024-12-31 16:53:03,418][flwr][INFO] - fit progress: (1, 186.07849264144897, {'accuracy': 0.098}, 15.499572319997242)
[2024-12-31 16:53:03,419][flwr][INFO] - configure_evaluate: strategy sampled 5 clients (out of 10)
[2024-12-31 16:53:07,952][flwr][INFO] - aggregate_evaluate: received 5 results and 0 failures
[2024-12-31 16:53:07,952][flwr][WARNING] - No evaluate_metrics_aggregation_fn provided
[2024-12-31 16:53:07,952][flwr][INFO] - 
[2024-12-31 16:53:07,952][flwr][INFO] - [ROUND 2]
[2024-12-31 16:53:07,953][flwr][INFO] - configure_fit: strategy sampled 2 clients (out of 10)
[2024-12-31 16:53:17,927][flwr][INFO] - aggregate_fit: received 2 results and 0 failures
[2024-12-31 16:53:20,115][flwr][INFO] - fit progress: (2, 182.84312629699707, {'accuracy': 0.1032}, 32.19573205699999)
[2024-12-31 16:53:20,115][flwr][INFO] - configure_evaluate: strategy sampled 5 clients (out of 10)
[2024-12-31 16:53:21,135][flwr][INFO] - aggregate_evaluate: received 5 results and 0 failures
[2024-12-31 16:53:21,135][flwr][INFO] - 
[2024-12-31 16:53:21,136][flwr][INFO] - [ROUND 3]
[2024-12-31 16:53:21,136][flwr][INFO] - configure_fit: strategy sampled 2 clients (out of 10)
[2024-12-31 16:53:31,268][flwr][INFO] - aggregate_fit: received 2 results and 0 failures
[2024-12-31 16:53:33,755][flwr][INFO] - fit progress: (3, 186.84709882736206, {'accuracy': 0.1009}, 45.836656409999705)
[2024-12-31 16:53:33,756][flwr][INFO] - configure_evaluate: strategy sampled 5 clients (out of 10)
[2024-12-31 16:53:34,730][flwr][INFO] - aggregate_evaluate: received 5 results and 0 failures
[2024-12-31 16:53:34,731][flwr][INFO] - 
[2024-12-31 16:53:34,731][flwr][INFO] - [ROUND 4]
[2024-12-31 16:53:34,731][flwr][INFO] - configure_fit: strategy sampled 2 clients (out of 10)
[2024-12-31 16:53:44,425][flwr][INFO] - aggregate_fit: received 2 results and 0 failures
[2024-12-31 16:53:47,240][flwr][INFO] - fit progress: (4, 187.44296956062317, {'accuracy': 0.098}, 59.32099861399911)
[2024-12-31 16:53:47,240][flwr][INFO] - configure_evaluate: strategy sampled 5 clients (out of 10)
[2024-12-31 16:53:48,317][flwr][INFO] - aggregate_evaluate: received 5 results and 0 failures
[2024-12-31 16:53:48,317][flwr][INFO] - 
[2024-12-31 16:53:48,317][flwr][INFO] - [ROUND 5]
[2024-12-31 16:53:48,318][flwr][INFO] - configure_fit: strategy sampled 2 clients (out of 10)
[2024-12-31 16:54:00,717][flwr][INFO] - aggregate_fit: received 2 results and 0 failures
[2024-12-31 16:54:06,170][flwr][INFO] - fit progress: (5, 183.65164732933044, {'accuracy': 0.0958}, 78.25080933100253)
[2024-12-31 16:54:06,170][flwr][INFO] - configure_evaluate: strategy sampled 5 clients (out of 10)
[2024-12-31 16:54:07,296][flwr][INFO] - aggregate_evaluate: received 5 results and 0 failures
[2024-12-31 16:54:07,296][flwr][INFO] - 
[2024-12-31 16:54:07,297][flwr][INFO] - [ROUND 6]
[2024-12-31 16:54:07,297][flwr][INFO] - configure_fit: strategy sampled 2 clients (out of 10)
[2024-12-31 16:54:19,491][flwr][INFO] - aggregate_fit: received 2 results and 0 failures
[2024-12-31 16:54:21,946][flwr][INFO] - fit progress: (6, 184.94724321365356, {'accuracy': 0.1032}, 94.02723276799952)
[2024-12-31 16:54:21,946][flwr][INFO] - configure_evaluate: strategy sampled 5 clients (out of 10)
[2024-12-31 16:54:23,031][flwr][INFO] - aggregate_evaluate: received 5 results and 0 failures
[2024-12-31 16:54:23,031][flwr][INFO] - 
[2024-12-31 16:54:23,031][flwr][INFO] - [ROUND 7]
[2024-12-31 16:54:23,031][flwr][INFO] - configure_fit: strategy sampled 2 clients (out of 10)
[2024-12-31 16:54:32,531][flwr][INFO] - aggregate_fit: received 2 results and 0 failures
[2024-12-31 16:54:34,722][flwr][INFO] - fit progress: (7, 184.41584944725037, {'accuracy': 0.0982}, 106.80312990400125)
[2024-12-31 16:54:34,722][flwr][INFO] - configure_evaluate: strategy sampled 5 clients (out of 10)
[2024-12-31 16:54:35,710][flwr][INFO] - aggregate_evaluate: received 5 results and 0 failures
[2024-12-31 16:54:35,710][flwr][INFO] - 
[2024-12-31 16:54:35,711][flwr][INFO] - [ROUND 8]
[2024-12-31 16:54:35,711][flwr][INFO] - configure_fit: strategy sampled 2 clients (out of 10)
[2024-12-31 16:54:45,593][flwr][INFO] - aggregate_fit: received 2 results and 0 failures
[2024-12-31 16:54:49,384][flwr][INFO] - fit progress: (8, 185.1911609172821, {'accuracy': 0.1009}, 121.4656400199965)
[2024-12-31 16:54:49,385][flwr][INFO] - configure_evaluate: strategy sampled 5 clients (out of 10)
[2024-12-31 16:54:50,539][flwr][INFO] - aggregate_evaluate: received 5 results and 0 failures
[2024-12-31 16:54:50,539][flwr][INFO] - 
[2024-12-31 16:54:50,539][flwr][INFO] - [ROUND 9]
[2024-12-31 16:54:50,540][flwr][INFO] - configure_fit: strategy sampled 2 clients (out of 10)
[2024-12-31 16:55:00,699][flwr][INFO] - aggregate_fit: received 2 results and 0 failures
[2024-12-31 16:55:03,371][flwr][INFO] - fit progress: (9, 183.89914798736572, {'accuracy': 0.1135}, 135.4526631760018)
[2024-12-31 16:55:03,372][flwr][INFO] - configure_evaluate: strategy sampled 5 clients (out of 10)
[2024-12-31 16:55:04,422][flwr][INFO] - aggregate_evaluate: received 5 results and 0 failures
[2024-12-31 16:55:04,423][flwr][INFO] - 
[2024-12-31 16:55:04,423][flwr][INFO] - [ROUND 10]
[2024-12-31 16:55:04,423][flwr][INFO] - configure_fit: strategy sampled 2 clients (out of 10)
[2024-12-31 16:55:13,980][flwr][INFO] - aggregate_fit: received 2 results and 0 failures
[2024-12-31 16:55:16,255][flwr][INFO] - fit progress: (10, 184.0439100265503, {'accuracy': 0.1032}, 148.3357219679965)
[2024-12-31 16:55:16,255][flwr][INFO] - configure_evaluate: strategy sampled 5 clients (out of 10)
[2024-12-31 16:55:17,369][flwr][INFO] - aggregate_evaluate: received 5 results and 0 failures
[2024-12-31 16:55:17,369][flwr][INFO] - 
[2024-12-31 16:55:17,369][flwr][INFO] - [SUMMARY]
[2024-12-31 16:55:17,369][flwr][INFO] - Run finished 10 round(s) in 149.45s
[2024-12-31 16:55:17,370][flwr][INFO] - 	History (loss, distributed):
[2024-12-31 16:55:17,370][flwr][INFO] - 		round 1: 89.40085763931275
[2024-12-31 16:55:17,371][flwr][INFO] - 		round 2: 87.87383909225464
[2024-12-31 16:55:17,371][flwr][INFO] - 		round 3: 89.9529951095581
[2024-12-31 16:55:17,371][flwr][INFO] - 		round 4: 90.35360307693482
[2024-12-31 16:55:17,371][flwr][INFO] - 		round 5: 88.42501497268677
[2024-12-31 16:55:17,371][flwr][INFO] - 		round 6: 89.06009392738342
[2024-12-31 16:55:17,371][flwr][INFO] - 		round 7: 88.89947800636291
[2024-12-31 16:55:17,372][flwr][INFO] - 		round 8: 89.0597755908966
[2024-12-31 16:55:17,372][flwr][INFO] - 		round 9: 88.58196654319764
[2024-12-31 16:55:17,372][flwr][INFO] - 		round 10: 88.08468890190125
[2024-12-31 16:55:17,372][flwr][INFO] - 	History (loss, centralized):
[2024-12-31 16:55:17,372][flwr][INFO] - 		round 0: 182.25509881973267
[2024-12-31 16:55:17,372][flwr][INFO] - 		round 1: 186.07849264144897
[2024-12-31 16:55:17,372][flwr][INFO] - 		round 2: 182.84312629699707
[2024-12-31 16:55:17,372][flwr][INFO] - 		round 3: 186.84709882736206
[2024-12-31 16:55:17,373][flwr][INFO] - 		round 4: 187.44296956062317
[2024-12-31 16:55:17,373][flwr][INFO] - 		round 5: 183.65164732933044
[2024-12-31 16:55:17,373][flwr][INFO] - 		round 6: 184.94724321365356
[2024-12-31 16:55:17,373][flwr][INFO] - 		round 7: 184.41584944725037
[2024-12-31 16:55:17,373][flwr][INFO] - 		round 8: 185.1911609172821
[2024-12-31 16:55:17,373][flwr][INFO] - 		round 9: 183.89914798736572
[2024-12-31 16:55:17,373][flwr][INFO] - 		round 10: 184.0439100265503
[2024-12-31 16:55:17,374][flwr][INFO] - 	History (metrics, centralized):
[2024-12-31 16:55:17,374][flwr][INFO] - 	{'accuracy': [(0, 0.0881),
[2024-12-31 16:55:17,374][flwr][INFO] - 	              (1, 0.098),
[2024-12-31 16:55:17,374][flwr][INFO] - 	              (2, 0.1032),
[2024-12-31 16:55:17,374][flwr][INFO] - 	              (3, 0.1009),
[2024-12-31 16:55:17,374][flwr][INFO] - 	              (4, 0.098),
[2024-12-31 16:55:17,374][flwr][INFO] - 	              (5, 0.0958),
[2024-12-31 16:55:17,375][flwr][INFO] - 	              (6, 0.1032),
[2024-12-31 16:55:17,375][flwr][INFO] - 	              (7, 0.0982),
[2024-12-31 16:55:17,375][flwr][INFO] - 	              (8, 0.1009),
[2024-12-31 16:55:17,375][flwr][INFO] - 	              (9, 0.1135),
[2024-12-31 16:55:17,375][flwr][INFO] - 	              (10, 0.1032)]}
[2024-12-31 16:55:17,375][flwr][INFO] - 
