[2024-12-31 12:58:26,300][flwr][INFO] - Starting Flower simulation, config: num_rounds=10, no round_timeout
[2024-12-31 12:58:29,902][flwr][INFO] - Flower VCE: Ray initialized with resources: {'memory': 5566820352.0, 'object_store_memory': 2783410176.0, 'node:__internal_head__': 1.0, 'node:192.168.1.11': 1.0, 'CPU': 12.0}
[2024-12-31 12:58:29,902][flwr][INFO] - Optimize your simulation with Flower VCE: https://flower.ai/docs/framework/how-to-run-simulations.html
[2024-12-31 12:58:29,903][flwr][INFO] - Flower VCE: Resources for each Virtual Client: {'num_cpus': 2, 'num_gpus': 0}
[2024-12-31 12:58:29,912][flwr][INFO] - Flower VCE: Creating VirtualClientEngineActorPool with 6 actors
[2024-12-31 12:58:29,913][flwr][INFO] - [INIT]
[2024-12-31 12:58:29,913][flwr][INFO] - Using initial global parameters provided by strategy
[2024-12-31 12:58:29,913][flwr][INFO] - Starting evaluation of initial global parameters
[2024-12-31 12:58:33,437][flwr][INFO] - initial parameters (loss, other metrics): 181.84825539588928, {'accuracy': 0.0982}
[2024-12-31 12:58:33,437][flwr][INFO] - 
[2024-12-31 12:58:33,437][flwr][INFO] - [ROUND 1]
[2024-12-31 12:58:33,441][flwr][INFO] - configure_fit: strategy sampled 2 clients (out of 10)
[2024-12-31 12:58:45,931][flwr][INFO] - aggregate_fit: received 2 results and 0 failures
[2024-12-31 12:58:47,720][flwr][WARNING] - No fit_metrics_aggregation_fn provided
[2024-12-31 12:58:49,345][flwr][INFO] - fit progress: (1, 181.85967230796814, {'accuracy': 0.0982}, 15.907516275998205)
[2024-12-31 12:58:49,345][flwr][INFO] - configure_evaluate: strategy sampled 5 clients (out of 10)
[2024-12-31 12:58:53,108][flwr][INFO] - aggregate_evaluate: received 5 results and 0 failures
[2024-12-31 12:58:53,108][flwr][WARNING] - No evaluate_metrics_aggregation_fn provided
[2024-12-31 12:58:53,108][flwr][INFO] - 
[2024-12-31 12:58:53,108][flwr][INFO] - [ROUND 2]
[2024-12-31 12:58:53,111][flwr][INFO] - configure_fit: strategy sampled 2 clients (out of 10)
[2024-12-31 12:59:00,445][flwr][INFO] - aggregate_fit: received 2 results and 0 failures
[2024-12-31 12:59:03,209][flwr][INFO] - fit progress: (2, 181.69767332077026, {'accuracy': 0.0982}, 29.771980411002005)
[2024-12-31 12:59:03,210][flwr][INFO] - configure_evaluate: strategy sampled 5 clients (out of 10)
[2024-12-31 12:59:03,942][flwr][INFO] - aggregate_evaluate: received 5 results and 0 failures
[2024-12-31 12:59:03,943][flwr][INFO] - 
[2024-12-31 12:59:03,943][flwr][INFO] - [ROUND 3]
[2024-12-31 12:59:03,945][flwr][INFO] - configure_fit: strategy sampled 2 clients (out of 10)
[2024-12-31 12:59:11,434][flwr][INFO] - aggregate_fit: received 2 results and 0 failures
[2024-12-31 12:59:15,005][flwr][INFO] - fit progress: (3, 181.49587726593018, {'accuracy': 0.0982}, 41.56764079599816)
[2024-12-31 12:59:15,005][flwr][INFO] - configure_evaluate: strategy sampled 5 clients (out of 10)
[2024-12-31 12:59:15,700][flwr][INFO] - aggregate_evaluate: received 5 results and 0 failures
[2024-12-31 12:59:15,700][flwr][INFO] - 
[2024-12-31 12:59:15,701][flwr][INFO] - [ROUND 4]
[2024-12-31 12:59:15,704][flwr][INFO] - configure_fit: strategy sampled 2 clients (out of 10)
[2024-12-31 12:59:23,071][flwr][INFO] - aggregate_fit: received 2 results and 0 failures
[2024-12-31 12:59:27,434][flwr][INFO] - fit progress: (4, 181.13957262039185, {'accuracy': 0.152}, 53.996939537995786)
[2024-12-31 12:59:27,435][flwr][INFO] - configure_evaluate: strategy sampled 5 clients (out of 10)
[2024-12-31 12:59:28,291][flwr][INFO] - aggregate_evaluate: received 5 results and 0 failures
[2024-12-31 12:59:28,292][flwr][INFO] - 
[2024-12-31 12:59:28,292][flwr][INFO] - [ROUND 5]
[2024-12-31 12:59:28,296][flwr][INFO] - configure_fit: strategy sampled 2 clients (out of 10)
[2024-12-31 12:59:35,570][flwr][INFO] - aggregate_fit: received 2 results and 0 failures
[2024-12-31 12:59:38,260][flwr][INFO] - fit progress: (5, 180.7103192806244, {'accuracy': 0.1205}, 64.82249644799595)
[2024-12-31 12:59:38,260][flwr][INFO] - configure_evaluate: strategy sampled 5 clients (out of 10)
[2024-12-31 12:59:39,037][flwr][INFO] - aggregate_evaluate: received 5 results and 0 failures
[2024-12-31 12:59:39,037][flwr][INFO] - 
[2024-12-31 12:59:39,037][flwr][INFO] - [ROUND 6]
[2024-12-31 12:59:39,040][flwr][INFO] - configure_fit: strategy sampled 2 clients (out of 10)
[2024-12-31 12:59:46,427][flwr][INFO] - aggregate_fit: received 2 results and 0 failures
[2024-12-31 12:59:49,827][flwr][INFO] - fit progress: (6, 179.4067211151123, {'accuracy': 0.156}, 76.38993458399636)
[2024-12-31 12:59:49,827][flwr][INFO] - configure_evaluate: strategy sampled 5 clients (out of 10)
[2024-12-31 12:59:50,620][flwr][INFO] - aggregate_evaluate: received 5 results and 0 failures
[2024-12-31 12:59:50,621][flwr][INFO] - 
[2024-12-31 12:59:50,621][flwr][INFO] - [ROUND 7]
[2024-12-31 12:59:50,625][flwr][INFO] - configure_fit: strategy sampled 2 clients (out of 10)
[2024-12-31 12:59:58,654][flwr][INFO] - aggregate_fit: received 2 results and 0 failures
[2024-12-31 13:00:03,016][flwr][INFO] - fit progress: (7, 177.74754166603088, {'accuracy': 0.1694}, 89.57911584899557)
[2024-12-31 13:00:03,017][flwr][INFO] - configure_evaluate: strategy sampled 5 clients (out of 10)
[2024-12-31 13:00:03,945][flwr][INFO] - aggregate_evaluate: received 5 results and 0 failures
[2024-12-31 13:00:03,946][flwr][INFO] - 
[2024-12-31 13:00:03,946][flwr][INFO] - [ROUND 8]
[2024-12-31 13:00:03,950][flwr][INFO] - configure_fit: strategy sampled 2 clients (out of 10)
[2024-12-31 13:00:12,966][flwr][INFO] - aggregate_fit: received 2 results and 0 failures
[2024-12-31 13:00:17,350][flwr][INFO] - fit progress: (8, 174.8667027950287, {'accuracy': 0.1931}, 103.91258057599771)
[2024-12-31 13:00:17,350][flwr][INFO] - configure_evaluate: strategy sampled 5 clients (out of 10)
[2024-12-31 13:00:18,297][flwr][INFO] - aggregate_evaluate: received 5 results and 0 failures
[2024-12-31 13:00:18,297][flwr][INFO] - 
[2024-12-31 13:00:18,297][flwr][INFO] - [ROUND 9]
[2024-12-31 13:00:18,301][flwr][INFO] - configure_fit: strategy sampled 2 clients (out of 10)
[2024-12-31 13:00:26,852][flwr][INFO] - aggregate_fit: received 2 results and 0 failures
[2024-12-31 13:00:29,974][flwr][INFO] - fit progress: (9, 171.73455905914307, {'accuracy': 0.2227}, 116.53684671600058)
[2024-12-31 13:00:29,974][flwr][INFO] - configure_evaluate: strategy sampled 5 clients (out of 10)
[2024-12-31 13:00:30,718][flwr][INFO] - aggregate_evaluate: received 5 results and 0 failures
[2024-12-31 13:00:30,718][flwr][INFO] - 
[2024-12-31 13:00:30,718][flwr][INFO] - [ROUND 10]
[2024-12-31 13:00:30,722][flwr][INFO] - configure_fit: strategy sampled 2 clients (out of 10)
[2024-12-31 13:00:37,739][flwr][INFO] - aggregate_fit: received 2 results and 0 failures
[2024-12-31 13:00:40,581][flwr][INFO] - fit progress: (10, 168.18111038208008, {'accuracy': 0.2462}, 127.14382761000161)
[2024-12-31 13:00:40,581][flwr][INFO] - configure_evaluate: strategy sampled 5 clients (out of 10)
[2024-12-31 13:00:41,356][flwr][INFO] - aggregate_evaluate: received 5 results and 0 failures
[2024-12-31 13:00:41,357][flwr][INFO] - 
[2024-12-31 13:00:41,357][flwr][INFO] - [SUMMARY]
[2024-12-31 13:00:41,357][flwr][INFO] - Run finished 10 round(s) in 127.92s
[2024-12-31 13:00:41,357][flwr][INFO] - 	History (loss, distributed):
[2024-12-31 13:00:41,357][flwr][INFO] - 		round 1: 87.51046948432922
[2024-12-31 13:00:41,357][flwr][INFO] - 		round 2: 87.36971917152405
[2024-12-31 13:00:41,358][flwr][INFO] - 		round 3: 87.36240224838257
[2024-12-31 13:00:41,358][flwr][INFO] - 		round 4: 87.15353908538819
[2024-12-31 13:00:41,358][flwr][INFO] - 		round 5: 86.96990385055543
[2024-12-31 13:00:41,358][flwr][INFO] - 		round 6: 86.26367769241332
[2024-12-31 13:00:41,358][flwr][INFO] - 		round 7: 85.260830783844
[2024-12-31 13:00:41,358][flwr][INFO] - 		round 8: 83.67289490699768
[2024-12-31 13:00:41,358][flwr][INFO] - 		round 9: 83.02836441993713
[2024-12-31 13:00:41,358][flwr][INFO] - 		round 10: 80.93658323287964
[2024-12-31 13:00:41,358][flwr][INFO] - 	History (loss, centralized):
[2024-12-31 13:00:41,358][flwr][INFO] - 		round 0: 181.84825539588928
[2024-12-31 13:00:41,358][flwr][INFO] - 		round 1: 181.85967230796814
[2024-12-31 13:00:41,359][flwr][INFO] - 		round 2: 181.69767332077026
[2024-12-31 13:00:41,359][flwr][INFO] - 		round 3: 181.49587726593018
[2024-12-31 13:00:41,359][flwr][INFO] - 		round 4: 181.13957262039185
[2024-12-31 13:00:41,359][flwr][INFO] - 		round 5: 180.7103192806244
[2024-12-31 13:00:41,359][flwr][INFO] - 		round 6: 179.4067211151123
[2024-12-31 13:00:41,359][flwr][INFO] - 		round 7: 177.74754166603088
[2024-12-31 13:00:41,359][flwr][INFO] - 		round 8: 174.8667027950287
[2024-12-31 13:00:41,359][flwr][INFO] - 		round 9: 171.73455905914307
[2024-12-31 13:00:41,359][flwr][INFO] - 		round 10: 168.18111038208008
[2024-12-31 13:00:41,359][flwr][INFO] - 	History (metrics, centralized):
[2024-12-31 13:00:41,359][flwr][INFO] - 	{'accuracy': [(0, 0.0982),
[2024-12-31 13:00:41,359][flwr][INFO] - 	              (1, 0.0982),
[2024-12-31 13:00:41,359][flwr][INFO] - 	              (2, 0.0982),
[2024-12-31 13:00:41,359][flwr][INFO] - 	              (3, 0.0982),
[2024-12-31 13:00:41,359][flwr][INFO] - 	              (4, 0.152),
[2024-12-31 13:00:41,359][flwr][INFO] - 	              (5, 0.1205),
[2024-12-31 13:00:41,359][flwr][INFO] - 	              (6, 0.156),
[2024-12-31 13:00:41,359][flwr][INFO] - 	              (7, 0.1694),
[2024-12-31 13:00:41,360][flwr][INFO] - 	              (8, 0.1931),
[2024-12-31 13:00:41,360][flwr][INFO] - 	              (9, 0.2227),
[2024-12-31 13:00:41,360][flwr][INFO] - 	              (10, 0.2462)]}
[2024-12-31 13:00:41,360][flwr][INFO] - 
