[2025-01-07 14:16:48,712][flwr][INFO] - Starting Flower simulation, config: num_rounds=5, no round_timeout
[2025-01-07 14:16:52,093][flwr][INFO] - Flower VCE: Ray initialized with resources: {'node:__internal_head__': 1.0, 'CPU': 12.0, 'node:192.168.1.11': 1.0, 'object_store_memory': 3176596684.0, 'memory': 6353193371.0}
[2025-01-07 14:16:52,093][flwr][INFO] - Optimize your simulation with Flower VCE: https://flower.ai/docs/framework/how-to-run-simulations.html
[2025-01-07 14:16:52,093][flwr][INFO] - Flower VCE: Resources for each Virtual Client: {'num_cpus': 2, 'num_gpus': 0}
[2025-01-07 14:16:52,100][flwr][INFO] - Flower VCE: Creating VirtualClientEngineActorPool with 6 actors
[2025-01-07 14:16:52,100][flwr][INFO] - [INIT]
[2025-01-07 14:16:52,101][flwr][INFO] - Requesting initial parameters from one random client
[2025-01-07 14:16:54,919][flwr][INFO] - Received initial parameters from one random client
[2025-01-07 14:16:54,919][flwr][INFO] - Starting evaluation of initial global parameters
[2025-01-07 14:16:56,699][flwr][INFO] - initial parameters (loss, other metrics): 182.0662715435028, {'accuracy': 0.098}
[2025-01-07 14:16:56,699][flwr][INFO] - 
[2025-01-07 14:16:56,699][flwr][INFO] - [ROUND 1]
[2025-01-07 14:16:56,699][flwr][INFO] - configure_fit: strategy sampled 2 clients (out of 10)
[2025-01-07 14:17:04,088][flwr][INFO] - aggregate_fit: received 2 results and 0 failures
[2025-01-07 14:17:04,092][flwr][WARNING] - No fit_metrics_aggregation_fn provided
[2025-01-07 14:17:05,287][flwr][INFO] - fit progress: (1, 7.844402324408293, {'accuracy': 0.9687}, 8.588338817997283)
[2025-01-07 14:17:05,288][flwr][INFO] - configure_evaluate: strategy sampled 3 clients (out of 10)
[2025-01-07 14:17:07,556][flwr][INFO] - aggregate_evaluate: received 3 results and 0 failures
[2025-01-07 14:17:07,556][flwr][WARNING] - No evaluate_metrics_aggregation_fn provided
[2025-01-07 14:17:07,556][flwr][INFO] - 
[2025-01-07 14:17:07,556][flwr][INFO] - [ROUND 2]
[2025-01-07 14:17:07,556][flwr][INFO] - configure_fit: strategy sampled 2 clients (out of 10)
[2025-01-07 14:17:12,579][flwr][INFO] - aggregate_fit: received 2 results and 0 failures
[2025-01-07 14:17:13,817][flwr][INFO] - fit progress: (2, 5.2697764187760185, {'accuracy': 0.9784}, 17.118237128997862)
[2025-01-07 14:17:13,818][flwr][INFO] - configure_evaluate: strategy sampled 3 clients (out of 10)
[2025-01-07 14:17:14,368][flwr][INFO] - aggregate_evaluate: received 3 results and 0 failures
[2025-01-07 14:17:14,368][flwr][INFO] - 
[2025-01-07 14:17:14,368][flwr][INFO] - [ROUND 3]
[2025-01-07 14:17:14,368][flwr][INFO] - configure_fit: strategy sampled 2 clients (out of 10)
[2025-01-07 14:17:19,535][flwr][INFO] - aggregate_fit: received 2 results and 0 failures
[2025-01-07 14:17:20,936][flwr][INFO] - fit progress: (3, 4.511133875785163, {'accuracy': 0.9811}, 24.23689357799958)
[2025-01-07 14:17:20,936][flwr][INFO] - configure_evaluate: strategy sampled 3 clients (out of 10)
[2025-01-07 14:17:21,457][flwr][INFO] - aggregate_evaluate: received 3 results and 0 failures
[2025-01-07 14:17:21,457][flwr][INFO] - 
[2025-01-07 14:17:21,457][flwr][INFO] - [ROUND 4]
[2025-01-07 14:17:21,458][flwr][INFO] - configure_fit: strategy sampled 2 clients (out of 10)
[2025-01-07 14:17:26,588][flwr][INFO] - aggregate_fit: received 2 results and 0 failures
[2025-01-07 14:17:27,929][flwr][INFO] - fit progress: (4, 3.4491440583733493, {'accuracy': 0.9853}, 31.229545916998177)
[2025-01-07 14:17:27,929][flwr][INFO] - configure_evaluate: strategy sampled 3 clients (out of 10)
[2025-01-07 14:17:28,431][flwr][INFO] - aggregate_evaluate: received 3 results and 0 failures
[2025-01-07 14:17:28,431][flwr][INFO] - 
[2025-01-07 14:17:28,431][flwr][INFO] - [ROUND 5]
[2025-01-07 14:17:28,431][flwr][INFO] - configure_fit: strategy sampled 2 clients (out of 10)
[2025-01-07 14:17:33,612][flwr][INFO] - aggregate_fit: received 2 results and 0 failures
[2025-01-07 14:17:35,493][flwr][INFO] - fit progress: (5, 4.062254665520413, {'accuracy': 0.9825}, 38.79426005999994)
[2025-01-07 14:17:35,493][flwr][INFO] - configure_evaluate: strategy sampled 3 clients (out of 10)
[2025-01-07 14:17:35,942][flwr][INFO] - aggregate_evaluate: received 3 results and 0 failures
[2025-01-07 14:17:35,943][flwr][INFO] - 
[2025-01-07 14:17:35,943][flwr][INFO] - [SUMMARY]
[2025-01-07 14:17:35,943][flwr][INFO] - Run finished 5 round(s) in 39.24s
[2025-01-07 14:17:35,943][flwr][INFO] - 	History (loss, distributed):
[2025-01-07 14:17:35,943][flwr][INFO] - 		round 1: 2.3472839649766684
[2025-01-07 14:17:35,944][flwr][INFO] - 		round 2: 1.6301547242716576
[2025-01-07 14:17:35,944][flwr][INFO] - 		round 3: 1.3637656154848325
[2025-01-07 14:17:35,944][flwr][INFO] - 		round 4: 1.0657476029203583
[2025-01-07 14:17:35,944][flwr][INFO] - 		round 5: 1.2803818825195776
[2025-01-07 14:17:35,944][flwr][INFO] - 	History (loss, centralized):
[2025-01-07 14:17:35,944][flwr][INFO] - 		round 0: 182.0662715435028
[2025-01-07 14:17:35,944][flwr][INFO] - 		round 1: 7.844402324408293
[2025-01-07 14:17:35,944][flwr][INFO] - 		round 2: 5.2697764187760185
[2025-01-07 14:17:35,944][flwr][INFO] - 		round 3: 4.511133875785163
[2025-01-07 14:17:35,944][flwr][INFO] - 		round 4: 3.4491440583733493
[2025-01-07 14:17:35,944][flwr][INFO] - 		round 5: 4.062254665520413
[2025-01-07 14:17:35,944][flwr][INFO] - 	History (metrics, centralized):
[2025-01-07 14:17:35,944][flwr][INFO] - 	{'accuracy': [(0, 0.098),
[2025-01-07 14:17:35,944][flwr][INFO] - 	              (1, 0.9687),
[2025-01-07 14:17:35,944][flwr][INFO] - 	              (2, 0.9784),
[2025-01-07 14:17:35,944][flwr][INFO] - 	              (3, 0.9811),
[2025-01-07 14:17:35,944][flwr][INFO] - 	              (4, 0.9853),
[2025-01-07 14:17:35,944][flwr][INFO] - 	              (5, 0.9825)]}
[2025-01-07 14:17:35,944][flwr][INFO] - 
