[2025-01-07 14:45:18,937][flwr][INFO] - Starting Flower simulation, config: num_rounds=5, no round_timeout
[2025-01-07 14:45:22,351][flwr][INFO] - Flower VCE: Ray initialized with resources: {'node:__internal_head__': 1.0, 'node:192.168.1.11': 1.0, 'CPU': 12.0, 'memory': 6362598606.0, 'object_store_memory': 3181299302.0}
[2025-01-07 14:45:22,351][flwr][INFO] - Optimize your simulation with Flower VCE: https://flower.ai/docs/framework/how-to-run-simulations.html
[2025-01-07 14:45:22,351][flwr][INFO] - Flower VCE: Resources for each Virtual Client: {'num_cpus': 2, 'num_gpus': 0}
[2025-01-07 14:45:22,358][flwr][INFO] - Flower VCE: Creating VirtualClientEngineActorPool with 6 actors
[2025-01-07 14:45:22,358][flwr][INFO] - [INIT]
[2025-01-07 14:45:22,358][flwr][INFO] - Requesting initial parameters from one random client
[2025-01-07 14:45:24,996][flwr][INFO] - Received initial parameters from one random client
[2025-01-07 14:45:24,997][flwr][INFO] - Starting evaluation of initial global parameters
[2025-01-07 14:45:26,117][flwr][INFO] - initial parameters (loss, other metrics): 182.14238953590393, {'accuracy': 0.1135}
[2025-01-07 14:45:26,118][flwr][INFO] - 
[2025-01-07 14:45:26,118][flwr][INFO] - [ROUND 1]
[2025-01-07 14:45:26,118][flwr][INFO] - configure_fit: strategy sampled 2 clients (out of 20)
[2025-01-07 14:45:32,880][flwr][INFO] - aggregate_fit: received 2 results and 0 failures
[2025-01-07 14:45:32,884][flwr][WARNING] - No fit_metrics_aggregation_fn provided
[2025-01-07 14:45:34,115][flwr][INFO] - fit progress: (1, 177.98096823692322, {'accuracy': 0.1911}, 7.997724756001844)
[2025-01-07 14:45:34,116][flwr][INFO] - configure_evaluate: strategy sampled 2 clients (out of 20)
[2025-01-07 14:45:34,420][flwr][INFO] - aggregate_evaluate: received 2 results and 0 failures
[2025-01-07 14:45:34,420][flwr][WARNING] - No evaluate_metrics_aggregation_fn provided
[2025-01-07 14:45:34,420][flwr][INFO] - 
[2025-01-07 14:45:34,421][flwr][INFO] - [ROUND 2]
[2025-01-07 14:45:34,421][flwr][INFO] - configure_fit: strategy sampled 2 clients (out of 20)
[2025-01-07 14:45:38,885][flwr][INFO] - aggregate_fit: received 2 results and 0 failures
[2025-01-07 14:45:40,391][flwr][INFO] - fit progress: (2, 230.64392113685608, {'accuracy': 0.0974}, 14.272899793999386)
[2025-01-07 14:45:40,391][flwr][INFO] - configure_evaluate: strategy sampled 2 clients (out of 20)
[2025-01-07 14:45:40,734][flwr][INFO] - aggregate_evaluate: received 2 results and 0 failures
[2025-01-07 14:45:40,734][flwr][INFO] - 
[2025-01-07 14:45:40,734][flwr][INFO] - [ROUND 3]
[2025-01-07 14:45:40,734][flwr][INFO] - configure_fit: strategy sampled 2 clients (out of 20)
[2025-01-07 14:45:45,091][flwr][INFO] - aggregate_fit: received 2 results and 0 failures
[2025-01-07 14:45:46,327][flwr][INFO] - fit progress: (3, 108.23077929019928, {'accuracy': 0.5551}, 20.209296406999783)
[2025-01-07 14:45:46,327][flwr][INFO] - configure_evaluate: strategy sampled 2 clients (out of 20)
[2025-01-07 14:45:46,680][flwr][INFO] - aggregate_evaluate: received 2 results and 0 failures
[2025-01-07 14:45:46,680][flwr][INFO] - 
[2025-01-07 14:45:46,680][flwr][INFO] - [ROUND 4]
[2025-01-07 14:45:46,680][flwr][INFO] - configure_fit: strategy sampled 2 clients (out of 20)
[2025-01-07 14:45:51,071][flwr][INFO] - aggregate_fit: received 2 results and 0 failures
[2025-01-07 14:45:53,149][flwr][INFO] - fit progress: (4, 70.93563270568848, {'accuracy': 0.7584}, 27.03087220299858)
[2025-01-07 14:45:53,149][flwr][INFO] - configure_evaluate: strategy sampled 2 clients (out of 20)
[2025-01-07 14:45:53,448][flwr][INFO] - aggregate_evaluate: received 2 results and 0 failures
[2025-01-07 14:45:53,449][flwr][INFO] - 
[2025-01-07 14:45:53,449][flwr][INFO] - [ROUND 5]
[2025-01-07 14:45:53,449][flwr][INFO] - configure_fit: strategy sampled 2 clients (out of 20)
[2025-01-07 14:45:57,740][flwr][INFO] - aggregate_fit: received 2 results and 0 failures
[2025-01-07 14:45:59,324][flwr][INFO] - fit progress: (5, 184.08990097045898, {'accuracy': 0.0997}, 33.20629016800012)
[2025-01-07 14:45:59,324][flwr][INFO] - configure_evaluate: strategy sampled 2 clients (out of 20)
[2025-01-07 14:45:59,632][flwr][INFO] - aggregate_evaluate: received 2 results and 0 failures
[2025-01-07 14:45:59,632][flwr][INFO] - 
[2025-01-07 14:45:59,632][flwr][INFO] - [SUMMARY]
[2025-01-07 14:45:59,632][flwr][INFO] - Run finished 5 round(s) in 33.51s
[2025-01-07 14:45:59,633][flwr][INFO] - 	History (loss, distributed):
[2025-01-07 14:45:59,633][flwr][INFO] - 		round 1: 22.593270540237427
[2025-01-07 14:45:59,633][flwr][INFO] - 		round 2: 29.44287598133087
[2025-01-07 14:45:59,633][flwr][INFO] - 		round 3: 13.586409598588943
[2025-01-07 14:45:59,633][flwr][INFO] - 		round 4: 9.026190608739853
[2025-01-07 14:45:59,633][flwr][INFO] - 		round 5: 23.54683566093445
[2025-01-07 14:45:59,633][flwr][INFO] - 	History (loss, centralized):
[2025-01-07 14:45:59,633][flwr][INFO] - 		round 0: 182.14238953590393
[2025-01-07 14:45:59,633][flwr][INFO] - 		round 1: 177.98096823692322
[2025-01-07 14:45:59,633][flwr][INFO] - 		round 2: 230.64392113685608
[2025-01-07 14:45:59,633][flwr][INFO] - 		round 3: 108.23077929019928
[2025-01-07 14:45:59,633][flwr][INFO] - 		round 4: 70.93563270568848
[2025-01-07 14:45:59,633][flwr][INFO] - 		round 5: 184.08990097045898
[2025-01-07 14:45:59,633][flwr][INFO] - 	History (metrics, centralized):
[2025-01-07 14:45:59,633][flwr][INFO] - 	{'accuracy': [(0, 0.1135),
[2025-01-07 14:45:59,633][flwr][INFO] - 	              (1, 0.1911),
[2025-01-07 14:45:59,633][flwr][INFO] - 	              (2, 0.0974),
[2025-01-07 14:45:59,633][flwr][INFO] - 	              (3, 0.5551),
[2025-01-07 14:45:59,633][flwr][INFO] - 	              (4, 0.7584),
[2025-01-07 14:45:59,633][flwr][INFO] - 	              (5, 0.0997)]}
[2025-01-07 14:45:59,633][flwr][INFO] - 
