[2024-12-30 10:26:25,233][flwr][INFO] - Starting Flower simulation, config: num_rounds=10, no round_timeout
[2024-12-30 10:26:28,855][flwr][INFO] - Flower VCE: Ray initialized with resources: {'CPU': 12.0, 'node:192.168.1.11': 1.0, 'node:__internal_head__': 1.0, 'memory': 4954868123.0, 'object_store_memory': 2477434060.0}
[2024-12-30 10:26:28,856][flwr][INFO] - Optimize your simulation with Flower VCE: https://flower.ai/docs/framework/how-to-run-simulations.html
[2024-12-30 10:26:28,856][flwr][INFO] - Flower VCE: Resources for each Virtual Client: {'num_cpus': 2, 'num_gpus': 0}
[2024-12-30 10:26:28,862][flwr][INFO] - Flower VCE: Creating VirtualClientEngineActorPool with 6 actors
[2024-12-30 10:26:28,862][flwr][INFO] - [INIT]
[2024-12-30 10:26:28,862][flwr][INFO] - Using initial global parameters provided by strategy
[2024-12-30 10:26:28,862][flwr][INFO] - Starting evaluation of initial global parameters
[2024-12-30 10:26:31,179][flwr][INFO] - initial parameters (loss, other metrics): 182.01179122924805, {'accuracy': 0.0922}
[2024-12-30 10:26:31,180][flwr][INFO] - 
[2024-12-30 10:26:31,180][flwr][INFO] - [ROUND 1]
[2024-12-30 10:26:31,180][flwr][INFO] - configure_fit: strategy sampled 2 clients (out of 10)
[2024-12-30 10:26:37,705][flwr][INFO] - aggregate_fit: received 2 results and 0 failures
[2024-12-30 10:26:37,709][flwr][WARNING] - No fit_metrics_aggregation_fn provided
[2024-12-30 10:26:39,307][flwr][INFO] - fit progress: (1, 57.26842259755358, {'accuracy': 0.8713}, 8.127548072998252)
[2024-12-30 10:26:39,307][flwr][INFO] - configure_evaluate: strategy sampled 2 clients (out of 10)
[2024-12-30 10:26:39,730][flwr][INFO] - aggregate_evaluate: received 2 results and 0 failures
[2024-12-30 10:26:39,730][flwr][WARNING] - No evaluate_metrics_aggregation_fn provided
[2024-12-30 10:26:39,730][flwr][INFO] - 
[2024-12-30 10:26:39,730][flwr][INFO] - [ROUND 2]
[2024-12-30 10:26:39,731][flwr][INFO] - configure_fit: strategy sampled 2 clients (out of 10)
[2024-12-30 10:26:43,896][flwr][INFO] - aggregate_fit: received 2 results and 0 failures
[2024-12-30 10:26:45,349][flwr][INFO] - fit progress: (2, 39.06608559191227, {'accuracy': 0.8563}, 14.16970372599826)
[2024-12-30 10:26:45,350][flwr][INFO] - configure_evaluate: strategy sampled 2 clients (out of 10)
[2024-12-30 10:26:45,742][flwr][INFO] - aggregate_evaluate: received 2 results and 0 failures
[2024-12-30 10:26:45,742][flwr][INFO] - 
[2024-12-30 10:26:45,742][flwr][INFO] - [ROUND 3]
[2024-12-30 10:26:45,742][flwr][INFO] - configure_fit: strategy sampled 2 clients (out of 10)
[2024-12-30 10:26:49,966][flwr][INFO] - aggregate_fit: received 2 results and 0 failures
[2024-12-30 10:26:51,188][flwr][INFO] - fit progress: (3, 16.521293070865795, {'accuracy': 0.9486}, 20.008313651998833)
[2024-12-30 10:26:51,188][flwr][INFO] - configure_evaluate: strategy sampled 2 clients (out of 10)
[2024-12-30 10:26:51,564][flwr][INFO] - aggregate_evaluate: received 2 results and 0 failures
[2024-12-30 10:26:51,564][flwr][INFO] - 
[2024-12-30 10:26:51,564][flwr][INFO] - [ROUND 4]
[2024-12-30 10:26:51,565][flwr][INFO] - configure_fit: strategy sampled 2 clients (out of 10)
[2024-12-30 10:26:55,743][flwr][INFO] - aggregate_fit: received 2 results and 0 failures
[2024-12-30 10:26:56,986][flwr][INFO] - fit progress: (4, 10.246694607660174, {'accuracy': 0.9633}, 25.80668139199952)
[2024-12-30 10:26:56,987][flwr][INFO] - configure_evaluate: strategy sampled 2 clients (out of 10)
[2024-12-30 10:26:57,373][flwr][INFO] - aggregate_evaluate: received 2 results and 0 failures
[2024-12-30 10:26:57,373][flwr][INFO] - 
[2024-12-30 10:26:57,373][flwr][INFO] - [ROUND 5]
[2024-12-30 10:26:57,373][flwr][INFO] - configure_fit: strategy sampled 2 clients (out of 10)
[2024-12-30 10:27:01,485][flwr][INFO] - aggregate_fit: received 2 results and 0 failures
[2024-12-30 10:27:02,794][flwr][INFO] - fit progress: (5, 11.966227263765177, {'accuracy': 0.9645}, 31.614543907999177)
[2024-12-30 10:27:02,794][flwr][INFO] - configure_evaluate: strategy sampled 2 clients (out of 10)
[2024-12-30 10:27:03,180][flwr][INFO] - aggregate_evaluate: received 2 results and 0 failures
[2024-12-30 10:27:03,180][flwr][INFO] - 
[2024-12-30 10:27:03,180][flwr][INFO] - [ROUND 6]
[2024-12-30 10:27:03,180][flwr][INFO] - configure_fit: strategy sampled 2 clients (out of 10)
[2024-12-30 10:27:07,370][flwr][INFO] - aggregate_fit: received 2 results and 0 failures
[2024-12-30 10:27:08,713][flwr][INFO] - fit progress: (6, 8.145667331729783, {'accuracy': 0.9702}, 37.53353452599913)
[2024-12-30 10:27:08,713][flwr][INFO] - configure_evaluate: strategy sampled 2 clients (out of 10)
[2024-12-30 10:27:09,084][flwr][INFO] - aggregate_evaluate: received 2 results and 0 failures
[2024-12-30 10:27:09,085][flwr][INFO] - 
[2024-12-30 10:27:09,085][flwr][INFO] - [ROUND 7]
[2024-12-30 10:27:09,085][flwr][INFO] - configure_fit: strategy sampled 2 clients (out of 10)
[2024-12-30 10:27:13,118][flwr][INFO] - aggregate_fit: received 2 results and 0 failures
[2024-12-30 10:27:14,457][flwr][INFO] - fit progress: (7, 7.603954593883827, {'accuracy': 0.9755}, 43.27706328799832)
[2024-12-30 10:27:14,457][flwr][INFO] - configure_evaluate: strategy sampled 2 clients (out of 10)
[2024-12-30 10:27:14,852][flwr][INFO] - aggregate_evaluate: received 2 results and 0 failures
[2024-12-30 10:27:14,852][flwr][INFO] - 
[2024-12-30 10:27:14,852][flwr][INFO] - [ROUND 8]
[2024-12-30 10:27:14,853][flwr][INFO] - configure_fit: strategy sampled 2 clients (out of 10)
[2024-12-30 10:27:19,007][flwr][INFO] - aggregate_fit: received 2 results and 0 failures
[2024-12-30 10:27:20,461][flwr][INFO] - fit progress: (8, 7.805037141108187, {'accuracy': 0.977}, 49.28117621099955)
[2024-12-30 10:27:20,461][flwr][INFO] - configure_evaluate: strategy sampled 2 clients (out of 10)
[2024-12-30 10:27:20,855][flwr][INFO] - aggregate_evaluate: received 2 results and 0 failures
[2024-12-30 10:27:20,855][flwr][INFO] - 
[2024-12-30 10:27:20,855][flwr][INFO] - [ROUND 9]
[2024-12-30 10:27:20,856][flwr][INFO] - configure_fit: strategy sampled 2 clients (out of 10)
[2024-12-30 10:27:24,910][flwr][INFO] - aggregate_fit: received 2 results and 0 failures
[2024-12-30 10:27:26,205][flwr][INFO] - fit progress: (9, 5.0675604704265425, {'accuracy': 0.9839}, 55.02587746399877)
[2024-12-30 10:27:26,206][flwr][INFO] - configure_evaluate: strategy sampled 2 clients (out of 10)
[2024-12-30 10:27:26,586][flwr][INFO] - aggregate_evaluate: received 2 results and 0 failures
[2024-12-30 10:27:26,587][flwr][INFO] - 
[2024-12-30 10:27:26,587][flwr][INFO] - [ROUND 10]
[2024-12-30 10:27:26,587][flwr][INFO] - configure_fit: strategy sampled 2 clients (out of 10)
[2024-12-30 10:27:30,817][flwr][INFO] - aggregate_fit: received 2 results and 0 failures
[2024-12-30 10:27:32,324][flwr][INFO] - fit progress: (10, 5.416477599492055, {'accuracy': 0.9849}, 61.14478560999851)
[2024-12-30 10:27:32,325][flwr][INFO] - configure_evaluate: strategy sampled 2 clients (out of 10)
[2024-12-30 10:27:32,690][flwr][INFO] - aggregate_evaluate: received 2 results and 0 failures
[2024-12-30 10:27:32,690][flwr][INFO] - 
[2024-12-30 10:27:32,690][flwr][INFO] - [SUMMARY]
[2024-12-30 10:27:32,690][flwr][INFO] - Run finished 10 round(s) in 61.51s
[2024-12-30 10:27:32,691][flwr][INFO] - 	History (loss, distributed):
[2024-12-30 10:27:32,691][flwr][INFO] - 		round 1: 21.02705153496936
[2024-12-30 10:27:32,691][flwr][INFO] - 		round 2: 14.812396962195635
[2024-12-30 10:27:32,691][flwr][INFO] - 		round 3: 7.411349475762108
[2024-12-30 10:27:32,691][flwr][INFO] - 		round 4: 4.304746757203247
[2024-12-30 10:27:32,691][flwr][INFO] - 		round 5: 4.013579394995759
[2024-12-30 10:27:32,691][flwr][INFO] - 		round 6: 3.4253864639322273
[2024-12-30 10:27:32,691][flwr][INFO] - 		round 7: 3.1791064865467433
[2024-12-30 10:27:32,691][flwr][INFO] - 		round 8: 4.0387108659317335
[2024-12-30 10:27:32,691][flwr][INFO] - 		round 9: 2.376595996431206
[2024-12-30 10:27:32,691][flwr][INFO] - 		round 10: 3.0880657146166755
[2024-12-30 10:27:32,691][flwr][INFO] - 	History (loss, centralized):
[2024-12-30 10:27:32,692][flwr][INFO] - 		round 0: 182.01179122924805
[2024-12-30 10:27:32,692][flwr][INFO] - 		round 1: 57.26842259755358
[2024-12-30 10:27:32,692][flwr][INFO] - 		round 2: 39.06608559191227
[2024-12-30 10:27:32,692][flwr][INFO] - 		round 3: 16.521293070865795
[2024-12-30 10:27:32,692][flwr][INFO] - 		round 4: 10.246694607660174
[2024-12-30 10:27:32,692][flwr][INFO] - 		round 5: 11.966227263765177
[2024-12-30 10:27:32,692][flwr][INFO] - 		round 6: 8.145667331729783
[2024-12-30 10:27:32,692][flwr][INFO] - 		round 7: 7.603954593883827
[2024-12-30 10:27:32,692][flwr][INFO] - 		round 8: 7.805037141108187
[2024-12-30 10:27:32,692][flwr][INFO] - 		round 9: 5.0675604704265425
[2024-12-30 10:27:32,692][flwr][INFO] - 		round 10: 5.416477599492055
[2024-12-30 10:27:32,692][flwr][INFO] - 	History (metrics, centralized):
[2024-12-30 10:27:32,692][flwr][INFO] - 	{'accuracy': [(0, 0.0922),
[2024-12-30 10:27:32,693][flwr][INFO] - 	              (1, 0.8713),
[2024-12-30 10:27:32,693][flwr][INFO] - 	              (2, 0.8563),
[2024-12-30 10:27:32,693][flwr][INFO] - 	              (3, 0.9486),
[2024-12-30 10:27:32,693][flwr][INFO] - 	              (4, 0.9633),
[2024-12-30 10:27:32,693][flwr][INFO] - 	              (5, 0.9645),
[2024-12-30 10:27:32,693][flwr][INFO] - 	              (6, 0.9702),
[2024-12-30 10:27:32,693][flwr][INFO] - 	              (7, 0.9755),
[2024-12-30 10:27:32,693][flwr][INFO] - 	              (8, 0.977),
[2024-12-30 10:27:32,693][flwr][INFO] - 	              (9, 0.9839),
[2024-12-30 10:27:32,693][flwr][INFO] - 	              (10, 0.9849)]}
[2024-12-30 10:27:32,693][flwr][INFO] - 
