[2025-01-07 14:21:18,045][flwr][INFO] - Starting Flower simulation, config: num_rounds=5, no round_timeout
[2025-01-07 14:21:21,545][flwr][INFO] - Flower VCE: Ray initialized with resources: {'object_store_memory': 3164928000.0, 'memory': 6329856000.0, 'node:__internal_head__': 1.0, 'CPU': 12.0, 'node:192.168.1.11': 1.0}
[2025-01-07 14:21:21,546][flwr][INFO] - Optimize your simulation with Flower VCE: https://flower.ai/docs/framework/how-to-run-simulations.html
[2025-01-07 14:21:21,546][flwr][INFO] - Flower VCE: Resources for each Virtual Client: {'num_cpus': 2, 'num_gpus': 0}
[2025-01-07 14:21:21,556][flwr][INFO] - Flower VCE: Creating VirtualClientEngineActorPool with 6 actors
[2025-01-07 14:21:21,557][flwr][INFO] - [INIT]
[2025-01-07 14:21:21,557][flwr][INFO] - Requesting initial parameters from one random client
[2025-01-07 14:21:24,302][flwr][INFO] - Received initial parameters from one random client
[2025-01-07 14:21:24,302][flwr][INFO] - Starting evaluation of initial global parameters
[2025-01-07 14:21:25,561][flwr][INFO] - initial parameters (loss, other metrics): 181.9851517677307, {'accuracy': 0.0771}
[2025-01-07 14:21:25,561][flwr][INFO] - 
[2025-01-07 14:21:25,561][flwr][INFO] - [ROUND 1]
[2025-01-07 14:21:25,561][flwr][INFO] - configure_fit: strategy sampled 2 clients (out of 10)
[2025-01-07 14:21:36,352][flwr][INFO] - aggregate_fit: received 2 results and 0 failures
[2025-01-07 14:21:36,355][flwr][WARNING] - No fit_metrics_aggregation_fn provided
[2025-01-07 14:21:37,815][flwr][INFO] - fit progress: (1, 182.09968304634094, {'accuracy': 0.1135}, 12.254289222997613)
[2025-01-07 14:21:37,816][flwr][INFO] - configure_evaluate: strategy sampled 3 clients (out of 10)
[2025-01-07 14:21:40,038][flwr][INFO] - aggregate_evaluate: received 3 results and 0 failures
[2025-01-07 14:21:40,038][flwr][WARNING] - No evaluate_metrics_aggregation_fn provided
[2025-01-07 14:21:40,038][flwr][INFO] - 
[2025-01-07 14:21:40,038][flwr][INFO] - [ROUND 2]
[2025-01-07 14:21:40,039][flwr][INFO] - configure_fit: strategy sampled 2 clients (out of 10)
[2025-01-07 14:21:48,143][flwr][INFO] - aggregate_fit: received 2 results and 0 failures
[2025-01-07 14:21:49,466][flwr][INFO] - fit progress: (2, 181.9360692501068, {'accuracy': 0.1135}, 23.90513445399847)
[2025-01-07 14:21:49,466][flwr][INFO] - configure_evaluate: strategy sampled 3 clients (out of 10)
[2025-01-07 14:21:49,965][flwr][INFO] - aggregate_evaluate: received 3 results and 0 failures
[2025-01-07 14:21:49,965][flwr][INFO] - 
[2025-01-07 14:21:49,965][flwr][INFO] - [ROUND 3]
[2025-01-07 14:21:49,965][flwr][INFO] - configure_fit: strategy sampled 2 clients (out of 10)
[2025-01-07 14:21:58,470][flwr][INFO] - aggregate_fit: received 2 results and 0 failures
[2025-01-07 14:21:59,661][flwr][INFO] - fit progress: (3, 182.07915425300598, {'accuracy': 0.0892}, 34.09971080899777)
[2025-01-07 14:21:59,661][flwr][INFO] - configure_evaluate: strategy sampled 3 clients (out of 10)
[2025-01-07 14:22:00,125][flwr][INFO] - aggregate_evaluate: received 3 results and 0 failures
[2025-01-07 14:22:00,125][flwr][INFO] - 
[2025-01-07 14:22:00,125][flwr][INFO] - [ROUND 4]
[2025-01-07 14:22:00,126][flwr][INFO] - configure_fit: strategy sampled 2 clients (out of 10)
[2025-01-07 14:22:08,254][flwr][INFO] - aggregate_fit: received 2 results and 0 failures
[2025-01-07 14:22:09,797][flwr][INFO] - fit progress: (4, 182.12448406219482, {'accuracy': 0.1135}, 44.236147064999386)
[2025-01-07 14:22:09,797][flwr][INFO] - configure_evaluate: strategy sampled 3 clients (out of 10)
[2025-01-07 14:22:10,249][flwr][INFO] - aggregate_evaluate: received 3 results and 0 failures
[2025-01-07 14:22:10,249][flwr][INFO] - 
[2025-01-07 14:22:10,249][flwr][INFO] - [ROUND 5]
[2025-01-07 14:22:10,250][flwr][INFO] - configure_fit: strategy sampled 2 clients (out of 10)
[2025-01-07 14:22:18,616][flwr][INFO] - aggregate_fit: received 2 results and 0 failures
[2025-01-07 14:22:20,341][flwr][INFO] - fit progress: (5, 182.06667947769165, {'accuracy': 0.1135}, 54.779869350997615)
[2025-01-07 14:22:20,341][flwr][INFO] - configure_evaluate: strategy sampled 3 clients (out of 10)
[2025-01-07 14:22:20,802][flwr][INFO] - aggregate_evaluate: received 3 results and 0 failures
[2025-01-07 14:22:20,802][flwr][INFO] - 
[2025-01-07 14:22:20,802][flwr][INFO] - [SUMMARY]
[2025-01-07 14:22:20,802][flwr][INFO] - Run finished 5 round(s) in 55.24s
[2025-01-07 14:22:20,803][flwr][INFO] - 	History (loss, distributed):
[2025-01-07 14:22:20,803][flwr][INFO] - 		round 1: 43.89976175626119
[2025-01-07 14:22:20,803][flwr][INFO] - 		round 2: 43.77542503674825
[2025-01-07 14:22:20,803][flwr][INFO] - 		round 3: 43.778390407562256
[2025-01-07 14:22:20,803][flwr][INFO] - 		round 4: 43.770403146743774
[2025-01-07 14:22:20,803][flwr][INFO] - 		round 5: 43.88620162010193
[2025-01-07 14:22:20,804][flwr][INFO] - 	History (loss, centralized):
[2025-01-07 14:22:20,804][flwr][INFO] - 		round 0: 181.9851517677307
[2025-01-07 14:22:20,804][flwr][INFO] - 		round 1: 182.09968304634094
[2025-01-07 14:22:20,804][flwr][INFO] - 		round 2: 181.9360692501068
[2025-01-07 14:22:20,804][flwr][INFO] - 		round 3: 182.07915425300598
[2025-01-07 14:22:20,804][flwr][INFO] - 		round 4: 182.12448406219482
[2025-01-07 14:22:20,804][flwr][INFO] - 		round 5: 182.06667947769165
[2025-01-07 14:22:20,804][flwr][INFO] - 	History (metrics, centralized):
[2025-01-07 14:22:20,804][flwr][INFO] - 	{'accuracy': [(0, 0.0771),
[2025-01-07 14:22:20,805][flwr][INFO] - 	              (1, 0.1135),
[2025-01-07 14:22:20,805][flwr][INFO] - 	              (2, 0.1135),
[2025-01-07 14:22:20,805][flwr][INFO] - 	              (3, 0.0892),
[2025-01-07 14:22:20,805][flwr][INFO] - 	              (4, 0.1135),
[2025-01-07 14:22:20,805][flwr][INFO] - 	              (5, 0.1135)]}
[2025-01-07 14:22:20,805][flwr][INFO] - 
