[2024-12-30 23:03:07,311][flwr][INFO] - Starting Flower simulation, config: num_rounds=10, no round_timeout
[2024-12-30 23:03:10,758][flwr][INFO] - Flower VCE: Ray initialized with resources: {'node:__internal_head__': 1.0, 'memory': 6075585332.0, 'object_store_memory': 3037792665.0, 'CPU': 12.0, 'node:192.168.1.11': 1.0}
[2024-12-30 23:03:10,758][flwr][INFO] - Optimize your simulation with Flower VCE: https://flower.ai/docs/framework/how-to-run-simulations.html
[2024-12-30 23:03:10,758][flwr][INFO] - Flower VCE: Resources for each Virtual Client: {'num_cpus': 2, 'num_gpus': 0}
[2024-12-30 23:03:10,770][flwr][INFO] - Flower VCE: Creating VirtualClientEngineActorPool with 6 actors
[2024-12-30 23:03:10,770][flwr][INFO] - [INIT]
[2024-12-30 23:03:10,770][flwr][INFO] - Using initial global parameters provided by strategy
[2024-12-30 23:03:10,771][flwr][INFO] - Starting evaluation of initial global parameters
[2024-12-30 23:03:13,442][flwr][INFO] - initial parameters (loss, other metrics): 181.96220993995667, {'accuracy': 0.1073}
[2024-12-30 23:03:13,442][flwr][INFO] - 
[2024-12-30 23:03:13,442][flwr][INFO] - [ROUND 1]
[2024-12-30 23:03:13,446][flwr][INFO] - configure_fit: strategy sampled 2 clients (out of 10)
[2024-12-30 23:03:27,824][flwr][INFO] - aggregate_fit: received 2 results and 0 failures
[2024-12-30 23:03:29,989][flwr][WARNING] - No fit_metrics_aggregation_fn provided
[2024-12-30 23:03:31,490][flwr][INFO] - fit progress: (1, 94.30937784910202, {'accuracy': 0.9647}, 18.047741874997882)
[2024-12-30 23:03:31,490][flwr][INFO] - configure_evaluate: strategy sampled 2 clients (out of 10)
[2024-12-30 23:03:31,891][flwr][INFO] - aggregate_evaluate: received 2 results and 0 failures
[2024-12-30 23:03:31,891][flwr][WARNING] - No evaluate_metrics_aggregation_fn provided
[2024-12-30 23:03:31,891][flwr][INFO] - 
[2024-12-30 23:03:31,891][flwr][INFO] - [ROUND 2]
[2024-12-30 23:03:31,894][flwr][INFO] - configure_fit: strategy sampled 2 clients (out of 10)
[2024-12-30 23:03:45,121][flwr][INFO] - aggregate_fit: received 2 results and 0 failures
[2024-12-30 23:03:48,688][flwr][INFO] - fit progress: (2, 9.899301828816533, {'accuracy': 0.9815}, 35.24601622799673)
[2024-12-30 23:03:48,688][flwr][INFO] - configure_evaluate: strategy sampled 2 clients (out of 10)
[2024-12-30 23:03:49,089][flwr][INFO] - aggregate_evaluate: received 2 results and 0 failures
[2024-12-30 23:03:49,089][flwr][INFO] - 
[2024-12-30 23:03:49,089][flwr][INFO] - [ROUND 3]
[2024-12-30 23:03:49,091][flwr][INFO] - configure_fit: strategy sampled 2 clients (out of 10)
[2024-12-30 23:04:02,186][flwr][INFO] - aggregate_fit: received 2 results and 0 failures
[2024-12-30 23:04:06,048][flwr][INFO] - fit progress: (3, 6.022282619960606, {'accuracy': 0.9837}, 52.606414066998695)
[2024-12-30 23:04:06,049][flwr][INFO] - configure_evaluate: strategy sampled 2 clients (out of 10)
[2024-12-30 23:04:06,455][flwr][INFO] - aggregate_evaluate: received 2 results and 0 failures
[2024-12-30 23:04:06,455][flwr][INFO] - 
[2024-12-30 23:04:06,455][flwr][INFO] - [ROUND 4]
[2024-12-30 23:04:06,459][flwr][INFO] - configure_fit: strategy sampled 2 clients (out of 10)
[2024-12-30 23:04:19,603][flwr][INFO] - aggregate_fit: received 2 results and 0 failures
[2024-12-30 23:04:23,242][flwr][INFO] - fit progress: (4, 5.019989354768768, {'accuracy': 0.9845}, 69.79989856199973)
[2024-12-30 23:04:23,242][flwr][INFO] - configure_evaluate: strategy sampled 2 clients (out of 10)
[2024-12-30 23:04:23,678][flwr][INFO] - aggregate_evaluate: received 2 results and 0 failures
[2024-12-30 23:04:23,679][flwr][INFO] - 
[2024-12-30 23:04:23,679][flwr][INFO] - [ROUND 5]
[2024-12-30 23:04:23,682][flwr][INFO] - configure_fit: strategy sampled 2 clients (out of 10)
[2024-12-30 23:04:36,583][flwr][INFO] - aggregate_fit: received 2 results and 0 failures
[2024-12-30 23:04:40,062][flwr][INFO] - fit progress: (5, 4.368281236849725, {'accuracy': 0.9846}, 86.61993299299866)
[2024-12-30 23:04:40,062][flwr][INFO] - configure_evaluate: strategy sampled 2 clients (out of 10)
[2024-12-30 23:04:40,462][flwr][INFO] - aggregate_evaluate: received 2 results and 0 failures
[2024-12-30 23:04:40,462][flwr][INFO] - 
[2024-12-30 23:04:40,462][flwr][INFO] - [ROUND 6]
[2024-12-30 23:04:40,465][flwr][INFO] - configure_fit: strategy sampled 2 clients (out of 10)
[2024-12-30 23:04:53,701][flwr][INFO] - aggregate_fit: received 2 results and 0 failures
[2024-12-30 23:04:57,080][flwr][INFO] - fit progress: (6, 3.882446210598573, {'accuracy': 0.9859}, 103.63760037699831)
[2024-12-30 23:04:57,080][flwr][INFO] - configure_evaluate: strategy sampled 2 clients (out of 10)
[2024-12-30 23:04:57,502][flwr][INFO] - aggregate_evaluate: received 2 results and 0 failures
[2024-12-30 23:04:57,502][flwr][INFO] - 
[2024-12-30 23:04:57,502][flwr][INFO] - [ROUND 7]
[2024-12-30 23:04:57,506][flwr][INFO] - configure_fit: strategy sampled 2 clients (out of 10)
[2024-12-30 23:05:10,512][flwr][INFO] - aggregate_fit: received 2 results and 0 failures
[2024-12-30 23:05:14,287][flwr][INFO] - fit progress: (7, 3.6380846051324625, {'accuracy': 0.9869}, 120.84500388299784)
[2024-12-30 23:05:14,287][flwr][INFO] - configure_evaluate: strategy sampled 2 clients (out of 10)
[2024-12-30 23:05:14,763][flwr][INFO] - aggregate_evaluate: received 2 results and 0 failures
[2024-12-30 23:05:14,763][flwr][INFO] - 
[2024-12-30 23:05:14,763][flwr][INFO] - [ROUND 8]
[2024-12-30 23:05:14,767][flwr][INFO] - configure_fit: strategy sampled 2 clients (out of 10)
[2024-12-30 23:05:27,789][flwr][INFO] - aggregate_fit: received 2 results and 0 failures
[2024-12-30 23:05:31,438][flwr][INFO] - fit progress: (8, 3.508479946613079, {'accuracy': 0.9874}, 137.99615332699977)
[2024-12-30 23:05:31,439][flwr][INFO] - configure_evaluate: strategy sampled 2 clients (out of 10)
[2024-12-30 23:05:31,882][flwr][INFO] - aggregate_evaluate: received 2 results and 0 failures
[2024-12-30 23:05:31,882][flwr][INFO] - 
[2024-12-30 23:05:31,883][flwr][INFO] - [ROUND 9]
[2024-12-30 23:05:31,886][flwr][INFO] - configure_fit: strategy sampled 2 clients (out of 10)
[2024-12-30 23:05:44,975][flwr][INFO] - aggregate_fit: received 2 results and 0 failures
[2024-12-30 23:05:48,550][flwr][INFO] - fit progress: (9, 3.350715716354898, {'accuracy': 0.9876}, 155.10821569399923)
[2024-12-30 23:05:48,551][flwr][INFO] - configure_evaluate: strategy sampled 2 clients (out of 10)
[2024-12-30 23:05:49,006][flwr][INFO] - aggregate_evaluate: received 2 results and 0 failures
[2024-12-30 23:05:49,006][flwr][INFO] - 
[2024-12-30 23:05:49,006][flwr][INFO] - [ROUND 10]
[2024-12-30 23:05:49,010][flwr][INFO] - configure_fit: strategy sampled 2 clients (out of 10)
[2024-12-30 23:06:02,215][flwr][INFO] - aggregate_fit: received 2 results and 0 failures
[2024-12-30 23:06:06,085][flwr][INFO] - fit progress: (10, 3.2404530211206293, {'accuracy': 0.9877}, 172.64307558699875)
[2024-12-30 23:06:06,085][flwr][INFO] - configure_evaluate: strategy sampled 2 clients (out of 10)
[2024-12-30 23:06:06,494][flwr][INFO] - aggregate_evaluate: received 2 results and 0 failures
[2024-12-30 23:06:06,494][flwr][INFO] - 
[2024-12-30 23:06:06,494][flwr][INFO] - [SUMMARY]
[2024-12-30 23:06:06,494][flwr][INFO] - Run finished 10 round(s) in 173.05s
[2024-12-30 23:06:06,495][flwr][INFO] - 	History (loss, distributed):
[2024-12-30 23:06:06,495][flwr][INFO] - 		round 1: 46.066938638687134
[2024-12-30 23:06:06,495][flwr][INFO] - 		round 2: 5.391915461048484
[2024-12-30 23:06:06,495][flwr][INFO] - 		round 3: 3.356652148766443
[2024-12-30 23:06:06,495][flwr][INFO] - 		round 4: 2.166466586641036
[2024-12-30 23:06:06,495][flwr][INFO] - 		round 5: 2.327154476195574
[2024-12-30 23:06:06,495][flwr][INFO] - 		round 6: 2.649631814623717
[2024-12-30 23:06:06,495][flwr][INFO] - 		round 7: 1.6890631580754416
[2024-12-30 23:06:06,495][flwr][INFO] - 		round 8: 3.0001127995783463
[2024-12-30 23:06:06,495][flwr][INFO] - 		round 9: 2.0310883918209583
[2024-12-30 23:06:06,496][flwr][INFO] - 		round 10: 1.1832225857215235
[2024-12-30 23:06:06,496][flwr][INFO] - 	History (loss, centralized):
[2024-12-30 23:06:06,496][flwr][INFO] - 		round 0: 181.96220993995667
[2024-12-30 23:06:06,496][flwr][INFO] - 		round 1: 94.30937784910202
[2024-12-30 23:06:06,496][flwr][INFO] - 		round 2: 9.899301828816533
[2024-12-30 23:06:06,496][flwr][INFO] - 		round 3: 6.022282619960606
[2024-12-30 23:06:06,496][flwr][INFO] - 		round 4: 5.019989354768768
[2024-12-30 23:06:06,496][flwr][INFO] - 		round 5: 4.368281236849725
[2024-12-30 23:06:06,496][flwr][INFO] - 		round 6: 3.882446210598573
[2024-12-30 23:06:06,496][flwr][INFO] - 		round 7: 3.6380846051324625
[2024-12-30 23:06:06,496][flwr][INFO] - 		round 8: 3.508479946613079
[2024-12-30 23:06:06,496][flwr][INFO] - 		round 9: 3.350715716354898
[2024-12-30 23:06:06,496][flwr][INFO] - 		round 10: 3.2404530211206293
[2024-12-30 23:06:06,497][flwr][INFO] - 	History (metrics, centralized):
[2024-12-30 23:06:06,497][flwr][INFO] - 	{'accuracy': [(0, 0.1073),
[2024-12-30 23:06:06,497][flwr][INFO] - 	              (1, 0.9647),
[2024-12-30 23:06:06,497][flwr][INFO] - 	              (2, 0.9815),
[2024-12-30 23:06:06,497][flwr][INFO] - 	              (3, 0.9837),
[2024-12-30 23:06:06,497][flwr][INFO] - 	              (4, 0.9845),
[2024-12-30 23:06:06,497][flwr][INFO] - 	              (5, 0.9846),
[2024-12-30 23:06:06,497][flwr][INFO] - 	              (6, 0.9859),
[2024-12-30 23:06:06,497][flwr][INFO] - 	              (7, 0.9869),
[2024-12-30 23:06:06,497][flwr][INFO] - 	              (8, 0.9874),
[2024-12-30 23:06:06,497][flwr][INFO] - 	              (9, 0.9876),
[2024-12-30 23:06:06,497][flwr][INFO] - 	              (10, 0.9877)]}
[2024-12-30 23:06:06,497][flwr][INFO] - 
