[2025-01-10 11:32:59,299][flwr][INFO] - Starting Flower simulation, config: num_rounds=10, no round_timeout
[2025-01-10 11:33:04,379][flwr][INFO] - Flower VCE: Ray initialized with resources: {'node:__internal_head__': 1.0, 'memory': 4678029312.0, 'object_store_memory': 2339014656.0, 'CPU': 12.0, 'node:192.168.1.11': 1.0}
[2025-01-10 11:33:04,379][flwr][INFO] - Optimize your simulation with Flower VCE: https://flower.ai/docs/framework/how-to-run-simulations.html
[2025-01-10 11:33:04,380][flwr][INFO] - Flower VCE: Resources for each Virtual Client: {'num_cpus': 2, 'num_gpus': 0}
[2025-01-10 11:33:04,399][flwr][INFO] - Flower VCE: Creating VirtualClientEngineActorPool with 6 actors
[2025-01-10 11:33:04,399][flwr][INFO] - [INIT]
[2025-01-10 11:33:04,400][flwr][INFO] - Using initial global parameters provided by strategy
[2025-01-10 11:33:04,400][flwr][INFO] - Starting evaluation of initial global parameters
[2025-01-10 11:33:17,838][flwr][INFO] - initial parameters (loss, other metrics): 3956.610722064972, {'accuracy': 0.4993141410055748}
[2025-01-10 11:33:17,838][flwr][INFO] - 
[2025-01-10 11:33:17,838][flwr][INFO] - [ROUND 1]
[2025-01-10 11:33:17,838][flwr][INFO] - configure_fit: strategy sampled 7 clients (out of 10)
[2025-01-10 11:34:36,845][flwr][INFO] - aggregate_fit: received 7 results and 0 failures
[2025-01-10 11:34:36,864][flwr][WARNING] - No fit_metrics_aggregation_fn provided
[2025-01-10 11:34:48,512][flwr][INFO] - fit progress: (1, 3036.4689806103706, {'accuracy': 0.9174067495559503}, 90.23204758399515)
[2025-01-10 11:34:48,512][flwr][INFO] - configure_evaluate: strategy sampled 5 clients (out of 10)
[2025-01-10 11:34:50,132][flwr][INFO] - aggregate_evaluate: received 5 results and 0 failures
[2025-01-10 11:34:50,133][flwr][WARNING] - No evaluate_metrics_aggregation_fn provided
[2025-01-10 11:34:50,133][flwr][INFO] - 
[2025-01-10 11:34:50,133][flwr][INFO] - [ROUND 2]
[2025-01-10 11:34:50,134][flwr][INFO] - configure_fit: strategy sampled 7 clients (out of 10)
[2025-01-10 11:36:21,596][flwr][INFO] - aggregate_fit: received 7 results and 0 failures
[2025-01-10 11:36:32,730][flwr][INFO] - fit progress: (2, 940.3083730041981, {'accuracy': 0.9693737579797056}, 194.44968644999608)
[2025-01-10 11:36:32,730][flwr][INFO] - configure_evaluate: strategy sampled 5 clients (out of 10)
[2025-01-10 11:36:34,146][flwr][INFO] - aggregate_evaluate: received 5 results and 0 failures
[2025-01-10 11:36:34,146][flwr][INFO] - 
[2025-01-10 11:36:34,146][flwr][INFO] - [ROUND 3]
[2025-01-10 11:36:34,146][flwr][INFO] - configure_fit: strategy sampled 7 clients (out of 10)
[2025-01-10 11:38:04,125][flwr][INFO] - aggregate_fit: received 7 results and 0 failures
[2025-01-10 11:38:14,706][flwr][INFO] - fit progress: (3, 153.09250902646454, {'accuracy': 0.9950231257584018}, 296.4261146969948)
[2025-01-10 11:38:14,707][flwr][INFO] - configure_evaluate: strategy sampled 5 clients (out of 10)
[2025-01-10 11:38:16,585][flwr][INFO] - aggregate_evaluate: received 5 results and 0 failures
[2025-01-10 11:38:16,586][flwr][INFO] - 
[2025-01-10 11:38:16,586][flwr][INFO] - [ROUND 4]
[2025-01-10 11:38:16,587][flwr][INFO] - configure_fit: strategy sampled 7 clients (out of 10)
[2025-01-10 11:40:07,198][flwr][INFO] - aggregate_fit: received 7 results and 0 failures
[2025-01-10 11:40:17,958][flwr][INFO] - fit progress: (4, 93.86910313215631, {'accuracy': 0.9988832808680512}, 419.6784337559948)
[2025-01-10 11:40:17,959][flwr][INFO] - configure_evaluate: strategy sampled 5 clients (out of 10)
[2025-01-10 11:40:19,511][flwr][INFO] - aggregate_evaluate: received 5 results and 0 failures
[2025-01-10 11:40:19,511][flwr][INFO] - 
[2025-01-10 11:40:19,511][flwr][INFO] - [ROUND 5]
[2025-01-10 11:40:19,511][flwr][INFO] - configure_fit: strategy sampled 7 clients (out of 10)
[2025-01-10 11:41:48,206][flwr][INFO] - aggregate_fit: received 7 results and 0 failures
[2025-01-10 11:41:59,611][flwr][INFO] - fit progress: (5, 106.44721858323295, {'accuracy': 0.9990327629565798}, 521.3310115109925)
[2025-01-10 11:41:59,612][flwr][INFO] - configure_evaluate: strategy sampled 5 clients (out of 10)
[2025-01-10 11:42:01,284][flwr][INFO] - aggregate_evaluate: received 5 results and 0 failures
[2025-01-10 11:42:01,285][flwr][INFO] - 
[2025-01-10 11:42:01,285][flwr][INFO] - [ROUND 6]
[2025-01-10 11:42:01,285][flwr][INFO] - configure_fit: strategy sampled 7 clients (out of 10)
[2025-01-10 11:43:13,796][flwr][INFO] - aggregate_fit: received 7 results and 0 failures
[2025-01-10 11:43:25,363][flwr][INFO] - fit progress: (6, 128.1780448417741, {'accuracy': 0.9990151768285177}, 607.0835128899926)
[2025-01-10 11:43:25,364][flwr][INFO] - configure_evaluate: strategy sampled 5 clients (out of 10)
[2025-01-10 11:43:26,978][flwr][INFO] - aggregate_evaluate: received 5 results and 0 failures
[2025-01-10 11:43:26,978][flwr][INFO] - 
[2025-01-10 11:43:26,978][flwr][INFO] - [ROUND 7]
[2025-01-10 11:43:26,979][flwr][INFO] - configure_fit: strategy sampled 7 clients (out of 10)
[2025-01-10 11:45:05,225][flwr][INFO] - aggregate_fit: received 7 results and 0 failures
[2025-01-10 11:45:17,434][flwr][INFO] - fit progress: (7, 155.57862142203885, {'accuracy': 0.9990943144047975}, 719.1544423259911)
[2025-01-10 11:45:17,435][flwr][INFO] - configure_evaluate: strategy sampled 5 clients (out of 10)
[2025-01-10 11:45:18,975][flwr][INFO] - aggregate_evaluate: received 5 results and 0 failures
[2025-01-10 11:45:18,975][flwr][INFO] - 
[2025-01-10 11:45:18,975][flwr][INFO] - [ROUND 8]
[2025-01-10 11:45:18,976][flwr][INFO] - configure_fit: strategy sampled 7 clients (out of 10)
[2025-01-10 11:46:58,880][flwr][INFO] - aggregate_fit: received 7 results and 0 failures
[2025-01-10 11:47:10,943][flwr][INFO] - fit progress: (8, 150.5800136393444, {'accuracy': 0.9991646589170462}, 832.6632119849965)
[2025-01-10 11:47:10,944][flwr][INFO] - configure_evaluate: strategy sampled 5 clients (out of 10)
[2025-01-10 11:47:12,668][flwr][INFO] - aggregate_evaluate: received 5 results and 0 failures
[2025-01-10 11:47:12,669][flwr][INFO] - 
[2025-01-10 11:47:12,669][flwr][INFO] - [ROUND 9]
[2025-01-10 11:47:12,669][flwr][INFO] - configure_fit: strategy sampled 7 clients (out of 10)
[2025-01-10 11:48:57,461][flwr][INFO] - aggregate_fit: received 7 results and 0 failures
[2025-01-10 11:49:09,584][flwr][INFO] - fit progress: (9, 130.4284219668726, {'accuracy': 0.9992701756854193}, 951.3035212939867)
[2025-01-10 11:49:09,584][flwr][INFO] - configure_evaluate: strategy sampled 5 clients (out of 10)
[2025-01-10 11:49:11,452][flwr][INFO] - aggregate_evaluate: received 5 results and 0 failures
[2025-01-10 11:49:11,452][flwr][INFO] - 
[2025-01-10 11:49:11,453][flwr][INFO] - [ROUND 10]
[2025-01-10 11:49:11,453][flwr][INFO] - configure_fit: strategy sampled 7 clients (out of 10)
[2025-01-10 11:51:17,707][flwr][INFO] - aggregate_fit: received 7 results and 0 failures
[2025-01-10 11:51:29,827][flwr][INFO] - fit progress: (10, 96.63257194584884, {'accuracy': 0.9992701756854193}, 1091.5467879189964)
[2025-01-10 11:51:29,827][flwr][INFO] - configure_evaluate: strategy sampled 5 clients (out of 10)
[2025-01-10 11:51:31,561][flwr][INFO] - aggregate_evaluate: received 5 results and 0 failures
[2025-01-10 11:51:31,561][flwr][INFO] - 
[2025-01-10 11:51:31,562][flwr][INFO] - [SUMMARY]
[2025-01-10 11:51:31,562][flwr][INFO] - Run finished 10 round(s) in 1093.28s
[2025-01-10 11:51:31,562][flwr][INFO] - 	History (loss, distributed):
[2025-01-10 11:51:31,562][flwr][INFO] - 		round 1: 216.266956260006
[2025-01-10 11:51:31,562][flwr][INFO] - 		round 2: 74.35111864982407
[2025-01-10 11:51:31,562][flwr][INFO] - 		round 3: 11.899596523890729
[2025-01-10 11:51:31,562][flwr][INFO] - 		round 4: 3.487760391820494
[2025-01-10 11:51:31,562][flwr][INFO] - 		round 5: 2.890410083665338
[2025-01-10 11:51:31,562][flwr][INFO] - 		round 6: 5.276238346221101
[2025-01-10 11:51:31,562][flwr][INFO] - 		round 7: 6.491065652698191
[2025-01-10 11:51:31,562][flwr][INFO] - 		round 8: 6.6448569013522985
[2025-01-10 11:51:31,562][flwr][INFO] - 		round 9: 10.254462227091242
[2025-01-10 11:51:31,562][flwr][INFO] - 		round 10: 4.5138705137936945
[2025-01-10 11:51:31,563][flwr][INFO] - 	History (loss, centralized):
[2025-01-10 11:51:31,563][flwr][INFO] - 		round 0: 3956.610722064972
[2025-01-10 11:51:31,563][flwr][INFO] - 		round 1: 3036.4689806103706
[2025-01-10 11:51:31,563][flwr][INFO] - 		round 2: 940.3083730041981
[2025-01-10 11:51:31,563][flwr][INFO] - 		round 3: 153.09250902646454
[2025-01-10 11:51:31,563][flwr][INFO] - 		round 4: 93.86910313215631
[2025-01-10 11:51:31,563][flwr][INFO] - 		round 5: 106.44721858323295
[2025-01-10 11:51:31,563][flwr][INFO] - 		round 6: 128.1780448417741
[2025-01-10 11:51:31,563][flwr][INFO] - 		round 7: 155.57862142203885
[2025-01-10 11:51:31,563][flwr][INFO] - 		round 8: 150.5800136393444
[2025-01-10 11:51:31,563][flwr][INFO] - 		round 9: 130.4284219668726
[2025-01-10 11:51:31,563][flwr][INFO] - 		round 10: 96.63257194584884
[2025-01-10 11:51:31,563][flwr][INFO] - 	History (metrics, centralized):
[2025-01-10 11:51:31,563][flwr][INFO] - 	{'accuracy': [(0, 0.4993141410055748),
[2025-01-10 11:51:31,563][flwr][INFO] - 	              (1, 0.9174067495559503),
[2025-01-10 11:51:31,563][flwr][INFO] - 	              (2, 0.9693737579797056),
[2025-01-10 11:51:31,563][flwr][INFO] - 	              (3, 0.9950231257584018),
[2025-01-10 11:51:31,563][flwr][INFO] - 	              (4, 0.9988832808680512),
[2025-01-10 11:51:31,563][flwr][INFO] - 	              (5, 0.9990327629565798),
[2025-01-10 11:51:31,563][flwr][INFO] - 	              (6, 0.9990151768285177),
[2025-01-10 11:51:31,563][flwr][INFO] - 	              (7, 0.9990943144047975),
[2025-01-10 11:51:31,563][flwr][INFO] - 	              (8, 0.9991646589170462),
[2025-01-10 11:51:31,564][flwr][INFO] - 	              (9, 0.9992701756854193),
[2025-01-10 11:51:31,564][flwr][INFO] - 	              (10, 0.9992701756854193)]}
[2025-01-10 11:51:31,564][flwr][INFO] - 
