[2025-01-07 19:31:10,413][flwr][INFO] - Starting Flower simulation, config: num_rounds=15, no round_timeout
[2025-01-07 19:31:13,996][flwr][INFO] - Flower VCE: Ray initialized with resources: {'node:192.168.1.11': 1.0, 'CPU': 12.0, 'node:__internal_head__': 1.0, 'memory': 6285437339.0, 'object_store_memory': 3142718668.0}
[2025-01-07 19:31:13,996][flwr][INFO] - Optimize your simulation with Flower VCE: https://flower.ai/docs/framework/how-to-run-simulations.html
[2025-01-07 19:31:13,996][flwr][INFO] - Flower VCE: Resources for each Virtual Client: {'num_cpus': 2, 'num_gpus': 0}
[2025-01-07 19:31:14,004][flwr][INFO] - Flower VCE: Creating VirtualClientEngineActorPool with 6 actors
[2025-01-07 19:31:14,004][flwr][INFO] - [INIT]
[2025-01-07 19:31:14,004][flwr][INFO] - Requesting initial parameters from one random client
[2025-01-07 19:31:16,354][flwr][INFO] - Received initial parameters from one random client
[2025-01-07 19:31:16,355][flwr][INFO] - Starting evaluation of initial global parameters
[2025-01-07 19:31:18,232][flwr][INFO] - initial parameters (loss, other metrics): 182.17085075378418, {'accuracy': 0.1177}
[2025-01-07 19:31:18,233][flwr][INFO] - 
[2025-01-07 19:31:18,233][flwr][INFO] - [ROUND 1]
[2025-01-07 19:31:18,233][flwr][INFO] - configure_fit: strategy sampled 2 clients (out of 5)
[2025-01-07 19:31:47,309][flwr][INFO] - aggregate_fit: received 2 results and 0 failures
[2025-01-07 19:31:47,315][flwr][WARNING] - No fit_metrics_aggregation_fn provided
[2025-01-07 19:31:48,675][flwr][INFO] - fit progress: (1, 192.07998824119568, {'accuracy': 0.0975}, 30.44291063700075)
[2025-01-07 19:31:48,676][flwr][INFO] - configure_evaluate: strategy sampled 3 clients (out of 5)
[2025-01-07 19:31:51,073][flwr][INFO] - aggregate_evaluate: received 3 results and 0 failures
[2025-01-07 19:31:51,073][flwr][WARNING] - No evaluate_metrics_aggregation_fn provided
[2025-01-07 19:31:51,073][flwr][INFO] - 
[2025-01-07 19:31:51,073][flwr][INFO] - [ROUND 2]
[2025-01-07 19:31:51,073][flwr][INFO] - configure_fit: strategy sampled 2 clients (out of 5)
[2025-01-07 19:32:16,295][flwr][INFO] - aggregate_fit: received 2 results and 0 failures
[2025-01-07 19:32:17,786][flwr][INFO] - fit progress: (2, 184.25858449935913, {'accuracy': 0.101}, 59.55300063500181)
[2025-01-07 19:32:17,786][flwr][INFO] - configure_evaluate: strategy sampled 3 clients (out of 5)
[2025-01-07 19:32:18,491][flwr][INFO] - aggregate_evaluate: received 3 results and 0 failures
[2025-01-07 19:32:18,492][flwr][INFO] - 
[2025-01-07 19:32:18,492][flwr][INFO] - [ROUND 3]
[2025-01-07 19:32:18,492][flwr][INFO] - configure_fit: strategy sampled 2 clients (out of 5)
[2025-01-07 19:32:41,448][flwr][INFO] - aggregate_fit: received 2 results and 0 failures
[2025-01-07 19:32:42,743][flwr][INFO] - fit progress: (3, 181.96446418762207, {'accuracy': 0.1135}, 84.51074123800208)
[2025-01-07 19:32:42,744][flwr][INFO] - configure_evaluate: strategy sampled 3 clients (out of 5)
[2025-01-07 19:32:43,448][flwr][INFO] - aggregate_evaluate: received 3 results and 0 failures
[2025-01-07 19:32:43,448][flwr][INFO] - 
[2025-01-07 19:32:43,448][flwr][INFO] - [ROUND 4]
[2025-01-07 19:32:43,449][flwr][INFO] - configure_fit: strategy sampled 2 clients (out of 5)
[2025-01-07 19:33:05,800][flwr][INFO] - aggregate_fit: received 2 results and 0 failures
[2025-01-07 19:33:06,957][flwr][INFO] - fit progress: (4, 181.89882254600525, {'accuracy': 0.1135}, 108.7242963749959)
[2025-01-07 19:33:06,957][flwr][INFO] - configure_evaluate: strategy sampled 3 clients (out of 5)
[2025-01-07 19:33:07,662][flwr][INFO] - aggregate_evaluate: received 3 results and 0 failures
[2025-01-07 19:33:07,662][flwr][INFO] - 
[2025-01-07 19:33:07,662][flwr][INFO] - [ROUND 5]
[2025-01-07 19:33:07,662][flwr][INFO] - configure_fit: strategy sampled 2 clients (out of 5)
[2025-01-07 19:33:30,433][flwr][INFO] - aggregate_fit: received 2 results and 0 failures
[2025-01-07 19:33:31,907][flwr][INFO] - fit progress: (5, 182.00869488716125, {'accuracy': 0.0958}, 133.67493382300017)
[2025-01-07 19:33:31,908][flwr][INFO] - configure_evaluate: strategy sampled 3 clients (out of 5)
[2025-01-07 19:33:32,600][flwr][INFO] - aggregate_evaluate: received 3 results and 0 failures
[2025-01-07 19:33:32,601][flwr][INFO] - 
[2025-01-07 19:33:32,601][flwr][INFO] - [ROUND 6]
[2025-01-07 19:33:32,601][flwr][INFO] - configure_fit: strategy sampled 2 clients (out of 5)
[2025-01-07 19:33:54,547][flwr][INFO] - aggregate_fit: received 2 results and 0 failures
[2025-01-07 19:33:56,253][flwr][INFO] - fit progress: (6, 181.91324949264526, {'accuracy': 0.1135}, 158.02004109900008)
[2025-01-07 19:33:56,253][flwr][INFO] - configure_evaluate: strategy sampled 3 clients (out of 5)
[2025-01-07 19:33:56,901][flwr][INFO] - aggregate_evaluate: received 3 results and 0 failures
[2025-01-07 19:33:56,901][flwr][INFO] - 
[2025-01-07 19:33:56,901][flwr][INFO] - [ROUND 7]
[2025-01-07 19:33:56,901][flwr][INFO] - configure_fit: strategy sampled 2 clients (out of 5)
[2025-01-07 19:34:19,466][flwr][INFO] - aggregate_fit: received 2 results and 0 failures
[2025-01-07 19:34:20,664][flwr][INFO] - fit progress: (7, 182.23083591461182, {'accuracy': 0.1028}, 182.43188714999997)
[2025-01-07 19:34:20,665][flwr][INFO] - configure_evaluate: strategy sampled 3 clients (out of 5)
[2025-01-07 19:34:21,488][flwr][INFO] - aggregate_evaluate: received 3 results and 0 failures
[2025-01-07 19:34:21,488][flwr][INFO] - 
[2025-01-07 19:34:21,489][flwr][INFO] - [ROUND 8]
[2025-01-07 19:34:21,489][flwr][INFO] - configure_fit: strategy sampled 2 clients (out of 5)
[2025-01-07 19:34:44,289][flwr][INFO] - aggregate_fit: received 2 results and 0 failures
[2025-01-07 19:34:45,877][flwr][INFO] - fit progress: (8, 182.10196614265442, {'accuracy': 0.1135}, 207.64443019800092)
[2025-01-07 19:34:45,877][flwr][INFO] - configure_evaluate: strategy sampled 3 clients (out of 5)
[2025-01-07 19:34:46,595][flwr][INFO] - aggregate_evaluate: received 3 results and 0 failures
[2025-01-07 19:34:46,595][flwr][INFO] - 
[2025-01-07 19:34:46,595][flwr][INFO] - [ROUND 9]
[2025-01-07 19:34:46,596][flwr][INFO] - configure_fit: strategy sampled 2 clients (out of 5)
[2025-01-07 19:35:08,707][flwr][INFO] - aggregate_fit: received 2 results and 0 failures
[2025-01-07 19:35:10,111][flwr][INFO] - fit progress: (9, 181.9729597568512, {'accuracy': 0.1028}, 231.87863660899893)
[2025-01-07 19:35:10,111][flwr][INFO] - configure_evaluate: strategy sampled 3 clients (out of 5)
[2025-01-07 19:35:10,810][flwr][INFO] - aggregate_evaluate: received 3 results and 0 failures
[2025-01-07 19:35:10,811][flwr][INFO] - 
[2025-01-07 19:35:10,811][flwr][INFO] - [ROUND 10]
[2025-01-07 19:35:10,811][flwr][INFO] - configure_fit: strategy sampled 2 clients (out of 5)
[2025-01-07 19:35:33,385][flwr][INFO] - aggregate_fit: received 2 results and 0 failures
[2025-01-07 19:35:35,310][flwr][INFO] - fit progress: (10, 181.8849174976349, {'accuracy': 0.1135}, 257.07713504599815)
[2025-01-07 19:35:35,310][flwr][INFO] - configure_evaluate: strategy sampled 3 clients (out of 5)
[2025-01-07 19:35:36,062][flwr][INFO] - aggregate_evaluate: received 3 results and 0 failures
[2025-01-07 19:35:36,062][flwr][INFO] - 
[2025-01-07 19:35:36,062][flwr][INFO] - [ROUND 11]
[2025-01-07 19:35:36,063][flwr][INFO] - configure_fit: strategy sampled 2 clients (out of 5)
[2025-01-07 19:35:58,417][flwr][INFO] - aggregate_fit: received 2 results and 0 failures
[2025-01-07 19:35:59,612][flwr][INFO] - fit progress: (11, 181.89681124687195, {'accuracy': 0.1135}, 281.3794777669973)
[2025-01-07 19:35:59,612][flwr][INFO] - configure_evaluate: strategy sampled 3 clients (out of 5)
[2025-01-07 19:36:00,360][flwr][INFO] - aggregate_evaluate: received 3 results and 0 failures
[2025-01-07 19:36:00,360][flwr][INFO] - 
[2025-01-07 19:36:00,360][flwr][INFO] - [ROUND 12]
[2025-01-07 19:36:00,361][flwr][INFO] - configure_fit: strategy sampled 2 clients (out of 5)
[2025-01-07 19:36:22,820][flwr][INFO] - aggregate_fit: received 2 results and 0 failures
[2025-01-07 19:36:24,321][flwr][INFO] - fit progress: (12, 182.04708170890808, {'accuracy': 0.0892}, 306.0885737860008)
[2025-01-07 19:36:24,321][flwr][INFO] - configure_evaluate: strategy sampled 3 clients (out of 5)
[2025-01-07 19:36:24,970][flwr][INFO] - aggregate_evaluate: received 3 results and 0 failures
[2025-01-07 19:36:24,970][flwr][INFO] - 
[2025-01-07 19:36:24,970][flwr][INFO] - [ROUND 13]
[2025-01-07 19:36:24,971][flwr][INFO] - configure_fit: strategy sampled 2 clients (out of 5)
[2025-01-07 19:36:47,301][flwr][INFO] - aggregate_fit: received 2 results and 0 failures
[2025-01-07 19:36:48,589][flwr][INFO] - fit progress: (13, 181.88684582710266, {'accuracy': 0.1135}, 330.35659444799967)
[2025-01-07 19:36:48,589][flwr][INFO] - configure_evaluate: strategy sampled 3 clients (out of 5)
[2025-01-07 19:36:49,346][flwr][INFO] - aggregate_evaluate: received 3 results and 0 failures
[2025-01-07 19:36:49,346][flwr][INFO] - 
[2025-01-07 19:36:49,346][flwr][INFO] - [ROUND 14]
[2025-01-07 19:36:49,347][flwr][INFO] - configure_fit: strategy sampled 2 clients (out of 5)
[2025-01-07 19:37:12,069][flwr][INFO] - aggregate_fit: received 2 results and 0 failures
[2025-01-07 19:37:13,575][flwr][INFO] - fit progress: (14, 182.04075956344604, {'accuracy': 0.1135}, 355.34220676599944)
[2025-01-07 19:37:13,575][flwr][INFO] - configure_evaluate: strategy sampled 3 clients (out of 5)
[2025-01-07 19:37:14,358][flwr][INFO] - aggregate_evaluate: received 3 results and 0 failures
[2025-01-07 19:37:14,358][flwr][INFO] - 
[2025-01-07 19:37:14,358][flwr][INFO] - [ROUND 15]
[2025-01-07 19:37:14,359][flwr][INFO] - configure_fit: strategy sampled 2 clients (out of 5)
[2025-01-07 19:37:37,630][flwr][INFO] - aggregate_fit: received 2 results and 0 failures
[2025-01-07 19:37:38,962][flwr][INFO] - fit progress: (15, 182.03566813468933, {'accuracy': 0.1135}, 380.72977466599696)
[2025-01-07 19:37:38,963][flwr][INFO] - configure_evaluate: strategy sampled 3 clients (out of 5)
[2025-01-07 19:37:39,676][flwr][INFO] - aggregate_evaluate: received 3 results and 0 failures
[2025-01-07 19:37:39,677][flwr][INFO] - 
[2025-01-07 19:37:39,677][flwr][INFO] - [SUMMARY]
[2025-01-07 19:37:39,677][flwr][INFO] - Run finished 15 round(s) in 381.44s
[2025-01-07 19:37:39,677][flwr][INFO] - 	History (loss, distributed):
[2025-01-07 19:37:39,677][flwr][INFO] - 		round 1: 181.98405981063843
[2025-01-07 19:37:39,678][flwr][INFO] - 		round 2: 175.27167582511902
[2025-01-07 19:37:39,678][flwr][INFO] - 		round 3: 172.73485271135965
[2025-01-07 19:37:39,678][flwr][INFO] - 		round 4: 172.86270912488303
[2025-01-07 19:37:39,678][flwr][INFO] - 		round 5: 172.83605893452963
[2025-01-07 19:37:39,678][flwr][INFO] - 		round 6: 172.82820550600687
[2025-01-07 19:37:39,678][flwr][INFO] - 		round 7: 173.0246901512146
[2025-01-07 19:37:39,678][flwr][INFO] - 		round 8: 172.68984015782675
[2025-01-07 19:37:39,678][flwr][INFO] - 		round 9: 173.04905994733176
[2025-01-07 19:37:39,678][flwr][INFO] - 		round 10: 172.59507250785828
[2025-01-07 19:37:39,678][flwr][INFO] - 		round 11: 172.7067185242971
[2025-01-07 19:37:39,678][flwr][INFO] - 		round 12: 172.98091252644858
[2025-01-07 19:37:39,678][flwr][INFO] - 		round 13: 172.71944053967795
[2025-01-07 19:37:39,678][flwr][INFO] - 		round 14: 172.99626898765564
[2025-01-07 19:37:39,678][flwr][INFO] - 		round 15: 172.92786304155985
[2025-01-07 19:37:39,678][flwr][INFO] - 	History (loss, centralized):
[2025-01-07 19:37:39,678][flwr][INFO] - 		round 0: 182.17085075378418
[2025-01-07 19:37:39,678][flwr][INFO] - 		round 1: 192.07998824119568
[2025-01-07 19:37:39,678][flwr][INFO] - 		round 2: 184.25858449935913
[2025-01-07 19:37:39,678][flwr][INFO] - 		round 3: 181.96446418762207
[2025-01-07 19:37:39,679][flwr][INFO] - 		round 4: 181.89882254600525
[2025-01-07 19:37:39,679][flwr][INFO] - 		round 5: 182.00869488716125
[2025-01-07 19:37:39,679][flwr][INFO] - 		round 6: 181.91324949264526
[2025-01-07 19:37:39,679][flwr][INFO] - 		round 7: 182.23083591461182
[2025-01-07 19:37:39,679][flwr][INFO] - 		round 8: 182.10196614265442
[2025-01-07 19:37:39,679][flwr][INFO] - 		round 9: 181.9729597568512
[2025-01-07 19:37:39,679][flwr][INFO] - 		round 10: 181.8849174976349
[2025-01-07 19:37:39,679][flwr][INFO] - 		round 11: 181.89681124687195
[2025-01-07 19:37:39,679][flwr][INFO] - 		round 12: 182.04708170890808
[2025-01-07 19:37:39,679][flwr][INFO] - 		round 13: 181.88684582710266
[2025-01-07 19:37:39,679][flwr][INFO] - 		round 14: 182.04075956344604
[2025-01-07 19:37:39,679][flwr][INFO] - 		round 15: 182.03566813468933
[2025-01-07 19:37:39,679][flwr][INFO] - 	History (metrics, centralized):
[2025-01-07 19:37:39,679][flwr][INFO] - 	{'accuracy': [(0, 0.1177),
[2025-01-07 19:37:39,679][flwr][INFO] - 	              (1, 0.0975),
[2025-01-07 19:37:39,679][flwr][INFO] - 	              (2, 0.101),
[2025-01-07 19:37:39,679][flwr][INFO] - 	              (3, 0.1135),
[2025-01-07 19:37:39,679][flwr][INFO] - 	              (4, 0.1135),
[2025-01-07 19:37:39,679][flwr][INFO] - 	              (5, 0.0958),
[2025-01-07 19:37:39,679][flwr][INFO] - 	              (6, 0.1135),
[2025-01-07 19:37:39,680][flwr][INFO] - 	              (7, 0.1028),
[2025-01-07 19:37:39,680][flwr][INFO] - 	              (8, 0.1135),
[2025-01-07 19:37:39,680][flwr][INFO] - 	              (9, 0.1028),
[2025-01-07 19:37:39,680][flwr][INFO] - 	              (10, 0.1135),
[2025-01-07 19:37:39,680][flwr][INFO] - 	              (11, 0.1135),
[2025-01-07 19:37:39,680][flwr][INFO] - 	              (12, 0.0892),
[2025-01-07 19:37:39,680][flwr][INFO] - 	              (13, 0.1135),
[2025-01-07 19:37:39,680][flwr][INFO] - 	              (14, 0.1135),
[2025-01-07 19:37:39,680][flwr][INFO] - 	              (15, 0.1135)]}
[2025-01-07 19:37:39,680][flwr][INFO] - 
