[2024-12-31 13:32:29,483][flwr][INFO] - Starting Flower simulation, config: num_rounds=10, no round_timeout
[2024-12-31 13:32:34,692][flwr][INFO] - Flower VCE: Ray initialized with resources: {'node:__internal_head__': 1.0, 'memory': 5877505230.0, 'object_store_memory': 2938752614.0, 'node:192.168.1.11': 1.0, 'CPU': 12.0}
[2024-12-31 13:32:34,696][flwr][INFO] - Optimize your simulation with Flower VCE: https://flower.ai/docs/framework/how-to-run-simulations.html
[2024-12-31 13:32:34,697][flwr][INFO] - Flower VCE: Resources for each Virtual Client: {'num_cpus': 2, 'num_gpus': 0}
[2024-12-31 13:32:34,724][flwr][INFO] - Flower VCE: Creating VirtualClientEngineActorPool with 6 actors
[2024-12-31 13:32:34,725][flwr][INFO] - [INIT]
[2024-12-31 13:32:34,726][flwr][INFO] - Using initial global parameters provided by strategy
[2024-12-31 13:32:34,726][flwr][INFO] - Starting evaluation of initial global parameters
[2024-12-31 13:32:45,065][flwr][INFO] - initial parameters (loss, other metrics): 182.37661862373352, {'accuracy': 0.074}
[2024-12-31 13:32:45,067][flwr][INFO] - 
[2024-12-31 13:32:45,068][flwr][INFO] - [ROUND 1]
[2024-12-31 13:32:45,068][flwr][INFO] - configure_fit: strategy sampled 2 clients (out of 10)
[2024-12-31 13:33:26,551][flwr][INFO] - aggregate_fit: received 2 results and 0 failures
[2024-12-31 13:33:26,559][flwr][WARNING] - No fit_metrics_aggregation_fn provided
[2024-12-31 13:33:35,698][flwr][INFO] - fit progress: (1, 181.68830394744873, {'accuracy': 0.0892}, 50.63042654599849)
[2024-12-31 13:33:35,698][flwr][INFO] - configure_evaluate: strategy sampled 5 clients (out of 10)
[2024-12-31 13:33:42,369][flwr][INFO] - aggregate_evaluate: received 5 results and 0 failures
[2024-12-31 13:33:42,370][flwr][WARNING] - No evaluate_metrics_aggregation_fn provided
[2024-12-31 13:33:42,371][flwr][INFO] - 
[2024-12-31 13:33:42,371][flwr][INFO] - [ROUND 2]
[2024-12-31 13:33:42,372][flwr][INFO] - configure_fit: strategy sampled 2 clients (out of 10)
[2024-12-31 13:34:18,903][flwr][INFO] - aggregate_fit: received 2 results and 0 failures
[2024-12-31 13:34:26,870][flwr][INFO] - fit progress: (2, 181.40568494796753, {'accuracy': 0.1}, 101.80221512299613)
[2024-12-31 13:34:26,870][flwr][INFO] - configure_evaluate: strategy sampled 5 clients (out of 10)
[2024-12-31 13:34:28,594][flwr][INFO] - aggregate_evaluate: received 5 results and 0 failures
[2024-12-31 13:34:28,594][flwr][INFO] - 
[2024-12-31 13:34:28,595][flwr][INFO] - [ROUND 3]
[2024-12-31 13:34:28,595][flwr][INFO] - configure_fit: strategy sampled 2 clients (out of 10)
[2024-12-31 13:35:05,126][flwr][INFO] - aggregate_fit: received 2 results and 0 failures
[2024-12-31 13:35:13,950][flwr][INFO] - fit progress: (3, 178.873272895813, {'accuracy': 0.1354}, 148.88282308400085)
[2024-12-31 13:35:13,951][flwr][INFO] - configure_evaluate: strategy sampled 5 clients (out of 10)
[2024-12-31 13:35:15,745][flwr][INFO] - aggregate_evaluate: received 5 results and 0 failures
[2024-12-31 13:35:15,746][flwr][INFO] - 
[2024-12-31 13:35:15,746][flwr][INFO] - [ROUND 4]
[2024-12-31 13:35:15,746][flwr][INFO] - configure_fit: strategy sampled 2 clients (out of 10)
[2024-12-31 13:35:50,744][flwr][INFO] - aggregate_fit: received 2 results and 0 failures
[2024-12-31 13:35:59,317][flwr][INFO] - fit progress: (4, 177.01899361610413, {'accuracy': 0.1754}, 194.24988724199648)
[2024-12-31 13:35:59,321][flwr][INFO] - configure_evaluate: strategy sampled 5 clients (out of 10)
[2024-12-31 13:36:01,221][flwr][INFO] - aggregate_evaluate: received 5 results and 0 failures
[2024-12-31 13:36:01,221][flwr][INFO] - 
[2024-12-31 13:36:01,221][flwr][INFO] - [ROUND 5]
[2024-12-31 13:36:01,222][flwr][INFO] - configure_fit: strategy sampled 2 clients (out of 10)
[2024-12-31 13:36:37,007][flwr][INFO] - aggregate_fit: received 2 results and 0 failures
[2024-12-31 13:36:44,627][flwr][INFO] - fit progress: (5, 174.68840789794922, {'accuracy': 0.1431}, 239.5599945139984)
[2024-12-31 13:36:44,628][flwr][INFO] - configure_evaluate: strategy sampled 5 clients (out of 10)
[2024-12-31 13:36:46,417][flwr][INFO] - aggregate_evaluate: received 5 results and 0 failures
[2024-12-31 13:36:46,418][flwr][INFO] - 
[2024-12-31 13:36:46,418][flwr][INFO] - [ROUND 6]
[2024-12-31 13:36:46,419][flwr][INFO] - configure_fit: strategy sampled 2 clients (out of 10)
[2024-12-31 13:37:18,922][flwr][INFO] - aggregate_fit: received 2 results and 0 failures
[2024-12-31 13:37:26,863][flwr][INFO] - fit progress: (6, 172.41177678108215, {'accuracy': 0.2251}, 281.7957256669979)
[2024-12-31 13:37:26,864][flwr][INFO] - configure_evaluate: strategy sampled 5 clients (out of 10)
[2024-12-31 13:37:28,598][flwr][INFO] - aggregate_evaluate: received 5 results and 0 failures
[2024-12-31 13:37:28,598][flwr][INFO] - 
[2024-12-31 13:37:28,598][flwr][INFO] - [ROUND 7]
[2024-12-31 13:37:28,598][flwr][INFO] - configure_fit: strategy sampled 2 clients (out of 10)
[2024-12-31 13:37:45,890][flwr][INFO] - aggregate_fit: received 2 results and 0 failures
[2024-12-31 13:37:47,583][flwr][INFO] - fit progress: (7, 171.6251084804535, {'accuracy': 0.2236}, 302.5155695249996)
[2024-12-31 13:37:47,583][flwr][INFO] - configure_evaluate: strategy sampled 5 clients (out of 10)
[2024-12-31 13:37:48,353][flwr][INFO] - aggregate_evaluate: received 5 results and 0 failures
[2024-12-31 13:37:48,353][flwr][INFO] - 
[2024-12-31 13:37:48,353][flwr][INFO] - [ROUND 8]
[2024-12-31 13:37:48,354][flwr][INFO] - configure_fit: strategy sampled 2 clients (out of 10)
[2024-12-31 13:38:01,503][flwr][INFO] - aggregate_fit: received 2 results and 0 failures
[2024-12-31 13:38:03,230][flwr][INFO] - fit progress: (8, 169.87697839736938, {'accuracy': 0.2308}, 318.16278516099555)
[2024-12-31 13:38:03,231][flwr][INFO] - configure_evaluate: strategy sampled 5 clients (out of 10)
[2024-12-31 13:38:04,169][flwr][INFO] - aggregate_evaluate: received 5 results and 0 failures
[2024-12-31 13:38:04,169][flwr][INFO] - 
[2024-12-31 13:38:04,169][flwr][INFO] - [ROUND 9]
[2024-12-31 13:38:04,170][flwr][INFO] - configure_fit: strategy sampled 2 clients (out of 10)
[2024-12-31 13:38:16,679][flwr][INFO] - aggregate_fit: received 2 results and 0 failures
[2024-12-31 13:38:17,821][flwr][INFO] - fit progress: (9, 168.52762508392334, {'accuracy': 0.2307}, 332.7539551019945)
[2024-12-31 13:38:17,822][flwr][INFO] - configure_evaluate: strategy sampled 5 clients (out of 10)
[2024-12-31 13:38:18,583][flwr][INFO] - aggregate_evaluate: received 5 results and 0 failures
[2024-12-31 13:38:18,583][flwr][INFO] - 
[2024-12-31 13:38:18,583][flwr][INFO] - [ROUND 10]
[2024-12-31 13:38:18,584][flwr][INFO] - configure_fit: strategy sampled 2 clients (out of 10)
[2024-12-31 13:38:30,712][flwr][INFO] - aggregate_fit: received 2 results and 0 failures
[2024-12-31 13:38:32,220][flwr][INFO] - fit progress: (10, 167.57873964309692, {'accuracy': 0.2358}, 347.15239848200144)
[2024-12-31 13:38:32,220][flwr][INFO] - configure_evaluate: strategy sampled 5 clients (out of 10)
[2024-12-31 13:38:32,925][flwr][INFO] - aggregate_evaluate: received 5 results and 0 failures
[2024-12-31 13:38:32,925][flwr][INFO] - 
[2024-12-31 13:38:32,925][flwr][INFO] - [SUMMARY]
[2024-12-31 13:38:32,925][flwr][INFO] - Run finished 10 round(s) in 347.86s
[2024-12-31 13:38:32,926][flwr][INFO] - 	History (loss, distributed):
[2024-12-31 13:38:32,926][flwr][INFO] - 		round 1: 87.35407357215881
[2024-12-31 13:38:32,926][flwr][INFO] - 		round 2: 87.29950504302978
[2024-12-31 13:38:32,926][flwr][INFO] - 		round 3: 85.97869572639465
[2024-12-31 13:38:32,926][flwr][INFO] - 		round 4: 85.13377361297607
[2024-12-31 13:38:32,926][flwr][INFO] - 		round 5: 84.02891602516175
[2024-12-31 13:38:32,926][flwr][INFO] - 		round 6: 82.9752426624298
[2024-12-31 13:38:32,926][flwr][INFO] - 		round 7: 82.58231375217437
[2024-12-31 13:38:32,926][flwr][INFO] - 		round 8: 81.87428336143493
[2024-12-31 13:38:32,927][flwr][INFO] - 		round 9: 81.0856504201889
[2024-12-31 13:38:32,927][flwr][INFO] - 		round 10: 80.99116322994232
[2024-12-31 13:38:32,927][flwr][INFO] - 	History (loss, centralized):
[2024-12-31 13:38:32,927][flwr][INFO] - 		round 0: 182.37661862373352
[2024-12-31 13:38:32,927][flwr][INFO] - 		round 1: 181.68830394744873
[2024-12-31 13:38:32,927][flwr][INFO] - 		round 2: 181.40568494796753
[2024-12-31 13:38:32,927][flwr][INFO] - 		round 3: 178.873272895813
[2024-12-31 13:38:32,927][flwr][INFO] - 		round 4: 177.01899361610413
[2024-12-31 13:38:32,927][flwr][INFO] - 		round 5: 174.68840789794922
[2024-12-31 13:38:32,927][flwr][INFO] - 		round 6: 172.41177678108215
[2024-12-31 13:38:32,928][flwr][INFO] - 		round 7: 171.6251084804535
[2024-12-31 13:38:32,928][flwr][INFO] - 		round 8: 169.87697839736938
[2024-12-31 13:38:32,928][flwr][INFO] - 		round 9: 168.52762508392334
[2024-12-31 13:38:32,928][flwr][INFO] - 		round 10: 167.57873964309692
[2024-12-31 13:38:32,928][flwr][INFO] - 	History (metrics, centralized):
[2024-12-31 13:38:32,928][flwr][INFO] - 	{'accuracy': [(0, 0.074),
[2024-12-31 13:38:32,928][flwr][INFO] - 	              (1, 0.0892),
[2024-12-31 13:38:32,928][flwr][INFO] - 	              (2, 0.1),
[2024-12-31 13:38:32,928][flwr][INFO] - 	              (3, 0.1354),
[2024-12-31 13:38:32,928][flwr][INFO] - 	              (4, 0.1754),
[2024-12-31 13:38:32,929][flwr][INFO] - 	              (5, 0.1431),
[2024-12-31 13:38:32,929][flwr][INFO] - 	              (6, 0.2251),
[2024-12-31 13:38:32,929][flwr][INFO] - 	              (7, 0.2236),
[2024-12-31 13:38:32,929][flwr][INFO] - 	              (8, 0.2308),
[2024-12-31 13:38:32,929][flwr][INFO] - 	              (9, 0.2307),
[2024-12-31 13:38:32,929][flwr][INFO] - 	              (10, 0.2358)]}
[2024-12-31 13:38:32,929][flwr][INFO] - 
