[2025-01-07 17:13:47,390][flwr][INFO] - Starting Flower simulation, config: num_rounds=10, no round_timeout
[2025-01-07 17:13:50,965][flwr][INFO] - Flower VCE: Ray initialized with resources: {'node:__internal_head__': 1.0, 'object_store_memory': 3179649024.0, 'memory': 6359298048.0, 'node:192.168.1.11': 1.0, 'CPU': 12.0}
[2025-01-07 17:13:50,965][flwr][INFO] - Optimize your simulation with Flower VCE: https://flower.ai/docs/framework/how-to-run-simulations.html
[2025-01-07 17:13:50,965][flwr][INFO] - Flower VCE: Resources for each Virtual Client: {'num_cpus': 2, 'num_gpus': 0}
[2025-01-07 17:13:50,973][flwr][INFO] - Flower VCE: Creating VirtualClientEngineActorPool with 6 actors
[2025-01-07 17:13:50,973][flwr][INFO] - [INIT]
[2025-01-07 17:13:50,973][flwr][INFO] - Requesting initial parameters from one random client
[2025-01-07 17:13:53,601][flwr][INFO] - Received initial parameters from one random client
[2025-01-07 17:13:53,601][flwr][INFO] - Starting evaluation of initial global parameters
[2025-01-07 17:13:55,568][flwr][INFO] - initial parameters (loss, other metrics): 182.2602059841156, {'accuracy': 0.0973}
[2025-01-07 17:13:55,568][flwr][INFO] - 
[2025-01-07 17:13:55,568][flwr][INFO] - [ROUND 1]
[2025-01-07 17:13:55,569][flwr][INFO] - configure_fit: strategy sampled 2 clients (out of 10)
[2025-01-07 17:14:12,031][flwr][INFO] - aggregate_fit: received 2 results and 0 failures
[2025-01-07 17:14:12,037][flwr][WARNING] - No fit_metrics_aggregation_fn provided
[2025-01-07 17:14:13,867][flwr][INFO] - fit progress: (1, 181.95863342285156, {'accuracy': 0.1135}, 18.29850710000028)
[2025-01-07 17:14:13,867][flwr][INFO] - configure_evaluate: strategy sampled 3 clients (out of 10)
[2025-01-07 17:14:16,067][flwr][INFO] - aggregate_evaluate: received 3 results and 0 failures
[2025-01-07 17:14:16,068][flwr][WARNING] - No evaluate_metrics_aggregation_fn provided
[2025-01-07 17:14:16,068][flwr][INFO] - 
[2025-01-07 17:14:16,068][flwr][INFO] - [ROUND 2]
[2025-01-07 17:14:16,068][flwr][INFO] - configure_fit: strategy sampled 2 clients (out of 10)
[2025-01-07 17:14:27,871][flwr][INFO] - aggregate_fit: received 2 results and 0 failures
[2025-01-07 17:14:29,425][flwr][INFO] - fit progress: (2, 182.23085045814514, {'accuracy': 0.1135}, 33.8567251860004)
[2025-01-07 17:14:29,425][flwr][INFO] - configure_evaluate: strategy sampled 3 clients (out of 10)
[2025-01-07 17:14:29,908][flwr][INFO] - aggregate_evaluate: received 3 results and 0 failures
[2025-01-07 17:14:29,909][flwr][INFO] - 
[2025-01-07 17:14:29,909][flwr][INFO] - [ROUND 3]
[2025-01-07 17:14:29,909][flwr][INFO] - configure_fit: strategy sampled 2 clients (out of 10)
[2025-01-07 17:14:41,817][flwr][INFO] - aggregate_fit: received 2 results and 0 failures
[2025-01-07 17:14:43,216][flwr][INFO] - fit progress: (3, 182.27983903884888, {'accuracy': 0.0982}, 47.64805793100095)
[2025-01-07 17:14:43,217][flwr][INFO] - configure_evaluate: strategy sampled 3 clients (out of 10)
[2025-01-07 17:14:43,728][flwr][INFO] - aggregate_evaluate: received 3 results and 0 failures
[2025-01-07 17:14:43,728][flwr][INFO] - 
[2025-01-07 17:14:43,728][flwr][INFO] - [ROUND 4]
[2025-01-07 17:14:43,728][flwr][INFO] - configure_fit: strategy sampled 2 clients (out of 10)
[2025-01-07 17:14:55,374][flwr][INFO] - aggregate_fit: received 2 results and 0 failures
[2025-01-07 17:14:56,746][flwr][INFO] - fit progress: (4, 182.1944396495819, {'accuracy': 0.098}, 61.17765610099741)
[2025-01-07 17:14:56,746][flwr][INFO] - configure_evaluate: strategy sampled 3 clients (out of 10)
[2025-01-07 17:14:57,245][flwr][INFO] - aggregate_evaluate: received 3 results and 0 failures
[2025-01-07 17:14:57,245][flwr][INFO] - 
[2025-01-07 17:14:57,245][flwr][INFO] - [ROUND 5]
[2025-01-07 17:14:57,246][flwr][INFO] - configure_fit: strategy sampled 2 clients (out of 10)
[2025-01-07 17:15:09,087][flwr][INFO] - aggregate_fit: received 2 results and 0 failures
[2025-01-07 17:15:10,472][flwr][INFO] - fit progress: (5, 181.85698914527893, {'accuracy': 0.1028}, 74.90321864299767)
[2025-01-07 17:15:10,472][flwr][INFO] - configure_evaluate: strategy sampled 3 clients (out of 10)
[2025-01-07 17:15:11,014][flwr][INFO] - aggregate_evaluate: received 3 results and 0 failures
[2025-01-07 17:15:11,014][flwr][INFO] - 
[2025-01-07 17:15:11,014][flwr][INFO] - [ROUND 6]
[2025-01-07 17:15:11,014][flwr][INFO] - configure_fit: strategy sampled 2 clients (out of 10)
[2025-01-07 17:15:22,768][flwr][INFO] - aggregate_fit: received 2 results and 0 failures
[2025-01-07 17:15:24,079][flwr][INFO] - fit progress: (6, 182.2381203174591, {'accuracy': 0.0982}, 88.51079764300084)
[2025-01-07 17:15:24,079][flwr][INFO] - configure_evaluate: strategy sampled 3 clients (out of 10)
[2025-01-07 17:15:24,593][flwr][INFO] - aggregate_evaluate: received 3 results and 0 failures
[2025-01-07 17:15:24,593][flwr][INFO] - 
[2025-01-07 17:15:24,593][flwr][INFO] - [ROUND 7]
[2025-01-07 17:15:24,593][flwr][INFO] - configure_fit: strategy sampled 2 clients (out of 10)
[2025-01-07 17:15:36,505][flwr][INFO] - aggregate_fit: received 2 results and 0 failures
[2025-01-07 17:15:38,323][flwr][INFO] - fit progress: (7, 183.10281085968018, {'accuracy': 0.0982}, 102.75504836899927)
[2025-01-07 17:15:38,324][flwr][INFO] - configure_evaluate: strategy sampled 3 clients (out of 10)
[2025-01-07 17:15:38,850][flwr][INFO] - aggregate_evaluate: received 3 results and 0 failures
[2025-01-07 17:15:38,850][flwr][INFO] - 
[2025-01-07 17:15:38,850][flwr][INFO] - [ROUND 8]
[2025-01-07 17:15:38,851][flwr][INFO] - configure_fit: strategy sampled 2 clients (out of 10)
[2025-01-07 17:15:50,380][flwr][INFO] - aggregate_fit: received 2 results and 0 failures
[2025-01-07 17:15:52,124][flwr][INFO] - fit progress: (8, 182.17917728424072, {'accuracy': 0.1028}, 116.55520431700279)
[2025-01-07 17:15:52,124][flwr][INFO] - configure_evaluate: strategy sampled 3 clients (out of 10)
[2025-01-07 17:15:52,622][flwr][INFO] - aggregate_evaluate: received 3 results and 0 failures
[2025-01-07 17:15:52,622][flwr][INFO] - 
[2025-01-07 17:15:52,623][flwr][INFO] - [ROUND 9]
[2025-01-07 17:15:52,623][flwr][INFO] - configure_fit: strategy sampled 2 clients (out of 10)
[2025-01-07 17:16:04,536][flwr][INFO] - aggregate_fit: received 2 results and 0 failures
[2025-01-07 17:16:05,934][flwr][INFO] - fit progress: (9, 182.0945954322815, {'accuracy': 0.1032}, 130.36537964000308)
[2025-01-07 17:16:05,934][flwr][INFO] - configure_evaluate: strategy sampled 3 clients (out of 10)
[2025-01-07 17:16:06,485][flwr][INFO] - aggregate_evaluate: received 3 results and 0 failures
[2025-01-07 17:16:06,485][flwr][INFO] - 
[2025-01-07 17:16:06,485][flwr][INFO] - [ROUND 10]
[2025-01-07 17:16:06,485][flwr][INFO] - configure_fit: strategy sampled 2 clients (out of 10)
[2025-01-07 17:16:18,241][flwr][INFO] - aggregate_fit: received 2 results and 0 failures
[2025-01-07 17:16:19,416][flwr][INFO] - fit progress: (10, 182.02150440216064, {'accuracy': 0.1135}, 143.8480375479994)
[2025-01-07 17:16:19,417][flwr][INFO] - configure_evaluate: strategy sampled 3 clients (out of 10)
[2025-01-07 17:16:19,934][flwr][INFO] - aggregate_evaluate: received 3 results and 0 failures
[2025-01-07 17:16:19,934][flwr][INFO] - 
[2025-01-07 17:16:19,934][flwr][INFO] - [SUMMARY]
[2025-01-07 17:16:19,934][flwr][INFO] - Run finished 10 round(s) in 144.37s
[2025-01-07 17:16:19,935][flwr][INFO] - 	History (loss, distributed):
[2025-01-07 17:16:19,935][flwr][INFO] - 		round 1: 87.51515134175618
[2025-01-07 17:16:19,935][flwr][INFO] - 		round 2: 87.63616371154785
[2025-01-07 17:16:19,935][flwr][INFO] - 		round 3: 87.63571405410767
[2025-01-07 17:16:19,935][flwr][INFO] - 		round 4: 87.44187839825948
[2025-01-07 17:16:19,935][flwr][INFO] - 		round 5: 87.52056606610616
[2025-01-07 17:16:19,935][flwr][INFO] - 		round 6: 87.7310733795166
[2025-01-07 17:16:19,935][flwr][INFO] - 		round 7: 88.10822383562724
[2025-01-07 17:16:19,935][flwr][INFO] - 		round 8: 87.52138352394104
[2025-01-07 17:16:19,935][flwr][INFO] - 		round 9: 87.48017001152039
[2025-01-07 17:16:19,935][flwr][INFO] - 		round 10: 87.60965951283772
[2025-01-07 17:16:19,935][flwr][INFO] - 	History (loss, centralized):
[2025-01-07 17:16:19,935][flwr][INFO] - 		round 0: 182.2602059841156
[2025-01-07 17:16:19,935][flwr][INFO] - 		round 1: 181.95863342285156
[2025-01-07 17:16:19,935][flwr][INFO] - 		round 2: 182.23085045814514
[2025-01-07 17:16:19,936][flwr][INFO] - 		round 3: 182.27983903884888
[2025-01-07 17:16:19,936][flwr][INFO] - 		round 4: 182.1944396495819
[2025-01-07 17:16:19,936][flwr][INFO] - 		round 5: 181.85698914527893
[2025-01-07 17:16:19,936][flwr][INFO] - 		round 6: 182.2381203174591
[2025-01-07 17:16:19,936][flwr][INFO] - 		round 7: 183.10281085968018
[2025-01-07 17:16:19,936][flwr][INFO] - 		round 8: 182.17917728424072
[2025-01-07 17:16:19,936][flwr][INFO] - 		round 9: 182.0945954322815
[2025-01-07 17:16:19,936][flwr][INFO] - 		round 10: 182.02150440216064
[2025-01-07 17:16:19,936][flwr][INFO] - 	History (metrics, centralized):
[2025-01-07 17:16:19,936][flwr][INFO] - 	{'accuracy': [(0, 0.0973),
[2025-01-07 17:16:19,936][flwr][INFO] - 	              (1, 0.1135),
[2025-01-07 17:16:19,936][flwr][INFO] - 	              (2, 0.1135),
[2025-01-07 17:16:19,936][flwr][INFO] - 	              (3, 0.0982),
[2025-01-07 17:16:19,936][flwr][INFO] - 	              (4, 0.098),
[2025-01-07 17:16:19,936][flwr][INFO] - 	              (5, 0.1028),
[2025-01-07 17:16:19,936][flwr][INFO] - 	              (6, 0.0982),
[2025-01-07 17:16:19,936][flwr][INFO] - 	              (7, 0.0982),
[2025-01-07 17:16:19,936][flwr][INFO] - 	              (8, 0.1028),
[2025-01-07 17:16:19,936][flwr][INFO] - 	              (9, 0.1032),
[2025-01-07 17:16:19,936][flwr][INFO] - 	              (10, 0.1135)]}
[2025-01-07 17:16:19,936][flwr][INFO] - 
