[2025-01-09 18:56:44,916][flwr][INFO] - Starting Flower simulation, config: num_rounds=10, no round_timeout
[2025-01-09 18:56:44,970][filelock][INFO] - Lock 135621012199504 acquired on /tmp/ray/session_2025-01-09_18-56-44_969263_3069572/node_ip_address.json.lock
[2025-01-09 18:56:44,971][filelock][INFO] - Lock 135621012199504 released on /tmp/ray/session_2025-01-09_18-56-44_969263_3069572/node_ip_address.json.lock
[2025-01-09 18:56:44,971][filelock][INFO] - Lock 135621012557008 acquired on /tmp/ray/session_2025-01-09_18-56-44_969263_3069572/ports_by_node.json.lock
[2025-01-09 18:56:44,975][filelock][INFO] - Lock 135621012557008 released on /tmp/ray/session_2025-01-09_18-56-44_969263_3069572/ports_by_node.json.lock
[2025-01-09 18:56:44,975][filelock][INFO] - Lock 135621012199504 acquired on /tmp/ray/session_2025-01-09_18-56-44_969263_3069572/ports_by_node.json.lock
[2025-01-09 18:56:44,975][filelock][INFO] - Lock 135621012199504 released on /tmp/ray/session_2025-01-09_18-56-44_969263_3069572/ports_by_node.json.lock
[2025-01-09 18:56:44,975][filelock][INFO] - Lock 135621012557008 acquired on /tmp/ray/session_2025-01-09_18-56-44_969263_3069572/ports_by_node.json.lock
[2025-01-09 18:56:44,975][filelock][INFO] - Lock 135621012557008 released on /tmp/ray/session_2025-01-09_18-56-44_969263_3069572/ports_by_node.json.lock
[2025-01-09 18:56:44,976][filelock][INFO] - Lock 135621011709136 acquired on /tmp/ray/session_2025-01-09_18-56-44_969263_3069572/ports_by_node.json.lock
[2025-01-09 18:56:44,976][filelock][INFO] - Lock 135621011709136 released on /tmp/ray/session_2025-01-09_18-56-44_969263_3069572/ports_by_node.json.lock
[2025-01-09 18:56:44,976][filelock][INFO] - Lock 135621011706016 acquired on /tmp/ray/session_2025-01-09_18-56-44_969263_3069572/ports_by_node.json.lock
[2025-01-09 18:56:44,976][filelock][INFO] - Lock 135621011706016 released on /tmp/ray/session_2025-01-09_18-56-44_969263_3069572/ports_by_node.json.lock
[2025-01-09 18:56:47,015][flwr][INFO] - Flower VCE: Ray initialized with resources: {'node:__internal_head__': 1.0, 'object_store_memory': 2356333363.0, 'memory': 4712666727.0, 'CPU': 12.0, 'node:192.168.1.11': 1.0}
[2025-01-09 18:56:47,015][flwr][INFO] - Optimize your simulation with Flower VCE: https://flower.ai/docs/framework/how-to-run-simulations.html
[2025-01-09 18:56:47,015][flwr][INFO] - Flower VCE: Resources for each Virtual Client: {'num_cpus': 2, 'num_gpus': 0}
[2025-01-09 18:56:47,023][flwr][INFO] - Flower VCE: Creating VirtualClientEngineActorPool with 6 actors
[2025-01-09 18:56:47,023][flwr][INFO] - [INIT]
[2025-01-09 18:56:47,023][flwr][INFO] - Using initial global parameters provided by strategy
[2025-01-09 18:56:47,023][flwr][INFO] - Starting evaluation of initial global parameters
[2025-01-09 18:56:56,938][flwr][INFO] - initial parameters (loss, other metrics): 3926.436837077141, {'accuracy': 0.4986194889471185}
[2025-01-09 18:56:56,938][flwr][INFO] - 
[2025-01-09 18:56:56,939][flwr][INFO] - [ROUND 1]
[2025-01-09 18:56:56,939][flwr][INFO] - configure_fit: strategy sampled 2 clients (out of 10)
[2025-01-09 18:57:23,773][flwr][INFO] - aggregate_fit: received 2 results and 0 failures
[2025-01-09 18:57:23,775][flwr][WARNING] - No fit_metrics_aggregation_fn provided
[2025-01-09 18:57:40,300][flwr][INFO] - fit progress: (1, 3228.0684836804867, {'accuracy': 0.9579867400594411}, 43.36193946500134)
[2025-01-09 18:57:40,301][flwr][INFO] - configure_evaluate: strategy sampled 3 clients (out of 10)
[2025-01-09 18:57:43,123][flwr][INFO] - aggregate_evaluate: received 3 results and 0 failures
[2025-01-09 18:57:43,123][flwr][WARNING] - No evaluate_metrics_aggregation_fn provided
[2025-01-09 18:57:43,123][flwr][INFO] - 
[2025-01-09 18:57:43,124][flwr][INFO] - [ROUND 2]
[2025-01-09 18:57:43,124][flwr][INFO] - configure_fit: strategy sampled 2 clients (out of 10)
[2025-01-09 18:58:12,519][flwr][INFO] - aggregate_fit: received 2 results and 0 failures
[2025-01-09 18:58:23,636][flwr][INFO] - fit progress: (2, 1208.3955157399178, {'accuracy': 0.9763290716282996}, 86.69780477299355)
[2025-01-09 18:58:23,637][flwr][INFO] - configure_evaluate: strategy sampled 3 clients (out of 10)
[2025-01-09 18:58:24,377][flwr][INFO] - aggregate_evaluate: received 3 results and 0 failures
[2025-01-09 18:58:24,377][flwr][INFO] - 
[2025-01-09 18:58:24,377][flwr][INFO] - [ROUND 3]
[2025-01-09 18:58:24,378][flwr][INFO] - configure_fit: strategy sampled 2 clients (out of 10)
[2025-01-09 18:58:53,671][flwr][INFO] - aggregate_fit: received 2 results and 0 failures
[2025-01-09 18:59:04,251][flwr][INFO] - fit progress: (3, 192.54251055326313, {'accuracy': 0.993528304873116}, 127.3125775619992)
[2025-01-09 18:59:04,251][flwr][INFO] - configure_evaluate: strategy sampled 3 clients (out of 10)
[2025-01-09 18:59:04,995][flwr][INFO] - aggregate_evaluate: received 3 results and 0 failures
[2025-01-09 18:59:04,995][flwr][INFO] - 
[2025-01-09 18:59:04,995][flwr][INFO] - [ROUND 4]
[2025-01-09 18:59:04,995][flwr][INFO] - configure_fit: strategy sampled 2 clients (out of 10)
[2025-01-09 18:59:47,873][flwr][INFO] - aggregate_fit: received 2 results and 0 failures
[2025-01-09 19:00:01,541][flwr][INFO] - fit progress: (4, 126.2553418029595, {'accuracy': 0.9955419165362362}, 184.60243809499661)
[2025-01-09 19:00:01,541][flwr][INFO] - configure_evaluate: strategy sampled 3 clients (out of 10)
[2025-01-09 19:00:02,337][flwr][INFO] - aggregate_evaluate: received 3 results and 0 failures
[2025-01-09 19:00:02,337][flwr][INFO] - 
[2025-01-09 19:00:02,337][flwr][INFO] - [ROUND 5]
[2025-01-09 19:00:02,338][flwr][INFO] - configure_fit: strategy sampled 2 clients (out of 10)
[2025-01-09 19:00:38,928][flwr][INFO] - aggregate_fit: received 2 results and 0 failures
[2025-01-09 19:00:52,980][flwr][INFO] - fit progress: (5, 176.4176117463451, {'accuracy': 0.9958145015212001}, 236.0411476779991)
[2025-01-09 19:00:52,980][flwr][INFO] - configure_evaluate: strategy sampled 3 clients (out of 10)
[2025-01-09 19:00:53,924][flwr][INFO] - aggregate_evaluate: received 3 results and 0 failures
[2025-01-09 19:00:53,925][flwr][INFO] - 
[2025-01-09 19:00:53,925][flwr][INFO] - [ROUND 6]
[2025-01-09 19:00:53,925][flwr][INFO] - configure_fit: strategy sampled 2 clients (out of 10)
[2025-01-09 19:01:28,935][flwr][INFO] - aggregate_fit: received 2 results and 0 failures
[2025-01-09 19:01:48,292][flwr][INFO] - fit progress: (6, 195.95055806242644, {'accuracy': 0.9968696692049311}, 291.35373071499635)
[2025-01-09 19:01:48,293][flwr][INFO] - configure_evaluate: strategy sampled 3 clients (out of 10)
[2025-01-09 19:01:49,084][flwr][INFO] - aggregate_evaluate: received 3 results and 0 failures
[2025-01-09 19:01:49,084][flwr][INFO] - 
[2025-01-09 19:01:49,084][flwr][INFO] - [ROUND 7]
[2025-01-09 19:01:49,085][flwr][INFO] - configure_fit: strategy sampled 2 clients (out of 10)
[2025-01-09 19:02:28,938][flwr][INFO] - aggregate_fit: received 2 results and 0 failures
[2025-01-09 19:02:41,859][flwr][INFO] - fit progress: (7, 226.93850512835414, {'accuracy': 0.9979863883368799}, 344.9206680770003)
[2025-01-09 19:02:41,860][flwr][INFO] - configure_evaluate: strategy sampled 3 clients (out of 10)
[2025-01-09 19:02:42,709][flwr][INFO] - aggregate_evaluate: received 3 results and 0 failures
[2025-01-09 19:02:42,710][flwr][INFO] - 
[2025-01-09 19:02:42,710][flwr][INFO] - [ROUND 8]
[2025-01-09 19:02:42,710][flwr][INFO] - configure_fit: strategy sampled 2 clients (out of 10)
[2025-01-09 19:03:23,325][flwr][INFO] - aggregate_fit: received 2 results and 0 failures
[2025-01-09 19:03:35,154][flwr][INFO] - fit progress: (8, 215.44261054811622, {'accuracy': 0.9986458681392117}, 398.2159252249985)
[2025-01-09 19:03:35,155][flwr][INFO] - configure_evaluate: strategy sampled 3 clients (out of 10)
[2025-01-09 19:03:35,940][flwr][INFO] - aggregate_evaluate: received 3 results and 0 failures
[2025-01-09 19:03:35,940][flwr][INFO] - 
[2025-01-09 19:03:35,941][flwr][INFO] - [ROUND 9]
[2025-01-09 19:03:35,941][flwr][INFO] - configure_fit: strategy sampled 2 clients (out of 10)
[2025-01-09 19:04:15,238][flwr][INFO] - aggregate_fit: received 2 results and 0 failures
[2025-01-09 19:04:37,583][flwr][INFO] - fit progress: (9, 188.67298410915248, {'accuracy': 0.9989536253803}, 460.64460744100506)
[2025-01-09 19:04:37,584][flwr][INFO] - configure_evaluate: strategy sampled 3 clients (out of 10)
[2025-01-09 19:04:38,693][flwr][INFO] - aggregate_evaluate: received 3 results and 0 failures
[2025-01-09 19:04:38,693][flwr][INFO] - 
[2025-01-09 19:04:38,693][flwr][INFO] - [ROUND 10]
[2025-01-09 19:04:38,694][flwr][INFO] - configure_fit: strategy sampled 2 clients (out of 10)
[2025-01-09 19:05:21,034][flwr][INFO] - aggregate_fit: received 2 results and 0 failures
[2025-01-09 19:05:34,680][flwr][INFO] - fit progress: (10, 151.42447572399865, {'accuracy': 0.9990679352127042}, 517.7414802610001)
[2025-01-09 19:05:34,681][flwr][INFO] - configure_evaluate: strategy sampled 3 clients (out of 10)
[2025-01-09 19:05:35,460][flwr][INFO] - aggregate_evaluate: received 3 results and 0 failures
[2025-01-09 19:05:35,460][flwr][INFO] - 
[2025-01-09 19:05:35,460][flwr][INFO] - [SUMMARY]
[2025-01-09 19:05:35,460][flwr][INFO] - Run finished 10 round(s) in 518.52s
[2025-01-09 19:05:35,461][flwr][INFO] - 	History (loss, distributed):
[2025-01-09 19:05:35,461][flwr][INFO] - 		round 1: 129.2704014380773
[2025-01-09 19:05:35,461][flwr][INFO] - 		round 2: 48.63678718358278
[2025-01-09 19:05:35,461][flwr][INFO] - 		round 3: 7.476938570383936
[2025-01-09 19:05:35,461][flwr][INFO] - 		round 4: 2.3998140726394013
[2025-01-09 19:05:35,461][flwr][INFO] - 		round 5: 5.146634524543785
[2025-01-09 19:05:35,461][flwr][INFO] - 		round 6: 6.351244048015852
[2025-01-09 19:05:35,461][flwr][INFO] - 		round 7: 3.8842917389032485
[2025-01-09 19:05:35,461][flwr][INFO] - 		round 8: 6.418393285110909
[2025-01-09 19:05:35,461][flwr][INFO] - 		round 9: 4.779369245262371
[2025-01-09 19:05:35,461][flwr][INFO] - 		round 10: 5.630526367091134
[2025-01-09 19:05:35,461][flwr][INFO] - 	History (loss, centralized):
[2025-01-09 19:05:35,461][flwr][INFO] - 		round 0: 3926.436837077141
[2025-01-09 19:05:35,462][flwr][INFO] - 		round 1: 3228.0684836804867
[2025-01-09 19:05:35,462][flwr][INFO] - 		round 2: 1208.3955157399178
[2025-01-09 19:05:35,462][flwr][INFO] - 		round 3: 192.54251055326313
[2025-01-09 19:05:35,462][flwr][INFO] - 		round 4: 126.2553418029595
[2025-01-09 19:05:35,462][flwr][INFO] - 		round 5: 176.4176117463451
[2025-01-09 19:05:35,462][flwr][INFO] - 		round 6: 195.95055806242644
[2025-01-09 19:05:35,462][flwr][INFO] - 		round 7: 226.93850512835414
[2025-01-09 19:05:35,462][flwr][INFO] - 		round 8: 215.44261054811622
[2025-01-09 19:05:35,462][flwr][INFO] - 		round 9: 188.67298410915248
[2025-01-09 19:05:35,462][flwr][INFO] - 		round 10: 151.42447572399865
[2025-01-09 19:05:35,462][flwr][INFO] - 	History (metrics, centralized):
[2025-01-09 19:05:35,462][flwr][INFO] - 	{'accuracy': [(0, 0.4986194889471185),
[2025-01-09 19:05:35,462][flwr][INFO] - 	              (1, 0.9579867400594411),
[2025-01-09 19:05:35,462][flwr][INFO] - 	              (2, 0.9763290716282996),
[2025-01-09 19:05:35,462][flwr][INFO] - 	              (3, 0.993528304873116),
[2025-01-09 19:05:35,462][flwr][INFO] - 	              (4, 0.9955419165362362),
[2025-01-09 19:05:35,462][flwr][INFO] - 	              (5, 0.9958145015212001),
[2025-01-09 19:05:35,462][flwr][INFO] - 	              (6, 0.9968696692049311),
[2025-01-09 19:05:35,462][flwr][INFO] - 	              (7, 0.9979863883368799),
[2025-01-09 19:05:35,462][flwr][INFO] - 	              (8, 0.9986458681392117),
[2025-01-09 19:05:35,463][flwr][INFO] - 	              (9, 0.9989536253803),
[2025-01-09 19:05:35,463][flwr][INFO] - 	              (10, 0.9990679352127042)]}
[2025-01-09 19:05:35,463][flwr][INFO] - 
