[2024-12-31 00:08:01,933][flwr][INFO] - Starting Flower simulation, config: num_rounds=10, no round_timeout
[2024-12-31 00:08:05,534][flwr][INFO] - Flower VCE: Ray initialized with resources: {'node:__internal_head__': 1.0, 'object_store_memory': 2973340876.0, 'memory': 5946681755.0, 'CPU': 12.0, 'node:192.168.1.11': 1.0}
[2024-12-31 00:08:05,534][flwr][INFO] - Optimize your simulation with Flower VCE: https://flower.ai/docs/framework/how-to-run-simulations.html
[2024-12-31 00:08:05,535][flwr][INFO] - Flower VCE: Resources for each Virtual Client: {'num_cpus': 2, 'num_gpus': 0}
[2024-12-31 00:08:05,544][flwr][INFO] - Flower VCE: Creating VirtualClientEngineActorPool with 6 actors
[2024-12-31 00:08:05,544][flwr][INFO] - [INIT]
[2024-12-31 00:08:05,544][flwr][INFO] - Using initial global parameters provided by strategy
[2024-12-31 00:08:05,544][flwr][INFO] - Starting evaluation of initial global parameters
[2024-12-31 00:08:08,596][flwr][INFO] - initial parameters (loss, other metrics): 182.0363986492157, {'accuracy': 0.0842}
[2024-12-31 00:08:08,596][flwr][INFO] - 
[2024-12-31 00:08:08,596][flwr][INFO] - [ROUND 1]
[2024-12-31 00:08:08,596][flwr][INFO] - configure_fit: strategy sampled 2 clients (out of 10)
[2024-12-31 00:08:18,633][flwr][INFO] - aggregate_fit: received 2 results and 0 failures
[2024-12-31 00:08:18,637][flwr][WARNING] - No fit_metrics_aggregation_fn provided
[2024-12-31 00:08:20,563][flwr][INFO] - fit progress: (1, 181.8142216205597, {'accuracy': 0.1292}, 11.967281814999296)
[2024-12-31 00:08:20,563][flwr][INFO] - configure_evaluate: strategy sampled 5 clients (out of 10)
[2024-12-31 00:08:24,479][flwr][INFO] - aggregate_evaluate: received 5 results and 0 failures
[2024-12-31 00:08:24,479][flwr][WARNING] - No evaluate_metrics_aggregation_fn provided
[2024-12-31 00:08:24,479][flwr][INFO] - 
[2024-12-31 00:08:24,480][flwr][INFO] - [ROUND 2]
[2024-12-31 00:08:24,480][flwr][INFO] - configure_fit: strategy sampled 2 clients (out of 10)
[2024-12-31 00:08:32,107][flwr][INFO] - aggregate_fit: received 2 results and 0 failures
[2024-12-31 00:08:33,590][flwr][INFO] - fit progress: (2, 179.65429377555847, {'accuracy': 0.1494}, 24.994520667998586)
[2024-12-31 00:08:33,591][flwr][INFO] - configure_evaluate: strategy sampled 5 clients (out of 10)
[2024-12-31 00:08:34,453][flwr][INFO] - aggregate_evaluate: received 5 results and 0 failures
[2024-12-31 00:08:34,453][flwr][INFO] - 
[2024-12-31 00:08:34,453][flwr][INFO] - [ROUND 3]
[2024-12-31 00:08:34,454][flwr][INFO] - configure_fit: strategy sampled 2 clients (out of 10)
[2024-12-31 00:08:42,351][flwr][INFO] - aggregate_fit: received 2 results and 0 failures
[2024-12-31 00:08:43,741][flwr][INFO] - fit progress: (3, 173.71650886535645, {'accuracy': 0.2084}, 35.14490500000102)
[2024-12-31 00:08:43,741][flwr][INFO] - configure_evaluate: strategy sampled 5 clients (out of 10)
[2024-12-31 00:08:44,570][flwr][INFO] - aggregate_evaluate: received 5 results and 0 failures
[2024-12-31 00:08:44,571][flwr][INFO] - 
[2024-12-31 00:08:44,571][flwr][INFO] - [ROUND 4]
[2024-12-31 00:08:44,571][flwr][INFO] - configure_fit: strategy sampled 2 clients (out of 10)
[2024-12-31 00:08:52,469][flwr][INFO] - aggregate_fit: received 2 results and 0 failures
[2024-12-31 00:08:53,914][flwr][INFO] - fit progress: (4, 166.55375266075134, {'accuracy': 0.2708}, 45.317784670995024)
[2024-12-31 00:08:53,914][flwr][INFO] - configure_evaluate: strategy sampled 5 clients (out of 10)
[2024-12-31 00:08:54,717][flwr][INFO] - aggregate_evaluate: received 5 results and 0 failures
[2024-12-31 00:08:54,717][flwr][INFO] - 
[2024-12-31 00:08:54,717][flwr][INFO] - [ROUND 5]
[2024-12-31 00:08:54,718][flwr][INFO] - configure_fit: strategy sampled 2 clients (out of 10)
[2024-12-31 00:09:02,531][flwr][INFO] - aggregate_fit: received 2 results and 0 failures
[2024-12-31 00:09:04,255][flwr][INFO] - fit progress: (5, 166.62393236160278, {'accuracy': 0.3303}, 55.659327804001805)
[2024-12-31 00:09:04,255][flwr][INFO] - configure_evaluate: strategy sampled 5 clients (out of 10)
[2024-12-31 00:09:05,122][flwr][INFO] - aggregate_evaluate: received 5 results and 0 failures
[2024-12-31 00:09:05,122][flwr][INFO] - 
[2024-12-31 00:09:05,122][flwr][INFO] - [ROUND 6]
[2024-12-31 00:09:05,123][flwr][INFO] - configure_fit: strategy sampled 2 clients (out of 10)
[2024-12-31 00:09:13,020][flwr][INFO] - aggregate_fit: received 2 results and 0 failures
[2024-12-31 00:09:14,619][flwr][INFO] - fit progress: (6, 165.33259677886963, {'accuracy': 0.3453}, 66.02350126300007)
[2024-12-31 00:09:14,620][flwr][INFO] - configure_evaluate: strategy sampled 5 clients (out of 10)
[2024-12-31 00:09:15,629][flwr][INFO] - aggregate_evaluate: received 5 results and 0 failures
[2024-12-31 00:09:15,629][flwr][INFO] - 
[2024-12-31 00:09:15,629][flwr][INFO] - [ROUND 7]
[2024-12-31 00:09:15,630][flwr][INFO] - configure_fit: strategy sampled 2 clients (out of 10)
[2024-12-31 00:09:23,679][flwr][INFO] - aggregate_fit: received 2 results and 0 failures
[2024-12-31 00:09:25,374][flwr][INFO] - fit progress: (7, 160.26550114154816, {'accuracy': 0.3985}, 76.77797220699722)
[2024-12-31 00:09:25,374][flwr][INFO] - configure_evaluate: strategy sampled 5 clients (out of 10)
[2024-12-31 00:09:26,311][flwr][INFO] - aggregate_evaluate: received 5 results and 0 failures
[2024-12-31 00:09:26,312][flwr][INFO] - 
[2024-12-31 00:09:26,312][flwr][INFO] - [ROUND 8]
[2024-12-31 00:09:26,312][flwr][INFO] - configure_fit: strategy sampled 2 clients (out of 10)
[2024-12-31 00:09:34,248][flwr][INFO] - aggregate_fit: received 2 results and 0 failures
[2024-12-31 00:09:35,805][flwr][INFO] - fit progress: (8, 158.03027212619781, {'accuracy': 0.3994}, 87.20867461699527)
[2024-12-31 00:09:35,805][flwr][INFO] - configure_evaluate: strategy sampled 5 clients (out of 10)
[2024-12-31 00:09:36,639][flwr][INFO] - aggregate_evaluate: received 5 results and 0 failures
[2024-12-31 00:09:36,639][flwr][INFO] - 
[2024-12-31 00:09:36,639][flwr][INFO] - [ROUND 9]
[2024-12-31 00:09:36,640][flwr][INFO] - configure_fit: strategy sampled 2 clients (out of 10)
[2024-12-31 00:09:44,943][flwr][INFO] - aggregate_fit: received 2 results and 0 failures
[2024-12-31 00:09:46,845][flwr][INFO] - fit progress: (9, 159.03517985343933, {'accuracy': 0.3618}, 98.2493637430016)
[2024-12-31 00:09:46,845][flwr][INFO] - configure_evaluate: strategy sampled 5 clients (out of 10)
[2024-12-31 00:09:47,686][flwr][INFO] - aggregate_evaluate: received 5 results and 0 failures
[2024-12-31 00:09:47,686][flwr][INFO] - 
[2024-12-31 00:09:47,686][flwr][INFO] - [ROUND 10]
[2024-12-31 00:09:47,687][flwr][INFO] - configure_fit: strategy sampled 2 clients (out of 10)
[2024-12-31 00:09:56,536][flwr][INFO] - aggregate_fit: received 2 results and 0 failures
[2024-12-31 00:09:58,384][flwr][INFO] - fit progress: (10, 159.24880301952362, {'accuracy': 0.367}, 109.78844470399781)
[2024-12-31 00:09:58,385][flwr][INFO] - configure_evaluate: strategy sampled 5 clients (out of 10)
[2024-12-31 00:09:59,280][flwr][INFO] - aggregate_evaluate: received 5 results and 0 failures
[2024-12-31 00:09:59,281][flwr][INFO] - 
[2024-12-31 00:09:59,281][flwr][INFO] - [SUMMARY]
[2024-12-31 00:09:59,281][flwr][INFO] - Run finished 10 round(s) in 110.68s
[2024-12-31 00:09:59,282][flwr][INFO] - 	History (loss, distributed):
[2024-12-31 00:09:59,282][flwr][INFO] - 		round 1: 87.48191022872925
[2024-12-31 00:09:59,282][flwr][INFO] - 		round 2: 86.55903429985047
[2024-12-31 00:09:59,282][flwr][INFO] - 		round 3: 83.6523892402649
[2024-12-31 00:09:59,282][flwr][INFO] - 		round 4: 80.63187763690948
[2024-12-31 00:09:59,282][flwr][INFO] - 		round 5: 80.2422797203064
[2024-12-31 00:09:59,283][flwr][INFO] - 		round 6: 80.5297120809555
[2024-12-31 00:09:59,283][flwr][INFO] - 		round 7: 77.72871804237366
[2024-12-31 00:09:59,283][flwr][INFO] - 		round 8: 76.05786995887756
[2024-12-31 00:09:59,283][flwr][INFO] - 		round 9: 77.45851943492889
[2024-12-31 00:09:59,283][flwr][INFO] - 		round 10: 76.91092727184295
[2024-12-31 00:09:59,283][flwr][INFO] - 	History (loss, centralized):
[2024-12-31 00:09:59,283][flwr][INFO] - 		round 0: 182.0363986492157
[2024-12-31 00:09:59,284][flwr][INFO] - 		round 1: 181.8142216205597
[2024-12-31 00:09:59,284][flwr][INFO] - 		round 2: 179.65429377555847
[2024-12-31 00:09:59,284][flwr][INFO] - 		round 3: 173.71650886535645
[2024-12-31 00:09:59,284][flwr][INFO] - 		round 4: 166.55375266075134
[2024-12-31 00:09:59,284][flwr][INFO] - 		round 5: 166.62393236160278
[2024-12-31 00:09:59,284][flwr][INFO] - 		round 6: 165.33259677886963
[2024-12-31 00:09:59,284][flwr][INFO] - 		round 7: 160.26550114154816
[2024-12-31 00:09:59,284][flwr][INFO] - 		round 8: 158.03027212619781
[2024-12-31 00:09:59,285][flwr][INFO] - 		round 9: 159.03517985343933
[2024-12-31 00:09:59,285][flwr][INFO] - 		round 10: 159.24880301952362
[2024-12-31 00:09:59,285][flwr][INFO] - 	History (metrics, centralized):
[2024-12-31 00:09:59,285][flwr][INFO] - 	{'accuracy': [(0, 0.0842),
[2024-12-31 00:09:59,285][flwr][INFO] - 	              (1, 0.1292),
[2024-12-31 00:09:59,285][flwr][INFO] - 	              (2, 0.1494),
[2024-12-31 00:09:59,285][flwr][INFO] - 	              (3, 0.2084),
[2024-12-31 00:09:59,285][flwr][INFO] - 	              (4, 0.2708),
[2024-12-31 00:09:59,286][flwr][INFO] - 	              (5, 0.3303),
[2024-12-31 00:09:59,286][flwr][INFO] - 	              (6, 0.3453),
[2024-12-31 00:09:59,286][flwr][INFO] - 	              (7, 0.3985),
[2024-12-31 00:09:59,286][flwr][INFO] - 	              (8, 0.3994),
[2024-12-31 00:09:59,286][flwr][INFO] - 	              (9, 0.3618),
[2024-12-31 00:09:59,286][flwr][INFO] - 	              (10, 0.367)]}
[2024-12-31 00:09:59,286][flwr][INFO] - 
