[2024-12-31 13:47:28,508][flwr][INFO] - Starting Flower simulation, config: num_rounds=10, no round_timeout
[2024-12-31 13:47:31,899][flwr][INFO] - Flower VCE: Ray initialized with resources: {'CPU': 12.0, 'node:192.168.1.11': 1.0, 'node:__internal_head__': 1.0, 'object_store_memory': 3202102886.0, 'memory': 6404205774.0}
[2024-12-31 13:47:31,899][flwr][INFO] - Optimize your simulation with Flower VCE: https://flower.ai/docs/framework/how-to-run-simulations.html
[2024-12-31 13:47:31,899][flwr][INFO] - Flower VCE: Resources for each Virtual Client: {'num_cpus': 2, 'num_gpus': 0}
[2024-12-31 13:47:31,908][flwr][INFO] - Flower VCE: Creating VirtualClientEngineActorPool with 6 actors
[2024-12-31 13:47:31,909][flwr][INFO] - [INIT]
[2024-12-31 13:47:31,909][flwr][INFO] - Using initial global parameters provided by strategy
[2024-12-31 13:47:31,909][flwr][INFO] - Starting evaluation of initial global parameters
[2024-12-31 13:47:34,227][flwr][INFO] - initial parameters (loss, other metrics): 181.8572449684143, {'accuracy': 0.142}
[2024-12-31 13:47:34,227][flwr][INFO] - 
[2024-12-31 13:47:34,227][flwr][INFO] - [ROUND 1]
[2024-12-31 13:47:34,228][flwr][INFO] - configure_fit: strategy sampled 2 clients (out of 10)
[2024-12-31 13:47:41,943][flwr][INFO] - aggregate_fit: received 2 results and 0 failures
[2024-12-31 13:47:41,948][flwr][WARNING] - No fit_metrics_aggregation_fn provided
[2024-12-31 13:47:43,138][flwr][INFO] - fit progress: (1, 162.7558159828186, {'accuracy': 0.4628}, 8.910419027000898)
[2024-12-31 13:47:43,138][flwr][INFO] - configure_evaluate: strategy sampled 2 clients (out of 10)
[2024-12-31 13:47:43,504][flwr][INFO] - aggregate_evaluate: received 2 results and 0 failures
[2024-12-31 13:47:43,504][flwr][WARNING] - No evaluate_metrics_aggregation_fn provided
[2024-12-31 13:47:43,504][flwr][INFO] - 
[2024-12-31 13:47:43,504][flwr][INFO] - [ROUND 2]
[2024-12-31 13:47:43,504][flwr][INFO] - configure_fit: strategy sampled 2 clients (out of 10)
[2024-12-31 13:47:48,417][flwr][INFO] - aggregate_fit: received 2 results and 0 failures
[2024-12-31 13:47:50,033][flwr][INFO] - fit progress: (2, 107.93503522872925, {'accuracy': 0.8459}, 15.805303674998868)
[2024-12-31 13:47:50,033][flwr][INFO] - configure_evaluate: strategy sampled 2 clients (out of 10)
[2024-12-31 13:47:50,362][flwr][INFO] - aggregate_evaluate: received 2 results and 0 failures
[2024-12-31 13:47:50,362][flwr][INFO] - 
[2024-12-31 13:47:50,362][flwr][INFO] - [ROUND 3]
[2024-12-31 13:47:50,362][flwr][INFO] - configure_fit: strategy sampled 2 clients (out of 10)
[2024-12-31 13:47:55,198][flwr][INFO] - aggregate_fit: received 2 results and 0 failures
[2024-12-31 13:47:56,990][flwr][INFO] - fit progress: (3, 78.87011843919754, {'accuracy': 0.8677}, 22.763015946999076)
[2024-12-31 13:47:56,991][flwr][INFO] - configure_evaluate: strategy sampled 2 clients (out of 10)
[2024-12-31 13:47:57,301][flwr][INFO] - aggregate_evaluate: received 2 results and 0 failures
[2024-12-31 13:47:57,301][flwr][INFO] - 
[2024-12-31 13:47:57,301][flwr][INFO] - [ROUND 4]
[2024-12-31 13:47:57,301][flwr][INFO] - configure_fit: strategy sampled 2 clients (out of 10)
[2024-12-31 13:48:02,252][flwr][INFO] - aggregate_fit: received 2 results and 0 failures
[2024-12-31 13:48:03,569][flwr][INFO] - fit progress: (4, 69.88599050045013, {'accuracy': 0.8606}, 29.342067179997684)
[2024-12-31 13:48:03,570][flwr][INFO] - configure_evaluate: strategy sampled 2 clients (out of 10)
[2024-12-31 13:48:03,916][flwr][INFO] - aggregate_evaluate: received 2 results and 0 failures
[2024-12-31 13:48:03,917][flwr][INFO] - 
[2024-12-31 13:48:03,917][flwr][INFO] - [ROUND 5]
[2024-12-31 13:48:03,917][flwr][INFO] - configure_fit: strategy sampled 2 clients (out of 10)
[2024-12-31 13:48:08,976][flwr][INFO] - aggregate_fit: received 2 results and 0 failures
[2024-12-31 13:48:10,164][flwr][INFO] - fit progress: (5, 34.078556925058365, {'accuracy': 0.9311}, 35.93624767100118)
[2024-12-31 13:48:10,164][flwr][INFO] - configure_evaluate: strategy sampled 2 clients (out of 10)
[2024-12-31 13:48:10,529][flwr][INFO] - aggregate_evaluate: received 2 results and 0 failures
[2024-12-31 13:48:10,529][flwr][INFO] - 
[2024-12-31 13:48:10,529][flwr][INFO] - [ROUND 6]
[2024-12-31 13:48:10,530][flwr][INFO] - configure_fit: strategy sampled 2 clients (out of 10)
[2024-12-31 13:48:15,594][flwr][INFO] - aggregate_fit: received 2 results and 0 failures
[2024-12-31 13:48:17,324][flwr][INFO] - fit progress: (6, 31.28747572004795, {'accuracy': 0.943}, 43.09663574000297)
[2024-12-31 13:48:17,324][flwr][INFO] - configure_evaluate: strategy sampled 2 clients (out of 10)
[2024-12-31 13:48:17,667][flwr][INFO] - aggregate_evaluate: received 2 results and 0 failures
[2024-12-31 13:48:17,667][flwr][INFO] - 
[2024-12-31 13:48:17,667][flwr][INFO] - [ROUND 7]
[2024-12-31 13:48:17,668][flwr][INFO] - configure_fit: strategy sampled 2 clients (out of 10)
[2024-12-31 13:48:22,593][flwr][INFO] - aggregate_fit: received 2 results and 0 failures
[2024-12-31 13:48:23,730][flwr][INFO] - fit progress: (7, 29.600101962685585, {'accuracy': 0.9468}, 49.50236557100288)
[2024-12-31 13:48:23,730][flwr][INFO] - configure_evaluate: strategy sampled 2 clients (out of 10)
[2024-12-31 13:48:24,079][flwr][INFO] - aggregate_evaluate: received 2 results and 0 failures
[2024-12-31 13:48:24,079][flwr][INFO] - 
[2024-12-31 13:48:24,079][flwr][INFO] - [ROUND 8]
[2024-12-31 13:48:24,079][flwr][INFO] - configure_fit: strategy sampled 2 clients (out of 10)
[2024-12-31 13:48:29,468][flwr][INFO] - aggregate_fit: received 2 results and 0 failures
[2024-12-31 13:48:31,267][flwr][INFO] - fit progress: (8, 26.923281136900187, {'accuracy': 0.9437}, 57.0393972439997)
[2024-12-31 13:48:31,267][flwr][INFO] - configure_evaluate: strategy sampled 2 clients (out of 10)
[2024-12-31 13:48:31,618][flwr][INFO] - aggregate_evaluate: received 2 results and 0 failures
[2024-12-31 13:48:31,618][flwr][INFO] - 
[2024-12-31 13:48:31,619][flwr][INFO] - [ROUND 9]
[2024-12-31 13:48:31,619][flwr][INFO] - configure_fit: strategy sampled 2 clients (out of 10)
[2024-12-31 13:48:36,753][flwr][INFO] - aggregate_fit: received 2 results and 0 failures
[2024-12-31 13:48:37,879][flwr][INFO] - fit progress: (9, 21.73537916690111, {'accuracy': 0.9552}, 63.65185692499654)
[2024-12-31 13:48:37,880][flwr][INFO] - configure_evaluate: strategy sampled 2 clients (out of 10)
[2024-12-31 13:48:38,245][flwr][INFO] - aggregate_evaluate: received 2 results and 0 failures
[2024-12-31 13:48:38,245][flwr][INFO] - 
[2024-12-31 13:48:38,246][flwr][INFO] - [ROUND 10]
[2024-12-31 13:48:38,246][flwr][INFO] - configure_fit: strategy sampled 2 clients (out of 10)
[2024-12-31 13:48:43,260][flwr][INFO] - aggregate_fit: received 2 results and 0 failures
[2024-12-31 13:48:44,540][flwr][INFO] - fit progress: (10, 16.809840817935765, {'accuracy': 0.9633}, 70.31218554200314)
[2024-12-31 13:48:44,540][flwr][INFO] - configure_evaluate: strategy sampled 2 clients (out of 10)
[2024-12-31 13:48:44,883][flwr][INFO] - aggregate_evaluate: received 2 results and 0 failures
[2024-12-31 13:48:44,883][flwr][INFO] - 
[2024-12-31 13:48:44,883][flwr][INFO] - [SUMMARY]
[2024-12-31 13:48:44,883][flwr][INFO] - Run finished 10 round(s) in 70.66s
[2024-12-31 13:48:44,884][flwr][INFO] - 	History (loss, distributed):
[2024-12-31 13:48:44,884][flwr][INFO] - 		round 1: 39.229730784893036
[2024-12-31 13:48:44,884][flwr][INFO] - 		round 2: 26.384452879428864
[2024-12-31 13:48:44,884][flwr][INFO] - 		round 3: 19.517060548067093
[2024-12-31 13:48:44,884][flwr][INFO] - 		round 4: 17.93558704853058
[2024-12-31 13:48:44,884][flwr][INFO] - 		round 5: 8.901335969567299
[2024-12-31 13:48:44,884][flwr][INFO] - 		round 6: 8.537805117666721
[2024-12-31 13:48:44,884][flwr][INFO] - 		round 7: 7.938631094992161
[2024-12-31 13:48:44,884][flwr][INFO] - 		round 8: 7.743766143918037
[2024-12-31 13:48:44,884][flwr][INFO] - 		round 9: 5.218768902122974
[2024-12-31 13:48:44,884][flwr][INFO] - 		round 10: 4.514721403829753
[2024-12-31 13:48:44,884][flwr][INFO] - 	History (loss, centralized):
[2024-12-31 13:48:44,884][flwr][INFO] - 		round 0: 181.8572449684143
[2024-12-31 13:48:44,884][flwr][INFO] - 		round 1: 162.7558159828186
[2024-12-31 13:48:44,884][flwr][INFO] - 		round 2: 107.93503522872925
[2024-12-31 13:48:44,884][flwr][INFO] - 		round 3: 78.87011843919754
[2024-12-31 13:48:44,884][flwr][INFO] - 		round 4: 69.88599050045013
[2024-12-31 13:48:44,884][flwr][INFO] - 		round 5: 34.078556925058365
[2024-12-31 13:48:44,884][flwr][INFO] - 		round 6: 31.28747572004795
[2024-12-31 13:48:44,884][flwr][INFO] - 		round 7: 29.600101962685585
[2024-12-31 13:48:44,884][flwr][INFO] - 		round 8: 26.923281136900187
[2024-12-31 13:48:44,885][flwr][INFO] - 		round 9: 21.73537916690111
[2024-12-31 13:48:44,885][flwr][INFO] - 		round 10: 16.809840817935765
[2024-12-31 13:48:44,885][flwr][INFO] - 	History (metrics, centralized):
[2024-12-31 13:48:44,885][flwr][INFO] - 	{'accuracy': [(0, 0.142),
[2024-12-31 13:48:44,885][flwr][INFO] - 	              (1, 0.4628),
[2024-12-31 13:48:44,885][flwr][INFO] - 	              (2, 0.8459),
[2024-12-31 13:48:44,885][flwr][INFO] - 	              (3, 0.8677),
[2024-12-31 13:48:44,885][flwr][INFO] - 	              (4, 0.8606),
[2024-12-31 13:48:44,885][flwr][INFO] - 	              (5, 0.9311),
[2024-12-31 13:48:44,885][flwr][INFO] - 	              (6, 0.943),
[2024-12-31 13:48:44,885][flwr][INFO] - 	              (7, 0.9468),
[2024-12-31 13:48:44,885][flwr][INFO] - 	              (8, 0.9437),
[2024-12-31 13:48:44,885][flwr][INFO] - 	              (9, 0.9552),
[2024-12-31 13:48:44,885][flwr][INFO] - 	              (10, 0.9633)]}
[2024-12-31 13:48:44,885][flwr][INFO] - 
