[2024-12-30 23:58:35,400][flwr][INFO] - Starting Flower simulation, config: num_rounds=10, no round_timeout
[2024-12-30 23:58:38,840][flwr][INFO] - Flower VCE: Ray initialized with resources: {'CPU': 12.0, 'node:192.168.1.11': 1.0, 'node:__internal_head__': 1.0, 'memory': 6067222119.0, 'object_store_memory': 3033611059.0}
[2024-12-30 23:58:38,840][flwr][INFO] - Optimize your simulation with Flower VCE: https://flower.ai/docs/framework/how-to-run-simulations.html
[2024-12-30 23:58:38,840][flwr][INFO] - Flower VCE: Resources for each Virtual Client: {'num_cpus': 2, 'num_gpus': 0}
[2024-12-30 23:58:38,850][flwr][INFO] - Flower VCE: Creating VirtualClientEngineActorPool with 6 actors
[2024-12-30 23:58:38,850][flwr][INFO] - [INIT]
[2024-12-30 23:58:38,851][flwr][INFO] - Using initial global parameters provided by strategy
[2024-12-30 23:58:38,851][flwr][INFO] - Starting evaluation of initial global parameters
[2024-12-30 23:58:41,823][flwr][INFO] - initial parameters (loss, other metrics): 182.36671662330627, {'accuracy': 0.1404}
[2024-12-30 23:58:41,824][flwr][INFO] - 
[2024-12-30 23:58:41,824][flwr][INFO] - [ROUND 1]
[2024-12-30 23:58:41,824][flwr][INFO] - configure_fit: strategy sampled 2 clients (out of 10)
[2024-12-30 23:58:52,000][flwr][INFO] - aggregate_fit: received 2 results and 0 failures
[2024-12-30 23:58:52,005][flwr][WARNING] - No fit_metrics_aggregation_fn provided
[2024-12-30 23:58:53,796][flwr][INFO] - fit progress: (1, 181.7186942100525, {'accuracy': 0.1088}, 11.972020269000495)
[2024-12-30 23:58:53,796][flwr][INFO] - configure_evaluate: strategy sampled 2 clients (out of 10)
[2024-12-30 23:58:54,152][flwr][INFO] - aggregate_evaluate: received 2 results and 0 failures
[2024-12-30 23:58:54,152][flwr][WARNING] - No evaluate_metrics_aggregation_fn provided
[2024-12-30 23:58:54,152][flwr][INFO] - 
[2024-12-30 23:58:54,152][flwr][INFO] - [ROUND 2]
[2024-12-30 23:58:54,152][flwr][INFO] - configure_fit: strategy sampled 2 clients (out of 10)
[2024-12-30 23:59:01,880][flwr][INFO] - aggregate_fit: received 2 results and 0 failures
[2024-12-30 23:59:03,406][flwr][INFO] - fit progress: (2, 177.753178358078, {'accuracy': 0.2607}, 21.582170353998663)
[2024-12-30 23:59:03,406][flwr][INFO] - configure_evaluate: strategy sampled 2 clients (out of 10)
[2024-12-30 23:59:03,881][flwr][INFO] - aggregate_evaluate: received 2 results and 0 failures
[2024-12-30 23:59:03,881][flwr][INFO] - 
[2024-12-30 23:59:03,881][flwr][INFO] - [ROUND 3]
[2024-12-30 23:59:03,881][flwr][INFO] - configure_fit: strategy sampled 2 clients (out of 10)
[2024-12-30 23:59:11,834][flwr][INFO] - aggregate_fit: received 2 results and 0 failures
[2024-12-30 23:59:13,162][flwr][INFO] - fit progress: (3, 175.19360256195068, {'accuracy': 0.2395}, 31.33792277199973)
[2024-12-30 23:59:13,162][flwr][INFO] - configure_evaluate: strategy sampled 2 clients (out of 10)
[2024-12-30 23:59:13,600][flwr][INFO] - aggregate_evaluate: received 2 results and 0 failures
[2024-12-30 23:59:13,600][flwr][INFO] - 
[2024-12-30 23:59:13,601][flwr][INFO] - [ROUND 4]
[2024-12-30 23:59:13,601][flwr][INFO] - configure_fit: strategy sampled 2 clients (out of 10)
[2024-12-30 23:59:22,085][flwr][INFO] - aggregate_fit: received 2 results and 0 failures
[2024-12-30 23:59:23,872][flwr][INFO] - fit progress: (4, 169.89187145233154, {'accuracy': 0.3517}, 42.04872334299944)
[2024-12-30 23:59:23,873][flwr][INFO] - configure_evaluate: strategy sampled 2 clients (out of 10)
[2024-12-30 23:59:24,283][flwr][INFO] - aggregate_evaluate: received 2 results and 0 failures
[2024-12-30 23:59:24,283][flwr][INFO] - 
[2024-12-30 23:59:24,283][flwr][INFO] - [ROUND 5]
[2024-12-30 23:59:24,283][flwr][INFO] - configure_fit: strategy sampled 2 clients (out of 10)
[2024-12-30 23:59:31,999][flwr][INFO] - aggregate_fit: received 2 results and 0 failures
[2024-12-30 23:59:33,363][flwr][INFO] - fit progress: (5, 167.89513659477234, {'accuracy': 0.3552}, 51.539739440999256)
[2024-12-30 23:59:33,364][flwr][INFO] - configure_evaluate: strategy sampled 2 clients (out of 10)
[2024-12-30 23:59:33,779][flwr][INFO] - aggregate_evaluate: received 2 results and 0 failures
[2024-12-30 23:59:33,779][flwr][INFO] - 
[2024-12-30 23:59:33,779][flwr][INFO] - [ROUND 6]
[2024-12-30 23:59:33,779][flwr][INFO] - configure_fit: strategy sampled 2 clients (out of 10)
[2024-12-30 23:59:41,551][flwr][INFO] - aggregate_fit: received 2 results and 0 failures
[2024-12-30 23:59:43,476][flwr][INFO] - fit progress: (6, 167.05857610702515, {'accuracy': 0.3345}, 61.65205484599937)
[2024-12-30 23:59:43,476][flwr][INFO] - configure_evaluate: strategy sampled 2 clients (out of 10)
[2024-12-30 23:59:43,868][flwr][INFO] - aggregate_evaluate: received 2 results and 0 failures
[2024-12-30 23:59:43,869][flwr][INFO] - 
[2024-12-30 23:59:43,869][flwr][INFO] - [ROUND 7]
[2024-12-30 23:59:43,869][flwr][INFO] - configure_fit: strategy sampled 2 clients (out of 10)
[2024-12-30 23:59:51,743][flwr][INFO] - aggregate_fit: received 2 results and 0 failures
[2024-12-30 23:59:53,277][flwr][INFO] - fit progress: (7, 164.50204205513, {'accuracy': 0.3672}, 71.45362606799972)
[2024-12-30 23:59:53,278][flwr][INFO] - configure_evaluate: strategy sampled 2 clients (out of 10)
[2024-12-30 23:59:53,669][flwr][INFO] - aggregate_evaluate: received 2 results and 0 failures
[2024-12-30 23:59:53,670][flwr][INFO] - 
[2024-12-30 23:59:53,670][flwr][INFO] - [ROUND 8]
[2024-12-30 23:59:53,670][flwr][INFO] - configure_fit: strategy sampled 2 clients (out of 10)
[2024-12-31 00:00:01,483][flwr][INFO] - aggregate_fit: received 2 results and 0 failures
[2024-12-31 00:00:03,570][flwr][INFO] - fit progress: (8, 166.01278448104858, {'accuracy': 0.3278}, 81.74643758399907)
[2024-12-31 00:00:03,570][flwr][INFO] - configure_evaluate: strategy sampled 2 clients (out of 10)
[2024-12-31 00:00:04,060][flwr][INFO] - aggregate_evaluate: received 2 results and 0 failures
[2024-12-31 00:00:04,060][flwr][INFO] - 
[2024-12-31 00:00:04,060][flwr][INFO] - [ROUND 9]
[2024-12-31 00:00:04,060][flwr][INFO] - configure_fit: strategy sampled 2 clients (out of 10)
[2024-12-31 00:00:11,981][flwr][INFO] - aggregate_fit: received 2 results and 0 failures
[2024-12-31 00:00:13,735][flwr][INFO] - fit progress: (9, 165.82565212249756, {'accuracy': 0.3324}, 91.91150447899781)
[2024-12-31 00:00:13,735][flwr][INFO] - configure_evaluate: strategy sampled 2 clients (out of 10)
[2024-12-31 00:00:14,202][flwr][INFO] - aggregate_evaluate: received 2 results and 0 failures
[2024-12-31 00:00:14,202][flwr][INFO] - 
[2024-12-31 00:00:14,202][flwr][INFO] - [ROUND 10]
[2024-12-31 00:00:14,202][flwr][INFO] - configure_fit: strategy sampled 2 clients (out of 10)
[2024-12-31 00:00:22,062][flwr][INFO] - aggregate_fit: received 2 results and 0 failures
[2024-12-31 00:00:23,865][flwr][INFO] - fit progress: (10, 164.45745205879211, {'accuracy': 0.3285}, 102.04135052299898)
[2024-12-31 00:00:23,865][flwr][INFO] - configure_evaluate: strategy sampled 2 clients (out of 10)
[2024-12-31 00:00:24,263][flwr][INFO] - aggregate_evaluate: received 2 results and 0 failures
[2024-12-31 00:00:24,263][flwr][INFO] - 
[2024-12-31 00:00:24,263][flwr][INFO] - [SUMMARY]
[2024-12-31 00:00:24,263][flwr][INFO] - Run finished 10 round(s) in 102.44s
[2024-12-31 00:00:24,264][flwr][INFO] - 	History (loss, distributed):
[2024-12-31 00:00:24,264][flwr][INFO] - 		round 1: 87.49287605285645
[2024-12-31 00:00:24,264][flwr][INFO] - 		round 2: 85.63795804977417
[2024-12-31 00:00:24,264][flwr][INFO] - 		round 3: 84.5740817785263
[2024-12-31 00:00:24,264][flwr][INFO] - 		round 4: 81.85324311256409
[2024-12-31 00:00:24,264][flwr][INFO] - 		round 5: 81.80206793546677
[2024-12-31 00:00:24,264][flwr][INFO] - 		round 6: 80.38367432355881
[2024-12-31 00:00:24,264][flwr][INFO] - 		round 7: 79.584865629673
[2024-12-31 00:00:24,264][flwr][INFO] - 		round 8: 80.82421535253525
[2024-12-31 00:00:24,264][flwr][INFO] - 		round 9: 80.43161833286285
[2024-12-31 00:00:24,264][flwr][INFO] - 		round 10: 79.2690988779068
[2024-12-31 00:00:24,265][flwr][INFO] - 	History (loss, centralized):
[2024-12-31 00:00:24,265][flwr][INFO] - 		round 0: 182.36671662330627
[2024-12-31 00:00:24,265][flwr][INFO] - 		round 1: 181.7186942100525
[2024-12-31 00:00:24,265][flwr][INFO] - 		round 2: 177.753178358078
[2024-12-31 00:00:24,265][flwr][INFO] - 		round 3: 175.19360256195068
[2024-12-31 00:00:24,265][flwr][INFO] - 		round 4: 169.89187145233154
[2024-12-31 00:00:24,265][flwr][INFO] - 		round 5: 167.89513659477234
[2024-12-31 00:00:24,265][flwr][INFO] - 		round 6: 167.05857610702515
[2024-12-31 00:00:24,265][flwr][INFO] - 		round 7: 164.50204205513
[2024-12-31 00:00:24,265][flwr][INFO] - 		round 8: 166.01278448104858
[2024-12-31 00:00:24,265][flwr][INFO] - 		round 9: 165.82565212249756
[2024-12-31 00:00:24,265][flwr][INFO] - 		round 10: 164.45745205879211
[2024-12-31 00:00:24,265][flwr][INFO] - 	History (metrics, centralized):
[2024-12-31 00:00:24,265][flwr][INFO] - 	{'accuracy': [(0, 0.1404),
[2024-12-31 00:00:24,266][flwr][INFO] - 	              (1, 0.1088),
[2024-12-31 00:00:24,266][flwr][INFO] - 	              (2, 0.2607),
[2024-12-31 00:00:24,266][flwr][INFO] - 	              (3, 0.2395),
[2024-12-31 00:00:24,266][flwr][INFO] - 	              (4, 0.3517),
[2024-12-31 00:00:24,266][flwr][INFO] - 	              (5, 0.3552),
[2024-12-31 00:00:24,266][flwr][INFO] - 	              (6, 0.3345),
[2024-12-31 00:00:24,266][flwr][INFO] - 	              (7, 0.3672),
[2024-12-31 00:00:24,266][flwr][INFO] - 	              (8, 0.3278),
[2024-12-31 00:00:24,266][flwr][INFO] - 	              (9, 0.3324),
[2024-12-31 00:00:24,266][flwr][INFO] - 	              (10, 0.3285)]}
[2024-12-31 00:00:24,266][flwr][INFO] - 
