[2025-01-07 22:39:44,051][flwr][INFO] - Starting Flower simulation, config: num_rounds=15, no round_timeout
[2025-01-07 22:39:47,554][flwr][INFO] - Flower VCE: Ray initialized with resources: {'node:192.168.1.11': 1.0, 'CPU': 12.0, 'node:__internal_head__': 1.0, 'object_store_memory': 3129968640.0, 'memory': 6259937280.0}
[2025-01-07 22:39:47,554][flwr][INFO] - Optimize your simulation with Flower VCE: https://flower.ai/docs/framework/how-to-run-simulations.html
[2025-01-07 22:39:47,554][flwr][INFO] - Flower VCE: Resources for each Virtual Client: {'num_cpus': 2, 'num_gpus': 0}
[2025-01-07 22:39:47,562][flwr][INFO] - Flower VCE: Creating VirtualClientEngineActorPool with 6 actors
[2025-01-07 22:39:47,563][flwr][INFO] - [INIT]
[2025-01-07 22:39:47,563][flwr][INFO] - Requesting initial parameters from one random client
[2025-01-07 22:39:49,895][flwr][INFO] - Received initial parameters from one random client
[2025-01-07 22:39:49,895][flwr][INFO] - Starting evaluation of initial global parameters
[2025-01-07 22:39:51,582][flwr][INFO] - initial parameters (loss, other metrics): 182.05166006088257, {'accuracy': 0.1338}
[2025-01-07 22:39:51,582][flwr][INFO] - 
[2025-01-07 22:39:51,582][flwr][INFO] - [ROUND 1]
[2025-01-07 22:39:51,582][flwr][INFO] - configure_fit: strategy sampled 2 clients (out of 10)
[2025-01-07 22:40:02,202][flwr][INFO] - aggregate_fit: received 2 results and 0 failures
[2025-01-07 22:40:02,208][flwr][WARNING] - No fit_metrics_aggregation_fn provided
[2025-01-07 22:40:03,776][flwr][INFO] - fit progress: (1, 187.19677090644836, {'accuracy': 0.1318}, 12.194182981002086)
[2025-01-07 22:40:03,776][flwr][INFO] - configure_evaluate: strategy sampled 2 clients (out of 10)
[2025-01-07 22:40:04,147][flwr][INFO] - aggregate_evaluate: received 2 results and 0 failures
[2025-01-07 22:40:04,147][flwr][WARNING] - No evaluate_metrics_aggregation_fn provided
[2025-01-07 22:40:04,147][flwr][INFO] - 
[2025-01-07 22:40:04,147][flwr][INFO] - [ROUND 2]
[2025-01-07 22:40:04,148][flwr][INFO] - configure_fit: strategy sampled 2 clients (out of 10)
[2025-01-07 22:40:12,354][flwr][INFO] - aggregate_fit: received 2 results and 0 failures
[2025-01-07 22:40:13,610][flwr][INFO] - fit progress: (2, 78.12199240922928, {'accuracy': 0.742}, 22.02828700200189)
[2025-01-07 22:40:13,611][flwr][INFO] - configure_evaluate: strategy sampled 2 clients (out of 10)
[2025-01-07 22:40:14,051][flwr][INFO] - aggregate_evaluate: received 2 results and 0 failures
[2025-01-07 22:40:14,051][flwr][INFO] - 
[2025-01-07 22:40:14,051][flwr][INFO] - [ROUND 3]
[2025-01-07 22:40:14,051][flwr][INFO] - configure_fit: strategy sampled 2 clients (out of 10)
[2025-01-07 22:40:22,147][flwr][INFO] - aggregate_fit: received 2 results and 0 failures
[2025-01-07 22:40:24,266][flwr][INFO] - fit progress: (3, 201.12873578071594, {'accuracy': 0.0982}, 32.684088214999065)
[2025-01-07 22:40:24,266][flwr][INFO] - configure_evaluate: strategy sampled 2 clients (out of 10)
[2025-01-07 22:40:24,599][flwr][INFO] - aggregate_evaluate: received 2 results and 0 failures
[2025-01-07 22:40:24,599][flwr][INFO] - 
[2025-01-07 22:40:24,599][flwr][INFO] - [ROUND 4]
[2025-01-07 22:40:24,599][flwr][INFO] - configure_fit: strategy sampled 2 clients (out of 10)
[2025-01-07 22:40:32,883][flwr][INFO] - aggregate_fit: received 2 results and 0 failures
[2025-01-07 22:40:34,071][flwr][INFO] - fit progress: (4, 182.0338273048401, {'accuracy': 0.1006}, 42.4893583209996)
[2025-01-07 22:40:34,072][flwr][INFO] - configure_evaluate: strategy sampled 2 clients (out of 10)
[2025-01-07 22:40:34,460][flwr][INFO] - aggregate_evaluate: received 2 results and 0 failures
[2025-01-07 22:40:34,460][flwr][INFO] - 
[2025-01-07 22:40:34,460][flwr][INFO] - [ROUND 5]
[2025-01-07 22:40:34,460][flwr][INFO] - configure_fit: strategy sampled 2 clients (out of 10)
[2025-01-07 22:40:42,442][flwr][INFO] - aggregate_fit: received 2 results and 0 failures
[2025-01-07 22:40:44,123][flwr][INFO] - fit progress: (5, 182.09543204307556, {'accuracy': 0.101}, 52.540985116997035)
[2025-01-07 22:40:44,123][flwr][INFO] - configure_evaluate: strategy sampled 2 clients (out of 10)
[2025-01-07 22:40:44,463][flwr][INFO] - aggregate_evaluate: received 2 results and 0 failures
[2025-01-07 22:40:44,463][flwr][INFO] - 
[2025-01-07 22:40:44,463][flwr][INFO] - [ROUND 6]
[2025-01-07 22:40:44,464][flwr][INFO] - configure_fit: strategy sampled 2 clients (out of 10)
[2025-01-07 22:40:52,315][flwr][INFO] - aggregate_fit: received 2 results and 0 failures
[2025-01-07 22:40:53,794][flwr][INFO] - fit progress: (6, 182.0694842338562, {'accuracy': 0.101}, 62.212165315002494)
[2025-01-07 22:40:53,794][flwr][INFO] - configure_evaluate: strategy sampled 2 clients (out of 10)
[2025-01-07 22:40:54,155][flwr][INFO] - aggregate_evaluate: received 2 results and 0 failures
[2025-01-07 22:40:54,155][flwr][INFO] - 
[2025-01-07 22:40:54,155][flwr][INFO] - [ROUND 7]
[2025-01-07 22:40:54,155][flwr][INFO] - configure_fit: strategy sampled 2 clients (out of 10)
[2025-01-07 22:41:02,130][flwr][INFO] - aggregate_fit: received 2 results and 0 failures
[2025-01-07 22:41:03,498][flwr][INFO] - fit progress: (7, 181.86775517463684, {'accuracy': 0.1032}, 71.91597586699936)
[2025-01-07 22:41:03,498][flwr][INFO] - configure_evaluate: strategy sampled 2 clients (out of 10)
[2025-01-07 22:41:03,868][flwr][INFO] - aggregate_evaluate: received 2 results and 0 failures
[2025-01-07 22:41:03,868][flwr][INFO] - 
[2025-01-07 22:41:03,869][flwr][INFO] - [ROUND 8]
[2025-01-07 22:41:03,869][flwr][INFO] - configure_fit: strategy sampled 2 clients (out of 10)
[2025-01-07 22:41:11,826][flwr][INFO] - aggregate_fit: received 2 results and 0 failures
[2025-01-07 22:41:13,155][flwr][INFO] - fit progress: (8, 182.1409397125244, {'accuracy': 0.0958}, 81.5733822809998)
[2025-01-07 22:41:13,156][flwr][INFO] - configure_evaluate: strategy sampled 2 clients (out of 10)
[2025-01-07 22:41:13,552][flwr][INFO] - aggregate_evaluate: received 2 results and 0 failures
[2025-01-07 22:41:13,553][flwr][INFO] - 
[2025-01-07 22:41:13,553][flwr][INFO] - [ROUND 9]
[2025-01-07 22:41:13,553][flwr][INFO] - configure_fit: strategy sampled 2 clients (out of 10)
[2025-01-07 22:41:21,549][flwr][INFO] - aggregate_fit: received 2 results and 0 failures
[2025-01-07 22:41:22,955][flwr][INFO] - fit progress: (9, 181.99958634376526, {'accuracy': 0.1032}, 91.37281370600249)
[2025-01-07 22:41:22,955][flwr][INFO] - configure_evaluate: strategy sampled 2 clients (out of 10)
[2025-01-07 22:41:23,298][flwr][INFO] - aggregate_evaluate: received 2 results and 0 failures
[2025-01-07 22:41:23,298][flwr][INFO] - 
[2025-01-07 22:41:23,298][flwr][INFO] - [ROUND 10]
[2025-01-07 22:41:23,298][flwr][INFO] - configure_fit: strategy sampled 2 clients (out of 10)
[2025-01-07 22:41:31,236][flwr][INFO] - aggregate_fit: received 2 results and 0 failures
[2025-01-07 22:41:32,537][flwr][INFO] - fit progress: (10, 181.98720359802246, {'accuracy': 0.1032}, 100.95536388899927)
[2025-01-07 22:41:32,538][flwr][INFO] - configure_evaluate: strategy sampled 2 clients (out of 10)
[2025-01-07 22:41:32,907][flwr][INFO] - aggregate_evaluate: received 2 results and 0 failures
[2025-01-07 22:41:32,907][flwr][INFO] - 
[2025-01-07 22:41:32,907][flwr][INFO] - [ROUND 11]
[2025-01-07 22:41:32,907][flwr][INFO] - configure_fit: strategy sampled 2 clients (out of 10)
[2025-01-07 22:41:40,943][flwr][INFO] - aggregate_fit: received 2 results and 0 failures
[2025-01-07 22:41:42,147][flwr][INFO] - fit progress: (11, 181.99661827087402, {'accuracy': 0.1135}, 110.56468572500307)
[2025-01-07 22:41:42,147][flwr][INFO] - configure_evaluate: strategy sampled 2 clients (out of 10)
[2025-01-07 22:41:42,507][flwr][INFO] - aggregate_evaluate: received 2 results and 0 failures
[2025-01-07 22:41:42,507][flwr][INFO] - 
[2025-01-07 22:41:42,507][flwr][INFO] - [ROUND 12]
[2025-01-07 22:41:42,507][flwr][INFO] - configure_fit: strategy sampled 2 clients (out of 10)
[2025-01-07 22:41:50,399][flwr][INFO] - aggregate_fit: received 2 results and 0 failures
[2025-01-07 22:41:52,411][flwr][INFO] - fit progress: (12, 182.20120549201965, {'accuracy': 0.1135}, 120.82930532000319)
[2025-01-07 22:41:52,412][flwr][INFO] - configure_evaluate: strategy sampled 2 clients (out of 10)
[2025-01-07 22:41:52,770][flwr][INFO] - aggregate_evaluate: received 2 results and 0 failures
[2025-01-07 22:41:52,770][flwr][INFO] - 
[2025-01-07 22:41:52,770][flwr][INFO] - [ROUND 13]
[2025-01-07 22:41:52,770][flwr][INFO] - configure_fit: strategy sampled 2 clients (out of 10)
[2025-01-07 22:42:00,681][flwr][INFO] - aggregate_fit: received 2 results and 0 failures
[2025-01-07 22:42:02,085][flwr][INFO] - fit progress: (13, 182.14653086662292, {'accuracy': 0.1009}, 130.50318179900205)
[2025-01-07 22:42:02,085][flwr][INFO] - configure_evaluate: strategy sampled 2 clients (out of 10)
[2025-01-07 22:42:02,446][flwr][INFO] - aggregate_evaluate: received 2 results and 0 failures
[2025-01-07 22:42:02,446][flwr][INFO] - 
[2025-01-07 22:42:02,446][flwr][INFO] - [ROUND 14]
[2025-01-07 22:42:02,447][flwr][INFO] - configure_fit: strategy sampled 2 clients (out of 10)
[2025-01-07 22:42:10,520][flwr][INFO] - aggregate_fit: received 2 results and 0 failures
[2025-01-07 22:42:11,679][flwr][INFO] - fit progress: (14, 181.93506360054016, {'accuracy': 0.101}, 140.09716590899916)
[2025-01-07 22:42:11,680][flwr][INFO] - configure_evaluate: strategy sampled 2 clients (out of 10)
[2025-01-07 22:42:12,084][flwr][INFO] - aggregate_evaluate: received 2 results and 0 failures
[2025-01-07 22:42:12,084][flwr][INFO] - 
[2025-01-07 22:42:12,085][flwr][INFO] - [ROUND 15]
[2025-01-07 22:42:12,085][flwr][INFO] - configure_fit: strategy sampled 2 clients (out of 10)
[2025-01-07 22:42:20,224][flwr][INFO] - aggregate_fit: received 2 results and 0 failures
[2025-01-07 22:42:21,893][flwr][INFO] - fit progress: (15, 181.91847038269043, {'accuracy': 0.1135}, 150.31122817900177)
[2025-01-07 22:42:21,894][flwr][INFO] - configure_evaluate: strategy sampled 2 clients (out of 10)
[2025-01-07 22:42:22,244][flwr][INFO] - aggregate_evaluate: received 2 results and 0 failures
[2025-01-07 22:42:22,244][flwr][INFO] - 
[2025-01-07 22:42:22,244][flwr][INFO] - [SUMMARY]
[2025-01-07 22:42:22,244][flwr][INFO] - Run finished 15 round(s) in 150.66s
[2025-01-07 22:42:22,244][flwr][INFO] - 	History (loss, distributed):
[2025-01-07 22:42:22,245][flwr][INFO] - 		round 1: 44.93744623661041
[2025-01-07 22:42:22,245][flwr][INFO] - 		round 2: 19.53860253095627
[2025-01-07 22:42:22,245][flwr][INFO] - 		round 3: 48.798080801963806
[2025-01-07 22:42:22,245][flwr][INFO] - 		round 4: 43.86161434650421
[2025-01-07 22:42:22,245][flwr][INFO] - 		round 5: 43.83450424671173
[2025-01-07 22:42:22,245][flwr][INFO] - 		round 6: 43.77801311016083
[2025-01-07 22:42:22,245][flwr][INFO] - 		round 7: 43.80195760726929
[2025-01-07 22:42:22,245][flwr][INFO] - 		round 8: 43.79538702964783
[2025-01-07 22:42:22,245][flwr][INFO] - 		round 9: 43.807294964790344
[2025-01-07 22:42:22,245][flwr][INFO] - 		round 10: 43.70912790298462
[2025-01-07 22:42:22,245][flwr][INFO] - 		round 11: 43.74623930454254
[2025-01-07 22:42:22,245][flwr][INFO] - 		round 12: 43.79052484035492
[2025-01-07 22:42:22,245][flwr][INFO] - 		round 13: 43.72740709781647
[2025-01-07 22:42:22,245][flwr][INFO] - 		round 14: 43.67146146297455
[2025-01-07 22:42:22,245][flwr][INFO] - 		round 15: 43.841917514801025
[2025-01-07 22:42:22,245][flwr][INFO] - 	History (loss, centralized):
[2025-01-07 22:42:22,245][flwr][INFO] - 		round 0: 182.05166006088257
[2025-01-07 22:42:22,245][flwr][INFO] - 		round 1: 187.19677090644836
[2025-01-07 22:42:22,245][flwr][INFO] - 		round 2: 78.12199240922928
[2025-01-07 22:42:22,245][flwr][INFO] - 		round 3: 201.12873578071594
[2025-01-07 22:42:22,245][flwr][INFO] - 		round 4: 182.0338273048401
[2025-01-07 22:42:22,245][flwr][INFO] - 		round 5: 182.09543204307556
[2025-01-07 22:42:22,245][flwr][INFO] - 		round 6: 182.0694842338562
[2025-01-07 22:42:22,245][flwr][INFO] - 		round 7: 181.86775517463684
[2025-01-07 22:42:22,245][flwr][INFO] - 		round 8: 182.1409397125244
[2025-01-07 22:42:22,245][flwr][INFO] - 		round 9: 181.99958634376526
[2025-01-07 22:42:22,245][flwr][INFO] - 		round 10: 181.98720359802246
[2025-01-07 22:42:22,245][flwr][INFO] - 		round 11: 181.99661827087402
[2025-01-07 22:42:22,246][flwr][INFO] - 		round 12: 182.20120549201965
[2025-01-07 22:42:22,246][flwr][INFO] - 		round 13: 182.14653086662292
[2025-01-07 22:42:22,246][flwr][INFO] - 		round 14: 181.93506360054016
[2025-01-07 22:42:22,246][flwr][INFO] - 		round 15: 181.91847038269043
[2025-01-07 22:42:22,246][flwr][INFO] - 	History (metrics, centralized):
[2025-01-07 22:42:22,246][flwr][INFO] - 	{'accuracy': [(0, 0.1338),
[2025-01-07 22:42:22,246][flwr][INFO] - 	              (1, 0.1318),
[2025-01-07 22:42:22,246][flwr][INFO] - 	              (2, 0.742),
[2025-01-07 22:42:22,246][flwr][INFO] - 	              (3, 0.0982),
[2025-01-07 22:42:22,246][flwr][INFO] - 	              (4, 0.1006),
[2025-01-07 22:42:22,246][flwr][INFO] - 	              (5, 0.101),
[2025-01-07 22:42:22,246][flwr][INFO] - 	              (6, 0.101),
[2025-01-07 22:42:22,246][flwr][INFO] - 	              (7, 0.1032),
[2025-01-07 22:42:22,246][flwr][INFO] - 	              (8, 0.0958),
[2025-01-07 22:42:22,246][flwr][INFO] - 	              (9, 0.1032),
[2025-01-07 22:42:22,246][flwr][INFO] - 	              (10, 0.1032),
[2025-01-07 22:42:22,246][flwr][INFO] - 	              (11, 0.1135),
[2025-01-07 22:42:22,246][flwr][INFO] - 	              (12, 0.1135),
[2025-01-07 22:42:22,246][flwr][INFO] - 	              (13, 0.1009),
[2025-01-07 22:42:22,246][flwr][INFO] - 	              (14, 0.101),
[2025-01-07 22:42:22,246][flwr][INFO] - 	              (15, 0.1135)]}
[2025-01-07 22:42:22,246][flwr][INFO] - 
