[2025-01-07 22:12:27,321][flwr][INFO] - Starting Flower simulation, config: num_rounds=15, no round_timeout
[2025-01-07 22:12:31,048][flwr][INFO] - Flower VCE: Ray initialized with resources: {'CPU': 12.0, 'node:192.168.1.11': 1.0, 'memory': 6229922612.0, 'object_store_memory': 3114961305.0, 'node:__internal_head__': 1.0}
[2025-01-07 22:12:31,048][flwr][INFO] - Optimize your simulation with Flower VCE: https://flower.ai/docs/framework/how-to-run-simulations.html
[2025-01-07 22:12:31,048][flwr][INFO] - Flower VCE: Resources for each Virtual Client: {'num_cpus': 2, 'num_gpus': 0}
[2025-01-07 22:12:31,056][flwr][INFO] - Flower VCE: Creating VirtualClientEngineActorPool with 6 actors
[2025-01-07 22:12:31,057][flwr][INFO] - [INIT]
[2025-01-07 22:12:31,057][flwr][INFO] - Requesting initial parameters from one random client
[2025-01-07 22:12:33,484][flwr][INFO] - Received initial parameters from one random client
[2025-01-07 22:12:33,485][flwr][INFO] - Starting evaluation of initial global parameters
[2025-01-07 22:12:34,617][flwr][INFO] - initial parameters (loss, other metrics): 182.2193787097931, {'accuracy': 0.0902}
[2025-01-07 22:12:34,618][flwr][INFO] - 
[2025-01-07 22:12:34,618][flwr][INFO] - [ROUND 1]
[2025-01-07 22:12:34,618][flwr][INFO] - configure_fit: strategy sampled 2 clients (out of 10)
[2025-01-07 22:12:48,403][flwr][INFO] - aggregate_fit: received 2 results and 0 failures
[2025-01-07 22:12:48,407][flwr][WARNING] - No fit_metrics_aggregation_fn provided
[2025-01-07 22:12:49,578][flwr][INFO] - fit progress: (1, 7.392029100621585, {'accuracy': 0.9703}, 14.960193582999636)
[2025-01-07 22:12:49,578][flwr][INFO] - configure_evaluate: strategy sampled 5 clients (out of 10)
[2025-01-07 22:12:53,210][flwr][INFO] - aggregate_evaluate: received 5 results and 0 failures
[2025-01-07 22:12:53,210][flwr][WARNING] - No evaluate_metrics_aggregation_fn provided
[2025-01-07 22:12:53,210][flwr][INFO] - 
[2025-01-07 22:12:53,210][flwr][INFO] - [ROUND 2]
[2025-01-07 22:12:53,211][flwr][INFO] - configure_fit: strategy sampled 2 clients (out of 10)
[2025-01-07 22:13:05,043][flwr][INFO] - aggregate_fit: received 2 results and 0 failures
[2025-01-07 22:13:06,543][flwr][INFO] - fit progress: (2, 5.639125872461591, {'accuracy': 0.9803}, 31.925492624999606)
[2025-01-07 22:13:06,543][flwr][INFO] - configure_evaluate: strategy sampled 5 clients (out of 10)
[2025-01-07 22:13:07,380][flwr][INFO] - aggregate_evaluate: received 5 results and 0 failures
[2025-01-07 22:13:07,380][flwr][INFO] - 
[2025-01-07 22:13:07,381][flwr][INFO] - [ROUND 3]
[2025-01-07 22:13:07,381][flwr][INFO] - configure_fit: strategy sampled 2 clients (out of 10)
[2025-01-07 22:13:19,246][flwr][INFO] - aggregate_fit: received 2 results and 0 failures
[2025-01-07 22:13:20,660][flwr][INFO] - fit progress: (3, 6.088805716804927, {'accuracy': 0.9803}, 46.04230725299567)
[2025-01-07 22:13:20,660][flwr][INFO] - configure_evaluate: strategy sampled 5 clients (out of 10)
[2025-01-07 22:13:21,462][flwr][INFO] - aggregate_evaluate: received 5 results and 0 failures
[2025-01-07 22:13:21,462][flwr][INFO] - 
[2025-01-07 22:13:21,462][flwr][INFO] - [ROUND 4]
[2025-01-07 22:13:21,463][flwr][INFO] - configure_fit: strategy sampled 2 clients (out of 10)
[2025-01-07 22:13:33,394][flwr][INFO] - aggregate_fit: received 2 results and 0 failures
[2025-01-07 22:13:34,762][flwr][INFO] - fit progress: (4, 4.280630311794084, {'accuracy': 0.9859}, 60.144516549997206)
[2025-01-07 22:13:34,762][flwr][INFO] - configure_evaluate: strategy sampled 5 clients (out of 10)
[2025-01-07 22:13:35,513][flwr][INFO] - aggregate_evaluate: received 5 results and 0 failures
[2025-01-07 22:13:35,513][flwr][INFO] - 
[2025-01-07 22:13:35,513][flwr][INFO] - [ROUND 5]
[2025-01-07 22:13:35,514][flwr][INFO] - configure_fit: strategy sampled 2 clients (out of 10)
[2025-01-07 22:13:46,995][flwr][INFO] - aggregate_fit: received 2 results and 0 failures
[2025-01-07 22:13:48,419][flwr][INFO] - fit progress: (5, 4.755172008401132, {'accuracy': 0.9838}, 73.80173500099772)
[2025-01-07 22:13:48,420][flwr][INFO] - configure_evaluate: strategy sampled 5 clients (out of 10)
[2025-01-07 22:13:49,167][flwr][INFO] - aggregate_evaluate: received 5 results and 0 failures
[2025-01-07 22:13:49,168][flwr][INFO] - 
[2025-01-07 22:13:49,168][flwr][INFO] - [ROUND 6]
[2025-01-07 22:13:49,168][flwr][INFO] - configure_fit: strategy sampled 2 clients (out of 10)
[2025-01-07 22:14:00,891][flwr][INFO] - aggregate_fit: received 2 results and 0 failures
[2025-01-07 22:14:02,099][flwr][INFO] - fit progress: (6, 4.786739244389537, {'accuracy': 0.9842}, 87.48115079499985)
[2025-01-07 22:14:02,099][flwr][INFO] - configure_evaluate: strategy sampled 5 clients (out of 10)
[2025-01-07 22:14:02,880][flwr][INFO] - aggregate_evaluate: received 5 results and 0 failures
[2025-01-07 22:14:02,881][flwr][INFO] - 
[2025-01-07 22:14:02,881][flwr][INFO] - [ROUND 7]
[2025-01-07 22:14:02,881][flwr][INFO] - configure_fit: strategy sampled 2 clients (out of 10)
[2025-01-07 22:14:14,461][flwr][INFO] - aggregate_fit: received 2 results and 0 failures
[2025-01-07 22:14:15,675][flwr][INFO] - fit progress: (7, 4.096020375189369, {'accuracy': 0.9886}, 101.05722272199637)
[2025-01-07 22:14:15,675][flwr][INFO] - configure_evaluate: strategy sampled 5 clients (out of 10)
[2025-01-07 22:14:16,475][flwr][INFO] - aggregate_evaluate: received 5 results and 0 failures
[2025-01-07 22:14:16,476][flwr][INFO] - 
[2025-01-07 22:14:16,476][flwr][INFO] - [ROUND 8]
[2025-01-07 22:14:16,476][flwr][INFO] - configure_fit: strategy sampled 2 clients (out of 10)
[2025-01-07 22:14:28,130][flwr][INFO] - aggregate_fit: received 2 results and 0 failures
[2025-01-07 22:14:29,329][flwr][INFO] - fit progress: (8, 4.223678773162646, {'accuracy': 0.988}, 114.71175120199769)
[2025-01-07 22:14:29,330][flwr][INFO] - configure_evaluate: strategy sampled 5 clients (out of 10)
[2025-01-07 22:14:30,109][flwr][INFO] - aggregate_evaluate: received 5 results and 0 failures
[2025-01-07 22:14:30,109][flwr][INFO] - 
[2025-01-07 22:14:30,109][flwr][INFO] - [ROUND 9]
[2025-01-07 22:14:30,109][flwr][INFO] - configure_fit: strategy sampled 2 clients (out of 10)
[2025-01-07 22:14:41,936][flwr][INFO] - aggregate_fit: received 2 results and 0 failures
[2025-01-07 22:14:43,118][flwr][INFO] - fit progress: (9, 3.961888536018023, {'accuracy': 0.9891}, 128.5000775649969)
[2025-01-07 22:14:43,118][flwr][INFO] - configure_evaluate: strategy sampled 5 clients (out of 10)
[2025-01-07 22:14:43,910][flwr][INFO] - aggregate_evaluate: received 5 results and 0 failures
[2025-01-07 22:14:43,910][flwr][INFO] - 
[2025-01-07 22:14:43,911][flwr][INFO] - [ROUND 10]
[2025-01-07 22:14:43,911][flwr][INFO] - configure_fit: strategy sampled 2 clients (out of 10)
[2025-01-07 22:14:55,570][flwr][INFO] - aggregate_fit: received 2 results and 0 failures
[2025-01-07 22:14:56,760][flwr][INFO] - fit progress: (10, 3.651958004138123, {'accuracy': 0.9902}, 142.14257549800095)
[2025-01-07 22:14:56,760][flwr][INFO] - configure_evaluate: strategy sampled 5 clients (out of 10)
[2025-01-07 22:14:57,550][flwr][INFO] - aggregate_evaluate: received 5 results and 0 failures
[2025-01-07 22:14:57,550][flwr][INFO] - 
[2025-01-07 22:14:57,551][flwr][INFO] - [ROUND 11]
[2025-01-07 22:14:57,551][flwr][INFO] - configure_fit: strategy sampled 2 clients (out of 10)
[2025-01-07 22:15:09,255][flwr][INFO] - aggregate_fit: received 2 results and 0 failures
[2025-01-07 22:15:10,442][flwr][INFO] - fit progress: (11, 3.3827406387433996, {'accuracy': 0.9906}, 155.82419070899778)
[2025-01-07 22:15:10,442][flwr][INFO] - configure_evaluate: strategy sampled 5 clients (out of 10)
[2025-01-07 22:15:11,255][flwr][INFO] - aggregate_evaluate: received 5 results and 0 failures
[2025-01-07 22:15:11,255][flwr][INFO] - 
[2025-01-07 22:15:11,255][flwr][INFO] - [ROUND 12]
[2025-01-07 22:15:11,255][flwr][INFO] - configure_fit: strategy sampled 2 clients (out of 10)
[2025-01-07 22:15:23,172][flwr][INFO] - aggregate_fit: received 2 results and 0 failures
[2025-01-07 22:15:24,666][flwr][INFO] - fit progress: (12, 3.815459732493146, {'accuracy': 0.9902}, 170.04867583899613)
[2025-01-07 22:15:24,666][flwr][INFO] - configure_evaluate: strategy sampled 5 clients (out of 10)
[2025-01-07 22:15:25,408][flwr][INFO] - aggregate_evaluate: received 5 results and 0 failures
[2025-01-07 22:15:25,408][flwr][INFO] - 
[2025-01-07 22:15:25,409][flwr][INFO] - [ROUND 13]
[2025-01-07 22:15:25,409][flwr][INFO] - configure_fit: strategy sampled 2 clients (out of 10)
[2025-01-07 22:15:37,119][flwr][INFO] - aggregate_fit: received 2 results and 0 failures
[2025-01-07 22:15:38,655][flwr][INFO] - fit progress: (13, 3.7046446382446305, {'accuracy': 0.9904}, 184.0375078329962)
[2025-01-07 22:15:38,655][flwr][INFO] - configure_evaluate: strategy sampled 5 clients (out of 10)
[2025-01-07 22:15:39,457][flwr][INFO] - aggregate_evaluate: received 5 results and 0 failures
[2025-01-07 22:15:39,457][flwr][INFO] - 
[2025-01-07 22:15:39,457][flwr][INFO] - [ROUND 14]
[2025-01-07 22:15:39,458][flwr][INFO] - configure_fit: strategy sampled 2 clients (out of 10)
[2025-01-07 22:15:51,075][flwr][INFO] - aggregate_fit: received 2 results and 0 failures
[2025-01-07 22:15:52,478][flwr][INFO] - fit progress: (14, 3.2404742001602784, {'accuracy': 0.9907}, 197.86053985200124)
[2025-01-07 22:15:52,478][flwr][INFO] - configure_evaluate: strategy sampled 5 clients (out of 10)
[2025-01-07 22:15:53,251][flwr][INFO] - aggregate_evaluate: received 5 results and 0 failures
[2025-01-07 22:15:53,251][flwr][INFO] - 
[2025-01-07 22:15:53,251][flwr][INFO] - [ROUND 15]
[2025-01-07 22:15:53,251][flwr][INFO] - configure_fit: strategy sampled 2 clients (out of 10)
[2025-01-07 22:16:04,775][flwr][INFO] - aggregate_fit: received 2 results and 0 failures
[2025-01-07 22:16:06,091][flwr][INFO] - fit progress: (15, 3.6417234545790507, {'accuracy': 0.9891}, 211.47386592099792)
[2025-01-07 22:16:06,092][flwr][INFO] - configure_evaluate: strategy sampled 5 clients (out of 10)
[2025-01-07 22:16:07,100][flwr][INFO] - aggregate_evaluate: received 5 results and 0 failures
[2025-01-07 22:16:07,100][flwr][INFO] - 
[2025-01-07 22:16:07,101][flwr][INFO] - [SUMMARY]
[2025-01-07 22:16:07,101][flwr][INFO] - Run finished 15 round(s) in 212.48s
[2025-01-07 22:16:07,101][flwr][INFO] - 	History (loss, distributed):
[2025-01-07 22:16:07,101][flwr][INFO] - 		round 1: 4.125490422159783
[2025-01-07 22:16:07,101][flwr][INFO] - 		round 2: 3.1414806476894226
[2025-01-07 22:16:07,101][flwr][INFO] - 		round 3: 3.6998754853022207
[2025-01-07 22:16:07,102][flwr][INFO] - 		round 4: 3.0858300127423717
[2025-01-07 22:16:07,102][flwr][INFO] - 		round 5: 2.501354132713641
[2025-01-07 22:16:07,102][flwr][INFO] - 		round 6: 3.1874501457320092
[2025-01-07 22:16:07,102][flwr][INFO] - 		round 7: 3.0223289685242816
[2025-01-07 22:16:07,102][flwr][INFO] - 		round 8: 3.0773419523324277
[2025-01-07 22:16:07,102][flwr][INFO] - 		round 9: 2.3195314637171194
[2025-01-07 22:16:07,102][flwr][INFO] - 		round 10: 2.465364987279196
[2025-01-07 22:16:07,102][flwr][INFO] - 		round 11: 2.0995108054458744
[2025-01-07 22:16:07,102][flwr][INFO] - 		round 12: 2.406925638007535
[2025-01-07 22:16:07,102][flwr][INFO] - 		round 13: 2.7194904009667407
[2025-01-07 22:16:07,102][flwr][INFO] - 		round 14: 1.9920296578293495
[2025-01-07 22:16:07,102][flwr][INFO] - 		round 15: 2.01279305067433
[2025-01-07 22:16:07,102][flwr][INFO] - 	History (loss, centralized):
[2025-01-07 22:16:07,102][flwr][INFO] - 		round 0: 182.2193787097931
[2025-01-07 22:16:07,102][flwr][INFO] - 		round 1: 7.392029100621585
[2025-01-07 22:16:07,103][flwr][INFO] - 		round 2: 5.639125872461591
[2025-01-07 22:16:07,103][flwr][INFO] - 		round 3: 6.088805716804927
[2025-01-07 22:16:07,103][flwr][INFO] - 		round 4: 4.280630311794084
[2025-01-07 22:16:07,103][flwr][INFO] - 		round 5: 4.755172008401132
[2025-01-07 22:16:07,103][flwr][INFO] - 		round 6: 4.786739244389537
[2025-01-07 22:16:07,103][flwr][INFO] - 		round 7: 4.096020375189369
[2025-01-07 22:16:07,103][flwr][INFO] - 		round 8: 4.223678773162646
[2025-01-07 22:16:07,103][flwr][INFO] - 		round 9: 3.961888536018023
[2025-01-07 22:16:07,103][flwr][INFO] - 		round 10: 3.651958004138123
[2025-01-07 22:16:07,103][flwr][INFO] - 		round 11: 3.3827406387433996
[2025-01-07 22:16:07,103][flwr][INFO] - 		round 12: 3.815459732493146
[2025-01-07 22:16:07,103][flwr][INFO] - 		round 13: 3.7046446382446305
[2025-01-07 22:16:07,103][flwr][INFO] - 		round 14: 3.2404742001602784
[2025-01-07 22:16:07,103][flwr][INFO] - 		round 15: 3.6417234545790507
[2025-01-07 22:16:07,103][flwr][INFO] - 	History (metrics, centralized):
[2025-01-07 22:16:07,104][flwr][INFO] - 	{'accuracy': [(0, 0.0902),
[2025-01-07 22:16:07,104][flwr][INFO] - 	              (1, 0.9703),
[2025-01-07 22:16:07,104][flwr][INFO] - 	              (2, 0.9803),
[2025-01-07 22:16:07,104][flwr][INFO] - 	              (3, 0.9803),
[2025-01-07 22:16:07,104][flwr][INFO] - 	              (4, 0.9859),
[2025-01-07 22:16:07,104][flwr][INFO] - 	              (5, 0.9838),
[2025-01-07 22:16:07,104][flwr][INFO] - 	              (6, 0.9842),
[2025-01-07 22:16:07,104][flwr][INFO] - 	              (7, 0.9886),
[2025-01-07 22:16:07,104][flwr][INFO] - 	              (8, 0.988),
[2025-01-07 22:16:07,104][flwr][INFO] - 	              (9, 0.9891),
[2025-01-07 22:16:07,104][flwr][INFO] - 	              (10, 0.9902),
[2025-01-07 22:16:07,104][flwr][INFO] - 	              (11, 0.9906),
[2025-01-07 22:16:07,104][flwr][INFO] - 	              (12, 0.9902),
[2025-01-07 22:16:07,104][flwr][INFO] - 	              (13, 0.9904),
[2025-01-07 22:16:07,104][flwr][INFO] - 	              (14, 0.9907),
[2025-01-07 22:16:07,104][flwr][INFO] - 	              (15, 0.9891)]}
[2025-01-07 22:16:07,104][flwr][INFO] - 
