[2025-01-07 14:00:29,771][flwr][INFO] - Starting Flower simulation, config: num_rounds=5, no round_timeout
[2025-01-07 14:00:33,364][flwr][INFO] - Flower VCE: Ray initialized with resources: {'memory': 6314419815.0, 'object_store_memory': 3157209907.0, 'node:__internal_head__': 1.0, 'CPU': 12.0, 'node:192.168.1.11': 1.0}
[2025-01-07 14:00:33,365][flwr][INFO] - Optimize your simulation with Flower VCE: https://flower.ai/docs/framework/how-to-run-simulations.html
[2025-01-07 14:00:33,365][flwr][INFO] - Flower VCE: Resources for each Virtual Client: {'num_cpus': 2, 'num_gpus': 0}
[2025-01-07 14:00:33,371][flwr][INFO] - Flower VCE: Creating VirtualClientEngineActorPool with 6 actors
[2025-01-07 14:00:33,371][flwr][INFO] - [INIT]
[2025-01-07 14:00:33,371][flwr][INFO] - Requesting initial parameters from one random client
[2025-01-07 14:00:36,004][flwr][INFO] - Received initial parameters from one random client
[2025-01-07 14:00:36,005][flwr][INFO] - Starting evaluation of initial global parameters
[2025-01-07 14:00:37,099][flwr][INFO] - initial parameters (loss, other metrics): 182.4525966644287, {'accuracy': 0.1091}
[2025-01-07 14:00:37,100][flwr][INFO] - 
[2025-01-07 14:00:37,100][flwr][INFO] - [ROUND 1]
[2025-01-07 14:00:37,100][flwr][INFO] - configure_fit: strategy sampled 2 clients (out of 10)
[2025-01-07 14:00:52,434][flwr][INFO] - aggregate_fit: received 2 results and 0 failures
[2025-01-07 14:00:52,441][flwr][WARNING] - No fit_metrics_aggregation_fn provided
[2025-01-07 14:00:54,177][flwr][INFO] - fit progress: (1, 182.0631606578827, {'accuracy': 0.1028}, 17.077676097997028)
[2025-01-07 14:00:54,178][flwr][INFO] - configure_evaluate: strategy sampled 3 clients (out of 10)
[2025-01-07 14:00:56,604][flwr][INFO] - aggregate_evaluate: received 3 results and 0 failures
[2025-01-07 14:00:56,604][flwr][WARNING] - No evaluate_metrics_aggregation_fn provided
[2025-01-07 14:00:56,605][flwr][INFO] - 
[2025-01-07 14:00:56,605][flwr][INFO] - [ROUND 2]
[2025-01-07 14:00:56,605][flwr][INFO] - configure_fit: strategy sampled 2 clients (out of 10)
[2025-01-07 14:01:08,809][flwr][INFO] - aggregate_fit: received 2 results and 0 failures
[2025-01-07 14:01:10,189][flwr][INFO] - fit progress: (2, 181.98191380500793, {'accuracy': 0.1135}, 33.08890889399845)
[2025-01-07 14:01:10,189][flwr][INFO] - configure_evaluate: strategy sampled 3 clients (out of 10)
[2025-01-07 14:01:10,706][flwr][INFO] - aggregate_evaluate: received 3 results and 0 failures
[2025-01-07 14:01:10,707][flwr][INFO] - 
[2025-01-07 14:01:10,707][flwr][INFO] - [ROUND 3]
[2025-01-07 14:01:10,707][flwr][INFO] - configure_fit: strategy sampled 2 clients (out of 10)
[2025-01-07 14:01:22,648][flwr][INFO] - aggregate_fit: received 2 results and 0 failures
[2025-01-07 14:01:23,881][flwr][INFO] - fit progress: (3, 182.0588767528534, {'accuracy': 0.1135}, 46.78171863099851)
[2025-01-07 14:01:23,882][flwr][INFO] - configure_evaluate: strategy sampled 3 clients (out of 10)
[2025-01-07 14:01:24,420][flwr][INFO] - aggregate_evaluate: received 3 results and 0 failures
[2025-01-07 14:01:24,421][flwr][INFO] - 
[2025-01-07 14:01:24,421][flwr][INFO] - [ROUND 4]
[2025-01-07 14:01:24,421][flwr][INFO] - configure_fit: strategy sampled 2 clients (out of 10)
[2025-01-07 14:01:36,406][flwr][INFO] - aggregate_fit: received 2 results and 0 failures
[2025-01-07 14:01:37,830][flwr][INFO] - fit progress: (4, 181.85266208648682, {'accuracy': 0.1135}, 60.72985280799912)
[2025-01-07 14:01:37,830][flwr][INFO] - configure_evaluate: strategy sampled 3 clients (out of 10)
[2025-01-07 14:01:38,349][flwr][INFO] - aggregate_evaluate: received 3 results and 0 failures
[2025-01-07 14:01:38,349][flwr][INFO] - 
[2025-01-07 14:01:38,349][flwr][INFO] - [ROUND 5]
[2025-01-07 14:01:38,349][flwr][INFO] - configure_fit: strategy sampled 2 clients (out of 10)
[2025-01-07 14:01:50,020][flwr][INFO] - aggregate_fit: received 2 results and 0 failures
[2025-01-07 14:01:51,415][flwr][INFO] - fit progress: (5, 182.06351518630981, {'accuracy': 0.1135}, 74.31563292299688)
[2025-01-07 14:01:51,416][flwr][INFO] - configure_evaluate: strategy sampled 3 clients (out of 10)
[2025-01-07 14:01:51,923][flwr][INFO] - aggregate_evaluate: received 3 results and 0 failures
[2025-01-07 14:01:51,924][flwr][INFO] - 
[2025-01-07 14:01:51,924][flwr][INFO] - [SUMMARY]
[2025-01-07 14:01:51,924][flwr][INFO] - Run finished 5 round(s) in 74.82s
[2025-01-07 14:01:51,924][flwr][INFO] - 	History (loss, distributed):
[2025-01-07 14:01:51,924][flwr][INFO] - 		round 1: 87.42943986256917
[2025-01-07 14:01:51,924][flwr][INFO] - 		round 2: 87.52727548281352
[2025-01-07 14:01:51,925][flwr][INFO] - 		round 3: 87.72259291013081
[2025-01-07 14:01:51,925][flwr][INFO] - 		round 4: 87.46982153256734
[2025-01-07 14:01:51,925][flwr][INFO] - 		round 5: 87.53031452496846
[2025-01-07 14:01:51,925][flwr][INFO] - 	History (loss, centralized):
[2025-01-07 14:01:51,925][flwr][INFO] - 		round 0: 182.4525966644287
[2025-01-07 14:01:51,925][flwr][INFO] - 		round 1: 182.0631606578827
[2025-01-07 14:01:51,925][flwr][INFO] - 		round 2: 181.98191380500793
[2025-01-07 14:01:51,925][flwr][INFO] - 		round 3: 182.0588767528534
[2025-01-07 14:01:51,925][flwr][INFO] - 		round 4: 181.85266208648682
[2025-01-07 14:01:51,926][flwr][INFO] - 		round 5: 182.06351518630981
[2025-01-07 14:01:51,926][flwr][INFO] - 	History (metrics, centralized):
[2025-01-07 14:01:51,926][flwr][INFO] - 	{'accuracy': [(0, 0.1091),
[2025-01-07 14:01:51,926][flwr][INFO] - 	              (1, 0.1028),
[2025-01-07 14:01:51,926][flwr][INFO] - 	              (2, 0.1135),
[2025-01-07 14:01:51,926][flwr][INFO] - 	              (3, 0.1135),
[2025-01-07 14:01:51,926][flwr][INFO] - 	              (4, 0.1135),
[2025-01-07 14:01:51,926][flwr][INFO] - 	              (5, 0.1135)]}
[2025-01-07 14:01:51,926][flwr][INFO] - 
