[2025-01-07 14:43:31,258][flwr][INFO] - Starting Flower simulation, config: num_rounds=5, no round_timeout
[2025-01-07 14:43:34,786][flwr][INFO] - Flower VCE: Ray initialized with resources: {'node:__internal_head__': 1.0, 'node:192.168.1.11': 1.0, 'CPU': 12.0, 'object_store_memory': 3157702656.0, 'memory': 6315405312.0}
[2025-01-07 14:43:34,786][flwr][INFO] - Optimize your simulation with Flower VCE: https://flower.ai/docs/framework/how-to-run-simulations.html
[2025-01-07 14:43:34,787][flwr][INFO] - Flower VCE: Resources for each Virtual Client: {'num_cpus': 2, 'num_gpus': 0}
[2025-01-07 14:43:34,794][flwr][INFO] - Flower VCE: Creating VirtualClientEngineActorPool with 6 actors
[2025-01-07 14:43:34,795][flwr][INFO] - [INIT]
[2025-01-07 14:43:34,795][flwr][INFO] - Requesting initial parameters from one random client
[2025-01-07 14:43:37,666][flwr][INFO] - Received initial parameters from one random client
[2025-01-07 14:43:37,666][flwr][INFO] - Starting evaluation of initial global parameters
[2025-01-07 14:43:38,922][flwr][INFO] - initial parameters (loss, other metrics): 182.06551885604858, {'accuracy': 0.1041}
[2025-01-07 14:43:38,922][flwr][INFO] - 
[2025-01-07 14:43:38,923][flwr][INFO] - [ROUND 1]
[2025-01-07 14:43:38,923][flwr][INFO] - configure_fit: strategy sampled 2 clients (out of 20)
[2025-01-07 14:43:43,725][flwr][INFO] - aggregate_fit: received 2 results and 0 failures
[2025-01-07 14:43:43,731][flwr][WARNING] - No fit_metrics_aggregation_fn provided
[2025-01-07 14:43:45,265][flwr][INFO] - fit progress: (1, 49.077769219875336, {'accuracy': 0.8772}, 6.343029961000866)
[2025-01-07 14:43:45,266][flwr][INFO] - configure_evaluate: strategy sampled 2 clients (out of 20)
[2025-01-07 14:43:45,577][flwr][INFO] - aggregate_evaluate: received 2 results and 0 failures
[2025-01-07 14:43:45,577][flwr][WARNING] - No evaluate_metrics_aggregation_fn provided
[2025-01-07 14:43:45,577][flwr][INFO] - 
[2025-01-07 14:43:45,578][flwr][INFO] - [ROUND 2]
[2025-01-07 14:43:45,578][flwr][INFO] - configure_fit: strategy sampled 2 clients (out of 20)
[2025-01-07 14:43:48,314][flwr][INFO] - aggregate_fit: received 2 results and 0 failures
[2025-01-07 14:43:49,605][flwr][INFO] - fit progress: (2, 16.64933850429952, {'accuracy': 0.951}, 10.682940675000282)
[2025-01-07 14:43:49,606][flwr][INFO] - configure_evaluate: strategy sampled 2 clients (out of 20)
[2025-01-07 14:43:49,944][flwr][INFO] - aggregate_evaluate: received 2 results and 0 failures
[2025-01-07 14:43:49,944][flwr][INFO] - 
[2025-01-07 14:43:49,944][flwr][INFO] - [ROUND 3]
[2025-01-07 14:43:49,944][flwr][INFO] - configure_fit: strategy sampled 2 clients (out of 20)
[2025-01-07 14:43:52,627][flwr][INFO] - aggregate_fit: received 2 results and 0 failures
[2025-01-07 14:43:54,230][flwr][INFO] - fit progress: (3, 9.603353084276023, {'accuracy': 0.9686}, 15.307352689000254)
[2025-01-07 14:43:54,230][flwr][INFO] - configure_evaluate: strategy sampled 2 clients (out of 20)
[2025-01-07 14:43:54,524][flwr][INFO] - aggregate_evaluate: received 2 results and 0 failures
[2025-01-07 14:43:54,524][flwr][INFO] - 
[2025-01-07 14:43:54,524][flwr][INFO] - [ROUND 4]
[2025-01-07 14:43:54,524][flwr][INFO] - configure_fit: strategy sampled 2 clients (out of 20)
[2025-01-07 14:43:57,202][flwr][INFO] - aggregate_fit: received 2 results and 0 failures
[2025-01-07 14:43:58,967][flwr][INFO] - fit progress: (4, 9.756304458947852, {'accuracy': 0.9679}, 20.044419395999284)
[2025-01-07 14:43:58,967][flwr][INFO] - configure_evaluate: strategy sampled 2 clients (out of 20)
[2025-01-07 14:43:59,274][flwr][INFO] - aggregate_evaluate: received 2 results and 0 failures
[2025-01-07 14:43:59,274][flwr][INFO] - 
[2025-01-07 14:43:59,274][flwr][INFO] - [ROUND 5]
[2025-01-07 14:43:59,274][flwr][INFO] - configure_fit: strategy sampled 2 clients (out of 20)
[2025-01-07 14:44:01,995][flwr][INFO] - aggregate_fit: received 2 results and 0 failures
[2025-01-07 14:44:03,591][flwr][INFO] - fit progress: (5, 7.0652148337394465, {'accuracy': 0.9777}, 24.668902640998567)
[2025-01-07 14:44:03,592][flwr][INFO] - configure_evaluate: strategy sampled 2 clients (out of 20)
[2025-01-07 14:44:03,893][flwr][INFO] - aggregate_evaluate: received 2 results and 0 failures
[2025-01-07 14:44:03,893][flwr][INFO] - 
[2025-01-07 14:44:03,893][flwr][INFO] - [SUMMARY]
[2025-01-07 14:44:03,893][flwr][INFO] - Run finished 5 round(s) in 24.97s
[2025-01-07 14:44:03,893][flwr][INFO] - 	History (loss, distributed):
[2025-01-07 14:44:03,893][flwr][INFO] - 		round 1: 6.383871465921402
[2025-01-07 14:44:03,893][flwr][INFO] - 		round 2: 2.61070566624403
[2025-01-07 14:44:03,893][flwr][INFO] - 		round 3: 1.063783912512008
[2025-01-07 14:44:03,893][flwr][INFO] - 		round 4: 1.0253106644377112
[2025-01-07 14:44:03,893][flwr][INFO] - 		round 5: 2.0623998077353463
[2025-01-07 14:44:03,893][flwr][INFO] - 	History (loss, centralized):
[2025-01-07 14:44:03,893][flwr][INFO] - 		round 0: 182.06551885604858
[2025-01-07 14:44:03,893][flwr][INFO] - 		round 1: 49.077769219875336
[2025-01-07 14:44:03,894][flwr][INFO] - 		round 2: 16.64933850429952
[2025-01-07 14:44:03,894][flwr][INFO] - 		round 3: 9.603353084276023
[2025-01-07 14:44:03,894][flwr][INFO] - 		round 4: 9.756304458947852
[2025-01-07 14:44:03,894][flwr][INFO] - 		round 5: 7.0652148337394465
[2025-01-07 14:44:03,894][flwr][INFO] - 	History (metrics, centralized):
[2025-01-07 14:44:03,894][flwr][INFO] - 	{'accuracy': [(0, 0.1041),
[2025-01-07 14:44:03,894][flwr][INFO] - 	              (1, 0.8772),
[2025-01-07 14:44:03,894][flwr][INFO] - 	              (2, 0.951),
[2025-01-07 14:44:03,894][flwr][INFO] - 	              (3, 0.9686),
[2025-01-07 14:44:03,894][flwr][INFO] - 	              (4, 0.9679),
[2025-01-07 14:44:03,894][flwr][INFO] - 	              (5, 0.9777)]}
[2025-01-07 14:44:03,894][flwr][INFO] - 
