[2025-01-07 13:23:31,382][flwr][INFO] - Starting Flower simulation, config: num_rounds=5, no round_timeout
[2025-01-07 13:23:34,818][flwr][INFO] - Flower VCE: Ray initialized with resources: {'node:__internal_head__': 1.0, 'CPU': 12.0, 'node:192.168.1.11': 1.0, 'object_store_memory': 3407300198.0, 'memory': 6814600398.0}
[2025-01-07 13:23:34,818][flwr][INFO] - Optimize your simulation with Flower VCE: https://flower.ai/docs/framework/how-to-run-simulations.html
[2025-01-07 13:23:34,818][flwr][INFO] - Flower VCE: Resources for each Virtual Client: {'num_cpus': 2, 'num_gpus': 0}
[2025-01-07 13:23:34,825][flwr][INFO] - Flower VCE: Creating VirtualClientEngineActorPool with 6 actors
[2025-01-07 13:23:34,826][flwr][INFO] - [INIT]
[2025-01-07 13:23:34,826][flwr][INFO] - Requesting initial parameters from one random client
[2025-01-07 13:23:37,571][flwr][INFO] - Received initial parameters from one random client
[2025-01-07 13:23:37,571][flwr][INFO] - Starting evaluation of initial global parameters
[2025-01-07 13:23:39,672][flwr][INFO] - initial parameters (loss, other metrics): 182.09041690826416, {'accuracy': 0.1148}
[2025-01-07 13:23:39,672][flwr][INFO] - 
[2025-01-07 13:23:39,672][flwr][INFO] - [ROUND 1]
[2025-01-07 13:23:39,672][flwr][INFO] - configure_fit: strategy sampled 2 clients (out of 5)
[2025-01-07 13:23:54,336][flwr][INFO] - aggregate_fit: received 2 results and 0 failures
[2025-01-07 13:23:54,342][flwr][WARNING] - No fit_metrics_aggregation_fn provided
[2025-01-07 13:23:56,133][flwr][INFO] - fit progress: (1, 6.4758867202326655, {'accuracy': 0.9749}, 16.461129956998775)
[2025-01-07 13:23:56,133][flwr][INFO] - configure_evaluate: strategy sampled 2 clients (out of 5)
[2025-01-07 13:23:56,727][flwr][INFO] - aggregate_evaluate: received 2 results and 0 failures
[2025-01-07 13:23:56,727][flwr][WARNING] - No evaluate_metrics_aggregation_fn provided
[2025-01-07 13:23:56,727][flwr][INFO] - 
[2025-01-07 13:23:56,727][flwr][INFO] - [ROUND 2]
[2025-01-07 13:23:56,728][flwr][INFO] - configure_fit: strategy sampled 2 clients (out of 5)
[2025-01-07 13:24:06,852][flwr][INFO] - aggregate_fit: received 2 results and 0 failures
[2025-01-07 13:24:08,237][flwr][INFO] - fit progress: (2, 4.307244089854066, {'accuracy': 0.9834}, 28.564951688000292)
[2025-01-07 13:24:08,237][flwr][INFO] - configure_evaluate: strategy sampled 2 clients (out of 5)
[2025-01-07 13:24:08,715][flwr][INFO] - aggregate_evaluate: received 2 results and 0 failures
[2025-01-07 13:24:08,715][flwr][INFO] - 
[2025-01-07 13:24:08,715][flwr][INFO] - [ROUND 3]
[2025-01-07 13:24:08,715][flwr][INFO] - configure_fit: strategy sampled 2 clients (out of 5)
[2025-01-07 13:24:19,308][flwr][INFO] - aggregate_fit: received 2 results and 0 failures
[2025-01-07 13:24:21,012][flwr][INFO] - fit progress: (3, 4.140826485775506, {'accuracy': 0.9862}, 41.339801859001454)
[2025-01-07 13:24:21,012][flwr][INFO] - configure_evaluate: strategy sampled 2 clients (out of 5)
[2025-01-07 13:24:21,657][flwr][INFO] - aggregate_evaluate: received 2 results and 0 failures
[2025-01-07 13:24:21,658][flwr][INFO] - 
[2025-01-07 13:24:21,658][flwr][INFO] - [ROUND 4]
[2025-01-07 13:24:21,658][flwr][INFO] - configure_fit: strategy sampled 2 clients (out of 5)
[2025-01-07 13:24:31,830][flwr][INFO] - aggregate_fit: received 2 results and 0 failures
[2025-01-07 13:24:33,571][flwr][INFO] - fit progress: (4, 3.3904674950172193, {'accuracy': 0.9871}, 53.89936277000015)
[2025-01-07 13:24:33,571][flwr][INFO] - configure_evaluate: strategy sampled 2 clients (out of 5)
[2025-01-07 13:24:34,077][flwr][INFO] - aggregate_evaluate: received 2 results and 0 failures
[2025-01-07 13:24:34,077][flwr][INFO] - 
[2025-01-07 13:24:34,077][flwr][INFO] - [ROUND 5]
[2025-01-07 13:24:34,077][flwr][INFO] - configure_fit: strategy sampled 2 clients (out of 5)
[2025-01-07 13:24:43,564][flwr][INFO] - aggregate_fit: received 2 results and 0 failures
[2025-01-07 13:24:45,778][flwr][INFO] - fit progress: (5, 4.065453893534141, {'accuracy': 0.986}, 66.10610219299997)
[2025-01-07 13:24:45,778][flwr][INFO] - configure_evaluate: strategy sampled 2 clients (out of 5)
[2025-01-07 13:24:46,319][flwr][INFO] - aggregate_evaluate: received 2 results and 0 failures
[2025-01-07 13:24:46,320][flwr][INFO] - 
[2025-01-07 13:24:46,320][flwr][INFO] - [SUMMARY]
[2025-01-07 13:24:46,320][flwr][INFO] - Run finished 5 round(s) in 66.65s
[2025-01-07 13:24:46,321][flwr][INFO] - 	History (loss, distributed):
[2025-01-07 13:24:46,321][flwr][INFO] - 		round 1: 3.5154632402118295
[2025-01-07 13:24:46,321][flwr][INFO] - 		round 2: 2.381589074138901
[2025-01-07 13:24:46,321][flwr][INFO] - 		round 3: 2.4013198831453337
[2025-01-07 13:24:46,321][flwr][INFO] - 		round 4: 2.279148588080716
[2025-01-07 13:24:46,321][flwr][INFO] - 		round 5: 2.3124885881552473
[2025-01-07 13:24:46,321][flwr][INFO] - 	History (loss, centralized):
[2025-01-07 13:24:46,322][flwr][INFO] - 		round 0: 182.09041690826416
[2025-01-07 13:24:46,322][flwr][INFO] - 		round 1: 6.4758867202326655
[2025-01-07 13:24:46,322][flwr][INFO] - 		round 2: 4.307244089854066
[2025-01-07 13:24:46,322][flwr][INFO] - 		round 3: 4.140826485775506
[2025-01-07 13:24:46,322][flwr][INFO] - 		round 4: 3.3904674950172193
[2025-01-07 13:24:46,322][flwr][INFO] - 		round 5: 4.065453893534141
[2025-01-07 13:24:46,322][flwr][INFO] - 	History (metrics, centralized):
[2025-01-07 13:24:46,322][flwr][INFO] - 	{'accuracy': [(0, 0.1148),
[2025-01-07 13:24:46,322][flwr][INFO] - 	              (1, 0.9749),
[2025-01-07 13:24:46,323][flwr][INFO] - 	              (2, 0.9834),
[2025-01-07 13:24:46,323][flwr][INFO] - 	              (3, 0.9862),
[2025-01-07 13:24:46,323][flwr][INFO] - 	              (4, 0.9871),
[2025-01-07 13:24:46,323][flwr][INFO] - 	              (5, 0.986)]}
[2025-01-07 13:24:46,323][flwr][INFO] - 
