[2025-01-07 13:30:33,271][flwr][INFO] - Starting Flower simulation, config: num_rounds=5, no round_timeout
[2025-01-07 13:30:36,627][flwr][INFO] - Flower VCE: Ray initialized with resources: {'CPU': 12.0, 'node:192.168.1.11': 1.0, 'memory': 6841191630.0, 'object_store_memory': 3420595814.0, 'node:__internal_head__': 1.0}
[2025-01-07 13:30:36,627][flwr][INFO] - Optimize your simulation with Flower VCE: https://flower.ai/docs/framework/how-to-run-simulations.html
[2025-01-07 13:30:36,627][flwr][INFO] - Flower VCE: Resources for each Virtual Client: {'num_cpus': 2, 'num_gpus': 0}
[2025-01-07 13:30:36,637][flwr][INFO] - Flower VCE: Creating VirtualClientEngineActorPool with 6 actors
[2025-01-07 13:30:36,638][flwr][INFO] - [INIT]
[2025-01-07 13:30:36,638][flwr][INFO] - Requesting initial parameters from one random client
[2025-01-07 13:30:39,477][flwr][INFO] - Received initial parameters from one random client
[2025-01-07 13:30:39,477][flwr][INFO] - Starting evaluation of initial global parameters
[2025-01-07 13:30:41,099][flwr][INFO] - initial parameters (loss, other metrics): 182.19170570373535, {'accuracy': 0.0912}
[2025-01-07 13:30:41,100][flwr][INFO] - 
[2025-01-07 13:30:41,100][flwr][INFO] - [ROUND 1]
[2025-01-07 13:30:41,100][flwr][INFO] - configure_fit: strategy sampled 2 clients (out of 5)
[2025-01-07 13:31:01,506][flwr][INFO] - aggregate_fit: received 2 results and 0 failures
[2025-01-07 13:31:01,510][flwr][WARNING] - No fit_metrics_aggregation_fn provided
[2025-01-07 13:31:03,395][flwr][INFO] - fit progress: (1, 182.22296261787415, {'accuracy': 0.1135}, 22.29587085199819)
[2025-01-07 13:31:03,396][flwr][INFO] - configure_evaluate: strategy sampled 2 clients (out of 5)
[2025-01-07 13:31:03,926][flwr][INFO] - aggregate_evaluate: received 2 results and 0 failures
[2025-01-07 13:31:03,926][flwr][WARNING] - No evaluate_metrics_aggregation_fn provided
[2025-01-07 13:31:03,926][flwr][INFO] - 
[2025-01-07 13:31:03,927][flwr][INFO] - [ROUND 2]
[2025-01-07 13:31:03,927][flwr][INFO] - configure_fit: strategy sampled 2 clients (out of 5)
[2025-01-07 13:31:20,036][flwr][INFO] - aggregate_fit: received 2 results and 0 failures
[2025-01-07 13:31:21,940][flwr][INFO] - fit progress: (2, 182.18193364143372, {'accuracy': 0.1135}, 40.83998483299729)
[2025-01-07 13:31:21,940][flwr][INFO] - configure_evaluate: strategy sampled 2 clients (out of 5)
[2025-01-07 13:31:22,362][flwr][INFO] - aggregate_evaluate: received 2 results and 0 failures
[2025-01-07 13:31:22,362][flwr][INFO] - 
[2025-01-07 13:31:22,363][flwr][INFO] - [ROUND 3]
[2025-01-07 13:31:22,363][flwr][INFO] - configure_fit: strategy sampled 2 clients (out of 5)
[2025-01-07 13:31:38,459][flwr][INFO] - aggregate_fit: received 2 results and 0 failures
[2025-01-07 13:31:40,046][flwr][INFO] - fit progress: (3, 182.1681079864502, {'accuracy': 0.1032}, 58.94615483199959)
[2025-01-07 13:31:40,046][flwr][INFO] - configure_evaluate: strategy sampled 2 clients (out of 5)
[2025-01-07 13:31:40,501][flwr][INFO] - aggregate_evaluate: received 2 results and 0 failures
[2025-01-07 13:31:40,501][flwr][INFO] - 
[2025-01-07 13:31:40,501][flwr][INFO] - [ROUND 4]
[2025-01-07 13:31:40,502][flwr][INFO] - configure_fit: strategy sampled 2 clients (out of 5)
[2025-01-07 13:32:04,180][flwr][INFO] - aggregate_fit: received 2 results and 0 failures
[2025-01-07 13:32:06,889][flwr][INFO] - fit progress: (4, 182.12853240966797, {'accuracy': 0.101}, 85.78916892599955)
[2025-01-07 13:32:06,889][flwr][INFO] - configure_evaluate: strategy sampled 2 clients (out of 5)
[2025-01-07 13:32:07,526][flwr][INFO] - aggregate_evaluate: received 2 results and 0 failures
[2025-01-07 13:32:07,527][flwr][INFO] - 
[2025-01-07 13:32:07,527][flwr][INFO] - [ROUND 5]
[2025-01-07 13:32:07,527][flwr][INFO] - configure_fit: strategy sampled 2 clients (out of 5)
[2025-01-07 13:32:25,256][flwr][INFO] - aggregate_fit: received 2 results and 0 failures
[2025-01-07 13:32:26,484][flwr][INFO] - fit progress: (5, 181.9596025943756, {'accuracy': 0.1135}, 105.3844780829968)
[2025-01-07 13:32:26,484][flwr][INFO] - configure_evaluate: strategy sampled 2 clients (out of 5)
[2025-01-07 13:32:27,027][flwr][INFO] - aggregate_evaluate: received 2 results and 0 failures
[2025-01-07 13:32:27,027][flwr][INFO] - 
[2025-01-07 13:32:27,027][flwr][INFO] - [SUMMARY]
[2025-01-07 13:32:27,027][flwr][INFO] - Run finished 5 round(s) in 105.93s
[2025-01-07 13:32:27,028][flwr][INFO] - 	History (loss, distributed):
[2025-01-07 13:32:27,028][flwr][INFO] - 		round 1: 87.70308339595795
[2025-01-07 13:32:27,028][flwr][INFO] - 		round 2: 87.72522532939911
[2025-01-07 13:32:27,028][flwr][INFO] - 		round 3: 87.63929557800293
[2025-01-07 13:32:27,028][flwr][INFO] - 		round 4: 87.58434903621674
[2025-01-07 13:32:27,028][flwr][INFO] - 		round 5: 87.50481736660004
[2025-01-07 13:32:27,028][flwr][INFO] - 	History (loss, centralized):
[2025-01-07 13:32:27,028][flwr][INFO] - 		round 0: 182.19170570373535
[2025-01-07 13:32:27,028][flwr][INFO] - 		round 1: 182.22296261787415
[2025-01-07 13:32:27,028][flwr][INFO] - 		round 2: 182.18193364143372
[2025-01-07 13:32:27,028][flwr][INFO] - 		round 3: 182.1681079864502
[2025-01-07 13:32:27,028][flwr][INFO] - 		round 4: 182.12853240966797
[2025-01-07 13:32:27,028][flwr][INFO] - 		round 5: 181.9596025943756
[2025-01-07 13:32:27,028][flwr][INFO] - 	History (metrics, centralized):
[2025-01-07 13:32:27,028][flwr][INFO] - 	{'accuracy': [(0, 0.0912),
[2025-01-07 13:32:27,029][flwr][INFO] - 	              (1, 0.1135),
[2025-01-07 13:32:27,029][flwr][INFO] - 	              (2, 0.1135),
[2025-01-07 13:32:27,029][flwr][INFO] - 	              (3, 0.1032),
[2025-01-07 13:32:27,029][flwr][INFO] - 	              (4, 0.101),
[2025-01-07 13:32:27,029][flwr][INFO] - 	              (5, 0.1135)]}
[2025-01-07 13:32:27,029][flwr][INFO] - 
