[2024-12-31 13:51:12,151][flwr][INFO] - Starting Flower simulation, config: num_rounds=10, no round_timeout
[2024-12-31 13:51:15,539][flwr][INFO] - Flower VCE: Ray initialized with resources: {'node:__internal_head__': 1.0, 'CPU': 12.0, 'node:192.168.1.11': 1.0, 'memory': 6381627803.0, 'object_store_memory': 3190813900.0}
[2024-12-31 13:51:15,540][flwr][INFO] - Optimize your simulation with Flower VCE: https://flower.ai/docs/framework/how-to-run-simulations.html
[2024-12-31 13:51:15,540][flwr][INFO] - Flower VCE: Resources for each Virtual Client: {'num_cpus': 2, 'num_gpus': 0}
[2024-12-31 13:51:15,547][flwr][INFO] - Flower VCE: Creating VirtualClientEngineActorPool with 6 actors
[2024-12-31 13:51:15,547][flwr][INFO] - [INIT]
[2024-12-31 13:51:15,547][flwr][INFO] - Using initial global parameters provided by strategy
[2024-12-31 13:51:15,547][flwr][INFO] - Starting evaluation of initial global parameters
[2024-12-31 13:51:18,080][flwr][INFO] - initial parameters (loss, other metrics): 182.1373860836029, {'accuracy': 0.1032}
[2024-12-31 13:51:18,080][flwr][INFO] - 
[2024-12-31 13:51:18,080][flwr][INFO] - [ROUND 1]
[2024-12-31 13:51:18,083][flwr][INFO] - configure_fit: strategy sampled 2 clients (out of 10)
[2024-12-31 13:51:25,327][flwr][INFO] - aggregate_fit: received 2 results and 0 failures
[2024-12-31 13:51:26,490][flwr][WARNING] - No fit_metrics_aggregation_fn provided
[2024-12-31 13:51:27,802][flwr][INFO] - fit progress: (1, 179.98086881637573, {'accuracy': 0.1223}, 9.72176516000036)
[2024-12-31 13:51:27,802][flwr][INFO] - configure_evaluate: strategy sampled 2 clients (out of 10)
[2024-12-31 13:51:28,173][flwr][INFO] - aggregate_evaluate: received 2 results and 0 failures
[2024-12-31 13:51:28,173][flwr][WARNING] - No evaluate_metrics_aggregation_fn provided
[2024-12-31 13:51:28,173][flwr][INFO] - 
[2024-12-31 13:51:28,173][flwr][INFO] - [ROUND 2]
[2024-12-31 13:51:28,175][flwr][INFO] - configure_fit: strategy sampled 2 clients (out of 10)
[2024-12-31 13:51:33,086][flwr][INFO] - aggregate_fit: received 2 results and 0 failures
[2024-12-31 13:51:35,416][flwr][INFO] - fit progress: (2, 168.4909348487854, {'accuracy': 0.6481}, 17.335647797997808)
[2024-12-31 13:51:35,416][flwr][INFO] - configure_evaluate: strategy sampled 2 clients (out of 10)
[2024-12-31 13:51:35,777][flwr][INFO] - aggregate_evaluate: received 2 results and 0 failures
[2024-12-31 13:51:35,777][flwr][INFO] - 
[2024-12-31 13:51:35,777][flwr][INFO] - [ROUND 3]
[2024-12-31 13:51:35,780][flwr][INFO] - configure_fit: strategy sampled 2 clients (out of 10)
[2024-12-31 13:51:40,594][flwr][INFO] - aggregate_fit: received 2 results and 0 failures
[2024-12-31 13:51:43,594][flwr][INFO] - fit progress: (3, 133.4923062324524, {'accuracy': 0.9264}, 25.5136979279996)
[2024-12-31 13:51:43,594][flwr][INFO] - configure_evaluate: strategy sampled 2 clients (out of 10)
[2024-12-31 13:51:43,925][flwr][INFO] - aggregate_evaluate: received 2 results and 0 failures
[2024-12-31 13:51:43,925][flwr][INFO] - 
[2024-12-31 13:51:43,925][flwr][INFO] - [ROUND 4]
[2024-12-31 13:51:43,927][flwr][INFO] - configure_fit: strategy sampled 2 clients (out of 10)
[2024-12-31 13:51:48,674][flwr][INFO] - aggregate_fit: received 2 results and 0 failures
[2024-12-31 13:51:51,148][flwr][INFO] - fit progress: (4, 80.64464503526688, {'accuracy': 0.9647}, 33.06780839400017)
[2024-12-31 13:51:51,148][flwr][INFO] - configure_evaluate: strategy sampled 2 clients (out of 10)
[2024-12-31 13:51:51,520][flwr][INFO] - aggregate_evaluate: received 2 results and 0 failures
[2024-12-31 13:51:51,520][flwr][INFO] - 
[2024-12-31 13:51:51,520][flwr][INFO] - [ROUND 5]
[2024-12-31 13:51:51,522][flwr][INFO] - configure_fit: strategy sampled 2 clients (out of 10)
[2024-12-31 13:51:56,249][flwr][INFO] - aggregate_fit: received 2 results and 0 failures
[2024-12-31 13:51:58,779][flwr][INFO] - fit progress: (5, 40.28272259235382, {'accuracy': 0.9728}, 40.69838031899417)
[2024-12-31 13:51:58,779][flwr][INFO] - configure_evaluate: strategy sampled 2 clients (out of 10)
[2024-12-31 13:51:59,106][flwr][INFO] - aggregate_evaluate: received 2 results and 0 failures
[2024-12-31 13:51:59,106][flwr][INFO] - 
[2024-12-31 13:51:59,106][flwr][INFO] - [ROUND 6]
[2024-12-31 13:51:59,109][flwr][INFO] - configure_fit: strategy sampled 2 clients (out of 10)
[2024-12-31 13:52:03,830][flwr][INFO] - aggregate_fit: received 2 results and 0 failures
[2024-12-31 13:52:06,375][flwr][INFO] - fit progress: (6, 26.215825602412224, {'accuracy': 0.9761}, 48.29428598999948)
[2024-12-31 13:52:06,375][flwr][INFO] - configure_evaluate: strategy sampled 2 clients (out of 10)
[2024-12-31 13:52:06,723][flwr][INFO] - aggregate_evaluate: received 2 results and 0 failures
[2024-12-31 13:52:06,724][flwr][INFO] - 
[2024-12-31 13:52:06,724][flwr][INFO] - [ROUND 7]
[2024-12-31 13:52:06,727][flwr][INFO] - configure_fit: strategy sampled 2 clients (out of 10)
[2024-12-31 13:52:11,653][flwr][INFO] - aggregate_fit: received 2 results and 0 failures
[2024-12-31 13:52:14,185][flwr][INFO] - fit progress: (7, 19.177074007689953, {'accuracy': 0.9788}, 56.10447590200056)
[2024-12-31 13:52:14,185][flwr][INFO] - configure_evaluate: strategy sampled 2 clients (out of 10)
[2024-12-31 13:52:14,543][flwr][INFO] - aggregate_evaluate: received 2 results and 0 failures
[2024-12-31 13:52:14,543][flwr][INFO] - 
[2024-12-31 13:52:14,543][flwr][INFO] - [ROUND 8]
[2024-12-31 13:52:14,546][flwr][INFO] - configure_fit: strategy sampled 2 clients (out of 10)
[2024-12-31 13:52:19,483][flwr][INFO] - aggregate_fit: received 2 results and 0 failures
[2024-12-31 13:52:21,728][flwr][INFO] - fit progress: (8, 15.91839138418436, {'accuracy': 0.9796}, 63.64729127999453)
[2024-12-31 13:52:21,728][flwr][INFO] - configure_evaluate: strategy sampled 2 clients (out of 10)
[2024-12-31 13:52:22,089][flwr][INFO] - aggregate_evaluate: received 2 results and 0 failures
[2024-12-31 13:52:22,089][flwr][INFO] - 
[2024-12-31 13:52:22,089][flwr][INFO] - [ROUND 9]
[2024-12-31 13:52:22,092][flwr][INFO] - configure_fit: strategy sampled 2 clients (out of 10)
[2024-12-31 13:52:26,891][flwr][INFO] - aggregate_fit: received 2 results and 0 failures
[2024-12-31 13:52:29,300][flwr][INFO] - fit progress: (9, 13.97234089486301, {'accuracy': 0.9804}, 71.21968410099362)
[2024-12-31 13:52:29,300][flwr][INFO] - configure_evaluate: strategy sampled 2 clients (out of 10)
[2024-12-31 13:52:29,695][flwr][INFO] - aggregate_evaluate: received 2 results and 0 failures
[2024-12-31 13:52:29,695][flwr][INFO] - 
[2024-12-31 13:52:29,695][flwr][INFO] - [ROUND 10]
[2024-12-31 13:52:29,699][flwr][INFO] - configure_fit: strategy sampled 2 clients (out of 10)
[2024-12-31 13:52:34,443][flwr][INFO] - aggregate_fit: received 2 results and 0 failures
[2024-12-31 13:52:37,371][flwr][INFO] - fit progress: (10, 12.362136747688055, {'accuracy': 0.9805}, 79.29080796999915)
[2024-12-31 13:52:37,371][flwr][INFO] - configure_evaluate: strategy sampled 2 clients (out of 10)
[2024-12-31 13:52:37,714][flwr][INFO] - aggregate_evaluate: received 2 results and 0 failures
[2024-12-31 13:52:37,714][flwr][INFO] - 
[2024-12-31 13:52:37,714][flwr][INFO] - [SUMMARY]
[2024-12-31 13:52:37,714][flwr][INFO] - Run finished 10 round(s) in 79.63s
[2024-12-31 13:52:37,715][flwr][INFO] - 	History (loss, distributed):
[2024-12-31 13:52:37,715][flwr][INFO] - 		round 1: 43.362526535987854
[2024-12-31 13:52:37,715][flwr][INFO] - 		round 2: 40.6173540353775
[2024-12-31 13:52:37,715][flwr][INFO] - 		round 3: 32.47964119911194
[2024-12-31 13:52:37,715][flwr][INFO] - 		round 4: 19.634270191192627
[2024-12-31 13:52:37,715][flwr][INFO] - 		round 5: 10.25316646695137
[2024-12-31 13:52:37,715][flwr][INFO] - 		round 6: 7.086117945611477
[2024-12-31 13:52:37,715][flwr][INFO] - 		round 7: 5.00111623108387
[2024-12-31 13:52:37,716][flwr][INFO] - 		round 8: 4.577726762741804
[2024-12-31 13:52:37,716][flwr][INFO] - 		round 9: 3.9978517182171345
[2024-12-31 13:52:37,716][flwr][INFO] - 		round 10: 3.527851426973939
[2024-12-31 13:52:37,716][flwr][INFO] - 	History (loss, centralized):
[2024-12-31 13:52:37,716][flwr][INFO] - 		round 0: 182.1373860836029
[2024-12-31 13:52:37,716][flwr][INFO] - 		round 1: 179.98086881637573
[2024-12-31 13:52:37,716][flwr][INFO] - 		round 2: 168.4909348487854
[2024-12-31 13:52:37,716][flwr][INFO] - 		round 3: 133.4923062324524
[2024-12-31 13:52:37,716][flwr][INFO] - 		round 4: 80.64464503526688
[2024-12-31 13:52:37,716][flwr][INFO] - 		round 5: 40.28272259235382
[2024-12-31 13:52:37,716][flwr][INFO] - 		round 6: 26.215825602412224
[2024-12-31 13:52:37,716][flwr][INFO] - 		round 7: 19.177074007689953
[2024-12-31 13:52:37,716][flwr][INFO] - 		round 8: 15.91839138418436
[2024-12-31 13:52:37,717][flwr][INFO] - 		round 9: 13.97234089486301
[2024-12-31 13:52:37,717][flwr][INFO] - 		round 10: 12.362136747688055
[2024-12-31 13:52:37,717][flwr][INFO] - 	History (metrics, centralized):
[2024-12-31 13:52:37,717][flwr][INFO] - 	{'accuracy': [(0, 0.1032),
[2024-12-31 13:52:37,717][flwr][INFO] - 	              (1, 0.1223),
[2024-12-31 13:52:37,717][flwr][INFO] - 	              (2, 0.6481),
[2024-12-31 13:52:37,717][flwr][INFO] - 	              (3, 0.9264),
[2024-12-31 13:52:37,717][flwr][INFO] - 	              (4, 0.9647),
[2024-12-31 13:52:37,717][flwr][INFO] - 	              (5, 0.9728),
[2024-12-31 13:52:37,717][flwr][INFO] - 	              (6, 0.9761),
[2024-12-31 13:52:37,717][flwr][INFO] - 	              (7, 0.9788),
[2024-12-31 13:52:37,717][flwr][INFO] - 	              (8, 0.9796),
[2024-12-31 13:52:37,717][flwr][INFO] - 	              (9, 0.9804),
[2024-12-31 13:52:37,718][flwr][INFO] - 	              (10, 0.9805)]}
[2024-12-31 13:52:37,718][flwr][INFO] - 
