[2024-12-31 23:12:41,033][flwr][INFO] - Starting Flower simulation, config: num_rounds=10, no round_timeout
[2024-12-31 23:12:44,657][flwr][INFO] - Flower VCE: Ray initialized with resources: {'node:__internal_head__': 1.0, 'object_store_memory': 3269002444.0, 'memory': 6538004891.0, 'CPU': 12.0, 'node:192.168.1.11': 1.0}
[2024-12-31 23:12:44,657][flwr][INFO] - Optimize your simulation with Flower VCE: https://flower.ai/docs/framework/how-to-run-simulations.html
[2024-12-31 23:12:44,657][flwr][INFO] - Flower VCE: Resources for each Virtual Client: {'num_cpus': 2, 'num_gpus': 0}
[2024-12-31 23:12:44,665][flwr][INFO] - Flower VCE: Creating VirtualClientEngineActorPool with 6 actors
[2024-12-31 23:12:44,666][flwr][INFO] - [INIT]
[2024-12-31 23:12:44,666][flwr][INFO] - Using initial global parameters provided by strategy
[2024-12-31 23:12:44,666][flwr][INFO] - Starting evaluation of initial global parameters
[2024-12-31 23:12:47,450][flwr][INFO] - initial parameters (loss, other metrics): 181.4700243473053, {'accuracy': 0.1299}
[2024-12-31 23:12:47,450][flwr][INFO] - 
[2024-12-31 23:12:47,450][flwr][INFO] - [ROUND 1]
[2024-12-31 23:12:47,450][flwr][INFO] - configure_fit: strategy sampled 2 clients (out of 10)
[2024-12-31 23:12:55,719][flwr][INFO] - aggregate_fit: received 2 results and 0 failures
[2024-12-31 23:12:55,727][flwr][WARNING] - No fit_metrics_aggregation_fn provided
[2024-12-31 23:12:57,777][flwr][INFO] - fit progress: (1, 184.35295009613037, {'accuracy': 0.0982}, 10.327054613000655)
[2024-12-31 23:12:57,777][flwr][INFO] - configure_evaluate: strategy sampled 2 clients (out of 10)
[2024-12-31 23:12:58,180][flwr][INFO] - aggregate_evaluate: received 2 results and 0 failures
[2024-12-31 23:12:58,180][flwr][WARNING] - No evaluate_metrics_aggregation_fn provided
[2024-12-31 23:12:58,180][flwr][INFO] - 
[2024-12-31 23:12:58,181][flwr][INFO] - [ROUND 2]
[2024-12-31 23:12:58,181][flwr][INFO] - configure_fit: strategy sampled 2 clients (out of 10)
[2024-12-31 23:13:04,017][flwr][INFO] - aggregate_fit: received 2 results and 0 failures
[2024-12-31 23:13:06,281][flwr][INFO] - fit progress: (2, 184.1315975189209, {'accuracy': 0.0974}, 18.831612109999696)
[2024-12-31 23:13:06,282][flwr][INFO] - configure_evaluate: strategy sampled 2 clients (out of 10)
[2024-12-31 23:13:06,652][flwr][INFO] - aggregate_evaluate: received 2 results and 0 failures
[2024-12-31 23:13:06,652][flwr][INFO] - 
[2024-12-31 23:13:06,652][flwr][INFO] - [ROUND 3]
[2024-12-31 23:13:06,653][flwr][INFO] - configure_fit: strategy sampled 2 clients (out of 10)
[2024-12-31 23:13:12,377][flwr][INFO] - aggregate_fit: received 2 results and 0 failures
[2024-12-31 23:13:14,368][flwr][INFO] - fit progress: (3, 184.58454823493958, {'accuracy': 0.0974}, 26.91791754300357)
[2024-12-31 23:13:14,368][flwr][INFO] - configure_evaluate: strategy sampled 2 clients (out of 10)
[2024-12-31 23:13:14,752][flwr][INFO] - aggregate_evaluate: received 2 results and 0 failures
[2024-12-31 23:13:14,752][flwr][INFO] - 
[2024-12-31 23:13:14,752][flwr][INFO] - [ROUND 4]
[2024-12-31 23:13:14,753][flwr][INFO] - configure_fit: strategy sampled 2 clients (out of 10)
[2024-12-31 23:13:20,503][flwr][INFO] - aggregate_fit: received 2 results and 0 failures
[2024-12-31 23:13:22,349][flwr][INFO] - fit progress: (4, 185.19344472885132, {'accuracy': 0.1135}, 34.89875740100251)
[2024-12-31 23:13:22,349][flwr][INFO] - configure_evaluate: strategy sampled 2 clients (out of 10)
[2024-12-31 23:13:22,740][flwr][INFO] - aggregate_evaluate: received 2 results and 0 failures
[2024-12-31 23:13:22,741][flwr][INFO] - 
[2024-12-31 23:13:22,741][flwr][INFO] - [ROUND 5]
[2024-12-31 23:13:22,741][flwr][INFO] - configure_fit: strategy sampled 2 clients (out of 10)
[2024-12-31 23:13:28,487][flwr][INFO] - aggregate_fit: received 2 results and 0 failures
[2024-12-31 23:13:30,061][flwr][INFO] - fit progress: (5, 184.319096326828, {'accuracy': 0.1009}, 42.6107612190026)
[2024-12-31 23:13:30,061][flwr][INFO] - configure_evaluate: strategy sampled 2 clients (out of 10)
[2024-12-31 23:13:30,480][flwr][INFO] - aggregate_evaluate: received 2 results and 0 failures
[2024-12-31 23:13:30,481][flwr][INFO] - 
[2024-12-31 23:13:30,481][flwr][INFO] - [ROUND 6]
[2024-12-31 23:13:30,481][flwr][INFO] - configure_fit: strategy sampled 2 clients (out of 10)
[2024-12-31 23:13:36,234][flwr][INFO] - aggregate_fit: received 2 results and 0 failures
[2024-12-31 23:13:38,399][flwr][INFO] - fit progress: (6, 183.09264016151428, {'accuracy': 0.1009}, 50.94893469600356)
[2024-12-31 23:13:38,399][flwr][INFO] - configure_evaluate: strategy sampled 2 clients (out of 10)
[2024-12-31 23:13:38,790][flwr][INFO] - aggregate_evaluate: received 2 results and 0 failures
[2024-12-31 23:13:38,791][flwr][INFO] - 
[2024-12-31 23:13:38,791][flwr][INFO] - [ROUND 7]
[2024-12-31 23:13:38,791][flwr][INFO] - configure_fit: strategy sampled 2 clients (out of 10)
[2024-12-31 23:13:44,419][flwr][INFO] - aggregate_fit: received 2 results and 0 failures
[2024-12-31 23:13:46,234][flwr][INFO] - fit progress: (7, 183.3135302066803, {'accuracy': 0.1135}, 58.7845939980034)
[2024-12-31 23:13:46,235][flwr][INFO] - configure_evaluate: strategy sampled 2 clients (out of 10)
[2024-12-31 23:13:46,630][flwr][INFO] - aggregate_evaluate: received 2 results and 0 failures
[2024-12-31 23:13:46,630][flwr][INFO] - 
[2024-12-31 23:13:46,630][flwr][INFO] - [ROUND 8]
[2024-12-31 23:13:46,631][flwr][INFO] - configure_fit: strategy sampled 2 clients (out of 10)
[2024-12-31 23:13:52,528][flwr][INFO] - aggregate_fit: received 2 results and 0 failures
[2024-12-31 23:13:54,110][flwr][INFO] - fit progress: (8, 183.1105237007141, {'accuracy': 0.1135}, 66.65988978899986)
[2024-12-31 23:13:54,110][flwr][INFO] - configure_evaluate: strategy sampled 2 clients (out of 10)
[2024-12-31 23:13:54,543][flwr][INFO] - aggregate_evaluate: received 2 results and 0 failures
[2024-12-31 23:13:54,543][flwr][INFO] - 
[2024-12-31 23:13:54,544][flwr][INFO] - [ROUND 9]
[2024-12-31 23:13:54,544][flwr][INFO] - configure_fit: strategy sampled 2 clients (out of 10)
[2024-12-31 23:14:00,264][flwr][INFO] - aggregate_fit: received 2 results and 0 failures
[2024-12-31 23:14:02,160][flwr][INFO] - fit progress: (9, 184.23253417015076, {'accuracy': 0.1028}, 74.71014207100234)
[2024-12-31 23:14:02,160][flwr][INFO] - configure_evaluate: strategy sampled 2 clients (out of 10)
[2024-12-31 23:14:02,542][flwr][INFO] - aggregate_evaluate: received 2 results and 0 failures
[2024-12-31 23:14:02,542][flwr][INFO] - 
[2024-12-31 23:14:02,542][flwr][INFO] - [ROUND 10]
[2024-12-31 23:14:02,543][flwr][INFO] - configure_fit: strategy sampled 2 clients (out of 10)
[2024-12-31 23:14:08,289][flwr][INFO] - aggregate_fit: received 2 results and 0 failures
[2024-12-31 23:14:10,423][flwr][INFO] - fit progress: (10, 184.30629467964172, {'accuracy': 0.0958}, 82.97264112400444)
[2024-12-31 23:14:10,423][flwr][INFO] - configure_evaluate: strategy sampled 2 clients (out of 10)
[2024-12-31 23:14:10,821][flwr][INFO] - aggregate_evaluate: received 2 results and 0 failures
[2024-12-31 23:14:10,821][flwr][INFO] - 
[2024-12-31 23:14:10,822][flwr][INFO] - [SUMMARY]
[2024-12-31 23:14:10,822][flwr][INFO] - Run finished 10 round(s) in 83.37s
[2024-12-31 23:14:10,822][flwr][INFO] - 	History (loss, distributed):
[2024-12-31 23:14:10,822][flwr][INFO] - 		round 1: 44.41008150577545
[2024-12-31 23:14:10,822][flwr][INFO] - 		round 2: 44.37514805793762
[2024-12-31 23:14:10,822][flwr][INFO] - 		round 3: 44.276912569999695
[2024-12-31 23:14:10,822][flwr][INFO] - 		round 4: 44.628434896469116
[2024-12-31 23:14:10,822][flwr][INFO] - 		round 5: 44.20559918880463
[2024-12-31 23:14:10,822][flwr][INFO] - 		round 6: 43.90388584136963
[2024-12-31 23:14:10,822][flwr][INFO] - 		round 7: 43.975894927978516
[2024-12-31 23:14:10,822][flwr][INFO] - 		round 8: 44.163609981536865
[2024-12-31 23:14:10,822][flwr][INFO] - 		round 9: 44.63019597530365
[2024-12-31 23:14:10,822][flwr][INFO] - 		round 10: 44.45528995990753
[2024-12-31 23:14:10,822][flwr][INFO] - 	History (loss, centralized):
[2024-12-31 23:14:10,822][flwr][INFO] - 		round 0: 181.4700243473053
[2024-12-31 23:14:10,822][flwr][INFO] - 		round 1: 184.35295009613037
[2024-12-31 23:14:10,823][flwr][INFO] - 		round 2: 184.1315975189209
[2024-12-31 23:14:10,823][flwr][INFO] - 		round 3: 184.58454823493958
[2024-12-31 23:14:10,823][flwr][INFO] - 		round 4: 185.19344472885132
[2024-12-31 23:14:10,823][flwr][INFO] - 		round 5: 184.319096326828
[2024-12-31 23:14:10,823][flwr][INFO] - 		round 6: 183.09264016151428
[2024-12-31 23:14:10,823][flwr][INFO] - 		round 7: 183.3135302066803
[2024-12-31 23:14:10,823][flwr][INFO] - 		round 8: 183.1105237007141
[2024-12-31 23:14:10,823][flwr][INFO] - 		round 9: 184.23253417015076
[2024-12-31 23:14:10,823][flwr][INFO] - 		round 10: 184.30629467964172
[2024-12-31 23:14:10,823][flwr][INFO] - 	History (metrics, centralized):
[2024-12-31 23:14:10,823][flwr][INFO] - 	{'accuracy': [(0, 0.1299),
[2024-12-31 23:14:10,823][flwr][INFO] - 	              (1, 0.0982),
[2024-12-31 23:14:10,823][flwr][INFO] - 	              (2, 0.0974),
[2024-12-31 23:14:10,823][flwr][INFO] - 	              (3, 0.0974),
[2024-12-31 23:14:10,823][flwr][INFO] - 	              (4, 0.1135),
[2024-12-31 23:14:10,823][flwr][INFO] - 	              (5, 0.1009),
[2024-12-31 23:14:10,823][flwr][INFO] - 	              (6, 0.1009),
[2024-12-31 23:14:10,823][flwr][INFO] - 	              (7, 0.1135),
[2024-12-31 23:14:10,823][flwr][INFO] - 	              (8, 0.1135),
[2024-12-31 23:14:10,824][flwr][INFO] - 	              (9, 0.1028),
[2024-12-31 23:14:10,824][flwr][INFO] - 	              (10, 0.0958)]}
[2024-12-31 23:14:10,824][flwr][INFO] - 
