[2025-01-07 14:44:46,154][flwr][INFO] - Starting Flower simulation, config: num_rounds=5, no round_timeout
[2025-01-07 14:44:49,535][flwr][INFO] - Flower VCE: Ray initialized with resources: {'CPU': 12.0, 'node:192.168.1.11': 1.0, 'node:__internal_head__': 1.0, 'memory': 6355552667.0, 'object_store_memory': 3177776332.0}
[2025-01-07 14:44:49,535][flwr][INFO] - Optimize your simulation with Flower VCE: https://flower.ai/docs/framework/how-to-run-simulations.html
[2025-01-07 14:44:49,536][flwr][INFO] - Flower VCE: Resources for each Virtual Client: {'num_cpus': 2, 'num_gpus': 0}
[2025-01-07 14:44:49,546][flwr][INFO] - Flower VCE: Creating VirtualClientEngineActorPool with 6 actors
[2025-01-07 14:44:49,547][flwr][INFO] - [INIT]
[2025-01-07 14:44:49,547][flwr][INFO] - Requesting initial parameters from one random client
[2025-01-07 14:44:52,281][flwr][INFO] - Received initial parameters from one random client
[2025-01-07 14:44:52,282][flwr][INFO] - Starting evaluation of initial global parameters
[2025-01-07 14:44:54,223][flwr][INFO] - initial parameters (loss, other metrics): 182.3961205482483, {'accuracy': 0.0391}
[2025-01-07 14:44:54,223][flwr][INFO] - 
[2025-01-07 14:44:54,223][flwr][INFO] - [ROUND 1]
[2025-01-07 14:44:54,223][flwr][INFO] - configure_fit: strategy sampled 2 clients (out of 20)
[2025-01-07 14:44:58,908][flwr][INFO] - aggregate_fit: received 2 results and 0 failures
[2025-01-07 14:44:58,915][flwr][WARNING] - No fit_metrics_aggregation_fn provided
[2025-01-07 14:45:00,292][flwr][INFO] - fit progress: (1, 181.9831736087799, {'accuracy': 0.1028}, 6.068791748999502)
[2025-01-07 14:45:00,292][flwr][INFO] - configure_evaluate: strategy sampled 2 clients (out of 20)
[2025-01-07 14:45:00,621][flwr][INFO] - aggregate_evaluate: received 2 results and 0 failures
[2025-01-07 14:45:00,622][flwr][WARNING] - No evaluate_metrics_aggregation_fn provided
[2025-01-07 14:45:00,622][flwr][INFO] - 
[2025-01-07 14:45:00,622][flwr][INFO] - [ROUND 2]
[2025-01-07 14:45:00,622][flwr][INFO] - configure_fit: strategy sampled 2 clients (out of 20)
[2025-01-07 14:45:03,352][flwr][INFO] - aggregate_fit: received 2 results and 0 failures
[2025-01-07 14:45:04,929][flwr][INFO] - fit progress: (2, 182.00132536888123, {'accuracy': 0.1032}, 10.705726396998216)
[2025-01-07 14:45:04,929][flwr][INFO] - configure_evaluate: strategy sampled 2 clients (out of 20)
[2025-01-07 14:45:05,280][flwr][INFO] - aggregate_evaluate: received 2 results and 0 failures
[2025-01-07 14:45:05,281][flwr][INFO] - 
[2025-01-07 14:45:05,281][flwr][INFO] - [ROUND 3]
[2025-01-07 14:45:05,281][flwr][INFO] - configure_fit: strategy sampled 2 clients (out of 20)
[2025-01-07 14:45:08,070][flwr][INFO] - aggregate_fit: received 2 results and 0 failures
[2025-01-07 14:45:09,483][flwr][INFO] - fit progress: (3, 182.0745451450348, {'accuracy': 0.1032}, 15.260071432996483)
[2025-01-07 14:45:09,484][flwr][INFO] - configure_evaluate: strategy sampled 2 clients (out of 20)
[2025-01-07 14:45:09,806][flwr][INFO] - aggregate_evaluate: received 2 results and 0 failures
[2025-01-07 14:45:09,806][flwr][INFO] - 
[2025-01-07 14:45:09,806][flwr][INFO] - [ROUND 4]
[2025-01-07 14:45:09,806][flwr][INFO] - configure_fit: strategy sampled 2 clients (out of 20)
[2025-01-07 14:45:12,494][flwr][INFO] - aggregate_fit: received 2 results and 0 failures
[2025-01-07 14:45:14,020][flwr][INFO] - fit progress: (4, 181.98301458358765, {'accuracy': 0.1135}, 19.796982854997623)
[2025-01-07 14:45:14,020][flwr][INFO] - configure_evaluate: strategy sampled 2 clients (out of 20)
[2025-01-07 14:45:14,324][flwr][INFO] - aggregate_evaluate: received 2 results and 0 failures
[2025-01-07 14:45:14,325][flwr][INFO] - 
[2025-01-07 14:45:14,325][flwr][INFO] - [ROUND 5]
[2025-01-07 14:45:14,325][flwr][INFO] - configure_fit: strategy sampled 2 clients (out of 20)
[2025-01-07 14:45:17,010][flwr][INFO] - aggregate_fit: received 2 results and 0 failures
[2025-01-07 14:45:18,391][flwr][INFO] - fit progress: (5, 182.0045621395111, {'accuracy': 0.1135}, 24.168098770998768)
[2025-01-07 14:45:18,392][flwr][INFO] - configure_evaluate: strategy sampled 2 clients (out of 20)
[2025-01-07 14:45:18,731][flwr][INFO] - aggregate_evaluate: received 2 results and 0 failures
[2025-01-07 14:45:18,731][flwr][INFO] - 
[2025-01-07 14:45:18,731][flwr][INFO] - [SUMMARY]
[2025-01-07 14:45:18,731][flwr][INFO] - Run finished 5 round(s) in 24.51s
[2025-01-07 14:45:18,732][flwr][INFO] - 	History (loss, distributed):
[2025-01-07 14:45:18,732][flwr][INFO] - 		round 1: 23.032902479171753
[2025-01-07 14:45:18,732][flwr][INFO] - 		round 2: 23.039315581321716
[2025-01-07 14:45:18,732][flwr][INFO] - 		round 3: 23.03895664215088
[2025-01-07 14:45:18,732][flwr][INFO] - 		round 4: 23.02745831012726
[2025-01-07 14:45:18,732][flwr][INFO] - 		round 5: 23.030904293060303
[2025-01-07 14:45:18,732][flwr][INFO] - 	History (loss, centralized):
[2025-01-07 14:45:18,732][flwr][INFO] - 		round 0: 182.3961205482483
[2025-01-07 14:45:18,733][flwr][INFO] - 		round 1: 181.9831736087799
[2025-01-07 14:45:18,733][flwr][INFO] - 		round 2: 182.00132536888123
[2025-01-07 14:45:18,733][flwr][INFO] - 		round 3: 182.0745451450348
[2025-01-07 14:45:18,733][flwr][INFO] - 		round 4: 181.98301458358765
[2025-01-07 14:45:18,733][flwr][INFO] - 		round 5: 182.0045621395111
[2025-01-07 14:45:18,733][flwr][INFO] - 	History (metrics, centralized):
[2025-01-07 14:45:18,733][flwr][INFO] - 	{'accuracy': [(0, 0.0391),
[2025-01-07 14:45:18,733][flwr][INFO] - 	              (1, 0.1028),
[2025-01-07 14:45:18,733][flwr][INFO] - 	              (2, 0.1032),
[2025-01-07 14:45:18,733][flwr][INFO] - 	              (3, 0.1032),
[2025-01-07 14:45:18,733][flwr][INFO] - 	              (4, 0.1135),
[2025-01-07 14:45:18,733][flwr][INFO] - 	              (5, 0.1135)]}
[2025-01-07 14:45:18,733][flwr][INFO] - 
