[2025-01-07 15:41:26,487][flwr][INFO] - Starting Flower simulation, config: num_rounds=10, no round_timeout
[2025-01-07 15:41:29,868][flwr][INFO] - Flower VCE: Ray initialized with resources: {'node:__internal_head__': 1.0, 'node:192.168.1.11': 1.0, 'CPU': 12.0, 'memory': 6287152743.0, 'object_store_memory': 3143576371.0}
[2025-01-07 15:41:29,868][flwr][INFO] - Optimize your simulation with Flower VCE: https://flower.ai/docs/framework/how-to-run-simulations.html
[2025-01-07 15:41:29,868][flwr][INFO] - Flower VCE: Resources for each Virtual Client: {'num_cpus': 2, 'num_gpus': 0}
[2025-01-07 15:41:29,874][flwr][INFO] - Flower VCE: Creating VirtualClientEngineActorPool with 6 actors
[2025-01-07 15:41:29,874][flwr][INFO] - [INIT]
[2025-01-07 15:41:29,874][flwr][INFO] - Requesting initial parameters from one random client
[2025-01-07 15:41:32,866][flwr][INFO] - Received initial parameters from one random client
[2025-01-07 15:41:32,866][flwr][INFO] - Starting evaluation of initial global parameters
[2025-01-07 15:41:34,094][flwr][INFO] - initial parameters (loss, other metrics): 182.00464940071106, {'accuracy': 0.0732}
[2025-01-07 15:41:34,094][flwr][INFO] - 
[2025-01-07 15:41:34,094][flwr][INFO] - [ROUND 1]
[2025-01-07 15:41:34,094][flwr][INFO] - configure_fit: strategy sampled 2 clients (out of 5)
[2025-01-07 15:41:59,155][flwr][INFO] - aggregate_fit: received 2 results and 0 failures
[2025-01-07 15:41:59,158][flwr][WARNING] - No fit_metrics_aggregation_fn provided
[2025-01-07 15:42:00,749][flwr][INFO] - fit progress: (1, 5.491492807806935, {'accuracy': 0.9781}, 26.655201697001758)
[2025-01-07 15:42:00,750][flwr][INFO] - configure_evaluate: strategy sampled 5 clients (out of 5)
[2025-01-07 15:42:04,812][flwr][INFO] - aggregate_evaluate: received 5 results and 0 failures
[2025-01-07 15:42:04,813][flwr][WARNING] - No evaluate_metrics_aggregation_fn provided
[2025-01-07 15:42:04,813][flwr][INFO] - 
[2025-01-07 15:42:04,813][flwr][INFO] - [ROUND 2]
[2025-01-07 15:42:04,813][flwr][INFO] - configure_fit: strategy sampled 2 clients (out of 5)
[2025-01-07 15:42:27,525][flwr][INFO] - aggregate_fit: received 2 results and 0 failures
[2025-01-07 15:42:28,815][flwr][INFO] - fit progress: (2, 3.6595071215861026, {'accuracy': 0.9878}, 54.72056098699977)
[2025-01-07 15:42:28,815][flwr][INFO] - configure_evaluate: strategy sampled 5 clients (out of 5)
[2025-01-07 15:42:29,946][flwr][INFO] - aggregate_evaluate: received 5 results and 0 failures
[2025-01-07 15:42:29,946][flwr][INFO] - 
[2025-01-07 15:42:29,946][flwr][INFO] - [ROUND 3]
[2025-01-07 15:42:29,946][flwr][INFO] - configure_fit: strategy sampled 2 clients (out of 5)
[2025-01-07 15:42:52,794][flwr][INFO] - aggregate_fit: received 2 results and 0 failures
[2025-01-07 15:42:54,137][flwr][INFO] - fit progress: (3, 3.4582446413460275, {'accuracy': 0.9873}, 80.04264895899905)
[2025-01-07 15:42:54,137][flwr][INFO] - configure_evaluate: strategy sampled 5 clients (out of 5)
[2025-01-07 15:42:55,239][flwr][INFO] - aggregate_evaluate: received 5 results and 0 failures
[2025-01-07 15:42:55,239][flwr][INFO] - 
[2025-01-07 15:42:55,239][flwr][INFO] - [ROUND 4]
[2025-01-07 15:42:55,240][flwr][INFO] - configure_fit: strategy sampled 2 clients (out of 5)
[2025-01-07 15:43:18,364][flwr][INFO] - aggregate_fit: received 2 results and 0 failures
[2025-01-07 15:43:20,079][flwr][INFO] - fit progress: (4, 3.647961302090721, {'accuracy': 0.9884}, 105.98466055799872)
[2025-01-07 15:43:20,079][flwr][INFO] - configure_evaluate: strategy sampled 5 clients (out of 5)
[2025-01-07 15:43:21,230][flwr][INFO] - aggregate_evaluate: received 5 results and 0 failures
[2025-01-07 15:43:21,231][flwr][INFO] - 
[2025-01-07 15:43:21,231][flwr][INFO] - [ROUND 5]
[2025-01-07 15:43:21,231][flwr][INFO] - configure_fit: strategy sampled 2 clients (out of 5)
[2025-01-07 15:43:44,323][flwr][INFO] - aggregate_fit: received 2 results and 0 failures
[2025-01-07 15:43:45,644][flwr][INFO] - fit progress: (5, 3.7489333273839804, {'accuracy': 0.9869}, 131.54979477899906)
[2025-01-07 15:43:45,644][flwr][INFO] - configure_evaluate: strategy sampled 5 clients (out of 5)
[2025-01-07 15:43:46,774][flwr][INFO] - aggregate_evaluate: received 5 results and 0 failures
[2025-01-07 15:43:46,775][flwr][INFO] - 
[2025-01-07 15:43:46,775][flwr][INFO] - [ROUND 6]
[2025-01-07 15:43:46,775][flwr][INFO] - configure_fit: strategy sampled 2 clients (out of 5)
[2025-01-07 15:44:09,559][flwr][INFO] - aggregate_fit: received 2 results and 0 failures
[2025-01-07 15:44:10,811][flwr][INFO] - fit progress: (6, 3.4040682351112324, {'accuracy': 0.9896}, 156.71703132699986)
[2025-01-07 15:44:10,811][flwr][INFO] - configure_evaluate: strategy sampled 5 clients (out of 5)
[2025-01-07 15:44:11,950][flwr][INFO] - aggregate_evaluate: received 5 results and 0 failures
[2025-01-07 15:44:11,951][flwr][INFO] - 
[2025-01-07 15:44:11,951][flwr][INFO] - [ROUND 7]
[2025-01-07 15:44:11,951][flwr][INFO] - configure_fit: strategy sampled 2 clients (out of 5)
[2025-01-07 15:44:35,447][flwr][INFO] - aggregate_fit: received 2 results and 0 failures
[2025-01-07 15:44:37,306][flwr][INFO] - fit progress: (7, 3.362838294942261, {'accuracy': 0.9895}, 183.21215364399905)
[2025-01-07 15:44:37,306][flwr][INFO] - configure_evaluate: strategy sampled 5 clients (out of 5)
[2025-01-07 15:44:38,336][flwr][INFO] - aggregate_evaluate: received 5 results and 0 failures
[2025-01-07 15:44:38,336][flwr][INFO] - 
[2025-01-07 15:44:38,336][flwr][INFO] - [ROUND 8]
[2025-01-07 15:44:38,337][flwr][INFO] - configure_fit: strategy sampled 2 clients (out of 5)
[2025-01-07 15:45:02,184][flwr][INFO] - aggregate_fit: received 2 results and 0 failures
[2025-01-07 15:45:03,792][flwr][INFO] - fit progress: (8, 3.622784270121217, {'accuracy': 0.9894}, 209.69764980800028)
[2025-01-07 15:45:03,792][flwr][INFO] - configure_evaluate: strategy sampled 5 clients (out of 5)
[2025-01-07 15:45:04,880][flwr][INFO] - aggregate_evaluate: received 5 results and 0 failures
[2025-01-07 15:45:04,880][flwr][INFO] - 
[2025-01-07 15:45:04,880][flwr][INFO] - [ROUND 9]
[2025-01-07 15:45:04,881][flwr][INFO] - configure_fit: strategy sampled 2 clients (out of 5)
[2025-01-07 15:45:27,866][flwr][INFO] - aggregate_fit: received 2 results and 0 failures
[2025-01-07 15:45:29,247][flwr][INFO] - fit progress: (9, 3.654877811761196, {'accuracy': 0.9886}, 235.15306592900015)
[2025-01-07 15:45:29,247][flwr][INFO] - configure_evaluate: strategy sampled 5 clients (out of 5)
[2025-01-07 15:45:30,343][flwr][INFO] - aggregate_evaluate: received 5 results and 0 failures
[2025-01-07 15:45:30,344][flwr][INFO] - 
[2025-01-07 15:45:30,344][flwr][INFO] - [ROUND 10]
[2025-01-07 15:45:30,344][flwr][INFO] - configure_fit: strategy sampled 2 clients (out of 5)
[2025-01-07 15:45:53,220][flwr][INFO] - aggregate_fit: received 2 results and 0 failures
[2025-01-07 15:45:55,020][flwr][INFO] - fit progress: (10, 3.4324346507975605, {'accuracy': 0.9901}, 260.92606734199944)
[2025-01-07 15:45:55,020][flwr][INFO] - configure_evaluate: strategy sampled 5 clients (out of 5)
[2025-01-07 15:45:56,115][flwr][INFO] - aggregate_evaluate: received 5 results and 0 failures
[2025-01-07 15:45:56,115][flwr][INFO] - 
[2025-01-07 15:45:56,115][flwr][INFO] - [SUMMARY]
[2025-01-07 15:45:56,115][flwr][INFO] - Run finished 10 round(s) in 262.02s
[2025-01-07 15:45:56,116][flwr][INFO] - 	History (loss, distributed):
[2025-01-07 15:45:56,116][flwr][INFO] - 		round 1: 6.2140945848426785
[2025-01-07 15:45:56,116][flwr][INFO] - 		round 2: 4.176230171375004
[2025-01-07 15:45:56,116][flwr][INFO] - 		round 3: 3.6699607191499357
[2025-01-07 15:45:56,116][flwr][INFO] - 		round 4: 4.224373686383513
[2025-01-07 15:45:56,116][flwr][INFO] - 		round 5: 4.274739633552523
[2025-01-07 15:45:56,116][flwr][INFO] - 		round 6: 4.527172435832199
[2025-01-07 15:45:56,116][flwr][INFO] - 		round 7: 4.1108338789321595
[2025-01-07 15:45:56,116][flwr][INFO] - 		round 8: 5.031787017771145
[2025-01-07 15:45:56,117][flwr][INFO] - 		round 9: 4.588143027163234
[2025-01-07 15:45:56,117][flwr][INFO] - 		round 10: 4.939122181140258
[2025-01-07 15:45:56,117][flwr][INFO] - 	History (loss, centralized):
[2025-01-07 15:45:56,117][flwr][INFO] - 		round 0: 182.00464940071106
[2025-01-07 15:45:56,117][flwr][INFO] - 		round 1: 5.491492807806935
[2025-01-07 15:45:56,117][flwr][INFO] - 		round 2: 3.6595071215861026
[2025-01-07 15:45:56,117][flwr][INFO] - 		round 3: 3.4582446413460275
[2025-01-07 15:45:56,117][flwr][INFO] - 		round 4: 3.647961302090721
[2025-01-07 15:45:56,117][flwr][INFO] - 		round 5: 3.7489333273839804
[2025-01-07 15:45:56,117][flwr][INFO] - 		round 6: 3.4040682351112324
[2025-01-07 15:45:56,117][flwr][INFO] - 		round 7: 3.362838294942261
[2025-01-07 15:45:56,117][flwr][INFO] - 		round 8: 3.622784270121217
[2025-01-07 15:45:56,117][flwr][INFO] - 		round 9: 3.654877811761196
[2025-01-07 15:45:56,117][flwr][INFO] - 		round 10: 3.4324346507975605
[2025-01-07 15:45:56,117][flwr][INFO] - 	History (metrics, centralized):
[2025-01-07 15:45:56,118][flwr][INFO] - 	{'accuracy': [(0, 0.0732),
[2025-01-07 15:45:56,118][flwr][INFO] - 	              (1, 0.9781),
[2025-01-07 15:45:56,118][flwr][INFO] - 	              (2, 0.9878),
[2025-01-07 15:45:56,118][flwr][INFO] - 	              (3, 0.9873),
[2025-01-07 15:45:56,118][flwr][INFO] - 	              (4, 0.9884),
[2025-01-07 15:45:56,118][flwr][INFO] - 	              (5, 0.9869),
[2025-01-07 15:45:56,118][flwr][INFO] - 	              (6, 0.9896),
[2025-01-07 15:45:56,118][flwr][INFO] - 	              (7, 0.9895),
[2025-01-07 15:45:56,118][flwr][INFO] - 	              (8, 0.9894),
[2025-01-07 15:45:56,118][flwr][INFO] - 	              (9, 0.9886),
[2025-01-07 15:45:56,118][flwr][INFO] - 	              (10, 0.9901)]}
[2025-01-07 15:45:56,118][flwr][INFO] - 
