[2024-12-31 14:22:58,817][flwr][INFO] - Starting Flower simulation, config: num_rounds=10, no round_timeout
[2024-12-31 14:23:02,363][flwr][INFO] - Flower VCE: Ray initialized with resources: {'node:__internal_head__': 1.0, 'object_store_memory': 3155923353.0, 'memory': 6311846708.0, 'node:192.168.1.11': 1.0, 'CPU': 12.0}
[2024-12-31 14:23:02,364][flwr][INFO] - Optimize your simulation with Flower VCE: https://flower.ai/docs/framework/how-to-run-simulations.html
[2024-12-31 14:23:02,364][flwr][INFO] - Flower VCE: Resources for each Virtual Client: {'num_cpus': 2, 'num_gpus': 0}
[2024-12-31 14:23:02,370][flwr][INFO] - Flower VCE: Creating VirtualClientEngineActorPool with 6 actors
[2024-12-31 14:23:02,371][flwr][INFO] - [INIT]
[2024-12-31 14:23:02,371][flwr][INFO] - Using initial global parameters provided by strategy
[2024-12-31 14:23:02,371][flwr][INFO] - Starting evaluation of initial global parameters
[2024-12-31 14:23:05,031][flwr][INFO] - initial parameters (loss, other metrics): 182.2898449897766, {'accuracy': 0.101}
[2024-12-31 14:23:05,031][flwr][INFO] - 
[2024-12-31 14:23:05,031][flwr][INFO] - [ROUND 1]
[2024-12-31 14:23:05,032][flwr][INFO] - configure_fit: strategy sampled 2 clients (out of 10)
[2024-12-31 14:23:14,775][flwr][INFO] - aggregate_fit: received 2 results and 0 failures
[2024-12-31 14:23:14,781][flwr][WARNING] - No fit_metrics_aggregation_fn provided
[2024-12-31 14:23:15,999][flwr][INFO] - fit progress: (1, 182.71941232681274, {'accuracy': 0.1135}, 10.967579277996265)
[2024-12-31 14:23:15,999][flwr][INFO] - configure_evaluate: strategy sampled 2 clients (out of 10)
[2024-12-31 14:23:16,382][flwr][INFO] - aggregate_evaluate: received 2 results and 0 failures
[2024-12-31 14:23:16,382][flwr][WARNING] - No evaluate_metrics_aggregation_fn provided
[2024-12-31 14:23:16,382][flwr][INFO] - 
[2024-12-31 14:23:16,382][flwr][INFO] - [ROUND 2]
[2024-12-31 14:23:16,382][flwr][INFO] - configure_fit: strategy sampled 2 clients (out of 10)
[2024-12-31 14:23:23,373][flwr][INFO] - aggregate_fit: received 2 results and 0 failures
[2024-12-31 14:23:24,469][flwr][INFO] - fit progress: (2, 182.9644329547882, {'accuracy': 0.1028}, 19.437947790996986)
[2024-12-31 14:23:24,470][flwr][INFO] - configure_evaluate: strategy sampled 2 clients (out of 10)
[2024-12-31 14:23:24,885][flwr][INFO] - aggregate_evaluate: received 2 results and 0 failures
[2024-12-31 14:23:24,885][flwr][INFO] - 
[2024-12-31 14:23:24,885][flwr][INFO] - [ROUND 3]
[2024-12-31 14:23:24,886][flwr][INFO] - configure_fit: strategy sampled 2 clients (out of 10)
[2024-12-31 14:23:31,573][flwr][INFO] - aggregate_fit: received 2 results and 0 failures
[2024-12-31 14:23:32,790][flwr][INFO] - fit progress: (3, 182.82052445411682, {'accuracy': 0.101}, 27.75860426500003)
[2024-12-31 14:23:32,790][flwr][INFO] - configure_evaluate: strategy sampled 2 clients (out of 10)
[2024-12-31 14:23:33,177][flwr][INFO] - aggregate_evaluate: received 2 results and 0 failures
[2024-12-31 14:23:33,178][flwr][INFO] - 
[2024-12-31 14:23:33,178][flwr][INFO] - [ROUND 4]
[2024-12-31 14:23:33,178][flwr][INFO] - configure_fit: strategy sampled 2 clients (out of 10)
[2024-12-31 14:23:40,001][flwr][INFO] - aggregate_fit: received 2 results and 0 failures
[2024-12-31 14:23:42,015][flwr][INFO] - fit progress: (4, 182.46884298324585, {'accuracy': 0.0958}, 36.98382077799761)
[2024-12-31 14:23:42,015][flwr][INFO] - configure_evaluate: strategy sampled 2 clients (out of 10)
[2024-12-31 14:23:42,344][flwr][INFO] - aggregate_evaluate: received 2 results and 0 failures
[2024-12-31 14:23:42,344][flwr][INFO] - 
[2024-12-31 14:23:42,344][flwr][INFO] - [ROUND 5]
[2024-12-31 14:23:42,344][flwr][INFO] - configure_fit: strategy sampled 2 clients (out of 10)
[2024-12-31 14:23:49,034][flwr][INFO] - aggregate_fit: received 2 results and 0 failures
[2024-12-31 14:23:50,281][flwr][INFO] - fit progress: (5, 183.3745048046112, {'accuracy': 0.1028}, 45.24942693400226)
[2024-12-31 14:23:50,281][flwr][INFO] - configure_evaluate: strategy sampled 2 clients (out of 10)
[2024-12-31 14:23:50,725][flwr][INFO] - aggregate_evaluate: received 2 results and 0 failures
[2024-12-31 14:23:50,726][flwr][INFO] - 
[2024-12-31 14:23:50,726][flwr][INFO] - [ROUND 6]
[2024-12-31 14:23:50,726][flwr][INFO] - configure_fit: strategy sampled 2 clients (out of 10)
[2024-12-31 14:23:57,381][flwr][INFO] - aggregate_fit: received 2 results and 0 failures
[2024-12-31 14:23:58,755][flwr][INFO] - fit progress: (6, 182.95488357543945, {'accuracy': 0.1028}, 53.723442141003034)
[2024-12-31 14:23:58,755][flwr][INFO] - configure_evaluate: strategy sampled 2 clients (out of 10)
[2024-12-31 14:23:59,125][flwr][INFO] - aggregate_evaluate: received 2 results and 0 failures
[2024-12-31 14:23:59,125][flwr][INFO] - 
[2024-12-31 14:23:59,125][flwr][INFO] - [ROUND 7]
[2024-12-31 14:23:59,125][flwr][INFO] - configure_fit: strategy sampled 2 clients (out of 10)
[2024-12-31 14:24:05,862][flwr][INFO] - aggregate_fit: received 2 results and 0 failures
[2024-12-31 14:24:07,216][flwr][INFO] - fit progress: (7, 182.69502878189087, {'accuracy': 0.101}, 62.185156257000926)
[2024-12-31 14:24:07,217][flwr][INFO] - configure_evaluate: strategy sampled 2 clients (out of 10)
[2024-12-31 14:24:07,583][flwr][INFO] - aggregate_evaluate: received 2 results and 0 failures
[2024-12-31 14:24:07,583][flwr][INFO] - 
[2024-12-31 14:24:07,583][flwr][INFO] - [ROUND 8]
[2024-12-31 14:24:07,583][flwr][INFO] - configure_fit: strategy sampled 2 clients (out of 10)
[2024-12-31 14:24:14,306][flwr][INFO] - aggregate_fit: received 2 results and 0 failures
[2024-12-31 14:24:15,570][flwr][INFO] - fit progress: (8, 182.6133074760437, {'accuracy': 0.098}, 70.53914498499944)
[2024-12-31 14:24:15,571][flwr][INFO] - configure_evaluate: strategy sampled 2 clients (out of 10)
[2024-12-31 14:24:15,917][flwr][INFO] - aggregate_evaluate: received 2 results and 0 failures
[2024-12-31 14:24:15,917][flwr][INFO] - 
[2024-12-31 14:24:15,917][flwr][INFO] - [ROUND 9]
[2024-12-31 14:24:15,917][flwr][INFO] - configure_fit: strategy sampled 2 clients (out of 10)
[2024-12-31 14:24:22,696][flwr][INFO] - aggregate_fit: received 2 results and 0 failures
[2024-12-31 14:24:24,121][flwr][INFO] - fit progress: (9, 182.64092111587524, {'accuracy': 0.1032}, 79.0891729799987)
[2024-12-31 14:24:24,121][flwr][INFO] - configure_evaluate: strategy sampled 2 clients (out of 10)
[2024-12-31 14:24:24,497][flwr][INFO] - aggregate_evaluate: received 2 results and 0 failures
[2024-12-31 14:24:24,497][flwr][INFO] - 
[2024-12-31 14:24:24,497][flwr][INFO] - [ROUND 10]
[2024-12-31 14:24:24,498][flwr][INFO] - configure_fit: strategy sampled 2 clients (out of 10)
[2024-12-31 14:24:31,160][flwr][INFO] - aggregate_fit: received 2 results and 0 failures
[2024-12-31 14:24:32,361][flwr][INFO] - fit progress: (10, 182.98168325424194, {'accuracy': 0.1028}, 87.32993664099922)
[2024-12-31 14:24:32,362][flwr][INFO] - configure_evaluate: strategy sampled 2 clients (out of 10)
[2024-12-31 14:24:32,750][flwr][INFO] - aggregate_evaluate: received 2 results and 0 failures
[2024-12-31 14:24:32,751][flwr][INFO] - 
[2024-12-31 14:24:32,751][flwr][INFO] - [SUMMARY]
[2024-12-31 14:24:32,751][flwr][INFO] - Run finished 10 round(s) in 87.72s
[2024-12-31 14:24:32,751][flwr][INFO] - 	History (loss, distributed):
[2024-12-31 14:24:32,751][flwr][INFO] - 		round 1: 87.94517838954926
[2024-12-31 14:24:32,751][flwr][INFO] - 		round 2: 87.94850277900696
[2024-12-31 14:24:32,751][flwr][INFO] - 		round 3: 87.91691052913666
[2024-12-31 14:24:32,751][flwr][INFO] - 		round 4: 87.83627474308014
[2024-12-31 14:24:32,751][flwr][INFO] - 		round 5: 88.23740780353546
[2024-12-31 14:24:32,751][flwr][INFO] - 		round 6: 87.8671326637268
[2024-12-31 14:24:32,751][flwr][INFO] - 		round 7: 87.78909277915955
[2024-12-31 14:24:32,751][flwr][INFO] - 		round 8: 87.78265535831451
[2024-12-31 14:24:32,751][flwr][INFO] - 		round 9: 87.88252401351929
[2024-12-31 14:24:32,751][flwr][INFO] - 		round 10: 88.11306476593018
[2024-12-31 14:24:32,751][flwr][INFO] - 	History (loss, centralized):
[2024-12-31 14:24:32,751][flwr][INFO] - 		round 0: 182.2898449897766
[2024-12-31 14:24:32,752][flwr][INFO] - 		round 1: 182.71941232681274
[2024-12-31 14:24:32,752][flwr][INFO] - 		round 2: 182.9644329547882
[2024-12-31 14:24:32,752][flwr][INFO] - 		round 3: 182.82052445411682
[2024-12-31 14:24:32,752][flwr][INFO] - 		round 4: 182.46884298324585
[2024-12-31 14:24:32,752][flwr][INFO] - 		round 5: 183.3745048046112
[2024-12-31 14:24:32,752][flwr][INFO] - 		round 6: 182.95488357543945
[2024-12-31 14:24:32,752][flwr][INFO] - 		round 7: 182.69502878189087
[2024-12-31 14:24:32,752][flwr][INFO] - 		round 8: 182.6133074760437
[2024-12-31 14:24:32,752][flwr][INFO] - 		round 9: 182.64092111587524
[2024-12-31 14:24:32,752][flwr][INFO] - 		round 10: 182.98168325424194
[2024-12-31 14:24:32,752][flwr][INFO] - 	History (metrics, centralized):
[2024-12-31 14:24:32,752][flwr][INFO] - 	{'accuracy': [(0, 0.101),
[2024-12-31 14:24:32,752][flwr][INFO] - 	              (1, 0.1135),
[2024-12-31 14:24:32,752][flwr][INFO] - 	              (2, 0.1028),
[2024-12-31 14:24:32,752][flwr][INFO] - 	              (3, 0.101),
[2024-12-31 14:24:32,752][flwr][INFO] - 	              (4, 0.0958),
[2024-12-31 14:24:32,752][flwr][INFO] - 	              (5, 0.1028),
[2024-12-31 14:24:32,752][flwr][INFO] - 	              (6, 0.1028),
[2024-12-31 14:24:32,752][flwr][INFO] - 	              (7, 0.101),
[2024-12-31 14:24:32,752][flwr][INFO] - 	              (8, 0.098),
[2024-12-31 14:24:32,752][flwr][INFO] - 	              (9, 0.1032),
[2024-12-31 14:24:32,752][flwr][INFO] - 	              (10, 0.1028)]}
[2024-12-31 14:24:32,752][flwr][INFO] - 
