[2024-12-30 22:52:44,363][flwr][INFO] - Starting Flower simulation, config: num_rounds=10, no round_timeout
[2024-12-30 22:52:48,032][flwr][INFO] - Flower VCE: Ray initialized with resources: {'CPU': 12.0, 'node:192.168.1.11': 1.0, 'node:__internal_head__': 1.0, 'memory': 6146268366.0, 'object_store_memory': 3073134182.0}
[2024-12-30 22:52:48,032][flwr][INFO] - Optimize your simulation with Flower VCE: https://flower.ai/docs/framework/how-to-run-simulations.html
[2024-12-30 22:52:48,032][flwr][INFO] - Flower VCE: Resources for each Virtual Client: {'num_cpus': 2, 'num_gpus': 0}
[2024-12-30 22:52:48,042][flwr][INFO] - Flower VCE: Creating VirtualClientEngineActorPool with 6 actors
[2024-12-30 22:52:48,042][flwr][INFO] - [INIT]
[2024-12-30 22:52:48,042][flwr][INFO] - Using initial global parameters provided by strategy
[2024-12-30 22:52:48,043][flwr][INFO] - Starting evaluation of initial global parameters
[2024-12-30 22:52:50,486][flwr][INFO] - initial parameters (loss, other metrics): 181.5017466545105, {'accuracy': 0.1009}
[2024-12-30 22:52:50,486][flwr][INFO] - 
[2024-12-30 22:52:50,486][flwr][INFO] - [ROUND 1]
[2024-12-30 22:52:50,487][flwr][INFO] - configure_fit: strategy sampled 2 clients (out of 10)
[2024-12-30 22:53:05,082][flwr][INFO] - aggregate_fit: received 2 results and 0 failures
[2024-12-30 22:53:05,087][flwr][WARNING] - No fit_metrics_aggregation_fn provided
[2024-12-30 22:53:06,681][flwr][INFO] - fit progress: (1, 7.718904104782268, {'accuracy': 0.9707}, 16.194744185999298)
[2024-12-30 22:53:06,681][flwr][INFO] - configure_evaluate: strategy sampled 2 clients (out of 10)
[2024-12-30 22:53:07,072][flwr][INFO] - aggregate_evaluate: received 2 results and 0 failures
[2024-12-30 22:53:07,072][flwr][WARNING] - No evaluate_metrics_aggregation_fn provided
[2024-12-30 22:53:07,072][flwr][INFO] - 
[2024-12-30 22:53:07,072][flwr][INFO] - [ROUND 2]
[2024-12-30 22:53:07,072][flwr][INFO] - configure_fit: strategy sampled 2 clients (out of 10)
[2024-12-30 22:53:19,351][flwr][INFO] - aggregate_fit: received 2 results and 0 failures
[2024-12-30 22:53:21,490][flwr][INFO] - fit progress: (2, 6.2671564946758735, {'accuracy': 0.9785}, 31.00377217300047)
[2024-12-30 22:53:21,490][flwr][INFO] - configure_evaluate: strategy sampled 2 clients (out of 10)
[2024-12-30 22:53:21,893][flwr][INFO] - aggregate_evaluate: received 2 results and 0 failures
[2024-12-30 22:53:21,894][flwr][INFO] - 
[2024-12-30 22:53:21,894][flwr][INFO] - [ROUND 3]
[2024-12-30 22:53:21,894][flwr][INFO] - configure_fit: strategy sampled 2 clients (out of 10)
[2024-12-30 22:53:34,231][flwr][INFO] - aggregate_fit: received 2 results and 0 failures
[2024-12-30 22:53:35,803][flwr][INFO] - fit progress: (3, 5.999683630478103, {'accuracy': 0.9812}, 45.31639459100188)
[2024-12-30 22:53:35,803][flwr][INFO] - configure_evaluate: strategy sampled 2 clients (out of 10)
[2024-12-30 22:53:36,230][flwr][INFO] - aggregate_evaluate: received 2 results and 0 failures
[2024-12-30 22:53:36,230][flwr][INFO] - 
[2024-12-30 22:53:36,230][flwr][INFO] - [ROUND 4]
[2024-12-30 22:53:36,230][flwr][INFO] - configure_fit: strategy sampled 2 clients (out of 10)
[2024-12-30 22:53:48,516][flwr][INFO] - aggregate_fit: received 2 results and 0 failures
[2024-12-30 22:53:50,244][flwr][INFO] - fit progress: (4, 3.7598996809779237, {'accuracy': 0.9868}, 59.757502437001676)
[2024-12-30 22:53:50,244][flwr][INFO] - configure_evaluate: strategy sampled 2 clients (out of 10)
[2024-12-30 22:53:50,656][flwr][INFO] - aggregate_evaluate: received 2 results and 0 failures
[2024-12-30 22:53:50,656][flwr][INFO] - 
[2024-12-30 22:53:50,657][flwr][INFO] - [ROUND 5]
[2024-12-30 22:53:50,657][flwr][INFO] - configure_fit: strategy sampled 2 clients (out of 10)
[2024-12-30 22:54:03,285][flwr][INFO] - aggregate_fit: received 2 results and 0 failures
[2024-12-30 22:54:04,783][flwr][INFO] - fit progress: (5, 3.737241766496517, {'accuracy': 0.9874}, 74.29703647900169)
[2024-12-30 22:54:04,784][flwr][INFO] - configure_evaluate: strategy sampled 2 clients (out of 10)
[2024-12-30 22:54:05,204][flwr][INFO] - aggregate_evaluate: received 2 results and 0 failures
[2024-12-30 22:54:05,204][flwr][INFO] - 
[2024-12-30 22:54:05,205][flwr][INFO] - [ROUND 6]
[2024-12-30 22:54:05,205][flwr][INFO] - configure_fit: strategy sampled 2 clients (out of 10)
[2024-12-30 22:54:17,639][flwr][INFO] - aggregate_fit: received 2 results and 0 failures
[2024-12-30 22:54:19,352][flwr][INFO] - fit progress: (6, 3.972164128287659, {'accuracy': 0.9877}, 88.86564259399893)
[2024-12-30 22:54:19,352][flwr][INFO] - configure_evaluate: strategy sampled 2 clients (out of 10)
[2024-12-30 22:54:19,754][flwr][INFO] - aggregate_evaluate: received 2 results and 0 failures
[2024-12-30 22:54:19,754][flwr][INFO] - 
[2024-12-30 22:54:19,754][flwr][INFO] - [ROUND 7]
[2024-12-30 22:54:19,755][flwr][INFO] - configure_fit: strategy sampled 2 clients (out of 10)
[2024-12-30 22:54:31,778][flwr][INFO] - aggregate_fit: received 2 results and 0 failures
[2024-12-30 22:54:33,398][flwr][INFO] - fit progress: (7, 4.266860630884111, {'accuracy': 0.9873}, 102.91178985599981)
[2024-12-30 22:54:33,398][flwr][INFO] - configure_evaluate: strategy sampled 2 clients (out of 10)
[2024-12-30 22:54:33,840][flwr][INFO] - aggregate_evaluate: received 2 results and 0 failures
[2024-12-30 22:54:33,840][flwr][INFO] - 
[2024-12-30 22:54:33,840][flwr][INFO] - [ROUND 8]
[2024-12-30 22:54:33,841][flwr][INFO] - configure_fit: strategy sampled 2 clients (out of 10)
[2024-12-30 22:54:46,802][flwr][INFO] - aggregate_fit: received 2 results and 0 failures
[2024-12-30 22:54:48,640][flwr][INFO] - fit progress: (8, 4.575490945694213, {'accuracy': 0.9864}, 118.15376536400072)
[2024-12-30 22:54:48,640][flwr][INFO] - configure_evaluate: strategy sampled 2 clients (out of 10)
[2024-12-30 22:54:49,075][flwr][INFO] - aggregate_evaluate: received 2 results and 0 failures
[2024-12-30 22:54:49,075][flwr][INFO] - 
[2024-12-30 22:54:49,075][flwr][INFO] - [ROUND 9]
[2024-12-30 22:54:49,075][flwr][INFO] - configure_fit: strategy sampled 2 clients (out of 10)
[2024-12-30 22:55:01,793][flwr][INFO] - aggregate_fit: received 2 results and 0 failures
[2024-12-30 22:55:03,298][flwr][INFO] - fit progress: (9, 3.7038200713797096, {'accuracy': 0.9883}, 132.81125155300106)
[2024-12-30 22:55:03,298][flwr][INFO] - configure_evaluate: strategy sampled 2 clients (out of 10)
[2024-12-30 22:55:03,766][flwr][INFO] - aggregate_evaluate: received 2 results and 0 failures
[2024-12-30 22:55:03,766][flwr][INFO] - 
[2024-12-30 22:55:03,766][flwr][INFO] - [ROUND 10]
[2024-12-30 22:55:03,766][flwr][INFO] - configure_fit: strategy sampled 2 clients (out of 10)
[2024-12-30 22:55:16,435][flwr][INFO] - aggregate_fit: received 2 results and 0 failures
[2024-12-30 22:55:17,831][flwr][INFO] - fit progress: (10, 3.857939718289287, {'accuracy': 0.9892}, 147.3448742319997)
[2024-12-30 22:55:17,832][flwr][INFO] - configure_evaluate: strategy sampled 2 clients (out of 10)
[2024-12-30 22:55:18,281][flwr][INFO] - aggregate_evaluate: received 2 results and 0 failures
[2024-12-30 22:55:18,282][flwr][INFO] - 
[2024-12-30 22:55:18,282][flwr][INFO] - [SUMMARY]
[2024-12-30 22:55:18,282][flwr][INFO] - Run finished 10 round(s) in 147.80s
[2024-12-30 22:55:18,282][flwr][INFO] - 	History (loss, distributed):
[2024-12-30 22:55:18,282][flwr][INFO] - 		round 1: 3.7922813574259635
[2024-12-30 22:55:18,282][flwr][INFO] - 		round 2: 4.3064226197689095
[2024-12-30 22:55:18,282][flwr][INFO] - 		round 3: 5.152477340055839
[2024-12-30 22:55:18,282][flwr][INFO] - 		round 4: 2.412369003655911
[2024-12-30 22:55:18,282][flwr][INFO] - 		round 5: 2.861875135790271
[2024-12-30 22:55:18,282][flwr][INFO] - 		round 6: 2.6605245681476646
[2024-12-30 22:55:18,282][flwr][INFO] - 		round 7: 1.9128079499504178
[2024-12-30 22:55:18,282][flwr][INFO] - 		round 8: 1.9386491346825958
[2024-12-30 22:55:18,282][flwr][INFO] - 		round 9: 2.6057434622249787
[2024-12-30 22:55:18,282][flwr][INFO] - 		round 10: 3.665022977517346
[2024-12-30 22:55:18,282][flwr][INFO] - 	History (loss, centralized):
[2024-12-30 22:55:18,283][flwr][INFO] - 		round 0: 181.5017466545105
[2024-12-30 22:55:18,283][flwr][INFO] - 		round 1: 7.718904104782268
[2024-12-30 22:55:18,283][flwr][INFO] - 		round 2: 6.2671564946758735
[2024-12-30 22:55:18,283][flwr][INFO] - 		round 3: 5.999683630478103
[2024-12-30 22:55:18,283][flwr][INFO] - 		round 4: 3.7598996809779237
[2024-12-30 22:55:18,283][flwr][INFO] - 		round 5: 3.737241766496517
[2024-12-30 22:55:18,283][flwr][INFO] - 		round 6: 3.972164128287659
[2024-12-30 22:55:18,283][flwr][INFO] - 		round 7: 4.266860630884111
[2024-12-30 22:55:18,283][flwr][INFO] - 		round 8: 4.575490945694213
[2024-12-30 22:55:18,283][flwr][INFO] - 		round 9: 3.7038200713797096
[2024-12-30 22:55:18,283][flwr][INFO] - 		round 10: 3.857939718289287
[2024-12-30 22:55:18,283][flwr][INFO] - 	History (metrics, centralized):
[2024-12-30 22:55:18,283][flwr][INFO] - 	{'accuracy': [(0, 0.1009),
[2024-12-30 22:55:18,283][flwr][INFO] - 	              (1, 0.9707),
[2024-12-30 22:55:18,283][flwr][INFO] - 	              (2, 0.9785),
[2024-12-30 22:55:18,283][flwr][INFO] - 	              (3, 0.9812),
[2024-12-30 22:55:18,283][flwr][INFO] - 	              (4, 0.9868),
[2024-12-30 22:55:18,283][flwr][INFO] - 	              (5, 0.9874),
[2024-12-30 22:55:18,283][flwr][INFO] - 	              (6, 0.9877),
[2024-12-30 22:55:18,283][flwr][INFO] - 	              (7, 0.9873),
[2024-12-30 22:55:18,283][flwr][INFO] - 	              (8, 0.9864),
[2024-12-30 22:55:18,283][flwr][INFO] - 	              (9, 0.9883),
[2024-12-30 22:55:18,283][flwr][INFO] - 	              (10, 0.9892)]}
[2024-12-30 22:55:18,283][flwr][INFO] - 
