[2025-01-07 16:30:47,685][flwr][INFO] - Starting Flower simulation, config: num_rounds=10, no round_timeout
[2025-01-07 16:30:51,205][flwr][INFO] - Flower VCE: Ray initialized with resources: {'node:__internal_head__': 1.0, 'node:192.168.1.11': 1.0, 'CPU': 12.0, 'memory': 6241023591.0, 'object_store_memory': 3120511795.0}
[2025-01-07 16:30:51,205][flwr][INFO] - Optimize your simulation with Flower VCE: https://flower.ai/docs/framework/how-to-run-simulations.html
[2025-01-07 16:30:51,205][flwr][INFO] - Flower VCE: Resources for each Virtual Client: {'num_cpus': 2, 'num_gpus': 0}
[2025-01-07 16:30:51,213][flwr][INFO] - Flower VCE: Creating VirtualClientEngineActorPool with 6 actors
[2025-01-07 16:30:51,213][flwr][INFO] - [INIT]
[2025-01-07 16:30:51,213][flwr][INFO] - Requesting initial parameters from one random client
[2025-01-07 16:30:54,021][flwr][INFO] - Received initial parameters from one random client
[2025-01-07 16:30:54,021][flwr][INFO] - Starting evaluation of initial global parameters
[2025-01-07 16:30:55,335][flwr][INFO] - initial parameters (loss, other metrics): 182.01867818832397, {'accuracy': 0.1031}
[2025-01-07 16:30:55,335][flwr][INFO] - 
[2025-01-07 16:30:55,335][flwr][INFO] - [ROUND 1]
[2025-01-07 16:30:55,335][flwr][INFO] - configure_fit: strategy sampled 2 clients (out of 5)
[2025-01-07 16:31:15,011][flwr][INFO] - aggregate_fit: received 2 results and 0 failures
[2025-01-07 16:31:15,017][flwr][WARNING] - No fit_metrics_aggregation_fn provided
[2025-01-07 16:31:16,591][flwr][INFO] - fit progress: (1, 243.14038133621216, {'accuracy': 0.097}, 21.255757337999967)
[2025-01-07 16:31:16,591][flwr][INFO] - configure_evaluate: strategy sampled 3 clients (out of 5)
[2025-01-07 16:31:18,935][flwr][INFO] - aggregate_evaluate: received 3 results and 0 failures
[2025-01-07 16:31:18,936][flwr][WARNING] - No evaluate_metrics_aggregation_fn provided
[2025-01-07 16:31:18,936][flwr][INFO] - 
[2025-01-07 16:31:18,936][flwr][INFO] - [ROUND 2]
[2025-01-07 16:31:18,936][flwr][INFO] - configure_fit: strategy sampled 2 clients (out of 5)
[2025-01-07 16:31:36,274][flwr][INFO] - aggregate_fit: received 2 results and 0 failures
[2025-01-07 16:31:37,711][flwr][INFO] - fit progress: (2, 182.2124638557434, {'accuracy': 0.0958}, 42.375563474000955)
[2025-01-07 16:31:37,711][flwr][INFO] - configure_evaluate: strategy sampled 3 clients (out of 5)
[2025-01-07 16:31:38,332][flwr][INFO] - aggregate_evaluate: received 3 results and 0 failures
[2025-01-07 16:31:38,332][flwr][INFO] - 
[2025-01-07 16:31:38,332][flwr][INFO] - [ROUND 3]
[2025-01-07 16:31:38,333][flwr][INFO] - configure_fit: strategy sampled 2 clients (out of 5)
[2025-01-07 16:31:54,290][flwr][INFO] - aggregate_fit: received 2 results and 0 failures
[2025-01-07 16:31:55,518][flwr][INFO] - fit progress: (3, 181.93909764289856, {'accuracy': 0.1135}, 60.18283556900133)
[2025-01-07 16:31:55,518][flwr][INFO] - configure_evaluate: strategy sampled 3 clients (out of 5)
[2025-01-07 16:31:56,189][flwr][INFO] - aggregate_evaluate: received 3 results and 0 failures
[2025-01-07 16:31:56,189][flwr][INFO] - 
[2025-01-07 16:31:56,189][flwr][INFO] - [ROUND 4]
[2025-01-07 16:31:56,190][flwr][INFO] - configure_fit: strategy sampled 2 clients (out of 5)
[2025-01-07 16:32:12,086][flwr][INFO] - aggregate_fit: received 2 results and 0 failures
[2025-01-07 16:32:13,405][flwr][INFO] - fit progress: (4, 181.89290809631348, {'accuracy': 0.098}, 78.07037013100125)
[2025-01-07 16:32:13,406][flwr][INFO] - configure_evaluate: strategy sampled 3 clients (out of 5)
[2025-01-07 16:32:14,193][flwr][INFO] - aggregate_evaluate: received 3 results and 0 failures
[2025-01-07 16:32:14,193][flwr][INFO] - 
[2025-01-07 16:32:14,194][flwr][INFO] - [ROUND 5]
[2025-01-07 16:32:14,194][flwr][INFO] - configure_fit: strategy sampled 2 clients (out of 5)
[2025-01-07 16:32:29,875][flwr][INFO] - aggregate_fit: received 2 results and 0 failures
[2025-01-07 16:32:31,421][flwr][INFO] - fit progress: (5, 182.1490833759308, {'accuracy': 0.1009}, 96.08560751900222)
[2025-01-07 16:32:31,421][flwr][INFO] - configure_evaluate: strategy sampled 3 clients (out of 5)
[2025-01-07 16:32:32,045][flwr][INFO] - aggregate_evaluate: received 3 results and 0 failures
[2025-01-07 16:32:32,045][flwr][INFO] - 
[2025-01-07 16:32:32,045][flwr][INFO] - [ROUND 6]
[2025-01-07 16:32:32,045][flwr][INFO] - configure_fit: strategy sampled 2 clients (out of 5)
[2025-01-07 16:32:47,777][flwr][INFO] - aggregate_fit: received 2 results and 0 failures
[2025-01-07 16:32:49,716][flwr][INFO] - fit progress: (6, 182.1609070301056, {'accuracy': 0.1135}, 114.38146457900075)
[2025-01-07 16:32:49,717][flwr][INFO] - configure_evaluate: strategy sampled 3 clients (out of 5)
[2025-01-07 16:32:50,327][flwr][INFO] - aggregate_evaluate: received 3 results and 0 failures
[2025-01-07 16:32:50,327][flwr][INFO] - 
[2025-01-07 16:32:50,327][flwr][INFO] - [ROUND 7]
[2025-01-07 16:32:50,328][flwr][INFO] - configure_fit: strategy sampled 2 clients (out of 5)
[2025-01-07 16:33:06,406][flwr][INFO] - aggregate_fit: received 2 results and 0 failures
[2025-01-07 16:33:08,066][flwr][INFO] - fit progress: (7, 182.07211875915527, {'accuracy': 0.0958}, 132.73083404700083)
[2025-01-07 16:33:08,066][flwr][INFO] - configure_evaluate: strategy sampled 3 clients (out of 5)
[2025-01-07 16:33:08,678][flwr][INFO] - aggregate_evaluate: received 3 results and 0 failures
[2025-01-07 16:33:08,678][flwr][INFO] - 
[2025-01-07 16:33:08,678][flwr][INFO] - [ROUND 8]
[2025-01-07 16:33:08,679][flwr][INFO] - configure_fit: strategy sampled 2 clients (out of 5)
[2025-01-07 16:33:24,403][flwr][INFO] - aggregate_fit: received 2 results and 0 failures
[2025-01-07 16:33:25,934][flwr][INFO] - fit progress: (8, 182.2241497039795, {'accuracy': 0.101}, 150.59928482700343)
[2025-01-07 16:33:25,935][flwr][INFO] - configure_evaluate: strategy sampled 3 clients (out of 5)
[2025-01-07 16:33:26,566][flwr][INFO] - aggregate_evaluate: received 3 results and 0 failures
[2025-01-07 16:33:26,567][flwr][INFO] - 
[2025-01-07 16:33:26,567][flwr][INFO] - [ROUND 9]
[2025-01-07 16:33:26,567][flwr][INFO] - configure_fit: strategy sampled 2 clients (out of 5)
[2025-01-07 16:33:42,105][flwr][INFO] - aggregate_fit: received 2 results and 0 failures
[2025-01-07 16:33:43,693][flwr][INFO] - fit progress: (9, 182.01856184005737, {'accuracy': 0.0982}, 168.35766769700058)
[2025-01-07 16:33:43,693][flwr][INFO] - configure_evaluate: strategy sampled 3 clients (out of 5)
[2025-01-07 16:33:44,274][flwr][INFO] - aggregate_evaluate: received 3 results and 0 failures
[2025-01-07 16:33:44,275][flwr][INFO] - 
[2025-01-07 16:33:44,275][flwr][INFO] - [ROUND 10]
[2025-01-07 16:33:44,275][flwr][INFO] - configure_fit: strategy sampled 2 clients (out of 5)
[2025-01-07 16:34:00,058][flwr][INFO] - aggregate_fit: received 2 results and 0 failures
[2025-01-07 16:34:01,443][flwr][INFO] - fit progress: (10, 181.9925880432129, {'accuracy': 0.098}, 186.10796625500006)
[2025-01-07 16:34:01,443][flwr][INFO] - configure_evaluate: strategy sampled 3 clients (out of 5)
[2025-01-07 16:34:02,098][flwr][INFO] - aggregate_evaluate: received 3 results and 0 failures
[2025-01-07 16:34:02,099][flwr][INFO] - 
[2025-01-07 16:34:02,099][flwr][INFO] - [SUMMARY]
[2025-01-07 16:34:02,099][flwr][INFO] - Run finished 10 round(s) in 186.76s
[2025-01-07 16:34:02,100][flwr][INFO] - 	History (loss, distributed):
[2025-01-07 16:34:02,100][flwr][INFO] - 		round 1: 116.27135157585144
[2025-01-07 16:34:02,100][flwr][INFO] - 		round 2: 87.67975091934204
[2025-01-07 16:34:02,100][flwr][INFO] - 		round 3: 87.5552728176117
[2025-01-07 16:34:02,100][flwr][INFO] - 		round 4: 87.49662049611409
[2025-01-07 16:34:02,100][flwr][INFO] - 		round 5: 87.67324781417847
[2025-01-07 16:34:02,100][flwr][INFO] - 		round 6: 87.78071999549866
[2025-01-07 16:34:02,101][flwr][INFO] - 		round 7: 87.561754544576
[2025-01-07 16:34:02,101][flwr][INFO] - 		round 8: 87.78421847025554
[2025-01-07 16:34:02,101][flwr][INFO] - 		round 9: 87.57021927833557
[2025-01-07 16:34:02,101][flwr][INFO] - 		round 10: 87.49148559570312
[2025-01-07 16:34:02,101][flwr][INFO] - 	History (loss, centralized):
[2025-01-07 16:34:02,101][flwr][INFO] - 		round 0: 182.01867818832397
[2025-01-07 16:34:02,101][flwr][INFO] - 		round 1: 243.14038133621216
[2025-01-07 16:34:02,101][flwr][INFO] - 		round 2: 182.2124638557434
[2025-01-07 16:34:02,101][flwr][INFO] - 		round 3: 181.93909764289856
[2025-01-07 16:34:02,101][flwr][INFO] - 		round 4: 181.89290809631348
[2025-01-07 16:34:02,101][flwr][INFO] - 		round 5: 182.1490833759308
[2025-01-07 16:34:02,101][flwr][INFO] - 		round 6: 182.1609070301056
[2025-01-07 16:34:02,101][flwr][INFO] - 		round 7: 182.07211875915527
[2025-01-07 16:34:02,101][flwr][INFO] - 		round 8: 182.2241497039795
[2025-01-07 16:34:02,101][flwr][INFO] - 		round 9: 182.01856184005737
[2025-01-07 16:34:02,101][flwr][INFO] - 		round 10: 181.9925880432129
[2025-01-07 16:34:02,101][flwr][INFO] - 	History (metrics, centralized):
[2025-01-07 16:34:02,101][flwr][INFO] - 	{'accuracy': [(0, 0.1031),
[2025-01-07 16:34:02,101][flwr][INFO] - 	              (1, 0.097),
[2025-01-07 16:34:02,102][flwr][INFO] - 	              (2, 0.0958),
[2025-01-07 16:34:02,102][flwr][INFO] - 	              (3, 0.1135),
[2025-01-07 16:34:02,102][flwr][INFO] - 	              (4, 0.098),
[2025-01-07 16:34:02,102][flwr][INFO] - 	              (5, 0.1009),
[2025-01-07 16:34:02,102][flwr][INFO] - 	              (6, 0.1135),
[2025-01-07 16:34:02,102][flwr][INFO] - 	              (7, 0.0958),
[2025-01-07 16:34:02,102][flwr][INFO] - 	              (8, 0.101),
[2025-01-07 16:34:02,102][flwr][INFO] - 	              (9, 0.0982),
[2025-01-07 16:34:02,102][flwr][INFO] - 	              (10, 0.098)]}
[2025-01-07 16:34:02,102][flwr][INFO] - 
