[2025-01-08 10:41:15,993][flwr][INFO] - Starting Flower simulation, config: num_rounds=15, no round_timeout
[2025-01-08 10:41:19,699][flwr][INFO] - Flower VCE: Ray initialized with resources: {'CPU': 12.0, 'node:192.168.1.11': 1.0, 'object_store_memory': 2853739315.0, 'memory': 5707478631.0, 'node:__internal_head__': 1.0}
[2025-01-08 10:41:19,699][flwr][INFO] - Optimize your simulation with Flower VCE: https://flower.ai/docs/framework/how-to-run-simulations.html
[2025-01-08 10:41:19,699][flwr][INFO] - Flower VCE: Resources for each Virtual Client: {'num_cpus': 2, 'num_gpus': 0}
[2025-01-08 10:41:19,717][flwr][INFO] - Flower VCE: Creating VirtualClientEngineActorPool with 6 actors
[2025-01-08 10:41:19,718][flwr][INFO] - [INIT]
[2025-01-08 10:41:19,718][flwr][INFO] - Requesting initial parameters from one random client
[2025-01-08 10:41:22,174][flwr][INFO] - Received initial parameters from one random client
[2025-01-08 10:41:22,175][flwr][INFO] - Starting evaluation of initial global parameters
[2025-01-08 10:41:23,627][flwr][INFO] - initial parameters (loss, other metrics): 181.90947818756104, {'accuracy': 0.0958}
[2025-01-08 10:41:23,627][flwr][INFO] - 
[2025-01-08 10:41:23,627][flwr][INFO] - [ROUND 1]
[2025-01-08 10:41:23,627][flwr][INFO] - configure_fit: strategy sampled 2 clients (out of 20)
[2025-01-08 10:41:28,510][flwr][INFO] - aggregate_fit: received 2 results and 0 failures
[2025-01-08 10:41:28,516][flwr][WARNING] - No fit_metrics_aggregation_fn provided
[2025-01-08 10:41:30,493][flwr][INFO] - fit progress: (1, 14.43195709399879, {'accuracy': 0.9418}, 6.866091536001477)
[2025-01-08 10:41:30,494][flwr][INFO] - configure_evaluate: strategy sampled 3 clients (out of 20)
[2025-01-08 10:41:32,704][flwr][INFO] - aggregate_evaluate: received 3 results and 0 failures
[2025-01-08 10:41:32,704][flwr][WARNING] - No evaluate_metrics_aggregation_fn provided
[2025-01-08 10:41:32,704][flwr][INFO] - 
[2025-01-08 10:41:32,704][flwr][INFO] - [ROUND 2]
[2025-01-08 10:41:32,704][flwr][INFO] - configure_fit: strategy sampled 2 clients (out of 20)
[2025-01-08 10:41:35,597][flwr][INFO] - aggregate_fit: received 2 results and 0 failures
[2025-01-08 10:41:37,319][flwr][INFO] - fit progress: (2, 10.582066497474443, {'accuracy': 0.9594}, 13.691677114999038)
[2025-01-08 10:41:37,319][flwr][INFO] - configure_evaluate: strategy sampled 3 clients (out of 20)
[2025-01-08 10:41:37,752][flwr][INFO] - aggregate_evaluate: received 3 results and 0 failures
[2025-01-08 10:41:37,752][flwr][INFO] - 
[2025-01-08 10:41:37,752][flwr][INFO] - [ROUND 3]
[2025-01-08 10:41:37,752][flwr][INFO] - configure_fit: strategy sampled 2 clients (out of 20)
[2025-01-08 10:41:40,863][flwr][INFO] - aggregate_fit: received 2 results and 0 failures
[2025-01-08 10:41:42,944][flwr][INFO] - fit progress: (3, 6.483575215796009, {'accuracy': 0.975}, 19.31698404400231)
[2025-01-08 10:41:42,945][flwr][INFO] - configure_evaluate: strategy sampled 3 clients (out of 20)
[2025-01-08 10:41:43,518][flwr][INFO] - aggregate_evaluate: received 3 results and 0 failures
[2025-01-08 10:41:43,518][flwr][INFO] - 
[2025-01-08 10:41:43,518][flwr][INFO] - [ROUND 4]
[2025-01-08 10:41:43,518][flwr][INFO] - configure_fit: strategy sampled 2 clients (out of 20)
[2025-01-08 10:41:46,664][flwr][INFO] - aggregate_fit: received 2 results and 0 failures
[2025-01-08 10:41:48,389][flwr][INFO] - fit progress: (4, 5.840147581977362, {'accuracy': 0.9781}, 24.76142312400043)
[2025-01-08 10:41:48,389][flwr][INFO] - configure_evaluate: strategy sampled 3 clients (out of 20)
[2025-01-08 10:41:48,756][flwr][INFO] - aggregate_evaluate: received 3 results and 0 failures
[2025-01-08 10:41:48,756][flwr][INFO] - 
[2025-01-08 10:41:48,756][flwr][INFO] - [ROUND 5]
[2025-01-08 10:41:48,757][flwr][INFO] - configure_fit: strategy sampled 2 clients (out of 20)
[2025-01-08 10:41:51,296][flwr][INFO] - aggregate_fit: received 2 results and 0 failures
[2025-01-08 10:41:53,147][flwr][INFO] - fit progress: (5, 5.9756787372680265, {'accuracy': 0.977}, 29.519750152001507)
[2025-01-08 10:41:53,147][flwr][INFO] - configure_evaluate: strategy sampled 3 clients (out of 20)
[2025-01-08 10:41:53,504][flwr][INFO] - aggregate_evaluate: received 3 results and 0 failures
[2025-01-08 10:41:53,504][flwr][INFO] - 
[2025-01-08 10:41:53,504][flwr][INFO] - [ROUND 6]
[2025-01-08 10:41:53,504][flwr][INFO] - configure_fit: strategy sampled 2 clients (out of 20)
[2025-01-08 10:41:56,191][flwr][INFO] - aggregate_fit: received 2 results and 0 failures
[2025-01-08 10:41:57,771][flwr][INFO] - fit progress: (6, 5.102718589820142, {'accuracy': 0.9804}, 34.14344791699841)
[2025-01-08 10:41:57,771][flwr][INFO] - configure_evaluate: strategy sampled 3 clients (out of 20)
[2025-01-08 10:41:58,158][flwr][INFO] - aggregate_evaluate: received 3 results and 0 failures
[2025-01-08 10:41:58,158][flwr][INFO] - 
[2025-01-08 10:41:58,158][flwr][INFO] - [ROUND 7]
[2025-01-08 10:41:58,158][flwr][INFO] - configure_fit: strategy sampled 2 clients (out of 20)
[2025-01-08 10:42:00,786][flwr][INFO] - aggregate_fit: received 2 results and 0 failures
[2025-01-08 10:42:02,851][flwr][INFO] - fit progress: (7, 5.00018685123905, {'accuracy': 0.9802}, 39.2237133009985)
[2025-01-08 10:42:02,851][flwr][INFO] - configure_evaluate: strategy sampled 3 clients (out of 20)
[2025-01-08 10:42:03,205][flwr][INFO] - aggregate_evaluate: received 3 results and 0 failures
[2025-01-08 10:42:03,205][flwr][INFO] - 
[2025-01-08 10:42:03,205][flwr][INFO] - [ROUND 8]
[2025-01-08 10:42:03,205][flwr][INFO] - configure_fit: strategy sampled 2 clients (out of 20)
[2025-01-08 10:42:05,838][flwr][INFO] - aggregate_fit: received 2 results and 0 failures
[2025-01-08 10:42:07,096][flwr][INFO] - fit progress: (8, 4.801867984453565, {'accuracy': 0.9806}, 43.46913637200487)
[2025-01-08 10:42:07,097][flwr][INFO] - configure_evaluate: strategy sampled 3 clients (out of 20)
[2025-01-08 10:42:07,505][flwr][INFO] - aggregate_evaluate: received 3 results and 0 failures
[2025-01-08 10:42:07,505][flwr][INFO] - 
[2025-01-08 10:42:07,505][flwr][INFO] - [ROUND 9]
[2025-01-08 10:42:07,506][flwr][INFO] - configure_fit: strategy sampled 2 clients (out of 20)
[2025-01-08 10:42:10,111][flwr][INFO] - aggregate_fit: received 2 results and 0 failures
[2025-01-08 10:42:11,243][flwr][INFO] - fit progress: (9, 4.652463604517834, {'accuracy': 0.9819}, 47.61553108500084)
[2025-01-08 10:42:11,243][flwr][INFO] - configure_evaluate: strategy sampled 3 clients (out of 20)
[2025-01-08 10:42:11,666][flwr][INFO] - aggregate_evaluate: received 3 results and 0 failures
[2025-01-08 10:42:11,666][flwr][INFO] - 
[2025-01-08 10:42:11,666][flwr][INFO] - [ROUND 10]
[2025-01-08 10:42:11,666][flwr][INFO] - configure_fit: strategy sampled 2 clients (out of 20)
[2025-01-08 10:42:14,224][flwr][INFO] - aggregate_fit: received 2 results and 0 failures
[2025-01-08 10:42:15,848][flwr][INFO] - fit progress: (10, 4.5430819606924615, {'accuracy': 0.9839}, 52.22106848999829)
[2025-01-08 10:42:15,849][flwr][INFO] - configure_evaluate: strategy sampled 3 clients (out of 20)
[2025-01-08 10:42:16,195][flwr][INFO] - aggregate_evaluate: received 3 results and 0 failures
[2025-01-08 10:42:16,195][flwr][INFO] - 
[2025-01-08 10:42:16,195][flwr][INFO] - [ROUND 11]
[2025-01-08 10:42:16,195][flwr][INFO] - configure_fit: strategy sampled 2 clients (out of 20)
[2025-01-08 10:42:18,859][flwr][INFO] - aggregate_fit: received 2 results and 0 failures
[2025-01-08 10:42:20,425][flwr][INFO] - fit progress: (11, 3.9773435051765773, {'accuracy': 0.9848}, 56.79813027300406)
[2025-01-08 10:42:20,426][flwr][INFO] - configure_evaluate: strategy sampled 3 clients (out of 20)
[2025-01-08 10:42:20,828][flwr][INFO] - aggregate_evaluate: received 3 results and 0 failures
[2025-01-08 10:42:20,828][flwr][INFO] - 
[2025-01-08 10:42:20,828][flwr][INFO] - [ROUND 12]
[2025-01-08 10:42:20,828][flwr][INFO] - configure_fit: strategy sampled 2 clients (out of 20)
[2025-01-08 10:42:23,545][flwr][INFO] - aggregate_fit: received 2 results and 0 failures
[2025-01-08 10:42:24,655][flwr][INFO] - fit progress: (12, 3.8422347409832582, {'accuracy': 0.9846}, 61.02823008099949)
[2025-01-08 10:42:24,656][flwr][INFO] - configure_evaluate: strategy sampled 3 clients (out of 20)
[2025-01-08 10:42:25,047][flwr][INFO] - aggregate_evaluate: received 3 results and 0 failures
[2025-01-08 10:42:25,047][flwr][INFO] - 
[2025-01-08 10:42:25,047][flwr][INFO] - [ROUND 13]
[2025-01-08 10:42:25,048][flwr][INFO] - configure_fit: strategy sampled 2 clients (out of 20)
[2025-01-08 10:42:27,641][flwr][INFO] - aggregate_fit: received 2 results and 0 failures
[2025-01-08 10:42:28,769][flwr][INFO] - fit progress: (13, 3.5261168645060934, {'accuracy': 0.9869}, 65.14173436800047)
[2025-01-08 10:42:28,769][flwr][INFO] - configure_evaluate: strategy sampled 3 clients (out of 20)
[2025-01-08 10:42:29,159][flwr][INFO] - aggregate_evaluate: received 3 results and 0 failures
[2025-01-08 10:42:29,160][flwr][INFO] - 
[2025-01-08 10:42:29,160][flwr][INFO] - [ROUND 14]
[2025-01-08 10:42:29,160][flwr][INFO] - configure_fit: strategy sampled 2 clients (out of 20)
[2025-01-08 10:42:31,778][flwr][INFO] - aggregate_fit: received 2 results and 0 failures
[2025-01-08 10:42:33,335][flwr][INFO] - fit progress: (14, 3.4553202819301987, {'accuracy': 0.9862}, 69.70749156300008)
[2025-01-08 10:42:33,335][flwr][INFO] - configure_evaluate: strategy sampled 3 clients (out of 20)
[2025-01-08 10:42:33,722][flwr][INFO] - aggregate_evaluate: received 3 results and 0 failures
[2025-01-08 10:42:33,722][flwr][INFO] - 
[2025-01-08 10:42:33,722][flwr][INFO] - [ROUND 15]
[2025-01-08 10:42:33,722][flwr][INFO] - configure_fit: strategy sampled 2 clients (out of 20)
[2025-01-08 10:42:36,316][flwr][INFO] - aggregate_fit: received 2 results and 0 failures
[2025-01-08 10:42:37,766][flwr][INFO] - fit progress: (15, 3.4691050935451813, {'accuracy': 0.9863}, 74.13917379800114)
[2025-01-08 10:42:37,767][flwr][INFO] - configure_evaluate: strategy sampled 3 clients (out of 20)
[2025-01-08 10:42:38,129][flwr][INFO] - aggregate_evaluate: received 3 results and 0 failures
[2025-01-08 10:42:38,129][flwr][INFO] - 
[2025-01-08 10:42:38,129][flwr][INFO] - [SUMMARY]
[2025-01-08 10:42:38,129][flwr][INFO] - Run finished 15 round(s) in 74.50s
[2025-01-08 10:42:38,130][flwr][INFO] - 	History (loss, distributed):
[2025-01-08 10:42:38,130][flwr][INFO] - 		round 1: 1.7970651984214783
[2025-01-08 10:42:38,130][flwr][INFO] - 		round 2: 1.0507748949651916
[2025-01-08 10:42:38,130][flwr][INFO] - 		round 3: 0.7995258420705795
[2025-01-08 10:42:38,130][flwr][INFO] - 		round 4: 1.2345882442896254
[2025-01-08 10:42:38,130][flwr][INFO] - 		round 5: 1.0050796500484769
[2025-01-08 10:42:38,130][flwr][INFO] - 		round 6: 0.9670829607639462
[2025-01-08 10:42:38,130][flwr][INFO] - 		round 7: 1.536614760577019
[2025-01-08 10:42:38,130][flwr][INFO] - 		round 8: 0.9200942107151301
[2025-01-08 10:42:38,130][flwr][INFO] - 		round 9: 0.5335930544727793
[2025-01-08 10:42:38,130][flwr][INFO] - 		round 10: 0.4587660667093587
[2025-01-08 10:42:38,130][flwr][INFO] - 		round 11: 0.45399472609369695
[2025-01-08 10:42:38,130][flwr][INFO] - 		round 12: 0.6000769658930949
[2025-01-08 10:42:38,131][flwr][INFO] - 		round 13: 0.664907382089344
[2025-01-08 10:42:38,131][flwr][INFO] - 		round 14: 0.9774906809731571
[2025-01-08 10:42:38,131][flwr][INFO] - 		round 15: 0.4916026403379874
[2025-01-08 10:42:38,131][flwr][INFO] - 	History (loss, centralized):
[2025-01-08 10:42:38,131][flwr][INFO] - 		round 0: 181.90947818756104
[2025-01-08 10:42:38,131][flwr][INFO] - 		round 1: 14.43195709399879
[2025-01-08 10:42:38,131][flwr][INFO] - 		round 2: 10.582066497474443
[2025-01-08 10:42:38,131][flwr][INFO] - 		round 3: 6.483575215796009
[2025-01-08 10:42:38,131][flwr][INFO] - 		round 4: 5.840147581977362
[2025-01-08 10:42:38,131][flwr][INFO] - 		round 5: 5.9756787372680265
[2025-01-08 10:42:38,131][flwr][INFO] - 		round 6: 5.102718589820142
[2025-01-08 10:42:38,131][flwr][INFO] - 		round 7: 5.00018685123905
[2025-01-08 10:42:38,131][flwr][INFO] - 		round 8: 4.801867984453565
[2025-01-08 10:42:38,131][flwr][INFO] - 		round 9: 4.652463604517834
[2025-01-08 10:42:38,131][flwr][INFO] - 		round 10: 4.5430819606924615
[2025-01-08 10:42:38,131][flwr][INFO] - 		round 11: 3.9773435051765773
[2025-01-08 10:42:38,131][flwr][INFO] - 		round 12: 3.8422347409832582
[2025-01-08 10:42:38,131][flwr][INFO] - 		round 13: 3.5261168645060934
[2025-01-08 10:42:38,131][flwr][INFO] - 		round 14: 3.4553202819301987
[2025-01-08 10:42:38,131][flwr][INFO] - 		round 15: 3.4691050935451813
[2025-01-08 10:42:38,131][flwr][INFO] - 	History (metrics, centralized):
[2025-01-08 10:42:38,131][flwr][INFO] - 	{'accuracy': [(0, 0.0958),
[2025-01-08 10:42:38,131][flwr][INFO] - 	              (1, 0.9418),
[2025-01-08 10:42:38,131][flwr][INFO] - 	              (2, 0.9594),
[2025-01-08 10:42:38,132][flwr][INFO] - 	              (3, 0.975),
[2025-01-08 10:42:38,132][flwr][INFO] - 	              (4, 0.9781),
[2025-01-08 10:42:38,132][flwr][INFO] - 	              (5, 0.977),
[2025-01-08 10:42:38,132][flwr][INFO] - 	              (6, 0.9804),
[2025-01-08 10:42:38,132][flwr][INFO] - 	              (7, 0.9802),
[2025-01-08 10:42:38,132][flwr][INFO] - 	              (8, 0.9806),
[2025-01-08 10:42:38,132][flwr][INFO] - 	              (9, 0.9819),
[2025-01-08 10:42:38,132][flwr][INFO] - 	              (10, 0.9839),
[2025-01-08 10:42:38,132][flwr][INFO] - 	              (11, 0.9848),
[2025-01-08 10:42:38,132][flwr][INFO] - 	              (12, 0.9846),
[2025-01-08 10:42:38,132][flwr][INFO] - 	              (13, 0.9869),
[2025-01-08 10:42:38,132][flwr][INFO] - 	              (14, 0.9862),
[2025-01-08 10:42:38,132][flwr][INFO] - 	              (15, 0.9863)]}
[2025-01-08 10:42:38,132][flwr][INFO] - 
