[2025-01-07 19:16:14,006][flwr][INFO] - Starting Flower simulation, config: num_rounds=15, no round_timeout
[2025-01-07 19:16:17,339][flwr][INFO] - Flower VCE: Ray initialized with resources: {'node:__internal_head__': 1.0, 'memory': 6322198119.0, 'object_store_memory': 3161099059.0, 'node:192.168.1.11': 1.0, 'CPU': 12.0}
[2025-01-07 19:16:17,339][flwr][INFO] - Optimize your simulation with Flower VCE: https://flower.ai/docs/framework/how-to-run-simulations.html
[2025-01-07 19:16:17,339][flwr][INFO] - Flower VCE: Resources for each Virtual Client: {'num_cpus': 2, 'num_gpus': 0}
[2025-01-07 19:16:17,348][flwr][INFO] - Flower VCE: Creating VirtualClientEngineActorPool with 6 actors
[2025-01-07 19:16:17,348][flwr][INFO] - [INIT]
[2025-01-07 19:16:17,348][flwr][INFO] - Requesting initial parameters from one random client
[2025-01-07 19:16:19,748][flwr][INFO] - Received initial parameters from one random client
[2025-01-07 19:16:19,749][flwr][INFO] - Starting evaluation of initial global parameters
[2025-01-07 19:16:20,931][flwr][INFO] - initial parameters (loss, other metrics): 182.44637393951416, {'accuracy': 0.106}
[2025-01-07 19:16:20,931][flwr][INFO] - 
[2025-01-07 19:16:20,932][flwr][INFO] - [ROUND 1]
[2025-01-07 19:16:20,932][flwr][INFO] - configure_fit: strategy sampled 2 clients (out of 5)
[2025-01-07 19:16:36,811][flwr][INFO] - aggregate_fit: received 2 results and 0 failures
[2025-01-07 19:16:36,814][flwr][WARNING] - No fit_metrics_aggregation_fn provided
[2025-01-07 19:16:38,044][flwr][INFO] - fit progress: (1, 6.918689436744899, {'accuracy': 0.9766}, 17.112609732001147)
[2025-01-07 19:16:38,044][flwr][INFO] - configure_evaluate: strategy sampled 3 clients (out of 5)
[2025-01-07 19:16:40,564][flwr][INFO] - aggregate_evaluate: received 3 results and 0 failures
[2025-01-07 19:16:40,565][flwr][WARNING] - No evaluate_metrics_aggregation_fn provided
[2025-01-07 19:16:40,565][flwr][INFO] - 
[2025-01-07 19:16:40,565][flwr][INFO] - [ROUND 2]
[2025-01-07 19:16:40,565][flwr][INFO] - configure_fit: strategy sampled 2 clients (out of 5)
[2025-01-07 19:16:54,374][flwr][INFO] - aggregate_fit: received 2 results and 0 failures
[2025-01-07 19:16:56,295][flwr][INFO] - fit progress: (2, 3.738396071639727, {'accuracy': 0.9856}, 35.36319795999589)
[2025-01-07 19:16:56,295][flwr][INFO] - configure_evaluate: strategy sampled 3 clients (out of 5)
[2025-01-07 19:16:57,002][flwr][INFO] - aggregate_evaluate: received 3 results and 0 failures
[2025-01-07 19:16:57,002][flwr][INFO] - 
[2025-01-07 19:16:57,002][flwr][INFO] - [ROUND 3]
[2025-01-07 19:16:57,003][flwr][INFO] - configure_fit: strategy sampled 2 clients (out of 5)
[2025-01-07 19:17:11,150][flwr][INFO] - aggregate_fit: received 2 results and 0 failures
[2025-01-07 19:17:12,370][flwr][INFO] - fit progress: (3, 3.5894396173243877, {'accuracy': 0.9863}, 51.43807545599702)
[2025-01-07 19:17:12,370][flwr][INFO] - configure_evaluate: strategy sampled 3 clients (out of 5)
[2025-01-07 19:17:13,126][flwr][INFO] - aggregate_evaluate: received 3 results and 0 failures
[2025-01-07 19:17:13,126][flwr][INFO] - 
[2025-01-07 19:17:13,126][flwr][INFO] - [ROUND 4]
[2025-01-07 19:17:13,126][flwr][INFO] - configure_fit: strategy sampled 2 clients (out of 5)
[2025-01-07 19:17:27,236][flwr][INFO] - aggregate_fit: received 2 results and 0 failures
[2025-01-07 19:17:28,627][flwr][INFO] - fit progress: (4, 3.879871231089055, {'accuracy': 0.9861}, 67.69580934500118)
[2025-01-07 19:17:28,628][flwr][INFO] - configure_evaluate: strategy sampled 3 clients (out of 5)
[2025-01-07 19:17:29,296][flwr][INFO] - aggregate_evaluate: received 3 results and 0 failures
[2025-01-07 19:17:29,297][flwr][INFO] - 
[2025-01-07 19:17:29,297][flwr][INFO] - [ROUND 5]
[2025-01-07 19:17:29,297][flwr][INFO] - configure_fit: strategy sampled 2 clients (out of 5)
[2025-01-07 19:17:42,996][flwr][INFO] - aggregate_fit: received 2 results and 0 failures
[2025-01-07 19:17:44,484][flwr][INFO] - fit progress: (5, 3.8941233623397693, {'accuracy': 0.986}, 83.55248629499692)
[2025-01-07 19:17:44,484][flwr][INFO] - configure_evaluate: strategy sampled 3 clients (out of 5)
[2025-01-07 19:17:45,158][flwr][INFO] - aggregate_evaluate: received 3 results and 0 failures
[2025-01-07 19:17:45,158][flwr][INFO] - 
[2025-01-07 19:17:45,159][flwr][INFO] - [ROUND 6]
[2025-01-07 19:17:45,159][flwr][INFO] - configure_fit: strategy sampled 2 clients (out of 5)
[2025-01-07 19:17:58,907][flwr][INFO] - aggregate_fit: received 2 results and 0 failures
[2025-01-07 19:18:00,931][flwr][INFO] - fit progress: (6, 3.229966355248507, {'accuracy': 0.9875}, 99.99910350699793)
[2025-01-07 19:18:00,931][flwr][INFO] - configure_evaluate: strategy sampled 3 clients (out of 5)
[2025-01-07 19:18:01,552][flwr][INFO] - aggregate_evaluate: received 3 results and 0 failures
[2025-01-07 19:18:01,552][flwr][INFO] - 
[2025-01-07 19:18:01,552][flwr][INFO] - [ROUND 7]
[2025-01-07 19:18:01,552][flwr][INFO] - configure_fit: strategy sampled 2 clients (out of 5)
[2025-01-07 19:18:15,315][flwr][INFO] - aggregate_fit: received 2 results and 0 failures
[2025-01-07 19:18:16,635][flwr][INFO] - fit progress: (7, 4.013096651393425, {'accuracy': 0.9868}, 115.703462407997)
[2025-01-07 19:18:16,635][flwr][INFO] - configure_evaluate: strategy sampled 3 clients (out of 5)
[2025-01-07 19:18:17,331][flwr][INFO] - aggregate_evaluate: received 3 results and 0 failures
[2025-01-07 19:18:17,332][flwr][INFO] - 
[2025-01-07 19:18:17,332][flwr][INFO] - [ROUND 8]
[2025-01-07 19:18:17,332][flwr][INFO] - configure_fit: strategy sampled 2 clients (out of 5)
[2025-01-07 19:18:31,147][flwr][INFO] - aggregate_fit: received 2 results and 0 failures
[2025-01-07 19:18:33,031][flwr][INFO] - fit progress: (8, 3.0784794823100583, {'accuracy': 0.9883}, 132.0999184819957)
[2025-01-07 19:18:33,032][flwr][INFO] - configure_evaluate: strategy sampled 3 clients (out of 5)
[2025-01-07 19:18:33,707][flwr][INFO] - aggregate_evaluate: received 3 results and 0 failures
[2025-01-07 19:18:33,707][flwr][INFO] - 
[2025-01-07 19:18:33,707][flwr][INFO] - [ROUND 9]
[2025-01-07 19:18:33,708][flwr][INFO] - configure_fit: strategy sampled 2 clients (out of 5)
[2025-01-07 19:18:47,421][flwr][INFO] - aggregate_fit: received 2 results and 0 failures
[2025-01-07 19:18:48,714][flwr][INFO] - fit progress: (9, 3.5272243445043614, {'accuracy': 0.9892}, 147.78248911799892)
[2025-01-07 19:18:48,714][flwr][INFO] - configure_evaluate: strategy sampled 3 clients (out of 5)
[2025-01-07 19:18:49,445][flwr][INFO] - aggregate_evaluate: received 3 results and 0 failures
[2025-01-07 19:18:49,445][flwr][INFO] - 
[2025-01-07 19:18:49,446][flwr][INFO] - [ROUND 10]
[2025-01-07 19:18:49,446][flwr][INFO] - configure_fit: strategy sampled 2 clients (out of 5)
[2025-01-07 19:19:03,163][flwr][INFO] - aggregate_fit: received 2 results and 0 failures
[2025-01-07 19:19:04,663][flwr][INFO] - fit progress: (10, 3.5217393608459133, {'accuracy': 0.9894}, 163.73151586199674)
[2025-01-07 19:19:04,663][flwr][INFO] - configure_evaluate: strategy sampled 3 clients (out of 5)
[2025-01-07 19:19:05,327][flwr][INFO] - aggregate_evaluate: received 3 results and 0 failures
[2025-01-07 19:19:05,328][flwr][INFO] - 
[2025-01-07 19:19:05,328][flwr][INFO] - [ROUND 11]
[2025-01-07 19:19:05,328][flwr][INFO] - configure_fit: strategy sampled 2 clients (out of 5)
[2025-01-07 19:19:18,935][flwr][INFO] - aggregate_fit: received 2 results and 0 failures
[2025-01-07 19:19:20,607][flwr][INFO] - fit progress: (11, 3.3205534123469533, {'accuracy': 0.9893}, 179.67579851299524)
[2025-01-07 19:19:20,608][flwr][INFO] - configure_evaluate: strategy sampled 3 clients (out of 5)
[2025-01-07 19:19:21,295][flwr][INFO] - aggregate_evaluate: received 3 results and 0 failures
[2025-01-07 19:19:21,295][flwr][INFO] - 
[2025-01-07 19:19:21,295][flwr][INFO] - [ROUND 12]
[2025-01-07 19:19:21,295][flwr][INFO] - configure_fit: strategy sampled 2 clients (out of 5)
[2025-01-07 19:19:34,995][flwr][INFO] - aggregate_fit: received 2 results and 0 failures
[2025-01-07 19:19:36,560][flwr][INFO] - fit progress: (12, 3.646542529733992, {'accuracy': 0.9906}, 195.62891655699786)
[2025-01-07 19:19:36,561][flwr][INFO] - configure_evaluate: strategy sampled 3 clients (out of 5)
[2025-01-07 19:19:37,222][flwr][INFO] - aggregate_evaluate: received 3 results and 0 failures
[2025-01-07 19:19:37,222][flwr][INFO] - 
[2025-01-07 19:19:37,222][flwr][INFO] - [ROUND 13]
[2025-01-07 19:19:37,222][flwr][INFO] - configure_fit: strategy sampled 2 clients (out of 5)
[2025-01-07 19:19:50,930][flwr][INFO] - aggregate_fit: received 2 results and 0 failures
[2025-01-07 19:19:52,401][flwr][INFO] - fit progress: (13, 4.521001742776683, {'accuracy': 0.9881}, 211.4699507760015)
[2025-01-07 19:19:52,402][flwr][INFO] - configure_evaluate: strategy sampled 3 clients (out of 5)
[2025-01-07 19:19:53,194][flwr][INFO] - aggregate_evaluate: received 3 results and 0 failures
[2025-01-07 19:19:53,194][flwr][INFO] - 
[2025-01-07 19:19:53,195][flwr][INFO] - [ROUND 14]
[2025-01-07 19:19:53,195][flwr][INFO] - configure_fit: strategy sampled 2 clients (out of 5)
[2025-01-07 19:20:06,705][flwr][INFO] - aggregate_fit: received 2 results and 0 failures
[2025-01-07 19:20:08,047][flwr][INFO] - fit progress: (14, 4.010138349621007, {'accuracy': 0.9905}, 227.11501765700086)
[2025-01-07 19:20:08,047][flwr][INFO] - configure_evaluate: strategy sampled 3 clients (out of 5)
[2025-01-07 19:20:08,757][flwr][INFO] - aggregate_evaluate: received 3 results and 0 failures
[2025-01-07 19:20:08,758][flwr][INFO] - 
[2025-01-07 19:20:08,758][flwr][INFO] - [ROUND 15]
[2025-01-07 19:20:08,758][flwr][INFO] - configure_fit: strategy sampled 2 clients (out of 5)
[2025-01-07 19:20:22,412][flwr][INFO] - aggregate_fit: received 2 results and 0 failures
[2025-01-07 19:20:23,648][flwr][INFO] - fit progress: (15, 4.246428601525764, {'accuracy': 0.9902}, 242.71675572599634)
[2025-01-07 19:20:23,649][flwr][INFO] - configure_evaluate: strategy sampled 3 clients (out of 5)
[2025-01-07 19:20:24,367][flwr][INFO] - aggregate_evaluate: received 3 results and 0 failures
[2025-01-07 19:20:24,368][flwr][INFO] - 
[2025-01-07 19:20:24,368][flwr][INFO] - [SUMMARY]
[2025-01-07 19:20:24,368][flwr][INFO] - Run finished 15 round(s) in 243.44s
[2025-01-07 19:20:24,369][flwr][INFO] - 	History (loss, distributed):
[2025-01-07 19:20:24,369][flwr][INFO] - 		round 1: 7.755761777244818
[2025-01-07 19:20:24,369][flwr][INFO] - 		round 2: 4.126038818495242
[2025-01-07 19:20:24,369][flwr][INFO] - 		round 3: 3.1770195122611162
[2025-01-07 19:20:24,369][flwr][INFO] - 		round 4: 3.9585591760176917
[2025-01-07 19:20:24,369][flwr][INFO] - 		round 5: 3.592544084336699
[2025-01-07 19:20:24,369][flwr][INFO] - 		round 6: 3.648385484209257
[2025-01-07 19:20:24,369][flwr][INFO] - 		round 7: 5.335100090725443
[2025-01-07 19:20:24,369][flwr][INFO] - 		round 8: 3.472599350751428
[2025-01-07 19:20:24,369][flwr][INFO] - 		round 9: 4.1402348409384
[2025-01-07 19:20:24,369][flwr][INFO] - 		round 10: 3.998405550744969
[2025-01-07 19:20:24,370][flwr][INFO] - 		round 11: 3.4991334411730177
[2025-01-07 19:20:24,370][flwr][INFO] - 		round 12: 3.9560307436630575
[2025-01-07 19:20:24,370][flwr][INFO] - 		round 13: 3.9138161943837555
[2025-01-07 19:20:24,370][flwr][INFO] - 		round 14: 3.327839999031454
[2025-01-07 19:20:24,370][flwr][INFO] - 		round 15: 4.104614172065891
[2025-01-07 19:20:24,370][flwr][INFO] - 	History (loss, centralized):
[2025-01-07 19:20:24,370][flwr][INFO] - 		round 0: 182.44637393951416
[2025-01-07 19:20:24,370][flwr][INFO] - 		round 1: 6.918689436744899
[2025-01-07 19:20:24,370][flwr][INFO] - 		round 2: 3.738396071639727
[2025-01-07 19:20:24,370][flwr][INFO] - 		round 3: 3.5894396173243877
[2025-01-07 19:20:24,370][flwr][INFO] - 		round 4: 3.879871231089055
[2025-01-07 19:20:24,370][flwr][INFO] - 		round 5: 3.8941233623397693
[2025-01-07 19:20:24,370][flwr][INFO] - 		round 6: 3.229966355248507
[2025-01-07 19:20:24,370][flwr][INFO] - 		round 7: 4.013096651393425
[2025-01-07 19:20:24,370][flwr][INFO] - 		round 8: 3.0784794823100583
[2025-01-07 19:20:24,370][flwr][INFO] - 		round 9: 3.5272243445043614
[2025-01-07 19:20:24,370][flwr][INFO] - 		round 10: 3.5217393608459133
[2025-01-07 19:20:24,370][flwr][INFO] - 		round 11: 3.3205534123469533
[2025-01-07 19:20:24,370][flwr][INFO] - 		round 12: 3.646542529733992
[2025-01-07 19:20:24,370][flwr][INFO] - 		round 13: 4.521001742776683
[2025-01-07 19:20:24,370][flwr][INFO] - 		round 14: 4.010138349621007
[2025-01-07 19:20:24,370][flwr][INFO] - 		round 15: 4.246428601525764
[2025-01-07 19:20:24,371][flwr][INFO] - 	History (metrics, centralized):
[2025-01-07 19:20:24,371][flwr][INFO] - 	{'accuracy': [(0, 0.106),
[2025-01-07 19:20:24,371][flwr][INFO] - 	              (1, 0.9766),
[2025-01-07 19:20:24,371][flwr][INFO] - 	              (2, 0.9856),
[2025-01-07 19:20:24,371][flwr][INFO] - 	              (3, 0.9863),
[2025-01-07 19:20:24,371][flwr][INFO] - 	              (4, 0.9861),
[2025-01-07 19:20:24,371][flwr][INFO] - 	              (5, 0.986),
[2025-01-07 19:20:24,371][flwr][INFO] - 	              (6, 0.9875),
[2025-01-07 19:20:24,371][flwr][INFO] - 	              (7, 0.9868),
[2025-01-07 19:20:24,371][flwr][INFO] - 	              (8, 0.9883),
[2025-01-07 19:20:24,371][flwr][INFO] - 	              (9, 0.9892),
[2025-01-07 19:20:24,371][flwr][INFO] - 	              (10, 0.9894),
[2025-01-07 19:20:24,371][flwr][INFO] - 	              (11, 0.9893),
[2025-01-07 19:20:24,371][flwr][INFO] - 	              (12, 0.9906),
[2025-01-07 19:20:24,371][flwr][INFO] - 	              (13, 0.9881),
[2025-01-07 19:20:24,371][flwr][INFO] - 	              (14, 0.9905),
[2025-01-07 19:20:24,371][flwr][INFO] - 	              (15, 0.9902)]}
[2025-01-07 19:20:24,371][flwr][INFO] - 
