[2024-12-31 15:49:12,180][flwr][INFO] - Starting Flower simulation, config: num_rounds=10, no round_timeout
[2024-12-31 15:49:16,214][flwr][INFO] - Flower VCE: Ray initialized with resources: {'node:__internal_head__': 1.0, 'node:192.168.1.11': 1.0, 'CPU': 12.0, 'object_store_memory': 2847022694.0, 'memory': 5694045390.0}
[2024-12-31 15:49:16,214][flwr][INFO] - Optimize your simulation with Flower VCE: https://flower.ai/docs/framework/how-to-run-simulations.html
[2024-12-31 15:49:16,214][flwr][INFO] - Flower VCE: Resources for each Virtual Client: {'num_cpus': 2, 'num_gpus': 0}
[2024-12-31 15:49:16,230][flwr][INFO] - Flower VCE: Creating VirtualClientEngineActorPool with 6 actors
[2024-12-31 15:49:16,230][flwr][INFO] - [INIT]
[2024-12-31 15:49:16,231][flwr][INFO] - Using initial global parameters provided by strategy
[2024-12-31 15:49:16,231][flwr][INFO] - Starting evaluation of initial global parameters
[2024-12-31 15:49:19,479][flwr][INFO] - initial parameters (loss, other metrics): 182.1367700099945, {'accuracy': 0.0998}
[2024-12-31 15:49:19,480][flwr][INFO] - 
[2024-12-31 15:49:19,480][flwr][INFO] - [ROUND 1]
[2024-12-31 15:49:19,483][flwr][INFO] - configure_fit: strategy sampled 2 clients (out of 10)
[2024-12-31 15:49:32,336][flwr][INFO] - aggregate_fit: received 2 results and 0 failures
[2024-12-31 15:49:34,316][flwr][WARNING] - No fit_metrics_aggregation_fn provided
[2024-12-31 15:49:35,709][flwr][INFO] - fit progress: (1, 181.82432627677917, {'accuracy': 0.0997}, 16.22908860699681)
[2024-12-31 15:49:35,709][flwr][INFO] - configure_evaluate: strategy sampled 5 clients (out of 10)
[2024-12-31 15:49:39,767][flwr][INFO] - aggregate_evaluate: received 5 results and 0 failures
[2024-12-31 15:49:39,768][flwr][WARNING] - No evaluate_metrics_aggregation_fn provided
[2024-12-31 15:49:39,768][flwr][INFO] - 
[2024-12-31 15:49:39,768][flwr][INFO] - [ROUND 2]
[2024-12-31 15:49:39,771][flwr][INFO] - configure_fit: strategy sampled 2 clients (out of 10)
[2024-12-31 15:49:48,322][flwr][INFO] - aggregate_fit: received 2 results and 0 failures
[2024-12-31 15:49:51,702][flwr][INFO] - fit progress: (2, 181.91247487068176, {'accuracy': 0.0982}, 32.22282037900004)
[2024-12-31 15:49:51,703][flwr][INFO] - configure_evaluate: strategy sampled 5 clients (out of 10)
[2024-12-31 15:49:52,404][flwr][INFO] - aggregate_evaluate: received 5 results and 0 failures
[2024-12-31 15:49:52,404][flwr][INFO] - 
[2024-12-31 15:49:52,405][flwr][INFO] - [ROUND 3]
[2024-12-31 15:49:52,409][flwr][INFO] - configure_fit: strategy sampled 2 clients (out of 10)
[2024-12-31 15:50:01,443][flwr][INFO] - aggregate_fit: received 2 results and 0 failures
[2024-12-31 15:50:04,543][flwr][INFO] - fit progress: (3, 181.98450875282288, {'accuracy': 0.0982}, 45.06348497200088)
[2024-12-31 15:50:04,543][flwr][INFO] - configure_evaluate: strategy sampled 5 clients (out of 10)
[2024-12-31 15:50:05,333][flwr][INFO] - aggregate_evaluate: received 5 results and 0 failures
[2024-12-31 15:50:05,333][flwr][INFO] - 
[2024-12-31 15:50:05,334][flwr][INFO] - [ROUND 4]
[2024-12-31 15:50:05,337][flwr][INFO] - configure_fit: strategy sampled 2 clients (out of 10)
[2024-12-31 16:37:40,671][flwr][INFO] - aggregate_fit: received 2 results and 0 failures
[2024-12-31 16:37:42,921][flwr][INFO] - fit progress: (4, 181.95565724372864, {'accuracy': 0.0982}, 57.10215212000185)
[2024-12-31 16:37:42,922][flwr][INFO] - configure_evaluate: strategy sampled 5 clients (out of 10)
[2024-12-31 16:37:43,450][flwr][INFO] - aggregate_evaluate: received 5 results and 0 failures
[2024-12-31 16:37:43,450][flwr][INFO] - 
[2024-12-31 16:37:43,450][flwr][INFO] - [ROUND 5]
[2024-12-31 16:37:43,452][flwr][INFO] - configure_fit: strategy sampled 2 clients (out of 10)
[2024-12-31 16:37:48,731][flwr][INFO] - aggregate_fit: received 2 results and 0 failures
[2024-12-31 16:37:51,945][flwr][INFO] - fit progress: (5, 181.94178986549377, {'accuracy': 0.0982}, 66.12611788699724)
[2024-12-31 16:37:51,945][flwr][INFO] - configure_evaluate: strategy sampled 5 clients (out of 10)
[2024-12-31 16:37:52,419][flwr][INFO] - aggregate_evaluate: received 5 results and 0 failures
[2024-12-31 16:37:52,420][flwr][INFO] - 
[2024-12-31 16:37:52,420][flwr][INFO] - [ROUND 6]
[2024-12-31 16:37:52,421][flwr][INFO] - configure_fit: strategy sampled 2 clients (out of 10)
[2024-12-31 16:38:00,609][flwr][INFO] - aggregate_fit: received 2 results and 0 failures
[2024-12-31 16:38:06,212][flwr][INFO] - fit progress: (6, 181.77207708358765, {'accuracy': 0.0982}, 80.39335133299755)
[2024-12-31 16:38:06,213][flwr][INFO] - configure_evaluate: strategy sampled 5 clients (out of 10)
[2024-12-31 16:38:07,133][flwr][INFO] - aggregate_evaluate: received 5 results and 0 failures
[2024-12-31 16:38:07,133][flwr][INFO] - 
[2024-12-31 16:38:07,133][flwr][INFO] - [ROUND 7]
[2024-12-31 16:38:07,138][flwr][INFO] - configure_fit: strategy sampled 2 clients (out of 10)
[2024-12-31 16:38:16,107][flwr][INFO] - aggregate_fit: received 2 results and 0 failures
[2024-12-31 16:38:24,581][flwr][INFO] - fit progress: (7, 181.45109510421753, {'accuracy': 0.0982}, 98.76217220300168)
[2024-12-31 16:38:24,582][flwr][INFO] - configure_evaluate: strategy sampled 5 clients (out of 10)
[2024-12-31 16:38:25,526][flwr][INFO] - aggregate_evaluate: received 5 results and 0 failures
[2024-12-31 16:38:25,526][flwr][INFO] - 
[2024-12-31 16:38:25,527][flwr][INFO] - [ROUND 8]
[2024-12-31 16:38:25,531][flwr][INFO] - configure_fit: strategy sampled 2 clients (out of 10)
[2024-12-31 16:38:38,793][flwr][INFO] - aggregate_fit: received 2 results and 0 failures
[2024-12-31 16:38:43,681][flwr][INFO] - fit progress: (8, 180.9109799861908, {'accuracy': 0.1157}, 117.8622217459997)
[2024-12-31 16:38:43,682][flwr][INFO] - configure_evaluate: strategy sampled 5 clients (out of 10)
[2024-12-31 16:38:44,856][flwr][INFO] - aggregate_evaluate: received 5 results and 0 failures
[2024-12-31 16:38:44,857][flwr][INFO] - 
[2024-12-31 16:38:44,857][flwr][INFO] - [ROUND 9]
[2024-12-31 16:38:44,863][flwr][INFO] - configure_fit: strategy sampled 2 clients (out of 10)
[2024-12-31 16:39:04,329][flwr][INFO] - aggregate_fit: received 2 results and 0 failures
[2024-12-31 16:39:22,281][flwr][INFO] - fit progress: (9, 180.19313216209412, {'accuracy': 0.1179}, 156.46156730200164)
[2024-12-31 16:39:22,281][flwr][INFO] - configure_evaluate: strategy sampled 5 clients (out of 10)
[2024-12-31 16:39:23,798][flwr][INFO] - aggregate_evaluate: received 5 results and 0 failures
[2024-12-31 16:39:23,798][flwr][INFO] - 
[2024-12-31 16:39:23,799][flwr][INFO] - [ROUND 10]
[2024-12-31 16:39:23,806][flwr][INFO] - configure_fit: strategy sampled 2 clients (out of 10)
[2024-12-31 16:39:38,621][flwr][INFO] - aggregate_fit: received 2 results and 0 failures
[2024-12-31 16:39:48,627][flwr][INFO] - fit progress: (10, 179.44401240348816, {'accuracy': 0.2175}, 182.80816446200333)
[2024-12-31 16:39:48,628][flwr][INFO] - configure_evaluate: strategy sampled 5 clients (out of 10)
[2024-12-31 16:39:50,116][flwr][INFO] - aggregate_evaluate: received 5 results and 0 failures
[2024-12-31 16:39:50,117][flwr][INFO] - 
[2024-12-31 16:39:50,117][flwr][INFO] - [SUMMARY]
[2024-12-31 16:39:50,117][flwr][INFO] - Run finished 10 round(s) in 184.30s
[2024-12-31 16:39:50,118][flwr][INFO] - 	History (loss, distributed):
[2024-12-31 16:39:50,118][flwr][INFO] - 		round 1: 43.737958669662476
[2024-12-31 16:39:50,118][flwr][INFO] - 		round 2: 43.75928153991699
[2024-12-31 16:39:50,118][flwr][INFO] - 		round 3: 43.778232192993165
[2024-12-31 16:39:50,118][flwr][INFO] - 		round 4: 43.750234031677245
[2024-12-31 16:39:50,118][flwr][INFO] - 		round 5: 43.77080507278443
[2024-12-31 16:39:50,119][flwr][INFO] - 		round 6: 43.72488136291504
[2024-12-31 16:39:50,119][flwr][INFO] - 		round 7: 43.68202981948853
[2024-12-31 16:39:50,119][flwr][INFO] - 		round 8: 43.520877265930174
[2024-12-31 16:39:50,119][flwr][INFO] - 		round 9: 43.37275452613831
[2024-12-31 16:39:50,119][flwr][INFO] - 		round 10: 43.11995053291321
[2024-12-31 16:39:50,119][flwr][INFO] - 	History (loss, centralized):
[2024-12-31 16:39:50,119][flwr][INFO] - 		round 0: 182.1367700099945
[2024-12-31 16:39:50,120][flwr][INFO] - 		round 1: 181.82432627677917
[2024-12-31 16:39:50,120][flwr][INFO] - 		round 2: 181.91247487068176
[2024-12-31 16:39:50,120][flwr][INFO] - 		round 3: 181.98450875282288
[2024-12-31 16:39:50,120][flwr][INFO] - 		round 4: 181.95565724372864
[2024-12-31 16:39:50,120][flwr][INFO] - 		round 5: 181.94178986549377
[2024-12-31 16:39:50,120][flwr][INFO] - 		round 6: 181.77207708358765
[2024-12-31 16:39:50,120][flwr][INFO] - 		round 7: 181.45109510421753
[2024-12-31 16:39:50,121][flwr][INFO] - 		round 8: 180.9109799861908
[2024-12-31 16:39:50,121][flwr][INFO] - 		round 9: 180.19313216209412
[2024-12-31 16:39:50,121][flwr][INFO] - 		round 10: 179.44401240348816
[2024-12-31 16:39:50,121][flwr][INFO] - 	History (metrics, centralized):
[2024-12-31 16:39:50,121][flwr][INFO] - 	{'accuracy': [(0, 0.0998),
[2024-12-31 16:39:50,121][flwr][INFO] - 	              (1, 0.0997),
[2024-12-31 16:39:50,122][flwr][INFO] - 	              (2, 0.0982),
[2024-12-31 16:39:50,122][flwr][INFO] - 	              (3, 0.0982),
[2024-12-31 16:39:50,122][flwr][INFO] - 	              (4, 0.0982),
[2024-12-31 16:39:50,122][flwr][INFO] - 	              (5, 0.0982),
[2024-12-31 16:39:50,122][flwr][INFO] - 	              (6, 0.0982),
[2024-12-31 16:39:50,122][flwr][INFO] - 	              (7, 0.0982),
[2024-12-31 16:39:50,123][flwr][INFO] - 	              (8, 0.1157),
[2024-12-31 16:39:50,123][flwr][INFO] - 	              (9, 0.1179),
[2024-12-31 16:39:50,123][flwr][INFO] - 	              (10, 0.2175)]}
[2024-12-31 16:39:50,123][flwr][INFO] - 
