[2025-01-07 18:42:57,544][flwr][INFO] - Starting Flower simulation, config: num_rounds=10, no round_timeout
[2025-01-07 18:43:01,035][flwr][INFO] - Flower VCE: Ray initialized with resources: {'CPU': 12.0, 'node:192.168.1.11': 1.0, 'node:__internal_head__': 1.0, 'memory': 6321836852.0, 'object_store_memory': 3160918425.0}
[2025-01-07 18:43:01,035][flwr][INFO] - Optimize your simulation with Flower VCE: https://flower.ai/docs/framework/how-to-run-simulations.html
[2025-01-07 18:43:01,035][flwr][INFO] - Flower VCE: Resources for each Virtual Client: {'num_cpus': 2, 'num_gpus': 0}
[2025-01-07 18:43:01,043][flwr][INFO] - Flower VCE: Creating VirtualClientEngineActorPool with 6 actors
[2025-01-07 18:43:01,044][flwr][INFO] - [INIT]
[2025-01-07 18:43:01,044][flwr][INFO] - Requesting initial parameters from one random client
[2025-01-07 18:43:03,486][flwr][INFO] - Received initial parameters from one random client
[2025-01-07 18:43:03,486][flwr][INFO] - Starting evaluation of initial global parameters
[2025-01-07 18:43:04,678][flwr][INFO] - initial parameters (loss, other metrics): 182.22376656532288, {'accuracy': 0.1252}
[2025-01-07 18:43:04,679][flwr][INFO] - 
[2025-01-07 18:43:04,679][flwr][INFO] - [ROUND 1]
[2025-01-07 18:43:04,679][flwr][INFO] - configure_fit: strategy sampled 2 clients (out of 20)
[2025-01-07 18:43:11,505][flwr][INFO] - aggregate_fit: received 2 results and 0 failures
[2025-01-07 18:43:11,508][flwr][WARNING] - No fit_metrics_aggregation_fn provided
[2025-01-07 18:43:12,922][flwr][INFO] - fit progress: (1, 181.80929112434387, {'accuracy': 0.1135}, 8.243261773000995)
[2025-01-07 18:43:12,922][flwr][INFO] - configure_evaluate: strategy sampled 5 clients (out of 20)
[2025-01-07 18:43:16,515][flwr][INFO] - aggregate_evaluate: received 5 results and 0 failures
[2025-01-07 18:43:16,515][flwr][WARNING] - No evaluate_metrics_aggregation_fn provided
[2025-01-07 18:43:16,515][flwr][INFO] - 
[2025-01-07 18:43:16,515][flwr][INFO] - [ROUND 2]
[2025-01-07 18:43:16,515][flwr][INFO] - configure_fit: strategy sampled 2 clients (out of 20)
[2025-01-07 18:43:20,858][flwr][INFO] - aggregate_fit: received 2 results and 0 failures
[2025-01-07 18:43:23,018][flwr][INFO] - fit progress: (2, 181.90817737579346, {'accuracy': 0.101}, 18.339761411996733)
[2025-01-07 18:43:23,019][flwr][INFO] - configure_evaluate: strategy sampled 5 clients (out of 20)
[2025-01-07 18:43:23,561][flwr][INFO] - aggregate_evaluate: received 5 results and 0 failures
[2025-01-07 18:43:23,561][flwr][INFO] - 
[2025-01-07 18:43:23,561][flwr][INFO] - [ROUND 3]
[2025-01-07 18:43:23,561][flwr][INFO] - configure_fit: strategy sampled 2 clients (out of 20)
[2025-01-07 18:43:27,947][flwr][INFO] - aggregate_fit: received 2 results and 0 failures
[2025-01-07 18:43:29,659][flwr][INFO] - fit progress: (3, 182.20669674873352, {'accuracy': 0.0958}, 24.980660426001123)
[2025-01-07 18:43:29,659][flwr][INFO] - configure_evaluate: strategy sampled 5 clients (out of 20)
[2025-01-07 18:43:30,254][flwr][INFO] - aggregate_evaluate: received 5 results and 0 failures
[2025-01-07 18:43:30,254][flwr][INFO] - 
[2025-01-07 18:43:30,255][flwr][INFO] - [ROUND 4]
[2025-01-07 18:43:30,255][flwr][INFO] - configure_fit: strategy sampled 2 clients (out of 20)
[2025-01-07 18:43:34,649][flwr][INFO] - aggregate_fit: received 2 results and 0 failures
[2025-01-07 18:43:36,006][flwr][INFO] - fit progress: (4, 181.8724126815796, {'accuracy': 0.1135}, 31.326958609999565)
[2025-01-07 18:43:36,006][flwr][INFO] - configure_evaluate: strategy sampled 5 clients (out of 20)
[2025-01-07 18:43:36,633][flwr][INFO] - aggregate_evaluate: received 5 results and 0 failures
[2025-01-07 18:43:36,633][flwr][INFO] - 
[2025-01-07 18:43:36,633][flwr][INFO] - [ROUND 5]
[2025-01-07 18:43:36,634][flwr][INFO] - configure_fit: strategy sampled 2 clients (out of 20)
[2025-01-07 18:43:41,022][flwr][INFO] - aggregate_fit: received 2 results and 0 failures
[2025-01-07 18:43:42,254][flwr][INFO] - fit progress: (5, 182.29105019569397, {'accuracy': 0.1135}, 37.57588368999859)
[2025-01-07 18:43:42,255][flwr][INFO] - configure_evaluate: strategy sampled 5 clients (out of 20)
[2025-01-07 18:43:42,870][flwr][INFO] - aggregate_evaluate: received 5 results and 0 failures
[2025-01-07 18:43:42,870][flwr][INFO] - 
[2025-01-07 18:43:42,870][flwr][INFO] - [ROUND 6]
[2025-01-07 18:43:42,871][flwr][INFO] - configure_fit: strategy sampled 2 clients (out of 20)
[2025-01-07 18:43:47,485][flwr][INFO] - aggregate_fit: received 2 results and 0 failures
[2025-01-07 18:43:49,537][flwr][INFO] - fit progress: (6, 182.04296684265137, {'accuracy': 0.0958}, 44.85822436199669)
[2025-01-07 18:43:49,537][flwr][INFO] - configure_evaluate: strategy sampled 5 clients (out of 20)
[2025-01-07 18:43:50,086][flwr][INFO] - aggregate_evaluate: received 5 results and 0 failures
[2025-01-07 18:43:50,087][flwr][INFO] - 
[2025-01-07 18:43:50,087][flwr][INFO] - [ROUND 7]
[2025-01-07 18:43:50,087][flwr][INFO] - configure_fit: strategy sampled 2 clients (out of 20)
[2025-01-07 18:43:54,500][flwr][INFO] - aggregate_fit: received 2 results and 0 failures
[2025-01-07 18:43:55,933][flwr][INFO] - fit progress: (7, 181.97988152503967, {'accuracy': 0.1009}, 51.25449103699793)
[2025-01-07 18:43:55,933][flwr][INFO] - configure_evaluate: strategy sampled 5 clients (out of 20)
[2025-01-07 18:43:56,564][flwr][INFO] - aggregate_evaluate: received 5 results and 0 failures
[2025-01-07 18:43:56,564][flwr][INFO] - 
[2025-01-07 18:43:56,564][flwr][INFO] - [ROUND 8]
[2025-01-07 18:43:56,565][flwr][INFO] - configure_fit: strategy sampled 2 clients (out of 20)
[2025-01-07 18:44:01,059][flwr][INFO] - aggregate_fit: received 2 results and 0 failures
[2025-01-07 18:44:02,300][flwr][INFO] - fit progress: (8, 182.23304843902588, {'accuracy': 0.1135}, 57.62162933500076)
[2025-01-07 18:44:02,301][flwr][INFO] - configure_evaluate: strategy sampled 5 clients (out of 20)
[2025-01-07 18:44:02,888][flwr][INFO] - aggregate_evaluate: received 5 results and 0 failures
[2025-01-07 18:44:02,888][flwr][INFO] - 
[2025-01-07 18:44:02,889][flwr][INFO] - [ROUND 9]
[2025-01-07 18:44:02,889][flwr][INFO] - configure_fit: strategy sampled 2 clients (out of 20)
[2025-01-07 18:44:07,417][flwr][INFO] - aggregate_fit: received 2 results and 0 failures
[2025-01-07 18:44:09,264][flwr][INFO] - fit progress: (9, 182.28670597076416, {'accuracy': 0.0982}, 64.58539673999621)
[2025-01-07 18:44:09,264][flwr][INFO] - configure_evaluate: strategy sampled 5 clients (out of 20)
[2025-01-07 18:44:09,834][flwr][INFO] - aggregate_evaluate: received 5 results and 0 failures
[2025-01-07 18:44:09,834][flwr][INFO] - 
[2025-01-07 18:44:09,834][flwr][INFO] - [ROUND 10]
[2025-01-07 18:44:09,834][flwr][INFO] - configure_fit: strategy sampled 2 clients (out of 20)
[2025-01-07 18:44:14,246][flwr][INFO] - aggregate_fit: received 2 results and 0 failures
[2025-01-07 18:44:15,864][flwr][INFO] - fit progress: (10, 182.2371382713318, {'accuracy': 0.101}, 71.18549620999693)
[2025-01-07 18:44:15,864][flwr][INFO] - configure_evaluate: strategy sampled 5 clients (out of 20)
[2025-01-07 18:44:16,462][flwr][INFO] - aggregate_evaluate: received 5 results and 0 failures
[2025-01-07 18:44:16,462][flwr][INFO] - 
[2025-01-07 18:44:16,462][flwr][INFO] - [SUMMARY]
[2025-01-07 18:44:16,462][flwr][INFO] - Run finished 10 round(s) in 71.78s
[2025-01-07 18:44:16,463][flwr][INFO] - 	History (loss, distributed):
[2025-01-07 18:44:16,463][flwr][INFO] - 		round 1: 23.00047860145569
[2025-01-07 18:44:16,463][flwr][INFO] - 		round 2: 23.02282319068909
[2025-01-07 18:44:16,463][flwr][INFO] - 		round 3: 22.99107437133789
[2025-01-07 18:44:16,463][flwr][INFO] - 		round 4: 23.023415422439577
[2025-01-07 18:44:16,463][flwr][INFO] - 		round 5: 23.100340414047242
[2025-01-07 18:44:16,463][flwr][INFO] - 		round 6: 23.01773419380188
[2025-01-07 18:44:16,464][flwr][INFO] - 		round 7: 23.042260503768922
[2025-01-07 18:44:16,464][flwr][INFO] - 		round 8: 23.130539894104004
[2025-01-07 18:44:16,464][flwr][INFO] - 		round 9: 23.04735870361328
[2025-01-07 18:44:16,464][flwr][INFO] - 		round 10: 23.05568137168884
[2025-01-07 18:44:16,464][flwr][INFO] - 	History (loss, centralized):
[2025-01-07 18:44:16,464][flwr][INFO] - 		round 0: 182.22376656532288
[2025-01-07 18:44:16,464][flwr][INFO] - 		round 1: 181.80929112434387
[2025-01-07 18:44:16,464][flwr][INFO] - 		round 2: 181.90817737579346
[2025-01-07 18:44:16,465][flwr][INFO] - 		round 3: 182.20669674873352
[2025-01-07 18:44:16,465][flwr][INFO] - 		round 4: 181.8724126815796
[2025-01-07 18:44:16,465][flwr][INFO] - 		round 5: 182.29105019569397
[2025-01-07 18:44:16,465][flwr][INFO] - 		round 6: 182.04296684265137
[2025-01-07 18:44:16,465][flwr][INFO] - 		round 7: 181.97988152503967
[2025-01-07 18:44:16,465][flwr][INFO] - 		round 8: 182.23304843902588
[2025-01-07 18:44:16,465][flwr][INFO] - 		round 9: 182.28670597076416
[2025-01-07 18:44:16,465][flwr][INFO] - 		round 10: 182.2371382713318
[2025-01-07 18:44:16,465][flwr][INFO] - 	History (metrics, centralized):
[2025-01-07 18:44:16,465][flwr][INFO] - 	{'accuracy': [(0, 0.1252),
[2025-01-07 18:44:16,465][flwr][INFO] - 	              (1, 0.1135),
[2025-01-07 18:44:16,465][flwr][INFO] - 	              (2, 0.101),
[2025-01-07 18:44:16,465][flwr][INFO] - 	              (3, 0.0958),
[2025-01-07 18:44:16,465][flwr][INFO] - 	              (4, 0.1135),
[2025-01-07 18:44:16,465][flwr][INFO] - 	              (5, 0.1135),
[2025-01-07 18:44:16,465][flwr][INFO] - 	              (6, 0.0958),
[2025-01-07 18:44:16,465][flwr][INFO] - 	              (7, 0.1009),
[2025-01-07 18:44:16,465][flwr][INFO] - 	              (8, 0.1135),
[2025-01-07 18:44:16,465][flwr][INFO] - 	              (9, 0.0982),
[2025-01-07 18:44:16,465][flwr][INFO] - 	              (10, 0.101)]}
[2025-01-07 18:44:16,465][flwr][INFO] - 
