[2025-01-07 22:03:44,824][flwr][INFO] - Starting Flower simulation, config: num_rounds=15, no round_timeout
[2025-01-07 22:03:48,517][flwr][INFO] - Flower VCE: Ray initialized with resources: {'node:__internal_head__': 1.0, 'memory': 6244188980.0, 'object_store_memory': 3122094489.0, 'node:192.168.1.11': 1.0, 'CPU': 12.0}
[2025-01-07 22:03:48,517][flwr][INFO] - Optimize your simulation with Flower VCE: https://flower.ai/docs/framework/how-to-run-simulations.html
[2025-01-07 22:03:48,518][flwr][INFO] - Flower VCE: Resources for each Virtual Client: {'num_cpus': 2, 'num_gpus': 0}
[2025-01-07 22:03:48,528][flwr][INFO] - Flower VCE: Creating VirtualClientEngineActorPool with 6 actors
[2025-01-07 22:03:48,528][flwr][INFO] - [INIT]
[2025-01-07 22:03:48,528][flwr][INFO] - Requesting initial parameters from one random client
[2025-01-07 22:03:51,002][flwr][INFO] - Received initial parameters from one random client
[2025-01-07 22:03:51,002][flwr][INFO] - Starting evaluation of initial global parameters
[2025-01-07 22:03:52,124][flwr][INFO] - initial parameters (loss, other metrics): 181.9843828678131, {'accuracy': 0.1246}
[2025-01-07 22:03:52,124][flwr][INFO] - 
[2025-01-07 22:03:52,125][flwr][INFO] - [ROUND 1]
[2025-01-07 22:03:52,125][flwr][INFO] - configure_fit: strategy sampled 2 clients (out of 10)
[2025-01-07 22:04:01,998][flwr][INFO] - aggregate_fit: received 2 results and 0 failures
[2025-01-07 22:04:02,004][flwr][WARNING] - No fit_metrics_aggregation_fn provided
[2025-01-07 22:04:03,693][flwr][INFO] - fit progress: (1, 182.0566647052765, {'accuracy': 0.1028}, 11.568762235001486)
[2025-01-07 22:04:03,693][flwr][INFO] - configure_evaluate: strategy sampled 3 clients (out of 10)
[2025-01-07 22:04:05,884][flwr][INFO] - aggregate_evaluate: received 3 results and 0 failures
[2025-01-07 22:04:05,885][flwr][WARNING] - No evaluate_metrics_aggregation_fn provided
[2025-01-07 22:04:05,885][flwr][INFO] - 
[2025-01-07 22:04:05,885][flwr][INFO] - [ROUND 2]
[2025-01-07 22:04:05,885][flwr][INFO] - configure_fit: strategy sampled 2 clients (out of 10)
[2025-01-07 22:04:13,013][flwr][INFO] - aggregate_fit: received 2 results and 0 failures
[2025-01-07 22:04:14,668][flwr][INFO] - fit progress: (2, 182.23030877113342, {'accuracy': 0.1028}, 22.543420415000583)
[2025-01-07 22:04:14,668][flwr][INFO] - configure_evaluate: strategy sampled 3 clients (out of 10)
[2025-01-07 22:04:15,169][flwr][INFO] - aggregate_evaluate: received 3 results and 0 failures
[2025-01-07 22:04:15,169][flwr][INFO] - 
[2025-01-07 22:04:15,169][flwr][INFO] - [ROUND 3]
[2025-01-07 22:04:15,170][flwr][INFO] - configure_fit: strategy sampled 2 clients (out of 10)
[2025-01-07 22:04:22,358][flwr][INFO] - aggregate_fit: received 2 results and 0 failures
[2025-01-07 22:04:23,740][flwr][INFO] - fit progress: (3, 182.19838166236877, {'accuracy': 0.1135}, 31.61566178400244)
[2025-01-07 22:04:23,740][flwr][INFO] - configure_evaluate: strategy sampled 3 clients (out of 10)
[2025-01-07 22:04:24,267][flwr][INFO] - aggregate_evaluate: received 3 results and 0 failures
[2025-01-07 22:04:24,267][flwr][INFO] - 
[2025-01-07 22:04:24,267][flwr][INFO] - [ROUND 4]
[2025-01-07 22:04:24,267][flwr][INFO] - configure_fit: strategy sampled 2 clients (out of 10)
[2025-01-07 22:04:31,294][flwr][INFO] - aggregate_fit: received 2 results and 0 failures
[2025-01-07 22:04:32,897][flwr][INFO] - fit progress: (4, 182.27090048789978, {'accuracy': 0.1028}, 40.772251408001466)
[2025-01-07 22:04:32,897][flwr][INFO] - configure_evaluate: strategy sampled 3 clients (out of 10)
[2025-01-07 22:04:33,398][flwr][INFO] - aggregate_evaluate: received 3 results and 0 failures
[2025-01-07 22:04:33,398][flwr][INFO] - 
[2025-01-07 22:04:33,398][flwr][INFO] - [ROUND 5]
[2025-01-07 22:04:33,398][flwr][INFO] - configure_fit: strategy sampled 2 clients (out of 10)
[2025-01-07 22:04:40,866][flwr][INFO] - aggregate_fit: received 2 results and 0 failures
[2025-01-07 22:04:42,965][flwr][INFO] - fit progress: (5, 182.34780097007751, {'accuracy': 0.1135}, 50.84077015799994)
[2025-01-07 22:04:42,965][flwr][INFO] - configure_evaluate: strategy sampled 3 clients (out of 10)
[2025-01-07 22:04:43,429][flwr][INFO] - aggregate_evaluate: received 3 results and 0 failures
[2025-01-07 22:04:43,429][flwr][INFO] - 
[2025-01-07 22:04:43,430][flwr][INFO] - [ROUND 6]
[2025-01-07 22:04:43,430][flwr][INFO] - configure_fit: strategy sampled 2 clients (out of 10)
[2025-01-07 22:04:50,658][flwr][INFO] - aggregate_fit: received 2 results and 0 failures
[2025-01-07 22:04:51,954][flwr][INFO] - fit progress: (6, 182.39164090156555, {'accuracy': 0.0958}, 59.82942436200392)
[2025-01-07 22:04:51,954][flwr][INFO] - configure_evaluate: strategy sampled 3 clients (out of 10)
[2025-01-07 22:04:52,485][flwr][INFO] - aggregate_evaluate: received 3 results and 0 failures
[2025-01-07 22:04:52,485][flwr][INFO] - 
[2025-01-07 22:04:52,485][flwr][INFO] - [ROUND 7]
[2025-01-07 22:04:52,485][flwr][INFO] - configure_fit: strategy sampled 2 clients (out of 10)
[2025-01-07 22:04:59,605][flwr][INFO] - aggregate_fit: received 2 results and 0 failures
[2025-01-07 22:05:00,953][flwr][INFO] - fit progress: (7, 182.9975287914276, {'accuracy': 0.0958}, 68.82830668899987)
[2025-01-07 22:05:00,953][flwr][INFO] - configure_evaluate: strategy sampled 3 clients (out of 10)
[2025-01-07 22:05:01,486][flwr][INFO] - aggregate_evaluate: received 3 results and 0 failures
[2025-01-07 22:05:01,486][flwr][INFO] - 
[2025-01-07 22:05:01,486][flwr][INFO] - [ROUND 8]
[2025-01-07 22:05:01,486][flwr][INFO] - configure_fit: strategy sampled 2 clients (out of 10)
[2025-01-07 22:05:08,467][flwr][INFO] - aggregate_fit: received 2 results and 0 failures
[2025-01-07 22:05:09,931][flwr][INFO] - fit progress: (8, 182.52596640586853, {'accuracy': 0.0974}, 77.80703002600058)
[2025-01-07 22:05:09,932][flwr][INFO] - configure_evaluate: strategy sampled 3 clients (out of 10)
[2025-01-07 22:05:10,414][flwr][INFO] - aggregate_evaluate: received 3 results and 0 failures
[2025-01-07 22:05:10,415][flwr][INFO] - 
[2025-01-07 22:05:10,415][flwr][INFO] - [ROUND 9]
[2025-01-07 22:05:10,415][flwr][INFO] - configure_fit: strategy sampled 2 clients (out of 10)
[2025-01-07 22:05:17,372][flwr][INFO] - aggregate_fit: received 2 results and 0 failures
[2025-01-07 22:05:18,644][flwr][INFO] - fit progress: (9, 181.98875737190247, {'accuracy': 0.0974}, 86.5196760100007)
[2025-01-07 22:05:18,644][flwr][INFO] - configure_evaluate: strategy sampled 3 clients (out of 10)
[2025-01-07 22:05:19,164][flwr][INFO] - aggregate_evaluate: received 3 results and 0 failures
[2025-01-07 22:05:19,164][flwr][INFO] - 
[2025-01-07 22:05:19,164][flwr][INFO] - [ROUND 10]
[2025-01-07 22:05:19,164][flwr][INFO] - configure_fit: strategy sampled 2 clients (out of 10)
[2025-01-07 22:05:26,220][flwr][INFO] - aggregate_fit: received 2 results and 0 failures
[2025-01-07 22:05:27,848][flwr][INFO] - fit progress: (10, 182.56092977523804, {'accuracy': 0.0982}, 95.72356488000514)
[2025-01-07 22:05:27,848][flwr][INFO] - configure_evaluate: strategy sampled 3 clients (out of 10)
[2025-01-07 22:05:28,366][flwr][INFO] - aggregate_evaluate: received 3 results and 0 failures
[2025-01-07 22:05:28,367][flwr][INFO] - 
[2025-01-07 22:05:28,367][flwr][INFO] - [ROUND 11]
[2025-01-07 22:05:28,367][flwr][INFO] - configure_fit: strategy sampled 2 clients (out of 10)
[2025-01-07 22:05:35,666][flwr][INFO] - aggregate_fit: received 2 results and 0 failures
[2025-01-07 22:05:37,041][flwr][INFO] - fit progress: (11, 182.06965398788452, {'accuracy': 0.1028}, 104.91612926800008)
[2025-01-07 22:05:37,041][flwr][INFO] - configure_evaluate: strategy sampled 3 clients (out of 10)
[2025-01-07 22:05:37,548][flwr][INFO] - aggregate_evaluate: received 3 results and 0 failures
[2025-01-07 22:05:37,548][flwr][INFO] - 
[2025-01-07 22:05:37,548][flwr][INFO] - [ROUND 12]
[2025-01-07 22:05:37,548][flwr][INFO] - configure_fit: strategy sampled 2 clients (out of 10)
[2025-01-07 22:05:44,562][flwr][INFO] - aggregate_fit: received 2 results and 0 failures
[2025-01-07 22:05:46,180][flwr][INFO] - fit progress: (12, 182.55837655067444, {'accuracy': 0.1135}, 114.05592780200095)
[2025-01-07 22:05:46,181][flwr][INFO] - configure_evaluate: strategy sampled 3 clients (out of 10)
[2025-01-07 22:05:46,715][flwr][INFO] - aggregate_evaluate: received 3 results and 0 failures
[2025-01-07 22:05:46,715][flwr][INFO] - 
[2025-01-07 22:05:46,715][flwr][INFO] - [ROUND 13]
[2025-01-07 22:05:46,715][flwr][INFO] - configure_fit: strategy sampled 2 clients (out of 10)
[2025-01-07 22:05:53,837][flwr][INFO] - aggregate_fit: received 2 results and 0 failures
[2025-01-07 22:05:55,012][flwr][INFO] - fit progress: (13, 181.9967200756073, {'accuracy': 0.101}, 122.88733968399902)
[2025-01-07 22:05:55,012][flwr][INFO] - configure_evaluate: strategy sampled 3 clients (out of 10)
[2025-01-07 22:05:55,550][flwr][INFO] - aggregate_evaluate: received 3 results and 0 failures
[2025-01-07 22:05:55,551][flwr][INFO] - 
[2025-01-07 22:05:55,551][flwr][INFO] - [ROUND 14]
[2025-01-07 22:05:55,551][flwr][INFO] - configure_fit: strategy sampled 2 clients (out of 10)
[2025-01-07 22:06:02,793][flwr][INFO] - aggregate_fit: received 2 results and 0 failures
[2025-01-07 22:06:05,096][flwr][INFO] - fit progress: (14, 182.73682641983032, {'accuracy': 0.098}, 132.97125125599996)
[2025-01-07 22:06:05,096][flwr][INFO] - configure_evaluate: strategy sampled 3 clients (out of 10)
[2025-01-07 22:06:05,687][flwr][INFO] - aggregate_evaluate: received 3 results and 0 failures
[2025-01-07 22:06:05,687][flwr][INFO] - 
[2025-01-07 22:06:05,687][flwr][INFO] - [ROUND 15]
[2025-01-07 22:06:05,688][flwr][INFO] - configure_fit: strategy sampled 2 clients (out of 10)
[2025-01-07 22:06:12,924][flwr][INFO] - aggregate_fit: received 2 results and 0 failures
[2025-01-07 22:06:14,468][flwr][INFO] - fit progress: (15, 182.31331133842468, {'accuracy': 0.1135}, 142.3432405470012)
[2025-01-07 22:06:14,468][flwr][INFO] - configure_evaluate: strategy sampled 3 clients (out of 10)
[2025-01-07 22:06:14,981][flwr][INFO] - aggregate_evaluate: received 3 results and 0 failures
[2025-01-07 22:06:14,982][flwr][INFO] - 
[2025-01-07 22:06:14,982][flwr][INFO] - [SUMMARY]
[2025-01-07 22:06:14,982][flwr][INFO] - Run finished 15 round(s) in 142.86s
[2025-01-07 22:06:14,983][flwr][INFO] - 	History (loss, distributed):
[2025-01-07 22:06:14,983][flwr][INFO] - 		round 1: 87.45668196678162
[2025-01-07 22:06:14,983][flwr][INFO] - 		round 2: 87.70342540740967
[2025-01-07 22:06:14,983][flwr][INFO] - 		round 3: 87.73659380276997
[2025-01-07 22:06:14,983][flwr][INFO] - 		round 4: 87.77372980117798
[2025-01-07 22:06:14,983][flwr][INFO] - 		round 5: 87.57075206438701
[2025-01-07 22:06:14,983][flwr][INFO] - 		round 6: 87.70752596855164
[2025-01-07 22:06:14,984][flwr][INFO] - 		round 7: 87.87435173988342
[2025-01-07 22:06:14,984][flwr][INFO] - 		round 8: 87.74813898404439
[2025-01-07 22:06:14,984][flwr][INFO] - 		round 9: 87.593479235967
[2025-01-07 22:06:14,984][flwr][INFO] - 		round 10: 87.54504267374675
[2025-01-07 22:06:14,984][flwr][INFO] - 		round 11: 87.60747520128886
[2025-01-07 22:06:14,984][flwr][INFO] - 		round 12: 87.81923000017802
[2025-01-07 22:06:14,984][flwr][INFO] - 		round 13: 87.76891501744588
[2025-01-07 22:06:14,984][flwr][INFO] - 		round 14: 87.99065550168355
[2025-01-07 22:06:14,984][flwr][INFO] - 		round 15: 87.7646754582723
[2025-01-07 22:06:14,985][flwr][INFO] - 	History (loss, centralized):
[2025-01-07 22:06:14,985][flwr][INFO] - 		round 0: 181.9843828678131
[2025-01-07 22:06:14,985][flwr][INFO] - 		round 1: 182.0566647052765
[2025-01-07 22:06:14,985][flwr][INFO] - 		round 2: 182.23030877113342
[2025-01-07 22:06:14,985][flwr][INFO] - 		round 3: 182.19838166236877
[2025-01-07 22:06:14,985][flwr][INFO] - 		round 4: 182.27090048789978
[2025-01-07 22:06:14,985][flwr][INFO] - 		round 5: 182.34780097007751
[2025-01-07 22:06:14,985][flwr][INFO] - 		round 6: 182.39164090156555
[2025-01-07 22:06:14,986][flwr][INFO] - 		round 7: 182.9975287914276
[2025-01-07 22:06:14,986][flwr][INFO] - 		round 8: 182.52596640586853
[2025-01-07 22:06:14,986][flwr][INFO] - 		round 9: 181.98875737190247
[2025-01-07 22:06:14,986][flwr][INFO] - 		round 10: 182.56092977523804
[2025-01-07 22:06:14,986][flwr][INFO] - 		round 11: 182.06965398788452
[2025-01-07 22:06:14,986][flwr][INFO] - 		round 12: 182.55837655067444
[2025-01-07 22:06:14,986][flwr][INFO] - 		round 13: 181.9967200756073
[2025-01-07 22:06:14,986][flwr][INFO] - 		round 14: 182.73682641983032
[2025-01-07 22:06:14,987][flwr][INFO] - 		round 15: 182.31331133842468
[2025-01-07 22:06:14,987][flwr][INFO] - 	History (metrics, centralized):
[2025-01-07 22:06:14,987][flwr][INFO] - 	{'accuracy': [(0, 0.1246),
[2025-01-07 22:06:14,987][flwr][INFO] - 	              (1, 0.1028),
[2025-01-07 22:06:14,987][flwr][INFO] - 	              (2, 0.1028),
[2025-01-07 22:06:14,987][flwr][INFO] - 	              (3, 0.1135),
[2025-01-07 22:06:14,987][flwr][INFO] - 	              (4, 0.1028),
[2025-01-07 22:06:14,988][flwr][INFO] - 	              (5, 0.1135),
[2025-01-07 22:06:14,988][flwr][INFO] - 	              (6, 0.0958),
[2025-01-07 22:06:14,988][flwr][INFO] - 	              (7, 0.0958),
[2025-01-07 22:06:14,988][flwr][INFO] - 	              (8, 0.0974),
[2025-01-07 22:06:14,988][flwr][INFO] - 	              (9, 0.0974),
[2025-01-07 22:06:14,988][flwr][INFO] - 	              (10, 0.0982),
[2025-01-07 22:06:14,989][flwr][INFO] - 	              (11, 0.1028),
[2025-01-07 22:06:14,989][flwr][INFO] - 	              (12, 0.1135),
[2025-01-07 22:06:14,989][flwr][INFO] - 	              (13, 0.101),
[2025-01-07 22:06:14,989][flwr][INFO] - 	              (14, 0.098),
[2025-01-07 22:06:14,989][flwr][INFO] - 	              (15, 0.1135)]}
[2025-01-07 22:06:14,989][flwr][INFO] - 
