[2025-01-07 16:25:14,971][flwr][INFO] - Starting Flower simulation, config: num_rounds=10, no round_timeout
[2025-01-07 16:25:18,451][flwr][INFO] - Flower VCE: Ray initialized with resources: {'CPU': 12.0, 'node:192.168.1.11': 1.0, 'node:__internal_head__': 1.0, 'memory': 6276130407.0, 'object_store_memory': 3138065203.0}
[2025-01-07 16:25:18,451][flwr][INFO] - Optimize your simulation with Flower VCE: https://flower.ai/docs/framework/how-to-run-simulations.html
[2025-01-07 16:25:18,452][flwr][INFO] - Flower VCE: Resources for each Virtual Client: {'num_cpus': 2, 'num_gpus': 0}
[2025-01-07 16:25:18,462][flwr][INFO] - Flower VCE: Creating VirtualClientEngineActorPool with 6 actors
[2025-01-07 16:25:18,462][flwr][INFO] - [INIT]
[2025-01-07 16:25:18,462][flwr][INFO] - Requesting initial parameters from one random client
[2025-01-07 16:25:21,268][flwr][INFO] - Received initial parameters from one random client
[2025-01-07 16:25:21,268][flwr][INFO] - Starting evaluation of initial global parameters
[2025-01-07 16:25:22,926][flwr][INFO] - initial parameters (loss, other metrics): 182.22392177581787, {'accuracy': 0.0627}
[2025-01-07 16:25:22,926][flwr][INFO] - 
[2025-01-07 16:25:22,926][flwr][INFO] - [ROUND 1]
[2025-01-07 16:25:22,926][flwr][INFO] - configure_fit: strategy sampled 2 clients (out of 5)
[2025-01-07 16:25:42,020][flwr][INFO] - aggregate_fit: received 2 results and 0 failures
[2025-01-07 16:25:42,023][flwr][WARNING] - No fit_metrics_aggregation_fn provided
[2025-01-07 16:25:43,363][flwr][INFO] - fit progress: (1, 140.5204221010208, {'accuracy': 0.4903}, 20.43711808900116)
[2025-01-07 16:25:43,363][flwr][INFO] - configure_evaluate: strategy sampled 3 clients (out of 5)
[2025-01-07 16:25:45,675][flwr][INFO] - aggregate_evaluate: received 3 results and 0 failures
[2025-01-07 16:25:45,676][flwr][WARNING] - No evaluate_metrics_aggregation_fn provided
[2025-01-07 16:25:45,676][flwr][INFO] - 
[2025-01-07 16:25:45,676][flwr][INFO] - [ROUND 2]
[2025-01-07 16:25:45,676][flwr][INFO] - configure_fit: strategy sampled 2 clients (out of 5)
[2025-01-07 16:26:05,904][flwr][INFO] - aggregate_fit: received 2 results and 0 failures
[2025-01-07 16:26:08,167][flwr][INFO] - fit progress: (2, 45.73901616036892, {'accuracy': 0.8616}, 45.24072022200198)
[2025-01-07 16:26:08,167][flwr][INFO] - configure_evaluate: strategy sampled 3 clients (out of 5)
[2025-01-07 16:26:08,800][flwr][INFO] - aggregate_evaluate: received 3 results and 0 failures
[2025-01-07 16:26:08,800][flwr][INFO] - 
[2025-01-07 16:26:08,800][flwr][INFO] - [ROUND 3]
[2025-01-07 16:26:08,801][flwr][INFO] - configure_fit: strategy sampled 2 clients (out of 5)
[2025-01-07 16:26:29,945][flwr][INFO] - aggregate_fit: received 2 results and 0 failures
[2025-01-07 16:26:31,371][flwr][INFO] - fit progress: (3, 234.1373257637024, {'accuracy': 0.1218}, 68.44553712099878)
[2025-01-07 16:26:31,372][flwr][INFO] - configure_evaluate: strategy sampled 3 clients (out of 5)
[2025-01-07 16:26:32,148][flwr][INFO] - aggregate_evaluate: received 3 results and 0 failures
[2025-01-07 16:26:32,148][flwr][INFO] - 
[2025-01-07 16:26:32,149][flwr][INFO] - [ROUND 4]
[2025-01-07 16:26:32,149][flwr][INFO] - configure_fit: strategy sampled 2 clients (out of 5)
[2025-01-07 16:26:49,096][flwr][INFO] - aggregate_fit: received 2 results and 0 failures
[2025-01-07 16:26:50,723][flwr][INFO] - fit progress: (4, 181.88473296165466, {'accuracy': 0.1028}, 87.7970863139999)
[2025-01-07 16:26:50,723][flwr][INFO] - configure_evaluate: strategy sampled 3 clients (out of 5)
[2025-01-07 16:26:51,339][flwr][INFO] - aggregate_evaluate: received 3 results and 0 failures
[2025-01-07 16:26:51,340][flwr][INFO] - 
[2025-01-07 16:26:51,340][flwr][INFO] - [ROUND 5]
[2025-01-07 16:26:51,340][flwr][INFO] - configure_fit: strategy sampled 2 clients (out of 5)
[2025-01-07 16:27:07,151][flwr][INFO] - aggregate_fit: received 2 results and 0 failures
[2025-01-07 16:27:08,669][flwr][INFO] - fit progress: (5, 181.90582823753357, {'accuracy': 0.1135}, 105.74343316700106)
[2025-01-07 16:27:08,670][flwr][INFO] - configure_evaluate: strategy sampled 3 clients (out of 5)
[2025-01-07 16:27:09,290][flwr][INFO] - aggregate_evaluate: received 3 results and 0 failures
[2025-01-07 16:27:09,291][flwr][INFO] - 
[2025-01-07 16:27:09,291][flwr][INFO] - [ROUND 6]
[2025-01-07 16:27:09,291][flwr][INFO] - configure_fit: strategy sampled 2 clients (out of 5)
[2025-01-07 16:27:24,963][flwr][INFO] - aggregate_fit: received 2 results and 0 failures
[2025-01-07 16:27:26,194][flwr][INFO] - fit progress: (6, 181.9873731136322, {'accuracy': 0.101}, 123.26854135900066)
[2025-01-07 16:27:26,195][flwr][INFO] - configure_evaluate: strategy sampled 3 clients (out of 5)
[2025-01-07 16:27:26,847][flwr][INFO] - aggregate_evaluate: received 3 results and 0 failures
[2025-01-07 16:27:26,847][flwr][INFO] - 
[2025-01-07 16:27:26,847][flwr][INFO] - [ROUND 7]
[2025-01-07 16:27:26,848][flwr][INFO] - configure_fit: strategy sampled 2 clients (out of 5)
[2025-01-07 16:27:43,056][flwr][INFO] - aggregate_fit: received 2 results and 0 failures
[2025-01-07 16:27:44,256][flwr][INFO] - fit progress: (7, 181.84997510910034, {'accuracy': 0.1135}, 141.32975344700026)
[2025-01-07 16:27:44,256][flwr][INFO] - configure_evaluate: strategy sampled 3 clients (out of 5)
[2025-01-07 16:27:44,925][flwr][INFO] - aggregate_evaluate: received 3 results and 0 failures
[2025-01-07 16:27:44,925][flwr][INFO] - 
[2025-01-07 16:27:44,925][flwr][INFO] - [ROUND 8]
[2025-01-07 16:27:44,925][flwr][INFO] - configure_fit: strategy sampled 2 clients (out of 5)
[2025-01-07 16:28:00,829][flwr][INFO] - aggregate_fit: received 2 results and 0 failures
[2025-01-07 16:28:02,003][flwr][INFO] - fit progress: (8, 181.88133931159973, {'accuracy': 0.1135}, 159.07733355500022)
[2025-01-07 16:28:02,004][flwr][INFO] - configure_evaluate: strategy sampled 3 clients (out of 5)
[2025-01-07 16:28:02,641][flwr][INFO] - aggregate_evaluate: received 3 results and 0 failures
[2025-01-07 16:28:02,641][flwr][INFO] - 
[2025-01-07 16:28:02,641][flwr][INFO] - [ROUND 9]
[2025-01-07 16:28:02,641][flwr][INFO] - configure_fit: strategy sampled 2 clients (out of 5)
[2025-01-07 16:28:18,845][flwr][INFO] - aggregate_fit: received 2 results and 0 failures
[2025-01-07 16:28:20,153][flwr][INFO] - fit progress: (9, 181.88001990318298, {'accuracy': 0.1009}, 177.22686355599944)
[2025-01-07 16:28:20,153][flwr][INFO] - configure_evaluate: strategy sampled 3 clients (out of 5)
[2025-01-07 16:28:20,773][flwr][INFO] - aggregate_evaluate: received 3 results and 0 failures
[2025-01-07 16:28:20,773][flwr][INFO] - 
[2025-01-07 16:28:20,773][flwr][INFO] - [ROUND 10]
[2025-01-07 16:28:20,773][flwr][INFO] - configure_fit: strategy sampled 2 clients (out of 5)
[2025-01-07 16:28:36,708][flwr][INFO] - aggregate_fit: received 2 results and 0 failures
[2025-01-07 16:28:38,572][flwr][INFO] - fit progress: (10, 181.99823141098022, {'accuracy': 0.098}, 195.6462259530017)
[2025-01-07 16:28:38,572][flwr][INFO] - configure_evaluate: strategy sampled 3 clients (out of 5)
[2025-01-07 16:28:39,163][flwr][INFO] - aggregate_evaluate: received 3 results and 0 failures
[2025-01-07 16:28:39,163][flwr][INFO] - 
[2025-01-07 16:28:39,163][flwr][INFO] - [SUMMARY]
[2025-01-07 16:28:39,163][flwr][INFO] - Run finished 10 round(s) in 196.24s
[2025-01-07 16:28:39,164][flwr][INFO] - 	History (loss, distributed):
[2025-01-07 16:28:39,164][flwr][INFO] - 		round 1: 67.62158159414928
[2025-01-07 16:28:39,164][flwr][INFO] - 		round 2: 24.927403127153713
[2025-01-07 16:28:39,164][flwr][INFO] - 		round 3: 116.77023847897847
[2025-01-07 16:28:39,164][flwr][INFO] - 		round 4: 87.5422686735789
[2025-01-07 16:28:39,164][flwr][INFO] - 		round 5: 87.57512831687927
[2025-01-07 16:28:39,164][flwr][INFO] - 		round 6: 87.51749086380005
[2025-01-07 16:28:39,164][flwr][INFO] - 		round 7: 87.4879252910614
[2025-01-07 16:28:39,164][flwr][INFO] - 		round 8: 87.56093557675679
[2025-01-07 16:28:39,164][flwr][INFO] - 		round 9: 87.48976318041484
[2025-01-07 16:28:39,164][flwr][INFO] - 		round 10: 87.54086645444234
[2025-01-07 16:28:39,164][flwr][INFO] - 	History (loss, centralized):
[2025-01-07 16:28:39,164][flwr][INFO] - 		round 0: 182.22392177581787
[2025-01-07 16:28:39,164][flwr][INFO] - 		round 1: 140.5204221010208
[2025-01-07 16:28:39,164][flwr][INFO] - 		round 2: 45.73901616036892
[2025-01-07 16:28:39,164][flwr][INFO] - 		round 3: 234.1373257637024
[2025-01-07 16:28:39,164][flwr][INFO] - 		round 4: 181.88473296165466
[2025-01-07 16:28:39,164][flwr][INFO] - 		round 5: 181.90582823753357
[2025-01-07 16:28:39,165][flwr][INFO] - 		round 6: 181.9873731136322
[2025-01-07 16:28:39,165][flwr][INFO] - 		round 7: 181.84997510910034
[2025-01-07 16:28:39,165][flwr][INFO] - 		round 8: 181.88133931159973
[2025-01-07 16:28:39,165][flwr][INFO] - 		round 9: 181.88001990318298
[2025-01-07 16:28:39,165][flwr][INFO] - 		round 10: 181.99823141098022
[2025-01-07 16:28:39,165][flwr][INFO] - 	History (metrics, centralized):
[2025-01-07 16:28:39,165][flwr][INFO] - 	{'accuracy': [(0, 0.0627),
[2025-01-07 16:28:39,165][flwr][INFO] - 	              (1, 0.4903),
[2025-01-07 16:28:39,165][flwr][INFO] - 	              (2, 0.8616),
[2025-01-07 16:28:39,165][flwr][INFO] - 	              (3, 0.1218),
[2025-01-07 16:28:39,165][flwr][INFO] - 	              (4, 0.1028),
[2025-01-07 16:28:39,165][flwr][INFO] - 	              (5, 0.1135),
[2025-01-07 16:28:39,165][flwr][INFO] - 	              (6, 0.101),
[2025-01-07 16:28:39,165][flwr][INFO] - 	              (7, 0.1135),
[2025-01-07 16:28:39,165][flwr][INFO] - 	              (8, 0.1135),
[2025-01-07 16:28:39,165][flwr][INFO] - 	              (9, 0.1009),
[2025-01-07 16:28:39,165][flwr][INFO] - 	              (10, 0.098)]}
[2025-01-07 16:28:39,165][flwr][INFO] - 
