[2025-01-07 12:48:48,135][flwr][INFO] - Starting Flower simulation, config: num_rounds=5, no round_timeout
[2025-01-07 12:48:51,683][flwr][INFO] - Flower VCE: Ray initialized with resources: {'node:__internal_head__': 1.0, 'object_store_memory': 2482751078.0, 'memory': 4965502158.0, 'CPU': 12.0, 'node:192.168.1.11': 1.0}
[2025-01-07 12:48:51,683][flwr][INFO] - Optimize your simulation with Flower VCE: https://flower.ai/docs/framework/how-to-run-simulations.html
[2025-01-07 12:48:51,683][flwr][INFO] - Flower VCE: Resources for each Virtual Client: {'num_cpus': 2, 'num_gpus': 0}
[2025-01-07 12:48:51,697][flwr][INFO] - Flower VCE: Creating VirtualClientEngineActorPool with 6 actors
[2025-01-07 12:48:51,698][flwr][INFO] - [INIT]
[2025-01-07 12:48:51,698][flwr][INFO] - Requesting initial parameters from one random client
[2025-01-07 12:48:54,365][flwr][INFO] - Received initial parameters from one random client
[2025-01-07 12:48:54,365][flwr][INFO] - Starting evaluation of initial global parameters
[2025-01-07 12:48:56,530][flwr][INFO] - initial parameters (loss, other metrics): 181.9617578983307, {'accuracy': 0.0981}
[2025-01-07 12:48:56,530][flwr][INFO] - 
[2025-01-07 12:48:56,530][flwr][INFO] - [ROUND 1]
[2025-01-07 12:48:56,531][flwr][INFO] - configure_fit: strategy sampled 2 clients (out of 5)
[2025-01-07 12:49:30,284][flwr][INFO] - aggregate_fit: received 2 results and 0 failures
[2025-01-07 12:49:30,288][flwr][WARNING] - No fit_metrics_aggregation_fn provided
[2025-01-07 12:49:31,900][flwr][INFO] - fit progress: (1, 182.58615136146545, {'accuracy': 0.1009}, 35.36990769000113)
[2025-01-07 12:49:31,900][flwr][INFO] - configure_evaluate: strategy sampled 2 clients (out of 5)
[2025-01-07 12:49:32,479][flwr][INFO] - aggregate_evaluate: received 2 results and 0 failures
[2025-01-07 12:49:32,479][flwr][WARNING] - No evaluate_metrics_aggregation_fn provided
[2025-01-07 12:49:32,479][flwr][INFO] - 
[2025-01-07 12:49:32,479][flwr][INFO] - [ROUND 2]
[2025-01-07 12:49:32,480][flwr][INFO] - configure_fit: strategy sampled 2 clients (out of 5)
[2025-01-07 12:50:00,108][flwr][INFO] - aggregate_fit: received 2 results and 0 failures
[2025-01-07 12:50:01,964][flwr][INFO] - fit progress: (2, 184.7536404132843, {'accuracy': 0.1028}, 65.43410211100127)
[2025-01-07 12:50:01,964][flwr][INFO] - configure_evaluate: strategy sampled 2 clients (out of 5)
[2025-01-07 12:50:02,511][flwr][INFO] - aggregate_evaluate: received 2 results and 0 failures
[2025-01-07 12:50:02,512][flwr][INFO] - 
[2025-01-07 12:50:02,512][flwr][INFO] - [ROUND 3]
[2025-01-07 12:50:02,512][flwr][INFO] - configure_fit: strategy sampled 2 clients (out of 5)
[2025-01-07 12:50:28,769][flwr][INFO] - aggregate_fit: received 2 results and 0 failures
[2025-01-07 12:50:30,734][flwr][INFO] - fit progress: (3, 182.6093361377716, {'accuracy': 0.0974}, 94.20448033700086)
[2025-01-07 12:50:30,735][flwr][INFO] - configure_evaluate: strategy sampled 2 clients (out of 5)
[2025-01-07 12:50:31,403][flwr][INFO] - aggregate_evaluate: received 2 results and 0 failures
[2025-01-07 12:50:31,403][flwr][INFO] - 
[2025-01-07 12:50:31,403][flwr][INFO] - [ROUND 4]
[2025-01-07 12:50:31,404][flwr][INFO] - configure_fit: strategy sampled 2 clients (out of 5)
[2025-01-07 12:50:57,464][flwr][INFO] - aggregate_fit: received 2 results and 0 failures
[2025-01-07 12:50:59,034][flwr][INFO] - fit progress: (4, 182.31720423698425, {'accuracy': 0.1009}, 122.5038241680013)
[2025-01-07 12:50:59,034][flwr][INFO] - configure_evaluate: strategy sampled 2 clients (out of 5)
[2025-01-07 12:50:59,597][flwr][INFO] - aggregate_evaluate: received 2 results and 0 failures
[2025-01-07 12:50:59,598][flwr][INFO] - 
[2025-01-07 12:50:59,598][flwr][INFO] - [ROUND 5]
[2025-01-07 12:50:59,598][flwr][INFO] - configure_fit: strategy sampled 2 clients (out of 5)
[2025-01-07 12:51:25,526][flwr][INFO] - aggregate_fit: received 2 results and 0 failures
[2025-01-07 12:51:27,387][flwr][INFO] - fit progress: (5, 182.5054967403412, {'accuracy': 0.1135}, 150.85734651099847)
[2025-01-07 12:51:27,388][flwr][INFO] - configure_evaluate: strategy sampled 2 clients (out of 5)
[2025-01-07 12:51:27,945][flwr][INFO] - aggregate_evaluate: received 2 results and 0 failures
[2025-01-07 12:51:27,946][flwr][INFO] - 
[2025-01-07 12:51:27,946][flwr][INFO] - [SUMMARY]
[2025-01-07 12:51:27,946][flwr][INFO] - Run finished 5 round(s) in 151.42s
[2025-01-07 12:51:27,946][flwr][INFO] - 	History (loss, distributed):
[2025-01-07 12:51:27,947][flwr][INFO] - 		round 1: 173.53989911079407
[2025-01-07 12:51:27,947][flwr][INFO] - 		round 2: 175.65063750743866
[2025-01-07 12:51:27,947][flwr][INFO] - 		round 3: 173.5289182662964
[2025-01-07 12:51:27,947][flwr][INFO] - 		round 4: 172.97860836982727
[2025-01-07 12:51:27,947][flwr][INFO] - 		round 5: 173.42318999767303
[2025-01-07 12:51:27,947][flwr][INFO] - 	History (loss, centralized):
[2025-01-07 12:51:27,947][flwr][INFO] - 		round 0: 181.9617578983307
[2025-01-07 12:51:27,947][flwr][INFO] - 		round 1: 182.58615136146545
[2025-01-07 12:51:27,948][flwr][INFO] - 		round 2: 184.7536404132843
[2025-01-07 12:51:27,948][flwr][INFO] - 		round 3: 182.6093361377716
[2025-01-07 12:51:27,948][flwr][INFO] - 		round 4: 182.31720423698425
[2025-01-07 12:51:27,948][flwr][INFO] - 		round 5: 182.5054967403412
[2025-01-07 12:51:27,948][flwr][INFO] - 	History (metrics, centralized):
[2025-01-07 12:51:27,948][flwr][INFO] - 	{'accuracy': [(0, 0.0981),
[2025-01-07 12:51:27,948][flwr][INFO] - 	              (1, 0.1009),
[2025-01-07 12:51:27,948][flwr][INFO] - 	              (2, 0.1028),
[2025-01-07 12:51:27,948][flwr][INFO] - 	              (3, 0.0974),
[2025-01-07 12:51:27,949][flwr][INFO] - 	              (4, 0.1009),
[2025-01-07 12:51:27,949][flwr][INFO] - 	              (5, 0.1135)]}
[2025-01-07 12:51:27,949][flwr][INFO] - 
