[2025-01-08 10:38:12,556][flwr][INFO] - Starting Flower simulation, config: num_rounds=15, no round_timeout
[2025-01-08 10:38:16,330][flwr][INFO] - Flower VCE: Ray initialized with resources: {'node:192.168.1.11': 1.0, 'CPU': 12.0, 'memory': 5896352564.0, 'object_store_memory': 2948176281.0, 'node:__internal_head__': 1.0}
[2025-01-08 10:38:16,331][flwr][INFO] - Optimize your simulation with Flower VCE: https://flower.ai/docs/framework/how-to-run-simulations.html
[2025-01-08 10:38:16,331][flwr][INFO] - Flower VCE: Resources for each Virtual Client: {'num_cpus': 2, 'num_gpus': 0}
[2025-01-08 10:38:16,339][flwr][INFO] - Flower VCE: Creating VirtualClientEngineActorPool with 6 actors
[2025-01-08 10:38:16,340][flwr][INFO] - [INIT]
[2025-01-08 10:38:16,340][flwr][INFO] - Requesting initial parameters from one random client
[2025-01-08 10:38:18,661][flwr][INFO] - Received initial parameters from one random client
[2025-01-08 10:38:18,662][flwr][INFO] - Starting evaluation of initial global parameters
[2025-01-08 10:38:19,932][flwr][INFO] - initial parameters (loss, other metrics): 182.42777276039124, {'accuracy': 0.1}
[2025-01-08 10:38:19,932][flwr][INFO] - 
[2025-01-08 10:38:19,932][flwr][INFO] - [ROUND 1]
[2025-01-08 10:38:19,932][flwr][INFO] - configure_fit: strategy sampled 2 clients (out of 20)
[2025-01-08 10:38:24,723][flwr][INFO] - aggregate_fit: received 2 results and 0 failures
[2025-01-08 10:38:24,728][flwr][WARNING] - No fit_metrics_aggregation_fn provided
[2025-01-08 10:38:25,842][flwr][INFO] - fit progress: (1, 197.28743839263916, {'accuracy': 0.1136}, 5.910036389002926)
[2025-01-08 10:38:25,842][flwr][INFO] - configure_evaluate: strategy sampled 2 clients (out of 20)
[2025-01-08 10:38:26,199][flwr][INFO] - aggregate_evaluate: received 2 results and 0 failures
[2025-01-08 10:38:26,199][flwr][WARNING] - No evaluate_metrics_aggregation_fn provided
[2025-01-08 10:38:26,199][flwr][INFO] - 
[2025-01-08 10:38:26,199][flwr][INFO] - [ROUND 2]
[2025-01-08 10:38:26,199][flwr][INFO] - configure_fit: strategy sampled 2 clients (out of 20)
[2025-01-08 10:38:28,883][flwr][INFO] - aggregate_fit: received 2 results and 0 failures
[2025-01-08 10:38:30,566][flwr][INFO] - fit progress: (2, 127.77522110939026, {'accuracy': 0.5085}, 10.634127895005804)
[2025-01-08 10:38:30,566][flwr][INFO] - configure_evaluate: strategy sampled 2 clients (out of 20)
[2025-01-08 10:38:30,892][flwr][INFO] - aggregate_evaluate: received 2 results and 0 failures
[2025-01-08 10:38:30,892][flwr][INFO] - 
[2025-01-08 10:38:30,892][flwr][INFO] - [ROUND 3]
[2025-01-08 10:38:30,893][flwr][INFO] - configure_fit: strategy sampled 2 clients (out of 20)
[2025-01-08 10:38:33,405][flwr][INFO] - aggregate_fit: received 2 results and 0 failures
[2025-01-08 10:38:34,535][flwr][INFO] - fit progress: (3, 68.35070517659187, {'accuracy': 0.7689}, 14.60285903300246)
[2025-01-08 10:38:34,535][flwr][INFO] - configure_evaluate: strategy sampled 2 clients (out of 20)
[2025-01-08 10:38:34,835][flwr][INFO] - aggregate_evaluate: received 2 results and 0 failures
[2025-01-08 10:38:34,835][flwr][INFO] - 
[2025-01-08 10:38:34,835][flwr][INFO] - [ROUND 4]
[2025-01-08 10:38:34,835][flwr][INFO] - configure_fit: strategy sampled 2 clients (out of 20)
[2025-01-08 10:38:37,538][flwr][INFO] - aggregate_fit: received 2 results and 0 failures
[2025-01-08 10:38:39,341][flwr][INFO] - fit progress: (4, 76.4377589225769, {'accuracy': 0.7625}, 19.4089618959988)
[2025-01-08 10:38:39,341][flwr][INFO] - configure_evaluate: strategy sampled 2 clients (out of 20)
[2025-01-08 10:38:39,621][flwr][INFO] - aggregate_evaluate: received 2 results and 0 failures
[2025-01-08 10:38:39,621][flwr][INFO] - 
[2025-01-08 10:38:39,621][flwr][INFO] - [ROUND 5]
[2025-01-08 10:38:39,622][flwr][INFO] - configure_fit: strategy sampled 2 clients (out of 20)
[2025-01-08 10:38:42,093][flwr][INFO] - aggregate_fit: received 2 results and 0 failures
[2025-01-08 10:38:43,309][flwr][INFO] - fit progress: (5, 62.93293821811676, {'accuracy': 0.7966}, 23.377007866001804)
[2025-01-08 10:38:43,309][flwr][INFO] - configure_evaluate: strategy sampled 2 clients (out of 20)
[2025-01-08 10:38:43,624][flwr][INFO] - aggregate_evaluate: received 2 results and 0 failures
[2025-01-08 10:38:43,625][flwr][INFO] - 
[2025-01-08 10:38:43,625][flwr][INFO] - [ROUND 6]
[2025-01-08 10:38:43,625][flwr][INFO] - configure_fit: strategy sampled 2 clients (out of 20)
[2025-01-08 10:38:46,151][flwr][INFO] - aggregate_fit: received 2 results and 0 failures
[2025-01-08 10:38:48,104][flwr][INFO] - fit progress: (6, 117.38154375553131, {'accuracy': 0.5836}, 28.172688594000647)
[2025-01-08 10:38:48,105][flwr][INFO] - configure_evaluate: strategy sampled 2 clients (out of 20)
[2025-01-08 10:38:48,386][flwr][INFO] - aggregate_evaluate: received 2 results and 0 failures
[2025-01-08 10:38:48,386][flwr][INFO] - 
[2025-01-08 10:38:48,386][flwr][INFO] - [ROUND 7]
[2025-01-08 10:38:48,387][flwr][INFO] - configure_fit: strategy sampled 2 clients (out of 20)
[2025-01-08 10:38:50,871][flwr][INFO] - aggregate_fit: received 2 results and 0 failures
[2025-01-08 10:38:52,364][flwr][INFO] - fit progress: (7, 158.8023363351822, {'accuracy': 0.4235}, 32.432749444000365)
[2025-01-08 10:38:52,365][flwr][INFO] - configure_evaluate: strategy sampled 2 clients (out of 20)
[2025-01-08 10:38:52,627][flwr][INFO] - aggregate_evaluate: received 2 results and 0 failures
[2025-01-08 10:38:52,627][flwr][INFO] - 
[2025-01-08 10:38:52,628][flwr][INFO] - [ROUND 8]
[2025-01-08 10:38:52,628][flwr][INFO] - configure_fit: strategy sampled 2 clients (out of 20)
[2025-01-08 10:38:55,186][flwr][INFO] - aggregate_fit: received 2 results and 0 failures
[2025-01-08 10:38:56,272][flwr][INFO] - fit progress: (8, 185.80745816230774, {'accuracy': 0.0974}, 36.340473836004094)
[2025-01-08 10:38:56,272][flwr][INFO] - configure_evaluate: strategy sampled 2 clients (out of 20)
[2025-01-08 10:38:56,584][flwr][INFO] - aggregate_evaluate: received 2 results and 0 failures
[2025-01-08 10:38:56,585][flwr][INFO] - 
[2025-01-08 10:38:56,585][flwr][INFO] - [ROUND 9]
[2025-01-08 10:38:56,585][flwr][INFO] - configure_fit: strategy sampled 2 clients (out of 20)
[2025-01-08 10:38:59,066][flwr][INFO] - aggregate_fit: received 2 results and 0 failures
[2025-01-08 10:39:00,699][flwr][INFO] - fit progress: (9, 182.07493543624878, {'accuracy': 0.098}, 40.76742966600432)
[2025-01-08 10:39:00,699][flwr][INFO] - configure_evaluate: strategy sampled 2 clients (out of 20)
[2025-01-08 10:39:00,963][flwr][INFO] - aggregate_evaluate: received 2 results and 0 failures
[2025-01-08 10:39:00,963][flwr][INFO] - 
[2025-01-08 10:39:00,964][flwr][INFO] - [ROUND 10]
[2025-01-08 10:39:00,964][flwr][INFO] - configure_fit: strategy sampled 2 clients (out of 20)
[2025-01-08 10:39:03,609][flwr][INFO] - aggregate_fit: received 2 results and 0 failures
[2025-01-08 10:39:05,012][flwr][INFO] - fit progress: (10, 182.02189445495605, {'accuracy': 0.1135}, 45.080170080000244)
[2025-01-08 10:39:05,013][flwr][INFO] - configure_evaluate: strategy sampled 2 clients (out of 20)
[2025-01-08 10:39:05,364][flwr][INFO] - aggregate_evaluate: received 2 results and 0 failures
[2025-01-08 10:39:05,364][flwr][INFO] - 
[2025-01-08 10:39:05,364][flwr][INFO] - [ROUND 11]
[2025-01-08 10:39:05,364][flwr][INFO] - configure_fit: strategy sampled 2 clients (out of 20)
[2025-01-08 10:39:07,860][flwr][INFO] - aggregate_fit: received 2 results and 0 failures
[2025-01-08 10:39:09,463][flwr][INFO] - fit progress: (11, 182.17648792266846, {'accuracy': 0.1028}, 49.53088469800423)
[2025-01-08 10:39:09,463][flwr][INFO] - configure_evaluate: strategy sampled 2 clients (out of 20)
[2025-01-08 10:39:09,753][flwr][INFO] - aggregate_evaluate: received 2 results and 0 failures
[2025-01-08 10:39:09,754][flwr][INFO] - 
[2025-01-08 10:39:09,754][flwr][INFO] - [ROUND 12]
[2025-01-08 10:39:09,754][flwr][INFO] - configure_fit: strategy sampled 2 clients (out of 20)
[2025-01-08 10:39:12,253][flwr][INFO] - aggregate_fit: received 2 results and 0 failures
[2025-01-08 10:39:13,912][flwr][INFO] - fit progress: (12, 182.04098534584045, {'accuracy': 0.1135}, 53.98065711000527)
[2025-01-08 10:39:13,913][flwr][INFO] - configure_evaluate: strategy sampled 2 clients (out of 20)
[2025-01-08 10:39:14,168][flwr][INFO] - aggregate_evaluate: received 2 results and 0 failures
[2025-01-08 10:39:14,168][flwr][INFO] - 
[2025-01-08 10:39:14,168][flwr][INFO] - [ROUND 13]
[2025-01-08 10:39:14,168][flwr][INFO] - configure_fit: strategy sampled 2 clients (out of 20)
[2025-01-08 10:39:16,660][flwr][INFO] - aggregate_fit: received 2 results and 0 failures
[2025-01-08 10:39:17,717][flwr][INFO] - fit progress: (13, 182.11075735092163, {'accuracy': 0.1028}, 57.78553709900007)
[2025-01-08 10:39:17,718][flwr][INFO] - configure_evaluate: strategy sampled 2 clients (out of 20)
[2025-01-08 10:39:18,031][flwr][INFO] - aggregate_evaluate: received 2 results and 0 failures
[2025-01-08 10:39:18,031][flwr][INFO] - 
[2025-01-08 10:39:18,031][flwr][INFO] - [ROUND 14]
[2025-01-08 10:39:18,031][flwr][INFO] - configure_fit: strategy sampled 2 clients (out of 20)
[2025-01-08 10:39:20,604][flwr][INFO] - aggregate_fit: received 2 results and 0 failures
[2025-01-08 10:39:21,699][flwr][INFO] - fit progress: (14, 182.0620789527893, {'accuracy': 0.1032}, 61.76769792000414)
[2025-01-08 10:39:21,700][flwr][INFO] - configure_evaluate: strategy sampled 2 clients (out of 20)
[2025-01-08 10:39:22,006][flwr][INFO] - aggregate_evaluate: received 2 results and 0 failures
[2025-01-08 10:39:22,006][flwr][INFO] - 
[2025-01-08 10:39:22,006][flwr][INFO] - [ROUND 15]
[2025-01-08 10:39:22,007][flwr][INFO] - configure_fit: strategy sampled 2 clients (out of 20)
[2025-01-08 10:39:24,460][flwr][INFO] - aggregate_fit: received 2 results and 0 failures
[2025-01-08 10:39:25,992][flwr][INFO] - fit progress: (15, 182.0073366165161, {'accuracy': 0.1135}, 66.0599570359991)
[2025-01-08 10:39:25,992][flwr][INFO] - configure_evaluate: strategy sampled 2 clients (out of 20)
[2025-01-08 10:39:26,313][flwr][INFO] - aggregate_evaluate: received 2 results and 0 failures
[2025-01-08 10:39:26,313][flwr][INFO] - 
[2025-01-08 10:39:26,313][flwr][INFO] - [SUMMARY]
[2025-01-08 10:39:26,313][flwr][INFO] - Run finished 15 round(s) in 66.38s
[2025-01-08 10:39:26,314][flwr][INFO] - 	History (loss, distributed):
[2025-01-08 10:39:26,314][flwr][INFO] - 		round 1: 25.151276469230652
[2025-01-08 10:39:26,314][flwr][INFO] - 		round 2: 16.167291343212128
[2025-01-08 10:39:26,314][flwr][INFO] - 		round 3: 8.889558538794518
[2025-01-08 10:39:26,314][flwr][INFO] - 		round 4: 9.863256692886353
[2025-01-08 10:39:26,314][flwr][INFO] - 		round 5: 7.561957761645317
[2025-01-08 10:39:26,314][flwr][INFO] - 		round 6: 15.409999072551727
[2025-01-08 10:39:26,314][flwr][INFO] - 		round 7: 21.083751380443573
[2025-01-08 10:39:26,314][flwr][INFO] - 		round 8: 23.486135005950928
[2025-01-08 10:39:26,314][flwr][INFO] - 		round 9: 23.023163318634033
[2025-01-08 10:39:26,314][flwr][INFO] - 		round 10: 23.031479358673096
[2025-01-08 10:39:26,314][flwr][INFO] - 		round 11: 22.991612672805786
[2025-01-08 10:39:26,314][flwr][INFO] - 		round 12: 23.01778471469879
[2025-01-08 10:39:26,314][flwr][INFO] - 		round 13: 22.98802411556244
[2025-01-08 10:39:26,314][flwr][INFO] - 		round 14: 23.080554366111755
[2025-01-08 10:39:26,314][flwr][INFO] - 		round 15: 23.014904141426086
[2025-01-08 10:39:26,314][flwr][INFO] - 	History (loss, centralized):
[2025-01-08 10:39:26,314][flwr][INFO] - 		round 0: 182.42777276039124
[2025-01-08 10:39:26,314][flwr][INFO] - 		round 1: 197.28743839263916
[2025-01-08 10:39:26,314][flwr][INFO] - 		round 2: 127.77522110939026
[2025-01-08 10:39:26,314][flwr][INFO] - 		round 3: 68.35070517659187
[2025-01-08 10:39:26,314][flwr][INFO] - 		round 4: 76.4377589225769
[2025-01-08 10:39:26,314][flwr][INFO] - 		round 5: 62.93293821811676
[2025-01-08 10:39:26,314][flwr][INFO] - 		round 6: 117.38154375553131
[2025-01-08 10:39:26,315][flwr][INFO] - 		round 7: 158.8023363351822
[2025-01-08 10:39:26,315][flwr][INFO] - 		round 8: 185.80745816230774
[2025-01-08 10:39:26,315][flwr][INFO] - 		round 9: 182.07493543624878
[2025-01-08 10:39:26,315][flwr][INFO] - 		round 10: 182.02189445495605
[2025-01-08 10:39:26,315][flwr][INFO] - 		round 11: 182.17648792266846
[2025-01-08 10:39:26,315][flwr][INFO] - 		round 12: 182.04098534584045
[2025-01-08 10:39:26,315][flwr][INFO] - 		round 13: 182.11075735092163
[2025-01-08 10:39:26,315][flwr][INFO] - 		round 14: 182.0620789527893
[2025-01-08 10:39:26,315][flwr][INFO] - 		round 15: 182.0073366165161
[2025-01-08 10:39:26,315][flwr][INFO] - 	History (metrics, centralized):
[2025-01-08 10:39:26,315][flwr][INFO] - 	{'accuracy': [(0, 0.1),
[2025-01-08 10:39:26,315][flwr][INFO] - 	              (1, 0.1136),
[2025-01-08 10:39:26,315][flwr][INFO] - 	              (2, 0.5085),
[2025-01-08 10:39:26,315][flwr][INFO] - 	              (3, 0.7689),
[2025-01-08 10:39:26,315][flwr][INFO] - 	              (4, 0.7625),
[2025-01-08 10:39:26,315][flwr][INFO] - 	              (5, 0.7966),
[2025-01-08 10:39:26,315][flwr][INFO] - 	              (6, 0.5836),
[2025-01-08 10:39:26,315][flwr][INFO] - 	              (7, 0.4235),
[2025-01-08 10:39:26,315][flwr][INFO] - 	              (8, 0.0974),
[2025-01-08 10:39:26,315][flwr][INFO] - 	              (9, 0.098),
[2025-01-08 10:39:26,315][flwr][INFO] - 	              (10, 0.1135),
[2025-01-08 10:39:26,315][flwr][INFO] - 	              (11, 0.1028),
[2025-01-08 10:39:26,315][flwr][INFO] - 	              (12, 0.1135),
[2025-01-08 10:39:26,315][flwr][INFO] - 	              (13, 0.1028),
[2025-01-08 10:39:26,315][flwr][INFO] - 	              (14, 0.1032),
[2025-01-08 10:39:26,315][flwr][INFO] - 	              (15, 0.1135)]}
[2025-01-08 10:39:26,316][flwr][INFO] - 
