[2025-01-07 14:13:16,968][flwr][INFO] - Starting Flower simulation, config: num_rounds=5, no round_timeout
[2025-01-07 14:13:20,310][flwr][INFO] - Flower VCE: Ray initialized with resources: {'memory': 6369435648.0, 'object_store_memory': 3184717824.0, 'node:__internal_head__': 1.0, 'CPU': 12.0, 'node:192.168.1.11': 1.0}
[2025-01-07 14:13:20,310][flwr][INFO] - Optimize your simulation with Flower VCE: https://flower.ai/docs/framework/how-to-run-simulations.html
[2025-01-07 14:13:20,310][flwr][INFO] - Flower VCE: Resources for each Virtual Client: {'num_cpus': 2, 'num_gpus': 0}
[2025-01-07 14:13:20,322][flwr][INFO] - Flower VCE: Creating VirtualClientEngineActorPool with 6 actors
[2025-01-07 14:13:20,323][flwr][INFO] - [INIT]
[2025-01-07 14:13:20,323][flwr][INFO] - Requesting initial parameters from one random client
[2025-01-07 14:13:23,054][flwr][INFO] - Received initial parameters from one random client
[2025-01-07 14:13:23,054][flwr][INFO] - Starting evaluation of initial global parameters
[2025-01-07 14:13:24,240][flwr][INFO] - initial parameters (loss, other metrics): 182.20656633377075, {'accuracy': 0.098}
[2025-01-07 14:13:24,240][flwr][INFO] - 
[2025-01-07 14:13:24,240][flwr][INFO] - [ROUND 1]
[2025-01-07 14:13:24,241][flwr][INFO] - configure_fit: strategy sampled 2 clients (out of 10)
[2025-01-07 14:13:31,523][flwr][INFO] - aggregate_fit: received 2 results and 0 failures
[2025-01-07 14:13:31,529][flwr][WARNING] - No fit_metrics_aggregation_fn provided
[2025-01-07 14:13:33,290][flwr][INFO] - fit progress: (1, 45.818029299378395, {'accuracy': 0.8843}, 9.049537337999936)
[2025-01-07 14:13:33,290][flwr][INFO] - configure_evaluate: strategy sampled 2 clients (out of 10)
[2025-01-07 14:13:33,662][flwr][INFO] - aggregate_evaluate: received 2 results and 0 failures
[2025-01-07 14:13:33,662][flwr][WARNING] - No evaluate_metrics_aggregation_fn provided
[2025-01-07 14:13:33,662][flwr][INFO] - 
[2025-01-07 14:13:33,662][flwr][INFO] - [ROUND 2]
[2025-01-07 14:13:33,662][flwr][INFO] - configure_fit: strategy sampled 2 clients (out of 10)
[2025-01-07 14:13:38,654][flwr][INFO] - aggregate_fit: received 2 results and 0 failures
[2025-01-07 14:13:40,118][flwr][INFO] - fit progress: (2, 17.519119520671666, {'accuracy': 0.948}, 15.877595783997094)
[2025-01-07 14:13:40,118][flwr][INFO] - configure_evaluate: strategy sampled 2 clients (out of 10)
[2025-01-07 14:13:40,483][flwr][INFO] - aggregate_evaluate: received 2 results and 0 failures
[2025-01-07 14:13:40,483][flwr][INFO] - 
[2025-01-07 14:13:40,484][flwr][INFO] - [ROUND 3]
[2025-01-07 14:13:40,484][flwr][INFO] - configure_fit: strategy sampled 2 clients (out of 10)
[2025-01-07 14:13:45,547][flwr][INFO] - aggregate_fit: received 2 results and 0 failures
[2025-01-07 14:13:47,098][flwr][INFO] - fit progress: (3, 13.806783470325172, {'accuracy': 0.9621}, 22.858045901997684)
[2025-01-07 14:13:47,099][flwr][INFO] - configure_evaluate: strategy sampled 2 clients (out of 10)
[2025-01-07 14:13:47,483][flwr][INFO] - aggregate_evaluate: received 2 results and 0 failures
[2025-01-07 14:13:47,483][flwr][INFO] - 
[2025-01-07 14:13:47,483][flwr][INFO] - [ROUND 4]
[2025-01-07 14:13:47,483][flwr][INFO] - configure_fit: strategy sampled 2 clients (out of 10)
[2025-01-07 14:13:52,684][flwr][INFO] - aggregate_fit: received 2 results and 0 failures
[2025-01-07 14:13:54,038][flwr][INFO] - fit progress: (4, 11.871929033193737, {'accuracy': 0.9636}, 29.79771370399976)
[2025-01-07 14:13:54,038][flwr][INFO] - configure_evaluate: strategy sampled 2 clients (out of 10)
[2025-01-07 14:13:54,409][flwr][INFO] - aggregate_evaluate: received 2 results and 0 failures
[2025-01-07 14:13:54,410][flwr][INFO] - 
[2025-01-07 14:13:54,410][flwr][INFO] - [ROUND 5]
[2025-01-07 14:13:54,410][flwr][INFO] - configure_fit: strategy sampled 2 clients (out of 10)
[2025-01-07 14:13:59,977][flwr][INFO] - aggregate_fit: received 2 results and 0 failures
[2025-01-07 14:14:01,682][flwr][INFO] - fit progress: (5, 20.228000117000192, {'accuracy': 0.9448}, 37.44199051099713)
[2025-01-07 14:14:01,683][flwr][INFO] - configure_evaluate: strategy sampled 2 clients (out of 10)
[2025-01-07 14:14:02,037][flwr][INFO] - aggregate_evaluate: received 2 results and 0 failures
[2025-01-07 14:14:02,037][flwr][INFO] - 
[2025-01-07 14:14:02,038][flwr][INFO] - [SUMMARY]
[2025-01-07 14:14:02,038][flwr][INFO] - Run finished 5 round(s) in 37.80s
[2025-01-07 14:14:02,038][flwr][INFO] - 	History (loss, distributed):
[2025-01-07 14:14:02,038][flwr][INFO] - 		round 1: 10.552108436822891
[2025-01-07 14:14:02,038][flwr][INFO] - 		round 2: 4.9370633736252785
[2025-01-07 14:14:02,038][flwr][INFO] - 		round 3: 3.8649042567703873
[2025-01-07 14:14:02,038][flwr][INFO] - 		round 4: 2.9103035302832723
[2025-01-07 14:14:02,038][flwr][INFO] - 		round 5: 5.249050456099212
[2025-01-07 14:14:02,038][flwr][INFO] - 	History (loss, centralized):
[2025-01-07 14:14:02,038][flwr][INFO] - 		round 0: 182.20656633377075
[2025-01-07 14:14:02,038][flwr][INFO] - 		round 1: 45.818029299378395
[2025-01-07 14:14:02,038][flwr][INFO] - 		round 2: 17.519119520671666
[2025-01-07 14:14:02,039][flwr][INFO] - 		round 3: 13.806783470325172
[2025-01-07 14:14:02,039][flwr][INFO] - 		round 4: 11.871929033193737
[2025-01-07 14:14:02,039][flwr][INFO] - 		round 5: 20.228000117000192
[2025-01-07 14:14:02,039][flwr][INFO] - 	History (metrics, centralized):
[2025-01-07 14:14:02,039][flwr][INFO] - 	{'accuracy': [(0, 0.098),
[2025-01-07 14:14:02,039][flwr][INFO] - 	              (1, 0.8843),
[2025-01-07 14:14:02,039][flwr][INFO] - 	              (2, 0.948),
[2025-01-07 14:14:02,039][flwr][INFO] - 	              (3, 0.9621),
[2025-01-07 14:14:02,040][flwr][INFO] - 	              (4, 0.9636),
[2025-01-07 14:14:02,040][flwr][INFO] - 	              (5, 0.9448)]}
[2025-01-07 14:14:02,040][flwr][INFO] - 
