[2024-12-30 10:30:02,820][flwr][INFO] - Starting Flower simulation, config: num_rounds=10, no round_timeout
[2024-12-30 10:30:06,257][flwr][INFO] - Flower VCE: Ray initialized with resources: {'node:__internal_head__': 1.0, 'CPU': 12.0, 'node:192.168.1.11': 1.0, 'memory': 4997959680.0, 'object_store_memory': 2498979840.0}
[2024-12-30 10:30:06,257][flwr][INFO] - Optimize your simulation with Flower VCE: https://flower.ai/docs/framework/how-to-run-simulations.html
[2024-12-30 10:30:06,257][flwr][INFO] - Flower VCE: Resources for each Virtual Client: {'num_cpus': 2, 'num_gpus': 0}
[2024-12-30 10:30:06,262][flwr][INFO] - Flower VCE: Creating VirtualClientEngineActorPool with 6 actors
[2024-12-30 10:30:06,263][flwr][INFO] - [INIT]
[2024-12-30 10:30:06,263][flwr][INFO] - Using initial global parameters provided by strategy
[2024-12-30 10:30:06,263][flwr][INFO] - Starting evaluation of initial global parameters
[2024-12-30 10:30:08,878][flwr][INFO] - initial parameters (loss, other metrics): 182.2188322544098, {'accuracy': 0.1077}
[2024-12-30 10:30:08,879][flwr][INFO] - 
[2024-12-30 10:30:08,879][flwr][INFO] - [ROUND 1]
[2024-12-30 10:30:08,881][flwr][INFO] - configure_fit: strategy sampled 2 clients (out of 10)
[2024-12-30 10:30:15,278][flwr][INFO] - aggregate_fit: received 2 results and 0 failures
[2024-12-30 10:30:16,486][flwr][WARNING] - No fit_metrics_aggregation_fn provided
[2024-12-30 10:30:18,202][flwr][INFO] - fit progress: (1, 39.578649282455444, {'accuracy': 0.9606}, 9.323457824999423)
[2024-12-30 10:30:18,202][flwr][INFO] - configure_evaluate: strategy sampled 2 clients (out of 10)
[2024-12-30 10:30:18,552][flwr][INFO] - aggregate_evaluate: received 2 results and 0 failures
[2024-12-30 10:30:18,552][flwr][WARNING] - No evaluate_metrics_aggregation_fn provided
[2024-12-30 10:30:18,552][flwr][INFO] - 
[2024-12-30 10:30:18,552][flwr][INFO] - [ROUND 2]
[2024-12-30 10:30:18,555][flwr][INFO] - configure_fit: strategy sampled 2 clients (out of 10)
[2024-12-30 10:30:22,835][flwr][INFO] - aggregate_fit: received 2 results and 0 failures
[2024-12-30 10:30:25,869][flwr][INFO] - fit progress: (2, 9.030584054999053, {'accuracy': 0.9743}, 16.99043584699939)
[2024-12-30 10:30:25,869][flwr][INFO] - configure_evaluate: strategy sampled 2 clients (out of 10)
[2024-12-30 10:30:26,259][flwr][INFO] - aggregate_evaluate: received 2 results and 0 failures
[2024-12-30 10:30:26,259][flwr][INFO] - 
[2024-12-30 10:30:26,259][flwr][INFO] - [ROUND 3]
[2024-12-30 10:30:26,261][flwr][INFO] - configure_fit: strategy sampled 2 clients (out of 10)
[2024-12-30 10:30:30,441][flwr][INFO] - aggregate_fit: received 2 results and 0 failures
[2024-12-30 10:30:33,580][flwr][INFO] - fit progress: (3, 5.894472286337987, {'accuracy': 0.9788}, 24.701418594999268)
[2024-12-30 10:30:33,580][flwr][INFO] - configure_evaluate: strategy sampled 2 clients (out of 10)
[2024-12-30 10:30:34,005][flwr][INFO] - aggregate_evaluate: received 2 results and 0 failures
[2024-12-30 10:30:34,006][flwr][INFO] - 
[2024-12-30 10:30:34,006][flwr][INFO] - [ROUND 4]
[2024-12-30 10:30:34,008][flwr][INFO] - configure_fit: strategy sampled 2 clients (out of 10)
[2024-12-30 10:30:38,102][flwr][INFO] - aggregate_fit: received 2 results and 0 failures
[2024-12-30 10:30:40,509][flwr][INFO] - fit progress: (4, 4.670605982129928, {'accuracy': 0.9812}, 31.63049594899894)
[2024-12-30 10:30:40,509][flwr][INFO] - configure_evaluate: strategy sampled 2 clients (out of 10)
[2024-12-30 10:30:40,911][flwr][INFO] - aggregate_evaluate: received 2 results and 0 failures
[2024-12-30 10:30:40,911][flwr][INFO] - 
[2024-12-30 10:30:40,911][flwr][INFO] - [ROUND 5]
[2024-12-30 10:30:40,914][flwr][INFO] - configure_fit: strategy sampled 2 clients (out of 10)
[2024-12-30 10:30:45,016][flwr][INFO] - aggregate_fit: received 2 results and 0 failures
[2024-12-30 10:30:48,261][flwr][INFO] - fit progress: (5, 3.933362672163639, {'accuracy': 0.9839}, 39.382740912999)
[2024-12-30 10:30:48,262][flwr][INFO] - configure_evaluate: strategy sampled 2 clients (out of 10)
[2024-12-30 10:30:48,625][flwr][INFO] - aggregate_evaluate: received 2 results and 0 failures
[2024-12-30 10:30:48,625][flwr][INFO] - 
[2024-12-30 10:30:48,626][flwr][INFO] - [ROUND 6]
[2024-12-30 10:30:48,629][flwr][INFO] - configure_fit: strategy sampled 2 clients (out of 10)
[2024-12-30 10:30:52,852][flwr][INFO] - aggregate_fit: received 2 results and 0 failures
[2024-12-30 10:30:55,430][flwr][INFO] - fit progress: (6, 3.7233287651615683, {'accuracy': 0.9849}, 46.5515534369988)
[2024-12-30 10:30:55,431][flwr][INFO] - configure_evaluate: strategy sampled 2 clients (out of 10)
[2024-12-30 10:30:55,810][flwr][INFO] - aggregate_evaluate: received 2 results and 0 failures
[2024-12-30 10:30:55,810][flwr][INFO] - 
[2024-12-30 10:30:55,810][flwr][INFO] - [ROUND 7]
[2024-12-30 10:30:55,813][flwr][INFO] - configure_fit: strategy sampled 2 clients (out of 10)
[2024-12-30 10:31:00,072][flwr][INFO] - aggregate_fit: received 2 results and 0 failures
[2024-12-30 10:31:02,670][flwr][INFO] - fit progress: (7, 3.4516660904628225, {'accuracy': 0.9852}, 53.79189791999852)
[2024-12-30 10:31:02,671][flwr][INFO] - configure_evaluate: strategy sampled 2 clients (out of 10)
[2024-12-30 10:31:03,080][flwr][INFO] - aggregate_evaluate: received 2 results and 0 failures
[2024-12-30 10:31:03,080][flwr][INFO] - 
[2024-12-30 10:31:03,080][flwr][INFO] - [ROUND 8]
[2024-12-30 10:31:03,084][flwr][INFO] - configure_fit: strategy sampled 2 clients (out of 10)
[2024-12-30 10:31:07,320][flwr][INFO] - aggregate_fit: received 2 results and 0 failures
[2024-12-30 10:31:10,265][flwr][INFO] - fit progress: (8, 3.416010259097675, {'accuracy': 0.9858}, 61.386167699)
[2024-12-30 10:31:10,265][flwr][INFO] - configure_evaluate: strategy sampled 2 clients (out of 10)
[2024-12-30 10:31:10,624][flwr][INFO] - aggregate_evaluate: received 2 results and 0 failures
[2024-12-30 10:31:10,624][flwr][INFO] - 
[2024-12-30 10:31:10,624][flwr][INFO] - [ROUND 9]
[2024-12-30 10:31:10,628][flwr][INFO] - configure_fit: strategy sampled 2 clients (out of 10)
[2024-12-30 10:31:14,697][flwr][INFO] - aggregate_fit: received 2 results and 0 failures
[2024-12-30 10:31:17,156][flwr][INFO] - fit progress: (9, 3.208653834502911, {'accuracy': 0.9865}, 68.27731178199974)
[2024-12-30 10:31:17,156][flwr][INFO] - configure_evaluate: strategy sampled 2 clients (out of 10)
[2024-12-30 10:31:17,531][flwr][INFO] - aggregate_evaluate: received 2 results and 0 failures
[2024-12-30 10:31:17,531][flwr][INFO] - 
[2024-12-30 10:31:17,531][flwr][INFO] - [ROUND 10]
[2024-12-30 10:31:17,535][flwr][INFO] - configure_fit: strategy sampled 2 clients (out of 10)
[2024-12-30 10:31:21,876][flwr][INFO] - aggregate_fit: received 2 results and 0 failures
[2024-12-30 10:31:24,297][flwr][INFO] - fit progress: (10, 3.0269402948470088, {'accuracy': 0.9871}, 75.4187559059992)
[2024-12-30 10:31:24,298][flwr][INFO] - configure_evaluate: strategy sampled 2 clients (out of 10)
[2024-12-30 10:31:24,697][flwr][INFO] - aggregate_evaluate: received 2 results and 0 failures
[2024-12-30 10:31:24,697][flwr][INFO] - 
[2024-12-30 10:31:24,697][flwr][INFO] - [SUMMARY]
[2024-12-30 10:31:24,697][flwr][INFO] - Run finished 10 round(s) in 75.82s
[2024-12-30 10:31:24,698][flwr][INFO] - 	History (loss, distributed):
[2024-12-30 10:31:24,698][flwr][INFO] - 		round 1: 15.897658333182335
[2024-12-30 10:31:24,698][flwr][INFO] - 		round 2: 3.790744780562818
[2024-12-30 10:31:24,698][flwr][INFO] - 		round 3: 2.827467206399888
[2024-12-30 10:31:24,698][flwr][INFO] - 		round 4: 2.2337753417086788
[2024-12-30 10:31:24,698][flwr][INFO] - 		round 5: 1.489092364849057
[2024-12-30 10:31:24,698][flwr][INFO] - 		round 6: 1.764033975370694
[2024-12-30 10:31:24,698][flwr][INFO] - 		round 7: 1.649160380475223
[2024-12-30 10:31:24,698][flwr][INFO] - 		round 8: 2.1240945605677553
[2024-12-30 10:31:24,699][flwr][INFO] - 		round 9: 2.080100555293029
[2024-12-30 10:31:24,699][flwr][INFO] - 		round 10: 1.8297726135861012
[2024-12-30 10:31:24,699][flwr][INFO] - 	History (loss, centralized):
[2024-12-30 10:31:24,699][flwr][INFO] - 		round 0: 182.2188322544098
[2024-12-30 10:31:24,699][flwr][INFO] - 		round 1: 39.578649282455444
[2024-12-30 10:31:24,699][flwr][INFO] - 		round 2: 9.030584054999053
[2024-12-30 10:31:24,699][flwr][INFO] - 		round 3: 5.894472286337987
[2024-12-30 10:31:24,699][flwr][INFO] - 		round 4: 4.670605982129928
[2024-12-30 10:31:24,699][flwr][INFO] - 		round 5: 3.933362672163639
[2024-12-30 10:31:24,699][flwr][INFO] - 		round 6: 3.7233287651615683
[2024-12-30 10:31:24,699][flwr][INFO] - 		round 7: 3.4516660904628225
[2024-12-30 10:31:24,700][flwr][INFO] - 		round 8: 3.416010259097675
[2024-12-30 10:31:24,700][flwr][INFO] - 		round 9: 3.208653834502911
[2024-12-30 10:31:24,700][flwr][INFO] - 		round 10: 3.0269402948470088
[2024-12-30 10:31:24,700][flwr][INFO] - 	History (metrics, centralized):
[2024-12-30 10:31:24,700][flwr][INFO] - 	{'accuracy': [(0, 0.1077),
[2024-12-30 10:31:24,700][flwr][INFO] - 	              (1, 0.9606),
[2024-12-30 10:31:24,700][flwr][INFO] - 	              (2, 0.9743),
[2024-12-30 10:31:24,700][flwr][INFO] - 	              (3, 0.9788),
[2024-12-30 10:31:24,700][flwr][INFO] - 	              (4, 0.9812),
[2024-12-30 10:31:24,700][flwr][INFO] - 	              (5, 0.9839),
[2024-12-30 10:31:24,700][flwr][INFO] - 	              (6, 0.9849),
[2024-12-30 10:31:24,700][flwr][INFO] - 	              (7, 0.9852),
[2024-12-30 10:31:24,701][flwr][INFO] - 	              (8, 0.9858),
[2024-12-30 10:31:24,701][flwr][INFO] - 	              (9, 0.9865),
[2024-12-30 10:31:24,701][flwr][INFO] - 	              (10, 0.9871)]}
[2024-12-30 10:31:24,701][flwr][INFO] - 
