[2025-01-07 14:28:53,383][flwr][INFO] - Starting Flower simulation, config: num_rounds=5, no round_timeout
[2025-01-07 14:28:56,845][flwr][INFO] - Flower VCE: Ray initialized with resources: {'node:__internal_head__': 1.0, 'memory': 6347821056.0, 'object_store_memory': 3173910528.0, 'CPU': 12.0, 'node:192.168.1.11': 1.0}
[2025-01-07 14:28:56,845][flwr][INFO] - Optimize your simulation with Flower VCE: https://flower.ai/docs/framework/how-to-run-simulations.html
[2025-01-07 14:28:56,845][flwr][INFO] - Flower VCE: Resources for each Virtual Client: {'num_cpus': 2, 'num_gpus': 0}
[2025-01-07 14:28:56,853][flwr][INFO] - Flower VCE: Creating VirtualClientEngineActorPool with 6 actors
[2025-01-07 14:28:56,854][flwr][INFO] - [INIT]
[2025-01-07 14:28:56,854][flwr][INFO] - Requesting initial parameters from one random client
[2025-01-07 14:28:59,493][flwr][INFO] - Received initial parameters from one random client
[2025-01-07 14:28:59,493][flwr][INFO] - Starting evaluation of initial global parameters
[2025-01-07 14:29:00,825][flwr][INFO] - initial parameters (loss, other metrics): 182.43773245811462, {'accuracy': 0.0892}
[2025-01-07 14:29:00,826][flwr][INFO] - 
[2025-01-07 14:29:00,826][flwr][INFO] - [ROUND 1]
[2025-01-07 14:29:00,826][flwr][INFO] - configure_fit: strategy sampled 2 clients (out of 20)
[2025-01-07 14:29:09,266][flwr][INFO] - aggregate_fit: received 2 results and 0 failures
[2025-01-07 14:29:09,272][flwr][WARNING] - No fit_metrics_aggregation_fn provided
[2025-01-07 14:29:10,454][flwr][INFO] - fit progress: (1, 8.898563235998154, {'accuracy': 0.9647}, 9.628036547001102)
[2025-01-07 14:29:10,454][flwr][INFO] - configure_evaluate: strategy sampled 2 clients (out of 20)
[2025-01-07 14:29:10,812][flwr][INFO] - aggregate_evaluate: received 2 results and 0 failures
[2025-01-07 14:29:10,812][flwr][WARNING] - No evaluate_metrics_aggregation_fn provided
[2025-01-07 14:29:10,812][flwr][INFO] - 
[2025-01-07 14:29:10,812][flwr][INFO] - [ROUND 2]
[2025-01-07 14:29:10,812][flwr][INFO] - configure_fit: strategy sampled 2 clients (out of 20)
[2025-01-07 14:29:17,063][flwr][INFO] - aggregate_fit: received 2 results and 0 failures
[2025-01-07 14:29:18,398][flwr][INFO] - fit progress: (2, 7.2062308294807735, {'accuracy': 0.9752}, 17.57252693099872)
[2025-01-07 14:29:18,398][flwr][INFO] - configure_evaluate: strategy sampled 2 clients (out of 20)
[2025-01-07 14:29:18,735][flwr][INFO] - aggregate_evaluate: received 2 results and 0 failures
[2025-01-07 14:29:18,735][flwr][INFO] - 
[2025-01-07 14:29:18,736][flwr][INFO] - [ROUND 3]
[2025-01-07 14:29:18,736][flwr][INFO] - configure_fit: strategy sampled 2 clients (out of 20)
[2025-01-07 14:29:24,988][flwr][INFO] - aggregate_fit: received 2 results and 0 failures
[2025-01-07 14:29:26,240][flwr][INFO] - fit progress: (3, 5.302371095909621, {'accuracy': 0.9813}, 25.414775483000994)
[2025-01-07 14:29:26,241][flwr][INFO] - configure_evaluate: strategy sampled 2 clients (out of 20)
[2025-01-07 14:29:26,591][flwr][INFO] - aggregate_evaluate: received 2 results and 0 failures
[2025-01-07 14:29:26,592][flwr][INFO] - 
[2025-01-07 14:29:26,592][flwr][INFO] - [ROUND 4]
[2025-01-07 14:29:26,592][flwr][INFO] - configure_fit: strategy sampled 2 clients (out of 20)
[2025-01-07 14:29:32,947][flwr][INFO] - aggregate_fit: received 2 results and 0 failures
[2025-01-07 14:29:34,160][flwr][INFO] - fit progress: (4, 4.456353563689959, {'accuracy': 0.9854}, 33.33421561999785)
[2025-01-07 14:29:34,160][flwr][INFO] - configure_evaluate: strategy sampled 2 clients (out of 20)
[2025-01-07 14:29:34,502][flwr][INFO] - aggregate_evaluate: received 2 results and 0 failures
[2025-01-07 14:29:34,503][flwr][INFO] - 
[2025-01-07 14:29:34,503][flwr][INFO] - [ROUND 5]
[2025-01-07 14:29:34,503][flwr][INFO] - configure_fit: strategy sampled 2 clients (out of 20)
[2025-01-07 14:29:40,850][flwr][INFO] - aggregate_fit: received 2 results and 0 failures
[2025-01-07 14:29:42,492][flwr][INFO] - fit progress: (5, 4.653312608629221, {'accuracy': 0.9836}, 41.66633749700122)
[2025-01-07 14:29:42,492][flwr][INFO] - configure_evaluate: strategy sampled 2 clients (out of 20)
[2025-01-07 14:29:42,814][flwr][INFO] - aggregate_evaluate: received 2 results and 0 failures
[2025-01-07 14:29:42,814][flwr][INFO] - 
[2025-01-07 14:29:42,814][flwr][INFO] - [SUMMARY]
[2025-01-07 14:29:42,814][flwr][INFO] - Run finished 5 round(s) in 41.99s
[2025-01-07 14:29:42,814][flwr][INFO] - 	History (loss, distributed):
[2025-01-07 14:29:42,814][flwr][INFO] - 		round 1: 3.168790812138468
[2025-01-07 14:29:42,814][flwr][INFO] - 		round 2: 1.982025583203722
[2025-01-07 14:29:42,814][flwr][INFO] - 		round 3: 2.0408004073069606
[2025-01-07 14:29:42,814][flwr][INFO] - 		round 4: 2.223386824502711
[2025-01-07 14:29:42,814][flwr][INFO] - 		round 5: 2.0480365286980486
[2025-01-07 14:29:42,815][flwr][INFO] - 	History (loss, centralized):
[2025-01-07 14:29:42,815][flwr][INFO] - 		round 0: 182.43773245811462
[2025-01-07 14:29:42,815][flwr][INFO] - 		round 1: 8.898563235998154
[2025-01-07 14:29:42,815][flwr][INFO] - 		round 2: 7.2062308294807735
[2025-01-07 14:29:42,815][flwr][INFO] - 		round 3: 5.302371095909621
[2025-01-07 14:29:42,815][flwr][INFO] - 		round 4: 4.456353563689959
[2025-01-07 14:29:42,815][flwr][INFO] - 		round 5: 4.653312608629221
[2025-01-07 14:29:42,815][flwr][INFO] - 	History (metrics, centralized):
[2025-01-07 14:29:42,815][flwr][INFO] - 	{'accuracy': [(0, 0.0892),
[2025-01-07 14:29:42,815][flwr][INFO] - 	              (1, 0.9647),
[2025-01-07 14:29:42,815][flwr][INFO] - 	              (2, 0.9752),
[2025-01-07 14:29:42,815][flwr][INFO] - 	              (3, 0.9813),
[2025-01-07 14:29:42,815][flwr][INFO] - 	              (4, 0.9854),
[2025-01-07 14:29:42,815][flwr][INFO] - 	              (5, 0.9836)]}
[2025-01-07 14:29:42,815][flwr][INFO] - 
