[2025-01-07 18:40:34,143][flwr][INFO] - Starting Flower simulation, config: num_rounds=10, no round_timeout
[2025-01-07 18:40:37,855][flwr][INFO] - Flower VCE: Ray initialized with resources: {'node:192.168.1.11': 1.0, 'CPU': 12.0, 'node:__internal_head__': 1.0, 'memory': 6225538254.0, 'object_store_memory': 3112769126.0}
[2025-01-07 18:40:37,856][flwr][INFO] - Optimize your simulation with Flower VCE: https://flower.ai/docs/framework/how-to-run-simulations.html
[2025-01-07 18:40:37,856][flwr][INFO] - Flower VCE: Resources for each Virtual Client: {'num_cpus': 2, 'num_gpus': 0}
[2025-01-07 18:40:37,869][flwr][INFO] - Flower VCE: Creating VirtualClientEngineActorPool with 6 actors
[2025-01-07 18:40:37,871][flwr][INFO] - [INIT]
[2025-01-07 18:40:37,871][flwr][INFO] - Requesting initial parameters from one random client
[2025-01-07 18:40:40,162][flwr][INFO] - Received initial parameters from one random client
[2025-01-07 18:40:40,163][flwr][INFO] - Starting evaluation of initial global parameters
[2025-01-07 18:40:41,335][flwr][INFO] - initial parameters (loss, other metrics): 181.5654332637787, {'accuracy': 0.1468}
[2025-01-07 18:40:41,336][flwr][INFO] - 
[2025-01-07 18:40:41,336][flwr][INFO] - [ROUND 1]
[2025-01-07 18:40:41,336][flwr][INFO] - configure_fit: strategy sampled 2 clients (out of 20)
[2025-01-07 18:40:47,991][flwr][INFO] - aggregate_fit: received 2 results and 0 failures
[2025-01-07 18:40:47,997][flwr][WARNING] - No fit_metrics_aggregation_fn provided
[2025-01-07 18:40:49,149][flwr][INFO] - fit progress: (1, 36.54922126233578, {'accuracy': 0.8788}, 7.812961503004772)
[2025-01-07 18:40:49,149][flwr][INFO] - configure_evaluate: strategy sampled 5 clients (out of 20)
[2025-01-07 18:40:52,841][flwr][INFO] - aggregate_evaluate: received 5 results and 0 failures
[2025-01-07 18:40:52,841][flwr][WARNING] - No evaluate_metrics_aggregation_fn provided
[2025-01-07 18:40:52,841][flwr][INFO] - 
[2025-01-07 18:40:52,841][flwr][INFO] - [ROUND 2]
[2025-01-07 18:40:52,841][flwr][INFO] - configure_fit: strategy sampled 2 clients (out of 20)
[2025-01-07 18:40:57,139][flwr][INFO] - aggregate_fit: received 2 results and 0 failures
[2025-01-07 18:40:58,463][flwr][INFO] - fit progress: (2, 12.34543020800993, {'accuracy': 0.9649}, 17.127786177006783)
[2025-01-07 18:40:58,464][flwr][INFO] - configure_evaluate: strategy sampled 5 clients (out of 20)
[2025-01-07 18:40:59,129][flwr][INFO] - aggregate_evaluate: received 5 results and 0 failures
[2025-01-07 18:40:59,129][flwr][INFO] - 
[2025-01-07 18:40:59,129][flwr][INFO] - [ROUND 3]
[2025-01-07 18:40:59,129][flwr][INFO] - configure_fit: strategy sampled 2 clients (out of 20)
[2025-01-07 18:41:03,719][flwr][INFO] - aggregate_fit: received 2 results and 0 failures
[2025-01-07 18:41:05,285][flwr][INFO] - fit progress: (3, 32.761598870158195, {'accuracy': 0.8881}, 23.9496066050051)
[2025-01-07 18:41:05,286][flwr][INFO] - configure_evaluate: strategy sampled 5 clients (out of 20)
[2025-01-07 18:41:05,831][flwr][INFO] - aggregate_evaluate: received 5 results and 0 failures
[2025-01-07 18:41:05,831][flwr][INFO] - 
[2025-01-07 18:41:05,831][flwr][INFO] - [ROUND 4]
[2025-01-07 18:41:05,831][flwr][INFO] - configure_fit: strategy sampled 2 clients (out of 20)
[2025-01-07 18:41:10,385][flwr][INFO] - aggregate_fit: received 2 results and 0 failures
[2025-01-07 18:41:11,971][flwr][INFO] - fit progress: (4, 18.021281646564603, {'accuracy': 0.9558}, 30.63514954600396)
[2025-01-07 18:41:11,971][flwr][INFO] - configure_evaluate: strategy sampled 5 clients (out of 20)
[2025-01-07 18:41:12,504][flwr][INFO] - aggregate_evaluate: received 5 results and 0 failures
[2025-01-07 18:41:12,504][flwr][INFO] - 
[2025-01-07 18:41:12,504][flwr][INFO] - [ROUND 5]
[2025-01-07 18:41:12,504][flwr][INFO] - configure_fit: strategy sampled 2 clients (out of 20)
[2025-01-07 18:41:17,242][flwr][INFO] - aggregate_fit: received 2 results and 0 failures
[2025-01-07 18:41:18,844][flwr][INFO] - fit progress: (5, 9.909826371876989, {'accuracy': 0.9727}, 37.50885159700556)
[2025-01-07 18:41:18,845][flwr][INFO] - configure_evaluate: strategy sampled 5 clients (out of 20)
[2025-01-07 18:41:19,413][flwr][INFO] - aggregate_evaluate: received 5 results and 0 failures
[2025-01-07 18:41:19,413][flwr][INFO] - 
[2025-01-07 18:41:19,414][flwr][INFO] - [ROUND 6]
[2025-01-07 18:41:19,414][flwr][INFO] - configure_fit: strategy sampled 2 clients (out of 20)
[2025-01-07 18:41:24,132][flwr][INFO] - aggregate_fit: received 2 results and 0 failures
[2025-01-07 18:41:25,680][flwr][INFO] - fit progress: (6, 7.97835083019163, {'accuracy': 0.9776}, 44.34436188800464)
[2025-01-07 18:41:25,680][flwr][INFO] - configure_evaluate: strategy sampled 5 clients (out of 20)
[2025-01-07 18:41:26,262][flwr][INFO] - aggregate_evaluate: received 5 results and 0 failures
[2025-01-07 18:41:26,262][flwr][INFO] - 
[2025-01-07 18:41:26,262][flwr][INFO] - [ROUND 7]
[2025-01-07 18:41:26,263][flwr][INFO] - configure_fit: strategy sampled 2 clients (out of 20)
[2025-01-07 18:41:31,247][flwr][INFO] - aggregate_fit: received 2 results and 0 failures
[2025-01-07 18:41:32,809][flwr][INFO] - fit progress: (7, 11.939179312089436, {'accuracy': 0.9748}, 51.47348021500511)
[2025-01-07 18:41:32,809][flwr][INFO] - configure_evaluate: strategy sampled 5 clients (out of 20)
[2025-01-07 18:41:33,421][flwr][INFO] - aggregate_evaluate: received 5 results and 0 failures
[2025-01-07 18:41:33,422][flwr][INFO] - 
[2025-01-07 18:41:33,422][flwr][INFO] - [ROUND 8]
[2025-01-07 18:41:33,422][flwr][INFO] - configure_fit: strategy sampled 2 clients (out of 20)
[2025-01-07 18:41:39,157][flwr][INFO] - aggregate_fit: received 2 results and 0 failures
[2025-01-07 18:41:40,600][flwr][INFO] - fit progress: (8, 34.358738116919994, {'accuracy': 0.8963}, 59.264353790000314)
[2025-01-07 18:41:40,600][flwr][INFO] - configure_evaluate: strategy sampled 5 clients (out of 20)
[2025-01-07 18:41:41,166][flwr][INFO] - aggregate_evaluate: received 5 results and 0 failures
[2025-01-07 18:41:41,166][flwr][INFO] - 
[2025-01-07 18:41:41,166][flwr][INFO] - [ROUND 9]
[2025-01-07 18:41:41,166][flwr][INFO] - configure_fit: strategy sampled 2 clients (out of 20)
[2025-01-07 18:41:46,258][flwr][INFO] - aggregate_fit: received 2 results and 0 failures
[2025-01-07 18:41:47,993][flwr][INFO] - fit progress: (9, 15.972373567987233, {'accuracy': 0.9551}, 66.65699460800533)
[2025-01-07 18:41:47,993][flwr][INFO] - configure_evaluate: strategy sampled 5 clients (out of 20)
[2025-01-07 18:41:48,565][flwr][INFO] - aggregate_evaluate: received 5 results and 0 failures
[2025-01-07 18:41:48,565][flwr][INFO] - 
[2025-01-07 18:41:48,565][flwr][INFO] - [ROUND 10]
[2025-01-07 18:41:48,565][flwr][INFO] - configure_fit: strategy sampled 2 clients (out of 20)
[2025-01-07 18:41:54,094][flwr][INFO] - aggregate_fit: received 2 results and 0 failures
[2025-01-07 18:41:55,358][flwr][INFO] - fit progress: (10, 24.16113794595003, {'accuracy': 0.9459}, 74.02195150199987)
[2025-01-07 18:41:55,358][flwr][INFO] - configure_evaluate: strategy sampled 5 clients (out of 20)
[2025-01-07 18:41:55,975][flwr][INFO] - aggregate_evaluate: received 5 results and 0 failures
[2025-01-07 18:41:55,975][flwr][INFO] - 
[2025-01-07 18:41:55,975][flwr][INFO] - [SUMMARY]
[2025-01-07 18:41:55,976][flwr][INFO] - Run finished 10 round(s) in 74.64s
[2025-01-07 18:41:55,976][flwr][INFO] - 	History (loss, distributed):
[2025-01-07 18:41:55,976][flwr][INFO] - 		round 1: 4.526338377594948
[2025-01-07 18:41:55,976][flwr][INFO] - 		round 2: 2.164461121102795
[2025-01-07 18:41:55,976][flwr][INFO] - 		round 3: 4.502988007664681
[2025-01-07 18:41:55,976][flwr][INFO] - 		round 4: 2.3612590081989766
[2025-01-07 18:41:55,977][flwr][INFO] - 		round 5: 1.5899298188734974
[2025-01-07 18:41:55,977][flwr][INFO] - 		round 6: 1.1475193675243645
[2025-01-07 18:41:55,977][flwr][INFO] - 		round 7: 1.6769675179304613
[2025-01-07 18:41:55,977][flwr][INFO] - 		round 8: 4.857786865532399
[2025-01-07 18:41:55,977][flwr][INFO] - 		round 9: 1.5541633976623417
[2025-01-07 18:41:55,977][flwr][INFO] - 		round 10: 2.8675463922321796
[2025-01-07 18:41:55,977][flwr][INFO] - 	History (loss, centralized):
[2025-01-07 18:41:55,977][flwr][INFO] - 		round 0: 181.5654332637787
[2025-01-07 18:41:55,977][flwr][INFO] - 		round 1: 36.54922126233578
[2025-01-07 18:41:55,977][flwr][INFO] - 		round 2: 12.34543020800993
[2025-01-07 18:41:55,977][flwr][INFO] - 		round 3: 32.761598870158195
[2025-01-07 18:41:55,977][flwr][INFO] - 		round 4: 18.021281646564603
[2025-01-07 18:41:55,977][flwr][INFO] - 		round 5: 9.909826371876989
[2025-01-07 18:41:55,977][flwr][INFO] - 		round 6: 7.97835083019163
[2025-01-07 18:41:55,977][flwr][INFO] - 		round 7: 11.939179312089436
[2025-01-07 18:41:55,977][flwr][INFO] - 		round 8: 34.358738116919994
[2025-01-07 18:41:55,977][flwr][INFO] - 		round 9: 15.972373567987233
[2025-01-07 18:41:55,977][flwr][INFO] - 		round 10: 24.16113794595003
[2025-01-07 18:41:55,977][flwr][INFO] - 	History (metrics, centralized):
[2025-01-07 18:41:55,977][flwr][INFO] - 	{'accuracy': [(0, 0.1468),
[2025-01-07 18:41:55,977][flwr][INFO] - 	              (1, 0.8788),
[2025-01-07 18:41:55,978][flwr][INFO] - 	              (2, 0.9649),
[2025-01-07 18:41:55,978][flwr][INFO] - 	              (3, 0.8881),
[2025-01-07 18:41:55,978][flwr][INFO] - 	              (4, 0.9558),
[2025-01-07 18:41:55,978][flwr][INFO] - 	              (5, 0.9727),
[2025-01-07 18:41:55,978][flwr][INFO] - 	              (6, 0.9776),
[2025-01-07 18:41:55,978][flwr][INFO] - 	              (7, 0.9748),
[2025-01-07 18:41:55,978][flwr][INFO] - 	              (8, 0.8963),
[2025-01-07 18:41:55,978][flwr][INFO] - 	              (9, 0.9551),
[2025-01-07 18:41:55,978][flwr][INFO] - 	              (10, 0.9459)]}
[2025-01-07 18:41:55,978][flwr][INFO] - 
