[2025-01-07 18:05:38,621][flwr][INFO] - Starting Flower simulation, config: num_rounds=10, no round_timeout
[2025-01-07 18:05:42,125][flwr][INFO] - Flower VCE: Ray initialized with resources: {'CPU': 12.0, 'node:192.168.1.11': 1.0, 'node:__internal_head__': 1.0, 'memory': 6376100660.0, 'object_store_memory': 3188050329.0}
[2025-01-07 18:05:42,125][flwr][INFO] - Optimize your simulation with Flower VCE: https://flower.ai/docs/framework/how-to-run-simulations.html
[2025-01-07 18:05:42,125][flwr][INFO] - Flower VCE: Resources for each Virtual Client: {'num_cpus': 2, 'num_gpus': 0}
[2025-01-07 18:05:42,132][flwr][INFO] - Flower VCE: Creating VirtualClientEngineActorPool with 6 actors
[2025-01-07 18:05:42,132][flwr][INFO] - [INIT]
[2025-01-07 18:05:42,132][flwr][INFO] - Requesting initial parameters from one random client
[2025-01-07 18:05:44,774][flwr][INFO] - Received initial parameters from one random client
[2025-01-07 18:05:44,774][flwr][INFO] - Starting evaluation of initial global parameters
[2025-01-07 18:05:46,217][flwr][INFO] - initial parameters (loss, other metrics): 182.12540459632874, {'accuracy': 0.1032}
[2025-01-07 18:05:46,217][flwr][INFO] - 
[2025-01-07 18:05:46,217][flwr][INFO] - [ROUND 1]
[2025-01-07 18:05:46,218][flwr][INFO] - configure_fit: strategy sampled 2 clients (out of 20)
[2025-01-07 18:05:54,514][flwr][INFO] - aggregate_fit: received 2 results and 0 failures
[2025-01-07 18:05:54,517][flwr][WARNING] - No fit_metrics_aggregation_fn provided
[2025-01-07 18:05:55,856][flwr][INFO] - fit progress: (1, 182.3231155872345, {'accuracy': 0.1135}, 9.6385633960017)
[2025-01-07 18:05:55,856][flwr][INFO] - configure_evaluate: strategy sampled 2 clients (out of 20)
[2025-01-07 18:05:56,194][flwr][INFO] - aggregate_evaluate: received 2 results and 0 failures
[2025-01-07 18:05:56,194][flwr][WARNING] - No evaluate_metrics_aggregation_fn provided
[2025-01-07 18:05:56,194][flwr][INFO] - 
[2025-01-07 18:05:56,194][flwr][INFO] - [ROUND 2]
[2025-01-07 18:05:56,195][flwr][INFO] - configure_fit: strategy sampled 2 clients (out of 20)
[2025-01-07 18:06:02,691][flwr][INFO] - aggregate_fit: received 2 results and 0 failures
[2025-01-07 18:06:04,132][flwr][INFO] - fit progress: (2, 174.09185671806335, {'accuracy': 0.203}, 17.91453266100143)
[2025-01-07 18:06:04,132][flwr][INFO] - configure_evaluate: strategy sampled 2 clients (out of 20)
[2025-01-07 18:06:04,458][flwr][INFO] - aggregate_evaluate: received 2 results and 0 failures
[2025-01-07 18:06:04,458][flwr][INFO] - 
[2025-01-07 18:06:04,458][flwr][INFO] - [ROUND 3]
[2025-01-07 18:06:04,459][flwr][INFO] - configure_fit: strategy sampled 2 clients (out of 20)
[2025-01-07 18:06:10,592][flwr][INFO] - aggregate_fit: received 2 results and 0 failures
[2025-01-07 18:06:12,133][flwr][INFO] - fit progress: (3, 177.17228436470032, {'accuracy': 0.1658}, 25.915388574001554)
[2025-01-07 18:06:12,133][flwr][INFO] - configure_evaluate: strategy sampled 2 clients (out of 20)
[2025-01-07 18:06:12,461][flwr][INFO] - aggregate_evaluate: received 2 results and 0 failures
[2025-01-07 18:06:12,461][flwr][INFO] - 
[2025-01-07 18:06:12,461][flwr][INFO] - [ROUND 4]
[2025-01-07 18:06:12,462][flwr][INFO] - configure_fit: strategy sampled 2 clients (out of 20)
[2025-01-07 18:06:18,762][flwr][INFO] - aggregate_fit: received 2 results and 0 failures
[2025-01-07 18:06:20,410][flwr][INFO] - fit progress: (4, 162.14540362358093, {'accuracy': 0.2049}, 34.192595921005704)
[2025-01-07 18:06:20,410][flwr][INFO] - configure_evaluate: strategy sampled 2 clients (out of 20)
[2025-01-07 18:06:20,770][flwr][INFO] - aggregate_evaluate: received 2 results and 0 failures
[2025-01-07 18:06:20,771][flwr][INFO] - 
[2025-01-07 18:06:20,771][flwr][INFO] - [ROUND 5]
[2025-01-07 18:06:20,771][flwr][INFO] - configure_fit: strategy sampled 2 clients (out of 20)
[2025-01-07 18:06:26,809][flwr][INFO] - aggregate_fit: received 2 results and 0 failures
[2025-01-07 18:06:28,446][flwr][INFO] - fit progress: (5, 182.33415007591248, {'accuracy': 0.1135}, 42.22888255300495)
[2025-01-07 18:06:28,447][flwr][INFO] - configure_evaluate: strategy sampled 2 clients (out of 20)
[2025-01-07 18:06:28,812][flwr][INFO] - aggregate_evaluate: received 2 results and 0 failures
[2025-01-07 18:06:28,812][flwr][INFO] - 
[2025-01-07 18:06:28,812][flwr][INFO] - [ROUND 6]
[2025-01-07 18:06:28,812][flwr][INFO] - configure_fit: strategy sampled 2 clients (out of 20)
[2025-01-07 18:06:35,236][flwr][INFO] - aggregate_fit: received 2 results and 0 failures
[2025-01-07 18:06:36,710][flwr][INFO] - fit progress: (6, 182.18517899513245, {'accuracy': 0.0974}, 50.49268262300029)
[2025-01-07 18:06:36,710][flwr][INFO] - configure_evaluate: strategy sampled 2 clients (out of 20)
[2025-01-07 18:06:37,064][flwr][INFO] - aggregate_evaluate: received 2 results and 0 failures
[2025-01-07 18:06:37,064][flwr][INFO] - 
[2025-01-07 18:06:37,064][flwr][INFO] - [ROUND 7]
[2025-01-07 18:06:37,064][flwr][INFO] - configure_fit: strategy sampled 2 clients (out of 20)
[2025-01-07 18:06:43,413][flwr][INFO] - aggregate_fit: received 2 results and 0 failures
[2025-01-07 18:06:44,743][flwr][INFO] - fit progress: (7, 182.01626825332642, {'accuracy': 0.1135}, 58.525535662003676)
[2025-01-07 18:06:44,743][flwr][INFO] - configure_evaluate: strategy sampled 2 clients (out of 20)
[2025-01-07 18:06:45,073][flwr][INFO] - aggregate_evaluate: received 2 results and 0 failures
[2025-01-07 18:06:45,073][flwr][INFO] - 
[2025-01-07 18:06:45,073][flwr][INFO] - [ROUND 8]
[2025-01-07 18:06:45,074][flwr][INFO] - configure_fit: strategy sampled 2 clients (out of 20)
[2025-01-07 18:06:51,169][flwr][INFO] - aggregate_fit: received 2 results and 0 failures
[2025-01-07 18:06:52,809][flwr][INFO] - fit progress: (8, 182.09576296806335, {'accuracy': 0.1032}, 66.59114289600257)
[2025-01-07 18:06:52,809][flwr][INFO] - configure_evaluate: strategy sampled 2 clients (out of 20)
[2025-01-07 18:06:53,137][flwr][INFO] - aggregate_evaluate: received 2 results and 0 failures
[2025-01-07 18:06:53,137][flwr][INFO] - 
[2025-01-07 18:06:53,137][flwr][INFO] - [ROUND 9]
[2025-01-07 18:06:53,138][flwr][INFO] - configure_fit: strategy sampled 2 clients (out of 20)
[2025-01-07 18:06:59,367][flwr][INFO] - aggregate_fit: received 2 results and 0 failures
[2025-01-07 18:07:00,668][flwr][INFO] - fit progress: (9, 182.2496042251587, {'accuracy': 0.1028}, 74.45052911700623)
[2025-01-07 18:07:00,668][flwr][INFO] - configure_evaluate: strategy sampled 2 clients (out of 20)
[2025-01-07 18:07:01,018][flwr][INFO] - aggregate_evaluate: received 2 results and 0 failures
[2025-01-07 18:07:01,018][flwr][INFO] - 
[2025-01-07 18:07:01,018][flwr][INFO] - [ROUND 10]
[2025-01-07 18:07:01,018][flwr][INFO] - configure_fit: strategy sampled 2 clients (out of 20)
[2025-01-07 18:07:07,468][flwr][INFO] - aggregate_fit: received 2 results and 0 failures
[2025-01-07 18:07:08,951][flwr][INFO] - fit progress: (10, 182.33007550239563, {'accuracy': 0.1009}, 82.73390688100335)
[2025-01-07 18:07:08,952][flwr][INFO] - configure_evaluate: strategy sampled 2 clients (out of 20)
[2025-01-07 18:07:09,306][flwr][INFO] - aggregate_evaluate: received 2 results and 0 failures
[2025-01-07 18:07:09,307][flwr][INFO] - 
[2025-01-07 18:07:09,307][flwr][INFO] - [SUMMARY]
[2025-01-07 18:07:09,307][flwr][INFO] - Run finished 10 round(s) in 83.09s
[2025-01-07 18:07:09,307][flwr][INFO] - 	History (loss, distributed):
[2025-01-07 18:07:09,308][flwr][INFO] - 		round 1: 44.080647587776184
[2025-01-07 18:07:09,308][flwr][INFO] - 		round 2: 42.52094304561615
[2025-01-07 18:07:09,308][flwr][INFO] - 		round 3: 42.65848779678345
[2025-01-07 18:07:09,308][flwr][INFO] - 		round 4: 39.40118366479874
[2025-01-07 18:07:09,308][flwr][INFO] - 		round 5: 43.82486832141876
[2025-01-07 18:07:09,308][flwr][INFO] - 		round 6: 43.838942885398865
[2025-01-07 18:07:09,308][flwr][INFO] - 		round 7: 43.78405272960663
[2025-01-07 18:07:09,308][flwr][INFO] - 		round 8: 43.888859272003174
[2025-01-07 18:07:09,308][flwr][INFO] - 		round 9: 43.876967668533325
[2025-01-07 18:07:09,308][flwr][INFO] - 		round 10: 43.84342062473297
[2025-01-07 18:07:09,308][flwr][INFO] - 	History (loss, centralized):
[2025-01-07 18:07:09,308][flwr][INFO] - 		round 0: 182.12540459632874
[2025-01-07 18:07:09,308][flwr][INFO] - 		round 1: 182.3231155872345
[2025-01-07 18:07:09,309][flwr][INFO] - 		round 2: 174.09185671806335
[2025-01-07 18:07:09,309][flwr][INFO] - 		round 3: 177.17228436470032
[2025-01-07 18:07:09,309][flwr][INFO] - 		round 4: 162.14540362358093
[2025-01-07 18:07:09,309][flwr][INFO] - 		round 5: 182.33415007591248
[2025-01-07 18:07:09,309][flwr][INFO] - 		round 6: 182.18517899513245
[2025-01-07 18:07:09,309][flwr][INFO] - 		round 7: 182.01626825332642
[2025-01-07 18:07:09,309][flwr][INFO] - 		round 8: 182.09576296806335
[2025-01-07 18:07:09,309][flwr][INFO] - 		round 9: 182.2496042251587
[2025-01-07 18:07:09,309][flwr][INFO] - 		round 10: 182.33007550239563
[2025-01-07 18:07:09,309][flwr][INFO] - 	History (metrics, centralized):
[2025-01-07 18:07:09,309][flwr][INFO] - 	{'accuracy': [(0, 0.1032),
[2025-01-07 18:07:09,309][flwr][INFO] - 	              (1, 0.1135),
[2025-01-07 18:07:09,309][flwr][INFO] - 	              (2, 0.203),
[2025-01-07 18:07:09,309][flwr][INFO] - 	              (3, 0.1658),
[2025-01-07 18:07:09,309][flwr][INFO] - 	              (4, 0.2049),
[2025-01-07 18:07:09,309][flwr][INFO] - 	              (5, 0.1135),
[2025-01-07 18:07:09,309][flwr][INFO] - 	              (6, 0.0974),
[2025-01-07 18:07:09,309][flwr][INFO] - 	              (7, 0.1135),
[2025-01-07 18:07:09,309][flwr][INFO] - 	              (8, 0.1032),
[2025-01-07 18:07:09,309][flwr][INFO] - 	              (9, 0.1028),
[2025-01-07 18:07:09,309][flwr][INFO] - 	              (10, 0.1009)]}
[2025-01-07 18:07:09,309][flwr][INFO] - 
