[2024-12-31 16:57:56,398][flwr][INFO] - Starting Flower simulation, config: num_rounds=10, no round_timeout
[2024-12-31 16:58:00,630][flwr][INFO] - Flower VCE: Ray initialized with resources: {'node:__internal_head__': 1.0, 'memory': 3404673024.0, 'object_store_memory': 1702336512.0, 'CPU': 12.0, 'node:192.168.1.11': 1.0}
[2024-12-31 16:58:00,630][flwr][INFO] - Optimize your simulation with Flower VCE: https://flower.ai/docs/framework/how-to-run-simulations.html
[2024-12-31 16:58:00,630][flwr][INFO] - Flower VCE: Resources for each Virtual Client: {'num_cpus': 2, 'num_gpus': 0}
[2024-12-31 16:58:00,655][flwr][INFO] - Flower VCE: Creating VirtualClientEngineActorPool with 6 actors
[2024-12-31 16:58:00,656][flwr][INFO] - [INIT]
[2024-12-31 16:58:00,656][flwr][INFO] - Using initial global parameters provided by strategy
[2024-12-31 16:58:00,656][flwr][INFO] - Starting evaluation of initial global parameters
[2024-12-31 16:58:05,227][flwr][INFO] - initial parameters (loss, other metrics): 182.45517802238464, {'accuracy': 0.0784}
[2024-12-31 16:58:05,227][flwr][INFO] - 
[2024-12-31 16:58:05,227][flwr][INFO] - [ROUND 1]
[2024-12-31 16:58:05,227][flwr][INFO] - configure_fit: strategy sampled 2 clients (out of 10)
[2024-12-31 16:58:18,326][flwr][INFO] - aggregate_fit: received 2 results and 0 failures
[2024-12-31 16:58:18,334][flwr][WARNING] - No fit_metrics_aggregation_fn provided
[2024-12-31 16:58:20,559][flwr][INFO] - fit progress: (1, 187.2582926750183, {'accuracy': 0.1009}, 15.331462146998092)
[2024-12-31 16:58:20,559][flwr][INFO] - configure_evaluate: strategy sampled 5 clients (out of 10)
[2024-12-31 16:58:25,530][flwr][INFO] - aggregate_evaluate: received 5 results and 0 failures
[2024-12-31 16:58:25,530][flwr][WARNING] - No evaluate_metrics_aggregation_fn provided
[2024-12-31 16:58:25,531][flwr][INFO] - 
[2024-12-31 16:58:25,531][flwr][INFO] - [ROUND 2]
[2024-12-31 16:58:25,531][flwr][INFO] - configure_fit: strategy sampled 2 clients (out of 10)
[2024-12-31 16:58:35,591][flwr][INFO] - aggregate_fit: received 2 results and 0 failures
[2024-12-31 16:58:38,980][flwr][INFO] - fit progress: (2, 184.81709837913513, {'accuracy': 0.098}, 33.75308609200147)
[2024-12-31 16:58:38,981][flwr][INFO] - configure_evaluate: strategy sampled 5 clients (out of 10)
[2024-12-31 16:58:39,967][flwr][INFO] - aggregate_evaluate: received 5 results and 0 failures
[2024-12-31 16:58:39,968][flwr][INFO] - 
[2024-12-31 16:58:39,968][flwr][INFO] - [ROUND 3]
[2024-12-31 16:58:39,968][flwr][INFO] - configure_fit: strategy sampled 2 clients (out of 10)
[2024-12-31 16:58:50,603][flwr][INFO] - aggregate_fit: received 2 results and 0 failures
[2024-12-31 16:58:53,261][flwr][INFO] - fit progress: (3, 183.1145486831665, {'accuracy': 0.1028}, 48.034286207999685)
[2024-12-31 16:58:53,262][flwr][INFO] - configure_evaluate: strategy sampled 5 clients (out of 10)
[2024-12-31 16:58:54,235][flwr][INFO] - aggregate_evaluate: received 5 results and 0 failures
[2024-12-31 16:58:54,235][flwr][INFO] - 
[2024-12-31 16:58:54,235][flwr][INFO] - [ROUND 4]
[2024-12-31 16:58:54,236][flwr][INFO] - configure_fit: strategy sampled 2 clients (out of 10)
[2024-12-31 16:59:08,025][flwr][INFO] - aggregate_fit: received 2 results and 0 failures
[2024-12-31 16:59:14,418][flwr][INFO] - fit progress: (4, 185.38654470443726, {'accuracy': 0.0974}, 69.19075268499728)
[2024-12-31 16:59:14,418][flwr][INFO] - configure_evaluate: strategy sampled 5 clients (out of 10)
[2024-12-31 16:59:15,958][flwr][INFO] - aggregate_evaluate: received 5 results and 0 failures
[2024-12-31 16:59:15,959][flwr][INFO] - 
[2024-12-31 16:59:15,959][flwr][INFO] - [ROUND 5]
[2024-12-31 16:59:15,960][flwr][INFO] - configure_fit: strategy sampled 2 clients (out of 10)
[2024-12-31 16:59:27,307][flwr][INFO] - aggregate_fit: received 2 results and 0 failures
[2024-12-31 16:59:30,058][flwr][INFO] - fit progress: (5, 184.55154752731323, {'accuracy': 0.1032}, 84.83125097800075)
[2024-12-31 16:59:30,059][flwr][INFO] - configure_evaluate: strategy sampled 5 clients (out of 10)
[2024-12-31 16:59:31,046][flwr][INFO] - aggregate_evaluate: received 5 results and 0 failures
[2024-12-31 16:59:31,046][flwr][INFO] - 
[2024-12-31 16:59:31,046][flwr][INFO] - [ROUND 6]
[2024-12-31 16:59:31,047][flwr][INFO] - configure_fit: strategy sampled 2 clients (out of 10)
[2024-12-31 16:59:40,854][flwr][INFO] - aggregate_fit: received 2 results and 0 failures
[2024-12-31 16:59:43,156][flwr][INFO] - fit progress: (6, 184.8383207321167, {'accuracy': 0.1028}, 97.92930163599522)
[2024-12-31 16:59:43,157][flwr][INFO] - configure_evaluate: strategy sampled 5 clients (out of 10)
[2024-12-31 16:59:44,117][flwr][INFO] - aggregate_evaluate: received 5 results and 0 failures
[2024-12-31 16:59:44,117][flwr][INFO] - 
[2024-12-31 16:59:44,117][flwr][INFO] - [ROUND 7]
[2024-12-31 16:59:44,118][flwr][INFO] - configure_fit: strategy sampled 2 clients (out of 10)
[2024-12-31 16:59:53,761][flwr][INFO] - aggregate_fit: received 2 results and 0 failures
[2024-12-31 16:59:56,014][flwr][INFO] - fit progress: (7, 183.04011392593384, {'accuracy': 0.101}, 110.78740263999498)
[2024-12-31 16:59:56,015][flwr][INFO] - configure_evaluate: strategy sampled 5 clients (out of 10)
[2024-12-31 16:59:56,949][flwr][INFO] - aggregate_evaluate: received 5 results and 0 failures
[2024-12-31 16:59:56,949][flwr][INFO] - 
[2024-12-31 16:59:56,949][flwr][INFO] - [ROUND 8]
[2024-12-31 16:59:56,949][flwr][INFO] - configure_fit: strategy sampled 2 clients (out of 10)
[2024-12-31 17:00:06,077][flwr][INFO] - aggregate_fit: received 2 results and 0 failures
[2024-12-31 17:00:08,591][flwr][INFO] - fit progress: (8, 183.86392879486084, {'accuracy': 0.0974}, 123.36382438399596)
[2024-12-31 17:00:08,591][flwr][INFO] - configure_evaluate: strategy sampled 5 clients (out of 10)
[2024-12-31 17:00:09,451][flwr][INFO] - aggregate_evaluate: received 5 results and 0 failures
[2024-12-31 17:00:09,451][flwr][INFO] - 
[2024-12-31 17:00:09,451][flwr][INFO] - [ROUND 9]
[2024-12-31 17:00:09,451][flwr][INFO] - configure_fit: strategy sampled 2 clients (out of 10)
[2024-12-31 17:00:18,809][flwr][INFO] - aggregate_fit: received 2 results and 0 failures
[2024-12-31 17:00:21,270][flwr][INFO] - fit progress: (9, 185.9279341697693, {'accuracy': 0.098}, 136.0433713579987)
[2024-12-31 17:00:21,271][flwr][INFO] - configure_evaluate: strategy sampled 5 clients (out of 10)
[2024-12-31 17:00:22,255][flwr][INFO] - aggregate_evaluate: received 5 results and 0 failures
[2024-12-31 17:00:22,255][flwr][INFO] - 
[2024-12-31 17:00:22,255][flwr][INFO] - [ROUND 10]
[2024-12-31 17:00:22,256][flwr][INFO] - configure_fit: strategy sampled 2 clients (out of 10)
[2024-12-31 17:00:31,868][flwr][INFO] - aggregate_fit: received 2 results and 0 failures
[2024-12-31 17:00:35,041][flwr][INFO] - fit progress: (10, 185.03450298309326, {'accuracy': 0.0958}, 149.81420590700145)
[2024-12-31 17:00:35,042][flwr][INFO] - configure_evaluate: strategy sampled 5 clients (out of 10)
[2024-12-31 17:00:36,016][flwr][INFO] - aggregate_evaluate: received 5 results and 0 failures
[2024-12-31 17:00:36,016][flwr][INFO] - 
[2024-12-31 17:00:36,016][flwr][INFO] - [SUMMARY]
[2024-12-31 17:00:36,017][flwr][INFO] - Run finished 10 round(s) in 150.79s
[2024-12-31 17:00:36,017][flwr][INFO] - 	History (loss, distributed):
[2024-12-31 17:00:36,017][flwr][INFO] - 		round 1: 90.69504795074462
[2024-12-31 17:00:36,017][flwr][INFO] - 		round 2: 88.79482793807983
[2024-12-31 17:00:36,017][flwr][INFO] - 		round 3: 88.0043342590332
[2024-12-31 17:00:36,018][flwr][INFO] - 		round 4: 89.00322751998901
[2024-12-31 17:00:36,018][flwr][INFO] - 		round 5: 88.85719833374023
[2024-12-31 17:00:36,018][flwr][INFO] - 		round 6: 89.18748841285705
[2024-12-31 17:00:36,018][flwr][INFO] - 		round 7: 87.91250929832458
[2024-12-31 17:00:36,018][flwr][INFO] - 		round 8: 88.33003449440002
[2024-12-31 17:00:36,018][flwr][INFO] - 		round 9: 89.50430397987365
[2024-12-31 17:00:36,018][flwr][INFO] - 		round 10: 88.82887554168701
[2024-12-31 17:00:36,018][flwr][INFO] - 	History (loss, centralized):
[2024-12-31 17:00:36,018][flwr][INFO] - 		round 0: 182.45517802238464
[2024-12-31 17:00:36,018][flwr][INFO] - 		round 1: 187.2582926750183
[2024-12-31 17:00:36,018][flwr][INFO] - 		round 2: 184.81709837913513
[2024-12-31 17:00:36,018][flwr][INFO] - 		round 3: 183.1145486831665
[2024-12-31 17:00:36,018][flwr][INFO] - 		round 4: 185.38654470443726
[2024-12-31 17:00:36,018][flwr][INFO] - 		round 5: 184.55154752731323
[2024-12-31 17:00:36,018][flwr][INFO] - 		round 6: 184.8383207321167
[2024-12-31 17:00:36,018][flwr][INFO] - 		round 7: 183.04011392593384
[2024-12-31 17:00:36,019][flwr][INFO] - 		round 8: 183.86392879486084
[2024-12-31 17:00:36,019][flwr][INFO] - 		round 9: 185.9279341697693
[2024-12-31 17:00:36,019][flwr][INFO] - 		round 10: 185.03450298309326
[2024-12-31 17:00:36,019][flwr][INFO] - 	History (metrics, centralized):
[2024-12-31 17:00:36,019][flwr][INFO] - 	{'accuracy': [(0, 0.0784),
[2024-12-31 17:00:36,019][flwr][INFO] - 	              (1, 0.1009),
[2024-12-31 17:00:36,019][flwr][INFO] - 	              (2, 0.098),
[2024-12-31 17:00:36,019][flwr][INFO] - 	              (3, 0.1028),
[2024-12-31 17:00:36,019][flwr][INFO] - 	              (4, 0.0974),
[2024-12-31 17:00:36,019][flwr][INFO] - 	              (5, 0.1032),
[2024-12-31 17:00:36,019][flwr][INFO] - 	              (6, 0.1028),
[2024-12-31 17:00:36,019][flwr][INFO] - 	              (7, 0.101),
[2024-12-31 17:00:36,019][flwr][INFO] - 	              (8, 0.0974),
[2024-12-31 17:00:36,019][flwr][INFO] - 	              (9, 0.098),
[2024-12-31 17:00:36,019][flwr][INFO] - 	              (10, 0.0958)]}
[2024-12-31 17:00:36,019][flwr][INFO] - 
