[2025-01-07 20:40:13,523][flwr][INFO] - Starting Flower simulation, config: num_rounds=15, no round_timeout
[2025-01-07 20:40:17,103][flwr][INFO] - Flower VCE: Ray initialized with resources: {'node:__internal_head__': 1.0, 'object_store_memory': 3160907366.0, 'memory': 6321814734.0, 'CPU': 12.0, 'node:192.168.1.11': 1.0}
[2025-01-07 20:40:17,103][flwr][INFO] - Optimize your simulation with Flower VCE: https://flower.ai/docs/framework/how-to-run-simulations.html
[2025-01-07 20:40:17,103][flwr][INFO] - Flower VCE: Resources for each Virtual Client: {'num_cpus': 2, 'num_gpus': 0}
[2025-01-07 20:40:17,112][flwr][INFO] - Flower VCE: Creating VirtualClientEngineActorPool with 6 actors
[2025-01-07 20:40:17,112][flwr][INFO] - [INIT]
[2025-01-07 20:40:17,112][flwr][INFO] - Requesting initial parameters from one random client
[2025-01-07 20:40:19,789][flwr][INFO] - Received initial parameters from one random client
[2025-01-07 20:40:19,790][flwr][INFO] - Starting evaluation of initial global parameters
[2025-01-07 20:40:21,065][flwr][INFO] - initial parameters (loss, other metrics): 182.72239637374878, {'accuracy': 0.0854}
[2025-01-07 20:40:21,065][flwr][INFO] - 
[2025-01-07 20:40:21,065][flwr][INFO] - [ROUND 1]
[2025-01-07 20:40:21,066][flwr][INFO] - configure_fit: strategy sampled 2 clients (out of 5)
[2025-01-07 20:40:42,128][flwr][INFO] - aggregate_fit: received 2 results and 0 failures
[2025-01-07 20:40:42,132][flwr][WARNING] - No fit_metrics_aggregation_fn provided
[2025-01-07 20:40:43,488][flwr][INFO] - fit progress: (1, 181.83765816688538, {'accuracy': 0.1135}, 22.422944523998012)
[2025-01-07 20:40:43,489][flwr][INFO] - configure_evaluate: strategy sampled 2 clients (out of 5)
[2025-01-07 20:40:43,973][flwr][INFO] - aggregate_evaluate: received 2 results and 0 failures
[2025-01-07 20:40:43,973][flwr][WARNING] - No evaluate_metrics_aggregation_fn provided
[2025-01-07 20:40:43,973][flwr][INFO] - 
[2025-01-07 20:40:43,973][flwr][INFO] - [ROUND 2]
[2025-01-07 20:40:43,973][flwr][INFO] - configure_fit: strategy sampled 2 clients (out of 5)
[2025-01-07 20:41:00,012][flwr][INFO] - aggregate_fit: received 2 results and 0 failures
[2025-01-07 20:41:01,428][flwr][INFO] - fit progress: (2, 182.27093410491943, {'accuracy': 0.1135}, 40.36279558100068)
[2025-01-07 20:41:01,428][flwr][INFO] - configure_evaluate: strategy sampled 2 clients (out of 5)
[2025-01-07 20:41:01,969][flwr][INFO] - aggregate_evaluate: received 2 results and 0 failures
[2025-01-07 20:41:01,969][flwr][INFO] - 
[2025-01-07 20:41:01,969][flwr][INFO] - [ROUND 3]
[2025-01-07 20:41:01,969][flwr][INFO] - configure_fit: strategy sampled 2 clients (out of 5)
[2025-01-07 20:41:18,105][flwr][INFO] - aggregate_fit: received 2 results and 0 failures
[2025-01-07 20:41:19,781][flwr][INFO] - fit progress: (3, 182.00988030433655, {'accuracy': 0.1135}, 58.7161980009987)
[2025-01-07 20:41:19,782][flwr][INFO] - configure_evaluate: strategy sampled 2 clients (out of 5)
[2025-01-07 20:41:20,216][flwr][INFO] - aggregate_evaluate: received 2 results and 0 failures
[2025-01-07 20:41:20,216][flwr][INFO] - 
[2025-01-07 20:41:20,216][flwr][INFO] - [ROUND 4]
[2025-01-07 20:41:20,216][flwr][INFO] - configure_fit: strategy sampled 2 clients (out of 5)
[2025-01-07 20:41:36,236][flwr][INFO] - aggregate_fit: received 2 results and 0 failures
[2025-01-07 20:41:37,781][flwr][INFO] - fit progress: (4, 182.04043793678284, {'accuracy': 0.1028}, 76.7159071510032)
[2025-01-07 20:41:37,781][flwr][INFO] - configure_evaluate: strategy sampled 2 clients (out of 5)
[2025-01-07 20:41:38,213][flwr][INFO] - aggregate_evaluate: received 2 results and 0 failures
[2025-01-07 20:41:38,213][flwr][INFO] - 
[2025-01-07 20:41:38,213][flwr][INFO] - [ROUND 5]
[2025-01-07 20:41:38,213][flwr][INFO] - configure_fit: strategy sampled 2 clients (out of 5)
[2025-01-07 20:41:53,977][flwr][INFO] - aggregate_fit: received 2 results and 0 failures
[2025-01-07 20:41:55,359][flwr][INFO] - fit progress: (5, 181.89299392700195, {'accuracy': 0.1135}, 94.29355096400104)
[2025-01-07 20:41:55,359][flwr][INFO] - configure_evaluate: strategy sampled 2 clients (out of 5)
[2025-01-07 20:41:55,815][flwr][INFO] - aggregate_evaluate: received 2 results and 0 failures
[2025-01-07 20:41:55,815][flwr][INFO] - 
[2025-01-07 20:41:55,815][flwr][INFO] - [ROUND 6]
[2025-01-07 20:41:55,816][flwr][INFO] - configure_fit: strategy sampled 2 clients (out of 5)
[2025-01-07 20:42:11,653][flwr][INFO] - aggregate_fit: received 2 results and 0 failures
[2025-01-07 20:42:13,427][flwr][INFO] - fit progress: (6, 182.35339403152466, {'accuracy': 0.0974}, 112.36187251599767)
[2025-01-07 20:42:13,427][flwr][INFO] - configure_evaluate: strategy sampled 2 clients (out of 5)
[2025-01-07 20:42:13,952][flwr][INFO] - aggregate_evaluate: received 2 results and 0 failures
[2025-01-07 20:42:13,953][flwr][INFO] - 
[2025-01-07 20:42:13,953][flwr][INFO] - [ROUND 7]
[2025-01-07 20:42:13,953][flwr][INFO] - configure_fit: strategy sampled 2 clients (out of 5)
[2025-01-07 20:42:29,751][flwr][INFO] - aggregate_fit: received 2 results and 0 failures
[2025-01-07 20:42:31,302][flwr][INFO] - fit progress: (7, 182.03167247772217, {'accuracy': 0.1028}, 130.23647916100163)
[2025-01-07 20:42:31,302][flwr][INFO] - configure_evaluate: strategy sampled 2 clients (out of 5)
[2025-01-07 20:42:31,813][flwr][INFO] - aggregate_evaluate: received 2 results and 0 failures
[2025-01-07 20:42:31,814][flwr][INFO] - 
[2025-01-07 20:42:31,814][flwr][INFO] - [ROUND 8]
[2025-01-07 20:42:31,814][flwr][INFO] - configure_fit: strategy sampled 2 clients (out of 5)
[2025-01-07 20:42:47,707][flwr][INFO] - aggregate_fit: received 2 results and 0 failures
[2025-01-07 20:42:49,538][flwr][INFO] - fit progress: (8, 182.00769639015198, {'accuracy': 0.0958}, 148.47221290999732)
[2025-01-07 20:42:49,538][flwr][INFO] - configure_evaluate: strategy sampled 2 clients (out of 5)
[2025-01-07 20:42:49,994][flwr][INFO] - aggregate_evaluate: received 2 results and 0 failures
[2025-01-07 20:42:49,994][flwr][INFO] - 
[2025-01-07 20:42:49,994][flwr][INFO] - [ROUND 9]
[2025-01-07 20:42:49,995][flwr][INFO] - configure_fit: strategy sampled 2 clients (out of 5)
[2025-01-07 20:43:06,171][flwr][INFO] - aggregate_fit: received 2 results and 0 failures
[2025-01-07 20:43:07,464][flwr][INFO] - fit progress: (9, 182.23304104804993, {'accuracy': 0.0974}, 166.39906431399868)
[2025-01-07 20:43:07,465][flwr][INFO] - configure_evaluate: strategy sampled 2 clients (out of 5)
[2025-01-07 20:43:07,920][flwr][INFO] - aggregate_evaluate: received 2 results and 0 failures
[2025-01-07 20:43:07,920][flwr][INFO] - 
[2025-01-07 20:43:07,920][flwr][INFO] - [ROUND 10]
[2025-01-07 20:43:07,921][flwr][INFO] - configure_fit: strategy sampled 2 clients (out of 5)
[2025-01-07 20:43:23,928][flwr][INFO] - aggregate_fit: received 2 results and 0 failures
[2025-01-07 20:43:25,475][flwr][INFO] - fit progress: (10, 182.03968930244446, {'accuracy': 0.1135}, 184.4101879660011)
[2025-01-07 20:43:25,476][flwr][INFO] - configure_evaluate: strategy sampled 2 clients (out of 5)
[2025-01-07 20:43:25,914][flwr][INFO] - aggregate_evaluate: received 2 results and 0 failures
[2025-01-07 20:43:25,914][flwr][INFO] - 
[2025-01-07 20:43:25,914][flwr][INFO] - [ROUND 11]
[2025-01-07 20:43:25,914][flwr][INFO] - configure_fit: strategy sampled 2 clients (out of 5)
[2025-01-07 20:43:41,648][flwr][INFO] - aggregate_fit: received 2 results and 0 failures
[2025-01-07 20:43:43,009][flwr][INFO] - fit progress: (11, 182.30980515480042, {'accuracy': 0.1135}, 201.94321032099833)
[2025-01-07 20:43:43,009][flwr][INFO] - configure_evaluate: strategy sampled 2 clients (out of 5)
[2025-01-07 20:43:43,517][flwr][INFO] - aggregate_evaluate: received 2 results and 0 failures
[2025-01-07 20:43:43,518][flwr][INFO] - 
[2025-01-07 20:43:43,518][flwr][INFO] - [ROUND 12]
[2025-01-07 20:43:43,518][flwr][INFO] - configure_fit: strategy sampled 2 clients (out of 5)
[2025-01-07 20:43:59,378][flwr][INFO] - aggregate_fit: received 2 results and 0 failures
[2025-01-07 20:44:00,981][flwr][INFO] - fit progress: (12, 182.4166796207428, {'accuracy': 0.0958}, 219.9159516830041)
[2025-01-07 20:44:00,982][flwr][INFO] - configure_evaluate: strategy sampled 2 clients (out of 5)
[2025-01-07 20:44:01,445][flwr][INFO] - aggregate_evaluate: received 2 results and 0 failures
[2025-01-07 20:44:01,445][flwr][INFO] - 
[2025-01-07 20:44:01,445][flwr][INFO] - [ROUND 13]
[2025-01-07 20:44:01,445][flwr][INFO] - configure_fit: strategy sampled 2 clients (out of 5)
[2025-01-07 20:44:17,050][flwr][INFO] - aggregate_fit: received 2 results and 0 failures
[2025-01-07 20:44:18,566][flwr][INFO] - fit progress: (13, 181.8802192211151, {'accuracy': 0.1135}, 237.50092322500132)
[2025-01-07 20:44:18,566][flwr][INFO] - configure_evaluate: strategy sampled 2 clients (out of 5)
[2025-01-07 20:44:19,062][flwr][INFO] - aggregate_evaluate: received 2 results and 0 failures
[2025-01-07 20:44:19,062][flwr][INFO] - 
[2025-01-07 20:44:19,062][flwr][INFO] - [ROUND 14]
[2025-01-07 20:44:19,062][flwr][INFO] - configure_fit: strategy sampled 2 clients (out of 5)
[2025-01-07 20:44:34,900][flwr][INFO] - aggregate_fit: received 2 results and 0 failures
[2025-01-07 20:44:36,346][flwr][INFO] - fit progress: (14, 181.98797369003296, {'accuracy': 0.1135}, 255.280495357998)
[2025-01-07 20:44:36,346][flwr][INFO] - configure_evaluate: strategy sampled 2 clients (out of 5)
[2025-01-07 20:44:36,809][flwr][INFO] - aggregate_evaluate: received 2 results and 0 failures
[2025-01-07 20:44:36,809][flwr][INFO] - 
[2025-01-07 20:44:36,809][flwr][INFO] - [ROUND 15]
[2025-01-07 20:44:36,810][flwr][INFO] - configure_fit: strategy sampled 2 clients (out of 5)
[2025-01-07 20:44:52,660][flwr][INFO] - aggregate_fit: received 2 results and 0 failures
[2025-01-07 20:44:54,270][flwr][INFO] - fit progress: (15, 181.8851602077484, {'accuracy': 0.1135}, 273.2042364450026)
[2025-01-07 20:44:54,270][flwr][INFO] - configure_evaluate: strategy sampled 2 clients (out of 5)
[2025-01-07 20:44:54,723][flwr][INFO] - aggregate_evaluate: received 2 results and 0 failures
[2025-01-07 20:44:54,723][flwr][INFO] - 
[2025-01-07 20:44:54,723][flwr][INFO] - [SUMMARY]
[2025-01-07 20:44:54,723][flwr][INFO] - Run finished 15 round(s) in 273.66s
[2025-01-07 20:44:54,724][flwr][INFO] - 	History (loss, distributed):
[2025-01-07 20:44:54,724][flwr][INFO] - 		round 1: 87.5171548128128
[2025-01-07 20:44:54,724][flwr][INFO] - 		round 2: 87.71307647228241
[2025-01-07 20:44:54,724][flwr][INFO] - 		round 3: 87.6446408033371
[2025-01-07 20:44:54,724][flwr][INFO] - 		round 4: 87.55855965614319
[2025-01-07 20:44:54,724][flwr][INFO] - 		round 5: 87.5403264760971
[2025-01-07 20:44:54,725][flwr][INFO] - 		round 6: 87.7042692899704
[2025-01-07 20:44:54,725][flwr][INFO] - 		round 7: 87.57905149459839
[2025-01-07 20:44:54,725][flwr][INFO] - 		round 8: 87.58663320541382
[2025-01-07 20:44:54,725][flwr][INFO] - 		round 9: 87.7681497335434
[2025-01-07 20:44:54,725][flwr][INFO] - 		round 10: 87.51210296154022
[2025-01-07 20:44:54,725][flwr][INFO] - 		round 11: 87.6064100265503
[2025-01-07 20:44:54,725][flwr][INFO] - 		round 12: 87.89146542549133
[2025-01-07 20:44:54,725][flwr][INFO] - 		round 13: 87.53972005844116
[2025-01-07 20:44:54,725][flwr][INFO] - 		round 14: 87.61759305000305
[2025-01-07 20:44:54,725][flwr][INFO] - 		round 15: 87.4701156616211
[2025-01-07 20:44:54,725][flwr][INFO] - 	History (loss, centralized):
[2025-01-07 20:44:54,725][flwr][INFO] - 		round 0: 182.72239637374878
[2025-01-07 20:44:54,726][flwr][INFO] - 		round 1: 181.83765816688538
[2025-01-07 20:44:54,726][flwr][INFO] - 		round 2: 182.27093410491943
[2025-01-07 20:44:54,726][flwr][INFO] - 		round 3: 182.00988030433655
[2025-01-07 20:44:54,726][flwr][INFO] - 		round 4: 182.04043793678284
[2025-01-07 20:44:54,726][flwr][INFO] - 		round 5: 181.89299392700195
[2025-01-07 20:44:54,726][flwr][INFO] - 		round 6: 182.35339403152466
[2025-01-07 20:44:54,726][flwr][INFO] - 		round 7: 182.03167247772217
[2025-01-07 20:44:54,726][flwr][INFO] - 		round 8: 182.00769639015198
[2025-01-07 20:44:54,726][flwr][INFO] - 		round 9: 182.23304104804993
[2025-01-07 20:44:54,726][flwr][INFO] - 		round 10: 182.03968930244446
[2025-01-07 20:44:54,726][flwr][INFO] - 		round 11: 182.30980515480042
[2025-01-07 20:44:54,726][flwr][INFO] - 		round 12: 182.4166796207428
[2025-01-07 20:44:54,726][flwr][INFO] - 		round 13: 181.8802192211151
[2025-01-07 20:44:54,727][flwr][INFO] - 		round 14: 181.98797369003296
[2025-01-07 20:44:54,727][flwr][INFO] - 		round 15: 181.8851602077484
[2025-01-07 20:44:54,727][flwr][INFO] - 	History (metrics, centralized):
[2025-01-07 20:44:54,727][flwr][INFO] - 	{'accuracy': [(0, 0.0854),
[2025-01-07 20:44:54,727][flwr][INFO] - 	              (1, 0.1135),
[2025-01-07 20:44:54,727][flwr][INFO] - 	              (2, 0.1135),
[2025-01-07 20:44:54,727][flwr][INFO] - 	              (3, 0.1135),
[2025-01-07 20:44:54,727][flwr][INFO] - 	              (4, 0.1028),
[2025-01-07 20:44:54,727][flwr][INFO] - 	              (5, 0.1135),
[2025-01-07 20:44:54,727][flwr][INFO] - 	              (6, 0.0974),
[2025-01-07 20:44:54,727][flwr][INFO] - 	              (7, 0.1028),
[2025-01-07 20:44:54,727][flwr][INFO] - 	              (8, 0.0958),
[2025-01-07 20:44:54,728][flwr][INFO] - 	              (9, 0.0974),
[2025-01-07 20:44:54,728][flwr][INFO] - 	              (10, 0.1135),
[2025-01-07 20:44:54,728][flwr][INFO] - 	              (11, 0.1135),
[2025-01-07 20:44:54,728][flwr][INFO] - 	              (12, 0.0958),
[2025-01-07 20:44:54,728][flwr][INFO] - 	              (13, 0.1135),
[2025-01-07 20:44:54,728][flwr][INFO] - 	              (14, 0.1135),
[2025-01-07 20:44:54,728][flwr][INFO] - 	              (15, 0.1135)]}
[2025-01-07 20:44:54,728][flwr][INFO] - 
