[2024-12-31 15:00:48,919][flwr][INFO] - Starting Flower simulation, config: num_rounds=10, no round_timeout
[2024-12-31 15:00:52,337][flwr][INFO] - Flower VCE: Ray initialized with resources: {'node:__internal_head__': 1.0, 'CPU': 12.0, 'node:192.168.1.11': 1.0, 'memory': 6230185575.0, 'object_store_memory': 3115092787.0}
[2024-12-31 15:00:52,338][flwr][INFO] - Optimize your simulation with Flower VCE: https://flower.ai/docs/framework/how-to-run-simulations.html
[2024-12-31 15:00:52,338][flwr][INFO] - Flower VCE: Resources for each Virtual Client: {'num_cpus': 2, 'num_gpus': 0}
[2024-12-31 15:00:52,344][flwr][INFO] - Flower VCE: Creating VirtualClientEngineActorPool with 6 actors
[2024-12-31 15:00:52,345][flwr][INFO] - [INIT]
[2024-12-31 15:00:52,345][flwr][INFO] - Using initial global parameters provided by strategy
[2024-12-31 15:00:52,345][flwr][INFO] - Starting evaluation of initial global parameters
[2024-12-31 15:00:55,318][flwr][INFO] - initial parameters (loss, other metrics): 182.40959286689758, {'accuracy': 0.0967}
[2024-12-31 15:00:55,319][flwr][INFO] - 
[2024-12-31 15:00:55,319][flwr][INFO] - [ROUND 1]
[2024-12-31 15:00:55,319][flwr][INFO] - configure_fit: strategy sampled 2 clients (out of 10)
[2024-12-31 15:01:13,220][flwr][INFO] - aggregate_fit: received 2 results and 0 failures
[2024-12-31 15:01:13,224][flwr][WARNING] - No fit_metrics_aggregation_fn provided
[2024-12-31 15:01:14,794][flwr][INFO] - fit progress: (1, 182.04950165748596, {'accuracy': 0.098}, 19.4754576070045)
[2024-12-31 15:01:14,794][flwr][INFO] - configure_evaluate: strategy sampled 5 clients (out of 10)
[2024-12-31 15:01:18,504][flwr][INFO] - aggregate_evaluate: received 5 results and 0 failures
[2024-12-31 15:01:18,504][flwr][WARNING] - No evaluate_metrics_aggregation_fn provided
[2024-12-31 15:01:18,504][flwr][INFO] - 
[2024-12-31 15:01:18,504][flwr][INFO] - [ROUND 2]
[2024-12-31 15:01:18,505][flwr][INFO] - configure_fit: strategy sampled 2 clients (out of 10)
[2024-12-31 15:01:30,401][flwr][INFO] - aggregate_fit: received 2 results and 0 failures
[2024-12-31 15:01:32,003][flwr][INFO] - fit progress: (2, 181.95633220672607, {'accuracy': 0.1009}, 36.684462778001034)
[2024-12-31 15:01:32,003][flwr][INFO] - configure_evaluate: strategy sampled 5 clients (out of 10)
[2024-12-31 15:01:32,825][flwr][INFO] - aggregate_evaluate: received 5 results and 0 failures
[2024-12-31 15:01:32,826][flwr][INFO] - 
[2024-12-31 15:01:32,826][flwr][INFO] - [ROUND 3]
[2024-12-31 15:01:32,826][flwr][INFO] - configure_fit: strategy sampled 2 clients (out of 10)
[2024-12-31 15:01:50,535][flwr][INFO] - aggregate_fit: received 2 results and 0 failures
[2024-12-31 15:01:52,972][flwr][INFO] - fit progress: (3, 181.87843203544617, {'accuracy': 0.1135}, 57.65298607300065)
[2024-12-31 15:01:52,972][flwr][INFO] - configure_evaluate: strategy sampled 5 clients (out of 10)
[2024-12-31 15:01:53,791][flwr][INFO] - aggregate_evaluate: received 5 results and 0 failures
[2024-12-31 15:01:53,791][flwr][INFO] - 
[2024-12-31 15:01:53,791][flwr][INFO] - [ROUND 4]
[2024-12-31 15:01:53,792][flwr][INFO] - configure_fit: strategy sampled 2 clients (out of 10)
[2024-12-31 15:02:06,606][flwr][INFO] - aggregate_fit: received 2 results and 0 failures
[2024-12-31 15:02:07,916][flwr][INFO] - fit progress: (4, 181.84627556800842, {'accuracy': 0.1135}, 72.59750421100034)
[2024-12-31 15:02:07,916][flwr][INFO] - configure_evaluate: strategy sampled 5 clients (out of 10)
[2024-12-31 15:02:08,711][flwr][INFO] - aggregate_evaluate: received 5 results and 0 failures
[2024-12-31 15:02:08,712][flwr][INFO] - 
[2024-12-31 15:02:08,712][flwr][INFO] - [ROUND 5]
[2024-12-31 15:02:08,712][flwr][INFO] - configure_fit: strategy sampled 2 clients (out of 10)
[2024-12-31 15:02:20,787][flwr][INFO] - aggregate_fit: received 2 results and 0 failures
[2024-12-31 15:02:22,156][flwr][INFO] - fit progress: (5, 181.87495946884155, {'accuracy': 0.0982}, 86.8376007820043)
[2024-12-31 15:02:22,156][flwr][INFO] - configure_evaluate: strategy sampled 5 clients (out of 10)
[2024-12-31 15:02:23,031][flwr][INFO] - aggregate_evaluate: received 5 results and 0 failures
[2024-12-31 15:02:23,031][flwr][INFO] - 
[2024-12-31 15:02:23,031][flwr][INFO] - [ROUND 6]
[2024-12-31 15:02:23,031][flwr][INFO] - configure_fit: strategy sampled 2 clients (out of 10)
[2024-12-31 15:02:35,526][flwr][INFO] - aggregate_fit: received 2 results and 0 failures
[2024-12-31 15:02:37,098][flwr][INFO] - fit progress: (6, 181.8244879245758, {'accuracy': 0.1135}, 101.77948375000415)
[2024-12-31 15:02:37,098][flwr][INFO] - configure_evaluate: strategy sampled 5 clients (out of 10)
[2024-12-31 15:02:37,947][flwr][INFO] - aggregate_evaluate: received 5 results and 0 failures
[2024-12-31 15:02:37,947][flwr][INFO] - 
[2024-12-31 15:02:37,947][flwr][INFO] - [ROUND 7]
[2024-12-31 15:02:37,948][flwr][INFO] - configure_fit: strategy sampled 2 clients (out of 10)
[2024-12-31 15:02:50,921][flwr][INFO] - aggregate_fit: received 2 results and 0 failures
[2024-12-31 15:02:53,075][flwr][INFO] - fit progress: (7, 181.82331609725952, {'accuracy': 0.1135}, 117.75629022200155)
[2024-12-31 15:02:53,075][flwr][INFO] - configure_evaluate: strategy sampled 5 clients (out of 10)
[2024-12-31 15:02:53,909][flwr][INFO] - aggregate_evaluate: received 5 results and 0 failures
[2024-12-31 15:02:53,909][flwr][INFO] - 
[2024-12-31 15:02:53,909][flwr][INFO] - [ROUND 8]
[2024-12-31 15:02:53,909][flwr][INFO] - configure_fit: strategy sampled 2 clients (out of 10)
[2024-12-31 15:03:07,107][flwr][INFO] - aggregate_fit: received 2 results and 0 failures
[2024-12-31 15:03:08,405][flwr][INFO] - fit progress: (8, 181.81246662139893, {'accuracy': 0.1135}, 133.0861006720006)
[2024-12-31 15:03:08,405][flwr][INFO] - configure_evaluate: strategy sampled 5 clients (out of 10)
[2024-12-31 15:03:09,177][flwr][INFO] - aggregate_evaluate: received 5 results and 0 failures
[2024-12-31 15:03:09,178][flwr][INFO] - 
[2024-12-31 15:03:09,178][flwr][INFO] - [ROUND 9]
[2024-12-31 15:03:09,178][flwr][INFO] - configure_fit: strategy sampled 2 clients (out of 10)
[2024-12-31 15:03:21,705][flwr][INFO] - aggregate_fit: received 2 results and 0 failures
[2024-12-31 15:03:23,678][flwr][INFO] - fit progress: (9, 181.81380796432495, {'accuracy': 0.1135}, 148.35945468600403)
[2024-12-31 15:03:23,678][flwr][INFO] - configure_evaluate: strategy sampled 5 clients (out of 10)
[2024-12-31 15:03:24,491][flwr][INFO] - aggregate_evaluate: received 5 results and 0 failures
[2024-12-31 15:03:24,491][flwr][INFO] - 
[2024-12-31 15:03:24,491][flwr][INFO] - [ROUND 10]
[2024-12-31 15:03:24,491][flwr][INFO] - configure_fit: strategy sampled 2 clients (out of 10)
[2024-12-31 15:03:37,354][flwr][INFO] - aggregate_fit: received 2 results and 0 failures
[2024-12-31 15:03:39,291][flwr][INFO] - fit progress: (10, 181.7989296913147, {'accuracy': 0.1135}, 163.97248562500317)
[2024-12-31 15:03:39,291][flwr][INFO] - configure_evaluate: strategy sampled 5 clients (out of 10)
[2024-12-31 15:03:40,093][flwr][INFO] - aggregate_evaluate: received 5 results and 0 failures
[2024-12-31 15:03:40,093][flwr][INFO] - 
[2024-12-31 15:03:40,093][flwr][INFO] - [SUMMARY]
[2024-12-31 15:03:40,093][flwr][INFO] - Run finished 10 round(s) in 164.77s
[2024-12-31 15:03:40,094][flwr][INFO] - 	History (loss, distributed):
[2024-12-31 15:03:40,094][flwr][INFO] - 		round 1: 87.65909585952758
[2024-12-31 15:03:40,094][flwr][INFO] - 		round 2: 87.43271074295043
[2024-12-31 15:03:40,094][flwr][INFO] - 		round 3: 87.47814283370971
[2024-12-31 15:03:40,094][flwr][INFO] - 		round 4: 87.50459694862366
[2024-12-31 15:03:40,095][flwr][INFO] - 		round 5: 87.47382097244262
[2024-12-31 15:03:40,095][flwr][INFO] - 		round 6: 87.5152645111084
[2024-12-31 15:03:40,095][flwr][INFO] - 		round 7: 87.47716917991639
[2024-12-31 15:03:40,095][flwr][INFO] - 		round 8: 87.53502559661865
[2024-12-31 15:03:40,095][flwr][INFO] - 		round 9: 87.46804814338684
[2024-12-31 15:03:40,095][flwr][INFO] - 		round 10: 87.56054587364197
[2024-12-31 15:03:40,095][flwr][INFO] - 	History (loss, centralized):
[2024-12-31 15:03:40,095][flwr][INFO] - 		round 0: 182.40959286689758
[2024-12-31 15:03:40,095][flwr][INFO] - 		round 1: 182.04950165748596
[2024-12-31 15:03:40,096][flwr][INFO] - 		round 2: 181.95633220672607
[2024-12-31 15:03:40,096][flwr][INFO] - 		round 3: 181.87843203544617
[2024-12-31 15:03:40,096][flwr][INFO] - 		round 4: 181.84627556800842
[2024-12-31 15:03:40,096][flwr][INFO] - 		round 5: 181.87495946884155
[2024-12-31 15:03:40,096][flwr][INFO] - 		round 6: 181.8244879245758
[2024-12-31 15:03:40,096][flwr][INFO] - 		round 7: 181.82331609725952
[2024-12-31 15:03:40,096][flwr][INFO] - 		round 8: 181.81246662139893
[2024-12-31 15:03:40,096][flwr][INFO] - 		round 9: 181.81380796432495
[2024-12-31 15:03:40,096][flwr][INFO] - 		round 10: 181.7989296913147
[2024-12-31 15:03:40,096][flwr][INFO] - 	History (metrics, centralized):
[2024-12-31 15:03:40,097][flwr][INFO] - 	{'accuracy': [(0, 0.0967),
[2024-12-31 15:03:40,097][flwr][INFO] - 	              (1, 0.098),
[2024-12-31 15:03:40,097][flwr][INFO] - 	              (2, 0.1009),
[2024-12-31 15:03:40,097][flwr][INFO] - 	              (3, 0.1135),
[2024-12-31 15:03:40,097][flwr][INFO] - 	              (4, 0.1135),
[2024-12-31 15:03:40,097][flwr][INFO] - 	              (5, 0.0982),
[2024-12-31 15:03:40,097][flwr][INFO] - 	              (6, 0.1135),
[2024-12-31 15:03:40,097][flwr][INFO] - 	              (7, 0.1135),
[2024-12-31 15:03:40,097][flwr][INFO] - 	              (8, 0.1135),
[2024-12-31 15:03:40,097][flwr][INFO] - 	              (9, 0.1135),
[2024-12-31 15:03:40,098][flwr][INFO] - 	              (10, 0.1135)]}
[2024-12-31 15:03:40,098][flwr][INFO] - 
