[2024-12-31 14:05:00,142][flwr][INFO] - Starting Flower simulation, config: num_rounds=10, no round_timeout
[2024-12-31 14:05:03,509][flwr][INFO] - Flower VCE: Ray initialized with resources: {'object_store_memory': 3185655398.0, 'memory': 6371310798.0, 'CPU': 12.0, 'node:192.168.1.11': 1.0, 'node:__internal_head__': 1.0}
[2024-12-31 14:05:03,509][flwr][INFO] - Optimize your simulation with Flower VCE: https://flower.ai/docs/framework/how-to-run-simulations.html
[2024-12-31 14:05:03,509][flwr][INFO] - Flower VCE: Resources for each Virtual Client: {'num_cpus': 2, 'num_gpus': 0}
[2024-12-31 14:05:03,516][flwr][INFO] - Flower VCE: Creating VirtualClientEngineActorPool with 6 actors
[2024-12-31 14:05:03,516][flwr][INFO] - [INIT]
[2024-12-31 14:05:03,516][flwr][INFO] - Using initial global parameters provided by strategy
[2024-12-31 14:05:03,516][flwr][INFO] - Starting evaluation of initial global parameters
[2024-12-31 14:05:05,843][flwr][INFO] - initial parameters (loss, other metrics): 182.1943371295929, {'accuracy': 0.0932}
[2024-12-31 14:05:05,844][flwr][INFO] - 
[2024-12-31 14:05:05,844][flwr][INFO] - [ROUND 1]
[2024-12-31 14:05:05,844][flwr][INFO] - configure_fit: strategy sampled 2 clients (out of 10)
[2024-12-31 14:05:15,933][flwr][INFO] - aggregate_fit: received 2 results and 0 failures
[2024-12-31 14:05:15,939][flwr][WARNING] - No fit_metrics_aggregation_fn provided
[2024-12-31 14:05:17,102][flwr][INFO] - fit progress: (1, 20.010857766494155, {'accuracy': 0.9434}, 11.257809968999936)
[2024-12-31 14:05:17,102][flwr][INFO] - configure_evaluate: strategy sampled 2 clients (out of 10)
[2024-12-31 14:05:17,472][flwr][INFO] - aggregate_evaluate: received 2 results and 0 failures
[2024-12-31 14:05:17,472][flwr][WARNING] - No evaluate_metrics_aggregation_fn provided
[2024-12-31 14:05:17,472][flwr][INFO] - 
[2024-12-31 14:05:17,472][flwr][INFO] - [ROUND 2]
[2024-12-31 14:05:17,473][flwr][INFO] - configure_fit: strategy sampled 2 clients (out of 10)
[2024-12-31 14:05:25,792][flwr][INFO] - aggregate_fit: received 2 results and 0 failures
[2024-12-31 14:05:26,875][flwr][INFO] - fit progress: (2, 35.90476819872856, {'accuracy': 0.9079}, 21.031073805999768)
[2024-12-31 14:05:26,875][flwr][INFO] - configure_evaluate: strategy sampled 2 clients (out of 10)
[2024-12-31 14:05:27,265][flwr][INFO] - aggregate_evaluate: received 2 results and 0 failures
[2024-12-31 14:05:27,265][flwr][INFO] - 
[2024-12-31 14:05:27,265][flwr][INFO] - [ROUND 3]
[2024-12-31 14:05:27,265][flwr][INFO] - configure_fit: strategy sampled 2 clients (out of 10)
[2024-12-31 14:05:36,000][flwr][INFO] - aggregate_fit: received 2 results and 0 failures
[2024-12-31 14:05:37,501][flwr][INFO] - fit progress: (3, 182.2094910144806, {'accuracy': 0.1028}, 31.657111165004608)
[2024-12-31 14:05:37,501][flwr][INFO] - configure_evaluate: strategy sampled 2 clients (out of 10)
[2024-12-31 14:05:37,865][flwr][INFO] - aggregate_evaluate: received 2 results and 0 failures
[2024-12-31 14:05:37,865][flwr][INFO] - 
[2024-12-31 14:05:37,865][flwr][INFO] - [ROUND 4]
[2024-12-31 14:05:37,866][flwr][INFO] - configure_fit: strategy sampled 2 clients (out of 10)
[2024-12-31 14:05:45,695][flwr][INFO] - aggregate_fit: received 2 results and 0 failures
[2024-12-31 14:05:46,882][flwr][INFO] - fit progress: (4, 181.93801093101501, {'accuracy': 0.101}, 41.03864368700306)
[2024-12-31 14:05:46,883][flwr][INFO] - configure_evaluate: strategy sampled 2 clients (out of 10)
[2024-12-31 14:05:47,279][flwr][INFO] - aggregate_evaluate: received 2 results and 0 failures
[2024-12-31 14:05:47,280][flwr][INFO] - 
[2024-12-31 14:05:47,280][flwr][INFO] - [ROUND 5]
[2024-12-31 14:05:47,280][flwr][INFO] - configure_fit: strategy sampled 2 clients (out of 10)
[2024-12-31 14:05:55,087][flwr][INFO] - aggregate_fit: received 2 results and 0 failures
[2024-12-31 14:05:56,555][flwr][INFO] - fit progress: (5, 182.09069561958313, {'accuracy': 0.101}, 50.711586621000606)
[2024-12-31 14:05:56,556][flwr][INFO] - configure_evaluate: strategy sampled 2 clients (out of 10)
[2024-12-31 14:05:56,870][flwr][INFO] - aggregate_evaluate: received 2 results and 0 failures
[2024-12-31 14:05:56,871][flwr][INFO] - 
[2024-12-31 14:05:56,871][flwr][INFO] - [ROUND 6]
[2024-12-31 14:05:56,871][flwr][INFO] - configure_fit: strategy sampled 2 clients (out of 10)
[2024-12-31 14:06:04,746][flwr][INFO] - aggregate_fit: received 2 results and 0 failures
[2024-12-31 14:06:05,999][flwr][INFO] - fit progress: (6, 181.8756709098816, {'accuracy': 0.1135}, 60.15559640699939)
[2024-12-31 14:06:06,000][flwr][INFO] - configure_evaluate: strategy sampled 2 clients (out of 10)
[2024-12-31 14:06:06,375][flwr][INFO] - aggregate_evaluate: received 2 results and 0 failures
[2024-12-31 14:06:06,375][flwr][INFO] - 
[2024-12-31 14:06:06,375][flwr][INFO] - [ROUND 7]
[2024-12-31 14:06:06,375][flwr][INFO] - configure_fit: strategy sampled 2 clients (out of 10)
[2024-12-31 14:06:14,276][flwr][INFO] - aggregate_fit: received 2 results and 0 failures
[2024-12-31 14:06:16,072][flwr][INFO] - fit progress: (7, 182.18066453933716, {'accuracy': 0.1009}, 70.2281740239996)
[2024-12-31 14:06:16,072][flwr][INFO] - configure_evaluate: strategy sampled 2 clients (out of 10)
[2024-12-31 14:06:16,379][flwr][INFO] - aggregate_evaluate: received 2 results and 0 failures
[2024-12-31 14:06:16,380][flwr][INFO] - 
[2024-12-31 14:06:16,380][flwr][INFO] - [ROUND 8]
[2024-12-31 14:06:16,380][flwr][INFO] - configure_fit: strategy sampled 2 clients (out of 10)
[2024-12-31 14:06:24,252][flwr][INFO] - aggregate_fit: received 2 results and 0 failures
[2024-12-31 14:06:25,415][flwr][INFO] - fit progress: (8, 182.03046822547913, {'accuracy': 0.1032}, 79.5707707420006)
[2024-12-31 14:06:25,415][flwr][INFO] - configure_evaluate: strategy sampled 2 clients (out of 10)
[2024-12-31 14:06:25,782][flwr][INFO] - aggregate_evaluate: received 2 results and 0 failures
[2024-12-31 14:06:25,782][flwr][INFO] - 
[2024-12-31 14:06:25,782][flwr][INFO] - [ROUND 9]
[2024-12-31 14:06:25,782][flwr][INFO] - configure_fit: strategy sampled 2 clients (out of 10)
[2024-12-31 14:06:33,642][flwr][INFO] - aggregate_fit: received 2 results and 0 failures
[2024-12-31 14:06:35,374][flwr][INFO] - fit progress: (9, 182.0298788547516, {'accuracy': 0.0958}, 89.53065232600056)
[2024-12-31 14:06:35,375][flwr][INFO] - configure_evaluate: strategy sampled 2 clients (out of 10)
[2024-12-31 14:06:35,728][flwr][INFO] - aggregate_evaluate: received 2 results and 0 failures
[2024-12-31 14:06:35,728][flwr][INFO] - 
[2024-12-31 14:06:35,728][flwr][INFO] - [ROUND 10]
[2024-12-31 14:06:35,729][flwr][INFO] - configure_fit: strategy sampled 2 clients (out of 10)
[2024-12-31 14:06:43,437][flwr][INFO] - aggregate_fit: received 2 results and 0 failures
[2024-12-31 14:06:44,675][flwr][INFO] - fit progress: (10, 181.95662379264832, {'accuracy': 0.1032}, 98.83080770300148)
[2024-12-31 14:06:44,675][flwr][INFO] - configure_evaluate: strategy sampled 2 clients (out of 10)
[2024-12-31 14:06:45,050][flwr][INFO] - aggregate_evaluate: received 2 results and 0 failures
[2024-12-31 14:06:45,050][flwr][INFO] - 
[2024-12-31 14:06:45,050][flwr][INFO] - [SUMMARY]
[2024-12-31 14:06:45,050][flwr][INFO] - Run finished 10 round(s) in 99.21s
[2024-12-31 14:06:45,051][flwr][INFO] - 	History (loss, distributed):
[2024-12-31 14:06:45,051][flwr][INFO] - 		round 1: 5.105084084672853
[2024-12-31 14:06:45,051][flwr][INFO] - 		round 2: 7.386094147339463
[2024-12-31 14:06:45,051][flwr][INFO] - 		round 3: 43.793944239616394
[2024-12-31 14:06:45,051][flwr][INFO] - 		round 4: 43.70920932292938
[2024-12-31 14:06:45,051][flwr][INFO] - 		round 5: 43.73841989040375
[2024-12-31 14:06:45,051][flwr][INFO] - 		round 6: 43.758148074150085
[2024-12-31 14:06:45,051][flwr][INFO] - 		round 7: 43.82113754749298
[2024-12-31 14:06:45,051][flwr][INFO] - 		round 8: 43.7421532869339
[2024-12-31 14:06:45,052][flwr][INFO] - 		round 9: 43.807700991630554
[2024-12-31 14:06:45,052][flwr][INFO] - 		round 10: 43.692687034606934
[2024-12-31 14:06:45,052][flwr][INFO] - 	History (loss, centralized):
[2024-12-31 14:06:45,052][flwr][INFO] - 		round 0: 182.1943371295929
[2024-12-31 14:06:45,052][flwr][INFO] - 		round 1: 20.010857766494155
[2024-12-31 14:06:45,052][flwr][INFO] - 		round 2: 35.90476819872856
[2024-12-31 14:06:45,052][flwr][INFO] - 		round 3: 182.2094910144806
[2024-12-31 14:06:45,052][flwr][INFO] - 		round 4: 181.93801093101501
[2024-12-31 14:06:45,052][flwr][INFO] - 		round 5: 182.09069561958313
[2024-12-31 14:06:45,052][flwr][INFO] - 		round 6: 181.8756709098816
[2024-12-31 14:06:45,052][flwr][INFO] - 		round 7: 182.18066453933716
[2024-12-31 14:06:45,052][flwr][INFO] - 		round 8: 182.03046822547913
[2024-12-31 14:06:45,053][flwr][INFO] - 		round 9: 182.0298788547516
[2024-12-31 14:06:45,053][flwr][INFO] - 		round 10: 181.95662379264832
[2024-12-31 14:06:45,053][flwr][INFO] - 	History (metrics, centralized):
[2024-12-31 14:06:45,053][flwr][INFO] - 	{'accuracy': [(0, 0.0932),
[2024-12-31 14:06:45,053][flwr][INFO] - 	              (1, 0.9434),
[2024-12-31 14:06:45,053][flwr][INFO] - 	              (2, 0.9079),
[2024-12-31 14:06:45,053][flwr][INFO] - 	              (3, 0.1028),
[2024-12-31 14:06:45,053][flwr][INFO] - 	              (4, 0.101),
[2024-12-31 14:06:45,053][flwr][INFO] - 	              (5, 0.101),
[2024-12-31 14:06:45,053][flwr][INFO] - 	              (6, 0.1135),
[2024-12-31 14:06:45,053][flwr][INFO] - 	              (7, 0.1009),
[2024-12-31 14:06:45,053][flwr][INFO] - 	              (8, 0.1032),
[2024-12-31 14:06:45,054][flwr][INFO] - 	              (9, 0.0958),
[2024-12-31 14:06:45,054][flwr][INFO] - 	              (10, 0.1032)]}
[2024-12-31 14:06:45,054][flwr][INFO] - 
