[2025-01-07 22:49:02,763][flwr][INFO] - Starting Flower simulation, config: num_rounds=15, no round_timeout
[2025-01-07 22:49:06,338][flwr][INFO] - Flower VCE: Ray initialized with resources: {'node:192.168.1.11': 1.0, 'CPU': 12.0, 'object_store_memory': 3110807961.0, 'memory': 6221615924.0, 'node:__internal_head__': 1.0}
[2025-01-07 22:49:06,338][flwr][INFO] - Optimize your simulation with Flower VCE: https://flower.ai/docs/framework/how-to-run-simulations.html
[2025-01-07 22:49:06,338][flwr][INFO] - Flower VCE: Resources for each Virtual Client: {'num_cpus': 2, 'num_gpus': 0}
[2025-01-07 22:49:06,351][flwr][INFO] - Flower VCE: Creating VirtualClientEngineActorPool with 6 actors
[2025-01-07 22:49:06,351][flwr][INFO] - [INIT]
[2025-01-07 22:49:06,351][flwr][INFO] - Requesting initial parameters from one random client
[2025-01-07 22:49:08,655][flwr][INFO] - Received initial parameters from one random client
[2025-01-07 22:49:08,655][flwr][INFO] - Starting evaluation of initial global parameters
[2025-01-07 22:49:09,944][flwr][INFO] - initial parameters (loss, other metrics): 182.3234567642212, {'accuracy': 0.1017}
[2025-01-07 22:49:09,944][flwr][INFO] - 
[2025-01-07 22:49:09,944][flwr][INFO] - [ROUND 1]
[2025-01-07 22:49:09,944][flwr][INFO] - configure_fit: strategy sampled 2 clients (out of 10)
[2025-01-07 22:49:20,227][flwr][INFO] - aggregate_fit: received 2 results and 0 failures
[2025-01-07 22:49:20,230][flwr][WARNING] - No fit_metrics_aggregation_fn provided
[2025-01-07 22:49:21,858][flwr][INFO] - fit progress: (1, 80.83076280355453, {'accuracy': 0.8359}, 11.91419440000027)
[2025-01-07 22:49:21,858][flwr][INFO] - configure_evaluate: strategy sampled 3 clients (out of 10)
[2025-01-07 22:49:24,000][flwr][INFO] - aggregate_evaluate: received 3 results and 0 failures
[2025-01-07 22:49:24,000][flwr][WARNING] - No evaluate_metrics_aggregation_fn provided
[2025-01-07 22:49:24,000][flwr][INFO] - 
[2025-01-07 22:49:24,000][flwr][INFO] - [ROUND 2]
[2025-01-07 22:49:24,001][flwr][INFO] - configure_fit: strategy sampled 2 clients (out of 10)
[2025-01-07 22:49:32,115][flwr][INFO] - aggregate_fit: received 2 results and 0 failures
[2025-01-07 22:49:33,879][flwr][INFO] - fit progress: (2, 12.40041224192828, {'accuracy': 0.9632}, 23.935621220996836)
[2025-01-07 22:49:33,880][flwr][INFO] - configure_evaluate: strategy sampled 3 clients (out of 10)
[2025-01-07 22:49:34,330][flwr][INFO] - aggregate_evaluate: received 3 results and 0 failures
[2025-01-07 22:49:34,330][flwr][INFO] - 
[2025-01-07 22:49:34,330][flwr][INFO] - [ROUND 3]
[2025-01-07 22:49:34,330][flwr][INFO] - configure_fit: strategy sampled 2 clients (out of 10)
[2025-01-07 22:49:42,828][flwr][INFO] - aggregate_fit: received 2 results and 0 failures
[2025-01-07 22:49:44,338][flwr][INFO] - fit progress: (3, 11.936495709232986, {'accuracy': 0.968}, 34.39445126699866)
[2025-01-07 22:49:44,338][flwr][INFO] - configure_evaluate: strategy sampled 3 clients (out of 10)
[2025-01-07 22:49:44,782][flwr][INFO] - aggregate_evaluate: received 3 results and 0 failures
[2025-01-07 22:49:44,783][flwr][INFO] - 
[2025-01-07 22:49:44,783][flwr][INFO] - [ROUND 4]
[2025-01-07 22:49:44,783][flwr][INFO] - configure_fit: strategy sampled 2 clients (out of 10)
[2025-01-07 22:49:54,001][flwr][INFO] - aggregate_fit: received 2 results and 0 failures
[2025-01-07 22:49:55,115][flwr][INFO] - fit progress: (4, 43.01270093023777, {'accuracy': 0.8845}, 45.17084340099973)
[2025-01-07 22:49:55,115][flwr][INFO] - configure_evaluate: strategy sampled 3 clients (out of 10)
[2025-01-07 22:49:55,613][flwr][INFO] - aggregate_evaluate: received 3 results and 0 failures
[2025-01-07 22:49:55,614][flwr][INFO] - 
[2025-01-07 22:49:55,614][flwr][INFO] - [ROUND 5]
[2025-01-07 22:49:55,614][flwr][INFO] - configure_fit: strategy sampled 2 clients (out of 10)
[2025-01-07 22:50:05,346][flwr][INFO] - aggregate_fit: received 2 results and 0 failures
[2025-01-07 22:50:07,006][flwr][INFO] - fit progress: (5, 167.78178215026855, {'accuracy': 0.1969}, 57.062394309999945)
[2025-01-07 22:50:07,006][flwr][INFO] - configure_evaluate: strategy sampled 3 clients (out of 10)
[2025-01-07 22:50:07,508][flwr][INFO] - aggregate_evaluate: received 3 results and 0 failures
[2025-01-07 22:50:07,509][flwr][INFO] - 
[2025-01-07 22:50:07,509][flwr][INFO] - [ROUND 6]
[2025-01-07 22:50:07,509][flwr][INFO] - configure_fit: strategy sampled 2 clients (out of 10)
[2025-01-07 22:50:16,384][flwr][INFO] - aggregate_fit: received 2 results and 0 failures
[2025-01-07 22:50:17,523][flwr][INFO] - fit progress: (6, 181.95222759246826, {'accuracy': 0.1135}, 67.57897797099577)
[2025-01-07 22:50:17,523][flwr][INFO] - configure_evaluate: strategy sampled 3 clients (out of 10)
[2025-01-07 22:50:18,004][flwr][INFO] - aggregate_evaluate: received 3 results and 0 failures
[2025-01-07 22:50:18,004][flwr][INFO] - 
[2025-01-07 22:50:18,004][flwr][INFO] - [ROUND 7]
[2025-01-07 22:50:18,005][flwr][INFO] - configure_fit: strategy sampled 2 clients (out of 10)
[2025-01-07 22:50:26,054][flwr][INFO] - aggregate_fit: received 2 results and 0 failures
[2025-01-07 22:50:27,279][flwr][INFO] - fit progress: (7, 181.83558130264282, {'accuracy': 0.1135}, 77.3351740270009)
[2025-01-07 22:50:27,279][flwr][INFO] - configure_evaluate: strategy sampled 3 clients (out of 10)
[2025-01-07 22:50:27,798][flwr][INFO] - aggregate_evaluate: received 3 results and 0 failures
[2025-01-07 22:50:27,798][flwr][INFO] - 
[2025-01-07 22:50:27,798][flwr][INFO] - [ROUND 8]
[2025-01-07 22:50:27,799][flwr][INFO] - configure_fit: strategy sampled 2 clients (out of 10)
[2025-01-07 22:50:35,982][flwr][INFO] - aggregate_fit: received 2 results and 0 failures
[2025-01-07 22:50:37,369][flwr][INFO] - fit progress: (8, 181.8465805053711, {'accuracy': 0.1135}, 87.42513129999861)
[2025-01-07 22:50:37,369][flwr][INFO] - configure_evaluate: strategy sampled 3 clients (out of 10)
[2025-01-07 22:50:37,827][flwr][INFO] - aggregate_evaluate: received 3 results and 0 failures
[2025-01-07 22:50:37,827][flwr][INFO] - 
[2025-01-07 22:50:37,828][flwr][INFO] - [ROUND 9]
[2025-01-07 22:50:37,828][flwr][INFO] - configure_fit: strategy sampled 2 clients (out of 10)
[2025-01-07 22:50:45,879][flwr][INFO] - aggregate_fit: received 2 results and 0 failures
[2025-01-07 22:50:47,148][flwr][INFO] - fit progress: (9, 181.92356657981873, {'accuracy': 0.1135}, 97.20474849199672)
[2025-01-07 22:50:47,149][flwr][INFO] - configure_evaluate: strategy sampled 3 clients (out of 10)
[2025-01-07 22:50:47,632][flwr][INFO] - aggregate_evaluate: received 3 results and 0 failures
[2025-01-07 22:50:47,632][flwr][INFO] - 
[2025-01-07 22:50:47,632][flwr][INFO] - [ROUND 10]
[2025-01-07 22:50:47,632][flwr][INFO] - configure_fit: strategy sampled 2 clients (out of 10)
[2025-01-07 22:50:55,684][flwr][INFO] - aggregate_fit: received 2 results and 0 failures
[2025-01-07 22:50:57,080][flwr][INFO] - fit progress: (10, 182.00282955169678, {'accuracy': 0.1135}, 107.13637536900205)
[2025-01-07 22:50:57,080][flwr][INFO] - configure_evaluate: strategy sampled 3 clients (out of 10)
[2025-01-07 22:50:57,578][flwr][INFO] - aggregate_evaluate: received 3 results and 0 failures
[2025-01-07 22:50:57,578][flwr][INFO] - 
[2025-01-07 22:50:57,578][flwr][INFO] - [ROUND 11]
[2025-01-07 22:50:57,579][flwr][INFO] - configure_fit: strategy sampled 2 clients (out of 10)
[2025-01-07 22:51:05,754][flwr][INFO] - aggregate_fit: received 2 results and 0 failures
[2025-01-07 22:51:07,138][flwr][INFO] - fit progress: (11, 181.81979393959045, {'accuracy': 0.1135}, 117.1946785120017)
[2025-01-07 22:51:07,139][flwr][INFO] - configure_evaluate: strategy sampled 3 clients (out of 10)
[2025-01-07 22:51:07,605][flwr][INFO] - aggregate_evaluate: received 3 results and 0 failures
[2025-01-07 22:51:07,605][flwr][INFO] - 
[2025-01-07 22:51:07,605][flwr][INFO] - [ROUND 12]
[2025-01-07 22:51:07,605][flwr][INFO] - configure_fit: strategy sampled 2 clients (out of 10)
[2025-01-07 22:51:15,732][flwr][INFO] - aggregate_fit: received 2 results and 0 failures
[2025-01-07 22:51:17,153][flwr][INFO] - fit progress: (12, 181.98361659049988, {'accuracy': 0.1009}, 127.2091298660016)
[2025-01-07 22:51:17,153][flwr][INFO] - configure_evaluate: strategy sampled 3 clients (out of 10)
[2025-01-07 22:51:17,607][flwr][INFO] - aggregate_evaluate: received 3 results and 0 failures
[2025-01-07 22:51:17,607][flwr][INFO] - 
[2025-01-07 22:51:17,607][flwr][INFO] - [ROUND 13]
[2025-01-07 22:51:17,608][flwr][INFO] - configure_fit: strategy sampled 2 clients (out of 10)
[2025-01-07 22:51:25,462][flwr][INFO] - aggregate_fit: received 2 results and 0 failures
[2025-01-07 22:51:26,780][flwr][INFO] - fit progress: (13, 181.8187186717987, {'accuracy': 0.1032}, 136.83576449599786)
[2025-01-07 22:51:26,780][flwr][INFO] - configure_evaluate: strategy sampled 3 clients (out of 10)
[2025-01-07 22:51:27,286][flwr][INFO] - aggregate_evaluate: received 3 results and 0 failures
[2025-01-07 22:51:27,287][flwr][INFO] - 
[2025-01-07 22:51:27,287][flwr][INFO] - [ROUND 14]
[2025-01-07 22:51:27,287][flwr][INFO] - configure_fit: strategy sampled 2 clients (out of 10)
[2025-01-07 22:51:35,484][flwr][INFO] - aggregate_fit: received 2 results and 0 failures
[2025-01-07 22:51:37,197][flwr][INFO] - fit progress: (14, 181.85827803611755, {'accuracy': 0.1135}, 147.25355167700036)
[2025-01-07 22:51:37,198][flwr][INFO] - configure_evaluate: strategy sampled 3 clients (out of 10)
[2025-01-07 22:51:37,616][flwr][INFO] - aggregate_evaluate: received 3 results and 0 failures
[2025-01-07 22:51:37,617][flwr][INFO] - 
[2025-01-07 22:51:37,617][flwr][INFO] - [ROUND 15]
[2025-01-07 22:51:37,617][flwr][INFO] - configure_fit: strategy sampled 2 clients (out of 10)
[2025-01-07 22:51:45,703][flwr][INFO] - aggregate_fit: received 2 results and 0 failures
[2025-01-07 22:51:47,083][flwr][INFO] - fit progress: (15, 181.94737029075623, {'accuracy': 0.1135}, 157.13940664500115)
[2025-01-07 22:51:47,083][flwr][INFO] - configure_evaluate: strategy sampled 3 clients (out of 10)
[2025-01-07 22:51:47,566][flwr][INFO] - aggregate_evaluate: received 3 results and 0 failures
[2025-01-07 22:51:47,566][flwr][INFO] - 
[2025-01-07 22:51:47,566][flwr][INFO] - [SUMMARY]
[2025-01-07 22:51:47,567][flwr][INFO] - Run finished 15 round(s) in 157.62s
[2025-01-07 22:51:47,567][flwr][INFO] - 	History (loss, distributed):
[2025-01-07 22:51:47,567][flwr][INFO] - 		round 1: 19.833069523175556
[2025-01-07 22:51:47,567][flwr][INFO] - 		round 2: 3.419250355878224
[2025-01-07 22:51:47,567][flwr][INFO] - 		round 3: 2.801520358383035
[2025-01-07 22:51:47,568][flwr][INFO] - 		round 4: 11.984520271420479
[2025-01-07 22:51:47,568][flwr][INFO] - 		round 5: 40.22800211111704
[2025-01-07 22:51:47,568][flwr][INFO] - 		round 6: 43.75288367271423
[2025-01-07 22:51:47,568][flwr][INFO] - 		round 7: 43.76767222086588
[2025-01-07 22:51:47,568][flwr][INFO] - 		round 8: 43.756630738576256
[2025-01-07 22:51:47,568][flwr][INFO] - 		round 9: 43.80870525042216
[2025-01-07 22:51:47,568][flwr][INFO] - 		round 10: 43.77718464533488
[2025-01-07 22:51:47,568][flwr][INFO] - 		round 11: 43.74835046132406
[2025-01-07 22:51:47,568][flwr][INFO] - 		round 12: 43.775025049845375
[2025-01-07 22:51:47,568][flwr][INFO] - 		round 13: 43.77272884051005
[2025-01-07 22:51:47,568][flwr][INFO] - 		round 14: 43.73576815923055
[2025-01-07 22:51:47,568][flwr][INFO] - 		round 15: 43.77900211016337
[2025-01-07 22:51:47,568][flwr][INFO] - 	History (loss, centralized):
[2025-01-07 22:51:47,568][flwr][INFO] - 		round 0: 182.3234567642212
[2025-01-07 22:51:47,568][flwr][INFO] - 		round 1: 80.83076280355453
[2025-01-07 22:51:47,568][flwr][INFO] - 		round 2: 12.40041224192828
[2025-01-07 22:51:47,568][flwr][INFO] - 		round 3: 11.936495709232986
[2025-01-07 22:51:47,568][flwr][INFO] - 		round 4: 43.01270093023777
[2025-01-07 22:51:47,568][flwr][INFO] - 		round 5: 167.78178215026855
[2025-01-07 22:51:47,569][flwr][INFO] - 		round 6: 181.95222759246826
[2025-01-07 22:51:47,569][flwr][INFO] - 		round 7: 181.83558130264282
[2025-01-07 22:51:47,569][flwr][INFO] - 		round 8: 181.8465805053711
[2025-01-07 22:51:47,569][flwr][INFO] - 		round 9: 181.92356657981873
[2025-01-07 22:51:47,569][flwr][INFO] - 		round 10: 182.00282955169678
[2025-01-07 22:51:47,569][flwr][INFO] - 		round 11: 181.81979393959045
[2025-01-07 22:51:47,569][flwr][INFO] - 		round 12: 181.98361659049988
[2025-01-07 22:51:47,569][flwr][INFO] - 		round 13: 181.8187186717987
[2025-01-07 22:51:47,569][flwr][INFO] - 		round 14: 181.85827803611755
[2025-01-07 22:51:47,569][flwr][INFO] - 		round 15: 181.94737029075623
[2025-01-07 22:51:47,569][flwr][INFO] - 	History (metrics, centralized):
[2025-01-07 22:51:47,569][flwr][INFO] - 	{'accuracy': [(0, 0.1017),
[2025-01-07 22:51:47,569][flwr][INFO] - 	              (1, 0.8359),
[2025-01-07 22:51:47,569][flwr][INFO] - 	              (2, 0.9632),
[2025-01-07 22:51:47,569][flwr][INFO] - 	              (3, 0.968),
[2025-01-07 22:51:47,569][flwr][INFO] - 	              (4, 0.8845),
[2025-01-07 22:51:47,569][flwr][INFO] - 	              (5, 0.1969),
[2025-01-07 22:51:47,569][flwr][INFO] - 	              (6, 0.1135),
[2025-01-07 22:51:47,569][flwr][INFO] - 	              (7, 0.1135),
[2025-01-07 22:51:47,569][flwr][INFO] - 	              (8, 0.1135),
[2025-01-07 22:51:47,569][flwr][INFO] - 	              (9, 0.1135),
[2025-01-07 22:51:47,569][flwr][INFO] - 	              (10, 0.1135),
[2025-01-07 22:51:47,570][flwr][INFO] - 	              (11, 0.1135),
[2025-01-07 22:51:47,570][flwr][INFO] - 	              (12, 0.1009),
[2025-01-07 22:51:47,570][flwr][INFO] - 	              (13, 0.1032),
[2025-01-07 22:51:47,570][flwr][INFO] - 	              (14, 0.1135),
[2025-01-07 22:51:47,570][flwr][INFO] - 	              (15, 0.1135)]}
[2025-01-07 22:51:47,570][flwr][INFO] - 
