[2024-12-31 14:26:20,186][flwr][INFO] - Starting Flower simulation, config: num_rounds=10, no round_timeout
[2024-12-31 14:26:23,616][flwr][INFO] - Flower VCE: Ray initialized with resources: {'CPU': 12.0, 'node:192.168.1.11': 1.0, 'memory': 6342856704.0, 'object_store_memory': 3171428352.0, 'node:__internal_head__': 1.0}
[2024-12-31 14:26:23,617][flwr][INFO] - Optimize your simulation with Flower VCE: https://flower.ai/docs/framework/how-to-run-simulations.html
[2024-12-31 14:26:23,617][flwr][INFO] - Flower VCE: Resources for each Virtual Client: {'num_cpus': 2, 'num_gpus': 0}
[2024-12-31 14:26:23,626][flwr][INFO] - Flower VCE: Creating VirtualClientEngineActorPool with 6 actors
[2024-12-31 14:26:23,626][flwr][INFO] - [INIT]
[2024-12-31 14:26:23,627][flwr][INFO] - Using initial global parameters provided by strategy
[2024-12-31 14:26:23,627][flwr][INFO] - Starting evaluation of initial global parameters
[2024-12-31 14:26:25,921][flwr][INFO] - initial parameters (loss, other metrics): 181.95003294944763, {'accuracy': 0.099}
[2024-12-31 14:26:25,921][flwr][INFO] - 
[2024-12-31 14:26:25,922][flwr][INFO] - [ROUND 1]
[2024-12-31 14:26:25,922][flwr][INFO] - configure_fit: strategy sampled 2 clients (out of 10)
[2024-12-31 14:26:35,776][flwr][INFO] - aggregate_fit: received 2 results and 0 failures
[2024-12-31 14:26:35,779][flwr][WARNING] - No fit_metrics_aggregation_fn provided
[2024-12-31 14:26:36,852][flwr][INFO] - fit progress: (1, 182.1950719356537, {'accuracy': 0.1135}, 10.931039385999611)
[2024-12-31 14:26:36,853][flwr][INFO] - configure_evaluate: strategy sampled 5 clients (out of 10)
[2024-12-31 14:26:40,259][flwr][INFO] - aggregate_evaluate: received 5 results and 0 failures
[2024-12-31 14:26:40,260][flwr][WARNING] - No evaluate_metrics_aggregation_fn provided
[2024-12-31 14:26:40,260][flwr][INFO] - 
[2024-12-31 14:26:40,260][flwr][INFO] - [ROUND 2]
[2024-12-31 14:26:40,260][flwr][INFO] - configure_fit: strategy sampled 2 clients (out of 10)
[2024-12-31 14:26:46,942][flwr][INFO] - aggregate_fit: received 2 results and 0 failures
[2024-12-31 14:26:48,097][flwr][INFO] - fit progress: (2, 182.26618003845215, {'accuracy': 0.1135}, 22.175920502995723)
[2024-12-31 14:26:48,098][flwr][INFO] - configure_evaluate: strategy sampled 5 clients (out of 10)
[2024-12-31 14:26:48,832][flwr][INFO] - aggregate_evaluate: received 5 results and 0 failures
[2024-12-31 14:26:48,833][flwr][INFO] - 
[2024-12-31 14:26:48,833][flwr][INFO] - [ROUND 3]
[2024-12-31 14:26:48,833][flwr][INFO] - configure_fit: strategy sampled 2 clients (out of 10)
[2024-12-31 14:26:55,564][flwr][INFO] - aggregate_fit: received 2 results and 0 failures
[2024-12-31 14:26:57,080][flwr][INFO] - fit progress: (3, 181.99765872955322, {'accuracy': 0.1135}, 31.158805831997597)
[2024-12-31 14:26:57,080][flwr][INFO] - configure_evaluate: strategy sampled 5 clients (out of 10)
[2024-12-31 14:26:57,813][flwr][INFO] - aggregate_evaluate: received 5 results and 0 failures
[2024-12-31 14:26:57,813][flwr][INFO] - 
[2024-12-31 14:26:57,813][flwr][INFO] - [ROUND 4]
[2024-12-31 14:26:57,814][flwr][INFO] - configure_fit: strategy sampled 2 clients (out of 10)
[2024-12-31 14:27:04,579][flwr][INFO] - aggregate_fit: received 2 results and 0 failures
[2024-12-31 14:27:05,742][flwr][INFO] - fit progress: (4, 182.03741121292114, {'accuracy': 0.1135}, 39.820777822998934)
[2024-12-31 14:27:05,742][flwr][INFO] - configure_evaluate: strategy sampled 5 clients (out of 10)
[2024-12-31 14:27:06,501][flwr][INFO] - aggregate_evaluate: received 5 results and 0 failures
[2024-12-31 14:27:06,501][flwr][INFO] - 
[2024-12-31 14:27:06,501][flwr][INFO] - [ROUND 5]
[2024-12-31 14:27:06,502][flwr][INFO] - configure_fit: strategy sampled 2 clients (out of 10)
[2024-12-31 14:27:13,120][flwr][INFO] - aggregate_fit: received 2 results and 0 failures
[2024-12-31 14:27:14,353][flwr][INFO] - fit progress: (5, 182.64451432228088, {'accuracy': 0.1135}, 48.43113298699609)
[2024-12-31 14:27:14,353][flwr][INFO] - configure_evaluate: strategy sampled 5 clients (out of 10)
[2024-12-31 14:27:15,111][flwr][INFO] - aggregate_evaluate: received 5 results and 0 failures
[2024-12-31 14:27:15,111][flwr][INFO] - 
[2024-12-31 14:27:15,111][flwr][INFO] - [ROUND 6]
[2024-12-31 14:27:15,112][flwr][INFO] - configure_fit: strategy sampled 2 clients (out of 10)
[2024-12-31 14:27:21,952][flwr][INFO] - aggregate_fit: received 2 results and 0 failures
[2024-12-31 14:27:23,402][flwr][INFO] - fit progress: (6, 182.25420832633972, {'accuracy': 0.1135}, 57.4805436799943)
[2024-12-31 14:27:23,402][flwr][INFO] - configure_evaluate: strategy sampled 5 clients (out of 10)
[2024-12-31 14:27:24,156][flwr][INFO] - aggregate_evaluate: received 5 results and 0 failures
[2024-12-31 14:27:24,156][flwr][INFO] - 
[2024-12-31 14:27:24,156][flwr][INFO] - [ROUND 7]
[2024-12-31 14:27:24,156][flwr][INFO] - configure_fit: strategy sampled 2 clients (out of 10)
[2024-12-31 14:27:31,042][flwr][INFO] - aggregate_fit: received 2 results and 0 failures
[2024-12-31 14:27:32,158][flwr][INFO] - fit progress: (7, 182.45916104316711, {'accuracy': 0.1135}, 66.23691642399353)
[2024-12-31 14:27:32,159][flwr][INFO] - configure_evaluate: strategy sampled 5 clients (out of 10)
[2024-12-31 14:27:32,900][flwr][INFO] - aggregate_evaluate: received 5 results and 0 failures
[2024-12-31 14:27:32,900][flwr][INFO] - 
[2024-12-31 14:27:32,900][flwr][INFO] - [ROUND 8]
[2024-12-31 14:27:32,901][flwr][INFO] - configure_fit: strategy sampled 2 clients (out of 10)
[2024-12-31 14:27:39,642][flwr][INFO] - aggregate_fit: received 2 results and 0 failures
[2024-12-31 14:27:40,797][flwr][INFO] - fit progress: (8, 182.81170845031738, {'accuracy': 0.1135}, 74.87561240299692)
[2024-12-31 14:27:40,797][flwr][INFO] - configure_evaluate: strategy sampled 5 clients (out of 10)
[2024-12-31 14:27:41,535][flwr][INFO] - aggregate_evaluate: received 5 results and 0 failures
[2024-12-31 14:27:41,535][flwr][INFO] - 
[2024-12-31 14:27:41,535][flwr][INFO] - [ROUND 9]
[2024-12-31 14:27:41,536][flwr][INFO] - configure_fit: strategy sampled 2 clients (out of 10)
[2024-12-31 14:27:48,234][flwr][INFO] - aggregate_fit: received 2 results and 0 failures
[2024-12-31 14:27:49,352][flwr][INFO] - fit progress: (9, 182.47642874717712, {'accuracy': 0.1135}, 83.4305294309961)
[2024-12-31 14:27:49,352][flwr][INFO] - configure_evaluate: strategy sampled 5 clients (out of 10)
[2024-12-31 14:27:50,073][flwr][INFO] - aggregate_evaluate: received 5 results and 0 failures
[2024-12-31 14:27:50,073][flwr][INFO] - 
[2024-12-31 14:27:50,074][flwr][INFO] - [ROUND 10]
[2024-12-31 14:27:50,074][flwr][INFO] - configure_fit: strategy sampled 2 clients (out of 10)
[2024-12-31 14:27:56,821][flwr][INFO] - aggregate_fit: received 2 results and 0 failures
[2024-12-31 14:27:58,077][flwr][INFO] - fit progress: (10, 182.17421746253967, {'accuracy': 0.1135}, 92.15553314299905)
[2024-12-31 14:27:58,077][flwr][INFO] - configure_evaluate: strategy sampled 5 clients (out of 10)
[2024-12-31 14:27:58,840][flwr][INFO] - aggregate_evaluate: received 5 results and 0 failures
[2024-12-31 14:27:58,840][flwr][INFO] - 
[2024-12-31 14:27:58,840][flwr][INFO] - [SUMMARY]
[2024-12-31 14:27:58,840][flwr][INFO] - Run finished 10 round(s) in 92.92s
[2024-12-31 14:27:58,841][flwr][INFO] - 	History (loss, distributed):
[2024-12-31 14:27:58,841][flwr][INFO] - 		round 1: 87.88429889678955
[2024-12-31 14:27:58,841][flwr][INFO] - 		round 2: 87.66021151542664
[2024-12-31 14:27:58,841][flwr][INFO] - 		round 3: 87.59033451080322
[2024-12-31 14:27:58,841][flwr][INFO] - 		round 4: 87.60122113227844
[2024-12-31 14:27:58,841][flwr][INFO] - 		round 5: 87.92876267433167
[2024-12-31 14:27:58,841][flwr][INFO] - 		round 6: 87.72439374923707
[2024-12-31 14:27:58,841][flwr][INFO] - 		round 7: 87.84984850883484
[2024-12-31 14:27:58,841][flwr][INFO] - 		round 8: 87.80355014801026
[2024-12-31 14:27:58,841][flwr][INFO] - 		round 9: 87.81904296875
[2024-12-31 14:27:58,842][flwr][INFO] - 		round 10: 87.61925349235534
[2024-12-31 14:27:58,842][flwr][INFO] - 	History (loss, centralized):
[2024-12-31 14:27:58,842][flwr][INFO] - 		round 0: 181.95003294944763
[2024-12-31 14:27:58,842][flwr][INFO] - 		round 1: 182.1950719356537
[2024-12-31 14:27:58,842][flwr][INFO] - 		round 2: 182.26618003845215
[2024-12-31 14:27:58,842][flwr][INFO] - 		round 3: 181.99765872955322
[2024-12-31 14:27:58,842][flwr][INFO] - 		round 4: 182.03741121292114
[2024-12-31 14:27:58,842][flwr][INFO] - 		round 5: 182.64451432228088
[2024-12-31 14:27:58,842][flwr][INFO] - 		round 6: 182.25420832633972
[2024-12-31 14:27:58,842][flwr][INFO] - 		round 7: 182.45916104316711
[2024-12-31 14:27:58,842][flwr][INFO] - 		round 8: 182.81170845031738
[2024-12-31 14:27:58,843][flwr][INFO] - 		round 9: 182.47642874717712
[2024-12-31 14:27:58,843][flwr][INFO] - 		round 10: 182.17421746253967
[2024-12-31 14:27:58,843][flwr][INFO] - 	History (metrics, centralized):
[2024-12-31 14:27:58,843][flwr][INFO] - 	{'accuracy': [(0, 0.099),
[2024-12-31 14:27:58,843][flwr][INFO] - 	              (1, 0.1135),
[2024-12-31 14:27:58,843][flwr][INFO] - 	              (2, 0.1135),
[2024-12-31 14:27:58,843][flwr][INFO] - 	              (3, 0.1135),
[2024-12-31 14:27:58,843][flwr][INFO] - 	              (4, 0.1135),
[2024-12-31 14:27:58,843][flwr][INFO] - 	              (5, 0.1135),
[2024-12-31 14:27:58,843][flwr][INFO] - 	              (6, 0.1135),
[2024-12-31 14:27:58,844][flwr][INFO] - 	              (7, 0.1135),
[2024-12-31 14:27:58,844][flwr][INFO] - 	              (8, 0.1135),
[2024-12-31 14:27:58,844][flwr][INFO] - 	              (9, 0.1135),
[2024-12-31 14:27:58,844][flwr][INFO] - 	              (10, 0.1135)]}
[2024-12-31 14:27:58,844][flwr][INFO] - 
