[2025-01-08 10:15:15,055][flwr][INFO] - Starting Flower simulation, config: num_rounds=15, no round_timeout
[2025-01-08 10:15:18,530][flwr][INFO] - Flower VCE: Ray initialized with resources: {'node:192.168.1.11': 1.0, 'CPU': 12.0, 'node:__internal_head__': 1.0, 'memory': 5731830990.0, 'object_store_memory': 2865915494.0}
[2025-01-08 10:15:18,530][flwr][INFO] - Optimize your simulation with Flower VCE: https://flower.ai/docs/framework/how-to-run-simulations.html
[2025-01-08 10:15:18,530][flwr][INFO] - Flower VCE: Resources for each Virtual Client: {'num_cpus': 2, 'num_gpus': 0}
[2025-01-08 10:15:18,541][flwr][INFO] - Flower VCE: Creating VirtualClientEngineActorPool with 6 actors
[2025-01-08 10:15:18,542][flwr][INFO] - [INIT]
[2025-01-08 10:15:18,542][flwr][INFO] - Requesting initial parameters from one random client
[2025-01-08 10:15:20,805][flwr][INFO] - Received initial parameters from one random client
[2025-01-08 10:15:20,805][flwr][INFO] - Starting evaluation of initial global parameters
[2025-01-08 10:15:22,094][flwr][INFO] - initial parameters (loss, other metrics): 182.06589531898499, {'accuracy': 0.0903}
[2025-01-08 10:15:22,094][flwr][INFO] - 
[2025-01-08 10:15:22,094][flwr][INFO] - [ROUND 1]
[2025-01-08 10:15:22,095][flwr][INFO] - configure_fit: strategy sampled 2 clients (out of 20)
[2025-01-08 10:15:29,943][flwr][INFO] - aggregate_fit: received 2 results and 0 failures
[2025-01-08 10:15:29,946][flwr][WARNING] - No fit_metrics_aggregation_fn provided
[2025-01-08 10:15:31,176][flwr][INFO] - fit progress: (1, 176.12688040733337, {'accuracy': 0.2146}, 9.08154924200062)
[2025-01-08 10:15:31,176][flwr][INFO] - configure_evaluate: strategy sampled 3 clients (out of 20)
[2025-01-08 10:15:33,328][flwr][INFO] - aggregate_evaluate: received 3 results and 0 failures
[2025-01-08 10:15:33,328][flwr][WARNING] - No evaluate_metrics_aggregation_fn provided
[2025-01-08 10:15:33,328][flwr][INFO] - 
[2025-01-08 10:15:33,328][flwr][INFO] - [ROUND 2]
[2025-01-08 10:15:33,328][flwr][INFO] - configure_fit: strategy sampled 2 clients (out of 20)
[2025-01-08 10:15:39,291][flwr][INFO] - aggregate_fit: received 2 results and 0 failures
[2025-01-08 10:15:41,019][flwr][INFO] - fit progress: (2, 73.99832844734192, {'accuracy': 0.767}, 18.924348893997376)
[2025-01-08 10:15:41,019][flwr][INFO] - configure_evaluate: strategy sampled 3 clients (out of 20)
[2025-01-08 10:15:41,404][flwr][INFO] - aggregate_evaluate: received 3 results and 0 failures
[2025-01-08 10:15:41,404][flwr][INFO] - 
[2025-01-08 10:15:41,404][flwr][INFO] - [ROUND 3]
[2025-01-08 10:15:41,405][flwr][INFO] - configure_fit: strategy sampled 2 clients (out of 20)
[2025-01-08 10:15:47,312][flwr][INFO] - aggregate_fit: received 2 results and 0 failures
[2025-01-08 10:15:48,442][flwr][INFO] - fit progress: (3, 107.85401463508606, {'accuracy': 0.4934}, 26.3476957679959)
[2025-01-08 10:15:48,442][flwr][INFO] - configure_evaluate: strategy sampled 3 clients (out of 20)
[2025-01-08 10:15:48,876][flwr][INFO] - aggregate_evaluate: received 3 results and 0 failures
[2025-01-08 10:15:48,877][flwr][INFO] - 
[2025-01-08 10:15:48,877][flwr][INFO] - [ROUND 4]
[2025-01-08 10:15:48,877][flwr][INFO] - configure_fit: strategy sampled 2 clients (out of 20)
[2025-01-08 10:15:54,914][flwr][INFO] - aggregate_fit: received 2 results and 0 failures
[2025-01-08 10:15:56,298][flwr][INFO] - fit progress: (4, 180.67990446090698, {'accuracy': 0.1308}, 34.20382291099668)
[2025-01-08 10:15:56,298][flwr][INFO] - configure_evaluate: strategy sampled 3 clients (out of 20)
[2025-01-08 10:15:56,708][flwr][INFO] - aggregate_evaluate: received 3 results and 0 failures
[2025-01-08 10:15:56,708][flwr][INFO] - 
[2025-01-08 10:15:56,708][flwr][INFO] - [ROUND 5]
[2025-01-08 10:15:56,709][flwr][INFO] - configure_fit: strategy sampled 2 clients (out of 20)
[2025-01-08 10:16:02,721][flwr][INFO] - aggregate_fit: received 2 results and 0 failures
[2025-01-08 10:16:04,070][flwr][INFO] - fit progress: (5, 144.0473245382309, {'accuracy': 0.3074}, 41.97614632499608)
[2025-01-08 10:16:04,071][flwr][INFO] - configure_evaluate: strategy sampled 3 clients (out of 20)
[2025-01-08 10:16:04,465][flwr][INFO] - aggregate_evaluate: received 3 results and 0 failures
[2025-01-08 10:16:04,466][flwr][INFO] - 
[2025-01-08 10:16:04,466][flwr][INFO] - [ROUND 6]
[2025-01-08 10:16:04,466][flwr][INFO] - configure_fit: strategy sampled 2 clients (out of 20)
[2025-01-08 10:16:10,453][flwr][INFO] - aggregate_fit: received 2 results and 0 failures
[2025-01-08 10:16:11,731][flwr][INFO] - fit progress: (6, 156.50682723522186, {'accuracy': 0.243}, 49.63694597399444)
[2025-01-08 10:16:11,731][flwr][INFO] - configure_evaluate: strategy sampled 3 clients (out of 20)
[2025-01-08 10:16:12,121][flwr][INFO] - aggregate_evaluate: received 3 results and 0 failures
[2025-01-08 10:16:12,121][flwr][INFO] - 
[2025-01-08 10:16:12,121][flwr][INFO] - [ROUND 7]
[2025-01-08 10:16:12,121][flwr][INFO] - configure_fit: strategy sampled 2 clients (out of 20)
[2025-01-08 10:16:18,010][flwr][INFO] - aggregate_fit: received 2 results and 0 failures
[2025-01-08 10:16:19,151][flwr][INFO] - fit progress: (7, 182.54461526870728, {'accuracy': 0.2049}, 57.056675266998354)
[2025-01-08 10:16:19,151][flwr][INFO] - configure_evaluate: strategy sampled 3 clients (out of 20)
[2025-01-08 10:16:19,587][flwr][INFO] - aggregate_evaluate: received 3 results and 0 failures
[2025-01-08 10:16:19,587][flwr][INFO] - 
[2025-01-08 10:16:19,587][flwr][INFO] - [ROUND 8]
[2025-01-08 10:16:19,588][flwr][INFO] - configure_fit: strategy sampled 2 clients (out of 20)
[2025-01-08 10:16:25,566][flwr][INFO] - aggregate_fit: received 2 results and 0 failures
[2025-01-08 10:16:26,926][flwr][INFO] - fit progress: (8, 181.88007187843323, {'accuracy': 0.1135}, 64.83172839499457)
[2025-01-08 10:16:26,926][flwr][INFO] - configure_evaluate: strategy sampled 3 clients (out of 20)
[2025-01-08 10:16:27,326][flwr][INFO] - aggregate_evaluate: received 3 results and 0 failures
[2025-01-08 10:16:27,326][flwr][INFO] - 
[2025-01-08 10:16:27,326][flwr][INFO] - [ROUND 9]
[2025-01-08 10:16:27,326][flwr][INFO] - configure_fit: strategy sampled 2 clients (out of 20)
[2025-01-08 10:16:33,230][flwr][INFO] - aggregate_fit: received 2 results and 0 failures
[2025-01-08 10:16:34,618][flwr][INFO] - fit progress: (9, 181.99071860313416, {'accuracy': 0.101}, 72.52400048699928)
[2025-01-08 10:16:34,618][flwr][INFO] - configure_evaluate: strategy sampled 3 clients (out of 20)
[2025-01-08 10:16:35,018][flwr][INFO] - aggregate_evaluate: received 3 results and 0 failures
[2025-01-08 10:16:35,019][flwr][INFO] - 
[2025-01-08 10:16:35,019][flwr][INFO] - [ROUND 10]
[2025-01-08 10:16:35,019][flwr][INFO] - configure_fit: strategy sampled 2 clients (out of 20)
[2025-01-08 10:16:41,033][flwr][INFO] - aggregate_fit: received 2 results and 0 failures
[2025-01-08 10:16:42,200][flwr][INFO] - fit progress: (10, 182.28803420066833, {'accuracy': 0.1135}, 80.10582231999433)
[2025-01-08 10:16:42,200][flwr][INFO] - configure_evaluate: strategy sampled 3 clients (out of 20)
[2025-01-08 10:16:42,612][flwr][INFO] - aggregate_evaluate: received 3 results and 0 failures
[2025-01-08 10:16:42,612][flwr][INFO] - 
[2025-01-08 10:16:42,612][flwr][INFO] - [ROUND 11]
[2025-01-08 10:16:42,613][flwr][INFO] - configure_fit: strategy sampled 2 clients (out of 20)
[2025-01-08 10:16:48,433][flwr][INFO] - aggregate_fit: received 2 results and 0 failures
[2025-01-08 10:16:49,926][flwr][INFO] - fit progress: (11, 182.0515570640564, {'accuracy': 0.1135}, 87.83159518199682)
[2025-01-08 10:16:49,926][flwr][INFO] - configure_evaluate: strategy sampled 3 clients (out of 20)
[2025-01-08 10:16:50,320][flwr][INFO] - aggregate_evaluate: received 3 results and 0 failures
[2025-01-08 10:16:50,320][flwr][INFO] - 
[2025-01-08 10:16:50,321][flwr][INFO] - [ROUND 12]
[2025-01-08 10:16:50,321][flwr][INFO] - configure_fit: strategy sampled 2 clients (out of 20)
[2025-01-08 10:16:56,202][flwr][INFO] - aggregate_fit: received 2 results and 0 failures
[2025-01-08 10:16:57,362][flwr][INFO] - fit progress: (12, 182.1976397037506, {'accuracy': 0.1028}, 95.26824437499454)
[2025-01-08 10:16:57,363][flwr][INFO] - configure_evaluate: strategy sampled 3 clients (out of 20)
[2025-01-08 10:16:57,768][flwr][INFO] - aggregate_evaluate: received 3 results and 0 failures
[2025-01-08 10:16:57,768][flwr][INFO] - 
[2025-01-08 10:16:57,768][flwr][INFO] - [ROUND 13]
[2025-01-08 10:16:57,768][flwr][INFO] - configure_fit: strategy sampled 2 clients (out of 20)
[2025-01-08 10:17:03,615][flwr][INFO] - aggregate_fit: received 2 results and 0 failures
[2025-01-08 10:17:05,212][flwr][INFO] - fit progress: (13, 182.05613017082214, {'accuracy': 0.1028}, 103.11750603899418)
[2025-01-08 10:17:05,212][flwr][INFO] - configure_evaluate: strategy sampled 3 clients (out of 20)
[2025-01-08 10:17:05,592][flwr][INFO] - aggregate_evaluate: received 3 results and 0 failures
[2025-01-08 10:17:05,592][flwr][INFO] - 
[2025-01-08 10:17:05,592][flwr][INFO] - [ROUND 14]
[2025-01-08 10:17:05,593][flwr][INFO] - configure_fit: strategy sampled 2 clients (out of 20)
[2025-01-08 10:17:11,531][flwr][INFO] - aggregate_fit: received 2 results and 0 failures
[2025-01-08 10:17:13,332][flwr][INFO] - fit progress: (14, 182.13181281089783, {'accuracy': 0.101}, 111.23825934699562)
[2025-01-08 10:17:13,333][flwr][INFO] - configure_evaluate: strategy sampled 3 clients (out of 20)
[2025-01-08 10:17:13,694][flwr][INFO] - aggregate_evaluate: received 3 results and 0 failures
[2025-01-08 10:17:13,694][flwr][INFO] - 
[2025-01-08 10:17:13,694][flwr][INFO] - [ROUND 15]
[2025-01-08 10:17:13,694][flwr][INFO] - configure_fit: strategy sampled 2 clients (out of 20)
[2025-01-08 10:17:19,709][flwr][INFO] - aggregate_fit: received 2 results and 0 failures
[2025-01-08 10:17:21,020][flwr][INFO] - fit progress: (15, 181.90548062324524, {'accuracy': 0.1032}, 118.92548180399899)
[2025-01-08 10:17:21,020][flwr][INFO] - configure_evaluate: strategy sampled 3 clients (out of 20)
[2025-01-08 10:17:21,406][flwr][INFO] - aggregate_evaluate: received 3 results and 0 failures
[2025-01-08 10:17:21,406][flwr][INFO] - 
[2025-01-08 10:17:21,407][flwr][INFO] - [SUMMARY]
[2025-01-08 10:17:21,407][flwr][INFO] - Run finished 15 round(s) in 119.31s
[2025-01-08 10:17:21,407][flwr][INFO] - 	History (loss, distributed):
[2025-01-08 10:17:21,407][flwr][INFO] - 		round 1: 42.40766970316569
[2025-01-08 10:17:21,407][flwr][INFO] - 		round 2: 18.21540864308675
[2025-01-08 10:17:21,407][flwr][INFO] - 		round 3: 26.97301971912384
[2025-01-08 10:17:21,407][flwr][INFO] - 		round 4: 43.055729150772095
[2025-01-08 10:17:21,407][flwr][INFO] - 		round 5: 34.10221004486084
[2025-01-08 10:17:21,407][flwr][INFO] - 		round 6: 38.58456552028656
[2025-01-08 10:17:21,407][flwr][INFO] - 		round 7: 45.0878754456838
[2025-01-08 10:17:21,407][flwr][INFO] - 		round 8: 43.87521354357401
[2025-01-08 10:17:21,407][flwr][INFO] - 		round 9: 43.7948849995931
[2025-01-08 10:17:21,407][flwr][INFO] - 		round 10: 43.970894734064736
[2025-01-08 10:17:21,407][flwr][INFO] - 		round 11: 43.869879166285195
[2025-01-08 10:17:21,407][flwr][INFO] - 		round 12: 43.74600100517273
[2025-01-08 10:17:21,407][flwr][INFO] - 		round 13: 43.815435806910195
[2025-01-08 10:17:21,407][flwr][INFO] - 		round 14: 43.77382516860962
[2025-01-08 10:17:21,408][flwr][INFO] - 		round 15: 43.740114529927574
[2025-01-08 10:17:21,408][flwr][INFO] - 	History (loss, centralized):
[2025-01-08 10:17:21,408][flwr][INFO] - 		round 0: 182.06589531898499
[2025-01-08 10:17:21,408][flwr][INFO] - 		round 1: 176.12688040733337
[2025-01-08 10:17:21,408][flwr][INFO] - 		round 2: 73.99832844734192
[2025-01-08 10:17:21,408][flwr][INFO] - 		round 3: 107.85401463508606
[2025-01-08 10:17:21,408][flwr][INFO] - 		round 4: 180.67990446090698
[2025-01-08 10:17:21,408][flwr][INFO] - 		round 5: 144.0473245382309
[2025-01-08 10:17:21,408][flwr][INFO] - 		round 6: 156.50682723522186
[2025-01-08 10:17:21,408][flwr][INFO] - 		round 7: 182.54461526870728
[2025-01-08 10:17:21,408][flwr][INFO] - 		round 8: 181.88007187843323
[2025-01-08 10:17:21,408][flwr][INFO] - 		round 9: 181.99071860313416
[2025-01-08 10:17:21,408][flwr][INFO] - 		round 10: 182.28803420066833
[2025-01-08 10:17:21,408][flwr][INFO] - 		round 11: 182.0515570640564
[2025-01-08 10:17:21,408][flwr][INFO] - 		round 12: 182.1976397037506
[2025-01-08 10:17:21,408][flwr][INFO] - 		round 13: 182.05613017082214
[2025-01-08 10:17:21,408][flwr][INFO] - 		round 14: 182.13181281089783
[2025-01-08 10:17:21,408][flwr][INFO] - 		round 15: 181.90548062324524
[2025-01-08 10:17:21,408][flwr][INFO] - 	History (metrics, centralized):
[2025-01-08 10:17:21,408][flwr][INFO] - 	{'accuracy': [(0, 0.0903),
[2025-01-08 10:17:21,408][flwr][INFO] - 	              (1, 0.2146),
[2025-01-08 10:17:21,408][flwr][INFO] - 	              (2, 0.767),
[2025-01-08 10:17:21,408][flwr][INFO] - 	              (3, 0.4934),
[2025-01-08 10:17:21,408][flwr][INFO] - 	              (4, 0.1308),
[2025-01-08 10:17:21,408][flwr][INFO] - 	              (5, 0.3074),
[2025-01-08 10:17:21,408][flwr][INFO] - 	              (6, 0.243),
[2025-01-08 10:17:21,408][flwr][INFO] - 	              (7, 0.2049),
[2025-01-08 10:17:21,409][flwr][INFO] - 	              (8, 0.1135),
[2025-01-08 10:17:21,409][flwr][INFO] - 	              (9, 0.101),
[2025-01-08 10:17:21,409][flwr][INFO] - 	              (10, 0.1135),
[2025-01-08 10:17:21,409][flwr][INFO] - 	              (11, 0.1135),
[2025-01-08 10:17:21,409][flwr][INFO] - 	              (12, 0.1028),
[2025-01-08 10:17:21,409][flwr][INFO] - 	              (13, 0.1028),
[2025-01-08 10:17:21,409][flwr][INFO] - 	              (14, 0.101),
[2025-01-08 10:17:21,409][flwr][INFO] - 	              (15, 0.1032)]}
[2025-01-08 10:17:21,409][flwr][INFO] - 
