[2025-01-07 23:01:22,845][flwr][INFO] - Starting Flower simulation, config: num_rounds=15, no round_timeout
[2025-01-07 23:01:26,356][flwr][INFO] - Flower VCE: Ray initialized with resources: {'node:__internal_head__': 1.0, 'node:192.168.1.11': 1.0, 'CPU': 12.0, 'object_store_memory': 3098474496.0, 'memory': 6196948992.0}
[2025-01-07 23:01:26,356][flwr][INFO] - Optimize your simulation with Flower VCE: https://flower.ai/docs/framework/how-to-run-simulations.html
[2025-01-07 23:01:26,356][flwr][INFO] - Flower VCE: Resources for each Virtual Client: {'num_cpus': 2, 'num_gpus': 0}
[2025-01-07 23:01:26,365][flwr][INFO] - Flower VCE: Creating VirtualClientEngineActorPool with 6 actors
[2025-01-07 23:01:26,365][flwr][INFO] - [INIT]
[2025-01-07 23:01:26,366][flwr][INFO] - Requesting initial parameters from one random client
[2025-01-07 23:01:28,752][flwr][INFO] - Received initial parameters from one random client
[2025-01-07 23:01:28,752][flwr][INFO] - Starting evaluation of initial global parameters
[2025-01-07 23:01:30,221][flwr][INFO] - initial parameters (loss, other metrics): 181.85152554512024, {'accuracy': 0.1282}
[2025-01-07 23:01:30,221][flwr][INFO] - 
[2025-01-07 23:01:30,221][flwr][INFO] - [ROUND 1]
[2025-01-07 23:01:30,221][flwr][INFO] - configure_fit: strategy sampled 2 clients (out of 10)
[2025-01-07 23:01:37,455][flwr][INFO] - aggregate_fit: received 2 results and 0 failures
[2025-01-07 23:01:37,459][flwr][WARNING] - No fit_metrics_aggregation_fn provided
[2025-01-07 23:01:39,219][flwr][INFO] - fit progress: (1, 79.90041124820709, {'accuracy': 0.8133}, 8.998144258999673)
[2025-01-07 23:01:39,219][flwr][INFO] - configure_evaluate: strategy sampled 5 clients (out of 10)
[2025-01-07 23:01:42,677][flwr][INFO] - aggregate_evaluate: received 5 results and 0 failures
[2025-01-07 23:01:42,677][flwr][WARNING] - No evaluate_metrics_aggregation_fn provided
[2025-01-07 23:01:42,677][flwr][INFO] - 
[2025-01-07 23:01:42,677][flwr][INFO] - [ROUND 2]
[2025-01-07 23:01:42,678][flwr][INFO] - configure_fit: strategy sampled 2 clients (out of 10)
[2025-01-07 23:01:47,615][flwr][INFO] - aggregate_fit: received 2 results and 0 failures
[2025-01-07 23:01:48,830][flwr][INFO] - fit progress: (2, 21.960617493838072, {'accuracy': 0.9356}, 18.60952910600463)
[2025-01-07 23:01:48,831][flwr][INFO] - configure_evaluate: strategy sampled 5 clients (out of 10)
[2025-01-07 23:01:49,528][flwr][INFO] - aggregate_evaluate: received 5 results and 0 failures
[2025-01-07 23:01:49,529][flwr][INFO] - 
[2025-01-07 23:01:49,529][flwr][INFO] - [ROUND 3]
[2025-01-07 23:01:49,529][flwr][INFO] - configure_fit: strategy sampled 2 clients (out of 10)
[2025-01-07 23:01:54,759][flwr][INFO] - aggregate_fit: received 2 results and 0 failures
[2025-01-07 23:01:56,008][flwr][INFO] - fit progress: (3, 8.939592598500894, {'accuracy': 0.9735}, 25.787396851002995)
[2025-01-07 23:01:56,009][flwr][INFO] - configure_evaluate: strategy sampled 5 clients (out of 10)
[2025-01-07 23:01:56,688][flwr][INFO] - aggregate_evaluate: received 5 results and 0 failures
[2025-01-07 23:01:56,689][flwr][INFO] - 
[2025-01-07 23:01:56,689][flwr][INFO] - [ROUND 4]
[2025-01-07 23:01:56,689][flwr][INFO] - configure_fit: strategy sampled 2 clients (out of 10)
[2025-01-07 23:02:01,712][flwr][INFO] - aggregate_fit: received 2 results and 0 failures
[2025-01-07 23:02:03,289][flwr][INFO] - fit progress: (4, 9.839539726497605, {'accuracy': 0.9719}, 33.06847609000397)
[2025-01-07 23:02:03,290][flwr][INFO] - configure_evaluate: strategy sampled 5 clients (out of 10)
[2025-01-07 23:02:03,954][flwr][INFO] - aggregate_evaluate: received 5 results and 0 failures
[2025-01-07 23:02:03,955][flwr][INFO] - 
[2025-01-07 23:02:03,955][flwr][INFO] - [ROUND 5]
[2025-01-07 23:02:03,955][flwr][INFO] - configure_fit: strategy sampled 2 clients (out of 10)
[2025-01-07 23:02:08,981][flwr][INFO] - aggregate_fit: received 2 results and 0 failures
[2025-01-07 23:02:10,468][flwr][INFO] - fit progress: (5, 12.568704975768924, {'accuracy': 0.9672}, 40.246701977004705)
[2025-01-07 23:02:10,468][flwr][INFO] - configure_evaluate: strategy sampled 5 clients (out of 10)
[2025-01-07 23:02:11,100][flwr][INFO] - aggregate_evaluate: received 5 results and 0 failures
[2025-01-07 23:02:11,100][flwr][INFO] - 
[2025-01-07 23:02:11,100][flwr][INFO] - [ROUND 6]
[2025-01-07 23:02:11,100][flwr][INFO] - configure_fit: strategy sampled 2 clients (out of 10)
[2025-01-07 23:02:16,437][flwr][INFO] - aggregate_fit: received 2 results and 0 failures
[2025-01-07 23:02:17,618][flwr][INFO] - fit progress: (6, 12.567505838349462, {'accuracy': 0.9679}, 47.39723923800193)
[2025-01-07 23:02:17,618][flwr][INFO] - configure_evaluate: strategy sampled 5 clients (out of 10)
[2025-01-07 23:02:18,306][flwr][INFO] - aggregate_evaluate: received 5 results and 0 failures
[2025-01-07 23:02:18,306][flwr][INFO] - 
[2025-01-07 23:02:18,306][flwr][INFO] - [ROUND 7]
[2025-01-07 23:02:18,306][flwr][INFO] - configure_fit: strategy sampled 2 clients (out of 10)
[2025-01-07 23:02:24,092][flwr][INFO] - aggregate_fit: received 2 results and 0 failures
[2025-01-07 23:02:25,843][flwr][INFO] - fit progress: (7, 14.378106260759523, {'accuracy': 0.9571}, 55.62230679100321)
[2025-01-07 23:02:25,843][flwr][INFO] - configure_evaluate: strategy sampled 5 clients (out of 10)
[2025-01-07 23:02:26,439][flwr][INFO] - aggregate_evaluate: received 5 results and 0 failures
[2025-01-07 23:02:26,440][flwr][INFO] - 
[2025-01-07 23:02:26,440][flwr][INFO] - [ROUND 8]
[2025-01-07 23:02:26,440][flwr][INFO] - configure_fit: strategy sampled 2 clients (out of 10)
[2025-01-07 23:02:32,554][flwr][INFO] - aggregate_fit: received 2 results and 0 failures
[2025-01-07 23:02:34,013][flwr][INFO] - fit progress: (8, 182.81970167160034, {'accuracy': 0.1028}, 63.7922484419978)
[2025-01-07 23:02:34,013][flwr][INFO] - configure_evaluate: strategy sampled 5 clients (out of 10)
[2025-01-07 23:02:34,643][flwr][INFO] - aggregate_evaluate: received 5 results and 0 failures
[2025-01-07 23:02:34,644][flwr][INFO] - 
[2025-01-07 23:02:34,644][flwr][INFO] - [ROUND 9]
[2025-01-07 23:02:34,644][flwr][INFO] - configure_fit: strategy sampled 2 clients (out of 10)
[2025-01-07 23:02:39,555][flwr][INFO] - aggregate_fit: received 2 results and 0 failures
[2025-01-07 23:02:40,764][flwr][INFO] - fit progress: (9, 181.87438654899597, {'accuracy': 0.1136}, 70.54346172800433)
[2025-01-07 23:02:40,765][flwr][INFO] - configure_evaluate: strategy sampled 5 clients (out of 10)
[2025-01-07 23:02:41,490][flwr][INFO] - aggregate_evaluate: received 5 results and 0 failures
[2025-01-07 23:02:41,491][flwr][INFO] - 
[2025-01-07 23:02:41,491][flwr][INFO] - [ROUND 10]
[2025-01-07 23:02:41,491][flwr][INFO] - configure_fit: strategy sampled 2 clients (out of 10)
[2025-01-07 23:02:46,377][flwr][INFO] - aggregate_fit: received 2 results and 0 failures
[2025-01-07 23:02:47,922][flwr][INFO] - fit progress: (10, 182.0485167503357, {'accuracy': 0.1135}, 77.70117374799884)
[2025-01-07 23:02:47,922][flwr][INFO] - configure_evaluate: strategy sampled 5 clients (out of 10)
[2025-01-07 23:02:48,590][flwr][INFO] - aggregate_evaluate: received 5 results and 0 failures
[2025-01-07 23:02:48,590][flwr][INFO] - 
[2025-01-07 23:02:48,590][flwr][INFO] - [ROUND 11]
[2025-01-07 23:02:48,590][flwr][INFO] - configure_fit: strategy sampled 2 clients (out of 10)
[2025-01-07 23:02:53,573][flwr][INFO] - aggregate_fit: received 2 results and 0 failures
[2025-01-07 23:02:54,926][flwr][INFO] - fit progress: (11, 169.40609431266785, {'accuracy': 0.1662}, 84.70478835899848)
[2025-01-07 23:02:54,926][flwr][INFO] - configure_evaluate: strategy sampled 5 clients (out of 10)
[2025-01-07 23:02:55,600][flwr][INFO] - aggregate_evaluate: received 5 results and 0 failures
[2025-01-07 23:02:55,600][flwr][INFO] - 
[2025-01-07 23:02:55,600][flwr][INFO] - [ROUND 12]
[2025-01-07 23:02:55,600][flwr][INFO] - configure_fit: strategy sampled 2 clients (out of 10)
[2025-01-07 23:03:00,595][flwr][INFO] - aggregate_fit: received 2 results and 0 failures
[2025-01-07 23:03:02,084][flwr][INFO] - fit progress: (12, 185.51970052719116, {'accuracy': 0.1017}, 91.86347590600053)
[2025-01-07 23:03:02,085][flwr][INFO] - configure_evaluate: strategy sampled 5 clients (out of 10)
[2025-01-07 23:03:02,763][flwr][INFO] - aggregate_evaluate: received 5 results and 0 failures
[2025-01-07 23:03:02,763][flwr][INFO] - 
[2025-01-07 23:03:02,763][flwr][INFO] - [ROUND 13]
[2025-01-07 23:03:02,763][flwr][INFO] - configure_fit: strategy sampled 2 clients (out of 10)
[2025-01-07 23:03:07,732][flwr][INFO] - aggregate_fit: received 2 results and 0 failures
[2025-01-07 23:03:09,246][flwr][INFO] - fit progress: (13, 159.6715830564499, {'accuracy': 0.2039}, 99.02525708400208)
[2025-01-07 23:03:09,246][flwr][INFO] - configure_evaluate: strategy sampled 5 clients (out of 10)
[2025-01-07 23:03:09,901][flwr][INFO] - aggregate_evaluate: received 5 results and 0 failures
[2025-01-07 23:03:09,901][flwr][INFO] - 
[2025-01-07 23:03:09,901][flwr][INFO] - [ROUND 14]
[2025-01-07 23:03:09,902][flwr][INFO] - configure_fit: strategy sampled 2 clients (out of 10)
[2025-01-07 23:03:14,820][flwr][INFO] - aggregate_fit: received 2 results and 0 failures
[2025-01-07 23:03:16,151][flwr][INFO] - fit progress: (14, 181.90698981285095, {'accuracy': 0.1135}, 105.93029568700149)
[2025-01-07 23:03:16,151][flwr][INFO] - configure_evaluate: strategy sampled 5 clients (out of 10)
[2025-01-07 23:03:16,875][flwr][INFO] - aggregate_evaluate: received 5 results and 0 failures
[2025-01-07 23:03:16,875][flwr][INFO] - 
[2025-01-07 23:03:16,875][flwr][INFO] - [ROUND 15]
[2025-01-07 23:03:16,876][flwr][INFO] - configure_fit: strategy sampled 2 clients (out of 10)
[2025-01-07 23:03:21,964][flwr][INFO] - aggregate_fit: received 2 results and 0 failures
[2025-01-07 23:03:23,970][flwr][INFO] - fit progress: (15, 181.96051740646362, {'accuracy': 0.1032}, 113.7493248910032)
[2025-01-07 23:03:23,971][flwr][INFO] - configure_evaluate: strategy sampled 5 clients (out of 10)
[2025-01-07 23:03:24,609][flwr][INFO] - aggregate_evaluate: received 5 results and 0 failures
[2025-01-07 23:03:24,610][flwr][INFO] - 
[2025-01-07 23:03:24,610][flwr][INFO] - [SUMMARY]
[2025-01-07 23:03:24,610][flwr][INFO] - Run finished 15 round(s) in 114.39s
[2025-01-07 23:03:24,611][flwr][INFO] - 	History (loss, distributed):
[2025-01-07 23:03:24,611][flwr][INFO] - 		round 1: 19.452021491527557
[2025-01-07 23:03:24,611][flwr][INFO] - 		round 2: 5.6118393227458
[2025-01-07 23:03:24,611][flwr][INFO] - 		round 3: 2.751373448924278
[2025-01-07 23:03:24,611][flwr][INFO] - 		round 4: 2.5622005402110517
[2025-01-07 23:03:24,611][flwr][INFO] - 		round 5: 3.827365235611796
[2025-01-07 23:03:24,611][flwr][INFO] - 		round 6: 3.331968715135008
[2025-01-07 23:03:24,611][flwr][INFO] - 		round 7: 3.2752198520582168
[2025-01-07 23:03:24,611][flwr][INFO] - 		round 8: 43.96126079559326
[2025-01-07 23:03:24,611][flwr][INFO] - 		round 9: 43.84273509979248
[2025-01-07 23:03:24,612][flwr][INFO] - 		round 10: 43.77240123748779
[2025-01-07 23:03:24,612][flwr][INFO] - 		round 11: 40.93077335357666
[2025-01-07 23:03:24,612][flwr][INFO] - 		round 12: 44.66112580299377
[2025-01-07 23:03:24,612][flwr][INFO] - 		round 13: 38.47211401462555
[2025-01-07 23:03:24,612][flwr][INFO] - 		round 14: 43.74258589744568
[2025-01-07 23:03:24,612][flwr][INFO] - 		round 15: 43.7826868057251
[2025-01-07 23:03:24,612][flwr][INFO] - 	History (loss, centralized):
[2025-01-07 23:03:24,612][flwr][INFO] - 		round 0: 181.85152554512024
[2025-01-07 23:03:24,612][flwr][INFO] - 		round 1: 79.90041124820709
[2025-01-07 23:03:24,612][flwr][INFO] - 		round 2: 21.960617493838072
[2025-01-07 23:03:24,612][flwr][INFO] - 		round 3: 8.939592598500894
[2025-01-07 23:03:24,613][flwr][INFO] - 		round 4: 9.839539726497605
[2025-01-07 23:03:24,613][flwr][INFO] - 		round 5: 12.568704975768924
[2025-01-07 23:03:24,613][flwr][INFO] - 		round 6: 12.567505838349462
[2025-01-07 23:03:24,613][flwr][INFO] - 		round 7: 14.378106260759523
[2025-01-07 23:03:24,613][flwr][INFO] - 		round 8: 182.81970167160034
[2025-01-07 23:03:24,613][flwr][INFO] - 		round 9: 181.87438654899597
[2025-01-07 23:03:24,613][flwr][INFO] - 		round 10: 182.0485167503357
[2025-01-07 23:03:24,613][flwr][INFO] - 		round 11: 169.40609431266785
[2025-01-07 23:03:24,613][flwr][INFO] - 		round 12: 185.51970052719116
[2025-01-07 23:03:24,613][flwr][INFO] - 		round 13: 159.6715830564499
[2025-01-07 23:03:24,613][flwr][INFO] - 		round 14: 181.90698981285095
[2025-01-07 23:03:24,613][flwr][INFO] - 		round 15: 181.96051740646362
[2025-01-07 23:03:24,613][flwr][INFO] - 	History (metrics, centralized):
[2025-01-07 23:03:24,613][flwr][INFO] - 	{'accuracy': [(0, 0.1282),
[2025-01-07 23:03:24,613][flwr][INFO] - 	              (1, 0.8133),
[2025-01-07 23:03:24,613][flwr][INFO] - 	              (2, 0.9356),
[2025-01-07 23:03:24,613][flwr][INFO] - 	              (3, 0.9735),
[2025-01-07 23:03:24,613][flwr][INFO] - 	              (4, 0.9719),
[2025-01-07 23:03:24,613][flwr][INFO] - 	              (5, 0.9672),
[2025-01-07 23:03:24,613][flwr][INFO] - 	              (6, 0.9679),
[2025-01-07 23:03:24,613][flwr][INFO] - 	              (7, 0.9571),
[2025-01-07 23:03:24,613][flwr][INFO] - 	              (8, 0.1028),
[2025-01-07 23:03:24,614][flwr][INFO] - 	              (9, 0.1136),
[2025-01-07 23:03:24,614][flwr][INFO] - 	              (10, 0.1135),
[2025-01-07 23:03:24,614][flwr][INFO] - 	              (11, 0.1662),
[2025-01-07 23:03:24,614][flwr][INFO] - 	              (12, 0.1017),
[2025-01-07 23:03:24,614][flwr][INFO] - 	              (13, 0.2039),
[2025-01-07 23:03:24,614][flwr][INFO] - 	              (14, 0.1135),
[2025-01-07 23:03:24,614][flwr][INFO] - 	              (15, 0.1032)]}
[2025-01-07 23:03:24,614][flwr][INFO] - 
