[2025-01-07 21:45:20,634][flwr][INFO] - Starting Flower simulation, config: num_rounds=15, no round_timeout
[2025-01-07 21:45:24,201][flwr][INFO] - Flower VCE: Ray initialized with resources: {'node:__internal_head__': 1.0, 'object_store_memory': 3133061529.0, 'memory': 6266123060.0, 'node:192.168.1.11': 1.0, 'CPU': 12.0}
[2025-01-07 21:45:24,201][flwr][INFO] - Optimize your simulation with Flower VCE: https://flower.ai/docs/framework/how-to-run-simulations.html
[2025-01-07 21:45:24,201][flwr][INFO] - Flower VCE: Resources for each Virtual Client: {'num_cpus': 2, 'num_gpus': 0}
[2025-01-07 21:45:24,208][flwr][INFO] - Flower VCE: Creating VirtualClientEngineActorPool with 6 actors
[2025-01-07 21:45:24,208][flwr][INFO] - [INIT]
[2025-01-07 21:45:24,208][flwr][INFO] - Requesting initial parameters from one random client
[2025-01-07 21:45:26,643][flwr][INFO] - Received initial parameters from one random client
[2025-01-07 21:45:26,643][flwr][INFO] - Starting evaluation of initial global parameters
[2025-01-07 21:45:28,058][flwr][INFO] - initial parameters (loss, other metrics): 182.01541304588318, {'accuracy': 0.1145}
[2025-01-07 21:45:28,058][flwr][INFO] - 
[2025-01-07 21:45:28,058][flwr][INFO] - [ROUND 1]
[2025-01-07 21:45:28,058][flwr][INFO] - configure_fit: strategy sampled 2 clients (out of 10)
[2025-01-07 21:45:37,798][flwr][INFO] - aggregate_fit: received 2 results and 0 failures
[2025-01-07 21:45:37,803][flwr][WARNING] - No fit_metrics_aggregation_fn provided
[2025-01-07 21:45:39,074][flwr][INFO] - fit progress: (1, 182.11460828781128, {'accuracy': 0.1039}, 11.015684354999394)
[2025-01-07 21:45:39,074][flwr][INFO] - configure_evaluate: strategy sampled 2 clients (out of 10)
[2025-01-07 21:45:39,452][flwr][INFO] - aggregate_evaluate: received 2 results and 0 failures
[2025-01-07 21:45:39,453][flwr][WARNING] - No evaluate_metrics_aggregation_fn provided
[2025-01-07 21:45:39,453][flwr][INFO] - 
[2025-01-07 21:45:39,453][flwr][INFO] - [ROUND 2]
[2025-01-07 21:45:39,453][flwr][INFO] - configure_fit: strategy sampled 2 clients (out of 10)
[2025-01-07 21:45:46,761][flwr][INFO] - aggregate_fit: received 2 results and 0 failures
[2025-01-07 21:45:48,819][flwr][INFO] - fit progress: (2, 182.6681365966797, {'accuracy': 0.0982}, 20.760778881005535)
[2025-01-07 21:45:48,819][flwr][INFO] - configure_evaluate: strategy sampled 2 clients (out of 10)
[2025-01-07 21:45:49,175][flwr][INFO] - aggregate_evaluate: received 2 results and 0 failures
[2025-01-07 21:45:49,176][flwr][INFO] - 
[2025-01-07 21:45:49,176][flwr][INFO] - [ROUND 3]
[2025-01-07 21:45:49,176][flwr][INFO] - configure_fit: strategy sampled 2 clients (out of 10)
[2025-01-07 21:45:56,213][flwr][INFO] - aggregate_fit: received 2 results and 0 failures
[2025-01-07 21:45:57,476][flwr][INFO] - fit progress: (3, 182.29044461250305, {'accuracy': 0.1028}, 29.418247172005067)
[2025-01-07 21:45:57,477][flwr][INFO] - configure_evaluate: strategy sampled 2 clients (out of 10)
[2025-01-07 21:45:57,893][flwr][INFO] - aggregate_evaluate: received 2 results and 0 failures
[2025-01-07 21:45:57,893][flwr][INFO] - 
[2025-01-07 21:45:57,893][flwr][INFO] - [ROUND 4]
[2025-01-07 21:45:57,894][flwr][INFO] - configure_fit: strategy sampled 2 clients (out of 10)
[2025-01-07 21:46:04,917][flwr][INFO] - aggregate_fit: received 2 results and 0 failures
[2025-01-07 21:46:06,202][flwr][INFO] - fit progress: (4, 182.40341353416443, {'accuracy': 0.1135}, 38.14352774700092)
[2025-01-07 21:46:06,202][flwr][INFO] - configure_evaluate: strategy sampled 2 clients (out of 10)
[2025-01-07 21:46:06,593][flwr][INFO] - aggregate_evaluate: received 2 results and 0 failures
[2025-01-07 21:46:06,594][flwr][INFO] - 
[2025-01-07 21:46:06,594][flwr][INFO] - [ROUND 5]
[2025-01-07 21:46:06,594][flwr][INFO] - configure_fit: strategy sampled 2 clients (out of 10)
[2025-01-07 21:46:13,475][flwr][INFO] - aggregate_fit: received 2 results and 0 failures
[2025-01-07 21:46:14,801][flwr][INFO] - fit progress: (5, 182.37938499450684, {'accuracy': 0.1032}, 46.7426093719987)
[2025-01-07 21:46:14,801][flwr][INFO] - configure_evaluate: strategy sampled 2 clients (out of 10)
[2025-01-07 21:46:15,227][flwr][INFO] - aggregate_evaluate: received 2 results and 0 failures
[2025-01-07 21:46:15,227][flwr][INFO] - 
[2025-01-07 21:46:15,227][flwr][INFO] - [ROUND 6]
[2025-01-07 21:46:15,228][flwr][INFO] - configure_fit: strategy sampled 2 clients (out of 10)
[2025-01-07 21:46:22,269][flwr][INFO] - aggregate_fit: received 2 results and 0 failures
[2025-01-07 21:46:23,540][flwr][INFO] - fit progress: (6, 182.1199996471405, {'accuracy': 0.1009}, 55.481501482005115)
[2025-01-07 21:46:23,540][flwr][INFO] - configure_evaluate: strategy sampled 2 clients (out of 10)
[2025-01-07 21:46:24,002][flwr][INFO] - aggregate_evaluate: received 2 results and 0 failures
[2025-01-07 21:46:24,002][flwr][INFO] - 
[2025-01-07 21:46:24,003][flwr][INFO] - [ROUND 7]
[2025-01-07 21:46:24,003][flwr][INFO] - configure_fit: strategy sampled 2 clients (out of 10)
[2025-01-07 21:46:30,924][flwr][INFO] - aggregate_fit: received 2 results and 0 failures
[2025-01-07 21:46:32,416][flwr][INFO] - fit progress: (7, 182.44313859939575, {'accuracy': 0.1135}, 64.3577235470002)
[2025-01-07 21:46:32,416][flwr][INFO] - configure_evaluate: strategy sampled 2 clients (out of 10)
[2025-01-07 21:46:32,802][flwr][INFO] - aggregate_evaluate: received 2 results and 0 failures
[2025-01-07 21:46:32,802][flwr][INFO] - 
[2025-01-07 21:46:32,802][flwr][INFO] - [ROUND 8]
[2025-01-07 21:46:32,803][flwr][INFO] - configure_fit: strategy sampled 2 clients (out of 10)
[2025-01-07 21:46:39,830][flwr][INFO] - aggregate_fit: received 2 results and 0 failures
[2025-01-07 21:46:41,662][flwr][INFO] - fit progress: (8, 182.56405210494995, {'accuracy': 0.1009}, 73.60396951300208)
[2025-01-07 21:46:41,662][flwr][INFO] - configure_evaluate: strategy sampled 2 clients (out of 10)
[2025-01-07 21:46:42,018][flwr][INFO] - aggregate_evaluate: received 2 results and 0 failures
[2025-01-07 21:46:42,018][flwr][INFO] - 
[2025-01-07 21:46:42,019][flwr][INFO] - [ROUND 9]
[2025-01-07 21:46:42,019][flwr][INFO] - configure_fit: strategy sampled 2 clients (out of 10)
[2025-01-07 21:46:49,302][flwr][INFO] - aggregate_fit: received 2 results and 0 failures
[2025-01-07 21:46:51,059][flwr][INFO] - fit progress: (9, 182.48701405525208, {'accuracy': 0.1135}, 83.00068828700023)
[2025-01-07 21:46:51,059][flwr][INFO] - configure_evaluate: strategy sampled 2 clients (out of 10)
[2025-01-07 21:46:51,412][flwr][INFO] - aggregate_evaluate: received 2 results and 0 failures
[2025-01-07 21:46:51,412][flwr][INFO] - 
[2025-01-07 21:46:51,412][flwr][INFO] - [ROUND 10]
[2025-01-07 21:46:51,412][flwr][INFO] - configure_fit: strategy sampled 2 clients (out of 10)
[2025-01-07 21:46:58,545][flwr][INFO] - aggregate_fit: received 2 results and 0 failures
[2025-01-07 21:47:00,278][flwr][INFO] - fit progress: (10, 182.21080136299133, {'accuracy': 0.098}, 92.21975705800287)
[2025-01-07 21:47:00,278][flwr][INFO] - configure_evaluate: strategy sampled 2 clients (out of 10)
[2025-01-07 21:47:00,642][flwr][INFO] - aggregate_evaluate: received 2 results and 0 failures
[2025-01-07 21:47:00,643][flwr][INFO] - 
[2025-01-07 21:47:00,643][flwr][INFO] - [ROUND 11]
[2025-01-07 21:47:00,643][flwr][INFO] - configure_fit: strategy sampled 2 clients (out of 10)
[2025-01-07 21:47:07,739][flwr][INFO] - aggregate_fit: received 2 results and 0 failures
[2025-01-07 21:47:09,457][flwr][INFO] - fit progress: (11, 182.55546069145203, {'accuracy': 0.1135}, 101.3992836220059)
[2025-01-07 21:47:09,458][flwr][INFO] - configure_evaluate: strategy sampled 2 clients (out of 10)
[2025-01-07 21:47:09,832][flwr][INFO] - aggregate_evaluate: received 2 results and 0 failures
[2025-01-07 21:47:09,832][flwr][INFO] - 
[2025-01-07 21:47:09,832][flwr][INFO] - [ROUND 12]
[2025-01-07 21:47:09,832][flwr][INFO] - configure_fit: strategy sampled 2 clients (out of 10)
[2025-01-07 21:47:16,981][flwr][INFO] - aggregate_fit: received 2 results and 0 failures
[2025-01-07 21:47:18,624][flwr][INFO] - fit progress: (12, 182.65117573738098, {'accuracy': 0.1135}, 110.56549572299991)
[2025-01-07 21:47:18,624][flwr][INFO] - configure_evaluate: strategy sampled 2 clients (out of 10)
[2025-01-07 21:47:19,042][flwr][INFO] - aggregate_evaluate: received 2 results and 0 failures
[2025-01-07 21:47:19,042][flwr][INFO] - 
[2025-01-07 21:47:19,042][flwr][INFO] - [ROUND 13]
[2025-01-07 21:47:19,042][flwr][INFO] - configure_fit: strategy sampled 2 clients (out of 10)
[2025-01-07 21:47:27,510][flwr][INFO] - aggregate_fit: received 2 results and 0 failures
[2025-01-07 21:47:29,027][flwr][INFO] - fit progress: (13, 182.33152842521667, {'accuracy': 0.1135}, 120.96933044800244)
[2025-01-07 21:47:29,028][flwr][INFO] - configure_evaluate: strategy sampled 2 clients (out of 10)
[2025-01-07 21:47:29,455][flwr][INFO] - aggregate_evaluate: received 2 results and 0 failures
[2025-01-07 21:47:29,456][flwr][INFO] - 
[2025-01-07 21:47:29,456][flwr][INFO] - [ROUND 14]
[2025-01-07 21:47:29,456][flwr][INFO] - configure_fit: strategy sampled 2 clients (out of 10)
[2025-01-07 21:47:37,288][flwr][INFO] - aggregate_fit: received 2 results and 0 failures
[2025-01-07 21:47:39,456][flwr][INFO] - fit progress: (14, 182.44813895225525, {'accuracy': 0.1032}, 131.39791315299954)
[2025-01-07 21:47:39,456][flwr][INFO] - configure_evaluate: strategy sampled 2 clients (out of 10)
[2025-01-07 21:47:39,974][flwr][INFO] - aggregate_evaluate: received 2 results and 0 failures
[2025-01-07 21:47:39,974][flwr][INFO] - 
[2025-01-07 21:47:39,974][flwr][INFO] - [ROUND 15]
[2025-01-07 21:47:39,975][flwr][INFO] - configure_fit: strategy sampled 2 clients (out of 10)
[2025-01-07 21:47:47,899][flwr][INFO] - aggregate_fit: received 2 results and 0 failures
[2025-01-07 21:47:49,518][flwr][INFO] - fit progress: (15, 182.8586437702179, {'accuracy': 0.1135}, 141.4593966310058)
[2025-01-07 21:47:49,518][flwr][INFO] - configure_evaluate: strategy sampled 2 clients (out of 10)
[2025-01-07 21:47:49,887][flwr][INFO] - aggregate_evaluate: received 2 results and 0 failures
[2025-01-07 21:47:49,887][flwr][INFO] - 
[2025-01-07 21:47:49,888][flwr][INFO] - [SUMMARY]
[2025-01-07 21:47:49,888][flwr][INFO] - Run finished 15 round(s) in 141.83s
[2025-01-07 21:47:49,888][flwr][INFO] - 	History (loss, distributed):
[2025-01-07 21:47:49,888][flwr][INFO] - 		round 1: 87.54529857635498
[2025-01-07 21:47:49,888][flwr][INFO] - 		round 2: 87.64932584762573
[2025-01-07 21:47:49,889][flwr][INFO] - 		round 3: 87.55356419086456
[2025-01-07 21:47:49,889][flwr][INFO] - 		round 4: 87.94719707965851
[2025-01-07 21:47:49,889][flwr][INFO] - 		round 5: 87.84822869300842
[2025-01-07 21:47:49,889][flwr][INFO] - 		round 6: 87.55136013031006
[2025-01-07 21:47:49,889][flwr][INFO] - 		round 7: 87.73759007453918
[2025-01-07 21:47:49,889][flwr][INFO] - 		round 8: 87.67759203910828
[2025-01-07 21:47:49,889][flwr][INFO] - 		round 9: 87.99715423583984
[2025-01-07 21:47:49,889][flwr][INFO] - 		round 10: 87.90982210636139
[2025-01-07 21:47:49,889][flwr][INFO] - 		round 11: 87.4707635641098
[2025-01-07 21:47:49,889][flwr][INFO] - 		round 12: 88.04490053653717
[2025-01-07 21:47:49,890][flwr][INFO] - 		round 13: 87.55224132537842
[2025-01-07 21:47:49,890][flwr][INFO] - 		round 14: 87.65766251087189
[2025-01-07 21:47:49,890][flwr][INFO] - 		round 15: 87.78795325756073
[2025-01-07 21:47:49,890][flwr][INFO] - 	History (loss, centralized):
[2025-01-07 21:47:49,890][flwr][INFO] - 		round 0: 182.01541304588318
[2025-01-07 21:47:49,890][flwr][INFO] - 		round 1: 182.11460828781128
[2025-01-07 21:47:49,890][flwr][INFO] - 		round 2: 182.6681365966797
[2025-01-07 21:47:49,890][flwr][INFO] - 		round 3: 182.29044461250305
[2025-01-07 21:47:49,890][flwr][INFO] - 		round 4: 182.40341353416443
[2025-01-07 21:47:49,890][flwr][INFO] - 		round 5: 182.37938499450684
[2025-01-07 21:47:49,891][flwr][INFO] - 		round 6: 182.1199996471405
[2025-01-07 21:47:49,891][flwr][INFO] - 		round 7: 182.44313859939575
[2025-01-07 21:47:49,891][flwr][INFO] - 		round 8: 182.56405210494995
[2025-01-07 21:47:49,891][flwr][INFO] - 		round 9: 182.48701405525208
[2025-01-07 21:47:49,891][flwr][INFO] - 		round 10: 182.21080136299133
[2025-01-07 21:47:49,891][flwr][INFO] - 		round 11: 182.55546069145203
[2025-01-07 21:47:49,891][flwr][INFO] - 		round 12: 182.65117573738098
[2025-01-07 21:47:49,891][flwr][INFO] - 		round 13: 182.33152842521667
[2025-01-07 21:47:49,891][flwr][INFO] - 		round 14: 182.44813895225525
[2025-01-07 21:47:49,891][flwr][INFO] - 		round 15: 182.8586437702179
[2025-01-07 21:47:49,892][flwr][INFO] - 	History (metrics, centralized):
[2025-01-07 21:47:49,892][flwr][INFO] - 	{'accuracy': [(0, 0.1145),
[2025-01-07 21:47:49,892][flwr][INFO] - 	              (1, 0.1039),
[2025-01-07 21:47:49,892][flwr][INFO] - 	              (2, 0.0982),
[2025-01-07 21:47:49,892][flwr][INFO] - 	              (3, 0.1028),
[2025-01-07 21:47:49,892][flwr][INFO] - 	              (4, 0.1135),
[2025-01-07 21:47:49,892][flwr][INFO] - 	              (5, 0.1032),
[2025-01-07 21:47:49,892][flwr][INFO] - 	              (6, 0.1009),
[2025-01-07 21:47:49,892][flwr][INFO] - 	              (7, 0.1135),
[2025-01-07 21:47:49,892][flwr][INFO] - 	              (8, 0.1009),
[2025-01-07 21:47:49,893][flwr][INFO] - 	              (9, 0.1135),
[2025-01-07 21:47:49,893][flwr][INFO] - 	              (10, 0.098),
[2025-01-07 21:47:49,893][flwr][INFO] - 	              (11, 0.1135),
[2025-01-07 21:47:49,893][flwr][INFO] - 	              (12, 0.1135),
[2025-01-07 21:47:49,893][flwr][INFO] - 	              (13, 0.1135),
[2025-01-07 21:47:49,893][flwr][INFO] - 	              (14, 0.1032),
[2025-01-07 21:47:49,893][flwr][INFO] - 	              (15, 0.1135)]}
[2025-01-07 21:47:49,893][flwr][INFO] - 
