[2024-12-31 23:04:53,973][flwr][INFO] - Starting Flower simulation, config: num_rounds=10, no round_timeout
[2024-12-31 23:04:57,588][flwr][INFO] - Flower VCE: Ray initialized with resources: {'object_store_memory': 3261269606.0, 'memory': 6522539214.0, 'CPU': 12.0, 'node:192.168.1.11': 1.0, 'node:__internal_head__': 1.0}
[2024-12-31 23:04:57,588][flwr][INFO] - Optimize your simulation with Flower VCE: https://flower.ai/docs/framework/how-to-run-simulations.html
[2024-12-31 23:04:57,588][flwr][INFO] - Flower VCE: Resources for each Virtual Client: {'num_cpus': 2, 'num_gpus': 0}
[2024-12-31 23:04:57,599][flwr][INFO] - Flower VCE: Creating VirtualClientEngineActorPool with 6 actors
[2024-12-31 23:04:57,599][flwr][INFO] - [INIT]
[2024-12-31 23:04:57,599][flwr][INFO] - Using initial global parameters provided by strategy
[2024-12-31 23:04:57,600][flwr][INFO] - Starting evaluation of initial global parameters
[2024-12-31 23:05:01,099][flwr][INFO] - initial parameters (loss, other metrics): 182.08714938163757, {'accuracy': 0.0965}
[2024-12-31 23:05:01,099][flwr][INFO] - 
[2024-12-31 23:05:01,099][flwr][INFO] - [ROUND 1]
[2024-12-31 23:05:01,101][flwr][INFO] - configure_fit: strategy sampled 2 clients (out of 10)
[2024-12-31 23:05:19,168][flwr][INFO] - aggregate_fit: received 2 results and 0 failures
[2024-12-31 23:05:20,493][flwr][WARNING] - No fit_metrics_aggregation_fn provided
[2024-12-31 23:05:21,913][flwr][INFO] - fit progress: (1, 182.21382236480713, {'accuracy': 0.1078}, 20.81380904999969)
[2024-12-31 23:05:21,913][flwr][INFO] - configure_evaluate: strategy sampled 5 clients (out of 10)
[2024-12-31 23:05:25,887][flwr][INFO] - aggregate_evaluate: received 5 results and 0 failures
[2024-12-31 23:05:25,888][flwr][WARNING] - No evaluate_metrics_aggregation_fn provided
[2024-12-31 23:05:25,888][flwr][INFO] - 
[2024-12-31 23:05:25,888][flwr][INFO] - [ROUND 2]
[2024-12-31 23:05:25,890][flwr][INFO] - configure_fit: strategy sampled 2 clients (out of 10)
[2024-12-31 23:05:40,803][flwr][INFO] - aggregate_fit: received 2 results and 0 failures
[2024-12-31 23:05:44,238][flwr][INFO] - fit progress: (2, 182.18916583061218, {'accuracy': 0.1009}, 43.1392599230021)
[2024-12-31 23:05:44,238][flwr][INFO] - configure_evaluate: strategy sampled 5 clients (out of 10)
[2024-12-31 23:05:44,992][flwr][INFO] - aggregate_evaluate: received 5 results and 0 failures
[2024-12-31 23:05:44,992][flwr][INFO] - 
[2024-12-31 23:05:44,992][flwr][INFO] - [ROUND 3]
[2024-12-31 23:05:44,995][flwr][INFO] - configure_fit: strategy sampled 2 clients (out of 10)
[2024-12-31 23:06:00,507][flwr][INFO] - aggregate_fit: received 2 results and 0 failures
[2024-12-31 23:06:03,560][flwr][INFO] - fit progress: (3, 182.18916583061218, {'accuracy': 0.1009}, 62.46071360300266)
[2024-12-31 23:06:03,560][flwr][INFO] - configure_evaluate: strategy sampled 5 clients (out of 10)
[2024-12-31 23:06:04,350][flwr][INFO] - aggregate_evaluate: received 5 results and 0 failures
[2024-12-31 23:06:04,350][flwr][INFO] - 
[2024-12-31 23:06:04,350][flwr][INFO] - [ROUND 4]
[2024-12-31 23:06:04,353][flwr][INFO] - configure_fit: strategy sampled 2 clients (out of 10)
[2024-12-31 23:06:19,765][flwr][INFO] - aggregate_fit: received 2 results and 0 failures
[2024-12-31 23:06:22,960][flwr][INFO] - fit progress: (4, 182.18588876724243, {'accuracy': 0.1009}, 81.86118971399992)
[2024-12-31 23:06:22,960][flwr][INFO] - configure_evaluate: strategy sampled 5 clients (out of 10)
[2024-12-31 23:06:23,757][flwr][INFO] - aggregate_evaluate: received 5 results and 0 failures
[2024-12-31 23:06:23,757][flwr][INFO] - 
[2024-12-31 23:06:23,757][flwr][INFO] - [ROUND 5]
[2024-12-31 23:06:23,761][flwr][INFO] - configure_fit: strategy sampled 2 clients (out of 10)
[2024-12-31 23:06:39,363][flwr][INFO] - aggregate_fit: received 2 results and 0 failures
[2024-12-31 23:06:42,868][flwr][INFO] - fit progress: (5, nan, {'accuracy': 0.098}, 101.76937788700161)
[2024-12-31 23:06:42,869][flwr][INFO] - configure_evaluate: strategy sampled 5 clients (out of 10)
[2024-12-31 23:06:43,692][flwr][INFO] - aggregate_evaluate: received 5 results and 0 failures
[2024-12-31 23:06:43,692][flwr][INFO] - 
[2024-12-31 23:06:43,692][flwr][INFO] - [ROUND 6]
[2024-12-31 23:06:43,696][flwr][INFO] - configure_fit: strategy sampled 2 clients (out of 10)
[2024-12-31 23:06:56,681][flwr][INFO] - aggregate_fit: received 2 results and 0 failures
[2024-12-31 23:06:59,837][flwr][INFO] - fit progress: (6, nan, {'accuracy': 0.098}, 118.73822407000262)
[2024-12-31 23:06:59,837][flwr][INFO] - configure_evaluate: strategy sampled 5 clients (out of 10)
[2024-12-31 23:07:00,679][flwr][INFO] - aggregate_evaluate: received 5 results and 0 failures
[2024-12-31 23:07:00,679][flwr][INFO] - 
[2024-12-31 23:07:00,680][flwr][INFO] - [ROUND 7]
[2024-12-31 23:07:00,684][flwr][INFO] - configure_fit: strategy sampled 2 clients (out of 10)
[2024-12-31 23:07:13,351][flwr][INFO] - aggregate_fit: received 2 results and 0 failures
[2024-12-31 23:07:17,156][flwr][INFO] - fit progress: (7, nan, {'accuracy': 0.098}, 136.0568162519994)
[2024-12-31 23:07:17,156][flwr][INFO] - configure_evaluate: strategy sampled 5 clients (out of 10)
[2024-12-31 23:07:17,894][flwr][INFO] - aggregate_evaluate: received 5 results and 0 failures
[2024-12-31 23:07:17,895][flwr][INFO] - 
[2024-12-31 23:07:17,895][flwr][INFO] - [ROUND 8]
[2024-12-31 23:07:17,897][flwr][INFO] - configure_fit: strategy sampled 2 clients (out of 10)
[2024-12-31 23:07:31,360][flwr][INFO] - aggregate_fit: received 2 results and 0 failures
[2024-12-31 23:07:35,538][flwr][INFO] - fit progress: (8, nan, {'accuracy': 0.098}, 154.43953341900487)
[2024-12-31 23:07:35,539][flwr][INFO] - configure_evaluate: strategy sampled 5 clients (out of 10)
[2024-12-31 23:07:36,286][flwr][INFO] - aggregate_evaluate: received 5 results and 0 failures
[2024-12-31 23:07:36,286][flwr][INFO] - 
[2024-12-31 23:07:36,286][flwr][INFO] - [ROUND 9]
[2024-12-31 23:07:36,289][flwr][INFO] - configure_fit: strategy sampled 2 clients (out of 10)
[2024-12-31 23:07:49,423][flwr][INFO] - aggregate_fit: received 2 results and 0 failures
[2024-12-31 23:07:53,234][flwr][INFO] - fit progress: (9, nan, {'accuracy': 0.098}, 172.13519441799872)
[2024-12-31 23:07:53,234][flwr][INFO] - configure_evaluate: strategy sampled 5 clients (out of 10)
[2024-12-31 23:07:53,964][flwr][INFO] - aggregate_evaluate: received 5 results and 0 failures
[2024-12-31 23:07:53,965][flwr][INFO] - 
[2024-12-31 23:07:53,965][flwr][INFO] - [ROUND 10]
[2024-12-31 23:07:53,968][flwr][INFO] - configure_fit: strategy sampled 2 clients (out of 10)
[2024-12-31 23:08:06,965][flwr][INFO] - aggregate_fit: received 2 results and 0 failures
[2024-12-31 23:08:10,668][flwr][INFO] - fit progress: (10, nan, {'accuracy': 0.098}, 189.569014394001)
[2024-12-31 23:08:10,668][flwr][INFO] - configure_evaluate: strategy sampled 5 clients (out of 10)
[2024-12-31 23:08:11,518][flwr][INFO] - aggregate_evaluate: received 5 results and 0 failures
[2024-12-31 23:08:11,518][flwr][INFO] - 
[2024-12-31 23:08:11,519][flwr][INFO] - [SUMMARY]
[2024-12-31 23:08:11,519][flwr][INFO] - Run finished 10 round(s) in 190.42s
[2024-12-31 23:08:11,519][flwr][INFO] - 	History (loss, distributed):
[2024-12-31 23:08:11,519][flwr][INFO] - 		round 1: 87.68009753227234
[2024-12-31 23:08:11,520][flwr][INFO] - 		round 2: 87.7167308807373
[2024-12-31 23:08:11,520][flwr][INFO] - 		round 3: 87.75000963211059
[2024-12-31 23:08:11,520][flwr][INFO] - 		round 4: 87.68173022270203
[2024-12-31 23:08:11,520][flwr][INFO] - 		round 5: nan
[2024-12-31 23:08:11,520][flwr][INFO] - 		round 6: nan
[2024-12-31 23:08:11,520][flwr][INFO] - 		round 7: nan
[2024-12-31 23:08:11,520][flwr][INFO] - 		round 8: nan
[2024-12-31 23:08:11,520][flwr][INFO] - 		round 9: nan
[2024-12-31 23:08:11,520][flwr][INFO] - 		round 10: nan
[2024-12-31 23:08:11,520][flwr][INFO] - 	History (loss, centralized):
[2024-12-31 23:08:11,521][flwr][INFO] - 		round 0: 182.08714938163757
[2024-12-31 23:08:11,521][flwr][INFO] - 		round 1: 182.21382236480713
[2024-12-31 23:08:11,521][flwr][INFO] - 		round 2: 182.18916583061218
[2024-12-31 23:08:11,521][flwr][INFO] - 		round 3: 182.18916583061218
[2024-12-31 23:08:11,521][flwr][INFO] - 		round 4: 182.18588876724243
[2024-12-31 23:08:11,521][flwr][INFO] - 		round 5: nan
[2024-12-31 23:08:11,521][flwr][INFO] - 		round 6: nan
[2024-12-31 23:08:11,521][flwr][INFO] - 		round 7: nan
[2024-12-31 23:08:11,521][flwr][INFO] - 		round 8: nan
[2024-12-31 23:08:11,521][flwr][INFO] - 		round 9: nan
[2024-12-31 23:08:11,522][flwr][INFO] - 		round 10: nan
[2024-12-31 23:08:11,522][flwr][INFO] - 	History (metrics, centralized):
[2024-12-31 23:08:11,522][flwr][INFO] - 	{'accuracy': [(0, 0.0965),
[2024-12-31 23:08:11,522][flwr][INFO] - 	              (1, 0.1078),
[2024-12-31 23:08:11,522][flwr][INFO] - 	              (2, 0.1009),
[2024-12-31 23:08:11,522][flwr][INFO] - 	              (3, 0.1009),
[2024-12-31 23:08:11,522][flwr][INFO] - 	              (4, 0.1009),
[2024-12-31 23:08:11,522][flwr][INFO] - 	              (5, 0.098),
[2024-12-31 23:08:11,522][flwr][INFO] - 	              (6, 0.098),
[2024-12-31 23:08:11,523][flwr][INFO] - 	              (7, 0.098),
[2024-12-31 23:08:11,523][flwr][INFO] - 	              (8, 0.098),
[2024-12-31 23:08:11,523][flwr][INFO] - 	              (9, 0.098),
[2024-12-31 23:08:11,523][flwr][INFO] - 	              (10, 0.098)]}
[2024-12-31 23:08:11,523][flwr][INFO] - 
