[2025-01-07 17:20:43,709][flwr][INFO] - Starting Flower simulation, config: num_rounds=10, no round_timeout
[2025-01-07 17:20:47,172][flwr][INFO] - Flower VCE: Ray initialized with resources: {'CPU': 12.0, 'node:192.168.1.11': 1.0, 'node:__internal_head__': 1.0, 'object_store_memory': 3118044364.0, 'memory': 6236088731.0}
[2025-01-07 17:20:47,172][flwr][INFO] - Optimize your simulation with Flower VCE: https://flower.ai/docs/framework/how-to-run-simulations.html
[2025-01-07 17:20:47,172][flwr][INFO] - Flower VCE: Resources for each Virtual Client: {'num_cpus': 2, 'num_gpus': 0}
[2025-01-07 17:20:47,178][flwr][INFO] - Flower VCE: Creating VirtualClientEngineActorPool with 6 actors
[2025-01-07 17:20:47,178][flwr][INFO] - [INIT]
[2025-01-07 17:20:47,178][flwr][INFO] - Requesting initial parameters from one random client
[2025-01-07 17:20:49,877][flwr][INFO] - Received initial parameters from one random client
[2025-01-07 17:20:49,878][flwr][INFO] - Starting evaluation of initial global parameters
[2025-01-07 17:20:51,502][flwr][INFO] - initial parameters (loss, other metrics): 181.84432911872864, {'accuracy': 0.1335}
[2025-01-07 17:20:51,502][flwr][INFO] - 
[2025-01-07 17:20:51,502][flwr][INFO] - [ROUND 1]
[2025-01-07 17:20:51,503][flwr][INFO] - configure_fit: strategy sampled 2 clients (out of 10)
[2025-01-07 17:21:01,150][flwr][INFO] - aggregate_fit: received 2 results and 0 failures
[2025-01-07 17:21:01,154][flwr][WARNING] - No fit_metrics_aggregation_fn provided
[2025-01-07 17:21:02,694][flwr][INFO] - fit progress: (1, 182.1139702796936, {'accuracy': 0.1028}, 11.191699401002552)
[2025-01-07 17:21:02,694][flwr][INFO] - configure_evaluate: strategy sampled 5 clients (out of 10)
[2025-01-07 17:21:06,471][flwr][INFO] - aggregate_evaluate: received 5 results and 0 failures
[2025-01-07 17:21:06,471][flwr][WARNING] - No evaluate_metrics_aggregation_fn provided
[2025-01-07 17:21:06,471][flwr][INFO] - 
[2025-01-07 17:21:06,471][flwr][INFO] - [ROUND 2]
[2025-01-07 17:21:06,471][flwr][INFO] - configure_fit: strategy sampled 2 clients (out of 10)
[2025-01-07 17:21:13,432][flwr][INFO] - aggregate_fit: received 2 results and 0 failures
[2025-01-07 17:21:15,066][flwr][INFO] - fit progress: (2, 181.9750189781189, {'accuracy': 0.1135}, 23.563891978003085)
[2025-01-07 17:21:15,067][flwr][INFO] - configure_evaluate: strategy sampled 5 clients (out of 10)
[2025-01-07 17:21:15,816][flwr][INFO] - aggregate_evaluate: received 5 results and 0 failures
[2025-01-07 17:21:15,817][flwr][INFO] - 
[2025-01-07 17:21:15,817][flwr][INFO] - [ROUND 3]
[2025-01-07 17:21:15,817][flwr][INFO] - configure_fit: strategy sampled 2 clients (out of 10)
[2025-01-07 17:21:22,918][flwr][INFO] - aggregate_fit: received 2 results and 0 failures
[2025-01-07 17:21:24,496][flwr][INFO] - fit progress: (3, 182.06447434425354, {'accuracy': 0.101}, 32.99378490500385)
[2025-01-07 17:21:24,496][flwr][INFO] - configure_evaluate: strategy sampled 5 clients (out of 10)
[2025-01-07 17:21:25,264][flwr][INFO] - aggregate_evaluate: received 5 results and 0 failures
[2025-01-07 17:21:25,265][flwr][INFO] - 
[2025-01-07 17:21:25,265][flwr][INFO] - [ROUND 4]
[2025-01-07 17:21:25,265][flwr][INFO] - configure_fit: strategy sampled 2 clients (out of 10)
[2025-01-07 17:21:32,603][flwr][INFO] - aggregate_fit: received 2 results and 0 failures
[2025-01-07 17:21:33,938][flwr][INFO] - fit progress: (4, 182.15955352783203, {'accuracy': 0.1028}, 42.43602203000046)
[2025-01-07 17:21:33,939][flwr][INFO] - configure_evaluate: strategy sampled 5 clients (out of 10)
[2025-01-07 17:21:34,716][flwr][INFO] - aggregate_evaluate: received 5 results and 0 failures
[2025-01-07 17:21:34,716][flwr][INFO] - 
[2025-01-07 17:21:34,716][flwr][INFO] - [ROUND 5]
[2025-01-07 17:21:34,716][flwr][INFO] - configure_fit: strategy sampled 2 clients (out of 10)
[2025-01-07 17:21:41,882][flwr][INFO] - aggregate_fit: received 2 results and 0 failures
[2025-01-07 17:21:43,106][flwr][INFO] - fit progress: (5, 181.8669776916504, {'accuracy': 0.1135}, 51.603415401004895)
[2025-01-07 17:21:43,106][flwr][INFO] - configure_evaluate: strategy sampled 5 clients (out of 10)
[2025-01-07 17:21:43,906][flwr][INFO] - aggregate_evaluate: received 5 results and 0 failures
[2025-01-07 17:21:43,907][flwr][INFO] - 
[2025-01-07 17:21:43,907][flwr][INFO] - [ROUND 6]
[2025-01-07 17:21:43,907][flwr][INFO] - configure_fit: strategy sampled 2 clients (out of 10)
[2025-01-07 17:21:51,090][flwr][INFO] - aggregate_fit: received 2 results and 0 failures
[2025-01-07 17:21:52,282][flwr][INFO] - fit progress: (6, 182.19012212753296, {'accuracy': 0.101}, 60.77986778200284)
[2025-01-07 17:21:52,282][flwr][INFO] - configure_evaluate: strategy sampled 5 clients (out of 10)
[2025-01-07 17:21:53,076][flwr][INFO] - aggregate_evaluate: received 5 results and 0 failures
[2025-01-07 17:21:53,076][flwr][INFO] - 
[2025-01-07 17:21:53,076][flwr][INFO] - [ROUND 7]
[2025-01-07 17:21:53,077][flwr][INFO] - configure_fit: strategy sampled 2 clients (out of 10)
[2025-01-07 17:22:00,187][flwr][INFO] - aggregate_fit: received 2 results and 0 failures
[2025-01-07 17:22:01,400][flwr][INFO] - fit progress: (7, 181.97434282302856, {'accuracy': 0.1028}, 69.89731493400177)
[2025-01-07 17:22:01,400][flwr][INFO] - configure_evaluate: strategy sampled 5 clients (out of 10)
[2025-01-07 17:22:02,175][flwr][INFO] - aggregate_evaluate: received 5 results and 0 failures
[2025-01-07 17:22:02,176][flwr][INFO] - 
[2025-01-07 17:22:02,176][flwr][INFO] - [ROUND 8]
[2025-01-07 17:22:02,176][flwr][INFO] - configure_fit: strategy sampled 2 clients (out of 10)
[2025-01-07 17:22:09,322][flwr][INFO] - aggregate_fit: received 2 results and 0 failures
[2025-01-07 17:22:10,595][flwr][INFO] - fit progress: (8, 182.0692572593689, {'accuracy': 0.1028}, 79.09250111700385)
[2025-01-07 17:22:10,595][flwr][INFO] - configure_evaluate: strategy sampled 5 clients (out of 10)
[2025-01-07 17:22:11,375][flwr][INFO] - aggregate_evaluate: received 5 results and 0 failures
[2025-01-07 17:22:11,375][flwr][INFO] - 
[2025-01-07 17:22:11,375][flwr][INFO] - [ROUND 9]
[2025-01-07 17:22:11,376][flwr][INFO] - configure_fit: strategy sampled 2 clients (out of 10)
[2025-01-07 17:22:18,432][flwr][INFO] - aggregate_fit: received 2 results and 0 failures
[2025-01-07 17:22:20,005][flwr][INFO] - fit progress: (9, 182.15282940864563, {'accuracy': 0.1135}, 88.50316964800004)
[2025-01-07 17:22:20,006][flwr][INFO] - configure_evaluate: strategy sampled 5 clients (out of 10)
[2025-01-07 17:22:20,912][flwr][INFO] - aggregate_evaluate: received 5 results and 0 failures
[2025-01-07 17:22:20,912][flwr][INFO] - 
[2025-01-07 17:22:20,912][flwr][INFO] - [ROUND 10]
[2025-01-07 17:22:20,913][flwr][INFO] - configure_fit: strategy sampled 2 clients (out of 10)
[2025-01-07 17:22:28,185][flwr][INFO] - aggregate_fit: received 2 results and 0 failures
[2025-01-07 17:22:29,727][flwr][INFO] - fit progress: (10, 182.08811855316162, {'accuracy': 0.098}, 98.22435631900589)
[2025-01-07 17:22:29,727][flwr][INFO] - configure_evaluate: strategy sampled 5 clients (out of 10)
[2025-01-07 17:22:30,562][flwr][INFO] - aggregate_evaluate: received 5 results and 0 failures
[2025-01-07 17:22:30,562][flwr][INFO] - 
[2025-01-07 17:22:30,562][flwr][INFO] - [SUMMARY]
[2025-01-07 17:22:30,562][flwr][INFO] - Run finished 10 round(s) in 99.06s
[2025-01-07 17:22:30,563][flwr][INFO] - 	History (loss, distributed):
[2025-01-07 17:22:30,563][flwr][INFO] - 		round 1: 87.71540141105652
[2025-01-07 17:22:30,563][flwr][INFO] - 		round 2: 87.51837329864502
[2025-01-07 17:22:30,563][flwr][INFO] - 		round 3: 87.54959697723389
[2025-01-07 17:22:30,563][flwr][INFO] - 		round 4: 87.65360460281372
[2025-01-07 17:22:30,563][flwr][INFO] - 		round 5: 87.49250025749207
[2025-01-07 17:22:30,563][flwr][INFO] - 		round 6: 87.57452321052551
[2025-01-07 17:22:30,563][flwr][INFO] - 		round 7: 87.49535222053528
[2025-01-07 17:22:30,563][flwr][INFO] - 		round 8: 87.4941333770752
[2025-01-07 17:22:30,563][flwr][INFO] - 		round 9: 87.66326427459717
[2025-01-07 17:22:30,563][flwr][INFO] - 		round 10: 87.60060448646546
[2025-01-07 17:22:30,563][flwr][INFO] - 	History (loss, centralized):
[2025-01-07 17:22:30,563][flwr][INFO] - 		round 0: 181.84432911872864
[2025-01-07 17:22:30,563][flwr][INFO] - 		round 1: 182.1139702796936
[2025-01-07 17:22:30,563][flwr][INFO] - 		round 2: 181.9750189781189
[2025-01-07 17:22:30,563][flwr][INFO] - 		round 3: 182.06447434425354
[2025-01-07 17:22:30,564][flwr][INFO] - 		round 4: 182.15955352783203
[2025-01-07 17:22:30,564][flwr][INFO] - 		round 5: 181.8669776916504
[2025-01-07 17:22:30,564][flwr][INFO] - 		round 6: 182.19012212753296
[2025-01-07 17:22:30,564][flwr][INFO] - 		round 7: 181.97434282302856
[2025-01-07 17:22:30,564][flwr][INFO] - 		round 8: 182.0692572593689
[2025-01-07 17:22:30,564][flwr][INFO] - 		round 9: 182.15282940864563
[2025-01-07 17:22:30,564][flwr][INFO] - 		round 10: 182.08811855316162
[2025-01-07 17:22:30,564][flwr][INFO] - 	History (metrics, centralized):
[2025-01-07 17:22:30,564][flwr][INFO] - 	{'accuracy': [(0, 0.1335),
[2025-01-07 17:22:30,564][flwr][INFO] - 	              (1, 0.1028),
[2025-01-07 17:22:30,564][flwr][INFO] - 	              (2, 0.1135),
[2025-01-07 17:22:30,564][flwr][INFO] - 	              (3, 0.101),
[2025-01-07 17:22:30,564][flwr][INFO] - 	              (4, 0.1028),
[2025-01-07 17:22:30,564][flwr][INFO] - 	              (5, 0.1135),
[2025-01-07 17:22:30,564][flwr][INFO] - 	              (6, 0.101),
[2025-01-07 17:22:30,564][flwr][INFO] - 	              (7, 0.1028),
[2025-01-07 17:22:30,564][flwr][INFO] - 	              (8, 0.1028),
[2025-01-07 17:22:30,564][flwr][INFO] - 	              (9, 0.1135),
[2025-01-07 17:22:30,564][flwr][INFO] - 	              (10, 0.098)]}
[2025-01-07 17:22:30,564][flwr][INFO] - 
