[2024-12-31 14:06:45,258][flwr][INFO] - Starting Flower simulation, config: num_rounds=10, no round_timeout
[2024-12-31 14:06:49,490][flwr][INFO] - Flower VCE: Ray initialized with resources: {'node:__internal_head__': 1.0, 'node:192.168.1.11': 1.0, 'CPU': 12.0, 'object_store_memory': 3168113049.0, 'memory': 6336226100.0}
[2024-12-31 14:06:49,490][flwr][INFO] - Optimize your simulation with Flower VCE: https://flower.ai/docs/framework/how-to-run-simulations.html
[2024-12-31 14:06:49,490][flwr][INFO] - Flower VCE: Resources for each Virtual Client: {'num_cpus': 2, 'num_gpus': 0}
[2024-12-31 14:06:49,496][flwr][INFO] - Flower VCE: Creating VirtualClientEngineActorPool with 6 actors
[2024-12-31 14:06:49,496][flwr][INFO] - [INIT]
[2024-12-31 14:06:49,496][flwr][INFO] - Using initial global parameters provided by strategy
[2024-12-31 14:06:49,496][flwr][INFO] - Starting evaluation of initial global parameters
[2024-12-31 14:06:51,818][flwr][INFO] - initial parameters (loss, other metrics): 182.4577670097351, {'accuracy': 0.086}
[2024-12-31 14:06:51,819][flwr][INFO] - 
[2024-12-31 14:06:51,819][flwr][INFO] - [ROUND 1]
[2024-12-31 14:06:51,822][flwr][INFO] - configure_fit: strategy sampled 2 clients (out of 10)
[2024-12-31 14:07:02,066][flwr][INFO] - aggregate_fit: received 2 results and 0 failures
[2024-12-31 14:07:03,174][flwr][WARNING] - No fit_metrics_aggregation_fn provided
[2024-12-31 14:07:04,511][flwr][INFO] - fit progress: (1, 181.62249183654785, {'accuracy': 0.1559}, 12.692106598995451)
[2024-12-31 14:07:04,511][flwr][INFO] - configure_evaluate: strategy sampled 2 clients (out of 10)
[2024-12-31 14:07:04,887][flwr][INFO] - aggregate_evaluate: received 2 results and 0 failures
[2024-12-31 14:07:04,887][flwr][WARNING] - No evaluate_metrics_aggregation_fn provided
[2024-12-31 14:07:04,887][flwr][INFO] - 
[2024-12-31 14:07:04,887][flwr][INFO] - [ROUND 2]
[2024-12-31 14:07:04,890][flwr][INFO] - configure_fit: strategy sampled 2 clients (out of 10)
[2024-12-31 14:07:12,680][flwr][INFO] - aggregate_fit: received 2 results and 0 failures
[2024-12-31 14:07:15,377][flwr][INFO] - fit progress: (2, 179.41816973686218, {'accuracy': 0.1389}, 23.558023343997775)
[2024-12-31 14:07:15,377][flwr][INFO] - configure_evaluate: strategy sampled 2 clients (out of 10)
[2024-12-31 14:07:15,745][flwr][INFO] - aggregate_evaluate: received 2 results and 0 failures
[2024-12-31 14:07:15,745][flwr][INFO] - 
[2024-12-31 14:07:15,745][flwr][INFO] - [ROUND 3]
[2024-12-31 14:07:15,749][flwr][INFO] - configure_fit: strategy sampled 2 clients (out of 10)
[2024-12-31 14:07:24,047][flwr][INFO] - aggregate_fit: received 2 results and 0 failures
[2024-12-31 14:07:26,461][flwr][INFO] - fit progress: (3, 177.03226327896118, {'accuracy': 0.2216}, 34.642296301994065)
[2024-12-31 14:07:26,461][flwr][INFO] - configure_evaluate: strategy sampled 2 clients (out of 10)
[2024-12-31 14:07:26,799][flwr][INFO] - aggregate_evaluate: received 2 results and 0 failures
[2024-12-31 14:07:26,800][flwr][INFO] - 
[2024-12-31 14:07:26,800][flwr][INFO] - [ROUND 4]
[2024-12-31 14:07:26,802][flwr][INFO] - configure_fit: strategy sampled 2 clients (out of 10)
[2024-12-31 14:07:34,778][flwr][INFO] - aggregate_fit: received 2 results and 0 failures
[2024-12-31 14:07:37,415][flwr][INFO] - fit progress: (4, 166.3045711517334, {'accuracy': 0.5826}, 45.5959766379965)
[2024-12-31 14:07:37,415][flwr][INFO] - configure_evaluate: strategy sampled 2 clients (out of 10)
[2024-12-31 14:07:37,780][flwr][INFO] - aggregate_evaluate: received 2 results and 0 failures
[2024-12-31 14:07:37,780][flwr][INFO] - 
[2024-12-31 14:07:37,780][flwr][INFO] - [ROUND 5]
[2024-12-31 14:07:37,782][flwr][INFO] - configure_fit: strategy sampled 2 clients (out of 10)
[2024-12-31 14:07:45,920][flwr][INFO] - aggregate_fit: received 2 results and 0 failures
[2024-12-31 14:07:48,470][flwr][INFO] - fit progress: (5, 153.0593627691269, {'accuracy': 0.7667}, 56.65155785999377)
[2024-12-31 14:07:48,471][flwr][INFO] - configure_evaluate: strategy sampled 2 clients (out of 10)
[2024-12-31 14:07:48,832][flwr][INFO] - aggregate_evaluate: received 2 results and 0 failures
[2024-12-31 14:07:48,832][flwr][INFO] - 
[2024-12-31 14:07:48,832][flwr][INFO] - [ROUND 6]
[2024-12-31 14:07:48,835][flwr][INFO] - configure_fit: strategy sampled 2 clients (out of 10)
[2024-12-31 14:07:56,721][flwr][INFO] - aggregate_fit: received 2 results and 0 failures
[2024-12-31 14:07:59,226][flwr][INFO] - fit progress: (6, 113.41908037662506, {'accuracy': 0.9313}, 67.40683063399774)
[2024-12-31 14:07:59,226][flwr][INFO] - configure_evaluate: strategy sampled 2 clients (out of 10)
[2024-12-31 14:07:59,572][flwr][INFO] - aggregate_evaluate: received 2 results and 0 failures
[2024-12-31 14:07:59,572][flwr][INFO] - 
[2024-12-31 14:07:59,572][flwr][INFO] - [ROUND 7]
[2024-12-31 14:07:59,574][flwr][INFO] - configure_fit: strategy sampled 2 clients (out of 10)
[2024-12-31 14:08:07,356][flwr][INFO] - aggregate_fit: received 2 results and 0 failures
[2024-12-31 14:08:09,594][flwr][INFO] - fit progress: (7, 88.77074605226517, {'accuracy': 0.9517}, 77.77531037799781)
[2024-12-31 14:08:09,594][flwr][INFO] - configure_evaluate: strategy sampled 2 clients (out of 10)
[2024-12-31 14:08:09,967][flwr][INFO] - aggregate_evaluate: received 2 results and 0 failures
[2024-12-31 14:08:09,967][flwr][INFO] - 
[2024-12-31 14:08:09,967][flwr][INFO] - [ROUND 8]
[2024-12-31 14:08:09,969][flwr][INFO] - configure_fit: strategy sampled 2 clients (out of 10)
[2024-12-31 14:08:17,849][flwr][INFO] - aggregate_fit: received 2 results and 0 failures
[2024-12-31 14:08:20,442][flwr][INFO] - fit progress: (8, 66.53364717960358, {'accuracy': 0.963}, 88.62360707499465)
[2024-12-31 14:08:20,443][flwr][INFO] - configure_evaluate: strategy sampled 2 clients (out of 10)
[2024-12-31 14:08:20,805][flwr][INFO] - aggregate_evaluate: received 2 results and 0 failures
[2024-12-31 14:08:20,805][flwr][INFO] - 
[2024-12-31 14:08:20,805][flwr][INFO] - [ROUND 9]
[2024-12-31 14:08:20,808][flwr][INFO] - configure_fit: strategy sampled 2 clients (out of 10)
[2024-12-31 14:08:28,886][flwr][INFO] - aggregate_fit: received 2 results and 0 failures
[2024-12-31 14:08:31,540][flwr][INFO] - fit progress: (9, 48.449050545692444, {'accuracy': 0.9683}, 99.72157256599894)
[2024-12-31 14:08:31,541][flwr][INFO] - configure_evaluate: strategy sampled 2 clients (out of 10)
[2024-12-31 14:08:31,894][flwr][INFO] - aggregate_evaluate: received 2 results and 0 failures
[2024-12-31 14:08:31,894][flwr][INFO] - 
[2024-12-31 14:08:31,894][flwr][INFO] - [ROUND 10]
[2024-12-31 14:08:31,896][flwr][INFO] - configure_fit: strategy sampled 2 clients (out of 10)
[2024-12-31 14:08:39,717][flwr][INFO] - aggregate_fit: received 2 results and 0 failures
[2024-12-31 14:08:42,433][flwr][INFO] - fit progress: (10, 32.23427054286003, {'accuracy': 0.9739}, 110.61380594099319)
[2024-12-31 14:08:42,433][flwr][INFO] - configure_evaluate: strategy sampled 2 clients (out of 10)
[2024-12-31 14:08:42,785][flwr][INFO] - aggregate_evaluate: received 2 results and 0 failures
[2024-12-31 14:08:42,786][flwr][INFO] - 
[2024-12-31 14:08:42,786][flwr][INFO] - [SUMMARY]
[2024-12-31 14:08:42,786][flwr][INFO] - Run finished 10 round(s) in 110.97s
[2024-12-31 14:08:42,786][flwr][INFO] - 	History (loss, distributed):
[2024-12-31 14:08:42,786][flwr][INFO] - 		round 1: 43.710182189941406
[2024-12-31 14:08:42,787][flwr][INFO] - 		round 2: 43.18282508850098
[2024-12-31 14:08:42,787][flwr][INFO] - 		round 3: 42.55939817428589
[2024-12-31 14:08:42,787][flwr][INFO] - 		round 4: 40.056188344955444
[2024-12-31 14:08:42,787][flwr][INFO] - 		round 5: 36.92788380384445
[2024-12-31 14:08:42,787][flwr][INFO] - 		round 6: 27.6577085852623
[2024-12-31 14:08:42,787][flwr][INFO] - 		round 7: 21.753177493810654
[2024-12-31 14:08:42,787][flwr][INFO] - 		round 8: 16.600351572036743
[2024-12-31 14:08:42,787][flwr][INFO] - 		round 9: 11.266299188137054
[2024-12-31 14:08:42,787][flwr][INFO] - 		round 10: 7.649992547929287
[2024-12-31 14:08:42,787][flwr][INFO] - 	History (loss, centralized):
[2024-12-31 14:08:42,787][flwr][INFO] - 		round 0: 182.4577670097351
[2024-12-31 14:08:42,787][flwr][INFO] - 		round 1: 181.62249183654785
[2024-12-31 14:08:42,787][flwr][INFO] - 		round 2: 179.41816973686218
[2024-12-31 14:08:42,788][flwr][INFO] - 		round 3: 177.03226327896118
[2024-12-31 14:08:42,788][flwr][INFO] - 		round 4: 166.3045711517334
[2024-12-31 14:08:42,788][flwr][INFO] - 		round 5: 153.0593627691269
[2024-12-31 14:08:42,788][flwr][INFO] - 		round 6: 113.41908037662506
[2024-12-31 14:08:42,788][flwr][INFO] - 		round 7: 88.77074605226517
[2024-12-31 14:08:42,788][flwr][INFO] - 		round 8: 66.53364717960358
[2024-12-31 14:08:42,788][flwr][INFO] - 		round 9: 48.449050545692444
[2024-12-31 14:08:42,788][flwr][INFO] - 		round 10: 32.23427054286003
[2024-12-31 14:08:42,788][flwr][INFO] - 	History (metrics, centralized):
[2024-12-31 14:08:42,788][flwr][INFO] - 	{'accuracy': [(0, 0.086),
[2024-12-31 14:08:42,788][flwr][INFO] - 	              (1, 0.1559),
[2024-12-31 14:08:42,788][flwr][INFO] - 	              (2, 0.1389),
[2024-12-31 14:08:42,789][flwr][INFO] - 	              (3, 0.2216),
[2024-12-31 14:08:42,789][flwr][INFO] - 	              (4, 0.5826),
[2024-12-31 14:08:42,789][flwr][INFO] - 	              (5, 0.7667),
[2024-12-31 14:08:42,789][flwr][INFO] - 	              (6, 0.9313),
[2024-12-31 14:08:42,789][flwr][INFO] - 	              (7, 0.9517),
[2024-12-31 14:08:42,789][flwr][INFO] - 	              (8, 0.963),
[2024-12-31 14:08:42,789][flwr][INFO] - 	              (9, 0.9683),
[2024-12-31 14:08:42,789][flwr][INFO] - 	              (10, 0.9739)]}
[2024-12-31 14:08:42,789][flwr][INFO] - 
