[2024-12-30 23:48:06,758][flwr][INFO] - Starting Flower simulation, config: num_rounds=10, no round_timeout
[2024-12-30 23:48:10,205][flwr][INFO] - Flower VCE: Ray initialized with resources: {'node:192.168.1.11': 1.0, 'CPU': 12.0, 'node:__internal_head__': 1.0, 'object_store_memory': 3012136550.0, 'memory': 6024273102.0}
[2024-12-30 23:48:10,205][flwr][INFO] - Optimize your simulation with Flower VCE: https://flower.ai/docs/framework/how-to-run-simulations.html
[2024-12-30 23:48:10,205][flwr][INFO] - Flower VCE: Resources for each Virtual Client: {'num_cpus': 2, 'num_gpus': 0}
[2024-12-30 23:48:10,212][flwr][INFO] - Flower VCE: Creating VirtualClientEngineActorPool with 6 actors
[2024-12-30 23:48:10,212][flwr][INFO] - [INIT]
[2024-12-30 23:48:10,215][flwr][INFO] - Using initial global parameters provided by strategy
[2024-12-30 23:48:10,215][flwr][INFO] - Starting evaluation of initial global parameters
[2024-12-30 23:48:13,144][flwr][INFO] - initial parameters (loss, other metrics): 182.03500032424927, {'accuracy': 0.1025}
[2024-12-30 23:48:13,144][flwr][INFO] - 
[2024-12-30 23:48:13,144][flwr][INFO] - [ROUND 1]
[2024-12-30 23:48:13,144][flwr][INFO] - configure_fit: strategy sampled 2 clients (out of 10)
[2024-12-30 23:48:24,374][flwr][INFO] - aggregate_fit: received 2 results and 0 failures
[2024-12-30 23:48:24,380][flwr][WARNING] - No fit_metrics_aggregation_fn provided
[2024-12-30 23:48:26,198][flwr][INFO] - fit progress: (1, 114.23787689208984, {'accuracy': 0.7464}, 13.054364482002711)
[2024-12-30 23:48:26,199][flwr][INFO] - configure_evaluate: strategy sampled 5 clients (out of 10)
[2024-12-30 23:48:29,950][flwr][INFO] - aggregate_evaluate: received 5 results and 0 failures
[2024-12-30 23:48:29,950][flwr][WARNING] - No evaluate_metrics_aggregation_fn provided
[2024-12-30 23:48:29,950][flwr][INFO] - 
[2024-12-30 23:48:29,950][flwr][INFO] - [ROUND 2]
[2024-12-30 23:48:29,951][flwr][INFO] - configure_fit: strategy sampled 2 clients (out of 10)
[2024-12-30 23:48:38,774][flwr][INFO] - aggregate_fit: received 2 results and 0 failures
[2024-12-30 23:48:40,602][flwr][INFO] - fit progress: (2, 61.448072485625744, {'accuracy': 0.808}, 27.4579143330011)
[2024-12-30 23:48:40,602][flwr][INFO] - configure_evaluate: strategy sampled 5 clients (out of 10)
[2024-12-30 23:48:41,313][flwr][INFO] - aggregate_evaluate: received 5 results and 0 failures
[2024-12-30 23:48:41,314][flwr][INFO] - 
[2024-12-30 23:48:41,314][flwr][INFO] - [ROUND 3]
[2024-12-30 23:48:41,314][flwr][INFO] - configure_fit: strategy sampled 2 clients (out of 10)
[2024-12-30 23:48:50,167][flwr][INFO] - aggregate_fit: received 2 results and 0 failures
[2024-12-30 23:48:51,763][flwr][INFO] - fit progress: (3, 17.090870677959174, {'accuracy': 0.9565}, 38.619590049002)
[2024-12-30 23:48:51,764][flwr][INFO] - configure_evaluate: strategy sampled 5 clients (out of 10)
[2024-12-30 23:48:52,526][flwr][INFO] - aggregate_evaluate: received 5 results and 0 failures
[2024-12-30 23:48:52,527][flwr][INFO] - 
[2024-12-30 23:48:52,527][flwr][INFO] - [ROUND 4]
[2024-12-30 23:48:52,527][flwr][INFO] - configure_fit: strategy sampled 2 clients (out of 10)
[2024-12-30 23:49:01,299][flwr][INFO] - aggregate_fit: received 2 results and 0 failures
[2024-12-30 23:49:02,627][flwr][INFO] - fit progress: (4, 16.796044449321926, {'accuracy': 0.953}, 49.483231033002085)
[2024-12-30 23:49:02,627][flwr][INFO] - configure_evaluate: strategy sampled 5 clients (out of 10)
[2024-12-30 23:49:03,376][flwr][INFO] - aggregate_evaluate: received 5 results and 0 failures
[2024-12-30 23:49:03,376][flwr][INFO] - 
[2024-12-30 23:49:03,376][flwr][INFO] - [ROUND 5]
[2024-12-30 23:49:03,377][flwr][INFO] - configure_fit: strategy sampled 2 clients (out of 10)
[2024-12-30 23:49:12,367][flwr][INFO] - aggregate_fit: received 2 results and 0 failures
[2024-12-30 23:49:13,873][flwr][INFO] - fit progress: (5, 9.453692681447137, {'accuracy': 0.9733}, 60.72889778300305)
[2024-12-30 23:49:13,873][flwr][INFO] - configure_evaluate: strategy sampled 5 clients (out of 10)
[2024-12-30 23:49:14,600][flwr][INFO] - aggregate_evaluate: received 5 results and 0 failures
[2024-12-30 23:49:14,600][flwr][INFO] - 
[2024-12-30 23:49:14,600][flwr][INFO] - [ROUND 6]
[2024-12-30 23:49:14,601][flwr][INFO] - configure_fit: strategy sampled 2 clients (out of 10)
[2024-12-30 23:49:23,948][flwr][INFO] - aggregate_fit: received 2 results and 0 failures
[2024-12-30 23:49:25,611][flwr][INFO] - fit progress: (6, 9.94833805720009, {'accuracy': 0.9746}, 72.4673227610001)
[2024-12-30 23:49:25,612][flwr][INFO] - configure_evaluate: strategy sampled 5 clients (out of 10)
[2024-12-30 23:49:26,362][flwr][INFO] - aggregate_evaluate: received 5 results and 0 failures
[2024-12-30 23:49:26,362][flwr][INFO] - 
[2024-12-30 23:49:26,362][flwr][INFO] - [ROUND 7]
[2024-12-30 23:49:26,363][flwr][INFO] - configure_fit: strategy sampled 2 clients (out of 10)
[2024-12-30 23:49:35,270][flwr][INFO] - aggregate_fit: received 2 results and 0 failures
[2024-12-30 23:49:36,940][flwr][INFO] - fit progress: (7, 6.1667013113294615, {'accuracy': 0.982}, 83.79596825200133)
[2024-12-30 23:49:36,940][flwr][INFO] - configure_evaluate: strategy sampled 5 clients (out of 10)
[2024-12-30 23:49:37,658][flwr][INFO] - aggregate_evaluate: received 5 results and 0 failures
[2024-12-30 23:49:37,659][flwr][INFO] - 
[2024-12-30 23:49:37,659][flwr][INFO] - [ROUND 8]
[2024-12-30 23:49:37,659][flwr][INFO] - configure_fit: strategy sampled 2 clients (out of 10)
[2024-12-30 23:49:46,378][flwr][INFO] - aggregate_fit: received 2 results and 0 failures
[2024-12-30 23:49:47,987][flwr][INFO] - fit progress: (8, 6.302842372779423, {'accuracy': 0.9836}, 94.84312281800158)
[2024-12-30 23:49:47,987][flwr][INFO] - configure_evaluate: strategy sampled 5 clients (out of 10)
[2024-12-30 23:49:48,737][flwr][INFO] - aggregate_evaluate: received 5 results and 0 failures
[2024-12-30 23:49:48,737][flwr][INFO] - 
[2024-12-30 23:49:48,737][flwr][INFO] - [ROUND 9]
[2024-12-30 23:49:48,738][flwr][INFO] - configure_fit: strategy sampled 2 clients (out of 10)
[2024-12-30 23:49:57,581][flwr][INFO] - aggregate_fit: received 2 results and 0 failures
[2024-12-30 23:49:59,500][flwr][INFO] - fit progress: (9, 5.779979298367778, {'accuracy': 0.9848}, 106.35640051900191)
[2024-12-30 23:49:59,501][flwr][INFO] - configure_evaluate: strategy sampled 5 clients (out of 10)
[2024-12-30 23:50:00,309][flwr][INFO] - aggregate_evaluate: received 5 results and 0 failures
[2024-12-30 23:50:00,310][flwr][INFO] - 
[2024-12-30 23:50:00,310][flwr][INFO] - [ROUND 10]
[2024-12-30 23:50:00,310][flwr][INFO] - configure_fit: strategy sampled 2 clients (out of 10)
[2024-12-30 23:50:09,157][flwr][INFO] - aggregate_fit: received 2 results and 0 failures
[2024-12-30 23:50:10,596][flwr][INFO] - fit progress: (10, 6.344014831257255, {'accuracy': 0.9831}, 117.45179264900071)
[2024-12-30 23:50:10,596][flwr][INFO] - configure_evaluate: strategy sampled 5 clients (out of 10)
[2024-12-30 23:50:11,354][flwr][INFO] - aggregate_evaluate: received 5 results and 0 failures
[2024-12-30 23:50:11,355][flwr][INFO] - 
[2024-12-30 23:50:11,355][flwr][INFO] - [SUMMARY]
[2024-12-30 23:50:11,355][flwr][INFO] - Run finished 10 round(s) in 118.21s
[2024-12-30 23:50:11,356][flwr][INFO] - 	History (loss, distributed):
[2024-12-30 23:50:11,356][flwr][INFO] - 		round 1: 28.399113976955412
[2024-12-30 23:50:11,356][flwr][INFO] - 		round 2: 14.618056800961494
[2024-12-30 23:50:11,356][flwr][INFO] - 		round 3: 5.437844421009368
[2024-12-30 23:50:11,356][flwr][INFO] - 		round 4: 3.9684352286625653
[2024-12-30 23:50:11,356][flwr][INFO] - 		round 5: 3.5275008046352014
[2024-12-30 23:50:11,356][flwr][INFO] - 		round 6: 2.0107706822440377
[2024-12-30 23:50:11,356][flwr][INFO] - 		round 7: 2.8048775787034517
[2024-12-30 23:50:11,356][flwr][INFO] - 		round 8: 2.0130171294051586
[2024-12-30 23:50:11,356][flwr][INFO] - 		round 9: 1.9836680991030504
[2024-12-30 23:50:11,357][flwr][INFO] - 		round 10: 2.036034106322404
[2024-12-30 23:50:11,357][flwr][INFO] - 	History (loss, centralized):
[2024-12-30 23:50:11,357][flwr][INFO] - 		round 0: 182.03500032424927
[2024-12-30 23:50:11,357][flwr][INFO] - 		round 1: 114.23787689208984
[2024-12-30 23:50:11,357][flwr][INFO] - 		round 2: 61.448072485625744
[2024-12-30 23:50:11,357][flwr][INFO] - 		round 3: 17.090870677959174
[2024-12-30 23:50:11,357][flwr][INFO] - 		round 4: 16.796044449321926
[2024-12-30 23:50:11,357][flwr][INFO] - 		round 5: 9.453692681447137
[2024-12-30 23:50:11,357][flwr][INFO] - 		round 6: 9.94833805720009
[2024-12-30 23:50:11,357][flwr][INFO] - 		round 7: 6.1667013113294615
[2024-12-30 23:50:11,357][flwr][INFO] - 		round 8: 6.302842372779423
[2024-12-30 23:50:11,357][flwr][INFO] - 		round 9: 5.779979298367778
[2024-12-30 23:50:11,357][flwr][INFO] - 		round 10: 6.344014831257255
[2024-12-30 23:50:11,357][flwr][INFO] - 	History (metrics, centralized):
[2024-12-30 23:50:11,357][flwr][INFO] - 	{'accuracy': [(0, 0.1025),
[2024-12-30 23:50:11,357][flwr][INFO] - 	              (1, 0.7464),
[2024-12-30 23:50:11,357][flwr][INFO] - 	              (2, 0.808),
[2024-12-30 23:50:11,357][flwr][INFO] - 	              (3, 0.9565),
[2024-12-30 23:50:11,358][flwr][INFO] - 	              (4, 0.953),
[2024-12-30 23:50:11,358][flwr][INFO] - 	              (5, 0.9733),
[2024-12-30 23:50:11,358][flwr][INFO] - 	              (6, 0.9746),
[2024-12-30 23:50:11,358][flwr][INFO] - 	              (7, 0.982),
[2024-12-30 23:50:11,358][flwr][INFO] - 	              (8, 0.9836),
[2024-12-30 23:50:11,358][flwr][INFO] - 	              (9, 0.9848),
[2024-12-30 23:50:11,358][flwr][INFO] - 	              (10, 0.9831)]}
[2024-12-30 23:50:11,358][flwr][INFO] - 
